[15:20:50] This is prokka 1.14-dev
[15:20:50] Written by Torsten Seemann <torsten.seemann@gmail.com>
[15:20:50] Homepage is https://github.com/tseemann/prokka
[15:20:50] Local time is Tue Oct  9 15:20:50 2018
[15:20:50] You are christian
[15:20:50] Operating system is linux
[15:20:50] You have BioPerl 1.007002
[15:20:50] System has 20 cores.
[15:20:50] Will use maximum of 20 cores.
[15:20:50] Annotating as >>> Bacteria <<<
[15:20:50] Generating locus_tag from 'plasmid_files_fasta/CP025148.1.fasta' contents.
[15:20:50] Setting --locustag ANINJONL from MD5 a7273875aeaab2b216de46ee77f908bb
[15:20:50] Creating new output folder: plasmid_files_fasta/CP025148.1_results
[15:20:50] Running: mkdir -p plasmid_files_fasta\/CP025148\.1_results
[15:20:50] Using filename prefix: PROKKA_10092018.XXX
[15:20:50] Setting HMMER_NCPU=1
[15:20:50] Writing log to: plasmid_files_fasta/CP025148.1_results/PROKKA_10092018.log
[15:20:50] Command: /home/christian/install/prokka/bin/prokka plasmid_files_fasta/CP025148.1.fasta --outdir plasmid_files_fasta/CP025148.1_results --cpus 20 --force
[15:20:50] Appending to PATH: /home/christian/install/prokka/bin/../binaries/linux
[15:20:50] Appending to PATH: /home/christian/install/prokka/bin/../binaries/linux/../common
[15:20:50] Appending to PATH: /home/christian/install/prokka/bin
[15:20:50] Looking for 'aragorn' - found /home/christian/install/prokka/bin/../binaries/linux/aragorn
[15:20:50] Determined aragorn version is 1.2
[15:20:50] Looking for 'blastp' - found /usr/bin/blastp
[15:20:50] Determined blastp version is 2.2
[15:20:50] Looking for 'cmpress' - found /usr/local/bin/cmpress
[15:20:50] Determined cmpress version is 1.1
[15:20:50] Looking for 'cmscan' - found /usr/local/bin/cmscan
[15:20:50] Determined cmscan version is 1.1
[15:20:50] Looking for 'egrep' - found /bin/egrep
[15:20:50] Looking for 'find' - found /usr/bin/find
[15:20:50] Looking for 'grep' - found /bin/grep
[15:20:50] Looking for 'hmmpress' - found /usr/local/bin/hmmpress
[15:20:50] Determined hmmpress version is 3.1
[15:20:50] Looking for 'hmmscan' - found /usr/local/bin/hmmscan
[15:20:50] Determined hmmscan version is 3.1
[15:20:50] Looking for 'java' - found /usr/bin/java
[15:20:50] Looking for 'less' - found /usr/bin/less
[15:20:50] Looking for 'makeblastdb' - found /usr/bin/makeblastdb
[15:20:50] Determined makeblastdb version is 2.2
[15:20:50] Looking for 'minced' - found /home/christian/install/prokka/bin/../binaries/linux/../common/minced
[15:20:50] Determined minced version is 2.0
[15:20:50] Looking for 'parallel' - found /usr/bin/parallel
[15:20:51] Determined parallel version is 20141022
[15:20:51] Looking for 'prodigal' - found /usr/local/bin/prodigal
[15:20:51] Determined prodigal version is 2.6
[15:20:51] Looking for 'prokka-genbank_to_fasta_db' - found /home/christian/install/prokka/bin/prokka-genbank_to_fasta_db
[15:20:51] Looking for 'sed' - found /bin/sed
[15:20:51] Looking for 'tbl2asn' - found /home/christian/install/prokka/bin/../binaries/linux/tbl2asn
[15:20:51] Determined tbl2asn version is 25.6
[15:20:51] Using genetic code table 11.
[15:20:51] Loading and checking input file: plasmid_files_fasta/CP025148.1.fasta
[15:20:51] Wrote 1 contigs totalling 161986 bp.
[15:20:51] Predicting tRNAs and tmRNAs
[15:20:51] Running: aragorn -l -gc11  -w plasmid_files_fasta\/CP025148\.1_results\/PROKKA_10092018\.fna
[15:20:51] Found 0 tRNAs
[15:20:51] Predicting Ribosomal RNAs
[15:20:51] You need either Barrnap or RNAmmer installed to predict rRNAs!
[15:20:51] Skipping ncRNA search, enable with --rfam if desired.
[15:20:51] Total of 0 tRNA + rRNA features
[15:20:51] Searching for CRISPR repeats
[15:20:51] Found 0 CRISPRs
[15:20:51] Predicting coding sequences
[15:20:51] Contigs total 161986 bp, so using single mode
[15:20:51] Running: prodigal -i plasmid_files_fasta\/CP025148\.1_results\/PROKKA_10092018\.fna -c -m -g 11 -p single -f sco -q
[15:20:51] Found 183 CDS
[15:20:51] Connecting features back to sequences
[15:20:51] Not using genus-specific database. Try --usegenus to enable it.
[15:20:51] Annotating CDS, please be patient.
[15:20:51] Will use 20 CPUs for similarity searching.
[15:20:51] There are still 183 unannotated CDS left (started with 183)
[15:20:51] Will use blast to search against /home/christian/install/prokka/db/kingdom/Bacteria/sprot with 20 CPUs
[15:20:51] Running: cat plasmid_files_fasta\/CP025148\.1_results\/sprot\.faa | parallel --gnu --plain -j 20 --block 1145 --recstart '>' --pipe blastp -query - -db /home/christian/install/prokka/db/kingdom/Bacteria/sprot -evalue 1e-06 -num_threads 1 -num_descriptions 1 -num_alignments 1 -seg no > plasmid_files_fasta\/CP025148\.1_results\/sprot\.blast 2> /dev/null
[15:20:53] Modify product: UPF0401 protein YkfF => hypothetical protein
[15:20:53] Modify product: Uncharacterized protein Rv1290c => putative protein
[15:20:53] Modify product: Probable cyclic di-GMP phosphodiesterase PdeC => putative cyclic di-GMP phosphodiesterase PdeC
[15:20:53] Modify product: Probable copper-binding protein PcoE => putative copper-binding protein PcoE
[15:20:53] Modify product: Probable phosphite transport system-binding protein PtxB => putative phosphite transport system-binding protein PtxB
[15:20:53] Modify product: Protease HtpX homolog => Protease HtpX 
[15:20:53] Cleaned 6 /product names
[15:20:53] Deleting unwanted file: plasmid_files_fasta/CP025148.1_results/sprot.faa
[15:20:53] Deleting unwanted file: plasmid_files_fasta/CP025148.1_results/sprot.blast
[15:20:53] There are still 100 unannotated CDS left (started with 183)
[15:20:53] Will use hmmer3 to search against /home/christian/install/prokka/db/hmm/HAMAP.hmm with 20 CPUs
[15:20:53] Running: cat plasmid_files_fasta\/CP025148\.1_results\/HAMAP\.hmm\.faa | parallel --gnu --plain -j 20 --block 488 --recstart '>' --pipe hmmscan --noali --notextw --acc -E 1e-06 --cpu 1 /home/christian/install/prokka/db/hmm/HAMAP.hmm /dev/stdin > plasmid_files_fasta\/CP025148\.1_results\/HAMAP\.hmm\.hmmer3 2> /dev/null
[15:20:53] Deleting unwanted file: plasmid_files_fasta/CP025148.1_results/HAMAP.hmm.faa
[15:20:53] Deleting unwanted file: plasmid_files_fasta/CP025148.1_results/HAMAP.hmm.hmmer3
[15:20:53] Labelling remaining 100 proteins as 'hypothetical protein'
[15:20:53] Possible /pseudo 'Arsenical pump-driving ATPase' at CP025148.1 position 136408
[15:20:53] Found 69 unique /gene codes.
[15:20:53] Fixed 2 duplicate /gene - arsH_1 arsH_2
[15:20:53] Fixed 2 duplicate /gene - cusS_1 cusS_2
[15:20:53] Fixed 3 duplicate /gene - arsA_1 arsA_2 arsA_3
[15:20:53] Fixed 2 duplicate /gene - arsB_1 arsB_2
[15:20:53] Fixed 2 duplicate /gene - ylpA_1 ylpA_2
[15:20:53] Fixed 2 duplicate /gene - silE_1 silE_2
[15:20:53] Fixed 2 duplicate /gene - arsC_1 arsC_2
[15:20:53] Fixed 2 duplicate /gene - arsD_1 arsD_2
[15:20:53] Fixed 2 duplicate /gene - arsR2_1 arsR2_2
[15:20:53] Fixed 9 colliding /gene names.
[15:20:53] Adding /locus_tag identifiers
[15:20:53] Assigned 183 locus_tags to CDS and RNA features.
[15:20:53] Writing outputs to plasmid_files_fasta/CP025148.1_results/
[15:20:53] Generating annotation statistics file
[15:20:53] Generating Genbank and Sequin files
[15:20:53] Running: tbl2asn -V b -a r10k -l paired-ends -M n -N 1 -y 'Annotated using prokka 1.14-dev from https://github.com/tseemann/prokka' -Z plasmid_files_fasta\/CP025148\.1_results\/PROKKA_10092018\.err -i plasmid_files_fasta\/CP025148\.1_results\/PROKKA_10092018\.fsa 2> /dev/null
[15:20:54] Deleting unwanted file: plasmid_files_fasta/CP025148.1_results/errorsummary.val
[15:20:54] Deleting unwanted file: plasmid_files_fasta/CP025148.1_results/PROKKA_10092018.dr
[15:20:54] Deleting unwanted file: plasmid_files_fasta/CP025148.1_results/PROKKA_10092018.fixedproducts
[15:20:54] Deleting unwanted file: plasmid_files_fasta/CP025148.1_results/PROKKA_10092018.ecn
[15:20:54] Deleting unwanted file: plasmid_files_fasta/CP025148.1_results/PROKKA_10092018.val
[15:20:54] Repairing broken .GBK output that tbl2asn produces...
[15:20:54] Running: sed 's/COORDINATES: profile/COORDINATES:profile/' < plasmid_files_fasta\/CP025148\.1_results\/PROKKA_10092018\.gbf > plasmid_files_fasta\/CP025148\.1_results\/PROKKA_10092018\.gbk
[15:20:54] Deleting unwanted file: plasmid_files_fasta/CP025148.1_results/PROKKA_10092018.gbf
[15:20:54] Output files:
[15:20:54] plasmid_files_fasta/CP025148.1_results/PROKKA_10092018.ffn
[15:20:54] plasmid_files_fasta/CP025148.1_results/PROKKA_10092018.tbl
[15:20:54] plasmid_files_fasta/CP025148.1_results/PROKKA_10092018.log
[15:20:54] plasmid_files_fasta/CP025148.1_results/PROKKA_10092018.fna
[15:20:54] plasmid_files_fasta/CP025148.1_results/PROKKA_10092018.fsa
[15:20:54] plasmid_files_fasta/CP025148.1_results/PROKKA_10092018.tsv
[15:20:54] plasmid_files_fasta/CP025148.1_results/PROKKA_10092018.faa
[15:20:54] plasmid_files_fasta/CP025148.1_results/PROKKA_10092018.gbk
[15:20:54] plasmid_files_fasta/CP025148.1_results/PROKKA_10092018.sqn
[15:20:54] plasmid_files_fasta/CP025148.1_results/PROKKA_10092018.err
[15:20:54] plasmid_files_fasta/CP025148.1_results/PROKKA_10092018.txt
[15:20:54] plasmid_files_fasta/CP025148.1_results/PROKKA_10092018.gff
[15:20:54] Annotation finished successfully.
[15:20:54] Walltime used: 0.07 minutes
[15:20:54] If you use this result please cite the Prokka paper:
[15:20:54] Seemann T (2014) Prokka: rapid prokaryotic genome annotation. Bioinformatics. 30(14):2068-9.
[15:20:54] Type 'prokka --citation' for more details.
[15:20:54] Thank you, come again.
