[15:24:23] This is prokka 1.14-dev
[15:24:23] Written by Torsten Seemann <torsten.seemann@gmail.com>
[15:24:23] Homepage is https://github.com/tseemann/prokka
[15:24:23] Local time is Tue Oct  9 15:24:23 2018
[15:24:23] You are christian
[15:24:23] Operating system is linux
[15:24:23] You have BioPerl 1.007002
[15:24:23] System has 20 cores.
[15:24:23] Will use maximum of 20 cores.
[15:24:23] Annotating as >>> Bacteria <<<
[15:24:23] Generating locus_tag from 'plasmid_files_fasta/CP029429.1.fasta' contents.
[15:24:23] Setting --locustag GKAFMMHN from MD5 04af661760393a40a64acf85a0057f49
[15:24:23] Creating new output folder: plasmid_files_fasta/CP029429.1_results
[15:24:23] Running: mkdir -p plasmid_files_fasta\/CP029429\.1_results
[15:24:23] Using filename prefix: PROKKA_10092018.XXX
[15:24:23] Setting HMMER_NCPU=1
[15:24:23] Writing log to: plasmid_files_fasta/CP029429.1_results/PROKKA_10092018.log
[15:24:23] Command: /home/christian/install/prokka/bin/prokka plasmid_files_fasta/CP029429.1.fasta --outdir plasmid_files_fasta/CP029429.1_results --cpus 20 --force
[15:24:23] Appending to PATH: /home/christian/install/prokka/bin/../binaries/linux
[15:24:23] Appending to PATH: /home/christian/install/prokka/bin/../binaries/linux/../common
[15:24:23] Appending to PATH: /home/christian/install/prokka/bin
[15:24:23] Looking for 'aragorn' - found /home/christian/install/prokka/bin/../binaries/linux/aragorn
[15:24:23] Determined aragorn version is 1.2
[15:24:23] Looking for 'blastp' - found /usr/bin/blastp
[15:24:23] Determined blastp version is 2.2
[15:24:23] Looking for 'cmpress' - found /usr/local/bin/cmpress
[15:24:23] Determined cmpress version is 1.1
[15:24:23] Looking for 'cmscan' - found /usr/local/bin/cmscan
[15:24:23] Determined cmscan version is 1.1
[15:24:23] Looking for 'egrep' - found /bin/egrep
[15:24:23] Looking for 'find' - found /usr/bin/find
[15:24:23] Looking for 'grep' - found /bin/grep
[15:24:23] Looking for 'hmmpress' - found /usr/local/bin/hmmpress
[15:24:23] Determined hmmpress version is 3.1
[15:24:23] Looking for 'hmmscan' - found /usr/local/bin/hmmscan
[15:24:23] Determined hmmscan version is 3.1
[15:24:23] Looking for 'java' - found /usr/bin/java
[15:24:23] Looking for 'less' - found /usr/bin/less
[15:24:23] Looking for 'makeblastdb' - found /usr/bin/makeblastdb
[15:24:23] Determined makeblastdb version is 2.2
[15:24:23] Looking for 'minced' - found /home/christian/install/prokka/bin/../binaries/linux/../common/minced
[15:24:23] Determined minced version is 2.0
[15:24:23] Looking for 'parallel' - found /usr/bin/parallel
[15:24:23] Determined parallel version is 20141022
[15:24:23] Looking for 'prodigal' - found /usr/local/bin/prodigal
[15:24:23] Determined prodigal version is 2.6
[15:24:23] Looking for 'prokka-genbank_to_fasta_db' - found /home/christian/install/prokka/bin/prokka-genbank_to_fasta_db
[15:24:23] Looking for 'sed' - found /bin/sed
[15:24:23] Looking for 'tbl2asn' - found /home/christian/install/prokka/bin/../binaries/linux/tbl2asn
[15:24:23] Determined tbl2asn version is 25.6
[15:24:23] Using genetic code table 11.
[15:24:23] Loading and checking input file: plasmid_files_fasta/CP029429.1.fasta
[15:24:23] Wrote 1 contigs totalling 63235 bp.
[15:24:23] Predicting tRNAs and tmRNAs
[15:24:23] Running: aragorn -l -gc11  -w plasmid_files_fasta\/CP029429\.1_results\/PROKKA_10092018\.fna
[15:24:23] Found 0 tRNAs
[15:24:23] Predicting Ribosomal RNAs
[15:24:23] You need either Barrnap or RNAmmer installed to predict rRNAs!
[15:24:23] Skipping ncRNA search, enable with --rfam if desired.
[15:24:23] Total of 0 tRNA + rRNA features
[15:24:23] Searching for CRISPR repeats
[15:24:23] Found 0 CRISPRs
[15:24:23] Predicting coding sequences
[15:24:23] Contigs total 63235 bp, so using meta mode
[15:24:23] Running: prodigal -i plasmid_files_fasta\/CP029429\.1_results\/PROKKA_10092018\.fna -c -m -g 11 -p meta -f sco -q
[15:24:24] Found 76 CDS
[15:24:24] Connecting features back to sequences
[15:24:24] Not using genus-specific database. Try --usegenus to enable it.
[15:24:24] Annotating CDS, please be patient.
[15:24:24] Will use 20 CPUs for similarity searching.
[15:24:24] There are still 76 unannotated CDS left (started with 76)
[15:24:24] Will use blast to search against /home/christian/install/prokka/db/kingdom/Bacteria/sprot with 20 CPUs
[15:24:24] Running: cat plasmid_files_fasta\/CP029429\.1_results\/sprot\.faa | parallel --gnu --plain -j 20 --block 422 --recstart '>' --pipe blastp -query - -db /home/christian/install/prokka/db/kingdom/Bacteria/sprot -evalue 1e-06 -num_threads 1 -num_descriptions 1 -num_alignments 1 -seg no > plasmid_files_fasta\/CP029429\.1_results\/sprot\.blast 2> /dev/null
[15:24:24] Modify product: Uncharacterized ABC transporter ATP-binding protein YbiT => putative ABC transporter ATP-binding protein YbiT
[15:24:24] Cleaned 1 /product names
[15:24:24] Deleting unwanted file: plasmid_files_fasta/CP029429.1_results/sprot.faa
[15:24:24] Deleting unwanted file: plasmid_files_fasta/CP029429.1_results/sprot.blast
[15:24:24] There are still 47 unannotated CDS left (started with 76)
[15:24:24] Will use hmmer3 to search against /home/christian/install/prokka/db/hmm/HAMAP.hmm with 20 CPUs
[15:24:24] Running: cat plasmid_files_fasta\/CP029429\.1_results\/HAMAP\.hmm\.faa | parallel --gnu --plain -j 20 --block 229 --recstart '>' --pipe hmmscan --noali --notextw --acc -E 1e-06 --cpu 1 /home/christian/install/prokka/db/hmm/HAMAP.hmm /dev/stdin > plasmid_files_fasta\/CP029429\.1_results\/HAMAP\.hmm\.hmmer3 2> /dev/null
[15:24:25] Deleting unwanted file: plasmid_files_fasta/CP029429.1_results/HAMAP.hmm.faa
[15:24:25] Deleting unwanted file: plasmid_files_fasta/CP029429.1_results/HAMAP.hmm.hmmer3
[15:24:25] Labelling remaining 45 proteins as 'hypothetical protein'
[15:24:25] Found 25 unique /gene codes.
[15:24:25] Fixed 3 duplicate /gene - bla_1 bla_2 bla_3
[15:24:25] Fixed 2 duplicate /gene - tnpR_1 tnpR_2
[15:24:25] Fixed 2 colliding /gene names.
[15:24:25] Adding /locus_tag identifiers
[15:24:25] Assigned 76 locus_tags to CDS and RNA features.
[15:24:25] Writing outputs to plasmid_files_fasta/CP029429.1_results/
[15:24:25] Generating annotation statistics file
[15:24:25] Generating Genbank and Sequin files
[15:24:25] Running: tbl2asn -V b -a r10k -l paired-ends -M n -N 1 -y 'Annotated using prokka 1.14-dev from https://github.com/tseemann/prokka' -Z plasmid_files_fasta\/CP029429\.1_results\/PROKKA_10092018\.err -i plasmid_files_fasta\/CP029429\.1_results\/PROKKA_10092018\.fsa 2> /dev/null
[15:24:25] Deleting unwanted file: plasmid_files_fasta/CP029429.1_results/errorsummary.val
[15:24:25] Deleting unwanted file: plasmid_files_fasta/CP029429.1_results/PROKKA_10092018.dr
[15:24:25] Deleting unwanted file: plasmid_files_fasta/CP029429.1_results/PROKKA_10092018.fixedproducts
[15:24:25] Deleting unwanted file: plasmid_files_fasta/CP029429.1_results/PROKKA_10092018.ecn
[15:24:25] Deleting unwanted file: plasmid_files_fasta/CP029429.1_results/PROKKA_10092018.val
[15:24:25] Repairing broken .GBK output that tbl2asn produces...
[15:24:25] Running: sed 's/COORDINATES: profile/COORDINATES:profile/' < plasmid_files_fasta\/CP029429\.1_results\/PROKKA_10092018\.gbf > plasmid_files_fasta\/CP029429\.1_results\/PROKKA_10092018\.gbk
[15:24:25] Deleting unwanted file: plasmid_files_fasta/CP029429.1_results/PROKKA_10092018.gbf
[15:24:25] Output files:
[15:24:25] plasmid_files_fasta/CP029429.1_results/PROKKA_10092018.ffn
[15:24:25] plasmid_files_fasta/CP029429.1_results/PROKKA_10092018.tbl
[15:24:25] plasmid_files_fasta/CP029429.1_results/PROKKA_10092018.log
[15:24:25] plasmid_files_fasta/CP029429.1_results/PROKKA_10092018.fna
[15:24:25] plasmid_files_fasta/CP029429.1_results/PROKKA_10092018.fsa
[15:24:25] plasmid_files_fasta/CP029429.1_results/PROKKA_10092018.tsv
[15:24:25] plasmid_files_fasta/CP029429.1_results/PROKKA_10092018.faa
[15:24:25] plasmid_files_fasta/CP029429.1_results/PROKKA_10092018.gbk
[15:24:25] plasmid_files_fasta/CP029429.1_results/PROKKA_10092018.sqn
[15:24:25] plasmid_files_fasta/CP029429.1_results/PROKKA_10092018.err
[15:24:25] plasmid_files_fasta/CP029429.1_results/PROKKA_10092018.txt
[15:24:25] plasmid_files_fasta/CP029429.1_results/PROKKA_10092018.gff
[15:24:25] Annotation finished successfully.
[15:24:25] Walltime used: 0.03 minutes
[15:24:25] If you use this result please cite the Prokka paper:
[15:24:25] Seemann T (2014) Prokka: rapid prokaryotic genome annotation. Bioinformatics. 30(14):2068-9.
[15:24:25] Type 'prokka --citation' for more details.
[15:24:25] Thank you, come again.
