[15:13:11] This is prokka 1.14-dev
[15:13:11] Written by Torsten Seemann <torsten.seemann@gmail.com>
[15:13:11] Homepage is https://github.com/tseemann/prokka
[15:13:11] Local time is Tue Oct  9 15:13:11 2018
[15:13:11] You are christian
[15:13:11] Operating system is linux
[15:13:11] You have BioPerl 1.007002
[15:13:11] System has 20 cores.
[15:13:11] Will use maximum of 20 cores.
[15:13:11] Annotating as >>> Bacteria <<<
[15:13:11] Generating locus_tag from 'plasmid_files_fasta/CP008824.1.fasta' contents.
[15:13:11] Setting --locustag PFLAPJGH from MD5 9f5a930112b4efd3fab7205ab5feb4e0
[15:13:11] Creating new output folder: plasmid_files_fasta/CP008824.1_results
[15:13:11] Running: mkdir -p plasmid_files_fasta\/CP008824\.1_results
[15:13:11] Using filename prefix: PROKKA_10092018.XXX
[15:13:11] Setting HMMER_NCPU=1
[15:13:11] Writing log to: plasmid_files_fasta/CP008824.1_results/PROKKA_10092018.log
[15:13:11] Command: /home/christian/install/prokka/bin/prokka plasmid_files_fasta/CP008824.1.fasta --outdir plasmid_files_fasta/CP008824.1_results --cpus 20 --force
[15:13:11] Appending to PATH: /home/christian/install/prokka/bin/../binaries/linux
[15:13:11] Appending to PATH: /home/christian/install/prokka/bin/../binaries/linux/../common
[15:13:11] Appending to PATH: /home/christian/install/prokka/bin
[15:13:11] Looking for 'aragorn' - found /home/christian/install/prokka/bin/../binaries/linux/aragorn
[15:13:11] Determined aragorn version is 1.2
[15:13:11] Looking for 'blastp' - found /usr/bin/blastp
[15:13:11] Determined blastp version is 2.2
[15:13:11] Looking for 'cmpress' - found /usr/local/bin/cmpress
[15:13:11] Determined cmpress version is 1.1
[15:13:11] Looking for 'cmscan' - found /usr/local/bin/cmscan
[15:13:11] Determined cmscan version is 1.1
[15:13:11] Looking for 'egrep' - found /bin/egrep
[15:13:11] Looking for 'find' - found /usr/bin/find
[15:13:11] Looking for 'grep' - found /bin/grep
[15:13:11] Looking for 'hmmpress' - found /usr/local/bin/hmmpress
[15:13:11] Determined hmmpress version is 3.1
[15:13:11] Looking for 'hmmscan' - found /usr/local/bin/hmmscan
[15:13:11] Determined hmmscan version is 3.1
[15:13:11] Looking for 'java' - found /usr/bin/java
[15:13:11] Looking for 'less' - found /usr/bin/less
[15:13:11] Looking for 'makeblastdb' - found /usr/bin/makeblastdb
[15:13:11] Determined makeblastdb version is 2.2
[15:13:11] Looking for 'minced' - found /home/christian/install/prokka/bin/../binaries/linux/../common/minced
[15:13:11] Determined minced version is 2.0
[15:13:11] Looking for 'parallel' - found /usr/bin/parallel
[15:13:11] Determined parallel version is 20141022
[15:13:11] Looking for 'prodigal' - found /usr/local/bin/prodigal
[15:13:11] Determined prodigal version is 2.6
[15:13:11] Looking for 'prokka-genbank_to_fasta_db' - found /home/christian/install/prokka/bin/prokka-genbank_to_fasta_db
[15:13:11] Looking for 'sed' - found /bin/sed
[15:13:11] Looking for 'tbl2asn' - found /home/christian/install/prokka/bin/../binaries/linux/tbl2asn
[15:13:11] Determined tbl2asn version is 25.6
[15:13:11] Using genetic code table 11.
[15:13:11] Loading and checking input file: plasmid_files_fasta/CP008824.1.fasta
[15:13:11] Wrote 1 contigs totalling 319976 bp.
[15:13:11] Predicting tRNAs and tmRNAs
[15:13:11] Running: aragorn -l -gc11  -w plasmid_files_fasta\/CP008824\.1_results\/PROKKA_10092018\.fna
[15:13:12] Found 0 tRNAs
[15:13:12] Predicting Ribosomal RNAs
[15:13:12] You need either Barrnap or RNAmmer installed to predict rRNAs!
[15:13:12] Skipping ncRNA search, enable with --rfam if desired.
[15:13:12] Total of 0 tRNA + rRNA features
[15:13:12] Searching for CRISPR repeats
[15:13:12] Found 0 CRISPRs
[15:13:12] Predicting coding sequences
[15:13:12] Contigs total 319976 bp, so using single mode
[15:13:12] Running: prodigal -i plasmid_files_fasta\/CP008824\.1_results\/PROKKA_10092018\.fna -c -m -g 11 -p single -f sco -q
[15:13:12] Found 368 CDS
[15:13:12] Connecting features back to sequences
[15:13:12] Not using genus-specific database. Try --usegenus to enable it.
[15:13:12] Annotating CDS, please be patient.
[15:13:12] Will use 20 CPUs for similarity searching.
[15:13:12] There are still 368 unannotated CDS left (started with 368)
[15:13:12] Will use blast to search against /home/christian/install/prokka/db/kingdom/Bacteria/sprot with 20 CPUs
[15:13:12] Running: cat plasmid_files_fasta\/CP008824\.1_results\/sprot\.faa | parallel --gnu --plain -j 20 --block 2358 --recstart '>' --pipe blastp -query - -db /home/christian/install/prokka/db/kingdom/Bacteria/sprot -evalue 1e-06 -num_threads 1 -num_descriptions 1 -num_alignments 1 -seg no > plasmid_files_fasta\/CP008824\.1_results\/sprot\.blast 2> /dev/null
[15:13:14] Modify product: Probable BsuMI modification methylase subunit YdiO => putative BsuMI modification methylase subunit YdiO
[15:13:14] Modify product: Uncharacterized protein YcbX => putative protein YcbX
[15:13:14] Modify product: Zinc-type alcohol dehydrogenase-like protein SA1988 => Zinc-type alcohol dehydrogenase-like protein
[15:13:14] Modify product: Pentapeptide repeat protein VPA0095 => Pentapeptide repeat protein
[15:13:14] Modify product: Uncharacterized sugar epimerase YhfK => putative sugar epimerase YhfK
[15:13:14] Modify product: Uncharacterized cysteine-rich protein YhjQ => putative cysteine-rich protein YhjQ
[15:13:14] Modify product: Uncharacterized ABC transporter ATP-binding protein YbiT => putative ABC transporter ATP-binding protein YbiT
[15:13:14] Modify product: Uncharacterized signaling protein PA1727 => putative signaling protein
[15:13:14] Modify product: Probable RNA polymerase sigma factor FecI => putative RNA polymerase sigma factor FecI
[15:13:14] Modify product: Probable pyridine nucleotide-disulfide oxidoreductase RclA => putative pyridine nucleotide-disulfide oxidoreductase RclA
[15:13:14] Modify product: Probable copper-binding protein PcoE => putative copper-binding protein PcoE
[15:13:14] Cleaned 11 /product names
[15:13:14] Deleting unwanted file: plasmid_files_fasta/CP008824.1_results/sprot.faa
[15:13:14] Deleting unwanted file: plasmid_files_fasta/CP008824.1_results/sprot.blast
[15:13:14] There are still 257 unannotated CDS left (started with 368)
[15:13:14] Will use hmmer3 to search against /home/christian/install/prokka/db/hmm/HAMAP.hmm with 20 CPUs
[15:13:14] Running: cat plasmid_files_fasta\/CP008824\.1_results\/HAMAP\.hmm\.faa | parallel --gnu --plain -j 20 --block 1467 --recstart '>' --pipe hmmscan --noali --notextw --acc -E 1e-06 --cpu 1 /home/christian/install/prokka/db/hmm/HAMAP.hmm /dev/stdin > plasmid_files_fasta\/CP008824\.1_results\/HAMAP\.hmm\.hmmer3 2> /dev/null
[15:13:16] Deleting unwanted file: plasmid_files_fasta/CP008824.1_results/HAMAP.hmm.faa
[15:13:16] Deleting unwanted file: plasmid_files_fasta/CP008824.1_results/HAMAP.hmm.hmmer3
[15:13:16] Labelling remaining 247 proteins as 'hypothetical protein'
[15:13:16] Found 101 unique /gene codes.
[15:13:16] Fixed 2 duplicate /gene - fdhA_1 fdhA_2
[15:13:16] Fixed 2 duplicate /gene - xerC_1 xerC_2
[15:13:16] Fixed 4 duplicate /gene - hin_1 hin_2 hin_3 hin_4
[15:13:16] Fixed 4 duplicate /gene - folP_1 folP_2 folP_3 folP_4
[15:13:16] Fixed 2 duplicate /gene - bla_1 bla_2
[15:13:16] Fixed 2 duplicate /gene - lacY_1 lacY_2
[15:13:16] Fixed 2 duplicate /gene - emrE_1 emrE_2
[15:13:16] Fixed 5 duplicate /gene - xerD_1 xerD_2 xerD_3 xerD_4 xerD_5
[15:13:16] Fixed 8 colliding /gene names.
[15:13:16] Adding /locus_tag identifiers
[15:13:16] Assigned 368 locus_tags to CDS and RNA features.
[15:13:16] Writing outputs to plasmid_files_fasta/CP008824.1_results/
[15:13:16] Generating annotation statistics file
[15:13:16] Generating Genbank and Sequin files
[15:13:16] Running: tbl2asn -V b -a r10k -l paired-ends -M n -N 1 -y 'Annotated using prokka 1.14-dev from https://github.com/tseemann/prokka' -Z plasmid_files_fasta\/CP008824\.1_results\/PROKKA_10092018\.err -i plasmid_files_fasta\/CP008824\.1_results\/PROKKA_10092018\.fsa 2> /dev/null
[15:13:16] Deleting unwanted file: plasmid_files_fasta/CP008824.1_results/errorsummary.val
[15:13:16] Deleting unwanted file: plasmid_files_fasta/CP008824.1_results/PROKKA_10092018.dr
[15:13:16] Deleting unwanted file: plasmid_files_fasta/CP008824.1_results/PROKKA_10092018.fixedproducts
[15:13:16] Deleting unwanted file: plasmid_files_fasta/CP008824.1_results/PROKKA_10092018.ecn
[15:13:16] Deleting unwanted file: plasmid_files_fasta/CP008824.1_results/PROKKA_10092018.val
[15:13:16] Repairing broken .GBK output that tbl2asn produces...
[15:13:16] Running: sed 's/COORDINATES: profile/COORDINATES:profile/' < plasmid_files_fasta\/CP008824\.1_results\/PROKKA_10092018\.gbf > plasmid_files_fasta\/CP008824\.1_results\/PROKKA_10092018\.gbk
[15:13:16] Deleting unwanted file: plasmid_files_fasta/CP008824.1_results/PROKKA_10092018.gbf
[15:13:16] Output files:
[15:13:16] plasmid_files_fasta/CP008824.1_results/PROKKA_10092018.ffn
[15:13:16] plasmid_files_fasta/CP008824.1_results/PROKKA_10092018.tbl
[15:13:16] plasmid_files_fasta/CP008824.1_results/PROKKA_10092018.log
[15:13:16] plasmid_files_fasta/CP008824.1_results/PROKKA_10092018.fna
[15:13:16] plasmid_files_fasta/CP008824.1_results/PROKKA_10092018.fsa
[15:13:16] plasmid_files_fasta/CP008824.1_results/PROKKA_10092018.tsv
[15:13:16] plasmid_files_fasta/CP008824.1_results/PROKKA_10092018.faa
[15:13:16] plasmid_files_fasta/CP008824.1_results/PROKKA_10092018.gbk
[15:13:16] plasmid_files_fasta/CP008824.1_results/PROKKA_10092018.sqn
[15:13:16] plasmid_files_fasta/CP008824.1_results/PROKKA_10092018.err
[15:13:16] plasmid_files_fasta/CP008824.1_results/PROKKA_10092018.txt
[15:13:16] plasmid_files_fasta/CP008824.1_results/PROKKA_10092018.gff
[15:13:16] Annotation finished successfully.
[15:13:16] Walltime used: 0.08 minutes
[15:13:16] If you use this result please cite the Prokka paper:
[15:13:16] Seemann T (2014) Prokka: rapid prokaryotic genome annotation. Bioinformatics. 30(14):2068-9.
[15:13:16] Type 'prokka --citation' for more details.
[15:13:16] Share and enjoy!
