[15:24:55] This is prokka 1.14-dev
[15:24:55] Written by Torsten Seemann <torsten.seemann@gmail.com>
[15:24:55] Homepage is https://github.com/tseemann/prokka
[15:24:55] Local time is Tue Oct  9 15:24:55 2018
[15:24:55] You are christian
[15:24:55] Operating system is linux
[15:24:55] You have BioPerl 1.007002
[15:24:55] System has 20 cores.
[15:24:55] Will use maximum of 20 cores.
[15:24:55] Annotating as >>> Bacteria <<<
[15:24:55] Generating locus_tag from 'plasmid_files_fasta/CP030267.1.fasta' contents.
[15:24:55] Setting --locustag LADMFGBK from MD5 5ad6f0b45df63131e60ab813d385681d
[15:24:55] Creating new output folder: plasmid_files_fasta/CP030267.1_results
[15:24:55] Running: mkdir -p plasmid_files_fasta\/CP030267\.1_results
[15:24:55] Using filename prefix: PROKKA_10092018.XXX
[15:24:55] Setting HMMER_NCPU=1
[15:24:55] Writing log to: plasmid_files_fasta/CP030267.1_results/PROKKA_10092018.log
[15:24:55] Command: /home/christian/install/prokka/bin/prokka plasmid_files_fasta/CP030267.1.fasta --outdir plasmid_files_fasta/CP030267.1_results --cpus 20 --force
[15:24:55] Appending to PATH: /home/christian/install/prokka/bin/../binaries/linux
[15:24:55] Appending to PATH: /home/christian/install/prokka/bin/../binaries/linux/../common
[15:24:55] Appending to PATH: /home/christian/install/prokka/bin
[15:24:55] Looking for 'aragorn' - found /home/christian/install/prokka/bin/../binaries/linux/aragorn
[15:24:55] Determined aragorn version is 1.2
[15:24:55] Looking for 'blastp' - found /usr/bin/blastp
[15:24:55] Determined blastp version is 2.2
[15:24:55] Looking for 'cmpress' - found /usr/local/bin/cmpress
[15:24:55] Determined cmpress version is 1.1
[15:24:55] Looking for 'cmscan' - found /usr/local/bin/cmscan
[15:24:55] Determined cmscan version is 1.1
[15:24:55] Looking for 'egrep' - found /bin/egrep
[15:24:55] Looking for 'find' - found /usr/bin/find
[15:24:55] Looking for 'grep' - found /bin/grep
[15:24:55] Looking for 'hmmpress' - found /usr/local/bin/hmmpress
[15:24:55] Determined hmmpress version is 3.1
[15:24:55] Looking for 'hmmscan' - found /usr/local/bin/hmmscan
[15:24:56] Determined hmmscan version is 3.1
[15:24:56] Looking for 'java' - found /usr/bin/java
[15:24:56] Looking for 'less' - found /usr/bin/less
[15:24:56] Looking for 'makeblastdb' - found /usr/bin/makeblastdb
[15:24:56] Determined makeblastdb version is 2.2
[15:24:56] Looking for 'minced' - found /home/christian/install/prokka/bin/../binaries/linux/../common/minced
[15:24:56] Determined minced version is 2.0
[15:24:56] Looking for 'parallel' - found /usr/bin/parallel
[15:24:56] Determined parallel version is 20141022
[15:24:56] Looking for 'prodigal' - found /usr/local/bin/prodigal
[15:24:56] Determined prodigal version is 2.6
[15:24:56] Looking for 'prokka-genbank_to_fasta_db' - found /home/christian/install/prokka/bin/prokka-genbank_to_fasta_db
[15:24:56] Looking for 'sed' - found /bin/sed
[15:24:56] Looking for 'tbl2asn' - found /home/christian/install/prokka/bin/../binaries/linux/tbl2asn
[15:24:56] Determined tbl2asn version is 25.6
[15:24:56] Using genetic code table 11.
[15:24:56] Loading and checking input file: plasmid_files_fasta/CP030267.1.fasta
[15:24:56] Wrote 1 contigs totalling 41519 bp.
[15:24:56] Predicting tRNAs and tmRNAs
[15:24:56] Running: aragorn -l -gc11  -w plasmid_files_fasta\/CP030267\.1_results\/PROKKA_10092018\.fna
[15:24:56] Found 0 tRNAs
[15:24:56] Predicting Ribosomal RNAs
[15:24:56] You need either Barrnap or RNAmmer installed to predict rRNAs!
[15:24:56] Skipping ncRNA search, enable with --rfam if desired.
[15:24:56] Total of 0 tRNA + rRNA features
[15:24:56] Searching for CRISPR repeats
[15:24:56] Found 0 CRISPRs
[15:24:56] Predicting coding sequences
[15:24:56] Contigs total 41519 bp, so using meta mode
[15:24:56] Running: prodigal -i plasmid_files_fasta\/CP030267\.1_results\/PROKKA_10092018\.fna -c -m -g 11 -p meta -f sco -q
[15:24:56] Found 53 CDS
[15:24:56] Connecting features back to sequences
[15:24:56] Not using genus-specific database. Try --usegenus to enable it.
[15:24:56] Annotating CDS, please be patient.
[15:24:56] Will use 20 CPUs for similarity searching.
[15:24:56] There are still 53 unannotated CDS left (started with 53)
[15:24:56] Will use blast to search against /home/christian/install/prokka/db/kingdom/Bacteria/sprot with 20 CPUs
[15:24:56] Running: cat plasmid_files_fasta\/CP030267\.1_results\/sprot\.faa | parallel --gnu --plain -j 20 --block 291 --recstart '>' --pipe blastp -query - -db /home/christian/install/prokka/db/kingdom/Bacteria/sprot -evalue 1e-06 -num_threads 1 -num_descriptions 1 -num_alignments 1 -seg no > plasmid_files_fasta\/CP030267\.1_results\/sprot\.blast 2> /dev/null
[15:24:57] Modify product: Putative conjugal transfer protein Rv3659c => Putative conjugal transfer protein
[15:24:57] Cleaned 1 /product names
[15:24:57] Deleting unwanted file: plasmid_files_fasta/CP030267.1_results/sprot.faa
[15:24:57] Deleting unwanted file: plasmid_files_fasta/CP030267.1_results/sprot.blast
[15:24:57] There are still 43 unannotated CDS left (started with 53)
[15:24:57] Will use hmmer3 to search against /home/christian/install/prokka/db/hmm/HAMAP.hmm with 20 CPUs
[15:24:57] Running: cat plasmid_files_fasta\/CP030267\.1_results\/HAMAP\.hmm\.faa | parallel --gnu --plain -j 20 --block 219 --recstart '>' --pipe hmmscan --noali --notextw --acc -E 1e-06 --cpu 1 /home/christian/install/prokka/db/hmm/HAMAP.hmm /dev/stdin > plasmid_files_fasta\/CP030267\.1_results\/HAMAP\.hmm\.hmmer3 2> /dev/null
[15:24:57] Deleting unwanted file: plasmid_files_fasta/CP030267.1_results/HAMAP.hmm.faa
[15:24:57] Deleting unwanted file: plasmid_files_fasta/CP030267.1_results/HAMAP.hmm.hmmer3
[15:24:57] Labelling remaining 43 proteins as 'hypothetical protein'
[15:24:57] Found 7 unique /gene codes.
[15:24:57] Fixed 2 duplicate /gene - bla_1 bla_2
[15:24:57] Fixed 2 duplicate /gene - hin_1 hin_2
[15:24:57] Fixed 2 colliding /gene names.
[15:24:57] Adding /locus_tag identifiers
[15:24:57] Assigned 53 locus_tags to CDS and RNA features.
[15:24:57] Writing outputs to plasmid_files_fasta/CP030267.1_results/
[15:24:57] Generating annotation statistics file
[15:24:57] Generating Genbank and Sequin files
[15:24:57] Running: tbl2asn -V b -a r10k -l paired-ends -M n -N 1 -y 'Annotated using prokka 1.14-dev from https://github.com/tseemann/prokka' -Z plasmid_files_fasta\/CP030267\.1_results\/PROKKA_10092018\.err -i plasmid_files_fasta\/CP030267\.1_results\/PROKKA_10092018\.fsa 2> /dev/null
[15:24:58] Deleting unwanted file: plasmid_files_fasta/CP030267.1_results/errorsummary.val
[15:24:58] Deleting unwanted file: plasmid_files_fasta/CP030267.1_results/PROKKA_10092018.dr
[15:24:58] Deleting unwanted file: plasmid_files_fasta/CP030267.1_results/PROKKA_10092018.fixedproducts
[15:24:58] Deleting unwanted file: plasmid_files_fasta/CP030267.1_results/PROKKA_10092018.ecn
[15:24:58] Deleting unwanted file: plasmid_files_fasta/CP030267.1_results/PROKKA_10092018.val
[15:24:58] Repairing broken .GBK output that tbl2asn produces...
[15:24:58] Running: sed 's/COORDINATES: profile/COORDINATES:profile/' < plasmid_files_fasta\/CP030267\.1_results\/PROKKA_10092018\.gbf > plasmid_files_fasta\/CP030267\.1_results\/PROKKA_10092018\.gbk
[15:24:58] Deleting unwanted file: plasmid_files_fasta/CP030267.1_results/PROKKA_10092018.gbf
[15:24:58] Output files:
[15:24:58] plasmid_files_fasta/CP030267.1_results/PROKKA_10092018.ffn
[15:24:58] plasmid_files_fasta/CP030267.1_results/PROKKA_10092018.tbl
[15:24:58] plasmid_files_fasta/CP030267.1_results/PROKKA_10092018.log
[15:24:58] plasmid_files_fasta/CP030267.1_results/PROKKA_10092018.fna
[15:24:58] plasmid_files_fasta/CP030267.1_results/PROKKA_10092018.fsa
[15:24:58] plasmid_files_fasta/CP030267.1_results/PROKKA_10092018.tsv
[15:24:58] plasmid_files_fasta/CP030267.1_results/PROKKA_10092018.faa
[15:24:58] plasmid_files_fasta/CP030267.1_results/PROKKA_10092018.gbk
[15:24:58] plasmid_files_fasta/CP030267.1_results/PROKKA_10092018.sqn
[15:24:58] plasmid_files_fasta/CP030267.1_results/PROKKA_10092018.err
[15:24:58] plasmid_files_fasta/CP030267.1_results/PROKKA_10092018.txt
[15:24:58] plasmid_files_fasta/CP030267.1_results/PROKKA_10092018.gff
[15:24:58] Annotation finished successfully.
[15:24:58] Walltime used: 0.05 minutes
[15:24:58] If you use this result please cite the Prokka paper:
[15:24:58] Seemann T (2014) Prokka: rapid prokaryotic genome annotation. Bioinformatics. 30(14):2068-9.
[15:24:58] Type 'prokka --citation' for more details.
[15:24:58] Share and enjoy!
