Discrepancy Report Results

Summary
FATAL: MISSING_PROTEIN_ID:93 proteins have invalid IDs.
DISC_SOURCE_QUALS_ASNDISC:strain (all present, all unique)
DISC_SOURCE_QUALS_ASNDISC:taxname (all present, all unique)
DISC_FEATURE_COUNT:CDS: 93 present
DISC_COUNT_NUCLEOTIDES:1 nucleotide Bioseqs are present
FEATURE_LOCATION_CONFLICT:93 features have inconsistent gene locations.
SUSPECT_PRODUCT_NAMES:1 product_names contain suspect phrase or characters
	May contain database identifier more appropriate in note; remove from product name
		1 features Three or more numbers together
DISC_QUALITY_SCORES:Quality scores are missing on all sequences.
ONCALLER_COMMENT_PRESENT:1 comment descriptors were found (all same)
SHORT_PROT_SEQUENCES:1 protein sequences are shorter than 50 aa.
MISSING_GENOMEASSEMBLY_COMMENTS:1 bioseqs are missing GenomeAssembly structured comments
MOLTYPE_NOT_MRNA:1 molecule types are not set as mRNA.
TECHNIQUE_NOT_TSA:1 technique are not set as TSA
MISSING_STRUCTURED_COMMENT:1 sequences do not include structured comments.
MISSING_PROJECT:94 sequences do not include project.
DISC_INCONSISTENT_MOLINFO_TECH:Molinfo Technique Report (some missing, all same)


Detailed Report

FATAL: DiscRep_ALL:MISSING_PROTEIN_ID::93 proteins have invalid IDs.
plasmid_files_fasta/CP032181.1_results/PROKKA_10092018:CP032181.1_1 (length 254)
plasmid_files_fasta/CP032181.1_results/PROKKA_10092018:CP032181.1_2 (length 136)
plasmid_files_fasta/CP032181.1_results/PROKKA_10092018:CP032181.1_3 (length 73)
plasmid_files_fasta/CP032181.1_results/PROKKA_10092018:CP032181.1_4 (length 233)
plasmid_files_fasta/CP032181.1_results/PROKKA_10092018:CP032181.1_5 (length 111)
plasmid_files_fasta/CP032181.1_results/PROKKA_10092018:CP032181.1_6 (length 77)
plasmid_files_fasta/CP032181.1_results/PROKKA_10092018:CP032181.1_7 (length 310)
plasmid_files_fasta/CP032181.1_results/PROKKA_10092018:CP032181.1_8 (length 76)
plasmid_files_fasta/CP032181.1_results/PROKKA_10092018:CP032181.1_9 (length 326)
plasmid_files_fasta/CP032181.1_results/PROKKA_10092018:CP032181.1_10 (length 143)
plasmid_files_fasta/CP032181.1_results/PROKKA_10092018:CP032181.1_11 (length 201)
plasmid_files_fasta/CP032181.1_results/PROKKA_10092018:CP032181.1_12 (length 965)
plasmid_files_fasta/CP032181.1_results/PROKKA_10092018:CP032181.1_13 (length 206)
plasmid_files_fasta/CP032181.1_results/PROKKA_10092018:CP032181.1_14 (length 119)
plasmid_files_fasta/CP032181.1_results/PROKKA_10092018:CP032181.1_15 (length 119)
plasmid_files_fasta/CP032181.1_results/PROKKA_10092018:CP032181.1_16 (length 70)
plasmid_files_fasta/CP032181.1_results/PROKKA_10092018:CP032181.1_17 (length 394)
plasmid_files_fasta/CP032181.1_results/PROKKA_10092018:CP032181.1_18 (length 439)
plasmid_files_fasta/CP032181.1_results/PROKKA_10092018:CP032181.1_19 (length 293)
plasmid_files_fasta/CP032181.1_results/PROKKA_10092018:CP032181.1_20 (length 259)
plasmid_files_fasta/CP032181.1_results/PROKKA_10092018:CP032181.1_21 (length 341)
plasmid_files_fasta/CP032181.1_results/PROKKA_10092018:CP032181.1_22 (length 1009)
plasmid_files_fasta/CP032181.1_results/PROKKA_10092018:CP032181.1_23 (length 571)
plasmid_files_fasta/CP032181.1_results/PROKKA_10092018:CP032181.1_24 (length 51)
plasmid_files_fasta/CP032181.1_results/PROKKA_10092018:CP032181.1_25 (length 330)
plasmid_files_fasta/CP032181.1_results/PROKKA_10092018:CP032181.1_26 (length 53)
plasmid_files_fasta/CP032181.1_results/PROKKA_10092018:CP032181.1_27 (length 203)
plasmid_files_fasta/CP032181.1_results/PROKKA_10092018:CP032181.1_28 (length 117)
plasmid_files_fasta/CP032181.1_results/PROKKA_10092018:CP032181.1_29 (length 339)
plasmid_files_fasta/CP032181.1_results/PROKKA_10092018:CP032181.1_30 (length 183)
plasmid_files_fasta/CP032181.1_results/PROKKA_10092018:CP032181.1_31 (length 102)
plasmid_files_fasta/CP032181.1_results/PROKKA_10092018:CP032181.1_32 (length 216)
plasmid_files_fasta/CP032181.1_results/PROKKA_10092018:CP032181.1_33 (length 73)
plasmid_files_fasta/CP032181.1_results/PROKKA_10092018:CP032181.1_34 (length 198)
plasmid_files_fasta/CP032181.1_results/PROKKA_10092018:CP032181.1_35 (length 197)
plasmid_files_fasta/CP032181.1_results/PROKKA_10092018:CP032181.1_36 (length 241)
plasmid_files_fasta/CP032181.1_results/PROKKA_10092018:CP032181.1_37 (length 1753)
plasmid_files_fasta/CP032181.1_results/PROKKA_10092018:CP032181.1_38 (length 773)
plasmid_files_fasta/CP032181.1_results/PROKKA_10092018:CP032181.1_39 (length 87)
plasmid_files_fasta/CP032181.1_results/PROKKA_10092018:CP032181.1_40 (length 230)
plasmid_files_fasta/CP032181.1_results/PROKKA_10092018:CP032181.1_41 (length 223)
plasmid_files_fasta/CP032181.1_results/PROKKA_10092018:CP032181.1_42 (length 941)
plasmid_files_fasta/CP032181.1_results/PROKKA_10092018:CP032181.1_43 (length 456)
plasmid_files_fasta/CP032181.1_results/PROKKA_10092018:CP032181.1_44 (length 142)
plasmid_files_fasta/CP032181.1_results/PROKKA_10092018:CP032181.1_45 (length 190)
plasmid_files_fasta/CP032181.1_results/PROKKA_10092018:CP032181.1_46 (length 79)
plasmid_files_fasta/CP032181.1_results/PROKKA_10092018:CP032181.1_47 (length 250)
plasmid_files_fasta/CP032181.1_results/PROKKA_10092018:CP032181.1_48 (length 108)
plasmid_files_fasta/CP032181.1_results/PROKKA_10092018:CP032181.1_49 (length 75)
plasmid_files_fasta/CP032181.1_results/PROKKA_10092018:CP032181.1_50 (length 93)
plasmid_files_fasta/CP032181.1_results/PROKKA_10092018:CP032181.1_51 (length 651)
plasmid_files_fasta/CP032181.1_results/PROKKA_10092018:CP032181.1_52 (length 215)
plasmid_files_fasta/CP032181.1_results/PROKKA_10092018:CP032181.1_53 (length 200)
plasmid_files_fasta/CP032181.1_results/PROKKA_10092018:CP032181.1_54 (length 229)
plasmid_files_fasta/CP032181.1_results/PROKKA_10092018:CP032181.1_55 (length 182)
plasmid_files_fasta/CP032181.1_results/PROKKA_10092018:CP032181.1_56 (length 330)
plasmid_files_fasta/CP032181.1_results/PROKKA_10092018:CP032181.1_57 (length 208)
plasmid_files_fasta/CP032181.1_results/PROKKA_10092018:CP032181.1_58 (length 129)
plasmid_files_fasta/CP032181.1_results/PROKKA_10092018:CP032181.1_59 (length 879)
plasmid_files_fasta/CP032181.1_results/PROKKA_10092018:CP032181.1_60 (length 130)
plasmid_files_fasta/CP032181.1_results/PROKKA_10092018:CP032181.1_61 (length 96)
plasmid_files_fasta/CP032181.1_results/PROKKA_10092018:CP032181.1_62 (length 134)
plasmid_files_fasta/CP032181.1_results/PROKKA_10092018:CP032181.1_63 (length 103)
plasmid_files_fasta/CP032181.1_results/PROKKA_10092018:CP032181.1_64 (length 72)
plasmid_files_fasta/CP032181.1_results/PROKKA_10092018:CP032181.1_65 (length 94)
plasmid_files_fasta/CP032181.1_results/PROKKA_10092018:CP032181.1_66 (length 136)
plasmid_files_fasta/CP032181.1_results/PROKKA_10092018:CP032181.1_67 (length 189)
plasmid_files_fasta/CP032181.1_results/PROKKA_10092018:CP032181.1_68 (length 198)
plasmid_files_fasta/CP032181.1_results/PROKKA_10092018:CP032181.1_69 (length 474)
plasmid_files_fasta/CP032181.1_results/PROKKA_10092018:CP032181.1_70 (length 246)
plasmid_files_fasta/CP032181.1_results/PROKKA_10092018:CP032181.1_71 (length 188)
plasmid_files_fasta/CP032181.1_results/PROKKA_10092018:CP032181.1_72 (length 101)
plasmid_files_fasta/CP032181.1_results/PROKKA_10092018:CP032181.1_73 (length 122)
plasmid_files_fasta/CP032181.1_results/PROKKA_10092018:CP032181.1_74 (length 233)
plasmid_files_fasta/CP032181.1_results/PROKKA_10092018:CP032181.1_75 (length 130)
plasmid_files_fasta/CP032181.1_results/PROKKA_10092018:CP032181.1_76 (length 159)
plasmid_files_fasta/CP032181.1_results/PROKKA_10092018:CP032181.1_77 (length 262)
plasmid_files_fasta/CP032181.1_results/PROKKA_10092018:CP032181.1_78 (length 48)
plasmid_files_fasta/CP032181.1_results/PROKKA_10092018:CP032181.1_79 (length 115)
plasmid_files_fasta/CP032181.1_results/PROKKA_10092018:CP032181.1_80 (length 126)
plasmid_files_fasta/CP032181.1_results/PROKKA_10092018:CP032181.1_81 (length 58)
plasmid_files_fasta/CP032181.1_results/PROKKA_10092018:CP032181.1_82 (length 137)
plasmid_files_fasta/CP032181.1_results/PROKKA_10092018:CP032181.1_83 (length 92)
plasmid_files_fasta/CP032181.1_results/PROKKA_10092018:CP032181.1_84 (length 106)
plasmid_files_fasta/CP032181.1_results/PROKKA_10092018:CP032181.1_85 (length 74)
plasmid_files_fasta/CP032181.1_results/PROKKA_10092018:CP032181.1_86 (length 56)
plasmid_files_fasta/CP032181.1_results/PROKKA_10092018:CP032181.1_87 (length 143)
plasmid_files_fasta/CP032181.1_results/PROKKA_10092018:CP032181.1_88 (length 667)
plasmid_files_fasta/CP032181.1_results/PROKKA_10092018:CP032181.1_89 (length 291)
plasmid_files_fasta/CP032181.1_results/PROKKA_10092018:CP032181.1_90 (length 76)
plasmid_files_fasta/CP032181.1_results/PROKKA_10092018:CP032181.1_91 (length 75)
plasmid_files_fasta/CP032181.1_results/PROKKA_10092018:CP032181.1_92 (length 132)
plasmid_files_fasta/CP032181.1_results/PROKKA_10092018:CP032181.1_93 (length 59)

DiscRep_ALL:DISC_SOURCE_QUALS_ASNDISC::strain (all present, all unique)
DiscRep_SUB:DISC_SOURCE_QUALS_ASNDISC::1 sources have unique values for strain
DiscRep_ALL:DISC_SOURCE_QUALS_ASNDISC::taxname (all present, all unique)
DiscRep_SUB:DISC_SOURCE_QUALS_ASNDISC::1 sources have unique values for taxname
DiscRep_ALL:DISC_FEATURE_COUNT::CDS: 93 present
DiscRep_ALL:DISC_COUNT_NUCLEOTIDES::1 nucleotide Bioseqs are present
plasmid_files_fasta/CP032181.1_results/PROKKA_10092018:CP032181.1 (length 81323)

DiscRep_ALL:FEATURE_LOCATION_CONFLICT::93 features have inconsistent gene locations.
DiscRep_SUB:FEATURE_LOCATION_CONFLICT::Coding region xref gene does not exist
plasmid_files_fasta/CP032181.1_results/PROKKA_10092018:CDS	hypothetical protein	CP032181.1:c1297-533	ENFFLKBF_00001

DiscRep_SUB:FEATURE_LOCATION_CONFLICT::Coding region xref gene does not exist
plasmid_files_fasta/CP032181.1_results/PROKKA_10092018:CDS	hypothetical protein	CP032181.1:c1758-1348	ENFFLKBF_00002

DiscRep_SUB:FEATURE_LOCATION_CONFLICT::Coding region xref gene does not exist
plasmid_files_fasta/CP032181.1_results/PROKKA_10092018:CDS	hypothetical protein	CP032181.1:c2025-1804	ENFFLKBF_00003

DiscRep_SUB:FEATURE_LOCATION_CONFLICT::Coding region xref gene does not exist
plasmid_files_fasta/CP032181.1_results/PROKKA_10092018:CDS	DNA adenine methyltransferase YhdJ	CP032181.1:c2726-2025	ENFFLKBF_00004

DiscRep_SUB:FEATURE_LOCATION_CONFLICT::Coding region xref gene does not exist
plasmid_files_fasta/CP032181.1_results/PROKKA_10092018:CDS	hypothetical protein	CP032181.1:c3447-3112	ENFFLKBF_00005

DiscRep_SUB:FEATURE_LOCATION_CONFLICT::Coding region xref gene does not exist
plasmid_files_fasta/CP032181.1_results/PROKKA_10092018:CDS	hypothetical protein	CP032181.1:c3677-3444	ENFFLKBF_00006

DiscRep_SUB:FEATURE_LOCATION_CONFLICT::Coding region xref gene does not exist
plasmid_files_fasta/CP032181.1_results/PROKKA_10092018:CDS	hypothetical protein	CP032181.1:c4644-3712	ENFFLKBF_00007

DiscRep_SUB:FEATURE_LOCATION_CONFLICT::Coding region xref gene does not exist
plasmid_files_fasta/CP032181.1_results/PROKKA_10092018:CDS	hypothetical protein	CP032181.1:c5305-5075	ENFFLKBF_00008

DiscRep_SUB:FEATURE_LOCATION_CONFLICT::Coding region xref gene does not exist
plasmid_files_fasta/CP032181.1_results/PROKKA_10092018:CDS	Plasmid segregation protein ParM	CP032181.1:6004-6984	ENFFLKBF_00009

DiscRep_SUB:FEATURE_LOCATION_CONFLICT::Coding region xref gene does not exist
plasmid_files_fasta/CP032181.1_results/PROKKA_10092018:CDS	Protein StbB	CP032181.1:6987-7418	ENFFLKBF_00010

DiscRep_SUB:FEATURE_LOCATION_CONFLICT::Coding region xref gene does not exist
plasmid_files_fasta/CP032181.1_results/PROKKA_10092018:CDS	Serine recombinase PinR	CP032181.1:c8057-7452	ENFFLKBF_00011

DiscRep_SUB:FEATURE_LOCATION_CONFLICT::Coding region xref gene does not exist
plasmid_files_fasta/CP032181.1_results/PROKKA_10092018:CDS	hypothetical protein	CP032181.1:8152-11049	ENFFLKBF_00012

DiscRep_SUB:FEATURE_LOCATION_CONFLICT::Coding region xref gene does not exist
plasmid_files_fasta/CP032181.1_results/PROKKA_10092018:CDS	Putative transposon Tn552 DNA-invertase bin3	CP032181.1:11138-11758	ENFFLKBF_00013

DiscRep_SUB:FEATURE_LOCATION_CONFLICT::Coding region xref gene does not exist
plasmid_files_fasta/CP032181.1_results/PROKKA_10092018:CDS	hypothetical protein	CP032181.1:11908-12267	ENFFLKBF_00014

DiscRep_SUB:FEATURE_LOCATION_CONFLICT::Coding region xref gene does not exist
plasmid_files_fasta/CP032181.1_results/PROKKA_10092018:CDS	hypothetical protein	CP032181.1:c13283-12924	ENFFLKBF_00015

DiscRep_SUB:FEATURE_LOCATION_CONFLICT::Coding region xref gene does not exist
plasmid_files_fasta/CP032181.1_results/PROKKA_10092018:CDS	hypothetical protein	CP032181.1:c13667-13455	ENFFLKBF_00016

DiscRep_SUB:FEATURE_LOCATION_CONFLICT::Coding region xref gene does not exist
plasmid_files_fasta/CP032181.1_results/PROKKA_10092018:CDS	hypothetical protein	CP032181.1:13787-14971	ENFFLKBF_00017

DiscRep_SUB:FEATURE_LOCATION_CONFLICT::Coding region xref gene does not exist
plasmid_files_fasta/CP032181.1_results/PROKKA_10092018:CDS	hypothetical protein	CP032181.1:15248-16567	ENFFLKBF_00018

DiscRep_SUB:FEATURE_LOCATION_CONFLICT::Coding region xref gene does not exist
plasmid_files_fasta/CP032181.1_results/PROKKA_10092018:CDS	Carbapenem-hydrolyzing beta-lactamase KPC	CP032181.1:c17698-16817	ENFFLKBF_00019

DiscRep_SUB:FEATURE_LOCATION_CONFLICT::Coding region xref gene does not exist
plasmid_files_fasta/CP032181.1_results/PROKKA_10092018:CDS	Insertion sequence IS5376 putative ATP-binding protein	CP032181.1:c18765-17986	ENFFLKBF_00020

DiscRep_SUB:FEATURE_LOCATION_CONFLICT::Coding region xref gene does not exist
plasmid_files_fasta/CP032181.1_results/PROKKA_10092018:CDS	hypothetical protein	CP032181.1:c19787-18762	ENFFLKBF_00021

DiscRep_SUB:FEATURE_LOCATION_CONFLICT::Coding region xref gene does not exist
plasmid_files_fasta/CP032181.1_results/PROKKA_10092018:CDS	hypothetical protein	CP032181.1:c22923-19894	ENFFLKBF_00022

DiscRep_SUB:FEATURE_LOCATION_CONFLICT::Coding region xref gene does not exist
plasmid_files_fasta/CP032181.1_results/PROKKA_10092018:CDS	Tyrosine recombinase XerD	CP032181.1:23033-24748	ENFFLKBF_00023

DiscRep_SUB:FEATURE_LOCATION_CONFLICT::Coding region xref gene does not exist
plasmid_files_fasta/CP032181.1_results/PROKKA_10092018:CDS	hypothetical protein	CP032181.1:25043-25198	ENFFLKBF_00024

DiscRep_SUB:FEATURE_LOCATION_CONFLICT::Coding region xref gene does not exist
plasmid_files_fasta/CP032181.1_results/PROKKA_10092018:CDS	hypothetical protein	CP032181.1:25247-26239	ENFFLKBF_00025

DiscRep_SUB:FEATURE_LOCATION_CONFLICT::Coding region xref gene does not exist
plasmid_files_fasta/CP032181.1_results/PROKKA_10092018:CDS	hypothetical protein	CP032181.1:26266-26427	ENFFLKBF_00026

DiscRep_SUB:FEATURE_LOCATION_CONFLICT::Coding region xref gene does not exist
plasmid_files_fasta/CP032181.1_results/PROKKA_10092018:CDS	hypothetical protein	CP032181.1:c27247-26636	ENFFLKBF_00027

DiscRep_SUB:FEATURE_LOCATION_CONFLICT::Coding region xref gene does not exist
plasmid_files_fasta/CP032181.1_results/PROKKA_10092018:CDS	hypothetical protein	CP032181.1:c27794-27441	ENFFLKBF_00028

DiscRep_SUB:FEATURE_LOCATION_CONFLICT::Coding region xref gene does not exist
plasmid_files_fasta/CP032181.1_results/PROKKA_10092018:CDS	Replication initiation protein	CP032181.1:c30056-29037	ENFFLKBF_00029

DiscRep_SUB:FEATURE_LOCATION_CONFLICT::Coding region xref gene does not exist
plasmid_files_fasta/CP032181.1_results/PROKKA_10092018:CDS	Phospholipase D	CP032181.1:c31104-30553	ENFFLKBF_00030

DiscRep_SUB:FEATURE_LOCATION_CONFLICT::Coding region xref gene does not exist
plasmid_files_fasta/CP032181.1_results/PROKKA_10092018:CDS	hypothetical protein	CP032181.1:c31507-31199	ENFFLKBF_00031

DiscRep_SUB:FEATURE_LOCATION_CONFLICT::Coding region xref gene does not exist
plasmid_files_fasta/CP032181.1_results/PROKKA_10092018:CDS	hypothetical protein	CP032181.1:c32154-31504	ENFFLKBF_00032

DiscRep_SUB:FEATURE_LOCATION_CONFLICT::Coding region xref gene does not exist
plasmid_files_fasta/CP032181.1_results/PROKKA_10092018:CDS	hypothetical protein	CP032181.1:c32431-32210	ENFFLKBF_00033

DiscRep_SUB:FEATURE_LOCATION_CONFLICT::Coding region xref gene does not exist
plasmid_files_fasta/CP032181.1_results/PROKKA_10092018:CDS	hypothetical protein	CP032181.1:c33077-32481	ENFFLKBF_00034

DiscRep_SUB:FEATURE_LOCATION_CONFLICT::Coding region xref gene does not exist
plasmid_files_fasta/CP032181.1_results/PROKKA_10092018:CDS	Fertility inhibition protein	CP032181.1:c33837-33244	ENFFLKBF_00035

DiscRep_SUB:FEATURE_LOCATION_CONFLICT::Coding region xref gene does not exist
plasmid_files_fasta/CP032181.1_results/PROKKA_10092018:CDS	hypothetical protein	CP032181.1:c34719-33994	ENFFLKBF_00036

DiscRep_SUB:FEATURE_LOCATION_CONFLICT::Coding region xref gene does not exist
plasmid_files_fasta/CP032181.1_results/PROKKA_10092018:CDS	Multifunctional conjugation protein TraI	CP032181.1:c40061-34800	ENFFLKBF_00037

DiscRep_SUB:FEATURE_LOCATION_CONFLICT::Coding region xref gene does not exist
plasmid_files_fasta/CP032181.1_results/PROKKA_10092018:CDS	Coupling protein TraD	CP032181.1:c42382-40061	ENFFLKBF_00038

DiscRep_SUB:FEATURE_LOCATION_CONFLICT::Coding region xref gene does not exist
plasmid_files_fasta/CP032181.1_results/PROKKA_10092018:CDS	hypothetical protein	CP032181.1:c42717-42454	ENFFLKBF_00039

DiscRep_SUB:FEATURE_LOCATION_CONFLICT::Coding region xref gene does not exist
plasmid_files_fasta/CP032181.1_results/PROKKA_10092018:CDS	hypothetical protein	CP032181.1:c43430-42738	ENFFLKBF_00040

DiscRep_SUB:FEATURE_LOCATION_CONFLICT::Coding region xref gene does not exist
plasmid_files_fasta/CP032181.1_results/PROKKA_10092018:CDS	Protein TraS	CP032181.1:c44348-43677	ENFFLKBF_00041

DiscRep_SUB:FEATURE_LOCATION_CONFLICT::Coding region xref gene does not exist
plasmid_files_fasta/CP032181.1_results/PROKKA_10092018:CDS	hypothetical protein	CP032181.1:c47190-44365	ENFFLKBF_00042

DiscRep_SUB:FEATURE_LOCATION_CONFLICT::Coding region xref gene does not exist
plasmid_files_fasta/CP032181.1_results/PROKKA_10092018:CDS	hypothetical protein	CP032181.1:c48560-47190	ENFFLKBF_00043

DiscRep_SUB:FEATURE_LOCATION_CONFLICT::Coding region xref gene does not exist
plasmid_files_fasta/CP032181.1_results/PROKKA_10092018:CDS	hypothetical protein	CP032181.1:c48975-48547	ENFFLKBF_00044

DiscRep_SUB:FEATURE_LOCATION_CONFLICT::Coding region xref gene does not exist
plasmid_files_fasta/CP032181.1_results/PROKKA_10092018:CDS	hypothetical protein	CP032181.1:c49540-48968	ENFFLKBF_00045

DiscRep_SUB:FEATURE_LOCATION_CONFLICT::Coding region xref gene does not exist
plasmid_files_fasta/CP032181.1_results/PROKKA_10092018:CDS	Protein TraQ	CP032181.1:c49751-49512	ENFFLKBF_00046

DiscRep_SUB:FEATURE_LOCATION_CONFLICT::Coding region xref gene does not exist
plasmid_files_fasta/CP032181.1_results/PROKKA_10092018:CDS	hypothetical protein	CP032181.1:c50514-49762	ENFFLKBF_00047

DiscRep_SUB:FEATURE_LOCATION_CONFLICT::Coding region xref gene does not exist
plasmid_files_fasta/CP032181.1_results/PROKKA_10092018:CDS	hypothetical protein	CP032181.1:c50861-50535	ENFFLKBF_00048

DiscRep_SUB:FEATURE_LOCATION_CONFLICT::Coding region xref gene does not exist
plasmid_files_fasta/CP032181.1_results/PROKKA_10092018:CDS	hypothetical protein	CP032181.1:c51099-50872	ENFFLKBF_00049

DiscRep_SUB:FEATURE_LOCATION_CONFLICT::Coding region xref gene does not exist
plasmid_files_fasta/CP032181.1_results/PROKKA_10092018:CDS	hypothetical protein	CP032181.1:c51370-51089	ENFFLKBF_00050

DiscRep_SUB:FEATURE_LOCATION_CONFLICT::Coding region xref gene does not exist
plasmid_files_fasta/CP032181.1_results/PROKKA_10092018:CDS	hypothetical protein	CP032181.1:c53358-51403	ENFFLKBF_00051

DiscRep_SUB:FEATURE_LOCATION_CONFLICT::Coding region xref gene does not exist
plasmid_files_fasta/CP032181.1_results/PROKKA_10092018:CDS	hypothetical protein	CP032181.1:c54064-53417	ENFFLKBF_00052

DiscRep_SUB:FEATURE_LOCATION_CONFLICT::Coding region xref gene does not exist
plasmid_files_fasta/CP032181.1_results/PROKKA_10092018:CDS	hypothetical protein	CP032181.1:c54811-54209	ENFFLKBF_00053

DiscRep_SUB:FEATURE_LOCATION_CONFLICT::Coding region xref gene does not exist
plasmid_files_fasta/CP032181.1_results/PROKKA_10092018:CDS	hypothetical protein	CP032181.1:54868-55557	ENFFLKBF_00054

DiscRep_SUB:FEATURE_LOCATION_CONFLICT::Coding region xref gene does not exist
plasmid_files_fasta/CP032181.1_results/PROKKA_10092018:CDS	hypothetical protein	CP032181.1:c56080-55532	ENFFLKBF_00055

DiscRep_SUB:FEATURE_LOCATION_CONFLICT::Coding region xref gene does not exist
plasmid_files_fasta/CP032181.1_results/PROKKA_10092018:CDS	hypothetical protein	CP032181.1:c57087-56095	ENFFLKBF_00056

DiscRep_SUB:FEATURE_LOCATION_CONFLICT::Coding region xref gene does not exist
plasmid_files_fasta/CP032181.1_results/PROKKA_10092018:CDS	hypothetical protein	CP032181.1:c57724-57098	ENFFLKBF_00057

DiscRep_SUB:FEATURE_LOCATION_CONFLICT::Coding region xref gene does not exist
plasmid_files_fasta/CP032181.1_results/PROKKA_10092018:CDS	hypothetical protein	CP032181.1:c58113-57724	ENFFLKBF_00058

DiscRep_SUB:FEATURE_LOCATION_CONFLICT::Coding region xref gene does not exist
plasmid_files_fasta/CP032181.1_results/PROKKA_10092018:CDS	Protein TraC	CP032181.1:c60752-58113	ENFFLKBF_00059

DiscRep_SUB:FEATURE_LOCATION_CONFLICT::Coding region xref gene does not exist
plasmid_files_fasta/CP032181.1_results/PROKKA_10092018:CDS	hypothetical protein	CP032181.1:c61216-60824	ENFFLKBF_00060

DiscRep_SUB:FEATURE_LOCATION_CONFLICT::Coding region xref gene does not exist
plasmid_files_fasta/CP032181.1_results/PROKKA_10092018:CDS	hypothetical protein	CP032181.1:c61520-61230	ENFFLKBF_00061

DiscRep_SUB:FEATURE_LOCATION_CONFLICT::Coding region xref gene does not exist
plasmid_files_fasta/CP032181.1_results/PROKKA_10092018:CDS	hypothetical protein	CP032181.1:c61921-61517	ENFFLKBF_00062

DiscRep_SUB:FEATURE_LOCATION_CONFLICT::Coding region xref gene does not exist
plasmid_files_fasta/CP032181.1_results/PROKKA_10092018:CDS	hypothetical protein	CP032181.1:c62299-61988	ENFFLKBF_00063

DiscRep_SUB:FEATURE_LOCATION_CONFLICT::Coding region xref gene does not exist
plasmid_files_fasta/CP032181.1_results/PROKKA_10092018:CDS	hypothetical protein	CP032181.1:c62518-62300	ENFFLKBF_00064

DiscRep_SUB:FEATURE_LOCATION_CONFLICT::Coding region xref gene does not exist
plasmid_files_fasta/CP032181.1_results/PROKKA_10092018:CDS	hypothetical protein	CP032181.1:c62826-62542	ENFFLKBF_00065

DiscRep_SUB:FEATURE_LOCATION_CONFLICT::Coding region xref gene does not exist
plasmid_files_fasta/CP032181.1_results/PROKKA_10092018:CDS	hypothetical protein	CP032181.1:c63241-62831	ENFFLKBF_00066

DiscRep_SUB:FEATURE_LOCATION_CONFLICT::Coding region xref gene does not exist
plasmid_files_fasta/CP032181.1_results/PROKKA_10092018:CDS	Protein TraV	CP032181.1:c63942-63373	ENFFLKBF_00067

DiscRep_SUB:FEATURE_LOCATION_CONFLICT::Coding region xref gene does not exist
plasmid_files_fasta/CP032181.1_results/PROKKA_10092018:CDS	hypothetical protein	CP032181.1:c64561-63965	ENFFLKBF_00068

DiscRep_SUB:FEATURE_LOCATION_CONFLICT::Coding region xref gene does not exist
plasmid_files_fasta/CP032181.1_results/PROKKA_10092018:CDS	hypothetical protein	CP032181.1:c65978-64554	ENFFLKBF_00069

DiscRep_SUB:FEATURE_LOCATION_CONFLICT::Coding region xref gene does not exist
plasmid_files_fasta/CP032181.1_results/PROKKA_10092018:CDS	hypothetical protein	CP032181.1:c66718-65978	ENFFLKBF_00070

DiscRep_SUB:FEATURE_LOCATION_CONFLICT::Coding region xref gene does not exist
plasmid_files_fasta/CP032181.1_results/PROKKA_10092018:CDS	hypothetical protein	CP032181.1:c67271-66705	ENFFLKBF_00071

DiscRep_SUB:FEATURE_LOCATION_CONFLICT::Coding region xref gene does not exist
plasmid_files_fasta/CP032181.1_results/PROKKA_10092018:CDS	hypothetical protein	CP032181.1:c67596-67291	ENFFLKBF_00072

DiscRep_SUB:FEATURE_LOCATION_CONFLICT::Coding region xref gene does not exist
plasmid_files_fasta/CP032181.1_results/PROKKA_10092018:CDS	Pilin	CP032181.1:c67978-67610	ENFFLKBF_00073

DiscRep_SUB:FEATURE_LOCATION_CONFLICT::Coding region xref gene does not exist
plasmid_files_fasta/CP032181.1_results/PROKKA_10092018:CDS	Protein TraJ	CP032181.1:c69033-68332	ENFFLKBF_00074

DiscRep_SUB:FEATURE_LOCATION_CONFLICT::Coding region xref gene does not exist
plasmid_files_fasta/CP032181.1_results/PROKKA_10092018:CDS	Relaxosome protein TraM	CP032181.1:c69660-69268	ENFFLKBF_00075

DiscRep_SUB:FEATURE_LOCATION_CONFLICT::Coding region xref gene does not exist
plasmid_files_fasta/CP032181.1_results/PROKKA_10092018:CDS	hypothetical protein	CP032181.1:70094-70573	ENFFLKBF_00076

DiscRep_SUB:FEATURE_LOCATION_CONFLICT::Coding region xref gene does not exist
plasmid_files_fasta/CP032181.1_results/PROKKA_10092018:CDS	Antirestriction protein KlcA	CP032181.1:c71399-70611	ENFFLKBF_00077

DiscRep_SUB:FEATURE_LOCATION_CONFLICT::Coding region xref gene does not exist
plasmid_files_fasta/CP032181.1_results/PROKKA_10092018:CDS	hypothetical protein	CP032181.1:c71697-71551	ENFFLKBF_00078

DiscRep_SUB:FEATURE_LOCATION_CONFLICT::Coding region xref gene does not exist
plasmid_files_fasta/CP032181.1_results/PROKKA_10092018:CDS	hypothetical protein	CP032181.1:c72137-71790	ENFFLKBF_00079

DiscRep_SUB:FEATURE_LOCATION_CONFLICT::Coding region xref gene does not exist
plasmid_files_fasta/CP032181.1_results/PROKKA_10092018:CDS	hypothetical protein	CP032181.1:c72584-72204	ENFFLKBF_00080

DiscRep_SUB:FEATURE_LOCATION_CONFLICT::Coding region xref gene does not exist
plasmid_files_fasta/CP032181.1_results/PROKKA_10092018:CDS	hypothetical protein	CP032181.1:c73374-73198	ENFFLKBF_00081

DiscRep_SUB:FEATURE_LOCATION_CONFLICT::Coding region xref gene does not exist
plasmid_files_fasta/CP032181.1_results/PROKKA_10092018:CDS	Antitoxin HigA	CP032181.1:c73817-73404	ENFFLKBF_00082

DiscRep_SUB:FEATURE_LOCATION_CONFLICT::Coding region xref gene does not exist
plasmid_files_fasta/CP032181.1_results/PROKKA_10092018:CDS	Antitoxin HigA1	CP032181.1:c74096-73818	ENFFLKBF_00083

DiscRep_SUB:FEATURE_LOCATION_CONFLICT::Coding region xref gene does not exist
plasmid_files_fasta/CP032181.1_results/PROKKA_10092018:CDS	hypothetical protein	CP032181.1:c74406-74086	ENFFLKBF_00084

DiscRep_SUB:FEATURE_LOCATION_CONFLICT::Coding region xref gene does not exist
plasmid_files_fasta/CP032181.1_results/PROKKA_10092018:CDS	hypothetical protein	CP032181.1:c74711-74487	ENFFLKBF_00085

DiscRep_SUB:FEATURE_LOCATION_CONFLICT::Coding region xref gene does not exist
plasmid_files_fasta/CP032181.1_results/PROKKA_10092018:CDS	hypothetical protein	CP032181.1:c74892-74722	ENFFLKBF_00086

DiscRep_SUB:FEATURE_LOCATION_CONFLICT::Coding region xref gene does not exist
plasmid_files_fasta/CP032181.1_results/PROKKA_10092018:CDS	Protein PsiB	CP032181.1:c75320-74889	ENFFLKBF_00087

DiscRep_SUB:FEATURE_LOCATION_CONFLICT::Coding region xref gene does not exist
plasmid_files_fasta/CP032181.1_results/PROKKA_10092018:CDS	Chromosome-partitioning protein Spo0J	CP032181.1:c77366-75363	ENFFLKBF_00088

DiscRep_SUB:FEATURE_LOCATION_CONFLICT::Coding region xref gene does not exist
plasmid_files_fasta/CP032181.1_results/PROKKA_10092018:CDS	hypothetical protein	CP032181.1:c79138-78263	ENFFLKBF_00089

DiscRep_SUB:FEATURE_LOCATION_CONFLICT::Coding region xref gene does not exist
plasmid_files_fasta/CP032181.1_results/PROKKA_10092018:CDS	hypothetical protein	CP032181.1:c79417-79187	ENFFLKBF_00090

DiscRep_SUB:FEATURE_LOCATION_CONFLICT::Coding region xref gene does not exist
plasmid_files_fasta/CP032181.1_results/PROKKA_10092018:CDS	hypothetical protein	CP032181.1:c79735-79508	ENFFLKBF_00091

DiscRep_SUB:FEATURE_LOCATION_CONFLICT::Coding region xref gene does not exist
plasmid_files_fasta/CP032181.1_results/PROKKA_10092018:CDS	hypothetical protein	CP032181.1:c80929-80531	ENFFLKBF_00092

DiscRep_SUB:FEATURE_LOCATION_CONFLICT::Coding region xref gene does not exist
plasmid_files_fasta/CP032181.1_results/PROKKA_10092018:CDS	hypothetical protein	CP032181.1:c81173-80994	ENFFLKBF_00093

DiscRep_ALL:SUSPECT_PRODUCT_NAMES::1 product_names contain suspect phrase or characters
DiscRep_SUB:SUSPECT_PRODUCT_NAMES::May contain database identifier more appropriate in note; remove from product name
DiscRep_SUB:SUSPECT_PRODUCT_NAMES::1 features Three or more numbers together
plasmid_files_fasta/CP032181.1_results/PROKKA_10092018:CDS	Putative transposon Tn552 DNA-invertase bin3	CP032181.1:11138-11758	ENFFLKBF_00013

DiscRep_ALL:DISC_QUALITY_SCORES::Quality scores are missing on all sequences.

DiscRep_ALL:ONCALLER_COMMENT_PRESENT::1 comment descriptors were found (all same)
plasmid_files_fasta/CP032181.1_results/PROKKA_10092018:CP032181.1:Annotated using prokka 1.14-dev from https://github.com/tseemann/prokka

DiscRep_ALL:SHORT_PROT_SEQUENCES::1 protein sequences are shorter than 50 aa.
plasmid_files_fasta/CP032181.1_results/PROKKA_10092018:CP032181.1_78 (length 48)

DiscRep_ALL:MISSING_GENOMEASSEMBLY_COMMENTS::1 bioseqs are missing GenomeAssembly structured comments
plasmid_files_fasta/CP032181.1_results/PROKKA_10092018:CP032181.1 (length 81323)

DiscRep_ALL:MOLTYPE_NOT_MRNA::1 molecule types are not set as mRNA.
plasmid_files_fasta/CP032181.1_results/PROKKA_10092018:CP032181.1 (length 81323)

DiscRep_ALL:TECHNIQUE_NOT_TSA::1 technique are not set as TSA
plasmid_files_fasta/CP032181.1_results/PROKKA_10092018:CP032181.1 (length 81323)

DiscRep_ALL:MISSING_STRUCTURED_COMMENT::1 sequences do not include structured comments.
plasmid_files_fasta/CP032181.1_results/PROKKA_10092018:CP032181.1 (length 81323)

DiscRep_ALL:MISSING_PROJECT::94 sequences do not include project.
plasmid_files_fasta/CP032181.1_results/PROKKA_10092018:CP032181.1 (length 81323)
plasmid_files_fasta/CP032181.1_results/PROKKA_10092018:CP032181.1_1 (length 254)
plasmid_files_fasta/CP032181.1_results/PROKKA_10092018:CP032181.1_2 (length 136)
plasmid_files_fasta/CP032181.1_results/PROKKA_10092018:CP032181.1_3 (length 73)
plasmid_files_fasta/CP032181.1_results/PROKKA_10092018:CP032181.1_4 (length 233)
plasmid_files_fasta/CP032181.1_results/PROKKA_10092018:CP032181.1_5 (length 111)
plasmid_files_fasta/CP032181.1_results/PROKKA_10092018:CP032181.1_6 (length 77)
plasmid_files_fasta/CP032181.1_results/PROKKA_10092018:CP032181.1_7 (length 310)
plasmid_files_fasta/CP032181.1_results/PROKKA_10092018:CP032181.1_8 (length 76)
plasmid_files_fasta/CP032181.1_results/PROKKA_10092018:CP032181.1_9 (length 326)
plasmid_files_fasta/CP032181.1_results/PROKKA_10092018:CP032181.1_10 (length 143)
plasmid_files_fasta/CP032181.1_results/PROKKA_10092018:CP032181.1_11 (length 201)
plasmid_files_fasta/CP032181.1_results/PROKKA_10092018:CP032181.1_12 (length 965)
plasmid_files_fasta/CP032181.1_results/PROKKA_10092018:CP032181.1_13 (length 206)
plasmid_files_fasta/CP032181.1_results/PROKKA_10092018:CP032181.1_14 (length 119)
plasmid_files_fasta/CP032181.1_results/PROKKA_10092018:CP032181.1_15 (length 119)
plasmid_files_fasta/CP032181.1_results/PROKKA_10092018:CP032181.1_16 (length 70)
plasmid_files_fasta/CP032181.1_results/PROKKA_10092018:CP032181.1_17 (length 394)
plasmid_files_fasta/CP032181.1_results/PROKKA_10092018:CP032181.1_18 (length 439)
plasmid_files_fasta/CP032181.1_results/PROKKA_10092018:CP032181.1_19 (length 293)
plasmid_files_fasta/CP032181.1_results/PROKKA_10092018:CP032181.1_20 (length 259)
plasmid_files_fasta/CP032181.1_results/PROKKA_10092018:CP032181.1_21 (length 341)
plasmid_files_fasta/CP032181.1_results/PROKKA_10092018:CP032181.1_22 (length 1009)
plasmid_files_fasta/CP032181.1_results/PROKKA_10092018:CP032181.1_23 (length 571)
plasmid_files_fasta/CP032181.1_results/PROKKA_10092018:CP032181.1_24 (length 51)
plasmid_files_fasta/CP032181.1_results/PROKKA_10092018:CP032181.1_25 (length 330)
plasmid_files_fasta/CP032181.1_results/PROKKA_10092018:CP032181.1_26 (length 53)
plasmid_files_fasta/CP032181.1_results/PROKKA_10092018:CP032181.1_27 (length 203)
plasmid_files_fasta/CP032181.1_results/PROKKA_10092018:CP032181.1_28 (length 117)
plasmid_files_fasta/CP032181.1_results/PROKKA_10092018:CP032181.1_29 (length 339)
plasmid_files_fasta/CP032181.1_results/PROKKA_10092018:CP032181.1_30 (length 183)
plasmid_files_fasta/CP032181.1_results/PROKKA_10092018:CP032181.1_31 (length 102)
plasmid_files_fasta/CP032181.1_results/PROKKA_10092018:CP032181.1_32 (length 216)
plasmid_files_fasta/CP032181.1_results/PROKKA_10092018:CP032181.1_33 (length 73)
plasmid_files_fasta/CP032181.1_results/PROKKA_10092018:CP032181.1_34 (length 198)
plasmid_files_fasta/CP032181.1_results/PROKKA_10092018:CP032181.1_35 (length 197)
plasmid_files_fasta/CP032181.1_results/PROKKA_10092018:CP032181.1_36 (length 241)
plasmid_files_fasta/CP032181.1_results/PROKKA_10092018:CP032181.1_37 (length 1753)
plasmid_files_fasta/CP032181.1_results/PROKKA_10092018:CP032181.1_38 (length 773)
plasmid_files_fasta/CP032181.1_results/PROKKA_10092018:CP032181.1_39 (length 87)
plasmid_files_fasta/CP032181.1_results/PROKKA_10092018:CP032181.1_40 (length 230)
plasmid_files_fasta/CP032181.1_results/PROKKA_10092018:CP032181.1_41 (length 223)
plasmid_files_fasta/CP032181.1_results/PROKKA_10092018:CP032181.1_42 (length 941)
plasmid_files_fasta/CP032181.1_results/PROKKA_10092018:CP032181.1_43 (length 456)
plasmid_files_fasta/CP032181.1_results/PROKKA_10092018:CP032181.1_44 (length 142)
plasmid_files_fasta/CP032181.1_results/PROKKA_10092018:CP032181.1_45 (length 190)
plasmid_files_fasta/CP032181.1_results/PROKKA_10092018:CP032181.1_46 (length 79)
plasmid_files_fasta/CP032181.1_results/PROKKA_10092018:CP032181.1_47 (length 250)
plasmid_files_fasta/CP032181.1_results/PROKKA_10092018:CP032181.1_48 (length 108)
plasmid_files_fasta/CP032181.1_results/PROKKA_10092018:CP032181.1_49 (length 75)
plasmid_files_fasta/CP032181.1_results/PROKKA_10092018:CP032181.1_50 (length 93)
plasmid_files_fasta/CP032181.1_results/PROKKA_10092018:CP032181.1_51 (length 651)
plasmid_files_fasta/CP032181.1_results/PROKKA_10092018:CP032181.1_52 (length 215)
plasmid_files_fasta/CP032181.1_results/PROKKA_10092018:CP032181.1_53 (length 200)
plasmid_files_fasta/CP032181.1_results/PROKKA_10092018:CP032181.1_54 (length 229)
plasmid_files_fasta/CP032181.1_results/PROKKA_10092018:CP032181.1_55 (length 182)
plasmid_files_fasta/CP032181.1_results/PROKKA_10092018:CP032181.1_56 (length 330)
plasmid_files_fasta/CP032181.1_results/PROKKA_10092018:CP032181.1_57 (length 208)
plasmid_files_fasta/CP032181.1_results/PROKKA_10092018:CP032181.1_58 (length 129)
plasmid_files_fasta/CP032181.1_results/PROKKA_10092018:CP032181.1_59 (length 879)
plasmid_files_fasta/CP032181.1_results/PROKKA_10092018:CP032181.1_60 (length 130)
plasmid_files_fasta/CP032181.1_results/PROKKA_10092018:CP032181.1_61 (length 96)
plasmid_files_fasta/CP032181.1_results/PROKKA_10092018:CP032181.1_62 (length 134)
plasmid_files_fasta/CP032181.1_results/PROKKA_10092018:CP032181.1_63 (length 103)
plasmid_files_fasta/CP032181.1_results/PROKKA_10092018:CP032181.1_64 (length 72)
plasmid_files_fasta/CP032181.1_results/PROKKA_10092018:CP032181.1_65 (length 94)
plasmid_files_fasta/CP032181.1_results/PROKKA_10092018:CP032181.1_66 (length 136)
plasmid_files_fasta/CP032181.1_results/PROKKA_10092018:CP032181.1_67 (length 189)
plasmid_files_fasta/CP032181.1_results/PROKKA_10092018:CP032181.1_68 (length 198)
plasmid_files_fasta/CP032181.1_results/PROKKA_10092018:CP032181.1_69 (length 474)
plasmid_files_fasta/CP032181.1_results/PROKKA_10092018:CP032181.1_70 (length 246)
plasmid_files_fasta/CP032181.1_results/PROKKA_10092018:CP032181.1_71 (length 188)
plasmid_files_fasta/CP032181.1_results/PROKKA_10092018:CP032181.1_72 (length 101)
plasmid_files_fasta/CP032181.1_results/PROKKA_10092018:CP032181.1_73 (length 122)
plasmid_files_fasta/CP032181.1_results/PROKKA_10092018:CP032181.1_74 (length 233)
plasmid_files_fasta/CP032181.1_results/PROKKA_10092018:CP032181.1_75 (length 130)
plasmid_files_fasta/CP032181.1_results/PROKKA_10092018:CP032181.1_76 (length 159)
plasmid_files_fasta/CP032181.1_results/PROKKA_10092018:CP032181.1_77 (length 262)
plasmid_files_fasta/CP032181.1_results/PROKKA_10092018:CP032181.1_78 (length 48)
plasmid_files_fasta/CP032181.1_results/PROKKA_10092018:CP032181.1_79 (length 115)
plasmid_files_fasta/CP032181.1_results/PROKKA_10092018:CP032181.1_80 (length 126)
plasmid_files_fasta/CP032181.1_results/PROKKA_10092018:CP032181.1_81 (length 58)
plasmid_files_fasta/CP032181.1_results/PROKKA_10092018:CP032181.1_82 (length 137)
plasmid_files_fasta/CP032181.1_results/PROKKA_10092018:CP032181.1_83 (length 92)
plasmid_files_fasta/CP032181.1_results/PROKKA_10092018:CP032181.1_84 (length 106)
plasmid_files_fasta/CP032181.1_results/PROKKA_10092018:CP032181.1_85 (length 74)
plasmid_files_fasta/CP032181.1_results/PROKKA_10092018:CP032181.1_86 (length 56)
plasmid_files_fasta/CP032181.1_results/PROKKA_10092018:CP032181.1_87 (length 143)
plasmid_files_fasta/CP032181.1_results/PROKKA_10092018:CP032181.1_88 (length 667)
plasmid_files_fasta/CP032181.1_results/PROKKA_10092018:CP032181.1_89 (length 291)
plasmid_files_fasta/CP032181.1_results/PROKKA_10092018:CP032181.1_90 (length 76)
plasmid_files_fasta/CP032181.1_results/PROKKA_10092018:CP032181.1_91 (length 75)
plasmid_files_fasta/CP032181.1_results/PROKKA_10092018:CP032181.1_92 (length 132)
plasmid_files_fasta/CP032181.1_results/PROKKA_10092018:CP032181.1_93 (length 59)

DiscRep_ALL:DISC_INCONSISTENT_MOLINFO_TECH::Molinfo Technique Report (some missing, all same)
DiscRep_SUB:DISC_INCONSISTENT_MOLINFO_TECH::technique (all missing)
DiscRep_SUB:DISC_INCONSISTENT_MOLINFO_TECH::1 Molinfos are missing field technique
plasmid_files_fasta/CP032181.1_results/PROKKA_10092018:CP032181.1 (length 81323)

