[15:34:07] This is prokka 1.14-dev
[15:34:07] Written by Torsten Seemann <torsten.seemann@gmail.com>
[15:34:07] Homepage is https://github.com/tseemann/prokka
[15:34:07] Local time is Tue Oct  9 15:34:07 2018
[15:34:07] You are christian
[15:34:07] Operating system is linux
[15:34:07] You have BioPerl 1.007002
[15:34:07] System has 20 cores.
[15:34:07] Will use maximum of 20 cores.
[15:34:07] Annotating as >>> Bacteria <<<
[15:34:07] Generating locus_tag from 'plasmid_files_fasta/MH263653.1.fasta' contents.
[15:34:07] Setting --locustag BMAEAACI from MD5 b6aeaac2219d0ef131f6a599ef7a6a4b
[15:34:07] Creating new output folder: plasmid_files_fasta/MH263653.1_results
[15:34:07] Running: mkdir -p plasmid_files_fasta\/MH263653\.1_results
[15:34:07] Using filename prefix: PROKKA_10092018.XXX
[15:34:07] Setting HMMER_NCPU=1
[15:34:07] Writing log to: plasmid_files_fasta/MH263653.1_results/PROKKA_10092018.log
[15:34:07] Command: /home/christian/install/prokka/bin/prokka plasmid_files_fasta/MH263653.1.fasta --outdir plasmid_files_fasta/MH263653.1_results --cpus 20 --force
[15:34:07] Appending to PATH: /home/christian/install/prokka/bin/../binaries/linux
[15:34:07] Appending to PATH: /home/christian/install/prokka/bin/../binaries/linux/../common
[15:34:07] Appending to PATH: /home/christian/install/prokka/bin
[15:34:07] Looking for 'aragorn' - found /home/christian/install/prokka/bin/../binaries/linux/aragorn
[15:34:07] Determined aragorn version is 1.2
[15:34:07] Looking for 'blastp' - found /usr/bin/blastp
[15:34:07] Determined blastp version is 2.2
[15:34:07] Looking for 'cmpress' - found /usr/local/bin/cmpress
[15:34:07] Determined cmpress version is 1.1
[15:34:07] Looking for 'cmscan' - found /usr/local/bin/cmscan
[15:34:07] Determined cmscan version is 1.1
[15:34:07] Looking for 'egrep' - found /bin/egrep
[15:34:07] Looking for 'find' - found /usr/bin/find
[15:34:07] Looking for 'grep' - found /bin/grep
[15:34:07] Looking for 'hmmpress' - found /usr/local/bin/hmmpress
[15:34:07] Determined hmmpress version is 3.1
[15:34:07] Looking for 'hmmscan' - found /usr/local/bin/hmmscan
[15:34:07] Determined hmmscan version is 3.1
[15:34:07] Looking for 'java' - found /usr/bin/java
[15:34:07] Looking for 'less' - found /usr/bin/less
[15:34:07] Looking for 'makeblastdb' - found /usr/bin/makeblastdb
[15:34:07] Determined makeblastdb version is 2.2
[15:34:07] Looking for 'minced' - found /home/christian/install/prokka/bin/../binaries/linux/../common/minced
[15:34:07] Determined minced version is 2.0
[15:34:07] Looking for 'parallel' - found /usr/bin/parallel
[15:34:07] Determined parallel version is 20141022
[15:34:07] Looking for 'prodigal' - found /usr/local/bin/prodigal
[15:34:07] Determined prodigal version is 2.6
[15:34:07] Looking for 'prokka-genbank_to_fasta_db' - found /home/christian/install/prokka/bin/prokka-genbank_to_fasta_db
[15:34:07] Looking for 'sed' - found /bin/sed
[15:34:07] Looking for 'tbl2asn' - found /home/christian/install/prokka/bin/../binaries/linux/tbl2asn
[15:34:07] Determined tbl2asn version is 25.6
[15:34:07] Using genetic code table 11.
[15:34:07] Loading and checking input file: plasmid_files_fasta/MH263653.1.fasta
[15:34:07] Wrote 1 contigs totalling 126126 bp.
[15:34:07] Predicting tRNAs and tmRNAs
[15:34:07] Running: aragorn -l -gc11  -w plasmid_files_fasta\/MH263653\.1_results\/PROKKA_10092018\.fna
[15:34:07] Found 0 tRNAs
[15:34:07] Predicting Ribosomal RNAs
[15:34:07] You need either Barrnap or RNAmmer installed to predict rRNAs!
[15:34:07] Skipping ncRNA search, enable with --rfam if desired.
[15:34:07] Total of 0 tRNA + rRNA features
[15:34:07] Searching for CRISPR repeats
[15:34:07] Found 0 CRISPRs
[15:34:07] Predicting coding sequences
[15:34:07] Contigs total 126126 bp, so using single mode
[15:34:07] Running: prodigal -i plasmid_files_fasta\/MH263653\.1_results\/PROKKA_10092018\.fna -c -m -g 11 -p single -f sco -q
[15:34:08] Found 175 CDS
[15:34:08] Connecting features back to sequences
[15:34:08] Not using genus-specific database. Try --usegenus to enable it.
[15:34:08] Annotating CDS, please be patient.
[15:34:08] Will use 20 CPUs for similarity searching.
[15:34:08] There are still 175 unannotated CDS left (started with 175)
[15:34:08] Will use blast to search against /home/christian/install/prokka/db/kingdom/Bacteria/sprot with 20 CPUs
[15:34:08] Running: cat plasmid_files_fasta\/MH263653\.1_results\/sprot\.faa | parallel --gnu --plain -j 20 --block 861 --recstart '>' --pipe blastp -query - -db /home/christian/install/prokka/db/kingdom/Bacteria/sprot -evalue 1e-06 -num_threads 1 -num_descriptions 1 -num_alignments 1 -seg no > plasmid_files_fasta\/MH263653\.1_results\/sprot\.blast 2> /dev/null
[15:34:09] Modify product: UPF0401 protein YkfF => hypothetical protein
[15:34:09] Modify product: Uncharacterized signaling protein PA1727 => putative signaling protein
[15:34:09] Modify product: UPF0401 protein YkfF => hypothetical protein
[15:34:09] Cleaned 3 /product names
[15:34:09] Deleting unwanted file: plasmid_files_fasta/MH263653.1_results/sprot.faa
[15:34:09] Deleting unwanted file: plasmid_files_fasta/MH263653.1_results/sprot.blast
[15:34:09] There are still 109 unannotated CDS left (started with 175)
[15:34:09] Will use hmmer3 to search against /home/christian/install/prokka/db/hmm/HAMAP.hmm with 20 CPUs
[15:34:09] Running: cat plasmid_files_fasta\/MH263653\.1_results\/HAMAP\.hmm\.faa | parallel --gnu --plain -j 20 --block 484 --recstart '>' --pipe hmmscan --noali --notextw --acc -E 1e-06 --cpu 1 /home/christian/install/prokka/db/hmm/HAMAP.hmm /dev/stdin > plasmid_files_fasta\/MH263653\.1_results\/HAMAP\.hmm\.hmmer3 2> /dev/null
[15:34:10] Deleting unwanted file: plasmid_files_fasta/MH263653.1_results/HAMAP.hmm.faa
[15:34:10] Deleting unwanted file: plasmid_files_fasta/MH263653.1_results/HAMAP.hmm.hmmer3
[15:34:10] Labelling remaining 107 proteins as 'hypothetical protein'
[15:34:10] Possible /pseudo '3-oxo-tetronate kinase' at MH263653.1 position 54178
[15:34:10] Found 48 unique /gene codes.
[15:34:10] Fixed 2 duplicate /gene - tnpR_1 tnpR_2
[15:34:10] Fixed 2 duplicate /gene - traJ_1 traJ_2
[15:34:10] Fixed 3 duplicate /gene - klcA_1 klcA_2 klcA_3
[15:34:10] Fixed 2 duplicate /gene - flmA_1 flmA_2
[15:34:10] Fixed 4 duplicate /gene - bla_1 bla_2 bla_3 bla_4
[15:34:10] Fixed 2 duplicate /gene - traA_1 traA_2
[15:34:10] Fixed 2 duplicate /gene - yhdJ_1 yhdJ_2
[15:34:10] Fixed 2 duplicate /gene - otnK_1 otnK_2
[15:34:10] Fixed 2 duplicate /gene - parM_1 parM_2
[15:34:10] Fixed 2 duplicate /gene - spo0C_1 spo0C_2
[15:34:10] Fixed 2 duplicate /gene - ssb_1 ssb_2
[15:34:10] Fixed 2 duplicate /gene - traM_1 traM_2
[15:34:10] Fixed 2 duplicate /gene - psiB_1 psiB_2
[15:34:10] Fixed 2 duplicate /gene - ltrA_1 ltrA_2
[15:34:10] Fixed 14 colliding /gene names.
[15:34:10] Adding /locus_tag identifiers
[15:34:10] Assigned 175 locus_tags to CDS and RNA features.
[15:34:10] Writing outputs to plasmid_files_fasta/MH263653.1_results/
[15:34:10] Generating annotation statistics file
[15:34:10] Generating Genbank and Sequin files
[15:34:10] Running: tbl2asn -V b -a r10k -l paired-ends -M n -N 1 -y 'Annotated using prokka 1.14-dev from https://github.com/tseemann/prokka' -Z plasmid_files_fasta\/MH263653\.1_results\/PROKKA_10092018\.err -i plasmid_files_fasta\/MH263653\.1_results\/PROKKA_10092018\.fsa 2> /dev/null
[15:34:10] Deleting unwanted file: plasmid_files_fasta/MH263653.1_results/errorsummary.val
[15:34:10] Deleting unwanted file: plasmid_files_fasta/MH263653.1_results/PROKKA_10092018.dr
[15:34:10] Deleting unwanted file: plasmid_files_fasta/MH263653.1_results/PROKKA_10092018.fixedproducts
[15:34:10] Deleting unwanted file: plasmid_files_fasta/MH263653.1_results/PROKKA_10092018.ecn
[15:34:10] Deleting unwanted file: plasmid_files_fasta/MH263653.1_results/PROKKA_10092018.val
[15:34:10] Repairing broken .GBK output that tbl2asn produces...
[15:34:10] Running: sed 's/COORDINATES: profile/COORDINATES:profile/' < plasmid_files_fasta\/MH263653\.1_results\/PROKKA_10092018\.gbf > plasmid_files_fasta\/MH263653\.1_results\/PROKKA_10092018\.gbk
[15:34:10] Deleting unwanted file: plasmid_files_fasta/MH263653.1_results/PROKKA_10092018.gbf
[15:34:10] Output files:
[15:34:10] plasmid_files_fasta/MH263653.1_results/PROKKA_10092018.ffn
[15:34:10] plasmid_files_fasta/MH263653.1_results/PROKKA_10092018.tbl
[15:34:10] plasmid_files_fasta/MH263653.1_results/PROKKA_10092018.log
[15:34:10] plasmid_files_fasta/MH263653.1_results/PROKKA_10092018.fna
[15:34:10] plasmid_files_fasta/MH263653.1_results/PROKKA_10092018.fsa
[15:34:10] plasmid_files_fasta/MH263653.1_results/PROKKA_10092018.tsv
[15:34:10] plasmid_files_fasta/MH263653.1_results/PROKKA_10092018.faa
[15:34:10] plasmid_files_fasta/MH263653.1_results/PROKKA_10092018.gbk
[15:34:10] plasmid_files_fasta/MH263653.1_results/PROKKA_10092018.sqn
[15:34:10] plasmid_files_fasta/MH263653.1_results/PROKKA_10092018.err
[15:34:10] plasmid_files_fasta/MH263653.1_results/PROKKA_10092018.txt
[15:34:10] plasmid_files_fasta/MH263653.1_results/PROKKA_10092018.gff
[15:34:10] Annotation finished successfully.
[15:34:10] Walltime used: 0.05 minutes
[15:34:10] If you use this result please cite the Prokka paper:
[15:34:10] Seemann T (2014) Prokka: rapid prokaryotic genome annotation. Bioinformatics. 30(14):2068-9.
[15:34:10] Type 'prokka --citation' for more details.
[15:34:10] Share and enjoy!
