[15:12:50] This is prokka 1.14-dev
[15:12:50] Written by Torsten Seemann <torsten.seemann@gmail.com>
[15:12:50] Homepage is https://github.com/tseemann/prokka
[15:12:50] Local time is Tue Oct  9 15:12:50 2018
[15:12:50] You are christian
[15:12:50] Operating system is linux
[15:12:50] You have BioPerl 1.007002
[15:12:50] System has 20 cores.
[15:12:50] Will use maximum of 20 cores.
[15:12:50] Annotating as >>> Bacteria <<<
[15:12:50] Generating locus_tag from 'plasmid_files_fasta/CP007558.1.fasta' contents.
[15:12:50] Setting --locustag HCOCKMLM from MD5 1c8c4656595ed2b1ba366d538d263b0c
[15:12:50] Creating new output folder: plasmid_files_fasta/CP007558.1_results
[15:12:50] Running: mkdir -p plasmid_files_fasta\/CP007558\.1_results
[15:12:50] Using filename prefix: PROKKA_10092018.XXX
[15:12:50] Setting HMMER_NCPU=1
[15:12:50] Writing log to: plasmid_files_fasta/CP007558.1_results/PROKKA_10092018.log
[15:12:50] Command: /home/christian/install/prokka/bin/prokka plasmid_files_fasta/CP007558.1.fasta --outdir plasmid_files_fasta/CP007558.1_results --cpus 20 --force
[15:12:50] Appending to PATH: /home/christian/install/prokka/bin/../binaries/linux
[15:12:50] Appending to PATH: /home/christian/install/prokka/bin/../binaries/linux/../common
[15:12:50] Appending to PATH: /home/christian/install/prokka/bin
[15:12:50] Looking for 'aragorn' - found /home/christian/install/prokka/bin/../binaries/linux/aragorn
[15:12:50] Determined aragorn version is 1.2
[15:12:50] Looking for 'blastp' - found /usr/bin/blastp
[15:12:50] Determined blastp version is 2.2
[15:12:50] Looking for 'cmpress' - found /usr/local/bin/cmpress
[15:12:50] Determined cmpress version is 1.1
[15:12:50] Looking for 'cmscan' - found /usr/local/bin/cmscan
[15:12:50] Determined cmscan version is 1.1
[15:12:50] Looking for 'egrep' - found /bin/egrep
[15:12:50] Looking for 'find' - found /usr/bin/find
[15:12:50] Looking for 'grep' - found /bin/grep
[15:12:50] Looking for 'hmmpress' - found /usr/local/bin/hmmpress
[15:12:50] Determined hmmpress version is 3.1
[15:12:50] Looking for 'hmmscan' - found /usr/local/bin/hmmscan
[15:12:50] Determined hmmscan version is 3.1
[15:12:50] Looking for 'java' - found /usr/bin/java
[15:12:50] Looking for 'less' - found /usr/bin/less
[15:12:50] Looking for 'makeblastdb' - found /usr/bin/makeblastdb
[15:12:50] Determined makeblastdb version is 2.2
[15:12:50] Looking for 'minced' - found /home/christian/install/prokka/bin/../binaries/linux/../common/minced
[15:12:50] Determined minced version is 2.0
[15:12:50] Looking for 'parallel' - found /usr/bin/parallel
[15:12:51] Determined parallel version is 20141022
[15:12:51] Looking for 'prodigal' - found /usr/local/bin/prodigal
[15:12:51] Determined prodigal version is 2.6
[15:12:51] Looking for 'prokka-genbank_to_fasta_db' - found /home/christian/install/prokka/bin/prokka-genbank_to_fasta_db
[15:12:51] Looking for 'sed' - found /bin/sed
[15:12:51] Looking for 'tbl2asn' - found /home/christian/install/prokka/bin/../binaries/linux/tbl2asn
[15:12:51] Determined tbl2asn version is 25.6
[15:12:51] Using genetic code table 11.
[15:12:51] Loading and checking input file: plasmid_files_fasta/CP007558.1.fasta
[15:12:51] Wrote 1 contigs totalling 272297 bp.
[15:12:51] Predicting tRNAs and tmRNAs
[15:12:51] Running: aragorn -l -gc11  -w plasmid_files_fasta\/CP007558\.1_results\/PROKKA_10092018\.fna
[15:12:51] Found 0 tRNAs
[15:12:51] Predicting Ribosomal RNAs
[15:12:51] You need either Barrnap or RNAmmer installed to predict rRNAs!
[15:12:51] Skipping ncRNA search, enable with --rfam if desired.
[15:12:51] Total of 0 tRNA + rRNA features
[15:12:51] Searching for CRISPR repeats
[15:12:51] Found 0 CRISPRs
[15:12:51] Predicting coding sequences
[15:12:51] Contigs total 272297 bp, so using single mode
[15:12:51] Running: prodigal -i plasmid_files_fasta\/CP007558\.1_results\/PROKKA_10092018\.fna -c -m -g 11 -p single -f sco -q
[15:12:51] Found 321 CDS
[15:12:51] Connecting features back to sequences
[15:12:51] Not using genus-specific database. Try --usegenus to enable it.
[15:12:51] Annotating CDS, please be patient.
[15:12:51] Will use 20 CPUs for similarity searching.
[15:12:51] There are still 321 unannotated CDS left (started with 321)
[15:12:51] Will use blast to search against /home/christian/install/prokka/db/kingdom/Bacteria/sprot with 20 CPUs
[15:12:51] Running: cat plasmid_files_fasta\/CP007558\.1_results\/sprot\.faa | parallel --gnu --plain -j 20 --block 2024 --recstart '>' --pipe blastp -query - -db /home/christian/install/prokka/db/kingdom/Bacteria/sprot -evalue 1e-06 -num_threads 1 -num_descriptions 1 -num_alignments 1 -seg no > plasmid_files_fasta\/CP007558\.1_results\/sprot\.blast 2> /dev/null
[15:12:53] Modify product: Probable BsuMI modification methylase subunit YdiO => putative BsuMI modification methylase subunit YdiO
[15:12:53] Modify product: Uncharacterized protein YcbX => putative protein YcbX
[15:12:53] Modify product: Uncharacterized sugar epimerase YhfK => putative sugar epimerase YhfK
[15:12:53] Modify product: Uncharacterized cysteine-rich protein YhjQ => putative cysteine-rich protein YhjQ
[15:12:53] Modify product: Uncharacterized signaling protein PA1727 => putative signaling protein
[15:12:53] Modify product: Pentapeptide repeat protein VPA0095 => Pentapeptide repeat protein
[15:12:53] Modify product: Uncharacterized ABC transporter ATP-binding protein YbiT => putative ABC transporter ATP-binding protein YbiT
[15:12:53] Cleaned 7 /product names
[15:12:53] Deleting unwanted file: plasmid_files_fasta/CP007558.1_results/sprot.faa
[15:12:53] Deleting unwanted file: plasmid_files_fasta/CP007558.1_results/sprot.blast
[15:12:53] There are still 227 unannotated CDS left (started with 321)
[15:12:53] Will use hmmer3 to search against /home/christian/install/prokka/db/hmm/HAMAP.hmm with 20 CPUs
[15:12:53] Running: cat plasmid_files_fasta\/CP007558\.1_results\/HAMAP\.hmm\.faa | parallel --gnu --plain -j 20 --block 1291 --recstart '>' --pipe hmmscan --noali --notextw --acc -E 1e-06 --cpu 1 /home/christian/install/prokka/db/hmm/HAMAP.hmm /dev/stdin > plasmid_files_fasta\/CP007558\.1_results\/HAMAP\.hmm\.hmmer3 2> /dev/null
[15:12:55] Deleting unwanted file: plasmid_files_fasta/CP007558.1_results/HAMAP.hmm.faa
[15:12:55] Deleting unwanted file: plasmid_files_fasta/CP007558.1_results/HAMAP.hmm.hmmer3
[15:12:55] Labelling remaining 218 proteins as 'hypothetical protein'
[15:12:55] Found 87 unique /gene codes.
[15:12:55] Fixed 2 duplicate /gene - emrE_1 emrE_2
[15:12:55] Fixed 4 duplicate /gene - folP_1 folP_2 folP_3 folP_4
[15:12:55] Fixed 5 duplicate /gene - xerD_1 xerD_2 xerD_3 xerD_4 xerD_5
[15:12:55] Fixed 4 duplicate /gene - hin_1 hin_2 hin_3 hin_4
[15:12:55] Fixed 2 duplicate /gene - bla_1 bla_2
[15:12:55] Fixed 5 colliding /gene names.
[15:12:55] Adding /locus_tag identifiers
[15:12:55] Assigned 321 locus_tags to CDS and RNA features.
[15:12:55] Writing outputs to plasmid_files_fasta/CP007558.1_results/
[15:12:55] Generating annotation statistics file
[15:12:55] Generating Genbank and Sequin files
[15:12:55] Running: tbl2asn -V b -a r10k -l paired-ends -M n -N 1 -y 'Annotated using prokka 1.14-dev from https://github.com/tseemann/prokka' -Z plasmid_files_fasta\/CP007558\.1_results\/PROKKA_10092018\.err -i plasmid_files_fasta\/CP007558\.1_results\/PROKKA_10092018\.fsa 2> /dev/null
[15:12:55] Deleting unwanted file: plasmid_files_fasta/CP007558.1_results/errorsummary.val
[15:12:55] Deleting unwanted file: plasmid_files_fasta/CP007558.1_results/PROKKA_10092018.dr
[15:12:55] Deleting unwanted file: plasmid_files_fasta/CP007558.1_results/PROKKA_10092018.fixedproducts
[15:12:55] Deleting unwanted file: plasmid_files_fasta/CP007558.1_results/PROKKA_10092018.ecn
[15:12:55] Deleting unwanted file: plasmid_files_fasta/CP007558.1_results/PROKKA_10092018.val
[15:12:55] Repairing broken .GBK output that tbl2asn produces...
[15:12:55] Running: sed 's/COORDINATES: profile/COORDINATES:profile/' < plasmid_files_fasta\/CP007558\.1_results\/PROKKA_10092018\.gbf > plasmid_files_fasta\/CP007558\.1_results\/PROKKA_10092018\.gbk
[15:12:55] Deleting unwanted file: plasmid_files_fasta/CP007558.1_results/PROKKA_10092018.gbf
[15:12:55] Output files:
[15:12:55] plasmid_files_fasta/CP007558.1_results/PROKKA_10092018.ffn
[15:12:55] plasmid_files_fasta/CP007558.1_results/PROKKA_10092018.tbl
[15:12:55] plasmid_files_fasta/CP007558.1_results/PROKKA_10092018.log
[15:12:55] plasmid_files_fasta/CP007558.1_results/PROKKA_10092018.fna
[15:12:55] plasmid_files_fasta/CP007558.1_results/PROKKA_10092018.fsa
[15:12:55] plasmid_files_fasta/CP007558.1_results/PROKKA_10092018.tsv
[15:12:55] plasmid_files_fasta/CP007558.1_results/PROKKA_10092018.faa
[15:12:55] plasmid_files_fasta/CP007558.1_results/PROKKA_10092018.gbk
[15:12:55] plasmid_files_fasta/CP007558.1_results/PROKKA_10092018.sqn
[15:12:55] plasmid_files_fasta/CP007558.1_results/PROKKA_10092018.err
[15:12:55] plasmid_files_fasta/CP007558.1_results/PROKKA_10092018.txt
[15:12:55] plasmid_files_fasta/CP007558.1_results/PROKKA_10092018.gff
[15:12:55] Annotation finished successfully.
[15:12:55] Walltime used: 0.08 minutes
[15:12:55] If you use this result please cite the Prokka paper:
[15:12:55] Seemann T (2014) Prokka: rapid prokaryotic genome annotation. Bioinformatics. 30(14):2068-9.
[15:12:55] Type 'prokka --citation' for more details.
[15:12:55] Share and enjoy!
