[15:22:28] This is prokka 1.14-dev
[15:22:28] Written by Torsten Seemann <torsten.seemann@gmail.com>
[15:22:28] Homepage is https://github.com/tseemann/prokka
[15:22:28] Local time is Tue Oct  9 15:22:28 2018
[15:22:28] You are christian
[15:22:28] Operating system is linux
[15:22:28] You have BioPerl 1.007002
[15:22:28] System has 20 cores.
[15:22:28] Will use maximum of 20 cores.
[15:22:28] Annotating as >>> Bacteria <<<
[15:22:28] Generating locus_tag from 'plasmid_files_fasta/CP026280.1.fasta' contents.
[15:22:28] Setting --locustag INMKGNMD from MD5 2764076dc2d1e1fbe95f0ba16a9abcba
[15:22:28] Creating new output folder: plasmid_files_fasta/CP026280.1_results
[15:22:28] Running: mkdir -p plasmid_files_fasta\/CP026280\.1_results
[15:22:28] Using filename prefix: PROKKA_10092018.XXX
[15:22:28] Setting HMMER_NCPU=1
[15:22:28] Writing log to: plasmid_files_fasta/CP026280.1_results/PROKKA_10092018.log
[15:22:28] Command: /home/christian/install/prokka/bin/prokka plasmid_files_fasta/CP026280.1.fasta --outdir plasmid_files_fasta/CP026280.1_results --cpus 20 --force
[15:22:28] Appending to PATH: /home/christian/install/prokka/bin/../binaries/linux
[15:22:28] Appending to PATH: /home/christian/install/prokka/bin/../binaries/linux/../common
[15:22:28] Appending to PATH: /home/christian/install/prokka/bin
[15:22:28] Looking for 'aragorn' - found /home/christian/install/prokka/bin/../binaries/linux/aragorn
[15:22:28] Determined aragorn version is 1.2
[15:22:28] Looking for 'blastp' - found /usr/bin/blastp
[15:22:28] Determined blastp version is 2.2
[15:22:28] Looking for 'cmpress' - found /usr/local/bin/cmpress
[15:22:28] Determined cmpress version is 1.1
[15:22:28] Looking for 'cmscan' - found /usr/local/bin/cmscan
[15:22:28] Determined cmscan version is 1.1
[15:22:28] Looking for 'egrep' - found /bin/egrep
[15:22:28] Looking for 'find' - found /usr/bin/find
[15:22:28] Looking for 'grep' - found /bin/grep
[15:22:28] Looking for 'hmmpress' - found /usr/local/bin/hmmpress
[15:22:28] Determined hmmpress version is 3.1
[15:22:28] Looking for 'hmmscan' - found /usr/local/bin/hmmscan
[15:22:28] Determined hmmscan version is 3.1
[15:22:28] Looking for 'java' - found /usr/bin/java
[15:22:28] Looking for 'less' - found /usr/bin/less
[15:22:28] Looking for 'makeblastdb' - found /usr/bin/makeblastdb
[15:22:28] Determined makeblastdb version is 2.2
[15:22:28] Looking for 'minced' - found /home/christian/install/prokka/bin/../binaries/linux/../common/minced
[15:22:28] Determined minced version is 2.0
[15:22:28] Looking for 'parallel' - found /usr/bin/parallel
[15:22:28] Determined parallel version is 20141022
[15:22:28] Looking for 'prodigal' - found /usr/local/bin/prodigal
[15:22:28] Determined prodigal version is 2.6
[15:22:28] Looking for 'prokka-genbank_to_fasta_db' - found /home/christian/install/prokka/bin/prokka-genbank_to_fasta_db
[15:22:28] Looking for 'sed' - found /bin/sed
[15:22:28] Looking for 'tbl2asn' - found /home/christian/install/prokka/bin/../binaries/linux/tbl2asn
[15:22:28] Determined tbl2asn version is 25.6
[15:22:28] Using genetic code table 11.
[15:22:28] Loading and checking input file: plasmid_files_fasta/CP026280.1.fasta
[15:22:28] Wrote 1 contigs totalling 152041 bp.
[15:22:28] Predicting tRNAs and tmRNAs
[15:22:28] Running: aragorn -l -gc11  -w plasmid_files_fasta\/CP026280\.1_results\/PROKKA_10092018\.fna
[15:22:29] Found 0 tRNAs
[15:22:29] Predicting Ribosomal RNAs
[15:22:29] You need either Barrnap or RNAmmer installed to predict rRNAs!
[15:22:29] Skipping ncRNA search, enable with --rfam if desired.
[15:22:29] Total of 0 tRNA + rRNA features
[15:22:29] Searching for CRISPR repeats
[15:22:29] Found 0 CRISPRs
[15:22:29] Predicting coding sequences
[15:22:29] Contigs total 152041 bp, so using single mode
[15:22:29] Running: prodigal -i plasmid_files_fasta\/CP026280\.1_results\/PROKKA_10092018\.fna -c -m -g 11 -p single -f sco -q
[15:22:29] Found 173 CDS
[15:22:29] Connecting features back to sequences
[15:22:29] Not using genus-specific database. Try --usegenus to enable it.
[15:22:29] Annotating CDS, please be patient.
[15:22:29] Will use 20 CPUs for similarity searching.
[15:22:29] There are still 173 unannotated CDS left (started with 173)
[15:22:29] Will use blast to search against /home/christian/install/prokka/db/kingdom/Bacteria/sprot with 20 CPUs
[15:22:29] Running: cat plasmid_files_fasta\/CP026280\.1_results\/sprot\.faa | parallel --gnu --plain -j 20 --block 1082 --recstart '>' --pipe blastp -query - -db /home/christian/install/prokka/db/kingdom/Bacteria/sprot -evalue 1e-06 -num_threads 1 -num_descriptions 1 -num_alignments 1 -seg no > plasmid_files_fasta\/CP026280\.1_results\/sprot\.blast 2> /dev/null
[15:22:30] Modify product: Thioredoxin-like protein slr0233 => Thioredoxin-like protein
[15:22:30] Modify product: UPF0401 protein YkfF => hypothetical protein
[15:22:30] Cleaned 2 /product names
[15:22:30] Deleting unwanted file: plasmid_files_fasta/CP026280.1_results/sprot.faa
[15:22:30] Deleting unwanted file: plasmid_files_fasta/CP026280.1_results/sprot.blast
[15:22:30] There are still 114 unannotated CDS left (started with 173)
[15:22:30] Will use hmmer3 to search against /home/christian/install/prokka/db/hmm/HAMAP.hmm with 20 CPUs
[15:22:30] Running: cat plasmid_files_fasta\/CP026280\.1_results\/HAMAP\.hmm\.faa | parallel --gnu --plain -j 20 --block 639 --recstart '>' --pipe hmmscan --noali --notextw --acc -E 1e-06 --cpu 1 /home/christian/install/prokka/db/hmm/HAMAP.hmm /dev/stdin > plasmid_files_fasta\/CP026280\.1_results\/HAMAP\.hmm\.hmmer3 2> /dev/null
[15:22:31] Deleting unwanted file: plasmid_files_fasta/CP026280.1_results/HAMAP.hmm.faa
[15:22:31] Deleting unwanted file: plasmid_files_fasta/CP026280.1_results/HAMAP.hmm.hmmer3
[15:22:31] Labelling remaining 112 proteins as 'hypothetical protein'
[15:22:31] Found 49 unique /gene codes.
[15:22:31] Fixed 2 duplicate /gene - ltrA_1 ltrA_2
[15:22:31] Fixed 2 duplicate /gene - xerD_1 xerD_2
[15:22:31] Fixed 3 duplicate /gene - pinR_1 pinR_2 pinR_3
[15:22:31] Fixed 3 duplicate /gene - tnpR_1 tnpR_2 tnpR_3
[15:22:31] Fixed 2 duplicate /gene - repA_1 repA_2
[15:22:31] Fixed 5 colliding /gene names.
[15:22:31] Adding /locus_tag identifiers
[15:22:31] Assigned 173 locus_tags to CDS and RNA features.
[15:22:31] Writing outputs to plasmid_files_fasta/CP026280.1_results/
[15:22:31] Generating annotation statistics file
[15:22:31] Generating Genbank and Sequin files
[15:22:31] Running: tbl2asn -V b -a r10k -l paired-ends -M n -N 1 -y 'Annotated using prokka 1.14-dev from https://github.com/tseemann/prokka' -Z plasmid_files_fasta\/CP026280\.1_results\/PROKKA_10092018\.err -i plasmid_files_fasta\/CP026280\.1_results\/PROKKA_10092018\.fsa 2> /dev/null
[15:22:31] Deleting unwanted file: plasmid_files_fasta/CP026280.1_results/errorsummary.val
[15:22:31] Deleting unwanted file: plasmid_files_fasta/CP026280.1_results/PROKKA_10092018.dr
[15:22:31] Deleting unwanted file: plasmid_files_fasta/CP026280.1_results/PROKKA_10092018.fixedproducts
[15:22:31] Deleting unwanted file: plasmid_files_fasta/CP026280.1_results/PROKKA_10092018.ecn
[15:22:31] Deleting unwanted file: plasmid_files_fasta/CP026280.1_results/PROKKA_10092018.val
[15:22:31] Repairing broken .GBK output that tbl2asn produces...
[15:22:31] Running: sed 's/COORDINATES: profile/COORDINATES:profile/' < plasmid_files_fasta\/CP026280\.1_results\/PROKKA_10092018\.gbf > plasmid_files_fasta\/CP026280\.1_results\/PROKKA_10092018\.gbk
[15:22:31] Deleting unwanted file: plasmid_files_fasta/CP026280.1_results/PROKKA_10092018.gbf
[15:22:31] Output files:
[15:22:31] plasmid_files_fasta/CP026280.1_results/PROKKA_10092018.ffn
[15:22:31] plasmid_files_fasta/CP026280.1_results/PROKKA_10092018.tbl
[15:22:31] plasmid_files_fasta/CP026280.1_results/PROKKA_10092018.log
[15:22:31] plasmid_files_fasta/CP026280.1_results/PROKKA_10092018.fna
[15:22:31] plasmid_files_fasta/CP026280.1_results/PROKKA_10092018.fsa
[15:22:31] plasmid_files_fasta/CP026280.1_results/PROKKA_10092018.tsv
[15:22:31] plasmid_files_fasta/CP026280.1_results/PROKKA_10092018.faa
[15:22:31] plasmid_files_fasta/CP026280.1_results/PROKKA_10092018.gbk
[15:22:31] plasmid_files_fasta/CP026280.1_results/PROKKA_10092018.sqn
[15:22:31] plasmid_files_fasta/CP026280.1_results/PROKKA_10092018.err
[15:22:31] plasmid_files_fasta/CP026280.1_results/PROKKA_10092018.txt
[15:22:31] plasmid_files_fasta/CP026280.1_results/PROKKA_10092018.gff
[15:22:31] Annotation finished successfully.
[15:22:31] Walltime used: 0.05 minutes
[15:22:31] If you use this result please cite the Prokka paper:
[15:22:31] Seemann T (2014) Prokka: rapid prokaryotic genome annotation. Bioinformatics. 30(14):2068-9.
[15:22:31] Type 'prokka --citation' for more details.
[15:22:31] Share and enjoy!
