[15:12:43] This is prokka 1.14-dev
[15:12:43] Written by Torsten Seemann <torsten.seemann@gmail.com>
[15:12:43] Homepage is https://github.com/tseemann/prokka
[15:12:43] Local time is Tue Oct  9 15:12:43 2018
[15:12:43] You are christian
[15:12:43] Operating system is linux
[15:12:43] You have BioPerl 1.007002
[15:12:43] System has 20 cores.
[15:12:43] Will use maximum of 20 cores.
[15:12:43] Annotating as >>> Bacteria <<<
[15:12:43] Generating locus_tag from 'plasmid_files_fasta/CP006657.1.fasta' contents.
[15:12:43] Setting --locustag GFNJFCOL from MD5 0f73fc8526c7e16db569f3d40ec95284
[15:12:43] Creating new output folder: plasmid_files_fasta/CP006657.1_results
[15:12:43] Running: mkdir -p plasmid_files_fasta\/CP006657\.1_results
[15:12:43] Using filename prefix: PROKKA_10092018.XXX
[15:12:43] Setting HMMER_NCPU=1
[15:12:43] Writing log to: plasmid_files_fasta/CP006657.1_results/PROKKA_10092018.log
[15:12:43] Command: /home/christian/install/prokka/bin/prokka plasmid_files_fasta/CP006657.1.fasta --outdir plasmid_files_fasta/CP006657.1_results --cpus 20 --force
[15:12:43] Appending to PATH: /home/christian/install/prokka/bin/../binaries/linux
[15:12:43] Appending to PATH: /home/christian/install/prokka/bin/../binaries/linux/../common
[15:12:43] Appending to PATH: /home/christian/install/prokka/bin
[15:12:43] Looking for 'aragorn' - found /home/christian/install/prokka/bin/../binaries/linux/aragorn
[15:12:43] Determined aragorn version is 1.2
[15:12:43] Looking for 'blastp' - found /usr/bin/blastp
[15:12:43] Determined blastp version is 2.2
[15:12:43] Looking for 'cmpress' - found /usr/local/bin/cmpress
[15:12:43] Determined cmpress version is 1.1
[15:12:43] Looking for 'cmscan' - found /usr/local/bin/cmscan
[15:12:43] Determined cmscan version is 1.1
[15:12:43] Looking for 'egrep' - found /bin/egrep
[15:12:43] Looking for 'find' - found /usr/bin/find
[15:12:43] Looking for 'grep' - found /bin/grep
[15:12:43] Looking for 'hmmpress' - found /usr/local/bin/hmmpress
[15:12:43] Determined hmmpress version is 3.1
[15:12:43] Looking for 'hmmscan' - found /usr/local/bin/hmmscan
[15:12:43] Determined hmmscan version is 3.1
[15:12:43] Looking for 'java' - found /usr/bin/java
[15:12:43] Looking for 'less' - found /usr/bin/less
[15:12:43] Looking for 'makeblastdb' - found /usr/bin/makeblastdb
[15:12:43] Determined makeblastdb version is 2.2
[15:12:43] Looking for 'minced' - found /home/christian/install/prokka/bin/../binaries/linux/../common/minced
[15:12:43] Determined minced version is 2.0
[15:12:43] Looking for 'parallel' - found /usr/bin/parallel
[15:12:43] Determined parallel version is 20141022
[15:12:43] Looking for 'prodigal' - found /usr/local/bin/prodigal
[15:12:43] Determined prodigal version is 2.6
[15:12:43] Looking for 'prokka-genbank_to_fasta_db' - found /home/christian/install/prokka/bin/prokka-genbank_to_fasta_db
[15:12:43] Looking for 'sed' - found /bin/sed
[15:12:43] Looking for 'tbl2asn' - found /home/christian/install/prokka/bin/../binaries/linux/tbl2asn
[15:12:43] Determined tbl2asn version is 25.6
[15:12:43] Using genetic code table 11.
[15:12:43] Loading and checking input file: plasmid_files_fasta/CP006657.1.fasta
[15:12:43] Wrote 1 contigs totalling 317154 bp.
[15:12:43] Predicting tRNAs and tmRNAs
[15:12:43] Running: aragorn -l -gc11  -w plasmid_files_fasta\/CP006657\.1_results\/PROKKA_10092018\.fna
[15:12:43] Found 0 tRNAs
[15:12:43] Predicting Ribosomal RNAs
[15:12:43] You need either Barrnap or RNAmmer installed to predict rRNAs!
[15:12:43] Skipping ncRNA search, enable with --rfam if desired.
[15:12:43] Total of 0 tRNA + rRNA features
[15:12:43] Searching for CRISPR repeats
[15:12:44] Found 0 CRISPRs
[15:12:44] Predicting coding sequences
[15:12:44] Contigs total 317154 bp, so using single mode
[15:12:44] Running: prodigal -i plasmid_files_fasta\/CP006657\.1_results\/PROKKA_10092018\.fna -c -m -g 11 -p single -f sco -q
[15:12:44] Found 357 CDS
[15:12:44] Connecting features back to sequences
[15:12:44] Not using genus-specific database. Try --usegenus to enable it.
[15:12:44] Annotating CDS, please be patient.
[15:12:44] Will use 20 CPUs for similarity searching.
[15:12:44] There are still 357 unannotated CDS left (started with 357)
[15:12:44] Will use blast to search against /home/christian/install/prokka/db/kingdom/Bacteria/sprot with 20 CPUs
[15:12:44] Running: cat plasmid_files_fasta\/CP006657\.1_results\/sprot\.faa | parallel --gnu --plain -j 20 --block 2281 --recstart '>' --pipe blastp -query - -db /home/christian/install/prokka/db/kingdom/Bacteria/sprot -evalue 1e-06 -num_threads 1 -num_descriptions 1 -num_alignments 1 -seg no > plasmid_files_fasta\/CP006657\.1_results\/sprot\.blast 2> /dev/null
[15:12:46] Modify product: Probable multidrug-efflux transporter Rv1258c => putative multidrug-efflux transporter
[15:12:46] Modify product: Probable cyclic di-GMP phosphodiesterase PdeK => putative cyclic di-GMP phosphodiesterase PdeK
[15:12:46] Modify product: Zinc-type alcohol dehydrogenase-like protein SA1988 => Zinc-type alcohol dehydrogenase-like protein
[15:12:46] Modify product: Probable chromate transport protein => putative chromate transport protein
[15:12:46] Modify product: Uncharacterized inner membrane transporter YedA => putative inner membrane transporter YedA
[15:12:46] Modify product: Probable RNA polymerase sigma factor FecI => putative RNA polymerase sigma factor FecI
[15:12:46] Modify product: Protease HtpX homolog => Protease HtpX 
[15:12:46] Modify product: Uncharacterized protein Rv1290c => putative protein
[15:12:46] Modify product: Probable cyclic di-GMP phosphodiesterase PdeB => putative cyclic di-GMP phosphodiesterase PdeB
[15:12:46] Modify product: Probable phosphite transport system-binding protein PtxB => putative phosphite transport system-binding protein PtxB
[15:12:46] Modify product: UPF0401 protein YkfF => hypothetical protein
[15:12:46] Modify product: Probable copper-binding protein PcoE => putative copper-binding protein PcoE
[15:12:46] Cleaned 12 /product names
[15:12:46] Deleting unwanted file: plasmid_files_fasta/CP006657.1_results/sprot.faa
[15:12:46] Deleting unwanted file: plasmid_files_fasta/CP006657.1_results/sprot.blast
[15:12:46] There are still 198 unannotated CDS left (started with 357)
[15:12:46] Will use hmmer3 to search against /home/christian/install/prokka/db/hmm/HAMAP.hmm with 20 CPUs
[15:12:46] Running: cat plasmid_files_fasta\/CP006657\.1_results\/HAMAP\.hmm\.faa | parallel --gnu --plain -j 20 --block 992 --recstart '>' --pipe hmmscan --noali --notextw --acc -E 1e-06 --cpu 1 /home/christian/install/prokka/db/hmm/HAMAP.hmm /dev/stdin > plasmid_files_fasta\/CP006657\.1_results\/HAMAP\.hmm\.hmmer3 2> /dev/null
[15:12:47] Deleting unwanted file: plasmid_files_fasta/CP006657.1_results/HAMAP.hmm.faa
[15:12:47] Deleting unwanted file: plasmid_files_fasta/CP006657.1_results/HAMAP.hmm.hmmer3
[15:12:47] Labelling remaining 198 proteins as 'hypothetical protein'
[15:12:47] Possible /pseudo 'Arsenical pump-driving ATPase' at CP006657.1 position 187048
[15:12:47] Possible /pseudo 'Lactose permease' at CP006657.1 position 311409
[15:12:47] Found 127 unique /gene codes.
[15:12:47] Fixed 2 duplicate /gene - tnpR_1 tnpR_2
[15:12:47] Fixed 2 duplicate /gene - tetR_1 tetR_2
[15:12:47] Fixed 2 duplicate /gene - lacY_1 lacY_2
[15:12:47] Fixed 2 duplicate /gene - cusS_1 cusS_2
[15:12:47] Fixed 2 duplicate /gene - klcA_1 klcA_2
[15:12:47] Fixed 2 duplicate /gene - arsD_1 arsD_2
[15:12:47] Fixed 2 duplicate /gene - silE_1 silE_2
[15:12:47] Fixed 4 duplicate /gene - hin_1 hin_2 hin_3 hin_4
[15:12:47] Fixed 2 duplicate /gene - umuD_1 umuD_2
[15:12:47] Fixed 2 duplicate /gene - umuC_1 umuC_2
[15:12:47] Fixed 2 duplicate /gene - ltrA_1 ltrA_2
[15:12:47] Fixed 2 duplicate /gene - tetA_1 tetA_2
[15:12:47] Fixed 4 duplicate /gene - xerD_1 xerD_2 xerD_3 xerD_4
[15:12:47] Fixed 2 duplicate /gene - ymoA_1 ymoA_2
[15:12:47] Fixed 3 duplicate /gene - arsA_1 arsA_2 arsA_3
[15:12:47] Fixed 3 duplicate /gene - bla_1 bla_2 bla_3
[15:12:47] Fixed 2 duplicate /gene - pld_1 pld_2
[15:12:47] Fixed 17 colliding /gene names.
[15:12:47] Adding /locus_tag identifiers
[15:12:47] Assigned 357 locus_tags to CDS and RNA features.
[15:12:47] Writing outputs to plasmid_files_fasta/CP006657.1_results/
[15:12:47] Generating annotation statistics file
[15:12:47] Generating Genbank and Sequin files
[15:12:47] Running: tbl2asn -V b -a r10k -l paired-ends -M n -N 1 -y 'Annotated using prokka 1.14-dev from https://github.com/tseemann/prokka' -Z plasmid_files_fasta\/CP006657\.1_results\/PROKKA_10092018\.err -i plasmid_files_fasta\/CP006657\.1_results\/PROKKA_10092018\.fsa 2> /dev/null
[15:12:48] Deleting unwanted file: plasmid_files_fasta/CP006657.1_results/errorsummary.val
[15:12:48] Deleting unwanted file: plasmid_files_fasta/CP006657.1_results/PROKKA_10092018.dr
[15:12:48] Deleting unwanted file: plasmid_files_fasta/CP006657.1_results/PROKKA_10092018.fixedproducts
[15:12:48] Deleting unwanted file: plasmid_files_fasta/CP006657.1_results/PROKKA_10092018.ecn
[15:12:48] Deleting unwanted file: plasmid_files_fasta/CP006657.1_results/PROKKA_10092018.val
[15:12:48] Repairing broken .GBK output that tbl2asn produces...
[15:12:48] Running: sed 's/COORDINATES: profile/COORDINATES:profile/' < plasmid_files_fasta\/CP006657\.1_results\/PROKKA_10092018\.gbf > plasmid_files_fasta\/CP006657\.1_results\/PROKKA_10092018\.gbk
[15:12:48] Deleting unwanted file: plasmid_files_fasta/CP006657.1_results/PROKKA_10092018.gbf
[15:12:48] Output files:
[15:12:48] plasmid_files_fasta/CP006657.1_results/PROKKA_10092018.ffn
[15:12:48] plasmid_files_fasta/CP006657.1_results/PROKKA_10092018.tbl
[15:12:48] plasmid_files_fasta/CP006657.1_results/PROKKA_10092018.log
[15:12:48] plasmid_files_fasta/CP006657.1_results/PROKKA_10092018.fna
[15:12:48] plasmid_files_fasta/CP006657.1_results/PROKKA_10092018.fsa
[15:12:48] plasmid_files_fasta/CP006657.1_results/PROKKA_10092018.tsv
[15:12:48] plasmid_files_fasta/CP006657.1_results/PROKKA_10092018.faa
[15:12:48] plasmid_files_fasta/CP006657.1_results/PROKKA_10092018.gbk
[15:12:48] plasmid_files_fasta/CP006657.1_results/PROKKA_10092018.sqn
[15:12:48] plasmid_files_fasta/CP006657.1_results/PROKKA_10092018.err
[15:12:48] plasmid_files_fasta/CP006657.1_results/PROKKA_10092018.txt
[15:12:48] plasmid_files_fasta/CP006657.1_results/PROKKA_10092018.gff
[15:12:48] Annotation finished successfully.
[15:12:48] Walltime used: 0.08 minutes
[15:12:48] If you use this result please cite the Prokka paper:
[15:12:48] Seemann T (2014) Prokka: rapid prokaryotic genome annotation. Bioinformatics. 30(14):2068-9.
[15:12:48] Type 'prokka --citation' for more details.
[15:12:48] Share and enjoy!
