[15:33:34] This is prokka 1.14-dev
[15:33:34] Written by Torsten Seemann <torsten.seemann@gmail.com>
[15:33:34] Homepage is https://github.com/tseemann/prokka
[15:33:34] Local time is Tue Oct  9 15:33:34 2018
[15:33:34] You are christian
[15:33:34] Operating system is linux
[15:33:34] You have BioPerl 1.007002
[15:33:34] System has 20 cores.
[15:33:34] Will use maximum of 20 cores.
[15:33:34] Annotating as >>> Bacteria <<<
[15:33:34] Generating locus_tag from 'plasmid_files_fasta/MG700548.1.fasta' contents.
[15:33:34] Setting --locustag ILMFDEPC from MD5 256fde9c3cf927f1fb23efc0cdf78313
[15:33:34] Creating new output folder: plasmid_files_fasta/MG700548.1_results
[15:33:34] Running: mkdir -p plasmid_files_fasta\/MG700548\.1_results
[15:33:34] Using filename prefix: PROKKA_10092018.XXX
[15:33:34] Setting HMMER_NCPU=1
[15:33:34] Writing log to: plasmid_files_fasta/MG700548.1_results/PROKKA_10092018.log
[15:33:34] Command: /home/christian/install/prokka/bin/prokka plasmid_files_fasta/MG700548.1.fasta --outdir plasmid_files_fasta/MG700548.1_results --cpus 20 --force
[15:33:34] Appending to PATH: /home/christian/install/prokka/bin/../binaries/linux
[15:33:34] Appending to PATH: /home/christian/install/prokka/bin/../binaries/linux/../common
[15:33:34] Appending to PATH: /home/christian/install/prokka/bin
[15:33:34] Looking for 'aragorn' - found /home/christian/install/prokka/bin/../binaries/linux/aragorn
[15:33:34] Determined aragorn version is 1.2
[15:33:34] Looking for 'blastp' - found /usr/bin/blastp
[15:33:35] Determined blastp version is 2.2
[15:33:35] Looking for 'cmpress' - found /usr/local/bin/cmpress
[15:33:35] Determined cmpress version is 1.1
[15:33:35] Looking for 'cmscan' - found /usr/local/bin/cmscan
[15:33:35] Determined cmscan version is 1.1
[15:33:35] Looking for 'egrep' - found /bin/egrep
[15:33:35] Looking for 'find' - found /usr/bin/find
[15:33:35] Looking for 'grep' - found /bin/grep
[15:33:35] Looking for 'hmmpress' - found /usr/local/bin/hmmpress
[15:33:35] Determined hmmpress version is 3.1
[15:33:35] Looking for 'hmmscan' - found /usr/local/bin/hmmscan
[15:33:35] Determined hmmscan version is 3.1
[15:33:35] Looking for 'java' - found /usr/bin/java
[15:33:35] Looking for 'less' - found /usr/bin/less
[15:33:35] Looking for 'makeblastdb' - found /usr/bin/makeblastdb
[15:33:35] Determined makeblastdb version is 2.2
[15:33:35] Looking for 'minced' - found /home/christian/install/prokka/bin/../binaries/linux/../common/minced
[15:33:35] Determined minced version is 2.0
[15:33:35] Looking for 'parallel' - found /usr/bin/parallel
[15:33:35] Determined parallel version is 20141022
[15:33:35] Looking for 'prodigal' - found /usr/local/bin/prodigal
[15:33:35] Determined prodigal version is 2.6
[15:33:35] Looking for 'prokka-genbank_to_fasta_db' - found /home/christian/install/prokka/bin/prokka-genbank_to_fasta_db
[15:33:35] Looking for 'sed' - found /bin/sed
[15:33:35] Looking for 'tbl2asn' - found /home/christian/install/prokka/bin/../binaries/linux/tbl2asn
[15:33:35] Determined tbl2asn version is 25.6
[15:33:35] Using genetic code table 11.
[15:33:35] Loading and checking input file: plasmid_files_fasta/MG700548.1.fasta
[15:33:35] Wrote 1 contigs totalling 111335 bp.
[15:33:35] Predicting tRNAs and tmRNAs
[15:33:35] Running: aragorn -l -gc11  -w plasmid_files_fasta\/MG700548\.1_results\/PROKKA_10092018\.fna
[15:33:35] Found 0 tRNAs
[15:33:35] Predicting Ribosomal RNAs
[15:33:35] You need either Barrnap or RNAmmer installed to predict rRNAs!
[15:33:35] Skipping ncRNA search, enable with --rfam if desired.
[15:33:35] Total of 0 tRNA + rRNA features
[15:33:35] Searching for CRISPR repeats
[15:33:35] Found 0 CRISPRs
[15:33:35] Predicting coding sequences
[15:33:35] Contigs total 111335 bp, so using single mode
[15:33:35] Running: prodigal -i plasmid_files_fasta\/MG700548\.1_results\/PROKKA_10092018\.fna -c -m -g 11 -p single -f sco -q
[15:33:35] Found 91 CDS
[15:33:35] Connecting features back to sequences
[15:33:35] Not using genus-specific database. Try --usegenus to enable it.
[15:33:35] Annotating CDS, please be patient.
[15:33:35] Will use 20 CPUs for similarity searching.
[15:33:35] There are still 91 unannotated CDS left (started with 91)
[15:33:35] Will use blast to search against /home/christian/install/prokka/db/kingdom/Bacteria/sprot with 20 CPUs
[15:33:35] Running: cat plasmid_files_fasta\/MG700548\.1_results\/sprot\.faa | parallel --gnu --plain -j 20 --block 277 --recstart '>' --pipe blastp -query - -db /home/christian/install/prokka/db/kingdom/Bacteria/sprot -evalue 1e-06 -num_threads 1 -num_descriptions 1 -num_alignments 1 -seg no > plasmid_files_fasta\/MG700548\.1_results\/sprot\.blast 2> /dev/null
[15:33:36] Deleting unwanted file: plasmid_files_fasta/MG700548.1_results/sprot.faa
[15:33:36] Deleting unwanted file: plasmid_files_fasta/MG700548.1_results/sprot.blast
[15:33:36] There are still 70 unannotated CDS left (started with 91)
[15:33:36] Will use hmmer3 to search against /home/christian/install/prokka/db/hmm/HAMAP.hmm with 20 CPUs
[15:33:36] Running: cat plasmid_files_fasta\/MG700548\.1_results\/HAMAP\.hmm\.faa | parallel --gnu --plain -j 20 --block 221 --recstart '>' --pipe hmmscan --noali --notextw --acc -E 1e-06 --cpu 1 /home/christian/install/prokka/db/hmm/HAMAP.hmm /dev/stdin > plasmid_files_fasta\/MG700548\.1_results\/HAMAP\.hmm\.hmmer3 2> /dev/null
[15:33:37] Deleting unwanted file: plasmid_files_fasta/MG700548.1_results/HAMAP.hmm.faa
[15:33:37] Deleting unwanted file: plasmid_files_fasta/MG700548.1_results/HAMAP.hmm.hmmer3
[15:33:37] Labelling remaining 70 proteins as 'hypothetical protein'
[15:33:37] Possible /pseudo 'Coupling protein TraD' at MG700548.1 position 2861
[15:33:37] Possible /pseudo 'Multifunctional conjugation protein TraI' at MG700548.1 position 5041
[15:33:37] Possible /pseudo 'Multifunctional conjugation protein TraI' at MG700548.1 position 5750
[15:33:37] Possible /pseudo 'Multifunctional conjugation protein TraI' at MG700548.1 position 7919
[15:33:37] Possible /pseudo 'Mercuric reductase' at MG700548.1 position 42627
[15:33:37] Possible /pseudo 'Mercuric reductase' at MG700548.1 position 43103
[15:33:37] Possible /pseudo 'Protein TraC' at MG700548.1 position 98875
[15:33:37] Found 10 unique /gene codes.
[15:33:37] Fixed 2 duplicate /gene - traC_1 traC_2
[15:33:37] Fixed 2 duplicate /gene - traD_1 traD_2
[15:33:37] Fixed 3 duplicate /gene - merA_1 merA_2 merA_3
[15:33:37] Fixed 6 duplicate /gene - traI_1 traI_2 traI_3 traI_4 traI_5 traI_6
[15:33:37] Fixed 4 colliding /gene names.
[15:33:37] Adding /locus_tag identifiers
[15:33:37] Assigned 91 locus_tags to CDS and RNA features.
[15:33:37] Writing outputs to plasmid_files_fasta/MG700548.1_results/
[15:33:37] Generating annotation statistics file
[15:33:37] Generating Genbank and Sequin files
[15:33:37] Running: tbl2asn -V b -a r10k -l paired-ends -M n -N 1 -y 'Annotated using prokka 1.14-dev from https://github.com/tseemann/prokka' -Z plasmid_files_fasta\/MG700548\.1_results\/PROKKA_10092018\.err -i plasmid_files_fasta\/MG700548\.1_results\/PROKKA_10092018\.fsa 2> /dev/null
[15:33:37] Deleting unwanted file: plasmid_files_fasta/MG700548.1_results/errorsummary.val
[15:33:37] Deleting unwanted file: plasmid_files_fasta/MG700548.1_results/PROKKA_10092018.dr
[15:33:37] Deleting unwanted file: plasmid_files_fasta/MG700548.1_results/PROKKA_10092018.fixedproducts
[15:33:37] Deleting unwanted file: plasmid_files_fasta/MG700548.1_results/PROKKA_10092018.ecn
[15:33:37] Deleting unwanted file: plasmid_files_fasta/MG700548.1_results/PROKKA_10092018.val
[15:33:37] Repairing broken .GBK output that tbl2asn produces...
[15:33:37] Running: sed 's/COORDINATES: profile/COORDINATES:profile/' < plasmid_files_fasta\/MG700548\.1_results\/PROKKA_10092018\.gbf > plasmid_files_fasta\/MG700548\.1_results\/PROKKA_10092018\.gbk
[15:33:37] Deleting unwanted file: plasmid_files_fasta/MG700548.1_results/PROKKA_10092018.gbf
[15:33:37] Output files:
[15:33:37] plasmid_files_fasta/MG700548.1_results/PROKKA_10092018.ffn
[15:33:37] plasmid_files_fasta/MG700548.1_results/PROKKA_10092018.tbl
[15:33:37] plasmid_files_fasta/MG700548.1_results/PROKKA_10092018.log
[15:33:37] plasmid_files_fasta/MG700548.1_results/PROKKA_10092018.fna
[15:33:37] plasmid_files_fasta/MG700548.1_results/PROKKA_10092018.fsa
[15:33:37] plasmid_files_fasta/MG700548.1_results/PROKKA_10092018.tsv
[15:33:37] plasmid_files_fasta/MG700548.1_results/PROKKA_10092018.faa
[15:33:37] plasmid_files_fasta/MG700548.1_results/PROKKA_10092018.gbk
[15:33:37] plasmid_files_fasta/MG700548.1_results/PROKKA_10092018.sqn
[15:33:37] plasmid_files_fasta/MG700548.1_results/PROKKA_10092018.err
[15:33:37] plasmid_files_fasta/MG700548.1_results/PROKKA_10092018.txt
[15:33:37] plasmid_files_fasta/MG700548.1_results/PROKKA_10092018.gff
[15:33:37] Annotation finished successfully.
[15:33:37] Walltime used: 0.05 minutes
[15:33:37] If you use this result please cite the Prokka paper:
[15:33:37] Seemann T (2014) Prokka: rapid prokaryotic genome annotation. Bioinformatics. 30(14):2068-9.
[15:33:37] Type 'prokka --citation' for more details.
[15:33:37] Share and enjoy!
