[15:30:45] This is prokka 1.14-dev
[15:30:45] Written by Torsten Seemann <torsten.seemann@gmail.com>
[15:30:45] Homepage is https://github.com/tseemann/prokka
[15:30:45] Local time is Tue Oct  9 15:30:45 2018
[15:30:45] You are christian
[15:30:45] Operating system is linux
[15:30:45] You have BioPerl 1.007002
[15:30:45] System has 20 cores.
[15:30:45] Will use maximum of 20 cores.
[15:30:45] Annotating as >>> Bacteria <<<
[15:30:45] Generating locus_tag from 'plasmid_files_fasta/KY271403.1.fasta' contents.
[15:30:45] Setting --locustag HMOOAPCJ from MD5 1688a9c371ac28819da122bf3195a237
[15:30:45] Creating new output folder: plasmid_files_fasta/KY271403.1_results
[15:30:45] Running: mkdir -p plasmid_files_fasta\/KY271403\.1_results
[15:30:45] Using filename prefix: PROKKA_10092018.XXX
[15:30:45] Setting HMMER_NCPU=1
[15:30:45] Writing log to: plasmid_files_fasta/KY271403.1_results/PROKKA_10092018.log
[15:30:45] Command: /home/christian/install/prokka/bin/prokka plasmid_files_fasta/KY271403.1.fasta --outdir plasmid_files_fasta/KY271403.1_results --cpus 20 --force
[15:30:45] Appending to PATH: /home/christian/install/prokka/bin/../binaries/linux
[15:30:45] Appending to PATH: /home/christian/install/prokka/bin/../binaries/linux/../common
[15:30:45] Appending to PATH: /home/christian/install/prokka/bin
[15:30:45] Looking for 'aragorn' - found /home/christian/install/prokka/bin/../binaries/linux/aragorn
[15:30:45] Determined aragorn version is 1.2
[15:30:45] Looking for 'blastp' - found /usr/bin/blastp
[15:30:45] Determined blastp version is 2.2
[15:30:45] Looking for 'cmpress' - found /usr/local/bin/cmpress
[15:30:45] Determined cmpress version is 1.1
[15:30:45] Looking for 'cmscan' - found /usr/local/bin/cmscan
[15:30:45] Determined cmscan version is 1.1
[15:30:45] Looking for 'egrep' - found /bin/egrep
[15:30:45] Looking for 'find' - found /usr/bin/find
[15:30:45] Looking for 'grep' - found /bin/grep
[15:30:45] Looking for 'hmmpress' - found /usr/local/bin/hmmpress
[15:30:45] Determined hmmpress version is 3.1
[15:30:45] Looking for 'hmmscan' - found /usr/local/bin/hmmscan
[15:30:45] Determined hmmscan version is 3.1
[15:30:45] Looking for 'java' - found /usr/bin/java
[15:30:45] Looking for 'less' - found /usr/bin/less
[15:30:45] Looking for 'makeblastdb' - found /usr/bin/makeblastdb
[15:30:45] Determined makeblastdb version is 2.2
[15:30:45] Looking for 'minced' - found /home/christian/install/prokka/bin/../binaries/linux/../common/minced
[15:30:45] Determined minced version is 2.0
[15:30:45] Looking for 'parallel' - found /usr/bin/parallel
[15:30:45] Determined parallel version is 20141022
[15:30:45] Looking for 'prodigal' - found /usr/local/bin/prodigal
[15:30:45] Determined prodigal version is 2.6
[15:30:45] Looking for 'prokka-genbank_to_fasta_db' - found /home/christian/install/prokka/bin/prokka-genbank_to_fasta_db
[15:30:45] Looking for 'sed' - found /bin/sed
[15:30:45] Looking for 'tbl2asn' - found /home/christian/install/prokka/bin/../binaries/linux/tbl2asn
[15:30:45] Determined tbl2asn version is 25.6
[15:30:45] Using genetic code table 11.
[15:30:45] Loading and checking input file: plasmid_files_fasta/KY271403.1.fasta
[15:30:45] Wrote 1 contigs totalling 116499 bp.
[15:30:45] Predicting tRNAs and tmRNAs
[15:30:45] Running: aragorn -l -gc11  -w plasmid_files_fasta\/KY271403\.1_results\/PROKKA_10092018\.fna
[15:30:46] Found 0 tRNAs
[15:30:46] Predicting Ribosomal RNAs
[15:30:46] You need either Barrnap or RNAmmer installed to predict rRNAs!
[15:30:46] Skipping ncRNA search, enable with --rfam if desired.
[15:30:46] Total of 0 tRNA + rRNA features
[15:30:46] Searching for CRISPR repeats
[15:30:46] Found 0 CRISPRs
[15:30:46] Predicting coding sequences
[15:30:46] Contigs total 116499 bp, so using single mode
[15:30:46] Running: prodigal -i plasmid_files_fasta\/KY271403\.1_results\/PROKKA_10092018\.fna -c -m -g 11 -p single -f sco -q
[15:30:46] Found 131 CDS
[15:30:46] Connecting features back to sequences
[15:30:46] Not using genus-specific database. Try --usegenus to enable it.
[15:30:46] Annotating CDS, please be patient.
[15:30:46] Will use 20 CPUs for similarity searching.
[15:30:46] There are still 131 unannotated CDS left (started with 131)
[15:30:46] Will use blast to search against /home/christian/install/prokka/db/kingdom/Bacteria/sprot with 20 CPUs
[15:30:46] Running: cat plasmid_files_fasta\/KY271403\.1_results\/sprot\.faa | parallel --gnu --plain -j 20 --block 826 --recstart '>' --pipe blastp -query - -db /home/christian/install/prokka/db/kingdom/Bacteria/sprot -evalue 1e-06 -num_threads 1 -num_descriptions 1 -num_alignments 1 -seg no > plasmid_files_fasta\/KY271403\.1_results\/sprot\.blast 2> /dev/null
[15:30:47] Modify product: UPF0401 protein YkfF => hypothetical protein
[15:30:47] Modify product: Uncharacterized signaling protein PA1727 => putative signaling protein
[15:30:47] Cleaned 2 /product names
[15:30:47] Deleting unwanted file: plasmid_files_fasta/KY271403.1_results/sprot.faa
[15:30:47] Deleting unwanted file: plasmid_files_fasta/KY271403.1_results/sprot.blast
[15:30:47] There are still 87 unannotated CDS left (started with 131)
[15:30:47] Will use hmmer3 to search against /home/christian/install/prokka/db/hmm/HAMAP.hmm with 20 CPUs
[15:30:47] Running: cat plasmid_files_fasta\/KY271403\.1_results\/HAMAP\.hmm\.faa | parallel --gnu --plain -j 20 --block 465 --recstart '>' --pipe hmmscan --noali --notextw --acc -E 1e-06 --cpu 1 /home/christian/install/prokka/db/hmm/HAMAP.hmm /dev/stdin > plasmid_files_fasta\/KY271403\.1_results\/HAMAP\.hmm\.hmmer3 2> /dev/null
[15:30:48] Deleting unwanted file: plasmid_files_fasta/KY271403.1_results/HAMAP.hmm.faa
[15:30:48] Deleting unwanted file: plasmid_files_fasta/KY271403.1_results/HAMAP.hmm.hmmer3
[15:30:48] Labelling remaining 85 proteins as 'hypothetical protein'
[15:30:48] Possible /pseudo 'Beta-lactamase OXA-18' at KY271403.1 position 115179
[15:30:48] Found 39 unique /gene codes.
[15:30:48] Fixed 2 duplicate /gene - xerD_1 xerD_2
[15:30:48] Fixed 4 duplicate /gene - bla_1 bla_2 bla_3 bla_4
[15:30:48] Fixed 2 colliding /gene names.
[15:30:48] Adding /locus_tag identifiers
[15:30:48] Assigned 131 locus_tags to CDS and RNA features.
[15:30:48] Writing outputs to plasmid_files_fasta/KY271403.1_results/
[15:30:48] Generating annotation statistics file
[15:30:48] Generating Genbank and Sequin files
[15:30:48] Running: tbl2asn -V b -a r10k -l paired-ends -M n -N 1 -y 'Annotated using prokka 1.14-dev from https://github.com/tseemann/prokka' -Z plasmid_files_fasta\/KY271403\.1_results\/PROKKA_10092018\.err -i plasmid_files_fasta\/KY271403\.1_results\/PROKKA_10092018\.fsa 2> /dev/null
[15:30:48] Deleting unwanted file: plasmid_files_fasta/KY271403.1_results/errorsummary.val
[15:30:48] Deleting unwanted file: plasmid_files_fasta/KY271403.1_results/PROKKA_10092018.dr
[15:30:48] Deleting unwanted file: plasmid_files_fasta/KY271403.1_results/PROKKA_10092018.fixedproducts
[15:30:48] Deleting unwanted file: plasmid_files_fasta/KY271403.1_results/PROKKA_10092018.ecn
[15:30:48] Deleting unwanted file: plasmid_files_fasta/KY271403.1_results/PROKKA_10092018.val
[15:30:48] Repairing broken .GBK output that tbl2asn produces...
[15:30:48] Running: sed 's/COORDINATES: profile/COORDINATES:profile/' < plasmid_files_fasta\/KY271403\.1_results\/PROKKA_10092018\.gbf > plasmid_files_fasta\/KY271403\.1_results\/PROKKA_10092018\.gbk
[15:30:48] Deleting unwanted file: plasmid_files_fasta/KY271403.1_results/PROKKA_10092018.gbf
[15:30:48] Output files:
[15:30:48] plasmid_files_fasta/KY271403.1_results/PROKKA_10092018.ffn
[15:30:48] plasmid_files_fasta/KY271403.1_results/PROKKA_10092018.tbl
[15:30:48] plasmid_files_fasta/KY271403.1_results/PROKKA_10092018.log
[15:30:48] plasmid_files_fasta/KY271403.1_results/PROKKA_10092018.fna
[15:30:48] plasmid_files_fasta/KY271403.1_results/PROKKA_10092018.fsa
[15:30:48] plasmid_files_fasta/KY271403.1_results/PROKKA_10092018.tsv
[15:30:48] plasmid_files_fasta/KY271403.1_results/PROKKA_10092018.faa
[15:30:48] plasmid_files_fasta/KY271403.1_results/PROKKA_10092018.gbk
[15:30:48] plasmid_files_fasta/KY271403.1_results/PROKKA_10092018.sqn
[15:30:48] plasmid_files_fasta/KY271403.1_results/PROKKA_10092018.err
[15:30:48] plasmid_files_fasta/KY271403.1_results/PROKKA_10092018.txt
[15:30:48] plasmid_files_fasta/KY271403.1_results/PROKKA_10092018.gff
[15:30:48] Annotation finished successfully.
[15:30:48] Walltime used: 0.05 minutes
[15:30:48] If you use this result please cite the Prokka paper:
[15:30:48] Seemann T (2014) Prokka: rapid prokaryotic genome annotation. Bioinformatics. 30(14):2068-9.
[15:30:48] Type 'prokka --citation' for more details.
[15:30:48] Share and enjoy!
