[15:17:36] This is prokka 1.14-dev
[15:17:36] Written by Torsten Seemann <torsten.seemann@gmail.com>
[15:17:36] Homepage is https://github.com/tseemann/prokka
[15:17:36] Local time is Tue Oct  9 15:17:36 2018
[15:17:36] You are christian
[15:17:36] Operating system is linux
[15:17:36] You have BioPerl 1.007002
[15:17:36] System has 20 cores.
[15:17:36] Will use maximum of 20 cores.
[15:17:36] Annotating as >>> Bacteria <<<
[15:17:36] Generating locus_tag from 'plasmid_files_fasta/CP019014.1.fasta' contents.
[15:17:36] Setting --locustag DCJHKAMJ from MD5 dc314a63c1bc29770e8ed21d785fab96
[15:17:36] Creating new output folder: plasmid_files_fasta/CP019014.1_results
[15:17:36] Running: mkdir -p plasmid_files_fasta\/CP019014\.1_results
[15:17:36] Using filename prefix: PROKKA_10092018.XXX
[15:17:36] Setting HMMER_NCPU=1
[15:17:36] Writing log to: plasmid_files_fasta/CP019014.1_results/PROKKA_10092018.log
[15:17:36] Command: /home/christian/install/prokka/bin/prokka plasmid_files_fasta/CP019014.1.fasta --outdir plasmid_files_fasta/CP019014.1_results --cpus 20 --force
[15:17:36] Appending to PATH: /home/christian/install/prokka/bin/../binaries/linux
[15:17:36] Appending to PATH: /home/christian/install/prokka/bin/../binaries/linux/../common
[15:17:36] Appending to PATH: /home/christian/install/prokka/bin
[15:17:36] Looking for 'aragorn' - found /home/christian/install/prokka/bin/../binaries/linux/aragorn
[15:17:36] Determined aragorn version is 1.2
[15:17:36] Looking for 'blastp' - found /usr/bin/blastp
[15:17:36] Determined blastp version is 2.2
[15:17:36] Looking for 'cmpress' - found /usr/local/bin/cmpress
[15:17:36] Determined cmpress version is 1.1
[15:17:36] Looking for 'cmscan' - found /usr/local/bin/cmscan
[15:17:36] Determined cmscan version is 1.1
[15:17:36] Looking for 'egrep' - found /bin/egrep
[15:17:36] Looking for 'find' - found /usr/bin/find
[15:17:36] Looking for 'grep' - found /bin/grep
[15:17:36] Looking for 'hmmpress' - found /usr/local/bin/hmmpress
[15:17:36] Determined hmmpress version is 3.1
[15:17:36] Looking for 'hmmscan' - found /usr/local/bin/hmmscan
[15:17:36] Determined hmmscan version is 3.1
[15:17:36] Looking for 'java' - found /usr/bin/java
[15:17:36] Looking for 'less' - found /usr/bin/less
[15:17:36] Looking for 'makeblastdb' - found /usr/bin/makeblastdb
[15:17:36] Determined makeblastdb version is 2.2
[15:17:36] Looking for 'minced' - found /home/christian/install/prokka/bin/../binaries/linux/../common/minced
[15:17:36] Determined minced version is 2.0
[15:17:36] Looking for 'parallel' - found /usr/bin/parallel
[15:17:36] Determined parallel version is 20141022
[15:17:36] Looking for 'prodigal' - found /usr/local/bin/prodigal
[15:17:36] Determined prodigal version is 2.6
[15:17:36] Looking for 'prokka-genbank_to_fasta_db' - found /home/christian/install/prokka/bin/prokka-genbank_to_fasta_db
[15:17:36] Looking for 'sed' - found /bin/sed
[15:17:36] Looking for 'tbl2asn' - found /home/christian/install/prokka/bin/../binaries/linux/tbl2asn
[15:17:36] Determined tbl2asn version is 25.6
[15:17:36] Using genetic code table 11.
[15:17:36] Loading and checking input file: plasmid_files_fasta/CP019014.1.fasta
[15:17:36] Wrote 1 contigs totalling 142829 bp.
[15:17:36] Predicting tRNAs and tmRNAs
[15:17:36] Running: aragorn -l -gc11  -w plasmid_files_fasta\/CP019014\.1_results\/PROKKA_10092018\.fna
[15:17:36] Found 0 tRNAs
[15:17:36] Predicting Ribosomal RNAs
[15:17:36] You need either Barrnap or RNAmmer installed to predict rRNAs!
[15:17:36] Skipping ncRNA search, enable with --rfam if desired.
[15:17:36] Total of 0 tRNA + rRNA features
[15:17:36] Searching for CRISPR repeats
[15:17:36] Found 0 CRISPRs
[15:17:36] Predicting coding sequences
[15:17:36] Contigs total 142829 bp, so using single mode
[15:17:36] Running: prodigal -i plasmid_files_fasta\/CP019014\.1_results\/PROKKA_10092018\.fna -c -m -g 11 -p single -f sco -q
[15:17:36] Found 164 CDS
[15:17:36] Connecting features back to sequences
[15:17:36] Not using genus-specific database. Try --usegenus to enable it.
[15:17:36] Annotating CDS, please be patient.
[15:17:36] Will use 20 CPUs for similarity searching.
[15:17:36] There are still 164 unannotated CDS left (started with 164)
[15:17:36] Will use blast to search against /home/christian/install/prokka/db/kingdom/Bacteria/sprot with 20 CPUs
[15:17:36] Running: cat plasmid_files_fasta\/CP019014\.1_results\/sprot\.faa | parallel --gnu --plain -j 20 --block 1029 --recstart '>' --pipe blastp -query - -db /home/christian/install/prokka/db/kingdom/Bacteria/sprot -evalue 1e-06 -num_threads 1 -num_descriptions 1 -num_alignments 1 -seg no > plasmid_files_fasta\/CP019014\.1_results\/sprot\.blast 2> /dev/null
[15:17:38] Modify product: Probable chromate transport protein => putative chromate transport protein
[15:17:38] Modify product: Probable 2-dehydro-3-deoxy-D-pentonate aldolase YjhH => putative 2-dehydro-3-deoxy-D-pentonate aldolase YjhH
[15:17:38] Modify product: Uncharacterized HTH-type transcriptional regulator RhmR => putative HTH-type transcriptional regulator RhmR
[15:17:38] Modify product: Probable cyclic di-GMP phosphodiesterase PdeK => putative cyclic di-GMP phosphodiesterase PdeK
[15:17:38] Modify product: Uncharacterized protein YcjY => putative protein YcjY
[15:17:38] Modify product: Uncharacterized inner membrane transporter YedA => putative inner membrane transporter YedA
[15:17:38] Modify product: UPF0401 protein YkfF => hypothetical protein
[15:17:38] Cleaned 7 /product names
[15:17:38] Deleting unwanted file: plasmid_files_fasta/CP019014.1_results/sprot.faa
[15:17:38] Deleting unwanted file: plasmid_files_fasta/CP019014.1_results/sprot.blast
[15:17:38] There are still 93 unannotated CDS left (started with 164)
[15:17:38] Will use hmmer3 to search against /home/christian/install/prokka/db/hmm/HAMAP.hmm with 20 CPUs
[15:17:38] Running: cat plasmid_files_fasta\/CP019014\.1_results\/HAMAP\.hmm\.faa | parallel --gnu --plain -j 20 --block 581 --recstart '>' --pipe hmmscan --noali --notextw --acc -E 1e-06 --cpu 1 /home/christian/install/prokka/db/hmm/HAMAP.hmm /dev/stdin > plasmid_files_fasta\/CP019014\.1_results\/HAMAP\.hmm\.hmmer3 2> /dev/null
[15:17:38] Deleting unwanted file: plasmid_files_fasta/CP019014.1_results/HAMAP.hmm.faa
[15:17:38] Deleting unwanted file: plasmid_files_fasta/CP019014.1_results/HAMAP.hmm.hmmer3
[15:17:38] Labelling remaining 90 proteins as 'hypothetical protein'
[15:17:38] Possible /pseudo 'Macrolide export ATP-binding/permease protein MacB' at CP019014.1 position 52313
[15:17:38] Found 66 unique /gene codes.
[15:17:38] Fixed 2 duplicate /gene - vapC_1 vapC_2
[15:17:38] Fixed 2 duplicate /gene - folP_1 folP_2
[15:17:38] Fixed 3 duplicate /gene - xerD_1 xerD_2 xerD_3
[15:17:38] Fixed 2 duplicate /gene - macB_1 macB_2
[15:17:38] Fixed 2 duplicate /gene - vapB_1 vapB_2
[15:17:38] Fixed 5 colliding /gene names.
[15:17:38] Adding /locus_tag identifiers
[15:17:38] Assigned 164 locus_tags to CDS and RNA features.
[15:17:38] Writing outputs to plasmid_files_fasta/CP019014.1_results/
[15:17:39] Generating annotation statistics file
[15:17:39] Generating Genbank and Sequin files
[15:17:39] Running: tbl2asn -V b -a r10k -l paired-ends -M n -N 1 -y 'Annotated using prokka 1.14-dev from https://github.com/tseemann/prokka' -Z plasmid_files_fasta\/CP019014\.1_results\/PROKKA_10092018\.err -i plasmid_files_fasta\/CP019014\.1_results\/PROKKA_10092018\.fsa 2> /dev/null
[15:17:39] Deleting unwanted file: plasmid_files_fasta/CP019014.1_results/errorsummary.val
[15:17:39] Deleting unwanted file: plasmid_files_fasta/CP019014.1_results/PROKKA_10092018.dr
[15:17:39] Deleting unwanted file: plasmid_files_fasta/CP019014.1_results/PROKKA_10092018.fixedproducts
[15:17:39] Deleting unwanted file: plasmid_files_fasta/CP019014.1_results/PROKKA_10092018.ecn
[15:17:39] Deleting unwanted file: plasmid_files_fasta/CP019014.1_results/PROKKA_10092018.val
[15:17:39] Repairing broken .GBK output that tbl2asn produces...
[15:17:39] Running: sed 's/COORDINATES: profile/COORDINATES:profile/' < plasmid_files_fasta\/CP019014\.1_results\/PROKKA_10092018\.gbf > plasmid_files_fasta\/CP019014\.1_results\/PROKKA_10092018\.gbk
[15:17:39] Deleting unwanted file: plasmid_files_fasta/CP019014.1_results/PROKKA_10092018.gbf
[15:17:39] Output files:
[15:17:39] plasmid_files_fasta/CP019014.1_results/PROKKA_10092018.ffn
[15:17:39] plasmid_files_fasta/CP019014.1_results/PROKKA_10092018.tbl
[15:17:39] plasmid_files_fasta/CP019014.1_results/PROKKA_10092018.log
[15:17:39] plasmid_files_fasta/CP019014.1_results/PROKKA_10092018.fna
[15:17:39] plasmid_files_fasta/CP019014.1_results/PROKKA_10092018.fsa
[15:17:39] plasmid_files_fasta/CP019014.1_results/PROKKA_10092018.tsv
[15:17:39] plasmid_files_fasta/CP019014.1_results/PROKKA_10092018.faa
[15:17:39] plasmid_files_fasta/CP019014.1_results/PROKKA_10092018.gbk
[15:17:39] plasmid_files_fasta/CP019014.1_results/PROKKA_10092018.sqn
[15:17:39] plasmid_files_fasta/CP019014.1_results/PROKKA_10092018.err
[15:17:39] plasmid_files_fasta/CP019014.1_results/PROKKA_10092018.txt
[15:17:39] plasmid_files_fasta/CP019014.1_results/PROKKA_10092018.gff
[15:17:39] Annotation finished successfully.
[15:17:39] Walltime used: 0.05 minutes
[15:17:39] If you use this result please cite the Prokka paper:
[15:17:39] Seemann T (2014) Prokka: rapid prokaryotic genome annotation. Bioinformatics. 30(14):2068-9.
[15:17:39] Type 'prokka --citation' for more details.
[15:17:39] Share and enjoy!
