Discrepancy Report Results

Summary
FATAL: MISSING_PROTEIN_ID:66 proteins have invalid IDs.
DISC_SOURCE_QUALS_ASNDISC:strain (all present, all unique)
DISC_SOURCE_QUALS_ASNDISC:taxname (all present, all unique)
DISC_FEATURE_COUNT:CDS: 66 present
DISC_COUNT_NUCLEOTIDES:1 nucleotide Bioseqs are present
FEATURE_LOCATION_CONFLICT:66 features have inconsistent gene locations.
DISC_QUALITY_SCORES:Quality scores are missing on all sequences.
ONCALLER_COMMENT_PRESENT:1 comment descriptors were found (all same)
MISSING_GENOMEASSEMBLY_COMMENTS:1 bioseqs are missing GenomeAssembly structured comments
MOLTYPE_NOT_MRNA:1 molecule types are not set as mRNA.
TECHNIQUE_NOT_TSA:1 technique are not set as TSA
MISSING_STRUCTURED_COMMENT:1 sequences do not include structured comments.
MISSING_PROJECT:67 sequences do not include project.
DISC_INCONSISTENT_MOLINFO_TECH:Molinfo Technique Report (some missing, all same)


Detailed Report

FATAL: DiscRep_ALL:MISSING_PROTEIN_ID::66 proteins have invalid IDs.
plasmid_files_fasta/MH624131.1_results/PROKKA_10092018:MH624131.1_1 (length 458)
plasmid_files_fasta/MH624131.1_results/PROKKA_10092018:MH624131.1_2 (length 128)
plasmid_files_fasta/MH624131.1_results/PROKKA_10092018:MH624131.1_3 (length 73)
plasmid_files_fasta/MH624131.1_results/PROKKA_10092018:MH624131.1_4 (length 212)
plasmid_files_fasta/MH624131.1_results/PROKKA_10092018:MH624131.1_5 (length 82)
plasmid_files_fasta/MH624131.1_results/PROKKA_10092018:MH624131.1_6 (length 170)
plasmid_files_fasta/MH624131.1_results/PROKKA_10092018:MH624131.1_7 (length 190)
plasmid_files_fasta/MH624131.1_results/PROKKA_10092018:MH624131.1_8 (length 322)
plasmid_files_fasta/MH624131.1_results/PROKKA_10092018:MH624131.1_9 (length 234)
plasmid_files_fasta/MH624131.1_results/PROKKA_10092018:MH624131.1_10 (length 179)
plasmid_files_fasta/MH624131.1_results/PROKKA_10092018:MH624131.1_11 (length 147)
plasmid_files_fasta/MH624131.1_results/PROKKA_10092018:MH624131.1_12 (length 224)
plasmid_files_fasta/MH624131.1_results/PROKKA_10092018:MH624131.1_13 (length 849)
plasmid_files_fasta/MH624131.1_results/PROKKA_10092018:MH624131.1_14 (length 422)
plasmid_files_fasta/MH624131.1_results/PROKKA_10092018:MH624131.1_15 (length 123)
plasmid_files_fasta/MH624131.1_results/PROKKA_10092018:MH624131.1_16 (length 424)
plasmid_files_fasta/MH624131.1_results/PROKKA_10092018:MH624131.1_17 (length 136)
plasmid_files_fasta/MH624131.1_results/PROKKA_10092018:MH624131.1_18 (length 185)
plasmid_files_fasta/MH624131.1_results/PROKKA_10092018:MH624131.1_19 (length 326)
plasmid_files_fasta/MH624131.1_results/PROKKA_10092018:MH624131.1_20 (length 293)
plasmid_files_fasta/MH624131.1_results/PROKKA_10092018:MH624131.1_21 (length 326)
plasmid_files_fasta/MH624131.1_results/PROKKA_10092018:MH624131.1_22 (length 98)
plasmid_files_fasta/MH624131.1_results/PROKKA_10092018:MH624131.1_23 (length 51)
plasmid_files_fasta/MH624131.1_results/PROKKA_10092018:MH624131.1_24 (length 141)
plasmid_files_fasta/MH624131.1_results/PROKKA_10092018:MH624131.1_25 (length 92)
plasmid_files_fasta/MH624131.1_results/PROKKA_10092018:MH624131.1_26 (length 186)
plasmid_files_fasta/MH624131.1_results/PROKKA_10092018:MH624131.1_27 (length 140)
plasmid_files_fasta/MH624131.1_results/PROKKA_10092018:MH624131.1_28 (length 106)
plasmid_files_fasta/MH624131.1_results/PROKKA_10092018:MH624131.1_29 (length 92)
plasmid_files_fasta/MH624131.1_results/PROKKA_10092018:MH624131.1_30 (length 890)
plasmid_files_fasta/MH624131.1_results/PROKKA_10092018:MH624131.1_31 (length 106)
plasmid_files_fasta/MH624131.1_results/PROKKA_10092018:MH624131.1_32 (length 118)
plasmid_files_fasta/MH624131.1_results/PROKKA_10092018:MH624131.1_33 (length 227)
plasmid_files_fasta/MH624131.1_results/PROKKA_10092018:MH624131.1_34 (length 216)
plasmid_files_fasta/MH624131.1_results/PROKKA_10092018:MH624131.1_35 (length 240)
plasmid_files_fasta/MH624131.1_results/PROKKA_10092018:MH624131.1_36 (length 275)
plasmid_files_fasta/MH624131.1_results/PROKKA_10092018:MH624131.1_37 (length 63)
plasmid_files_fasta/MH624131.1_results/PROKKA_10092018:MH624131.1_38 (length 303)
plasmid_files_fasta/MH624131.1_results/PROKKA_10092018:MH624131.1_39 (length 53)
plasmid_files_fasta/MH624131.1_results/PROKKA_10092018:MH624131.1_40 (length 132)
plasmid_files_fasta/MH624131.1_results/PROKKA_10092018:MH624131.1_41 (length 58)
plasmid_files_fasta/MH624131.1_results/PROKKA_10092018:MH624131.1_42 (length 106)
plasmid_files_fasta/MH624131.1_results/PROKKA_10092018:MH624131.1_43 (length 813)
plasmid_files_fasta/MH624131.1_results/PROKKA_10092018:MH624131.1_44 (length 143)
plasmid_files_fasta/MH624131.1_results/PROKKA_10092018:MH624131.1_45 (length 155)
plasmid_files_fasta/MH624131.1_results/PROKKA_10092018:MH624131.1_46 (length 218)
plasmid_files_fasta/MH624131.1_results/PROKKA_10092018:MH624131.1_47 (length 83)
plasmid_files_fasta/MH624131.1_results/PROKKA_10092018:MH624131.1_48 (length 293)
plasmid_files_fasta/MH624131.1_results/PROKKA_10092018:MH624131.1_49 (length 177)
plasmid_files_fasta/MH624131.1_results/PROKKA_10092018:MH624131.1_50 (length 186)
plasmid_files_fasta/MH624131.1_results/PROKKA_10092018:MH624131.1_51 (length 95)
plasmid_files_fasta/MH624131.1_results/PROKKA_10092018:MH624131.1_52 (length 80)
plasmid_files_fasta/MH624131.1_results/PROKKA_10092018:MH624131.1_53 (length 86)
plasmid_files_fasta/MH624131.1_results/PROKKA_10092018:MH624131.1_54 (length 162)
plasmid_files_fasta/MH624131.1_results/PROKKA_10092018:MH624131.1_55 (length 80)
plasmid_files_fasta/MH624131.1_results/PROKKA_10092018:MH624131.1_56 (length 322)
plasmid_files_fasta/MH624131.1_results/PROKKA_10092018:MH624131.1_57 (length 94)
plasmid_files_fasta/MH624131.1_results/PROKKA_10092018:MH624131.1_58 (length 80)
plasmid_files_fasta/MH624131.1_results/PROKKA_10092018:MH624131.1_59 (length 88)
plasmid_files_fasta/MH624131.1_results/PROKKA_10092018:MH624131.1_60 (length 71)
plasmid_files_fasta/MH624131.1_results/PROKKA_10092018:MH624131.1_61 (length 91)
plasmid_files_fasta/MH624131.1_results/PROKKA_10092018:MH624131.1_62 (length 70)
plasmid_files_fasta/MH624131.1_results/PROKKA_10092018:MH624131.1_63 (length 997)
plasmid_files_fasta/MH624131.1_results/PROKKA_10092018:MH624131.1_64 (length 136)
plasmid_files_fasta/MH624131.1_results/PROKKA_10092018:MH624131.1_65 (length 79)
plasmid_files_fasta/MH624131.1_results/PROKKA_10092018:MH624131.1_66 (length 309)

DiscRep_ALL:DISC_SOURCE_QUALS_ASNDISC::strain (all present, all unique)
DiscRep_SUB:DISC_SOURCE_QUALS_ASNDISC::1 sources have unique values for strain
DiscRep_ALL:DISC_SOURCE_QUALS_ASNDISC::taxname (all present, all unique)
DiscRep_SUB:DISC_SOURCE_QUALS_ASNDISC::1 sources have unique values for taxname
DiscRep_ALL:DISC_FEATURE_COUNT::CDS: 66 present
DiscRep_ALL:DISC_COUNT_NUCLEOTIDES::1 nucleotide Bioseqs are present
plasmid_files_fasta/MH624131.1_results/PROKKA_10092018:MH624131.1 (length 53205)

DiscRep_ALL:FEATURE_LOCATION_CONFLICT::66 features have inconsistent gene locations.
DiscRep_SUB:FEATURE_LOCATION_CONFLICT::Coding region xref gene does not exist
plasmid_files_fasta/MH624131.1_results/PROKKA_10092018:CDS	hypothetical protein	MH624131.1:c1520-144	NKAPFHAE_00001

DiscRep_SUB:FEATURE_LOCATION_CONFLICT::Coding region xref gene does not exist
plasmid_files_fasta/MH624131.1_results/PROKKA_10092018:CDS	hypothetical protein	MH624131.1:c2063-1677	NKAPFHAE_00002

DiscRep_SUB:FEATURE_LOCATION_CONFLICT::Coding region xref gene does not exist
plasmid_files_fasta/MH624131.1_results/PROKKA_10092018:CDS	hypothetical protein	MH624131.1:c2318-2097	NKAPFHAE_00003

DiscRep_SUB:FEATURE_LOCATION_CONFLICT::Coding region xref gene does not exist
plasmid_files_fasta/MH624131.1_results/PROKKA_10092018:CDS	Chromosome-partitioning ATPase Soj	MH624131.1:c2978-2340	NKAPFHAE_00004

DiscRep_SUB:FEATURE_LOCATION_CONFLICT::Coding region xref gene does not exist
plasmid_files_fasta/MH624131.1_results/PROKKA_10092018:CDS	hypothetical protein	MH624131.1:c3381-3133	NKAPFHAE_00005

DiscRep_SUB:FEATURE_LOCATION_CONFLICT::Coding region xref gene does not exist
plasmid_files_fasta/MH624131.1_results/PROKKA_10092018:CDS	Type-2 restriction enzyme PaeR7I	MH624131.1:c3932-3420	NKAPFHAE_00006

DiscRep_SUB:FEATURE_LOCATION_CONFLICT::Coding region xref gene does not exist
plasmid_files_fasta/MH624131.1_results/PROKKA_10092018:CDS	hypothetical protein	MH624131.1:c4701-4129	NKAPFHAE_00007

DiscRep_SUB:FEATURE_LOCATION_CONFLICT::Coding region xref gene does not exist
plasmid_files_fasta/MH624131.1_results/PROKKA_10092018:CDS	Cobalt/magnesium transport protein CorA	MH624131.1:c5761-4793	NKAPFHAE_00008

DiscRep_SUB:FEATURE_LOCATION_CONFLICT::Coding region xref gene does not exist
plasmid_files_fasta/MH624131.1_results/PROKKA_10092018:CDS	Disulfide-bond oxidoreductase YfcG	MH624131.1:c6462-5758	NKAPFHAE_00009

DiscRep_SUB:FEATURE_LOCATION_CONFLICT::Coding region xref gene does not exist
plasmid_files_fasta/MH624131.1_results/PROKKA_10092018:CDS	Peptide methionine sulfoxide reductase MsrA	MH624131.1:c7134-6595	NKAPFHAE_00010

DiscRep_SUB:FEATURE_LOCATION_CONFLICT::Coding region xref gene does not exist
plasmid_files_fasta/MH624131.1_results/PROKKA_10092018:CDS	Peptide methionine sulfoxide reductase MsrB	MH624131.1:c7579-7136	NKAPFHAE_00011

DiscRep_SUB:FEATURE_LOCATION_CONFLICT::Coding region xref gene does not exist
plasmid_files_fasta/MH624131.1_results/PROKKA_10092018:CDS	hypothetical protein	MH624131.1:7700-8374	NKAPFHAE_00012

DiscRep_SUB:FEATURE_LOCATION_CONFLICT::Coding region xref gene does not exist
plasmid_files_fasta/MH624131.1_results/PROKKA_10092018:CDS	hypothetical protein	MH624131.1:c10847-8298	NKAPFHAE_00013

DiscRep_SUB:FEATURE_LOCATION_CONFLICT::Coding region xref gene does not exist
plasmid_files_fasta/MH624131.1_results/PROKKA_10092018:CDS	hypothetical protein	MH624131.1:c12217-10949	NKAPFHAE_00014

DiscRep_SUB:FEATURE_LOCATION_CONFLICT::Coding region xref gene does not exist
plasmid_files_fasta/MH624131.1_results/PROKKA_10092018:CDS	hypothetical protein	MH624131.1:c12906-12535	NKAPFHAE_00015

DiscRep_SUB:FEATURE_LOCATION_CONFLICT::Coding region xref gene does not exist
plasmid_files_fasta/MH624131.1_results/PROKKA_10092018:CDS	hypothetical protein	MH624131.1:13063-14337	NKAPFHAE_00016

DiscRep_SUB:FEATURE_LOCATION_CONFLICT::Coding region xref gene does not exist
plasmid_files_fasta/MH624131.1_results/PROKKA_10092018:CDS	hypothetical protein	MH624131.1:c14728-14318	NKAPFHAE_00017

DiscRep_SUB:FEATURE_LOCATION_CONFLICT::Coding region xref gene does not exist
plasmid_files_fasta/MH624131.1_results/PROKKA_10092018:CDS	Transposon Tn3 resolvase	MH624131.1:14892-15449	NKAPFHAE_00018

DiscRep_SUB:FEATURE_LOCATION_CONFLICT::Coding region xref gene does not exist
plasmid_files_fasta/MH624131.1_results/PROKKA_10092018:CDS	hypothetical protein	MH624131.1:15572-16552	NKAPFHAE_00019

DiscRep_SUB:FEATURE_LOCATION_CONFLICT::Coding region xref gene does not exist
plasmid_files_fasta/MH624131.1_results/PROKKA_10092018:CDS	Carbapenem-hydrolyzing beta-lactamase KPC	MH624131.1:17465-18346	NKAPFHAE_00020

DiscRep_SUB:FEATURE_LOCATION_CONFLICT::Coding region xref gene does not exist
plasmid_files_fasta/MH624131.1_results/PROKKA_10092018:CDS	hypothetical protein	MH624131.1:c19576-18596	NKAPFHAE_00021

DiscRep_SUB:FEATURE_LOCATION_CONFLICT::Coding region xref gene does not exist
plasmid_files_fasta/MH624131.1_results/PROKKA_10092018:CDS	hypothetical protein	MH624131.1:c19877-19581	NKAPFHAE_00022

DiscRep_SUB:FEATURE_LOCATION_CONFLICT::Coding region xref gene does not exist
plasmid_files_fasta/MH624131.1_results/PROKKA_10092018:CDS	hypothetical protein	MH624131.1:c20078-19923	NKAPFHAE_00023

DiscRep_SUB:FEATURE_LOCATION_CONFLICT::Coding region xref gene does not exist
plasmid_files_fasta/MH624131.1_results/PROKKA_10092018:CDS	Antirestriction protein KlcA	MH624131.1:c20631-20206	NKAPFHAE_00024

DiscRep_SUB:FEATURE_LOCATION_CONFLICT::Coding region xref gene does not exist
plasmid_files_fasta/MH624131.1_results/PROKKA_10092018:CDS	hypothetical protein	MH624131.1:c21020-20742	NKAPFHAE_00025

DiscRep_SUB:FEATURE_LOCATION_CONFLICT::Coding region xref gene does not exist
plasmid_files_fasta/MH624131.1_results/PROKKA_10092018:CDS	hypothetical protein	MH624131.1:c22114-21554	NKAPFHAE_00026

DiscRep_SUB:FEATURE_LOCATION_CONFLICT::Coding region xref gene does not exist
plasmid_files_fasta/MH624131.1_results/PROKKA_10092018:CDS	hypothetical protein	MH624131.1:c23200-22778	NKAPFHAE_00027

DiscRep_SUB:FEATURE_LOCATION_CONFLICT::Coding region xref gene does not exist
plasmid_files_fasta/MH624131.1_results/PROKKA_10092018:CDS	hypothetical protein	MH624131.1:c23517-23197	NKAPFHAE_00028

DiscRep_SUB:FEATURE_LOCATION_CONFLICT::Coding region xref gene does not exist
plasmid_files_fasta/MH624131.1_results/PROKKA_10092018:CDS	hypothetical protein	MH624131.1:c23755-23477	NKAPFHAE_00029

DiscRep_SUB:FEATURE_LOCATION_CONFLICT::Coding region xref gene does not exist
plasmid_files_fasta/MH624131.1_results/PROKKA_10092018:CDS	Protein TraI	MH624131.1:c26469-23797	NKAPFHAE_00030

DiscRep_SUB:FEATURE_LOCATION_CONFLICT::Coding region xref gene does not exist
plasmid_files_fasta/MH624131.1_results/PROKKA_10092018:CDS	hypothetical protein	MH624131.1:c26770-26450	NKAPFHAE_00031

DiscRep_SUB:FEATURE_LOCATION_CONFLICT::Coding region xref gene does not exist
plasmid_files_fasta/MH624131.1_results/PROKKA_10092018:CDS	hypothetical protein	MH624131.1:27080-27436	NKAPFHAE_00032

DiscRep_SUB:FEATURE_LOCATION_CONFLICT::Coding region xref gene does not exist
plasmid_files_fasta/MH624131.1_results/PROKKA_10092018:CDS	hypothetical protein	MH624131.1:27449-28132	NKAPFHAE_00033

DiscRep_SUB:FEATURE_LOCATION_CONFLICT::Coding region xref gene does not exist
plasmid_files_fasta/MH624131.1_results/PROKKA_10092018:CDS	hypothetical protein	MH624131.1:28125-28775	NKAPFHAE_00034

DiscRep_SUB:FEATURE_LOCATION_CONFLICT::Coding region xref gene does not exist
plasmid_files_fasta/MH624131.1_results/PROKKA_10092018:CDS	hypothetical protein	MH624131.1:28772-29494	NKAPFHAE_00035

DiscRep_SUB:FEATURE_LOCATION_CONFLICT::Coding region xref gene does not exist
plasmid_files_fasta/MH624131.1_results/PROKKA_10092018:CDS	Putative bifunctional exonuclease/endonuclease protein	MH624131.1:c30346-29519	NKAPFHAE_00036

DiscRep_SUB:FEATURE_LOCATION_CONFLICT::Coding region xref gene does not exist
plasmid_files_fasta/MH624131.1_results/PROKKA_10092018:CDS	hypothetical protein	MH624131.1:c30732-30541	NKAPFHAE_00037

DiscRep_SUB:FEATURE_LOCATION_CONFLICT::Coding region xref gene does not exist
plasmid_files_fasta/MH624131.1_results/PROKKA_10092018:CDS	Chromosome partition protein Smc	MH624131.1:c31643-30732	NKAPFHAE_00038

DiscRep_SUB:FEATURE_LOCATION_CONFLICT::Coding region xref gene does not exist
plasmid_files_fasta/MH624131.1_results/PROKKA_10092018:CDS	hypothetical protein	MH624131.1:c32110-31949	NKAPFHAE_00039

DiscRep_SUB:FEATURE_LOCATION_CONFLICT::Coding region xref gene does not exist
plasmid_files_fasta/MH624131.1_results/PROKKA_10092018:CDS	Mercuric resistance operon regulatory protein	MH624131.1:c32615-32217	NKAPFHAE_00040

DiscRep_SUB:FEATURE_LOCATION_CONFLICT::Coding region xref gene does not exist
plasmid_files_fasta/MH624131.1_results/PROKKA_10092018:CDS	Mercuric transport protein MerT	MH624131.1:32690-32866	NKAPFHAE_00041

DiscRep_SUB:FEATURE_LOCATION_CONFLICT::Coding region xref gene does not exist
plasmid_files_fasta/MH624131.1_results/PROKKA_10092018:CDS	Regulatory protein RepA	MH624131.1:c33401-33081	NKAPFHAE_00042

DiscRep_SUB:FEATURE_LOCATION_CONFLICT::Coding region xref gene does not exist
plasmid_files_fasta/MH624131.1_results/PROKKA_10092018:CDS	hypothetical protein	MH624131.1:c35913-33472	NKAPFHAE_00043

DiscRep_SUB:FEATURE_LOCATION_CONFLICT::Coding region xref gene does not exist
plasmid_files_fasta/MH624131.1_results/PROKKA_10092018:CDS	hypothetical protein	MH624131.1:c36328-35897	NKAPFHAE_00044

DiscRep_SUB:FEATURE_LOCATION_CONFLICT::Coding region xref gene does not exist
plasmid_files_fasta/MH624131.1_results/PROKKA_10092018:CDS	hypothetical protein	MH624131.1:36786-37253	NKAPFHAE_00045

DiscRep_SUB:FEATURE_LOCATION_CONFLICT::Coding region xref gene does not exist
plasmid_files_fasta/MH624131.1_results/PROKKA_10092018:CDS	Pentapeptide repeat protein	MH624131.1:38107-38763	NKAPFHAE_00046

DiscRep_SUB:FEATURE_LOCATION_CONFLICT::Coding region xref gene does not exist
plasmid_files_fasta/MH624131.1_results/PROKKA_10092018:CDS	hypothetical protein	MH624131.1:c39317-39066	NKAPFHAE_00047

DiscRep_SUB:FEATURE_LOCATION_CONFLICT::Coding region xref gene does not exist
plasmid_files_fasta/MH624131.1_results/PROKKA_10092018:CDS	hypothetical protein	MH624131.1:c40188-39307	NKAPFHAE_00048

DiscRep_SUB:FEATURE_LOCATION_CONFLICT::Coding region xref gene does not exist
plasmid_files_fasta/MH624131.1_results/PROKKA_10092018:CDS	Regulatory protein RepA	MH624131.1:c40708-40175	NKAPFHAE_00049

DiscRep_SUB:FEATURE_LOCATION_CONFLICT::Coding region xref gene does not exist
plasmid_files_fasta/MH624131.1_results/PROKKA_10092018:CDS	hypothetical protein	MH624131.1:c41571-41011	NKAPFHAE_00050

DiscRep_SUB:FEATURE_LOCATION_CONFLICT::Coding region xref gene does not exist
plasmid_files_fasta/MH624131.1_results/PROKKA_10092018:CDS	mRNA interferase toxin RelE	MH624131.1:c42041-41754	NKAPFHAE_00051

DiscRep_SUB:FEATURE_LOCATION_CONFLICT::Coding region xref gene does not exist
plasmid_files_fasta/MH624131.1_results/PROKKA_10092018:CDS	Antitoxin RelB	MH624131.1:c42273-42031	NKAPFHAE_00052

DiscRep_SUB:FEATURE_LOCATION_CONFLICT::Coding region xref gene does not exist
plasmid_files_fasta/MH624131.1_results/PROKKA_10092018:CDS	hypothetical protein	MH624131.1:c42605-42345	NKAPFHAE_00053

DiscRep_SUB:FEATURE_LOCATION_CONFLICT::Coding region xref gene does not exist
plasmid_files_fasta/MH624131.1_results/PROKKA_10092018:CDS	hypothetical protein	MH624131.1:c43242-42754	NKAPFHAE_00054

DiscRep_SUB:FEATURE_LOCATION_CONFLICT::Coding region xref gene does not exist
plasmid_files_fasta/MH624131.1_results/PROKKA_10092018:CDS	hypothetical protein	MH624131.1:c44338-44096	NKAPFHAE_00055

DiscRep_SUB:FEATURE_LOCATION_CONFLICT::Coding region xref gene does not exist
plasmid_files_fasta/MH624131.1_results/PROKKA_10092018:CDS	hypothetical protein	MH624131.1:44873-45841	NKAPFHAE_00056

DiscRep_SUB:FEATURE_LOCATION_CONFLICT::Coding region xref gene does not exist
plasmid_files_fasta/MH624131.1_results/PROKKA_10092018:CDS	hypothetical protein	MH624131.1:45851-46135	NKAPFHAE_00057

DiscRep_SUB:FEATURE_LOCATION_CONFLICT::Coding region xref gene does not exist
plasmid_files_fasta/MH624131.1_results/PROKKA_10092018:CDS	hypothetical protein	MH624131.1:46194-46436	NKAPFHAE_00058

DiscRep_SUB:FEATURE_LOCATION_CONFLICT::Coding region xref gene does not exist
plasmid_files_fasta/MH624131.1_results/PROKKA_10092018:CDS	hypothetical protein	MH624131.1:c46894-46628	NKAPFHAE_00059

DiscRep_SUB:FEATURE_LOCATION_CONFLICT::Coding region xref gene does not exist
plasmid_files_fasta/MH624131.1_results/PROKKA_10092018:CDS	Mercuric transport protein MerT	MH624131.1:47378-47593	NKAPFHAE_00060

DiscRep_SUB:FEATURE_LOCATION_CONFLICT::Coding region xref gene does not exist
plasmid_files_fasta/MH624131.1_results/PROKKA_10092018:CDS	Mercuric transport protein periplasmic component	MH624131.1:47606-47881	NKAPFHAE_00061

DiscRep_SUB:FEATURE_LOCATION_CONFLICT::Coding region xref gene does not exist
plasmid_files_fasta/MH624131.1_results/PROKKA_10092018:CDS	hypothetical protein	MH624131.1:47889-48101	NKAPFHAE_00062

DiscRep_SUB:FEATURE_LOCATION_CONFLICT::Coding region xref gene does not exist
plasmid_files_fasta/MH624131.1_results/PROKKA_10092018:CDS	hypothetical protein	MH624131.1:c51107-48114	NKAPFHAE_00063

DiscRep_SUB:FEATURE_LOCATION_CONFLICT::Coding region xref gene does not exist
plasmid_files_fasta/MH624131.1_results/PROKKA_10092018:CDS	hypothetical protein	MH624131.1:c51521-51111	NKAPFHAE_00064

DiscRep_SUB:FEATURE_LOCATION_CONFLICT::Coding region xref gene does not exist
plasmid_files_fasta/MH624131.1_results/PROKKA_10092018:CDS	hypothetical protein	MH624131.1:c51760-51521	NKAPFHAE_00065

DiscRep_SUB:FEATURE_LOCATION_CONFLICT::Coding region xref gene does not exist
plasmid_files_fasta/MH624131.1_results/PROKKA_10092018:CDS	DNA-invertase hin	MH624131.1:51962-52891	NKAPFHAE_00066

DiscRep_ALL:DISC_QUALITY_SCORES::Quality scores are missing on all sequences.

DiscRep_ALL:ONCALLER_COMMENT_PRESENT::1 comment descriptors were found (all same)
plasmid_files_fasta/MH624131.1_results/PROKKA_10092018:MH624131.1:Annotated using prokka 1.14-dev from https://github.com/tseemann/prokka

DiscRep_ALL:MISSING_GENOMEASSEMBLY_COMMENTS::1 bioseqs are missing GenomeAssembly structured comments
plasmid_files_fasta/MH624131.1_results/PROKKA_10092018:MH624131.1 (length 53205)

DiscRep_ALL:MOLTYPE_NOT_MRNA::1 molecule types are not set as mRNA.
plasmid_files_fasta/MH624131.1_results/PROKKA_10092018:MH624131.1 (length 53205)

DiscRep_ALL:TECHNIQUE_NOT_TSA::1 technique are not set as TSA
plasmid_files_fasta/MH624131.1_results/PROKKA_10092018:MH624131.1 (length 53205)

DiscRep_ALL:MISSING_STRUCTURED_COMMENT::1 sequences do not include structured comments.
plasmid_files_fasta/MH624131.1_results/PROKKA_10092018:MH624131.1 (length 53205)

DiscRep_ALL:MISSING_PROJECT::67 sequences do not include project.
plasmid_files_fasta/MH624131.1_results/PROKKA_10092018:MH624131.1 (length 53205)
plasmid_files_fasta/MH624131.1_results/PROKKA_10092018:MH624131.1_1 (length 458)
plasmid_files_fasta/MH624131.1_results/PROKKA_10092018:MH624131.1_2 (length 128)
plasmid_files_fasta/MH624131.1_results/PROKKA_10092018:MH624131.1_3 (length 73)
plasmid_files_fasta/MH624131.1_results/PROKKA_10092018:MH624131.1_4 (length 212)
plasmid_files_fasta/MH624131.1_results/PROKKA_10092018:MH624131.1_5 (length 82)
plasmid_files_fasta/MH624131.1_results/PROKKA_10092018:MH624131.1_6 (length 170)
plasmid_files_fasta/MH624131.1_results/PROKKA_10092018:MH624131.1_7 (length 190)
plasmid_files_fasta/MH624131.1_results/PROKKA_10092018:MH624131.1_8 (length 322)
plasmid_files_fasta/MH624131.1_results/PROKKA_10092018:MH624131.1_9 (length 234)
plasmid_files_fasta/MH624131.1_results/PROKKA_10092018:MH624131.1_10 (length 179)
plasmid_files_fasta/MH624131.1_results/PROKKA_10092018:MH624131.1_11 (length 147)
plasmid_files_fasta/MH624131.1_results/PROKKA_10092018:MH624131.1_12 (length 224)
plasmid_files_fasta/MH624131.1_results/PROKKA_10092018:MH624131.1_13 (length 849)
plasmid_files_fasta/MH624131.1_results/PROKKA_10092018:MH624131.1_14 (length 422)
plasmid_files_fasta/MH624131.1_results/PROKKA_10092018:MH624131.1_15 (length 123)
plasmid_files_fasta/MH624131.1_results/PROKKA_10092018:MH624131.1_16 (length 424)
plasmid_files_fasta/MH624131.1_results/PROKKA_10092018:MH624131.1_17 (length 136)
plasmid_files_fasta/MH624131.1_results/PROKKA_10092018:MH624131.1_18 (length 185)
plasmid_files_fasta/MH624131.1_results/PROKKA_10092018:MH624131.1_19 (length 326)
plasmid_files_fasta/MH624131.1_results/PROKKA_10092018:MH624131.1_20 (length 293)
plasmid_files_fasta/MH624131.1_results/PROKKA_10092018:MH624131.1_21 (length 326)
plasmid_files_fasta/MH624131.1_results/PROKKA_10092018:MH624131.1_22 (length 98)
plasmid_files_fasta/MH624131.1_results/PROKKA_10092018:MH624131.1_23 (length 51)
plasmid_files_fasta/MH624131.1_results/PROKKA_10092018:MH624131.1_24 (length 141)
plasmid_files_fasta/MH624131.1_results/PROKKA_10092018:MH624131.1_25 (length 92)
plasmid_files_fasta/MH624131.1_results/PROKKA_10092018:MH624131.1_26 (length 186)
plasmid_files_fasta/MH624131.1_results/PROKKA_10092018:MH624131.1_27 (length 140)
plasmid_files_fasta/MH624131.1_results/PROKKA_10092018:MH624131.1_28 (length 106)
plasmid_files_fasta/MH624131.1_results/PROKKA_10092018:MH624131.1_29 (length 92)
plasmid_files_fasta/MH624131.1_results/PROKKA_10092018:MH624131.1_30 (length 890)
plasmid_files_fasta/MH624131.1_results/PROKKA_10092018:MH624131.1_31 (length 106)
plasmid_files_fasta/MH624131.1_results/PROKKA_10092018:MH624131.1_32 (length 118)
plasmid_files_fasta/MH624131.1_results/PROKKA_10092018:MH624131.1_33 (length 227)
plasmid_files_fasta/MH624131.1_results/PROKKA_10092018:MH624131.1_34 (length 216)
plasmid_files_fasta/MH624131.1_results/PROKKA_10092018:MH624131.1_35 (length 240)
plasmid_files_fasta/MH624131.1_results/PROKKA_10092018:MH624131.1_36 (length 275)
plasmid_files_fasta/MH624131.1_results/PROKKA_10092018:MH624131.1_37 (length 63)
plasmid_files_fasta/MH624131.1_results/PROKKA_10092018:MH624131.1_38 (length 303)
plasmid_files_fasta/MH624131.1_results/PROKKA_10092018:MH624131.1_39 (length 53)
plasmid_files_fasta/MH624131.1_results/PROKKA_10092018:MH624131.1_40 (length 132)
plasmid_files_fasta/MH624131.1_results/PROKKA_10092018:MH624131.1_41 (length 58)
plasmid_files_fasta/MH624131.1_results/PROKKA_10092018:MH624131.1_42 (length 106)
plasmid_files_fasta/MH624131.1_results/PROKKA_10092018:MH624131.1_43 (length 813)
plasmid_files_fasta/MH624131.1_results/PROKKA_10092018:MH624131.1_44 (length 143)
plasmid_files_fasta/MH624131.1_results/PROKKA_10092018:MH624131.1_45 (length 155)
plasmid_files_fasta/MH624131.1_results/PROKKA_10092018:MH624131.1_46 (length 218)
plasmid_files_fasta/MH624131.1_results/PROKKA_10092018:MH624131.1_47 (length 83)
plasmid_files_fasta/MH624131.1_results/PROKKA_10092018:MH624131.1_48 (length 293)
plasmid_files_fasta/MH624131.1_results/PROKKA_10092018:MH624131.1_49 (length 177)
plasmid_files_fasta/MH624131.1_results/PROKKA_10092018:MH624131.1_50 (length 186)
plasmid_files_fasta/MH624131.1_results/PROKKA_10092018:MH624131.1_51 (length 95)
plasmid_files_fasta/MH624131.1_results/PROKKA_10092018:MH624131.1_52 (length 80)
plasmid_files_fasta/MH624131.1_results/PROKKA_10092018:MH624131.1_53 (length 86)
plasmid_files_fasta/MH624131.1_results/PROKKA_10092018:MH624131.1_54 (length 162)
plasmid_files_fasta/MH624131.1_results/PROKKA_10092018:MH624131.1_55 (length 80)
plasmid_files_fasta/MH624131.1_results/PROKKA_10092018:MH624131.1_56 (length 322)
plasmid_files_fasta/MH624131.1_results/PROKKA_10092018:MH624131.1_57 (length 94)
plasmid_files_fasta/MH624131.1_results/PROKKA_10092018:MH624131.1_58 (length 80)
plasmid_files_fasta/MH624131.1_results/PROKKA_10092018:MH624131.1_59 (length 88)
plasmid_files_fasta/MH624131.1_results/PROKKA_10092018:MH624131.1_60 (length 71)
plasmid_files_fasta/MH624131.1_results/PROKKA_10092018:MH624131.1_61 (length 91)
plasmid_files_fasta/MH624131.1_results/PROKKA_10092018:MH624131.1_62 (length 70)
plasmid_files_fasta/MH624131.1_results/PROKKA_10092018:MH624131.1_63 (length 997)
plasmid_files_fasta/MH624131.1_results/PROKKA_10092018:MH624131.1_64 (length 136)
plasmid_files_fasta/MH624131.1_results/PROKKA_10092018:MH624131.1_65 (length 79)
plasmid_files_fasta/MH624131.1_results/PROKKA_10092018:MH624131.1_66 (length 309)

DiscRep_ALL:DISC_INCONSISTENT_MOLINFO_TECH::Molinfo Technique Report (some missing, all same)
DiscRep_SUB:DISC_INCONSISTENT_MOLINFO_TECH::technique (all missing)
DiscRep_SUB:DISC_INCONSISTENT_MOLINFO_TECH::1 Molinfos are missing field technique
plasmid_files_fasta/MH624131.1_results/PROKKA_10092018:MH624131.1 (length 53205)

