[15:21:22] This is prokka 1.14-dev
[15:21:22] Written by Torsten Seemann <torsten.seemann@gmail.com>
[15:21:22] Homepage is https://github.com/tseemann/prokka
[15:21:22] Local time is Tue Oct  9 15:21:22 2018
[15:21:22] You are christian
[15:21:22] Operating system is linux
[15:21:22] You have BioPerl 1.007002
[15:21:22] System has 20 cores.
[15:21:22] Will use maximum of 20 cores.
[15:21:22] Annotating as >>> Bacteria <<<
[15:21:22] Generating locus_tag from 'plasmid_files_fasta/CP026175.1.fasta' contents.
[15:21:22] Setting --locustag LHMJIHCA from MD5 516321ca939bd5ed085c651a4680cc17
[15:21:22] Creating new output folder: plasmid_files_fasta/CP026175.1_results
[15:21:22] Running: mkdir -p plasmid_files_fasta\/CP026175\.1_results
[15:21:22] Using filename prefix: PROKKA_10092018.XXX
[15:21:22] Setting HMMER_NCPU=1
[15:21:22] Writing log to: plasmid_files_fasta/CP026175.1_results/PROKKA_10092018.log
[15:21:22] Command: /home/christian/install/prokka/bin/prokka plasmid_files_fasta/CP026175.1.fasta --outdir plasmid_files_fasta/CP026175.1_results --cpus 20 --force
[15:21:22] Appending to PATH: /home/christian/install/prokka/bin/../binaries/linux
[15:21:22] Appending to PATH: /home/christian/install/prokka/bin/../binaries/linux/../common
[15:21:22] Appending to PATH: /home/christian/install/prokka/bin
[15:21:22] Looking for 'aragorn' - found /home/christian/install/prokka/bin/../binaries/linux/aragorn
[15:21:22] Determined aragorn version is 1.2
[15:21:22] Looking for 'blastp' - found /usr/bin/blastp
[15:21:22] Determined blastp version is 2.2
[15:21:22] Looking for 'cmpress' - found /usr/local/bin/cmpress
[15:21:22] Determined cmpress version is 1.1
[15:21:22] Looking for 'cmscan' - found /usr/local/bin/cmscan
[15:21:22] Determined cmscan version is 1.1
[15:21:22] Looking for 'egrep' - found /bin/egrep
[15:21:22] Looking for 'find' - found /usr/bin/find
[15:21:22] Looking for 'grep' - found /bin/grep
[15:21:22] Looking for 'hmmpress' - found /usr/local/bin/hmmpress
[15:21:22] Determined hmmpress version is 3.1
[15:21:22] Looking for 'hmmscan' - found /usr/local/bin/hmmscan
[15:21:22] Determined hmmscan version is 3.1
[15:21:22] Looking for 'java' - found /usr/bin/java
[15:21:22] Looking for 'less' - found /usr/bin/less
[15:21:22] Looking for 'makeblastdb' - found /usr/bin/makeblastdb
[15:21:22] Determined makeblastdb version is 2.2
[15:21:22] Looking for 'minced' - found /home/christian/install/prokka/bin/../binaries/linux/../common/minced
[15:21:22] Determined minced version is 2.0
[15:21:22] Looking for 'parallel' - found /usr/bin/parallel
[15:21:22] Determined parallel version is 20141022
[15:21:22] Looking for 'prodigal' - found /usr/local/bin/prodigal
[15:21:22] Determined prodigal version is 2.6
[15:21:22] Looking for 'prokka-genbank_to_fasta_db' - found /home/christian/install/prokka/bin/prokka-genbank_to_fasta_db
[15:21:22] Looking for 'sed' - found /bin/sed
[15:21:22] Looking for 'tbl2asn' - found /home/christian/install/prokka/bin/../binaries/linux/tbl2asn
[15:21:22] Determined tbl2asn version is 25.6
[15:21:22] Using genetic code table 11.
[15:21:22] Loading and checking input file: plasmid_files_fasta/CP026175.1.fasta
[15:21:22] Wrote 1 contigs totalling 172259 bp.
[15:21:22] Predicting tRNAs and tmRNAs
[15:21:22] Running: aragorn -l -gc11  -w plasmid_files_fasta\/CP026175\.1_results\/PROKKA_10092018\.fna
[15:21:22] Found 0 tRNAs
[15:21:22] Predicting Ribosomal RNAs
[15:21:22] You need either Barrnap or RNAmmer installed to predict rRNAs!
[15:21:22] Skipping ncRNA search, enable with --rfam if desired.
[15:21:22] Total of 0 tRNA + rRNA features
[15:21:22] Searching for CRISPR repeats
[15:21:23] Found 0 CRISPRs
[15:21:23] Predicting coding sequences
[15:21:23] Contigs total 172259 bp, so using single mode
[15:21:23] Running: prodigal -i plasmid_files_fasta\/CP026175\.1_results\/PROKKA_10092018\.fna -c -m -g 11 -p single -f sco -q
[15:21:23] Found 218 CDS
[15:21:23] Connecting features back to sequences
[15:21:23] Not using genus-specific database. Try --usegenus to enable it.
[15:21:23] Annotating CDS, please be patient.
[15:21:23] Will use 20 CPUs for similarity searching.
[15:21:23] There are still 218 unannotated CDS left (started with 218)
[15:21:23] Will use blast to search against /home/christian/install/prokka/db/kingdom/Bacteria/sprot with 20 CPUs
[15:21:23] Running: cat plasmid_files_fasta\/CP026175\.1_results\/sprot\.faa | parallel --gnu --plain -j 20 --block 1231 --recstart '>' --pipe blastp -query - -db /home/christian/install/prokka/db/kingdom/Bacteria/sprot -evalue 1e-06 -num_threads 1 -num_descriptions 1 -num_alignments 1 -seg no > plasmid_files_fasta\/CP026175\.1_results\/sprot\.blast 2> /dev/null
[15:21:24] Modify product: UPF0401 protein YkfF => hypothetical protein
[15:21:24] Modify product: Probable chromate transport protein => putative chromate transport protein
[15:21:24] Modify product: Probable copper-binding protein PcoE => putative copper-binding protein PcoE
[15:21:24] Cleaned 3 /product names
[15:21:24] Deleting unwanted file: plasmid_files_fasta/CP026175.1_results/sprot.faa
[15:21:24] Deleting unwanted file: plasmid_files_fasta/CP026175.1_results/sprot.blast
[15:21:24] There are still 141 unannotated CDS left (started with 218)
[15:21:24] Will use hmmer3 to search against /home/christian/install/prokka/db/hmm/HAMAP.hmm with 20 CPUs
[15:21:24] Running: cat plasmid_files_fasta\/CP026175\.1_results\/HAMAP\.hmm\.faa | parallel --gnu --plain -j 20 --block 705 --recstart '>' --pipe hmmscan --noali --notextw --acc -E 1e-06 --cpu 1 /home/christian/install/prokka/db/hmm/HAMAP.hmm /dev/stdin > plasmid_files_fasta\/CP026175\.1_results\/HAMAP\.hmm\.hmmer3 2> /dev/null
[15:21:25] Deleting unwanted file: plasmid_files_fasta/CP026175.1_results/HAMAP.hmm.faa
[15:21:25] Deleting unwanted file: plasmid_files_fasta/CP026175.1_results/HAMAP.hmm.hmmer3
[15:21:25] Labelling remaining 139 proteins as 'hypothetical protein'
[15:21:25] Possible /pseudo 'Coupling protein TraD' at CP026175.1 position 84768
[15:21:25] Found 69 unique /gene codes.
[15:21:25] Fixed 2 duplicate /gene - traD_1 traD_2
[15:21:25] Fixed 2 duplicate /gene - ylpA_1 ylpA_2
[15:21:25] Fixed 2 duplicate /gene - silE_1 silE_2
[15:21:25] Fixed 2 duplicate /gene - hin_1 hin_2
[15:21:25] Fixed 2 duplicate /gene - vapB_1 vapB_2
[15:21:25] Fixed 2 duplicate /gene - vapC_1 vapC_2
[15:21:25] Fixed 2 duplicate /gene - cusS_1 cusS_2
[15:21:25] Fixed 2 duplicate /gene - xerD_1 xerD_2
[15:21:25] Fixed 2 duplicate /gene - relE_1 relE_2
[15:21:25] Fixed 9 colliding /gene names.
[15:21:25] Adding /locus_tag identifiers
[15:21:25] Assigned 218 locus_tags to CDS and RNA features.
[15:21:25] Writing outputs to plasmid_files_fasta/CP026175.1_results/
[15:21:25] Generating annotation statistics file
[15:21:25] Generating Genbank and Sequin files
[15:21:25] Running: tbl2asn -V b -a r10k -l paired-ends -M n -N 1 -y 'Annotated using prokka 1.14-dev from https://github.com/tseemann/prokka' -Z plasmid_files_fasta\/CP026175\.1_results\/PROKKA_10092018\.err -i plasmid_files_fasta\/CP026175\.1_results\/PROKKA_10092018\.fsa 2> /dev/null
[15:21:26] Deleting unwanted file: plasmid_files_fasta/CP026175.1_results/errorsummary.val
[15:21:26] Deleting unwanted file: plasmid_files_fasta/CP026175.1_results/PROKKA_10092018.dr
[15:21:26] Deleting unwanted file: plasmid_files_fasta/CP026175.1_results/PROKKA_10092018.fixedproducts
[15:21:26] Deleting unwanted file: plasmid_files_fasta/CP026175.1_results/PROKKA_10092018.ecn
[15:21:26] Deleting unwanted file: plasmid_files_fasta/CP026175.1_results/PROKKA_10092018.val
[15:21:26] Repairing broken .GBK output that tbl2asn produces...
[15:21:26] Running: sed 's/COORDINATES: profile/COORDINATES:profile/' < plasmid_files_fasta\/CP026175\.1_results\/PROKKA_10092018\.gbf > plasmid_files_fasta\/CP026175\.1_results\/PROKKA_10092018\.gbk
[15:21:26] Deleting unwanted file: plasmid_files_fasta/CP026175.1_results/PROKKA_10092018.gbf
[15:21:26] Output files:
[15:21:26] plasmid_files_fasta/CP026175.1_results/PROKKA_10092018.ffn
[15:21:26] plasmid_files_fasta/CP026175.1_results/PROKKA_10092018.tbl
[15:21:26] plasmid_files_fasta/CP026175.1_results/PROKKA_10092018.log
[15:21:26] plasmid_files_fasta/CP026175.1_results/PROKKA_10092018.fna
[15:21:26] plasmid_files_fasta/CP026175.1_results/PROKKA_10092018.fsa
[15:21:26] plasmid_files_fasta/CP026175.1_results/PROKKA_10092018.tsv
[15:21:26] plasmid_files_fasta/CP026175.1_results/PROKKA_10092018.faa
[15:21:26] plasmid_files_fasta/CP026175.1_results/PROKKA_10092018.gbk
[15:21:26] plasmid_files_fasta/CP026175.1_results/PROKKA_10092018.sqn
[15:21:26] plasmid_files_fasta/CP026175.1_results/PROKKA_10092018.err
[15:21:26] plasmid_files_fasta/CP026175.1_results/PROKKA_10092018.txt
[15:21:26] plasmid_files_fasta/CP026175.1_results/PROKKA_10092018.gff
[15:21:26] Annotation finished successfully.
[15:21:26] Walltime used: 0.07 minutes
[15:21:26] If you use this result please cite the Prokka paper:
[15:21:26] Seemann T (2014) Prokka: rapid prokaryotic genome annotation. Bioinformatics. 30(14):2068-9.
[15:21:26] Type 'prokka --citation' for more details.
[15:21:26] Thank you, come again.
