[15:23:16] This is prokka 1.14-dev
[15:23:16] Written by Torsten Seemann <torsten.seemann@gmail.com>
[15:23:16] Homepage is https://github.com/tseemann/prokka
[15:23:16] Local time is Tue Oct  9 15:23:16 2018
[15:23:16] You are christian
[15:23:16] Operating system is linux
[15:23:16] You have BioPerl 1.007002
[15:23:16] System has 20 cores.
[15:23:16] Will use maximum of 20 cores.
[15:23:16] Annotating as >>> Bacteria <<<
[15:23:16] Generating locus_tag from 'plasmid_files_fasta/CP027700.1.fasta' contents.
[15:23:16] Setting --locustag ENPHLKAJ from MD5 e79154a3bdd311a10ceaf1cbb116e4cc
[15:23:16] Creating new output folder: plasmid_files_fasta/CP027700.1_results
[15:23:16] Running: mkdir -p plasmid_files_fasta\/CP027700\.1_results
[15:23:16] Using filename prefix: PROKKA_10092018.XXX
[15:23:16] Setting HMMER_NCPU=1
[15:23:16] Writing log to: plasmid_files_fasta/CP027700.1_results/PROKKA_10092018.log
[15:23:16] Command: /home/christian/install/prokka/bin/prokka plasmid_files_fasta/CP027700.1.fasta --outdir plasmid_files_fasta/CP027700.1_results --cpus 20 --force
[15:23:16] Appending to PATH: /home/christian/install/prokka/bin/../binaries/linux
[15:23:16] Appending to PATH: /home/christian/install/prokka/bin/../binaries/linux/../common
[15:23:16] Appending to PATH: /home/christian/install/prokka/bin
[15:23:16] Looking for 'aragorn' - found /home/christian/install/prokka/bin/../binaries/linux/aragorn
[15:23:16] Determined aragorn version is 1.2
[15:23:16] Looking for 'blastp' - found /usr/bin/blastp
[15:23:16] Determined blastp version is 2.2
[15:23:16] Looking for 'cmpress' - found /usr/local/bin/cmpress
[15:23:16] Determined cmpress version is 1.1
[15:23:16] Looking for 'cmscan' - found /usr/local/bin/cmscan
[15:23:16] Determined cmscan version is 1.1
[15:23:16] Looking for 'egrep' - found /bin/egrep
[15:23:16] Looking for 'find' - found /usr/bin/find
[15:23:16] Looking for 'grep' - found /bin/grep
[15:23:16] Looking for 'hmmpress' - found /usr/local/bin/hmmpress
[15:23:16] Determined hmmpress version is 3.1
[15:23:16] Looking for 'hmmscan' - found /usr/local/bin/hmmscan
[15:23:16] Determined hmmscan version is 3.1
[15:23:16] Looking for 'java' - found /usr/bin/java
[15:23:16] Looking for 'less' - found /usr/bin/less
[15:23:16] Looking for 'makeblastdb' - found /usr/bin/makeblastdb
[15:23:17] Determined makeblastdb version is 2.2
[15:23:17] Looking for 'minced' - found /home/christian/install/prokka/bin/../binaries/linux/../common/minced
[15:23:17] Determined minced version is 2.0
[15:23:17] Looking for 'parallel' - found /usr/bin/parallel
[15:23:17] Determined parallel version is 20141022
[15:23:17] Looking for 'prodigal' - found /usr/local/bin/prodigal
[15:23:17] Determined prodigal version is 2.6
[15:23:17] Looking for 'prokka-genbank_to_fasta_db' - found /home/christian/install/prokka/bin/prokka-genbank_to_fasta_db
[15:23:17] Looking for 'sed' - found /bin/sed
[15:23:17] Looking for 'tbl2asn' - found /home/christian/install/prokka/bin/../binaries/linux/tbl2asn
[15:23:17] Determined tbl2asn version is 25.6
[15:23:17] Using genetic code table 11.
[15:23:17] Loading and checking input file: plasmid_files_fasta/CP027700.1.fasta
[15:23:17] Wrote 1 contigs totalling 46606 bp.
[15:23:17] Predicting tRNAs and tmRNAs
[15:23:17] Running: aragorn -l -gc11  -w plasmid_files_fasta\/CP027700\.1_results\/PROKKA_10092018\.fna
[15:23:17] Found 0 tRNAs
[15:23:17] Predicting Ribosomal RNAs
[15:23:17] You need either Barrnap or RNAmmer installed to predict rRNAs!
[15:23:17] Skipping ncRNA search, enable with --rfam if desired.
[15:23:17] Total of 0 tRNA + rRNA features
[15:23:17] Searching for CRISPR repeats
[15:23:17] Found 0 CRISPRs
[15:23:17] Predicting coding sequences
[15:23:17] Contigs total 46606 bp, so using meta mode
[15:23:17] Running: prodigal -i plasmid_files_fasta\/CP027700\.1_results\/PROKKA_10092018\.fna -c -m -g 11 -p meta -f sco -q
[15:23:17] Found 66 CDS
[15:23:17] Connecting features back to sequences
[15:23:17] Not using genus-specific database. Try --usegenus to enable it.
[15:23:17] Annotating CDS, please be patient.
[15:23:17] Will use 20 CPUs for similarity searching.
[15:23:17] There are still 66 unannotated CDS left (started with 66)
[15:23:17] Will use blast to search against /home/christian/install/prokka/db/kingdom/Bacteria/sprot with 20 CPUs
[15:23:17] Running: cat plasmid_files_fasta\/CP027700\.1_results\/sprot\.faa | parallel --gnu --plain -j 20 --block 311 --recstart '>' --pipe blastp -query - -db /home/christian/install/prokka/db/kingdom/Bacteria/sprot -evalue 1e-06 -num_threads 1 -num_descriptions 1 -num_alignments 1 -seg no > plasmid_files_fasta\/CP027700\.1_results\/sprot\.blast 2> /dev/null
[15:23:18] Deleting unwanted file: plasmid_files_fasta/CP027700.1_results/sprot.faa
[15:23:18] Deleting unwanted file: plasmid_files_fasta/CP027700.1_results/sprot.blast
[15:23:18] There are still 45 unannotated CDS left (started with 66)
[15:23:18] Will use hmmer3 to search against /home/christian/install/prokka/db/hmm/HAMAP.hmm with 20 CPUs
[15:23:18] Running: cat plasmid_files_fasta\/CP027700\.1_results\/HAMAP\.hmm\.faa | parallel --gnu --plain -j 20 --block 162 --recstart '>' --pipe hmmscan --noali --notextw --acc -E 1e-06 --cpu 1 /home/christian/install/prokka/db/hmm/HAMAP.hmm /dev/stdin > plasmid_files_fasta\/CP027700\.1_results\/HAMAP\.hmm\.hmmer3 2> /dev/null
[15:23:18] Deleting unwanted file: plasmid_files_fasta/CP027700.1_results/HAMAP.hmm.faa
[15:23:18] Deleting unwanted file: plasmid_files_fasta/CP027700.1_results/HAMAP.hmm.hmmer3
[15:23:18] Labelling remaining 42 proteins as 'hypothetical protein'
[15:23:18] Possible /pseudo 'DNA topoisomerase 3' at CP027700.1 position 1957
[15:23:18] Possible /pseudo 'Type IV secretion system protein virB4' at CP027700.1 position 34256
[15:23:18] Found 20 unique /gene codes.
[15:23:18] Fixed 2 duplicate /gene - topB_1 topB_2
[15:23:18] Fixed 2 duplicate /gene - virB4_1 virB4_2
[15:23:18] Fixed 2 colliding /gene names.
[15:23:18] Adding /locus_tag identifiers
[15:23:18] Assigned 66 locus_tags to CDS and RNA features.
[15:23:18] Writing outputs to plasmid_files_fasta/CP027700.1_results/
[15:23:18] Generating annotation statistics file
[15:23:18] Generating Genbank and Sequin files
[15:23:18] Running: tbl2asn -V b -a r10k -l paired-ends -M n -N 1 -y 'Annotated using prokka 1.14-dev from https://github.com/tseemann/prokka' -Z plasmid_files_fasta\/CP027700\.1_results\/PROKKA_10092018\.err -i plasmid_files_fasta\/CP027700\.1_results\/PROKKA_10092018\.fsa 2> /dev/null
[15:23:19] Deleting unwanted file: plasmid_files_fasta/CP027700.1_results/errorsummary.val
[15:23:19] Deleting unwanted file: plasmid_files_fasta/CP027700.1_results/PROKKA_10092018.dr
[15:23:19] Deleting unwanted file: plasmid_files_fasta/CP027700.1_results/PROKKA_10092018.fixedproducts
[15:23:19] Deleting unwanted file: plasmid_files_fasta/CP027700.1_results/PROKKA_10092018.ecn
[15:23:19] Deleting unwanted file: plasmid_files_fasta/CP027700.1_results/PROKKA_10092018.val
[15:23:19] Repairing broken .GBK output that tbl2asn produces...
[15:23:19] Running: sed 's/COORDINATES: profile/COORDINATES:profile/' < plasmid_files_fasta\/CP027700\.1_results\/PROKKA_10092018\.gbf > plasmid_files_fasta\/CP027700\.1_results\/PROKKA_10092018\.gbk
[15:23:19] Deleting unwanted file: plasmid_files_fasta/CP027700.1_results/PROKKA_10092018.gbf
[15:23:19] Output files:
[15:23:19] plasmid_files_fasta/CP027700.1_results/PROKKA_10092018.ffn
[15:23:19] plasmid_files_fasta/CP027700.1_results/PROKKA_10092018.tbl
[15:23:19] plasmid_files_fasta/CP027700.1_results/PROKKA_10092018.log
[15:23:19] plasmid_files_fasta/CP027700.1_results/PROKKA_10092018.fna
[15:23:19] plasmid_files_fasta/CP027700.1_results/PROKKA_10092018.fsa
[15:23:19] plasmid_files_fasta/CP027700.1_results/PROKKA_10092018.tsv
[15:23:19] plasmid_files_fasta/CP027700.1_results/PROKKA_10092018.faa
[15:23:19] plasmid_files_fasta/CP027700.1_results/PROKKA_10092018.gbk
[15:23:19] plasmid_files_fasta/CP027700.1_results/PROKKA_10092018.sqn
[15:23:19] plasmid_files_fasta/CP027700.1_results/PROKKA_10092018.err
[15:23:19] plasmid_files_fasta/CP027700.1_results/PROKKA_10092018.txt
[15:23:19] plasmid_files_fasta/CP027700.1_results/PROKKA_10092018.gff
[15:23:19] Annotation finished successfully.
[15:23:19] Walltime used: 0.05 minutes
[15:23:19] If you use this result please cite the Prokka paper:
[15:23:19] Seemann T (2014) Prokka: rapid prokaryotic genome annotation. Bioinformatics. 30(14):2068-9.
[15:23:19] Type 'prokka --citation' for more details.
[15:23:19] Share and enjoy!
