Discrepancy Report Results

Summary
FATAL: MISSING_PROTEIN_ID:215 proteins have invalid IDs.
DISC_SOURCE_QUALS_ASNDISC:strain (all present, all unique)
DISC_SOURCE_QUALS_ASNDISC:taxname (all present, all unique)
DISC_FEATURE_COUNT:CDS: 215 present
DISC_FEATURE_COUNT:tRNA: 1 present
DISC_COUNT_NUCLEOTIDES:1 nucleotide Bioseqs are present
FEATURE_LOCATION_CONFLICT:216 features have inconsistent gene locations.
OVERLAPPING_CDS:2 coding regions overlap another coding region with a similar or identical name.
SUSPECT_PRODUCT_NAMES:3 product_names contain suspect phrase or characters
	May contain database identifier more appropriate in note; remove from product name
		3 features Three or more numbers together
DISC_QUALITY_SCORES:Quality scores are missing on all sequences.
ONCALLER_COMMENT_PRESENT:1 comment descriptors were found (all same)
SHORT_PROT_SEQUENCES:6 protein sequences are shorter than 50 aa.
MISSING_GENOMEASSEMBLY_COMMENTS:1 bioseqs are missing GenomeAssembly structured comments
MOLTYPE_NOT_MRNA:1 molecule types are not set as mRNA.
TECHNIQUE_NOT_TSA:1 technique are not set as TSA
MISSING_STRUCTURED_COMMENT:1 sequences do not include structured comments.
MISSING_PROJECT:216 sequences do not include project.
DISC_INCONSISTENT_MOLINFO_TECH:Molinfo Technique Report (some missing, all same)


Detailed Report

FATAL: DiscRep_ALL:MISSING_PROTEIN_ID::215 proteins have invalid IDs.
plasmid_files_fasta/CP026131.1_results/PROKKA_10092018:CP026131.1_1 (length 30)
plasmid_files_fasta/CP026131.1_results/PROKKA_10092018:CP026131.1_2 (length 66)
plasmid_files_fasta/CP026131.1_results/PROKKA_10092018:CP026131.1_3 (length 213)
plasmid_files_fasta/CP026131.1_results/PROKKA_10092018:CP026131.1_4 (length 234)
plasmid_files_fasta/CP026131.1_results/PROKKA_10092018:CP026131.1_5 (length 187)
plasmid_files_fasta/CP026131.1_results/PROKKA_10092018:CP026131.1_6 (length 42)
plasmid_files_fasta/CP026131.1_results/PROKKA_10092018:CP026131.1_7 (length 136)
plasmid_files_fasta/CP026131.1_results/PROKKA_10092018:CP026131.1_8 (length 326)
plasmid_files_fasta/CP026131.1_results/PROKKA_10092018:CP026131.1_9 (length 131)
plasmid_files_fasta/CP026131.1_results/PROKKA_10092018:CP026131.1_10 (length 203)
plasmid_files_fasta/CP026131.1_results/PROKKA_10092018:CP026131.1_11 (length 316)
plasmid_files_fasta/CP026131.1_results/PROKKA_10092018:CP026131.1_12 (length 66)
plasmid_files_fasta/CP026131.1_results/PROKKA_10092018:CP026131.1_13 (length 210)
plasmid_files_fasta/CP026131.1_results/PROKKA_10092018:CP026131.1_14 (length 401)
plasmid_files_fasta/CP026131.1_results/PROKKA_10092018:CP026131.1_15 (length 323)
plasmid_files_fasta/CP026131.1_results/PROKKA_10092018:CP026131.1_16 (length 423)
plasmid_files_fasta/CP026131.1_results/PROKKA_10092018:CP026131.1_17 (length 140)
plasmid_files_fasta/CP026131.1_results/PROKKA_10092018:CP026131.1_18 (length 223)
plasmid_files_fasta/CP026131.1_results/PROKKA_10092018:CP026131.1_19 (length 225)
plasmid_files_fasta/CP026131.1_results/PROKKA_10092018:CP026131.1_20 (length 73)
plasmid_files_fasta/CP026131.1_results/PROKKA_10092018:CP026131.1_21 (length 139)
plasmid_files_fasta/CP026131.1_results/PROKKA_10092018:CP026131.1_22 (length 259)
plasmid_files_fasta/CP026131.1_results/PROKKA_10092018:CP026131.1_23 (length 168)
plasmid_files_fasta/CP026131.1_results/PROKKA_10092018:CP026131.1_24 (length 63)
plasmid_files_fasta/CP026131.1_results/PROKKA_10092018:CP026131.1_25 (length 86)
plasmid_files_fasta/CP026131.1_results/PROKKA_10092018:CP026131.1_26 (length 50)
plasmid_files_fasta/CP026131.1_results/PROKKA_10092018:CP026131.1_27 (length 76)
plasmid_files_fasta/CP026131.1_results/PROKKA_10092018:CP026131.1_28 (length 220)
plasmid_files_fasta/CP026131.1_results/PROKKA_10092018:CP026131.1_29 (length 432)
plasmid_files_fasta/CP026131.1_results/PROKKA_10092018:CP026131.1_30 (length 143)
plasmid_files_fasta/CP026131.1_results/PROKKA_10092018:CP026131.1_31 (length 242)
plasmid_files_fasta/CP026131.1_results/PROKKA_10092018:CP026131.1_32 (length 107)
plasmid_files_fasta/CP026131.1_results/PROKKA_10092018:CP026131.1_33 (length 119)
plasmid_files_fasta/CP026131.1_results/PROKKA_10092018:CP026131.1_34 (length 124)
plasmid_files_fasta/CP026131.1_results/PROKKA_10092018:CP026131.1_35 (length 234)
plasmid_files_fasta/CP026131.1_results/PROKKA_10092018:CP026131.1_36 (length 115)
plasmid_files_fasta/CP026131.1_results/PROKKA_10092018:CP026131.1_37 (length 245)
plasmid_files_fasta/CP026131.1_results/PROKKA_10092018:CP026131.1_38 (length 127)
plasmid_files_fasta/CP026131.1_results/PROKKA_10092018:CP026131.1_39 (length 161)
plasmid_files_fasta/CP026131.1_results/PROKKA_10092018:CP026131.1_40 (length 104)
plasmid_files_fasta/CP026131.1_results/PROKKA_10092018:CP026131.1_41 (length 273)
plasmid_files_fasta/CP026131.1_results/PROKKA_10092018:CP026131.1_42 (length 35)
plasmid_files_fasta/CP026131.1_results/PROKKA_10092018:CP026131.1_43 (length 92)
plasmid_files_fasta/CP026131.1_results/PROKKA_10092018:CP026131.1_44 (length 106)
plasmid_files_fasta/CP026131.1_results/PROKKA_10092018:CP026131.1_45 (length 74)
plasmid_files_fasta/CP026131.1_results/PROKKA_10092018:CP026131.1_46 (length 70)
plasmid_files_fasta/CP026131.1_results/PROKKA_10092018:CP026131.1_47 (length 118)
plasmid_files_fasta/CP026131.1_results/PROKKA_10092018:CP026131.1_48 (length 105)
plasmid_files_fasta/CP026131.1_results/PROKKA_10092018:CP026131.1_49 (length 116)
plasmid_files_fasta/CP026131.1_results/PROKKA_10092018:CP026131.1_50 (length 90)
plasmid_files_fasta/CP026131.1_results/PROKKA_10092018:CP026131.1_51 (length 52)
plasmid_files_fasta/CP026131.1_results/PROKKA_10092018:CP026131.1_52 (length 124)
plasmid_files_fasta/CP026131.1_results/PROKKA_10092018:CP026131.1_53 (length 108)
plasmid_files_fasta/CP026131.1_results/PROKKA_10092018:CP026131.1_54 (length 242)
plasmid_files_fasta/CP026131.1_results/PROKKA_10092018:CP026131.1_55 (length 143)
plasmid_files_fasta/CP026131.1_results/PROKKA_10092018:CP026131.1_56 (length 685)
plasmid_files_fasta/CP026131.1_results/PROKKA_10092018:CP026131.1_57 (length 82)
plasmid_files_fasta/CP026131.1_results/PROKKA_10092018:CP026131.1_58 (length 180)
plasmid_files_fasta/CP026131.1_results/PROKKA_10092018:CP026131.1_59 (length 109)
plasmid_files_fasta/CP026131.1_results/PROKKA_10092018:CP026131.1_60 (length 187)
plasmid_files_fasta/CP026131.1_results/PROKKA_10092018:CP026131.1_61 (length 451)
plasmid_files_fasta/CP026131.1_results/PROKKA_10092018:CP026131.1_62 (length 76)
plasmid_files_fasta/CP026131.1_results/PROKKA_10092018:CP026131.1_63 (length 75)
plasmid_files_fasta/CP026131.1_results/PROKKA_10092018:CP026131.1_64 (length 106)
plasmid_files_fasta/CP026131.1_results/PROKKA_10092018:CP026131.1_65 (length 84)
plasmid_files_fasta/CP026131.1_results/PROKKA_10092018:CP026131.1_66 (length 63)
plasmid_files_fasta/CP026131.1_results/PROKKA_10092018:CP026131.1_67 (length 168)
plasmid_files_fasta/CP026131.1_results/PROKKA_10092018:CP026131.1_68 (length 142)
plasmid_files_fasta/CP026131.1_results/PROKKA_10092018:CP026131.1_69 (length 255)
plasmid_files_fasta/CP026131.1_results/PROKKA_10092018:CP026131.1_70 (length 139)
plasmid_files_fasta/CP026131.1_results/PROKKA_10092018:CP026131.1_71 (length 73)
plasmid_files_fasta/CP026131.1_results/PROKKA_10092018:CP026131.1_72 (length 233)
plasmid_files_fasta/CP026131.1_results/PROKKA_10092018:CP026131.1_73 (length 76)
plasmid_files_fasta/CP026131.1_results/PROKKA_10092018:CP026131.1_74 (length 223)
plasmid_files_fasta/CP026131.1_results/PROKKA_10092018:CP026131.1_75 (length 323)
plasmid_files_fasta/CP026131.1_results/PROKKA_10092018:CP026131.1_76 (length 495)
plasmid_files_fasta/CP026131.1_results/PROKKA_10092018:CP026131.1_77 (length 143)
plasmid_files_fasta/CP026131.1_results/PROKKA_10092018:CP026131.1_78 (length 423)
plasmid_files_fasta/CP026131.1_results/PROKKA_10092018:CP026131.1_79 (length 324)
plasmid_files_fasta/CP026131.1_results/PROKKA_10092018:CP026131.1_80 (length 401)
plasmid_files_fasta/CP026131.1_results/PROKKA_10092018:CP026131.1_81 (length 203)
plasmid_files_fasta/CP026131.1_results/PROKKA_10092018:CP026131.1_82 (length 240)
plasmid_files_fasta/CP026131.1_results/PROKKA_10092018:CP026131.1_83 (length 91)
plasmid_files_fasta/CP026131.1_results/PROKKA_10092018:CP026131.1_84 (length 31)
plasmid_files_fasta/CP026131.1_results/PROKKA_10092018:CP026131.1_85 (length 85)
plasmid_files_fasta/CP026131.1_results/PROKKA_10092018:CP026131.1_86 (length 259)
plasmid_files_fasta/CP026131.1_results/PROKKA_10092018:CP026131.1_87 (length 334)
plasmid_files_fasta/CP026131.1_results/PROKKA_10092018:CP026131.1_88 (length 67)
plasmid_files_fasta/CP026131.1_results/PROKKA_10092018:CP026131.1_89 (length 173)
plasmid_files_fasta/CP026131.1_results/PROKKA_10092018:CP026131.1_90 (length 130)
plasmid_files_fasta/CP026131.1_results/PROKKA_10092018:CP026131.1_91 (length 314)
plasmid_files_fasta/CP026131.1_results/PROKKA_10092018:CP026131.1_92 (length 91)
plasmid_files_fasta/CP026131.1_results/PROKKA_10092018:CP026131.1_93 (length 76)
plasmid_files_fasta/CP026131.1_results/PROKKA_10092018:CP026131.1_94 (length 138)
plasmid_files_fasta/CP026131.1_results/PROKKA_10092018:CP026131.1_95 (length 520)
plasmid_files_fasta/CP026131.1_results/PROKKA_10092018:CP026131.1_96 (length 340)
plasmid_files_fasta/CP026131.1_results/PROKKA_10092018:CP026131.1_97 (length 91)
plasmid_files_fasta/CP026131.1_results/PROKKA_10092018:CP026131.1_98 (length 125)
plasmid_files_fasta/CP026131.1_results/PROKKA_10092018:CP026131.1_99 (length 293)
plasmid_files_fasta/CP026131.1_results/PROKKA_10092018:CP026131.1_100 (length 326)
plasmid_files_fasta/CP026131.1_results/PROKKA_10092018:CP026131.1_101 (length 98)
plasmid_files_fasta/CP026131.1_results/PROKKA_10092018:CP026131.1_102 (length 51)
plasmid_files_fasta/CP026131.1_results/PROKKA_10092018:CP026131.1_103 (length 140)
plasmid_files_fasta/CP026131.1_results/PROKKA_10092018:CP026131.1_104 (length 92)
plasmid_files_fasta/CP026131.1_results/PROKKA_10092018:CP026131.1_105 (length 186)
plasmid_files_fasta/CP026131.1_results/PROKKA_10092018:CP026131.1_106 (length 186)
plasmid_files_fasta/CP026131.1_results/PROKKA_10092018:CP026131.1_107 (length 988)
plasmid_files_fasta/CP026131.1_results/PROKKA_10092018:CP026131.1_108 (length 286)
plasmid_files_fasta/CP026131.1_results/PROKKA_10092018:CP026131.1_109 (length 253)
plasmid_files_fasta/CP026131.1_results/PROKKA_10092018:CP026131.1_110 (length 300)
plasmid_files_fasta/CP026131.1_results/PROKKA_10092018:CP026131.1_111 (length 210)
plasmid_files_fasta/CP026131.1_results/PROKKA_10092018:CP026131.1_112 (length 207)
plasmid_files_fasta/CP026131.1_results/PROKKA_10092018:CP026131.1_113 (length 143)
plasmid_files_fasta/CP026131.1_results/PROKKA_10092018:CP026131.1_114 (length 234)
plasmid_files_fasta/CP026131.1_results/PROKKA_10092018:CP026131.1_115 (length 234)
plasmid_files_fasta/CP026131.1_results/PROKKA_10092018:CP026131.1_116 (length 749)
plasmid_files_fasta/CP026131.1_results/PROKKA_10092018:CP026131.1_117 (length 738)
plasmid_files_fasta/CP026131.1_results/PROKKA_10092018:CP026131.1_118 (length 245)
plasmid_files_fasta/CP026131.1_results/PROKKA_10092018:CP026131.1_119 (length 244)
plasmid_files_fasta/CP026131.1_results/PROKKA_10092018:CP026131.1_120 (length 173)
plasmid_files_fasta/CP026131.1_results/PROKKA_10092018:CP026131.1_121 (length 938)
plasmid_files_fasta/CP026131.1_results/PROKKA_10092018:CP026131.1_122 (length 130)
plasmid_files_fasta/CP026131.1_results/PROKKA_10092018:CP026131.1_123 (length 104)
plasmid_files_fasta/CP026131.1_results/PROKKA_10092018:CP026131.1_124 (length 181)
plasmid_files_fasta/CP026131.1_results/PROKKA_10092018:CP026131.1_125 (length 93)
plasmid_files_fasta/CP026131.1_results/PROKKA_10092018:CP026131.1_126 (length 247)
plasmid_files_fasta/CP026131.1_results/PROKKA_10092018:CP026131.1_127 (length 86)
plasmid_files_fasta/CP026131.1_results/PROKKA_10092018:CP026131.1_128 (length 616)
plasmid_files_fasta/CP026131.1_results/PROKKA_10092018:CP026131.1_129 (length 140)
plasmid_files_fasta/CP026131.1_results/PROKKA_10092018:CP026131.1_130 (length 123)
plasmid_files_fasta/CP026131.1_results/PROKKA_10092018:CP026131.1_131 (length 212)
plasmid_files_fasta/CP026131.1_results/PROKKA_10092018:CP026131.1_132 (length 173)
plasmid_files_fasta/CP026131.1_results/PROKKA_10092018:CP026131.1_133 (length 102)
plasmid_files_fasta/CP026131.1_results/PROKKA_10092018:CP026131.1_134 (length 330)
plasmid_files_fasta/CP026131.1_results/PROKKA_10092018:CP026131.1_135 (length 210)
plasmid_files_fasta/CP026131.1_results/PROKKA_10092018:CP026131.1_136 (length 128)
plasmid_files_fasta/CP026131.1_results/PROKKA_10092018:CP026131.1_137 (length 875)
plasmid_files_fasta/CP026131.1_results/PROKKA_10092018:CP026131.1_138 (length 73)
plasmid_files_fasta/CP026131.1_results/PROKKA_10092018:CP026131.1_139 (length 171)
plasmid_files_fasta/CP026131.1_results/PROKKA_10092018:CP026131.1_140 (length 83)
plasmid_files_fasta/CP026131.1_results/PROKKA_10092018:CP026131.1_141 (length 65)
plasmid_files_fasta/CP026131.1_results/PROKKA_10092018:CP026131.1_142 (length 196)
plasmid_files_fasta/CP026131.1_results/PROKKA_10092018:CP026131.1_143 (length 475)
plasmid_files_fasta/CP026131.1_results/PROKKA_10092018:CP026131.1_144 (length 242)
plasmid_files_fasta/CP026131.1_results/PROKKA_10092018:CP026131.1_145 (length 188)
plasmid_files_fasta/CP026131.1_results/PROKKA_10092018:CP026131.1_146 (length 103)
plasmid_files_fasta/CP026131.1_results/PROKKA_10092018:CP026131.1_147 (length 121)
plasmid_files_fasta/CP026131.1_results/PROKKA_10092018:CP026131.1_148 (length 75)
plasmid_files_fasta/CP026131.1_results/PROKKA_10092018:CP026131.1_149 (length 228)
plasmid_files_fasta/CP026131.1_results/PROKKA_10092018:CP026131.1_150 (length 127)
plasmid_files_fasta/CP026131.1_results/PROKKA_10092018:CP026131.1_151 (length 215)
plasmid_files_fasta/CP026131.1_results/PROKKA_10092018:CP026131.1_152 (length 273)
plasmid_files_fasta/CP026131.1_results/PROKKA_10092018:CP026131.1_153 (length 98)
plasmid_files_fasta/CP026131.1_results/PROKKA_10092018:CP026131.1_154 (length 78)
plasmid_files_fasta/CP026131.1_results/PROKKA_10092018:CP026131.1_155 (length 125)
plasmid_files_fasta/CP026131.1_results/PROKKA_10092018:CP026131.1_156 (length 71)
plasmid_files_fasta/CP026131.1_results/PROKKA_10092018:CP026131.1_157 (length 239)
plasmid_files_fasta/CP026131.1_results/PROKKA_10092018:CP026131.1_158 (length 144)
plasmid_files_fasta/CP026131.1_results/PROKKA_10092018:CP026131.1_159 (length 191)
plasmid_files_fasta/CP026131.1_results/PROKKA_10092018:CP026131.1_160 (length 473)
plasmid_files_fasta/CP026131.1_results/PROKKA_10092018:CP026131.1_161 (length 77)
plasmid_files_fasta/CP026131.1_results/PROKKA_10092018:CP026131.1_162 (length 175)
plasmid_files_fasta/CP026131.1_results/PROKKA_10092018:CP026131.1_163 (length 78)
plasmid_files_fasta/CP026131.1_results/PROKKA_10092018:CP026131.1_164 (length 151)
plasmid_files_fasta/CP026131.1_results/PROKKA_10092018:CP026131.1_165 (length 187)
plasmid_files_fasta/CP026131.1_results/PROKKA_10092018:CP026131.1_166 (length 453)
plasmid_files_fasta/CP026131.1_results/PROKKA_10092018:CP026131.1_167 (length 76)
plasmid_files_fasta/CP026131.1_results/PROKKA_10092018:CP026131.1_168 (length 85)
plasmid_files_fasta/CP026131.1_results/PROKKA_10092018:CP026131.1_169 (length 555)
plasmid_files_fasta/CP026131.1_results/PROKKA_10092018:CP026131.1_170 (length 63)
plasmid_files_fasta/CP026131.1_results/PROKKA_10092018:CP026131.1_171 (length 140)
plasmid_files_fasta/CP026131.1_results/PROKKA_10092018:CP026131.1_172 (length 141)
plasmid_files_fasta/CP026131.1_results/PROKKA_10092018:CP026131.1_173 (length 275)
plasmid_files_fasta/CP026131.1_results/PROKKA_10092018:CP026131.1_174 (length 144)
plasmid_files_fasta/CP026131.1_results/PROKKA_10092018:CP026131.1_175 (length 73)
plasmid_files_fasta/CP026131.1_results/PROKKA_10092018:CP026131.1_176 (length 227)
plasmid_files_fasta/CP026131.1_results/PROKKA_10092018:CP026131.1_177 (length 320)
plasmid_files_fasta/CP026131.1_results/PROKKA_10092018:CP026131.1_178 (length 117)
plasmid_files_fasta/CP026131.1_results/PROKKA_10092018:CP026131.1_179 (length 93)
plasmid_files_fasta/CP026131.1_results/PROKKA_10092018:CP026131.1_180 (length 234)
plasmid_files_fasta/CP026131.1_results/PROKKA_10092018:CP026131.1_181 (length 93)
plasmid_files_fasta/CP026131.1_results/PROKKA_10092018:CP026131.1_182 (length 251)
plasmid_files_fasta/CP026131.1_results/PROKKA_10092018:CP026131.1_183 (length 286)
plasmid_files_fasta/CP026131.1_results/PROKKA_10092018:CP026131.1_184 (length 171)
plasmid_files_fasta/CP026131.1_results/PROKKA_10092018:CP026131.1_185 (length 62)
plasmid_files_fasta/CP026131.1_results/PROKKA_10092018:CP026131.1_186 (length 240)
plasmid_files_fasta/CP026131.1_results/PROKKA_10092018:CP026131.1_187 (length 234)
plasmid_files_fasta/CP026131.1_results/PROKKA_10092018:CP026131.1_188 (length 191)
plasmid_files_fasta/CP026131.1_results/PROKKA_10092018:CP026131.1_189 (length 234)
plasmid_files_fasta/CP026131.1_results/PROKKA_10092018:CP026131.1_190 (length 149)
plasmid_files_fasta/CP026131.1_results/PROKKA_10092018:CP026131.1_191 (length 341)
plasmid_files_fasta/CP026131.1_results/PROKKA_10092018:CP026131.1_192 (length 322)
plasmid_files_fasta/CP026131.1_results/PROKKA_10092018:CP026131.1_193 (length 291)
plasmid_files_fasta/CP026131.1_results/PROKKA_10092018:CP026131.1_194 (length 40)
plasmid_files_fasta/CP026131.1_results/PROKKA_10092018:CP026131.1_195 (length 234)
plasmid_files_fasta/CP026131.1_results/PROKKA_10092018:CP026131.1_196 (length 177)
plasmid_files_fasta/CP026131.1_results/PROKKA_10092018:CP026131.1_197 (length 71)
plasmid_files_fasta/CP026131.1_results/PROKKA_10092018:CP026131.1_198 (length 110)
plasmid_files_fasta/CP026131.1_results/PROKKA_10092018:CP026131.1_199 (length 85)
plasmid_files_fasta/CP026131.1_results/PROKKA_10092018:CP026131.1_200 (length 217)
plasmid_files_fasta/CP026131.1_results/PROKKA_10092018:CP026131.1_201 (length 285)
plasmid_files_fasta/CP026131.1_results/PROKKA_10092018:CP026131.1_202 (length 82)
plasmid_files_fasta/CP026131.1_results/PROKKA_10092018:CP026131.1_203 (length 49)
plasmid_files_fasta/CP026131.1_results/PROKKA_10092018:CP026131.1_204 (length 110)
plasmid_files_fasta/CP026131.1_results/PROKKA_10092018:CP026131.1_205 (length 199)
plasmid_files_fasta/CP026131.1_results/PROKKA_10092018:CP026131.1_206 (length 66)
plasmid_files_fasta/CP026131.1_results/PROKKA_10092018:CP026131.1_207 (length 186)
plasmid_files_fasta/CP026131.1_results/PROKKA_10092018:CP026131.1_208 (length 248)
plasmid_files_fasta/CP026131.1_results/PROKKA_10092018:CP026131.1_209 (length 66)
plasmid_files_fasta/CP026131.1_results/PROKKA_10092018:CP026131.1_210 (length 234)
plasmid_files_fasta/CP026131.1_results/PROKKA_10092018:CP026131.1_211 (length 988)
plasmid_files_fasta/CP026131.1_results/PROKKA_10092018:CP026131.1_212 (length 334)
plasmid_files_fasta/CP026131.1_results/PROKKA_10092018:CP026131.1_213 (length 58)
plasmid_files_fasta/CP026131.1_results/PROKKA_10092018:CP026131.1_214 (length 74)
plasmid_files_fasta/CP026131.1_results/PROKKA_10092018:CP026131.1_215 (length 245)

DiscRep_ALL:DISC_SOURCE_QUALS_ASNDISC::strain (all present, all unique)
DiscRep_SUB:DISC_SOURCE_QUALS_ASNDISC::1 sources have unique values for strain
DiscRep_ALL:DISC_SOURCE_QUALS_ASNDISC::taxname (all present, all unique)
DiscRep_SUB:DISC_SOURCE_QUALS_ASNDISC::1 sources have unique values for taxname
DiscRep_ALL:DISC_FEATURE_COUNT::CDS: 215 present
DiscRep_ALL:DISC_FEATURE_COUNT::tRNA: 1 present
DiscRep_ALL:DISC_COUNT_NUCLEOTIDES::1 nucleotide Bioseqs are present
plasmid_files_fasta/CP026131.1_results/PROKKA_10092018:CP026131.1 (length 164510)

DiscRep_ALL:FEATURE_LOCATION_CONFLICT::216 features have inconsistent gene locations.
DiscRep_SUB:FEATURE_LOCATION_CONFLICT::Coding region xref gene does not exist
plasmid_files_fasta/CP026131.1_results/PROKKA_10092018:CDS	hypothetical protein	CP026131.1:c699-607	FJPFDINM_00001

DiscRep_SUB:FEATURE_LOCATION_CONFLICT::Coding region xref gene does not exist
plasmid_files_fasta/CP026131.1_results/PROKKA_10092018:CDS	hypothetical protein	CP026131.1:c1317-1117	FJPFDINM_00002

DiscRep_SUB:FEATURE_LOCATION_CONFLICT::Coding region xref gene does not exist
plasmid_files_fasta/CP026131.1_results/PROKKA_10092018:CDS	Chloramphenicol acetyltransferase 2	CP026131.1:2043-2684	FJPFDINM_00003

DiscRep_SUB:FEATURE_LOCATION_CONFLICT::Coding region xref gene does not exist
plasmid_files_fasta/CP026131.1_results/PROKKA_10092018:CDS	hypothetical protein	CP026131.1:c3520-2816	FJPFDINM_00004

DiscRep_SUB:FEATURE_LOCATION_CONFLICT::Coding region xref gene does not exist
plasmid_files_fasta/CP026131.1_results/PROKKA_10092018:CDS	Heat shock protein C	CP026131.1:c4552-3989	FJPFDINM_00005

DiscRep_SUB:FEATURE_LOCATION_CONFLICT::Coding region xref gene does not exist
plasmid_files_fasta/CP026131.1_results/PROKKA_10092018:CDS	hypothetical protein	CP026131.1:c4677-4549	FJPFDINM_00006

DiscRep_SUB:FEATURE_LOCATION_CONFLICT::Coding region xref gene does not exist
plasmid_files_fasta/CP026131.1_results/PROKKA_10092018:CDS	hypothetical protein	CP026131.1:c5084-4674	FJPFDINM_00007

DiscRep_SUB:FEATURE_LOCATION_CONFLICT::Coding region xref gene does not exist
plasmid_files_fasta/CP026131.1_results/PROKKA_10092018:CDS	hypothetical protein	CP026131.1:c6178-5198	FJPFDINM_00008

DiscRep_SUB:FEATURE_LOCATION_CONFLICT::Coding region xref gene does not exist
plasmid_files_fasta/CP026131.1_results/PROKKA_10092018:CDS	hypothetical protein	CP026131.1:6692-7087	FJPFDINM_00009

DiscRep_SUB:FEATURE_LOCATION_CONFLICT::Coding region xref gene does not exist
plasmid_files_fasta/CP026131.1_results/PROKKA_10092018:CDS	hypothetical protein	CP026131.1:7084-7695	FJPFDINM_00010

DiscRep_SUB:FEATURE_LOCATION_CONFLICT::Coding region xref gene does not exist
plasmid_files_fasta/CP026131.1_results/PROKKA_10092018:CDS	Recombination-promoting nuclease RpnA	CP026131.1:c8642-7692	FJPFDINM_00011

DiscRep_SUB:FEATURE_LOCATION_CONFLICT::Coding region xref gene does not exist
plasmid_files_fasta/CP026131.1_results/PROKKA_10092018:CDS	hypothetical protein	CP026131.1:c8989-8789	FJPFDINM_00012

DiscRep_SUB:FEATURE_LOCATION_CONFLICT::Coding region xref gene does not exist
plasmid_files_fasta/CP026131.1_results/PROKKA_10092018:CDS	Putative transposon Tn552 DNA-invertase bin3	CP026131.1:c9675-9043	FJPFDINM_00013

DiscRep_SUB:FEATURE_LOCATION_CONFLICT::Coding region xref gene does not exist
plasmid_files_fasta/CP026131.1_results/PROKKA_10092018:CDS	Plasmid partition protein A	CP026131.1:10038-11243	FJPFDINM_00014

DiscRep_SUB:FEATURE_LOCATION_CONFLICT::Coding region xref gene does not exist
plasmid_files_fasta/CP026131.1_results/PROKKA_10092018:CDS	Virulence regulon transcriptional activator VirB	CP026131.1:11240-12211	FJPFDINM_00015

DiscRep_SUB:FEATURE_LOCATION_CONFLICT::Coding region xref gene does not exist
plasmid_files_fasta/CP026131.1_results/PROKKA_10092018:CDS	Protein UmuC	CP026131.1:c13618-12347	FJPFDINM_00016

DiscRep_SUB:FEATURE_LOCATION_CONFLICT::Coding region xref gene does not exist
plasmid_files_fasta/CP026131.1_results/PROKKA_10092018:CDS	Protein UmuD	CP026131.1:c14040-13618	FJPFDINM_00017

DiscRep_SUB:FEATURE_LOCATION_CONFLICT::Coding region xref gene does not exist
plasmid_files_fasta/CP026131.1_results/PROKKA_10092018:CDS	Putative SOS response-associated peptidase YedK	CP026131.1:c14891-14220	FJPFDINM_00018

DiscRep_SUB:FEATURE_LOCATION_CONFLICT::Coding region xref gene does not exist
plasmid_files_fasta/CP026131.1_results/PROKKA_10092018:CDS	DNA adenine methyltransferase YhdJ	CP026131.1:15250-15927	FJPFDINM_00019

DiscRep_SUB:FEATURE_LOCATION_CONFLICT::Coding region xref gene does not exist
plasmid_files_fasta/CP026131.1_results/PROKKA_10092018:CDS	hypothetical protein	CP026131.1:15927-16148	FJPFDINM_00020

DiscRep_SUB:FEATURE_LOCATION_CONFLICT::Coding region xref gene does not exist
plasmid_files_fasta/CP026131.1_results/PROKKA_10092018:CDS	hypothetical protein	CP026131.1:16159-16578	FJPFDINM_00021

DiscRep_SUB:FEATURE_LOCATION_CONFLICT::Coding region xref gene does not exist
plasmid_files_fasta/CP026131.1_results/PROKKA_10092018:CDS	hypothetical protein	CP026131.1:16632-17411	FJPFDINM_00022

DiscRep_SUB:FEATURE_LOCATION_CONFLICT::Coding region xref gene does not exist
plasmid_files_fasta/CP026131.1_results/PROKKA_10092018:CDS	hypothetical protein	CP026131.1:17816-18322	FJPFDINM_00023

DiscRep_SUB:FEATURE_LOCATION_CONFLICT::Coding region xref gene does not exist
plasmid_files_fasta/CP026131.1_results/PROKKA_10092018:CDS	hypothetical protein	CP026131.1:18365-18556	FJPFDINM_00024

DiscRep_SUB:FEATURE_LOCATION_CONFLICT::Coding region xref gene does not exist
plasmid_files_fasta/CP026131.1_results/PROKKA_10092018:CDS	DNA polymerase III subunit theta	CP026131.1:18743-19003	FJPFDINM_00025

DiscRep_SUB:FEATURE_LOCATION_CONFLICT::Coding region xref gene does not exist
plasmid_files_fasta/CP026131.1_results/PROKKA_10092018:CDS	hypothetical protein	CP026131.1:19038-19190	FJPFDINM_00026

DiscRep_SUB:FEATURE_LOCATION_CONFLICT::Coding region xref gene does not exist
plasmid_files_fasta/CP026131.1_results/PROKKA_10092018:CDS	hypothetical protein	CP026131.1:19981-20211	FJPFDINM_00027

DiscRep_SUB:FEATURE_LOCATION_CONFLICT::Coding region xref gene does not exist
plasmid_files_fasta/CP026131.1_results/PROKKA_10092018:CDS	Chromosome-partitioning protein Spo0J	CP026131.1:20282-20944	FJPFDINM_00028

DiscRep_SUB:FEATURE_LOCATION_CONFLICT::Coding region xref gene does not exist
plasmid_files_fasta/CP026131.1_results/PROKKA_10092018:CDS	hypothetical protein	CP026131.1:20993-22291	FJPFDINM_00029

DiscRep_SUB:FEATURE_LOCATION_CONFLICT::Coding region xref gene does not exist
plasmid_files_fasta/CP026131.1_results/PROKKA_10092018:CDS	Protein PsiB	CP026131.1:22334-22765	FJPFDINM_00030

DiscRep_SUB:FEATURE_LOCATION_CONFLICT::Coding region xref gene does not exist
plasmid_files_fasta/CP026131.1_results/PROKKA_10092018:CDS	hypothetical protein	CP026131.1:22762-23490	FJPFDINM_00031

DiscRep_SUB:FEATURE_LOCATION_CONFLICT::Coding region xref gene does not exist
plasmid_files_fasta/CP026131.1_results/PROKKA_10092018:CDS	hypothetical protein	CP026131.1:23487-23810	FJPFDINM_00032

DiscRep_SUB:FEATURE_LOCATION_CONFLICT::Coding region xref gene does not exist
plasmid_files_fasta/CP026131.1_results/PROKKA_10092018:CDS	hypothetical protein	CP026131.1:23872-24231	FJPFDINM_00033

DiscRep_SUB:FEATURE_LOCATION_CONFLICT::Coding region xref gene does not exist
plasmid_files_fasta/CP026131.1_results/PROKKA_10092018:CDS	hypothetical protein	CP026131.1:24857-25231	FJPFDINM_00034

DiscRep_SUB:FEATURE_LOCATION_CONFLICT::Coding region xref gene does not exist
plasmid_files_fasta/CP026131.1_results/PROKKA_10092018:CDS	hypothetical protein	CP026131.1:25357-26061	FJPFDINM_00035

DiscRep_SUB:FEATURE_LOCATION_CONFLICT::Coding region xref gene does not exist
plasmid_files_fasta/CP026131.1_results/PROKKA_10092018:CDS	Pilin	CP026131.1:c26442-26095	FJPFDINM_00036

DiscRep_SUB:FEATURE_LOCATION_CONFLICT::Coding region xref gene does not exist
plasmid_files_fasta/CP026131.1_results/PROKKA_10092018:CDS	Protein TraJ	CP026131.1:c27562-26825	FJPFDINM_00037

DiscRep_SUB:FEATURE_LOCATION_CONFLICT::Coding region xref gene does not exist
plasmid_files_fasta/CP026131.1_results/PROKKA_10092018:CDS	Relaxosome protein TraM	CP026131.1:c28145-27762	FJPFDINM_00038

DiscRep_SUB:FEATURE_LOCATION_CONFLICT::Coding region xref gene does not exist
plasmid_files_fasta/CP026131.1_results/PROKKA_10092018:CDS	hypothetical protein	CP026131.1:28569-29054	FJPFDINM_00039

DiscRep_SUB:FEATURE_LOCATION_CONFLICT::Coding region xref gene does not exist
plasmid_files_fasta/CP026131.1_results/PROKKA_10092018:CDS	hypothetical protein	CP026131.1:c29401-29087	FJPFDINM_00040

DiscRep_SUB:FEATURE_LOCATION_CONFLICT::Coding region xref gene does not exist
plasmid_files_fasta/CP026131.1_results/PROKKA_10092018:CDS	hypothetical protein	CP026131.1:c30270-29449	FJPFDINM_00041

DiscRep_SUB:FEATURE_LOCATION_CONFLICT::Coding region xref gene does not exist
plasmid_files_fasta/CP026131.1_results/PROKKA_10092018:CDS	Antitoxin HigA	CP026131.1:c31206-31099	FJPFDINM_00042

DiscRep_SUB:FEATURE_LOCATION_CONFLICT::Coding region xref gene does not exist
plasmid_files_fasta/CP026131.1_results/PROKKA_10092018:CDS	Antitoxin HigA1	CP026131.1:c31485-31207	FJPFDINM_00043

DiscRep_SUB:FEATURE_LOCATION_CONFLICT::Coding region xref gene does not exist
plasmid_files_fasta/CP026131.1_results/PROKKA_10092018:CDS	hypothetical protein	CP026131.1:c31795-31475	FJPFDINM_00044

DiscRep_SUB:FEATURE_LOCATION_CONFLICT::Coding region xref gene does not exist
plasmid_files_fasta/CP026131.1_results/PROKKA_10092018:CDS	hypothetical protein	CP026131.1:c32100-31876	FJPFDINM_00045

DiscRep_SUB:FEATURE_LOCATION_CONFLICT::Coding region xref gene does not exist
plasmid_files_fasta/CP026131.1_results/PROKKA_10092018:CDS	hypothetical protein	CP026131.1:c32323-32111	FJPFDINM_00046

DiscRep_SUB:FEATURE_LOCATION_CONFLICT::Coding region xref gene does not exist
plasmid_files_fasta/CP026131.1_results/PROKKA_10092018:CDS	hypothetical protein	CP026131.1:c32740-32384	FJPFDINM_00047

DiscRep_SUB:FEATURE_LOCATION_CONFLICT::Coding region xref gene does not exist
plasmid_files_fasta/CP026131.1_results/PROKKA_10092018:CDS	hypothetical protein	CP026131.1:c33898-33581	FJPFDINM_00048

DiscRep_SUB:FEATURE_LOCATION_CONFLICT::Coding region xref gene does not exist
plasmid_files_fasta/CP026131.1_results/PROKKA_10092018:CDS	hypothetical protein	CP026131.1:c34263-33913	FJPFDINM_00049

DiscRep_SUB:FEATURE_LOCATION_CONFLICT::Coding region xref gene does not exist
plasmid_files_fasta/CP026131.1_results/PROKKA_10092018:CDS	hypothetical protein	CP026131.1:c34532-34260	FJPFDINM_00050

DiscRep_SUB:FEATURE_LOCATION_CONFLICT::Coding region xref gene does not exist
plasmid_files_fasta/CP026131.1_results/PROKKA_10092018:CDS	Stable plasmid inheritance protein	CP026131.1:c35383-35225	FJPFDINM_00051

DiscRep_SUB:FEATURE_LOCATION_CONFLICT::Coding region xref gene does not exist
plasmid_files_fasta/CP026131.1_results/PROKKA_10092018:CDS	hypothetical protein	CP026131.1:c35985-35611	FJPFDINM_00052

DiscRep_SUB:FEATURE_LOCATION_CONFLICT::Coding region xref gene does not exist
plasmid_files_fasta/CP026131.1_results/PROKKA_10092018:CDS	hypothetical protein	CP026131.1:c36367-36041	FJPFDINM_00053

DiscRep_SUB:FEATURE_LOCATION_CONFLICT::Coding region xref gene does not exist
plasmid_files_fasta/CP026131.1_results/PROKKA_10092018:CDS	hypothetical protein	CP026131.1:c37092-36364	FJPFDINM_00054

DiscRep_SUB:FEATURE_LOCATION_CONFLICT::Coding region xref gene does not exist
plasmid_files_fasta/CP026131.1_results/PROKKA_10092018:CDS	Protein PsiB	CP026131.1:c37520-37089	FJPFDINM_00055

DiscRep_SUB:FEATURE_LOCATION_CONFLICT::Coding region xref gene does not exist
plasmid_files_fasta/CP026131.1_results/PROKKA_10092018:CDS	Chromosome-partitioning protein Spo0J	CP026131.1:c39622-37565	FJPFDINM_00056

DiscRep_SUB:FEATURE_LOCATION_CONFLICT::Coding region xref gene does not exist
plasmid_files_fasta/CP026131.1_results/PROKKA_10092018:CDS	hypothetical protein	CP026131.1:c39940-39692	FJPFDINM_00057

DiscRep_SUB:FEATURE_LOCATION_CONFLICT::Coding region xref gene does not exist
plasmid_files_fasta/CP026131.1_results/PROKKA_10092018:CDS	Plasmid-derived single-stranded DNA-binding protein	CP026131.1:c40531-39989	FJPFDINM_00058

DiscRep_SUB:FEATURE_LOCATION_CONFLICT::Coding region xref gene does not exist
plasmid_files_fasta/CP026131.1_results/PROKKA_10092018:CDS	hypothetical protein	CP026131.1:41140-41469	FJPFDINM_00059

DiscRep_SUB:FEATURE_LOCATION_CONFLICT::Coding region xref gene does not exist
plasmid_files_fasta/CP026131.1_results/PROKKA_10092018:CDS	hypothetical protein	CP026131.1:c41927-41364	FJPFDINM_00060

DiscRep_SUB:FEATURE_LOCATION_CONFLICT::Coding region xref gene does not exist
plasmid_files_fasta/CP026131.1_results/PROKKA_10092018:CDS	hypothetical protein	CP026131.1:c43330-41975	FJPFDINM_00061

DiscRep_SUB:FEATURE_LOCATION_CONFLICT::Coding region xref gene does not exist
plasmid_files_fasta/CP026131.1_results/PROKKA_10092018:CDS	hypothetical protein	CP026131.1:c43612-43382	FJPFDINM_00062

DiscRep_SUB:FEATURE_LOCATION_CONFLICT::Coding region xref gene does not exist
plasmid_files_fasta/CP026131.1_results/PROKKA_10092018:CDS	hypothetical protein	CP026131.1:c43931-43704	FJPFDINM_00063

DiscRep_SUB:FEATURE_LOCATION_CONFLICT::Coding region xref gene does not exist
plasmid_files_fasta/CP026131.1_results/PROKKA_10092018:CDS	hypothetical protein	CP026131.1:c44931-44611	FJPFDINM_00064

DiscRep_SUB:FEATURE_LOCATION_CONFLICT::Coding region xref gene does not exist
plasmid_files_fasta/CP026131.1_results/PROKKA_10092018:CDS	DNA polymerase III subunit theta	CP026131.1:c45220-44966	FJPFDINM_00065

DiscRep_SUB:FEATURE_LOCATION_CONFLICT::Coding region xref gene does not exist
plasmid_files_fasta/CP026131.1_results/PROKKA_10092018:CDS	hypothetical protein	CP026131.1:c45599-45408	FJPFDINM_00066

DiscRep_SUB:FEATURE_LOCATION_CONFLICT::Coding region xref gene does not exist
plasmid_files_fasta/CP026131.1_results/PROKKA_10092018:CDS	hypothetical protein	CP026131.1:c46148-45642	FJPFDINM_00067

DiscRep_SUB:FEATURE_LOCATION_CONFLICT::Coding region xref gene does not exist
plasmid_files_fasta/CP026131.1_results/PROKKA_10092018:CDS	Antirestriction protein KlcA	CP026131.1:c46619-46191	FJPFDINM_00068

DiscRep_SUB:FEATURE_LOCATION_CONFLICT::Coding region xref gene does not exist
plasmid_files_fasta/CP026131.1_results/PROKKA_10092018:CDS	hypothetical protein	CP026131.1:c48067-47300	FJPFDINM_00069

DiscRep_SUB:FEATURE_LOCATION_CONFLICT::Coding region xref gene does not exist
plasmid_files_fasta/CP026131.1_results/PROKKA_10092018:CDS	hypothetical protein	CP026131.1:c48540-48121	FJPFDINM_00070

DiscRep_SUB:FEATURE_LOCATION_CONFLICT::Coding region xref gene does not exist
plasmid_files_fasta/CP026131.1_results/PROKKA_10092018:CDS	hypothetical protein	CP026131.1:c48771-48550	FJPFDINM_00071

DiscRep_SUB:FEATURE_LOCATION_CONFLICT::Coding region xref gene does not exist
plasmid_files_fasta/CP026131.1_results/PROKKA_10092018:CDS	DNA adenine methyltransferase YhdJ	CP026131.1:c49472-48771	FJPFDINM_00072

DiscRep_SUB:FEATURE_LOCATION_CONFLICT::Coding region xref gene does not exist
plasmid_files_fasta/CP026131.1_results/PROKKA_10092018:CDS	hypothetical protein	CP026131.1:c50139-49909	FJPFDINM_00073

DiscRep_SUB:FEATURE_LOCATION_CONFLICT::Coding region xref gene does not exist
plasmid_files_fasta/CP026131.1_results/PROKKA_10092018:CDS	hypothetical protein	CP026131.1:c50873-50202	FJPFDINM_00074

DiscRep_SUB:FEATURE_LOCATION_CONFLICT::Coding region xref gene does not exist
plasmid_files_fasta/CP026131.1_results/PROKKA_10092018:CDS	Plasmid segregation protein ParM	CP026131.1:c51847-50876	FJPFDINM_00075

DiscRep_SUB:FEATURE_LOCATION_CONFLICT::Coding region xref gene does not exist
plasmid_files_fasta/CP026131.1_results/PROKKA_10092018:CDS	Group II intron-encoded protein LtrA	CP026131.1:c53583-52096	FJPFDINM_00076

DiscRep_SUB:FEATURE_LOCATION_CONFLICT::Coding region xref gene does not exist
plasmid_files_fasta/CP026131.1_results/PROKKA_10092018:CDS	Protein UmuD	CP026131.1:53990-54421	FJPFDINM_00077

DiscRep_SUB:FEATURE_LOCATION_CONFLICT::Coding region xref gene does not exist
plasmid_files_fasta/CP026131.1_results/PROKKA_10092018:CDS	Protein UmuC	CP026131.1:54421-55692	FJPFDINM_00078

DiscRep_SUB:FEATURE_LOCATION_CONFLICT::Coding region xref gene does not exist
plasmid_files_fasta/CP026131.1_results/PROKKA_10092018:CDS	Virulence regulon transcriptional activator VirB	CP026131.1:c56748-55774	FJPFDINM_00079

DiscRep_SUB:FEATURE_LOCATION_CONFLICT::Coding region xref gene does not exist
plasmid_files_fasta/CP026131.1_results/PROKKA_10092018:CDS	Plasmid partition protein A	CP026131.1:c57953-56748	FJPFDINM_00080

DiscRep_SUB:FEATURE_LOCATION_CONFLICT::Coding region xref gene does not exist
plasmid_files_fasta/CP026131.1_results/PROKKA_10092018:CDS	hypothetical protein	CP026131.1:58367-58978	FJPFDINM_00081

DiscRep_SUB:FEATURE_LOCATION_CONFLICT::Coding region xref gene does not exist
plasmid_files_fasta/CP026131.1_results/PROKKA_10092018:CDS	Replication initiation protein	CP026131.1:c59785-59063	FJPFDINM_00082

DiscRep_SUB:FEATURE_LOCATION_CONFLICT::Coding region xref gene does not exist
plasmid_files_fasta/CP026131.1_results/PROKKA_10092018:CDS	hypothetical protein	CP026131.1:60147-60422	FJPFDINM_00083

DiscRep_SUB:FEATURE_LOCATION_CONFLICT::Coding region xref gene does not exist
plasmid_files_fasta/CP026131.1_results/PROKKA_10092018:CDS	hypothetical protein	CP026131.1:60483-60578	FJPFDINM_00084

DiscRep_SUB:FEATURE_LOCATION_CONFLICT::Coding region xref gene does not exist
plasmid_files_fasta/CP026131.1_results/PROKKA_10092018:CDS	hypothetical protein	CP026131.1:60707-60964	FJPFDINM_00085

DiscRep_SUB:FEATURE_LOCATION_CONFLICT::Coding region xref gene does not exist
plasmid_files_fasta/CP026131.1_results/PROKKA_10092018:CDS	Tyrosine recombinase XerD	CP026131.1:c61789-61010	FJPFDINM_00086

DiscRep_SUB:FEATURE_LOCATION_CONFLICT::Coding region xref gene does not exist
plasmid_files_fasta/CP026131.1_results/PROKKA_10092018:CDS	hypothetical protein	CP026131.1:c62977-61973	FJPFDINM_00087

DiscRep_SUB:FEATURE_LOCATION_CONFLICT::Coding region xref gene does not exist
plasmid_files_fasta/CP026131.1_results/PROKKA_10092018:CDS	hypothetical protein	CP026131.1:c63210-63007	FJPFDINM_00088

DiscRep_SUB:FEATURE_LOCATION_CONFLICT::Coding region xref gene does not exist
plasmid_files_fasta/CP026131.1_results/PROKKA_10092018:CDS	hypothetical protein	CP026131.1:c63777-63256	FJPFDINM_00089

DiscRep_SUB:FEATURE_LOCATION_CONFLICT::Coding region xref gene does not exist
plasmid_files_fasta/CP026131.1_results/PROKKA_10092018:CDS	hypothetical protein	CP026131.1:c64227-63835	FJPFDINM_00090

DiscRep_SUB:FEATURE_LOCATION_CONFLICT::Coding region xref gene does not exist
plasmid_files_fasta/CP026131.1_results/PROKKA_10092018:CDS	hypothetical protein	CP026131.1:c65208-64264	FJPFDINM_00091

DiscRep_SUB:FEATURE_LOCATION_CONFLICT::Coding region xref gene does not exist
plasmid_files_fasta/CP026131.1_results/PROKKA_10092018:CDS	hypothetical protein	CP026131.1:65342-65617	FJPFDINM_00092

DiscRep_SUB:FEATURE_LOCATION_CONFLICT::Coding region xref gene does not exist
plasmid_files_fasta/CP026131.1_results/PROKKA_10092018:CDS	Antitoxin VapB	CP026131.1:65787-66017	FJPFDINM_00093

DiscRep_SUB:FEATURE_LOCATION_CONFLICT::Coding region xref gene does not exist
plasmid_files_fasta/CP026131.1_results/PROKKA_10092018:CDS	tRNA(fMet)-specific endonuclease VapC	CP026131.1:66014-66430	FJPFDINM_00094

DiscRep_SUB:FEATURE_LOCATION_CONFLICT::Coding region xref gene does not exist
plasmid_files_fasta/CP026131.1_results/PROKKA_10092018:CDS	DNA replication and repair protein RecF	CP026131.1:66504-68066	FJPFDINM_00095

DiscRep_SUB:FEATURE_LOCATION_CONFLICT::Coding region xref gene does not exist
plasmid_files_fasta/CP026131.1_results/PROKKA_10092018:CDS	hypothetical protein	CP026131.1:68051-69073	FJPFDINM_00096

DiscRep_SUB:FEATURE_LOCATION_CONFLICT::Coding region xref gene does not exist
plasmid_files_fasta/CP026131.1_results/PROKKA_10092018:CDS	hypothetical protein	CP026131.1:69329-69604	FJPFDINM_00097

DiscRep_SUB:FEATURE_LOCATION_CONFLICT::Coding region xref gene does not exist
plasmid_files_fasta/CP026131.1_results/PROKKA_10092018:CDS	hypothetical protein	CP026131.1:69649-70026	FJPFDINM_00098

DiscRep_SUB:FEATURE_LOCATION_CONFLICT::Coding region xref gene does not exist
plasmid_files_fasta/CP026131.1_results/PROKKA_10092018:CDS	Carbapenem-hydrolyzing beta-lactamase KPC	CP026131.1:70352-71233	FJPFDINM_00099

DiscRep_SUB:FEATURE_LOCATION_CONFLICT::Coding region xref gene does not exist
plasmid_files_fasta/CP026131.1_results/PROKKA_10092018:CDS	hypothetical protein	CP026131.1:c72463-71483	FJPFDINM_00100

DiscRep_SUB:FEATURE_LOCATION_CONFLICT::Coding region xref gene does not exist
plasmid_files_fasta/CP026131.1_results/PROKKA_10092018:CDS	hypothetical protein	CP026131.1:c72764-72468	FJPFDINM_00101

DiscRep_SUB:FEATURE_LOCATION_CONFLICT::Coding region xref gene does not exist
plasmid_files_fasta/CP026131.1_results/PROKKA_10092018:CDS	hypothetical protein	CP026131.1:c72965-72810	FJPFDINM_00102

DiscRep_SUB:FEATURE_LOCATION_CONFLICT::Coding region xref gene does not exist
plasmid_files_fasta/CP026131.1_results/PROKKA_10092018:CDS	Antirestriction protein KlcA	CP026131.1:c73515-73093	FJPFDINM_00103

DiscRep_SUB:FEATURE_LOCATION_CONFLICT::Coding region xref gene does not exist
plasmid_files_fasta/CP026131.1_results/PROKKA_10092018:CDS	hypothetical protein	CP026131.1:c73907-73629	FJPFDINM_00104

DiscRep_SUB:FEATURE_LOCATION_CONFLICT::Coding region xref gene does not exist
plasmid_files_fasta/CP026131.1_results/PROKKA_10092018:CDS	hypothetical protein	CP026131.1:c75001-74441	FJPFDINM_00105

DiscRep_SUB:FEATURE_LOCATION_CONFLICT::Coding region xref gene does not exist
plasmid_files_fasta/CP026131.1_results/PROKKA_10092018:CDS	DNA-invertase hin	CP026131.1:75450-76010	FJPFDINM_00106

DiscRep_SUB:FEATURE_LOCATION_CONFLICT::Coding region xref gene does not exist
plasmid_files_fasta/CP026131.1_results/PROKKA_10092018:CDS	hypothetical protein	CP026131.1:76014-78980	FJPFDINM_00107

DiscRep_SUB:FEATURE_LOCATION_CONFLICT::Coding region xref gene does not exist
plasmid_files_fasta/CP026131.1_results/PROKKA_10092018:CDS	Beta-lactamase SHV-2	CP026131.1:79221-80081	FJPFDINM_00108

DiscRep_SUB:FEATURE_LOCATION_CONFLICT::Coding region xref gene does not exist
plasmid_files_fasta/CP026131.1_results/PROKKA_10092018:CDS	Glycerol-3-phosphate regulon repressor	CP026131.1:c80863-80102	FJPFDINM_00109

DiscRep_SUB:FEATURE_LOCATION_CONFLICT::Coding region xref gene does not exist
plasmid_files_fasta/CP026131.1_results/PROKKA_10092018:CDS	L-threonate dehydrogenase	CP026131.1:81125-82027	FJPFDINM_00110

DiscRep_SUB:FEATURE_LOCATION_CONFLICT::Coding region xref gene does not exist
plasmid_files_fasta/CP026131.1_results/PROKKA_10092018:CDS	3-oxo-tetronate kinase	CP026131.1:82039-82671	FJPFDINM_00111

DiscRep_SUB:FEATURE_LOCATION_CONFLICT::Coding region xref gene does not exist
plasmid_files_fasta/CP026131.1_results/PROKKA_10092018:CDS	3-oxo-tetronate kinase	CP026131.1:82668-83291	FJPFDINM_00112

DiscRep_SUB:FEATURE_LOCATION_CONFLICT::Coding region xref gene does not exist
plasmid_files_fasta/CP026131.1_results/PROKKA_10092018:CDS	3-oxo-tetronate 4-phosphate decarboxylase	CP026131.1:83284-83715	FJPFDINM_00113

DiscRep_SUB:FEATURE_LOCATION_CONFLICT::Coding region xref gene does not exist
plasmid_files_fasta/CP026131.1_results/PROKKA_10092018:CDS	hypothetical protein	CP026131.1:c84365-83661	FJPFDINM_00114

DiscRep_SUB:FEATURE_LOCATION_CONFLICT::Coding region xref gene does not exist
plasmid_files_fasta/CP026131.1_results/PROKKA_10092018:CDS	hypothetical protein	CP026131.1:84779-85483	FJPFDINM_00115

DiscRep_SUB:FEATURE_LOCATION_CONFLICT::Coding region xref gene does not exist
plasmid_files_fasta/CP026131.1_results/PROKKA_10092018:CDS	Multifunctional conjugation protein TraI	CP026131.1:c87623-85374	FJPFDINM_00116

DiscRep_SUB:FEATURE_LOCATION_CONFLICT::Coding region xref gene does not exist
plasmid_files_fasta/CP026131.1_results/PROKKA_10092018:CDS	Coupling protein TraD	CP026131.1:c89839-87623	FJPFDINM_00117

DiscRep_SUB:FEATURE_LOCATION_CONFLICT::Coding region xref gene does not exist
plasmid_files_fasta/CP026131.1_results/PROKKA_10092018:CDS	hypothetical protein	CP026131.1:c90627-89890	FJPFDINM_00118

DiscRep_SUB:FEATURE_LOCATION_CONFLICT::Coding region xref gene does not exist
plasmid_files_fasta/CP026131.1_results/PROKKA_10092018:CDS	Lipoprotein YlpA	CP026131.1:c91564-90830	FJPFDINM_00119

DiscRep_SUB:FEATURE_LOCATION_CONFLICT::Coding region xref gene does not exist
plasmid_files_fasta/CP026131.1_results/PROKKA_10092018:CDS	Protein TraS	CP026131.1:c92107-91586	FJPFDINM_00120

DiscRep_SUB:FEATURE_LOCATION_CONFLICT::Coding region xref gene does not exist
plasmid_files_fasta/CP026131.1_results/PROKKA_10092018:CDS	hypothetical protein	CP026131.1:c94956-92140	FJPFDINM_00121

DiscRep_SUB:FEATURE_LOCATION_CONFLICT::Coding region xref gene does not exist
plasmid_files_fasta/CP026131.1_results/PROKKA_10092018:CDS	hypothetical protein	CP026131.1:c96705-96313	FJPFDINM_00123

DiscRep_SUB:FEATURE_LOCATION_CONFLICT::Coding region xref gene does not exist
plasmid_files_fasta/CP026131.1_results/PROKKA_10092018:CDS	hypothetical protein	CP026131.1:c96973-96659	FJPFDINM_00124

DiscRep_SUB:FEATURE_LOCATION_CONFLICT::Coding region xref gene does not exist
plasmid_files_fasta/CP026131.1_results/PROKKA_10092018:CDS	hypothetical protein	CP026131.1:c97508-96963	FJPFDINM_00125

DiscRep_SUB:FEATURE_LOCATION_CONFLICT::Coding region xref gene does not exist
plasmid_files_fasta/CP026131.1_results/PROKKA_10092018:CDS	Protein TraQ	CP026131.1:c97776-97495	FJPFDINM_00126

DiscRep_SUB:FEATURE_LOCATION_CONFLICT::Coding region xref gene does not exist
plasmid_files_fasta/CP026131.1_results/PROKKA_10092018:CDS	hypothetical protein	CP026131.1:c98635-97892	FJPFDINM_00127

DiscRep_SUB:FEATURE_LOCATION_CONFLICT::Coding region xref gene does not exist
plasmid_files_fasta/CP026131.1_results/PROKKA_10092018:CDS	hypothetical protein	CP026131.1:c98888-98628	FJPFDINM_00128

DiscRep_SUB:FEATURE_LOCATION_CONFLICT::Coding region xref gene does not exist
plasmid_files_fasta/CP026131.1_results/PROKKA_10092018:CDS	hypothetical protein	CP026131.1:c100762-98912	FJPFDINM_00129

DiscRep_SUB:FEATURE_LOCATION_CONFLICT::Coding region xref gene does not exist
plasmid_files_fasta/CP026131.1_results/PROKKA_10092018:CDS	hypothetical protein	CP026131.1:c101181-100759	FJPFDINM_00130

DiscRep_SUB:FEATURE_LOCATION_CONFLICT::Coding region xref gene does not exist
plasmid_files_fasta/CP026131.1_results/PROKKA_10092018:CDS	hypothetical protein	CP026131.1:c101578-101207	FJPFDINM_00131

DiscRep_SUB:FEATURE_LOCATION_CONFLICT::Coding region xref gene does not exist
plasmid_files_fasta/CP026131.1_results/PROKKA_10092018:CDS	hypothetical protein	CP026131.1:c102213-101575	FJPFDINM_00132

DiscRep_SUB:FEATURE_LOCATION_CONFLICT::Coding region xref gene does not exist
plasmid_files_fasta/CP026131.1_results/PROKKA_10092018:CDS	hypothetical protein	CP026131.1:c102761-102240	FJPFDINM_00133

DiscRep_SUB:FEATURE_LOCATION_CONFLICT::Coding region xref gene does not exist
plasmid_files_fasta/CP026131.1_results/PROKKA_10092018:CDS	hypothetical protein	CP026131.1:c103132-102824	FJPFDINM_00134

DiscRep_SUB:FEATURE_LOCATION_CONFLICT::Coding region xref gene does not exist
plasmid_files_fasta/CP026131.1_results/PROKKA_10092018:CDS	hypothetical protein	CP026131.1:c104151-103159	FJPFDINM_00135

DiscRep_SUB:FEATURE_LOCATION_CONFLICT::Coding region xref gene does not exist
plasmid_files_fasta/CP026131.1_results/PROKKA_10092018:CDS	hypothetical protein	CP026131.1:c104780-104148	FJPFDINM_00136

DiscRep_SUB:FEATURE_LOCATION_CONFLICT::Coding region xref gene does not exist
plasmid_files_fasta/CP026131.1_results/PROKKA_10092018:CDS	hypothetical protein	CP026131.1:c105163-104777	FJPFDINM_00137

DiscRep_SUB:FEATURE_LOCATION_CONFLICT::Coding region xref gene does not exist
plasmid_files_fasta/CP026131.1_results/PROKKA_10092018:CDS	Protein TraC	CP026131.1:c107787-105160	FJPFDINM_00138

DiscRep_SUB:FEATURE_LOCATION_CONFLICT::Coding region xref gene does not exist
plasmid_files_fasta/CP026131.1_results/PROKKA_10092018:CDS	Protein TraR	CP026131.1:c108168-107947	FJPFDINM_00139

DiscRep_SUB:FEATURE_LOCATION_CONFLICT::Coding region xref gene does not exist
plasmid_files_fasta/CP026131.1_results/PROKKA_10092018:CDS	Protein TraV	CP026131.1:c108818-108303	FJPFDINM_00140

DiscRep_SUB:FEATURE_LOCATION_CONFLICT::Coding region xref gene does not exist
plasmid_files_fasta/CP026131.1_results/PROKKA_10092018:CDS	hypothetical protein	CP026131.1:c109066-108815	FJPFDINM_00141

DiscRep_SUB:FEATURE_LOCATION_CONFLICT::Coding region xref gene does not exist
plasmid_files_fasta/CP026131.1_results/PROKKA_10092018:CDS	hypothetical protein	CP026131.1:c109275-109078	FJPFDINM_00142

DiscRep_SUB:FEATURE_LOCATION_CONFLICT::Coding region xref gene does not exist
plasmid_files_fasta/CP026131.1_results/PROKKA_10092018:CDS	hypothetical protein	CP026131.1:c109852-109262	FJPFDINM_00143

DiscRep_SUB:FEATURE_LOCATION_CONFLICT::Coding region xref gene does not exist
plasmid_files_fasta/CP026131.1_results/PROKKA_10092018:CDS	hypothetical protein	CP026131.1:c111269-109842	FJPFDINM_00144

DiscRep_SUB:FEATURE_LOCATION_CONFLICT::Coding region xref gene does not exist
plasmid_files_fasta/CP026131.1_results/PROKKA_10092018:CDS	hypothetical protein	CP026131.1:c111997-111269	FJPFDINM_00145

DiscRep_SUB:FEATURE_LOCATION_CONFLICT::Coding region xref gene does not exist
plasmid_files_fasta/CP026131.1_results/PROKKA_10092018:CDS	hypothetical protein	CP026131.1:c112550-111984	FJPFDINM_00146

DiscRep_SUB:FEATURE_LOCATION_CONFLICT::Coding region xref gene does not exist
plasmid_files_fasta/CP026131.1_results/PROKKA_10092018:CDS	hypothetical protein	CP026131.1:c112883-112572	FJPFDINM_00147

DiscRep_SUB:FEATURE_LOCATION_CONFLICT::Coding region xref gene does not exist
plasmid_files_fasta/CP026131.1_results/PROKKA_10092018:CDS	Pilin	CP026131.1:c113263-112898	FJPFDINM_00148

DiscRep_SUB:FEATURE_LOCATION_CONFLICT::Coding region xref gene does not exist
plasmid_files_fasta/CP026131.1_results/PROKKA_10092018:CDS	Relaxosome protein TraY	CP026131.1:c113524-113297	FJPFDINM_00149

DiscRep_SUB:FEATURE_LOCATION_CONFLICT::Coding region xref gene does not exist
plasmid_files_fasta/CP026131.1_results/PROKKA_10092018:CDS	Protein TraJ	CP026131.1:c114304-113618	FJPFDINM_00150

DiscRep_SUB:FEATURE_LOCATION_CONFLICT::Coding region xref gene does not exist
plasmid_files_fasta/CP026131.1_results/PROKKA_10092018:CDS	Relaxosome protein TraM	CP026131.1:c114878-114495	FJPFDINM_00151

DiscRep_SUB:FEATURE_LOCATION_CONFLICT::Coding region xref gene does not exist
plasmid_files_fasta/CP026131.1_results/PROKKA_10092018:CDS	hypothetical protein	CP026131.1:115155-115802	FJPFDINM_00152

DiscRep_SUB:FEATURE_LOCATION_CONFLICT::Coding region xref gene does not exist
plasmid_files_fasta/CP026131.1_results/PROKKA_10092018:CDS	hypothetical protein	CP026131.1:c116920-116099	FJPFDINM_00153

DiscRep_SUB:FEATURE_LOCATION_CONFLICT::Coding region xref gene does not exist
plasmid_files_fasta/CP026131.1_results/PROKKA_10092018:CDS	hypothetical protein	CP026131.1:c117327-117031	FJPFDINM_00154

DiscRep_SUB:FEATURE_LOCATION_CONFLICT::Coding region xref gene does not exist
plasmid_files_fasta/CP026131.1_results/PROKKA_10092018:CDS	hypothetical protein	CP026131.1:117390-117626	FJPFDINM_00155

DiscRep_SUB:FEATURE_LOCATION_CONFLICT::Coding region xref gene does not exist
plasmid_files_fasta/CP026131.1_results/PROKKA_10092018:CDS	hypothetical protein	CP026131.1:117627-118004	FJPFDINM_00156

DiscRep_SUB:FEATURE_LOCATION_CONFLICT::Coding region xref gene does not exist
plasmid_files_fasta/CP026131.1_results/PROKKA_10092018:CDS	hypothetical protein	CP026131.1:118444-118659	FJPFDINM_00157

DiscRep_SUB:FEATURE_LOCATION_CONFLICT::Coding region xref gene does not exist
plasmid_files_fasta/CP026131.1_results/PROKKA_10092018:CDS	hypothetical protein	CP026131.1:c119399-118680	FJPFDINM_00158

DiscRep_SUB:FEATURE_LOCATION_CONFLICT::Coding region xref gene does not exist
plasmid_files_fasta/CP026131.1_results/PROKKA_10092018:CDS	Protein PsiB	CP026131.1:c119830-119396	FJPFDINM_00159

DiscRep_SUB:FEATURE_LOCATION_CONFLICT::Coding region xref gene does not exist
plasmid_files_fasta/CP026131.1_results/PROKKA_10092018:CDS	hypothetical protein	CP026131.1:c120474-119899	FJPFDINM_00160

DiscRep_SUB:FEATURE_LOCATION_CONFLICT::Coding region xref gene does not exist
plasmid_files_fasta/CP026131.1_results/PROKKA_10092018:CDS	Chromosome-partitioning protein Spo0J	CP026131.1:c121922-120501	FJPFDINM_00161

DiscRep_SUB:FEATURE_LOCATION_CONFLICT::Coding region xref gene does not exist
plasmid_files_fasta/CP026131.1_results/PROKKA_10092018:CDS	hypothetical protein	CP026131.1:c122216-121983	FJPFDINM_00162

DiscRep_SUB:FEATURE_LOCATION_CONFLICT::Coding region xref gene does not exist
plasmid_files_fasta/CP026131.1_results/PROKKA_10092018:CDS	Plasmid-derived single-stranded DNA-binding protein	CP026131.1:c122801-122274	FJPFDINM_00163

DiscRep_SUB:FEATURE_LOCATION_CONFLICT::Coding region xref gene does not exist
plasmid_files_fasta/CP026131.1_results/PROKKA_10092018:CDS	hypothetical protein	CP026131.1:122866-123102	FJPFDINM_00164

DiscRep_SUB:FEATURE_LOCATION_CONFLICT::Coding region xref gene does not exist
plasmid_files_fasta/CP026131.1_results/PROKKA_10092018:CDS	hypothetical protein	CP026131.1:123103-123558	FJPFDINM_00165

DiscRep_SUB:FEATURE_LOCATION_CONFLICT::Coding region xref gene does not exist
plasmid_files_fasta/CP026131.1_results/PROKKA_10092018:CDS	Ribosomal RNA small subunit methyltransferase A	CP026131.1:c124207-123644	FJPFDINM_00166

DiscRep_SUB:FEATURE_LOCATION_CONFLICT::Coding region xref gene does not exist
plasmid_files_fasta/CP026131.1_results/PROKKA_10092018:CDS	hypothetical protein	CP026131.1:c125615-124254	FJPFDINM_00167

DiscRep_SUB:FEATURE_LOCATION_CONFLICT::Coding region xref gene does not exist
plasmid_files_fasta/CP026131.1_results/PROKKA_10092018:CDS	hypothetical protein	CP026131.1:c125897-125667	FJPFDINM_00168

DiscRep_SUB:FEATURE_LOCATION_CONFLICT::Coding region xref gene does not exist
plasmid_files_fasta/CP026131.1_results/PROKKA_10092018:CDS	hypothetical protein	CP026131.1:126160-126417	FJPFDINM_00169

DiscRep_SUB:FEATURE_LOCATION_CONFLICT::Coding region xref gene does not exist
plasmid_files_fasta/CP026131.1_results/PROKKA_10092018:CDS	Group II intron-encoded protein LtrA	CP026131.1:127297-128964	FJPFDINM_00170

DiscRep_SUB:FEATURE_LOCATION_CONFLICT::Coding region xref gene does not exist
plasmid_files_fasta/CP026131.1_results/PROKKA_10092018:CDS	hypothetical protein	CP026131.1:c129469-129278	FJPFDINM_00171

DiscRep_SUB:FEATURE_LOCATION_CONFLICT::Coding region xref gene does not exist
plasmid_files_fasta/CP026131.1_results/PROKKA_10092018:CDS	hypothetical protein	CP026131.1:c129888-129466	FJPFDINM_00172

DiscRep_SUB:FEATURE_LOCATION_CONFLICT::Coding region xref gene does not exist
plasmid_files_fasta/CP026131.1_results/PROKKA_10092018:CDS	Antirestriction protein KlcA	CP026131.1:c130360-129935	FJPFDINM_00173

DiscRep_SUB:FEATURE_LOCATION_CONFLICT::Coding region xref gene does not exist
plasmid_files_fasta/CP026131.1_results/PROKKA_10092018:CDS	hypothetical protein	CP026131.1:c131605-130778	FJPFDINM_00174

DiscRep_SUB:FEATURE_LOCATION_CONFLICT::Coding region xref gene does not exist
plasmid_files_fasta/CP026131.1_results/PROKKA_10092018:CDS	hypothetical protein	CP026131.1:c132039-131605	FJPFDINM_00175

DiscRep_SUB:FEATURE_LOCATION_CONFLICT::Coding region xref gene does not exist
plasmid_files_fasta/CP026131.1_results/PROKKA_10092018:CDS	hypothetical protein	CP026131.1:c132274-132053	FJPFDINM_00176

DiscRep_SUB:FEATURE_LOCATION_CONFLICT::Coding region xref gene does not exist
plasmid_files_fasta/CP026131.1_results/PROKKA_10092018:CDS	DNA adenine methyltransferase YhdJ	CP026131.1:c132958-132275	FJPFDINM_00177

DiscRep_SUB:FEATURE_LOCATION_CONFLICT::Coding region xref gene does not exist
plasmid_files_fasta/CP026131.1_results/PROKKA_10092018:CDS	Plasmid segregation protein ParM	CP026131.1:133475-134437	FJPFDINM_00178

DiscRep_SUB:FEATURE_LOCATION_CONFLICT::Coding region xref gene does not exist
plasmid_files_fasta/CP026131.1_results/PROKKA_10092018:CDS	Protein StbB	CP026131.1:134437-134790	FJPFDINM_00179

DiscRep_SUB:FEATURE_LOCATION_CONFLICT::Coding region xref gene does not exist
plasmid_files_fasta/CP026131.1_results/PROKKA_10092018:CDS	hypothetical protein	CP026131.1:c135194-134913	FJPFDINM_00180

DiscRep_SUB:FEATURE_LOCATION_CONFLICT::Coding region xref gene does not exist
plasmid_files_fasta/CP026131.1_results/PROKKA_10092018:CDS	hypothetical protein	CP026131.1:137136-137840	FJPFDINM_00181

DiscRep_SUB:FEATURE_LOCATION_CONFLICT::Coding region xref gene does not exist
plasmid_files_fasta/CP026131.1_results/PROKKA_10092018:CDS	hypothetical protein	CP026131.1:137928-138209	FJPFDINM_00182

DiscRep_SUB:FEATURE_LOCATION_CONFLICT::Coding region xref gene does not exist
plasmid_files_fasta/CP026131.1_results/PROKKA_10092018:CDS	16S rRNA (guanine(1405)-N(7))-methyltransferase	CP026131.1:c139045-138290	FJPFDINM_00183

DiscRep_SUB:FEATURE_LOCATION_CONFLICT::Coding region xref gene does not exist
plasmid_files_fasta/CP026131.1_results/PROKKA_10092018:CDS	Beta-lactamase TEM	CP026131.1:c140075-139215	FJPFDINM_00184

DiscRep_SUB:FEATURE_LOCATION_CONFLICT::Coding region xref gene does not exist
plasmid_files_fasta/CP026131.1_results/PROKKA_10092018:CDS	Transposon Tn3 resolvase	CP026131.1:c140773-140258	FJPFDINM_00185

DiscRep_SUB:FEATURE_LOCATION_CONFLICT::Coding region xref gene does not exist
plasmid_files_fasta/CP026131.1_results/PROKKA_10092018:CDS	hypothetical protein	CP026131.1:140886-141074	FJPFDINM_00186

DiscRep_SUB:FEATURE_LOCATION_CONFLICT::Coding region xref gene does not exist
plasmid_files_fasta/CP026131.1_results/PROKKA_10092018:CDS	hypothetical protein	CP026131.1:141084-141806	FJPFDINM_00187

DiscRep_SUB:FEATURE_LOCATION_CONFLICT::Coding region xref gene does not exist
plasmid_files_fasta/CP026131.1_results/PROKKA_10092018:CDS	hypothetical protein	CP026131.1:c142456-141752	FJPFDINM_00188

DiscRep_SUB:FEATURE_LOCATION_CONFLICT::Coding region xref gene does not exist
plasmid_files_fasta/CP026131.1_results/PROKKA_10092018:CDS	hypothetical protein	CP026131.1:c143487-142912	FJPFDINM_00189

DiscRep_SUB:FEATURE_LOCATION_CONFLICT::Coding region xref gene does not exist
plasmid_files_fasta/CP026131.1_results/PROKKA_10092018:CDS	hypothetical protein	CP026131.1:143567-144271	FJPFDINM_00190

DiscRep_SUB:FEATURE_LOCATION_CONFLICT::Coding region xref gene does not exist
plasmid_files_fasta/CP026131.1_results/PROKKA_10092018:CDS	Aerotaxis receptor	CP026131.1:144444-144893	FJPFDINM_00191

DiscRep_SUB:FEATURE_LOCATION_CONFLICT::Coding region xref gene does not exist
plasmid_files_fasta/CP026131.1_results/PROKKA_10092018:CDS	Catecholate siderophore receptor Fiu	CP026131.1:c145893-144868	FJPFDINM_00192

DiscRep_SUB:FEATURE_LOCATION_CONFLICT::Coding region xref gene does not exist
plasmid_files_fasta/CP026131.1_results/PROKKA_10092018:CDS	hypothetical protein	CP026131.1:c146990-146022	FJPFDINM_00193

DiscRep_SUB:FEATURE_LOCATION_CONFLICT::Coding region xref gene does not exist
plasmid_files_fasta/CP026131.1_results/PROKKA_10092018:CDS	Beta-lactamase Toho-1	CP026131.1:c147900-147025	FJPFDINM_00194

DiscRep_SUB:FEATURE_LOCATION_CONFLICT::Coding region xref gene does not exist
plasmid_files_fasta/CP026131.1_results/PROKKA_10092018:CDS	hypothetical protein	CP026131.1:c148169-148047	FJPFDINM_00195

DiscRep_SUB:FEATURE_LOCATION_CONFLICT::Coding region xref gene does not exist
plasmid_files_fasta/CP026131.1_results/PROKKA_10092018:CDS	hypothetical protein	CP026131.1:148411-149115	FJPFDINM_00196

DiscRep_SUB:FEATURE_LOCATION_CONFLICT::Coding region xref gene does not exist
plasmid_files_fasta/CP026131.1_results/PROKKA_10092018:CDS	hypothetical protein	CP026131.1:149193-149726	FJPFDINM_00197

DiscRep_SUB:FEATURE_LOCATION_CONFLICT::Coding region xref gene does not exist
plasmid_files_fasta/CP026131.1_results/PROKKA_10092018:CDS	hypothetical protein	CP026131.1:149929-150144	FJPFDINM_00198

DiscRep_SUB:FEATURE_LOCATION_CONFLICT::Coding region xref gene does not exist
plasmid_files_fasta/CP026131.1_results/PROKKA_10092018:CDS	Endoribonuclease PemK	CP026131.1:c150758-150426	FJPFDINM_00199

DiscRep_SUB:FEATURE_LOCATION_CONFLICT::Coding region xref gene does not exist
plasmid_files_fasta/CP026131.1_results/PROKKA_10092018:CDS	Antitoxin PemI	CP026131.1:c151017-150760	FJPFDINM_00200

DiscRep_SUB:FEATURE_LOCATION_CONFLICT::Coding region xref gene does not exist
plasmid_files_fasta/CP026131.1_results/PROKKA_10092018:CDS	hypothetical protein	CP026131.1:c151763-151110	FJPFDINM_00201

DiscRep_SUB:FEATURE_LOCATION_CONFLICT::Coding region xref gene does not exist
plasmid_files_fasta/CP026131.1_results/PROKKA_10092018:CDS	hypothetical protein	CP026131.1:c153559-152702	FJPFDINM_00202

DiscRep_SUB:FEATURE_LOCATION_CONFLICT::Coding region xref gene does not exist
plasmid_files_fasta/CP026131.1_results/PROKKA_10092018:CDS	hypothetical protein	CP026131.1:c154119-153871	FJPFDINM_00203

DiscRep_SUB:FEATURE_LOCATION_CONFLICT::Coding region xref gene does not exist
plasmid_files_fasta/CP026131.1_results/PROKKA_10092018:CDS	Protein PndA	CP026131.1:c154552-154403	FJPFDINM_00204

DiscRep_SUB:FEATURE_LOCATION_CONFLICT::Coding region xref gene does not exist
plasmid_files_fasta/CP026131.1_results/PROKKA_10092018:CDS	hypothetical protein	CP026131.1:c155189-154857	FJPFDINM_00205

DiscRep_SUB:FEATURE_LOCATION_CONFLICT::Coding region xref gene does not exist
plasmid_files_fasta/CP026131.1_results/PROKKA_10092018:CDS	hypothetical protein	CP026131.1:c155850-155251	FJPFDINM_00206

DiscRep_SUB:FEATURE_LOCATION_CONFLICT::Coding region xref gene does not exist
plasmid_files_fasta/CP026131.1_results/PROKKA_10092018:CDS	hypothetical protein	CP026131.1:c156436-156236	FJPFDINM_00207

DiscRep_SUB:FEATURE_LOCATION_CONFLICT::Coding region xref gene does not exist
plasmid_files_fasta/CP026131.1_results/PROKKA_10092018:CDS	Fertility inhibition protein	CP026131.1:c157128-156568	FJPFDINM_00208

DiscRep_SUB:FEATURE_LOCATION_CONFLICT::Coding region xref gene does not exist
plasmid_files_fasta/CP026131.1_results/PROKKA_10092018:CDS	hypothetical protein	CP026131.1:c157929-157183	FJPFDINM_00209

DiscRep_SUB:FEATURE_LOCATION_CONFLICT::Coding region xref gene does not exist
plasmid_files_fasta/CP026131.1_results/PROKKA_10092018:CDS	Multifunctional conjugation protein TraI	CP026131.1:c158149-157949	FJPFDINM_00210

DiscRep_SUB:FEATURE_LOCATION_CONFLICT::Coding region xref gene does not exist
plasmid_files_fasta/CP026131.1_results/PROKKA_10092018:CDS	hypothetical protein	CP026131.1:158174-158878	FJPFDINM_00211

DiscRep_SUB:FEATURE_LOCATION_CONFLICT::Coding region xref gene does not exist
plasmid_files_fasta/CP026131.1_results/PROKKA_10092018:CDS	hypothetical protein	CP026131.1:158999-161965	FJPFDINM_00212

DiscRep_SUB:FEATURE_LOCATION_CONFLICT::Coding region xref gene does not exist
plasmid_files_fasta/CP026131.1_results/PROKKA_10092018:CDS	hypothetical protein	CP026131.1:162044-163048	FJPFDINM_00213

DiscRep_SUB:FEATURE_LOCATION_CONFLICT::Coding region xref gene does not exist
plasmid_files_fasta/CP026131.1_results/PROKKA_10092018:CDS	hypothetical protein	CP026131.1:c163406-163230	FJPFDINM_00214

DiscRep_SUB:FEATURE_LOCATION_CONFLICT::Coding region xref gene does not exist
plasmid_files_fasta/CP026131.1_results/PROKKA_10092018:CDS	hypothetical protein	CP026131.1:c163752-163528	FJPFDINM_00215

DiscRep_SUB:FEATURE_LOCATION_CONFLICT::Coding region xref gene does not exist
plasmid_files_fasta/CP026131.1_results/PROKKA_10092018:CDS	Putative transposon Tn552 DNA-invertase bin3	CP026131.1:c164486-163749	FJPFDINM_00216

DiscRep_SUB:FEATURE_LOCATION_CONFLICT::RNA feature xref gene does not exist
plasmid_files_fasta/CP026131.1_results/PROKKA_10092018:tRNA	Thr	CP026131.1:95505-95576	FJPFDINM_00122

DiscRep_ALL:OVERLAPPING_CDS::2 coding regions overlap another coding region with a similar or identical name.
DiscRep_SUB:OVERLAPPING_CDS::2 coding regions overlap another coding region with a similar or identical name that do not have the appropriate note text
plasmid_files_fasta/CP026131.1_results/PROKKA_10092018:CDS	3-oxo-tetronate kinase	CP026131.1:82039-82671	FJPFDINM_00111
plasmid_files_fasta/CP026131.1_results/PROKKA_10092018:CDS	3-oxo-tetronate kinase	CP026131.1:82668-83291	FJPFDINM_00112

DiscRep_ALL:SUSPECT_PRODUCT_NAMES::3 product_names contain suspect phrase or characters
DiscRep_SUB:SUSPECT_PRODUCT_NAMES::May contain database identifier more appropriate in note; remove from product name
DiscRep_SUB:SUSPECT_PRODUCT_NAMES::3 features Three or more numbers together
plasmid_files_fasta/CP026131.1_results/PROKKA_10092018:CDS	Putative transposon Tn552 DNA-invertase bin3	CP026131.1:c9675-9043	FJPFDINM_00013
plasmid_files_fasta/CP026131.1_results/PROKKA_10092018:CDS	16S rRNA (guanine(1405)-N(7))-methyltransferase	CP026131.1:c139045-138290	FJPFDINM_00183
plasmid_files_fasta/CP026131.1_results/PROKKA_10092018:CDS	Putative transposon Tn552 DNA-invertase bin3	CP026131.1:c164486-163749	FJPFDINM_00216

DiscRep_ALL:DISC_QUALITY_SCORES::Quality scores are missing on all sequences.

DiscRep_ALL:ONCALLER_COMMENT_PRESENT::1 comment descriptors were found (all same)
plasmid_files_fasta/CP026131.1_results/PROKKA_10092018:CP026131.1:Annotated using prokka 1.14-dev from https://github.com/tseemann/prokka

DiscRep_ALL:SHORT_PROT_SEQUENCES::6 protein sequences are shorter than 50 aa.
plasmid_files_fasta/CP026131.1_results/PROKKA_10092018:CP026131.1_1 (length 30)
plasmid_files_fasta/CP026131.1_results/PROKKA_10092018:CP026131.1_6 (length 42)
plasmid_files_fasta/CP026131.1_results/PROKKA_10092018:CP026131.1_42 (length 35)
plasmid_files_fasta/CP026131.1_results/PROKKA_10092018:CP026131.1_84 (length 31)
plasmid_files_fasta/CP026131.1_results/PROKKA_10092018:CP026131.1_194 (length 40)
plasmid_files_fasta/CP026131.1_results/PROKKA_10092018:CP026131.1_203 (length 49)

DiscRep_ALL:MISSING_GENOMEASSEMBLY_COMMENTS::1 bioseqs are missing GenomeAssembly structured comments
plasmid_files_fasta/CP026131.1_results/PROKKA_10092018:CP026131.1 (length 164510)

DiscRep_ALL:MOLTYPE_NOT_MRNA::1 molecule types are not set as mRNA.
plasmid_files_fasta/CP026131.1_results/PROKKA_10092018:CP026131.1 (length 164510)

DiscRep_ALL:TECHNIQUE_NOT_TSA::1 technique are not set as TSA
plasmid_files_fasta/CP026131.1_results/PROKKA_10092018:CP026131.1 (length 164510)

DiscRep_ALL:MISSING_STRUCTURED_COMMENT::1 sequences do not include structured comments.
plasmid_files_fasta/CP026131.1_results/PROKKA_10092018:CP026131.1 (length 164510)

DiscRep_ALL:MISSING_PROJECT::216 sequences do not include project.
plasmid_files_fasta/CP026131.1_results/PROKKA_10092018:CP026131.1 (length 164510)
plasmid_files_fasta/CP026131.1_results/PROKKA_10092018:CP026131.1_1 (length 30)
plasmid_files_fasta/CP026131.1_results/PROKKA_10092018:CP026131.1_2 (length 66)
plasmid_files_fasta/CP026131.1_results/PROKKA_10092018:CP026131.1_3 (length 213)
plasmid_files_fasta/CP026131.1_results/PROKKA_10092018:CP026131.1_4 (length 234)
plasmid_files_fasta/CP026131.1_results/PROKKA_10092018:CP026131.1_5 (length 187)
plasmid_files_fasta/CP026131.1_results/PROKKA_10092018:CP026131.1_6 (length 42)
plasmid_files_fasta/CP026131.1_results/PROKKA_10092018:CP026131.1_7 (length 136)
plasmid_files_fasta/CP026131.1_results/PROKKA_10092018:CP026131.1_8 (length 326)
plasmid_files_fasta/CP026131.1_results/PROKKA_10092018:CP026131.1_9 (length 131)
plasmid_files_fasta/CP026131.1_results/PROKKA_10092018:CP026131.1_10 (length 203)
plasmid_files_fasta/CP026131.1_results/PROKKA_10092018:CP026131.1_11 (length 316)
plasmid_files_fasta/CP026131.1_results/PROKKA_10092018:CP026131.1_12 (length 66)
plasmid_files_fasta/CP026131.1_results/PROKKA_10092018:CP026131.1_13 (length 210)
plasmid_files_fasta/CP026131.1_results/PROKKA_10092018:CP026131.1_14 (length 401)
plasmid_files_fasta/CP026131.1_results/PROKKA_10092018:CP026131.1_15 (length 323)
plasmid_files_fasta/CP026131.1_results/PROKKA_10092018:CP026131.1_16 (length 423)
plasmid_files_fasta/CP026131.1_results/PROKKA_10092018:CP026131.1_17 (length 140)
plasmid_files_fasta/CP026131.1_results/PROKKA_10092018:CP026131.1_18 (length 223)
plasmid_files_fasta/CP026131.1_results/PROKKA_10092018:CP026131.1_19 (length 225)
plasmid_files_fasta/CP026131.1_results/PROKKA_10092018:CP026131.1_20 (length 73)
plasmid_files_fasta/CP026131.1_results/PROKKA_10092018:CP026131.1_21 (length 139)
plasmid_files_fasta/CP026131.1_results/PROKKA_10092018:CP026131.1_22 (length 259)
plasmid_files_fasta/CP026131.1_results/PROKKA_10092018:CP026131.1_23 (length 168)
plasmid_files_fasta/CP026131.1_results/PROKKA_10092018:CP026131.1_24 (length 63)
plasmid_files_fasta/CP026131.1_results/PROKKA_10092018:CP026131.1_25 (length 86)
plasmid_files_fasta/CP026131.1_results/PROKKA_10092018:CP026131.1_26 (length 50)
plasmid_files_fasta/CP026131.1_results/PROKKA_10092018:CP026131.1_27 (length 76)
plasmid_files_fasta/CP026131.1_results/PROKKA_10092018:CP026131.1_28 (length 220)
plasmid_files_fasta/CP026131.1_results/PROKKA_10092018:CP026131.1_29 (length 432)
plasmid_files_fasta/CP026131.1_results/PROKKA_10092018:CP026131.1_30 (length 143)
plasmid_files_fasta/CP026131.1_results/PROKKA_10092018:CP026131.1_31 (length 242)
plasmid_files_fasta/CP026131.1_results/PROKKA_10092018:CP026131.1_32 (length 107)
plasmid_files_fasta/CP026131.1_results/PROKKA_10092018:CP026131.1_33 (length 119)
plasmid_files_fasta/CP026131.1_results/PROKKA_10092018:CP026131.1_34 (length 124)
plasmid_files_fasta/CP026131.1_results/PROKKA_10092018:CP026131.1_35 (length 234)
plasmid_files_fasta/CP026131.1_results/PROKKA_10092018:CP026131.1_36 (length 115)
plasmid_files_fasta/CP026131.1_results/PROKKA_10092018:CP026131.1_37 (length 245)
plasmid_files_fasta/CP026131.1_results/PROKKA_10092018:CP026131.1_38 (length 127)
plasmid_files_fasta/CP026131.1_results/PROKKA_10092018:CP026131.1_39 (length 161)
plasmid_files_fasta/CP026131.1_results/PROKKA_10092018:CP026131.1_40 (length 104)
plasmid_files_fasta/CP026131.1_results/PROKKA_10092018:CP026131.1_41 (length 273)
plasmid_files_fasta/CP026131.1_results/PROKKA_10092018:CP026131.1_42 (length 35)
plasmid_files_fasta/CP026131.1_results/PROKKA_10092018:CP026131.1_43 (length 92)
plasmid_files_fasta/CP026131.1_results/PROKKA_10092018:CP026131.1_44 (length 106)
plasmid_files_fasta/CP026131.1_results/PROKKA_10092018:CP026131.1_45 (length 74)
plasmid_files_fasta/CP026131.1_results/PROKKA_10092018:CP026131.1_46 (length 70)
plasmid_files_fasta/CP026131.1_results/PROKKA_10092018:CP026131.1_47 (length 118)
plasmid_files_fasta/CP026131.1_results/PROKKA_10092018:CP026131.1_48 (length 105)
plasmid_files_fasta/CP026131.1_results/PROKKA_10092018:CP026131.1_49 (length 116)
plasmid_files_fasta/CP026131.1_results/PROKKA_10092018:CP026131.1_50 (length 90)
plasmid_files_fasta/CP026131.1_results/PROKKA_10092018:CP026131.1_51 (length 52)
plasmid_files_fasta/CP026131.1_results/PROKKA_10092018:CP026131.1_52 (length 124)
plasmid_files_fasta/CP026131.1_results/PROKKA_10092018:CP026131.1_53 (length 108)
plasmid_files_fasta/CP026131.1_results/PROKKA_10092018:CP026131.1_54 (length 242)
plasmid_files_fasta/CP026131.1_results/PROKKA_10092018:CP026131.1_55 (length 143)
plasmid_files_fasta/CP026131.1_results/PROKKA_10092018:CP026131.1_56 (length 685)
plasmid_files_fasta/CP026131.1_results/PROKKA_10092018:CP026131.1_57 (length 82)
plasmid_files_fasta/CP026131.1_results/PROKKA_10092018:CP026131.1_58 (length 180)
plasmid_files_fasta/CP026131.1_results/PROKKA_10092018:CP026131.1_59 (length 109)
plasmid_files_fasta/CP026131.1_results/PROKKA_10092018:CP026131.1_60 (length 187)
plasmid_files_fasta/CP026131.1_results/PROKKA_10092018:CP026131.1_61 (length 451)
plasmid_files_fasta/CP026131.1_results/PROKKA_10092018:CP026131.1_62 (length 76)
plasmid_files_fasta/CP026131.1_results/PROKKA_10092018:CP026131.1_63 (length 75)
plasmid_files_fasta/CP026131.1_results/PROKKA_10092018:CP026131.1_64 (length 106)
plasmid_files_fasta/CP026131.1_results/PROKKA_10092018:CP026131.1_65 (length 84)
plasmid_files_fasta/CP026131.1_results/PROKKA_10092018:CP026131.1_66 (length 63)
plasmid_files_fasta/CP026131.1_results/PROKKA_10092018:CP026131.1_67 (length 168)
plasmid_files_fasta/CP026131.1_results/PROKKA_10092018:CP026131.1_68 (length 142)
plasmid_files_fasta/CP026131.1_results/PROKKA_10092018:CP026131.1_69 (length 255)
plasmid_files_fasta/CP026131.1_results/PROKKA_10092018:CP026131.1_70 (length 139)
plasmid_files_fasta/CP026131.1_results/PROKKA_10092018:CP026131.1_71 (length 73)
plasmid_files_fasta/CP026131.1_results/PROKKA_10092018:CP026131.1_72 (length 233)
plasmid_files_fasta/CP026131.1_results/PROKKA_10092018:CP026131.1_73 (length 76)
plasmid_files_fasta/CP026131.1_results/PROKKA_10092018:CP026131.1_74 (length 223)
plasmid_files_fasta/CP026131.1_results/PROKKA_10092018:CP026131.1_75 (length 323)
plasmid_files_fasta/CP026131.1_results/PROKKA_10092018:CP026131.1_76 (length 495)
plasmid_files_fasta/CP026131.1_results/PROKKA_10092018:CP026131.1_77 (length 143)
plasmid_files_fasta/CP026131.1_results/PROKKA_10092018:CP026131.1_78 (length 423)
plasmid_files_fasta/CP026131.1_results/PROKKA_10092018:CP026131.1_79 (length 324)
plasmid_files_fasta/CP026131.1_results/PROKKA_10092018:CP026131.1_80 (length 401)
plasmid_files_fasta/CP026131.1_results/PROKKA_10092018:CP026131.1_81 (length 203)
plasmid_files_fasta/CP026131.1_results/PROKKA_10092018:CP026131.1_82 (length 240)
plasmid_files_fasta/CP026131.1_results/PROKKA_10092018:CP026131.1_83 (length 91)
plasmid_files_fasta/CP026131.1_results/PROKKA_10092018:CP026131.1_84 (length 31)
plasmid_files_fasta/CP026131.1_results/PROKKA_10092018:CP026131.1_85 (length 85)
plasmid_files_fasta/CP026131.1_results/PROKKA_10092018:CP026131.1_86 (length 259)
plasmid_files_fasta/CP026131.1_results/PROKKA_10092018:CP026131.1_87 (length 334)
plasmid_files_fasta/CP026131.1_results/PROKKA_10092018:CP026131.1_88 (length 67)
plasmid_files_fasta/CP026131.1_results/PROKKA_10092018:CP026131.1_89 (length 173)
plasmid_files_fasta/CP026131.1_results/PROKKA_10092018:CP026131.1_90 (length 130)
plasmid_files_fasta/CP026131.1_results/PROKKA_10092018:CP026131.1_91 (length 314)
plasmid_files_fasta/CP026131.1_results/PROKKA_10092018:CP026131.1_92 (length 91)
plasmid_files_fasta/CP026131.1_results/PROKKA_10092018:CP026131.1_93 (length 76)
plasmid_files_fasta/CP026131.1_results/PROKKA_10092018:CP026131.1_94 (length 138)
plasmid_files_fasta/CP026131.1_results/PROKKA_10092018:CP026131.1_95 (length 520)
plasmid_files_fasta/CP026131.1_results/PROKKA_10092018:CP026131.1_96 (length 340)
plasmid_files_fasta/CP026131.1_results/PROKKA_10092018:CP026131.1_97 (length 91)
plasmid_files_fasta/CP026131.1_results/PROKKA_10092018:CP026131.1_98 (length 125)
plasmid_files_fasta/CP026131.1_results/PROKKA_10092018:CP026131.1_99 (length 293)
plasmid_files_fasta/CP026131.1_results/PROKKA_10092018:CP026131.1_100 (length 326)
plasmid_files_fasta/CP026131.1_results/PROKKA_10092018:CP026131.1_101 (length 98)
plasmid_files_fasta/CP026131.1_results/PROKKA_10092018:CP026131.1_102 (length 51)
plasmid_files_fasta/CP026131.1_results/PROKKA_10092018:CP026131.1_103 (length 140)
plasmid_files_fasta/CP026131.1_results/PROKKA_10092018:CP026131.1_104 (length 92)
plasmid_files_fasta/CP026131.1_results/PROKKA_10092018:CP026131.1_105 (length 186)
plasmid_files_fasta/CP026131.1_results/PROKKA_10092018:CP026131.1_106 (length 186)
plasmid_files_fasta/CP026131.1_results/PROKKA_10092018:CP026131.1_107 (length 988)
plasmid_files_fasta/CP026131.1_results/PROKKA_10092018:CP026131.1_108 (length 286)
plasmid_files_fasta/CP026131.1_results/PROKKA_10092018:CP026131.1_109 (length 253)
plasmid_files_fasta/CP026131.1_results/PROKKA_10092018:CP026131.1_110 (length 300)
plasmid_files_fasta/CP026131.1_results/PROKKA_10092018:CP026131.1_111 (length 210)
plasmid_files_fasta/CP026131.1_results/PROKKA_10092018:CP026131.1_112 (length 207)
plasmid_files_fasta/CP026131.1_results/PROKKA_10092018:CP026131.1_113 (length 143)
plasmid_files_fasta/CP026131.1_results/PROKKA_10092018:CP026131.1_114 (length 234)
plasmid_files_fasta/CP026131.1_results/PROKKA_10092018:CP026131.1_115 (length 234)
plasmid_files_fasta/CP026131.1_results/PROKKA_10092018:CP026131.1_116 (length 749)
plasmid_files_fasta/CP026131.1_results/PROKKA_10092018:CP026131.1_117 (length 738)
plasmid_files_fasta/CP026131.1_results/PROKKA_10092018:CP026131.1_118 (length 245)
plasmid_files_fasta/CP026131.1_results/PROKKA_10092018:CP026131.1_119 (length 244)
plasmid_files_fasta/CP026131.1_results/PROKKA_10092018:CP026131.1_120 (length 173)
plasmid_files_fasta/CP026131.1_results/PROKKA_10092018:CP026131.1_121 (length 938)
plasmid_files_fasta/CP026131.1_results/PROKKA_10092018:CP026131.1_122 (length 130)
plasmid_files_fasta/CP026131.1_results/PROKKA_10092018:CP026131.1_123 (length 104)
plasmid_files_fasta/CP026131.1_results/PROKKA_10092018:CP026131.1_124 (length 181)
plasmid_files_fasta/CP026131.1_results/PROKKA_10092018:CP026131.1_125 (length 93)
plasmid_files_fasta/CP026131.1_results/PROKKA_10092018:CP026131.1_126 (length 247)
plasmid_files_fasta/CP026131.1_results/PROKKA_10092018:CP026131.1_127 (length 86)
plasmid_files_fasta/CP026131.1_results/PROKKA_10092018:CP026131.1_128 (length 616)
plasmid_files_fasta/CP026131.1_results/PROKKA_10092018:CP026131.1_129 (length 140)
plasmid_files_fasta/CP026131.1_results/PROKKA_10092018:CP026131.1_130 (length 123)
plasmid_files_fasta/CP026131.1_results/PROKKA_10092018:CP026131.1_131 (length 212)
plasmid_files_fasta/CP026131.1_results/PROKKA_10092018:CP026131.1_132 (length 173)
plasmid_files_fasta/CP026131.1_results/PROKKA_10092018:CP026131.1_133 (length 102)
plasmid_files_fasta/CP026131.1_results/PROKKA_10092018:CP026131.1_134 (length 330)
plasmid_files_fasta/CP026131.1_results/PROKKA_10092018:CP026131.1_135 (length 210)
plasmid_files_fasta/CP026131.1_results/PROKKA_10092018:CP026131.1_136 (length 128)
plasmid_files_fasta/CP026131.1_results/PROKKA_10092018:CP026131.1_137 (length 875)
plasmid_files_fasta/CP026131.1_results/PROKKA_10092018:CP026131.1_138 (length 73)
plasmid_files_fasta/CP026131.1_results/PROKKA_10092018:CP026131.1_139 (length 171)
plasmid_files_fasta/CP026131.1_results/PROKKA_10092018:CP026131.1_140 (length 83)
plasmid_files_fasta/CP026131.1_results/PROKKA_10092018:CP026131.1_141 (length 65)
plasmid_files_fasta/CP026131.1_results/PROKKA_10092018:CP026131.1_142 (length 196)
plasmid_files_fasta/CP026131.1_results/PROKKA_10092018:CP026131.1_143 (length 475)
plasmid_files_fasta/CP026131.1_results/PROKKA_10092018:CP026131.1_144 (length 242)
plasmid_files_fasta/CP026131.1_results/PROKKA_10092018:CP026131.1_145 (length 188)
plasmid_files_fasta/CP026131.1_results/PROKKA_10092018:CP026131.1_146 (length 103)
plasmid_files_fasta/CP026131.1_results/PROKKA_10092018:CP026131.1_147 (length 121)
plasmid_files_fasta/CP026131.1_results/PROKKA_10092018:CP026131.1_148 (length 75)
plasmid_files_fasta/CP026131.1_results/PROKKA_10092018:CP026131.1_149 (length 228)
plasmid_files_fasta/CP026131.1_results/PROKKA_10092018:CP026131.1_150 (length 127)
plasmid_files_fasta/CP026131.1_results/PROKKA_10092018:CP026131.1_151 (length 215)
plasmid_files_fasta/CP026131.1_results/PROKKA_10092018:CP026131.1_152 (length 273)
plasmid_files_fasta/CP026131.1_results/PROKKA_10092018:CP026131.1_153 (length 98)
plasmid_files_fasta/CP026131.1_results/PROKKA_10092018:CP026131.1_154 (length 78)
plasmid_files_fasta/CP026131.1_results/PROKKA_10092018:CP026131.1_155 (length 125)
plasmid_files_fasta/CP026131.1_results/PROKKA_10092018:CP026131.1_156 (length 71)
plasmid_files_fasta/CP026131.1_results/PROKKA_10092018:CP026131.1_157 (length 239)
plasmid_files_fasta/CP026131.1_results/PROKKA_10092018:CP026131.1_158 (length 144)
plasmid_files_fasta/CP026131.1_results/PROKKA_10092018:CP026131.1_159 (length 191)
plasmid_files_fasta/CP026131.1_results/PROKKA_10092018:CP026131.1_160 (length 473)
plasmid_files_fasta/CP026131.1_results/PROKKA_10092018:CP026131.1_161 (length 77)
plasmid_files_fasta/CP026131.1_results/PROKKA_10092018:CP026131.1_162 (length 175)
plasmid_files_fasta/CP026131.1_results/PROKKA_10092018:CP026131.1_163 (length 78)
plasmid_files_fasta/CP026131.1_results/PROKKA_10092018:CP026131.1_164 (length 151)
plasmid_files_fasta/CP026131.1_results/PROKKA_10092018:CP026131.1_165 (length 187)
plasmid_files_fasta/CP026131.1_results/PROKKA_10092018:CP026131.1_166 (length 453)
plasmid_files_fasta/CP026131.1_results/PROKKA_10092018:CP026131.1_167 (length 76)
plasmid_files_fasta/CP026131.1_results/PROKKA_10092018:CP026131.1_168 (length 85)
plasmid_files_fasta/CP026131.1_results/PROKKA_10092018:CP026131.1_169 (length 555)
plasmid_files_fasta/CP026131.1_results/PROKKA_10092018:CP026131.1_170 (length 63)
plasmid_files_fasta/CP026131.1_results/PROKKA_10092018:CP026131.1_171 (length 140)
plasmid_files_fasta/CP026131.1_results/PROKKA_10092018:CP026131.1_172 (length 141)
plasmid_files_fasta/CP026131.1_results/PROKKA_10092018:CP026131.1_173 (length 275)
plasmid_files_fasta/CP026131.1_results/PROKKA_10092018:CP026131.1_174 (length 144)
plasmid_files_fasta/CP026131.1_results/PROKKA_10092018:CP026131.1_175 (length 73)
plasmid_files_fasta/CP026131.1_results/PROKKA_10092018:CP026131.1_176 (length 227)
plasmid_files_fasta/CP026131.1_results/PROKKA_10092018:CP026131.1_177 (length 320)
plasmid_files_fasta/CP026131.1_results/PROKKA_10092018:CP026131.1_178 (length 117)
plasmid_files_fasta/CP026131.1_results/PROKKA_10092018:CP026131.1_179 (length 93)
plasmid_files_fasta/CP026131.1_results/PROKKA_10092018:CP026131.1_180 (length 234)
plasmid_files_fasta/CP026131.1_results/PROKKA_10092018:CP026131.1_181 (length 93)
plasmid_files_fasta/CP026131.1_results/PROKKA_10092018:CP026131.1_182 (length 251)
plasmid_files_fasta/CP026131.1_results/PROKKA_10092018:CP026131.1_183 (length 286)
plasmid_files_fasta/CP026131.1_results/PROKKA_10092018:CP026131.1_184 (length 171)
plasmid_files_fasta/CP026131.1_results/PROKKA_10092018:CP026131.1_185 (length 62)
plasmid_files_fasta/CP026131.1_results/PROKKA_10092018:CP026131.1_186 (length 240)
plasmid_files_fasta/CP026131.1_results/PROKKA_10092018:CP026131.1_187 (length 234)
plasmid_files_fasta/CP026131.1_results/PROKKA_10092018:CP026131.1_188 (length 191)
plasmid_files_fasta/CP026131.1_results/PROKKA_10092018:CP026131.1_189 (length 234)
plasmid_files_fasta/CP026131.1_results/PROKKA_10092018:CP026131.1_190 (length 149)
plasmid_files_fasta/CP026131.1_results/PROKKA_10092018:CP026131.1_191 (length 341)
plasmid_files_fasta/CP026131.1_results/PROKKA_10092018:CP026131.1_192 (length 322)
plasmid_files_fasta/CP026131.1_results/PROKKA_10092018:CP026131.1_193 (length 291)
plasmid_files_fasta/CP026131.1_results/PROKKA_10092018:CP026131.1_194 (length 40)
plasmid_files_fasta/CP026131.1_results/PROKKA_10092018:CP026131.1_195 (length 234)
plasmid_files_fasta/CP026131.1_results/PROKKA_10092018:CP026131.1_196 (length 177)
plasmid_files_fasta/CP026131.1_results/PROKKA_10092018:CP026131.1_197 (length 71)
plasmid_files_fasta/CP026131.1_results/PROKKA_10092018:CP026131.1_198 (length 110)
plasmid_files_fasta/CP026131.1_results/PROKKA_10092018:CP026131.1_199 (length 85)
plasmid_files_fasta/CP026131.1_results/PROKKA_10092018:CP026131.1_200 (length 217)
plasmid_files_fasta/CP026131.1_results/PROKKA_10092018:CP026131.1_201 (length 285)
plasmid_files_fasta/CP026131.1_results/PROKKA_10092018:CP026131.1_202 (length 82)
plasmid_files_fasta/CP026131.1_results/PROKKA_10092018:CP026131.1_203 (length 49)
plasmid_files_fasta/CP026131.1_results/PROKKA_10092018:CP026131.1_204 (length 110)
plasmid_files_fasta/CP026131.1_results/PROKKA_10092018:CP026131.1_205 (length 199)
plasmid_files_fasta/CP026131.1_results/PROKKA_10092018:CP026131.1_206 (length 66)
plasmid_files_fasta/CP026131.1_results/PROKKA_10092018:CP026131.1_207 (length 186)
plasmid_files_fasta/CP026131.1_results/PROKKA_10092018:CP026131.1_208 (length 248)
plasmid_files_fasta/CP026131.1_results/PROKKA_10092018:CP026131.1_209 (length 66)
plasmid_files_fasta/CP026131.1_results/PROKKA_10092018:CP026131.1_210 (length 234)
plasmid_files_fasta/CP026131.1_results/PROKKA_10092018:CP026131.1_211 (length 988)
plasmid_files_fasta/CP026131.1_results/PROKKA_10092018:CP026131.1_212 (length 334)
plasmid_files_fasta/CP026131.1_results/PROKKA_10092018:CP026131.1_213 (length 58)
plasmid_files_fasta/CP026131.1_results/PROKKA_10092018:CP026131.1_214 (length 74)
plasmid_files_fasta/CP026131.1_results/PROKKA_10092018:CP026131.1_215 (length 245)

DiscRep_ALL:DISC_INCONSISTENT_MOLINFO_TECH::Molinfo Technique Report (some missing, all same)
DiscRep_SUB:DISC_INCONSISTENT_MOLINFO_TECH::technique (all missing)
DiscRep_SUB:DISC_INCONSISTENT_MOLINFO_TECH::1 Molinfos are missing field technique
plasmid_files_fasta/CP026131.1_results/PROKKA_10092018:CP026131.1 (length 164510)

