[15:26:44] This is prokka 1.14-dev
[15:26:44] Written by Torsten Seemann <torsten.seemann@gmail.com>
[15:26:44] Homepage is https://github.com/tseemann/prokka
[15:26:44] Local time is Tue Oct  9 15:26:44 2018
[15:26:44] You are christian
[15:26:44] Operating system is linux
[15:26:44] You have BioPerl 1.007002
[15:26:44] System has 20 cores.
[15:26:44] Will use maximum of 20 cores.
[15:26:44] Annotating as >>> Bacteria <<<
[15:26:44] Generating locus_tag from 'plasmid_files_fasta/KC845573.1.fasta' contents.
[15:26:44] Setting --locustag FIAFIKGO from MD5 f2af2408537ff4090707cca109923441
[15:26:44] Creating new output folder: plasmid_files_fasta/KC845573.1_results
[15:26:44] Running: mkdir -p plasmid_files_fasta\/KC845573\.1_results
[15:26:44] Using filename prefix: PROKKA_10092018.XXX
[15:26:44] Setting HMMER_NCPU=1
[15:26:44] Writing log to: plasmid_files_fasta/KC845573.1_results/PROKKA_10092018.log
[15:26:44] Command: /home/christian/install/prokka/bin/prokka plasmid_files_fasta/KC845573.1.fasta --outdir plasmid_files_fasta/KC845573.1_results --cpus 20 --force
[15:26:44] Appending to PATH: /home/christian/install/prokka/bin/../binaries/linux
[15:26:44] Appending to PATH: /home/christian/install/prokka/bin/../binaries/linux/../common
[15:26:44] Appending to PATH: /home/christian/install/prokka/bin
[15:26:44] Looking for 'aragorn' - found /home/christian/install/prokka/bin/../binaries/linux/aragorn
[15:26:44] Determined aragorn version is 1.2
[15:26:44] Looking for 'blastp' - found /usr/bin/blastp
[15:26:44] Determined blastp version is 2.2
[15:26:44] Looking for 'cmpress' - found /usr/local/bin/cmpress
[15:26:44] Determined cmpress version is 1.1
[15:26:44] Looking for 'cmscan' - found /usr/local/bin/cmscan
[15:26:44] Determined cmscan version is 1.1
[15:26:44] Looking for 'egrep' - found /bin/egrep
[15:26:44] Looking for 'find' - found /usr/bin/find
[15:26:44] Looking for 'grep' - found /bin/grep
[15:26:44] Looking for 'hmmpress' - found /usr/local/bin/hmmpress
[15:26:44] Determined hmmpress version is 3.1
[15:26:44] Looking for 'hmmscan' - found /usr/local/bin/hmmscan
[15:26:44] Determined hmmscan version is 3.1
[15:26:44] Looking for 'java' - found /usr/bin/java
[15:26:44] Looking for 'less' - found /usr/bin/less
[15:26:44] Looking for 'makeblastdb' - found /usr/bin/makeblastdb
[15:26:45] Determined makeblastdb version is 2.2
[15:26:45] Looking for 'minced' - found /home/christian/install/prokka/bin/../binaries/linux/../common/minced
[15:26:45] Determined minced version is 2.0
[15:26:45] Looking for 'parallel' - found /usr/bin/parallel
[15:26:45] Determined parallel version is 20141022
[15:26:45] Looking for 'prodigal' - found /usr/local/bin/prodigal
[15:26:45] Determined prodigal version is 2.6
[15:26:45] Looking for 'prokka-genbank_to_fasta_db' - found /home/christian/install/prokka/bin/prokka-genbank_to_fasta_db
[15:26:45] Looking for 'sed' - found /bin/sed
[15:26:45] Looking for 'tbl2asn' - found /home/christian/install/prokka/bin/../binaries/linux/tbl2asn
[15:26:45] Determined tbl2asn version is 25.6
[15:26:45] Using genetic code table 11.
[15:26:45] Loading and checking input file: plasmid_files_fasta/KC845573.1.fasta
[15:26:45] Wrote 1 contigs totalling 77801 bp.
[15:26:45] Predicting tRNAs and tmRNAs
[15:26:45] Running: aragorn -l -gc11  -w plasmid_files_fasta\/KC845573\.1_results\/PROKKA_10092018\.fna
[15:26:45] Found 0 tRNAs
[15:26:45] Predicting Ribosomal RNAs
[15:26:45] You need either Barrnap or RNAmmer installed to predict rRNAs!
[15:26:45] Skipping ncRNA search, enable with --rfam if desired.
[15:26:45] Total of 0 tRNA + rRNA features
[15:26:45] Searching for CRISPR repeats
[15:26:45] Found 0 CRISPRs
[15:26:45] Predicting coding sequences
[15:26:45] Contigs total 77801 bp, so using meta mode
[15:26:45] Running: prodigal -i plasmid_files_fasta\/KC845573\.1_results\/PROKKA_10092018\.fna -c -m -g 11 -p meta -f sco -q
[15:26:45] Found 96 CDS
[15:26:45] Connecting features back to sequences
[15:26:45] Not using genus-specific database. Try --usegenus to enable it.
[15:26:45] Annotating CDS, please be patient.
[15:26:45] Will use 20 CPUs for similarity searching.
[15:26:45] There are still 96 unannotated CDS left (started with 96)
[15:26:45] Will use blast to search against /home/christian/install/prokka/db/kingdom/Bacteria/sprot with 20 CPUs
[15:26:45] Running: cat plasmid_files_fasta\/KC845573\.1_results\/sprot\.faa | parallel --gnu --plain -j 20 --block 573 --recstart '>' --pipe blastp -query - -db /home/christian/install/prokka/db/kingdom/Bacteria/sprot -evalue 1e-06 -num_threads 1 -num_descriptions 1 -num_alignments 1 -seg no > plasmid_files_fasta\/KC845573\.1_results\/sprot\.blast 2> /dev/null
[15:26:46] Deleting unwanted file: plasmid_files_fasta/KC845573.1_results/sprot.faa
[15:26:46] Deleting unwanted file: plasmid_files_fasta/KC845573.1_results/sprot.blast
[15:26:46] There are still 64 unannotated CDS left (started with 96)
[15:26:46] Will use hmmer3 to search against /home/christian/install/prokka/db/hmm/HAMAP.hmm with 20 CPUs
[15:26:46] Running: cat plasmid_files_fasta\/KC845573\.1_results\/HAMAP\.hmm\.faa | parallel --gnu --plain -j 20 --block 326 --recstart '>' --pipe hmmscan --noali --notextw --acc -E 1e-06 --cpu 1 /home/christian/install/prokka/db/hmm/HAMAP.hmm /dev/stdin > plasmid_files_fasta\/KC845573\.1_results\/HAMAP\.hmm\.hmmer3 2> /dev/null
[15:26:47] Deleting unwanted file: plasmid_files_fasta/KC845573.1_results/HAMAP.hmm.faa
[15:26:47] Deleting unwanted file: plasmid_files_fasta/KC845573.1_results/HAMAP.hmm.hmmer3
[15:26:47] Labelling remaining 62 proteins as 'hypothetical protein'
[15:26:47] Found 26 unique /gene codes.
[15:26:47] Fixed 2 duplicate /gene - tnpR_1 tnpR_2
[15:26:47] Fixed 3 duplicate /gene - bla_1 bla_2 bla_3
[15:26:47] Fixed 2 colliding /gene names.
[15:26:47] Adding /locus_tag identifiers
[15:26:47] Assigned 96 locus_tags to CDS and RNA features.
[15:26:47] Writing outputs to plasmid_files_fasta/KC845573.1_results/
[15:26:47] Generating annotation statistics file
[15:26:47] Generating Genbank and Sequin files
[15:26:47] Running: tbl2asn -V b -a r10k -l paired-ends -M n -N 1 -y 'Annotated using prokka 1.14-dev from https://github.com/tseemann/prokka' -Z plasmid_files_fasta\/KC845573\.1_results\/PROKKA_10092018\.err -i plasmid_files_fasta\/KC845573\.1_results\/PROKKA_10092018\.fsa 2> /dev/null
[15:26:47] Deleting unwanted file: plasmid_files_fasta/KC845573.1_results/errorsummary.val
[15:26:47] Deleting unwanted file: plasmid_files_fasta/KC845573.1_results/PROKKA_10092018.dr
[15:26:47] Deleting unwanted file: plasmid_files_fasta/KC845573.1_results/PROKKA_10092018.fixedproducts
[15:26:47] Deleting unwanted file: plasmid_files_fasta/KC845573.1_results/PROKKA_10092018.ecn
[15:26:47] Deleting unwanted file: plasmid_files_fasta/KC845573.1_results/PROKKA_10092018.val
[15:26:47] Repairing broken .GBK output that tbl2asn produces...
[15:26:47] Running: sed 's/COORDINATES: profile/COORDINATES:profile/' < plasmid_files_fasta\/KC845573\.1_results\/PROKKA_10092018\.gbf > plasmid_files_fasta\/KC845573\.1_results\/PROKKA_10092018\.gbk
[15:26:47] Deleting unwanted file: plasmid_files_fasta/KC845573.1_results/PROKKA_10092018.gbf
[15:26:47] Output files:
[15:26:47] plasmid_files_fasta/KC845573.1_results/PROKKA_10092018.ffn
[15:26:47] plasmid_files_fasta/KC845573.1_results/PROKKA_10092018.tbl
[15:26:47] plasmid_files_fasta/KC845573.1_results/PROKKA_10092018.log
[15:26:47] plasmid_files_fasta/KC845573.1_results/PROKKA_10092018.fna
[15:26:47] plasmid_files_fasta/KC845573.1_results/PROKKA_10092018.fsa
[15:26:47] plasmid_files_fasta/KC845573.1_results/PROKKA_10092018.tsv
[15:26:47] plasmid_files_fasta/KC845573.1_results/PROKKA_10092018.faa
[15:26:47] plasmid_files_fasta/KC845573.1_results/PROKKA_10092018.gbk
[15:26:47] plasmid_files_fasta/KC845573.1_results/PROKKA_10092018.sqn
[15:26:47] plasmid_files_fasta/KC845573.1_results/PROKKA_10092018.err
[15:26:47] plasmid_files_fasta/KC845573.1_results/PROKKA_10092018.txt
[15:26:47] plasmid_files_fasta/KC845573.1_results/PROKKA_10092018.gff
[15:26:47] Annotation finished successfully.
[15:26:47] Walltime used: 0.05 minutes
[15:26:47] If you use this result please cite the Prokka paper:
[15:26:47] Seemann T (2014) Prokka: rapid prokaryotic genome annotation. Bioinformatics. 30(14):2068-9.
[15:26:47] Type 'prokka --citation' for more details.
[15:26:47] Share and enjoy!
