[15:19:22] This is prokka 1.14-dev
[15:19:22] Written by Torsten Seemann <torsten.seemann@gmail.com>
[15:19:22] Homepage is https://github.com/tseemann/prokka
[15:19:22] Local time is Tue Oct  9 15:19:22 2018
[15:19:22] You are christian
[15:19:22] Operating system is linux
[15:19:22] You have BioPerl 1.007002
[15:19:22] System has 20 cores.
[15:19:22] Will use maximum of 20 cores.
[15:19:22] Annotating as >>> Bacteria <<<
[15:19:22] Generating locus_tag from 'plasmid_files_fasta/CP022917.1.fasta' contents.
[15:19:22] Setting --locustag JAEJBCDK from MD5 3ae3bcd4864b959ff30050f83c66c12c
[15:19:22] Creating new output folder: plasmid_files_fasta/CP022917.1_results
[15:19:22] Running: mkdir -p plasmid_files_fasta\/CP022917\.1_results
[15:19:22] Using filename prefix: PROKKA_10092018.XXX
[15:19:22] Setting HMMER_NCPU=1
[15:19:22] Writing log to: plasmid_files_fasta/CP022917.1_results/PROKKA_10092018.log
[15:19:22] Command: /home/christian/install/prokka/bin/prokka plasmid_files_fasta/CP022917.1.fasta --outdir plasmid_files_fasta/CP022917.1_results --cpus 20 --force
[15:19:22] Appending to PATH: /home/christian/install/prokka/bin/../binaries/linux
[15:19:22] Appending to PATH: /home/christian/install/prokka/bin/../binaries/linux/../common
[15:19:22] Appending to PATH: /home/christian/install/prokka/bin
[15:19:22] Looking for 'aragorn' - found /home/christian/install/prokka/bin/../binaries/linux/aragorn
[15:19:22] Determined aragorn version is 1.2
[15:19:22] Looking for 'blastp' - found /usr/bin/blastp
[15:19:22] Determined blastp version is 2.2
[15:19:22] Looking for 'cmpress' - found /usr/local/bin/cmpress
[15:19:22] Determined cmpress version is 1.1
[15:19:22] Looking for 'cmscan' - found /usr/local/bin/cmscan
[15:19:22] Determined cmscan version is 1.1
[15:19:22] Looking for 'egrep' - found /bin/egrep
[15:19:22] Looking for 'find' - found /usr/bin/find
[15:19:22] Looking for 'grep' - found /bin/grep
[15:19:22] Looking for 'hmmpress' - found /usr/local/bin/hmmpress
[15:19:22] Determined hmmpress version is 3.1
[15:19:22] Looking for 'hmmscan' - found /usr/local/bin/hmmscan
[15:19:22] Determined hmmscan version is 3.1
[15:19:22] Looking for 'java' - found /usr/bin/java
[15:19:22] Looking for 'less' - found /usr/bin/less
[15:19:22] Looking for 'makeblastdb' - found /usr/bin/makeblastdb
[15:19:22] Determined makeblastdb version is 2.2
[15:19:22] Looking for 'minced' - found /home/christian/install/prokka/bin/../binaries/linux/../common/minced
[15:19:22] Determined minced version is 2.0
[15:19:22] Looking for 'parallel' - found /usr/bin/parallel
[15:19:22] Determined parallel version is 20141022
[15:19:22] Looking for 'prodigal' - found /usr/local/bin/prodigal
[15:19:22] Determined prodigal version is 2.6
[15:19:22] Looking for 'prokka-genbank_to_fasta_db' - found /home/christian/install/prokka/bin/prokka-genbank_to_fasta_db
[15:19:22] Looking for 'sed' - found /bin/sed
[15:19:22] Looking for 'tbl2asn' - found /home/christian/install/prokka/bin/../binaries/linux/tbl2asn
[15:19:22] Determined tbl2asn version is 25.6
[15:19:22] Using genetic code table 11.
[15:19:22] Loading and checking input file: plasmid_files_fasta/CP022917.1.fasta
[15:19:22] Wrote 1 contigs totalling 246577 bp.
[15:19:22] Predicting tRNAs and tmRNAs
[15:19:22] Running: aragorn -l -gc11  -w plasmid_files_fasta\/CP022917\.1_results\/PROKKA_10092018\.fna
[15:19:23] Found 0 tRNAs
[15:19:23] Predicting Ribosomal RNAs
[15:19:23] You need either Barrnap or RNAmmer installed to predict rRNAs!
[15:19:23] Skipping ncRNA search, enable with --rfam if desired.
[15:19:23] Total of 0 tRNA + rRNA features
[15:19:23] Searching for CRISPR repeats
[15:19:23] Found 0 CRISPRs
[15:19:23] Predicting coding sequences
[15:19:23] Contigs total 246577 bp, so using single mode
[15:19:23] Running: prodigal -i plasmid_files_fasta\/CP022917\.1_results\/PROKKA_10092018\.fna -c -m -g 11 -p single -f sco -q
[15:19:23] Found 273 CDS
[15:19:23] Connecting features back to sequences
[15:19:23] Not using genus-specific database. Try --usegenus to enable it.
[15:19:23] Annotating CDS, please be patient.
[15:19:23] Will use 20 CPUs for similarity searching.
[15:19:23] There are still 273 unannotated CDS left (started with 273)
[15:19:23] Will use blast to search against /home/christian/install/prokka/db/kingdom/Bacteria/sprot with 20 CPUs
[15:19:23] Running: cat plasmid_files_fasta\/CP022917\.1_results\/sprot\.faa | parallel --gnu --plain -j 20 --block 1740 --recstart '>' --pipe blastp -query - -db /home/christian/install/prokka/db/kingdom/Bacteria/sprot -evalue 1e-06 -num_threads 1 -num_descriptions 1 -num_alignments 1 -seg no > plasmid_files_fasta\/CP022917\.1_results\/sprot\.blast 2> /dev/null
[15:19:25] Modify product: Protease HtpX homolog => Protease HtpX 
[15:19:25] Modify product: Pentapeptide repeat protein VPA0095 => Pentapeptide repeat protein
[15:19:25] Modify product: Uncharacterized oxidoreductase YghA => putative oxidoreductase YghA
[15:19:25] Modify product: UPF0401 protein YkfF => hypothetical protein
[15:19:25] Modify product: Uncharacterized inner membrane transporter YedA => putative inner membrane transporter YedA
[15:19:25] Modify product: Probable cyclic di-GMP phosphodiesterase VC_1348 => putative cyclic di-GMP phosphodiesterase
[15:19:25] Modify product: Uncharacterized signaling protein PA1727 => putative signaling protein
[15:19:25] Modify product: Probable cyclic di-GMP phosphodiesterase PdeB => putative cyclic di-GMP phosphodiesterase PdeB
[15:19:25] Modify product: Uncharacterized protein Rv1290c => putative protein
[15:19:25] Modify product: Probable copper-binding protein PcoE => putative copper-binding protein PcoE
[15:19:25] Cleaned 10 /product names
[15:19:25] Deleting unwanted file: plasmid_files_fasta/CP022917.1_results/sprot.faa
[15:19:25] Deleting unwanted file: plasmid_files_fasta/CP022917.1_results/sprot.blast
[15:19:25] There are still 157 unannotated CDS left (started with 273)
[15:19:25] Will use hmmer3 to search against /home/christian/install/prokka/db/hmm/HAMAP.hmm with 20 CPUs
[15:19:25] Running: cat plasmid_files_fasta\/CP022917\.1_results\/HAMAP\.hmm\.faa | parallel --gnu --plain -j 20 --block 800 --recstart '>' --pipe hmmscan --noali --notextw --acc -E 1e-06 --cpu 1 /home/christian/install/prokka/db/hmm/HAMAP.hmm /dev/stdin > plasmid_files_fasta\/CP022917\.1_results\/HAMAP\.hmm\.hmmer3 2> /dev/null
[15:19:26] Deleting unwanted file: plasmid_files_fasta/CP022917.1_results/HAMAP.hmm.faa
[15:19:26] Deleting unwanted file: plasmid_files_fasta/CP022917.1_results/HAMAP.hmm.hmmer3
[15:19:26] Labelling remaining 156 proteins as 'hypothetical protein'
[15:19:26] Possible /pseudo 'Beta-lactamase OXA-18' at CP022917.1 position 169497
[15:19:26] Possible /pseudo 'Arsenical pump-driving ATPase' at CP022917.1 position 237678
[15:19:26] Found 95 unique /gene codes.
[15:19:26] Fixed 4 duplicate /gene - xerD_1 xerD_2 xerD_3 xerD_4
[15:19:26] Fixed 3 duplicate /gene - arsA_1 arsA_2 arsA_3
[15:19:26] Fixed 2 duplicate /gene - silE_1 silE_2
[15:19:26] Fixed 2 duplicate /gene - cusS_1 cusS_2
[15:19:26] Fixed 2 duplicate /gene - umuD_1 umuD_2
[15:19:26] Fixed 4 duplicate /gene - bla_1 bla_2 bla_3 bla_4
[15:19:26] Fixed 2 duplicate /gene - umuC_1 umuC_2
[15:19:26] Fixed 2 duplicate /gene - klcA_1 klcA_2
[15:19:26] Fixed 2 duplicate /gene - arsD_1 arsD_2
[15:19:26] Fixed 2 duplicate /gene - holE_1 holE_2
[15:19:26] Fixed 10 colliding /gene names.
[15:19:26] Adding /locus_tag identifiers
[15:19:26] Assigned 273 locus_tags to CDS and RNA features.
[15:19:26] Writing outputs to plasmid_files_fasta/CP022917.1_results/
[15:19:26] Generating annotation statistics file
[15:19:26] Generating Genbank and Sequin files
[15:19:26] Running: tbl2asn -V b -a r10k -l paired-ends -M n -N 1 -y 'Annotated using prokka 1.14-dev from https://github.com/tseemann/prokka' -Z plasmid_files_fasta\/CP022917\.1_results\/PROKKA_10092018\.err -i plasmid_files_fasta\/CP022917\.1_results\/PROKKA_10092018\.fsa 2> /dev/null
[15:19:26] Deleting unwanted file: plasmid_files_fasta/CP022917.1_results/errorsummary.val
[15:19:26] Deleting unwanted file: plasmid_files_fasta/CP022917.1_results/PROKKA_10092018.dr
[15:19:26] Deleting unwanted file: plasmid_files_fasta/CP022917.1_results/PROKKA_10092018.fixedproducts
[15:19:26] Deleting unwanted file: plasmid_files_fasta/CP022917.1_results/PROKKA_10092018.ecn
[15:19:26] Deleting unwanted file: plasmid_files_fasta/CP022917.1_results/PROKKA_10092018.val
[15:19:26] Repairing broken .GBK output that tbl2asn produces...
[15:19:26] Running: sed 's/COORDINATES: profile/COORDINATES:profile/' < plasmid_files_fasta\/CP022917\.1_results\/PROKKA_10092018\.gbf > plasmid_files_fasta\/CP022917\.1_results\/PROKKA_10092018\.gbk
[15:19:26] Deleting unwanted file: plasmid_files_fasta/CP022917.1_results/PROKKA_10092018.gbf
[15:19:26] Output files:
[15:19:26] plasmid_files_fasta/CP022917.1_results/PROKKA_10092018.ffn
[15:19:26] plasmid_files_fasta/CP022917.1_results/PROKKA_10092018.tbl
[15:19:26] plasmid_files_fasta/CP022917.1_results/PROKKA_10092018.log
[15:19:26] plasmid_files_fasta/CP022917.1_results/PROKKA_10092018.fna
[15:19:26] plasmid_files_fasta/CP022917.1_results/PROKKA_10092018.fsa
[15:19:26] plasmid_files_fasta/CP022917.1_results/PROKKA_10092018.tsv
[15:19:26] plasmid_files_fasta/CP022917.1_results/PROKKA_10092018.faa
[15:19:26] plasmid_files_fasta/CP022917.1_results/PROKKA_10092018.gbk
[15:19:26] plasmid_files_fasta/CP022917.1_results/PROKKA_10092018.sqn
[15:19:26] plasmid_files_fasta/CP022917.1_results/PROKKA_10092018.err
[15:19:26] plasmid_files_fasta/CP022917.1_results/PROKKA_10092018.txt
[15:19:26] plasmid_files_fasta/CP022917.1_results/PROKKA_10092018.gff
[15:19:26] Annotation finished successfully.
[15:19:26] Walltime used: 0.07 minutes
[15:19:26] If you use this result please cite the Prokka paper:
[15:19:26] Seemann T (2014) Prokka: rapid prokaryotic genome annotation. Bioinformatics. 30(14):2068-9.
[15:19:26] Type 'prokka --citation' for more details.
[15:19:26] Thank you, come again.
