[15:28:43] This is prokka 1.14-dev
[15:28:43] Written by Torsten Seemann <torsten.seemann@gmail.com>
[15:28:43] Homepage is https://github.com/tseemann/prokka
[15:28:43] Local time is Tue Oct  9 15:28:43 2018
[15:28:43] You are christian
[15:28:43] Operating system is linux
[15:28:43] You have BioPerl 1.007002
[15:28:43] System has 20 cores.
[15:28:43] Will use maximum of 20 cores.
[15:28:43] Annotating as >>> Bacteria <<<
[15:28:43] Generating locus_tag from 'plasmid_files_fasta/KT185451.1.fasta' contents.
[15:28:43] Setting --locustag MHLKJHLE from MD5 6154315e15b78265342044994f8063b1
[15:28:43] Creating new output folder: plasmid_files_fasta/KT185451.1_results
[15:28:43] Running: mkdir -p plasmid_files_fasta\/KT185451\.1_results
[15:28:43] Using filename prefix: PROKKA_10092018.XXX
[15:28:43] Setting HMMER_NCPU=1
[15:28:43] Writing log to: plasmid_files_fasta/KT185451.1_results/PROKKA_10092018.log
[15:28:43] Command: /home/christian/install/prokka/bin/prokka plasmid_files_fasta/KT185451.1.fasta --outdir plasmid_files_fasta/KT185451.1_results --cpus 20 --force
[15:28:43] Appending to PATH: /home/christian/install/prokka/bin/../binaries/linux
[15:28:43] Appending to PATH: /home/christian/install/prokka/bin/../binaries/linux/../common
[15:28:43] Appending to PATH: /home/christian/install/prokka/bin
[15:28:43] Looking for 'aragorn' - found /home/christian/install/prokka/bin/../binaries/linux/aragorn
[15:28:43] Determined aragorn version is 1.2
[15:28:43] Looking for 'blastp' - found /usr/bin/blastp
[15:28:43] Determined blastp version is 2.2
[15:28:43] Looking for 'cmpress' - found /usr/local/bin/cmpress
[15:28:43] Determined cmpress version is 1.1
[15:28:43] Looking for 'cmscan' - found /usr/local/bin/cmscan
[15:28:43] Determined cmscan version is 1.1
[15:28:43] Looking for 'egrep' - found /bin/egrep
[15:28:43] Looking for 'find' - found /usr/bin/find
[15:28:43] Looking for 'grep' - found /bin/grep
[15:28:43] Looking for 'hmmpress' - found /usr/local/bin/hmmpress
[15:28:43] Determined hmmpress version is 3.1
[15:28:43] Looking for 'hmmscan' - found /usr/local/bin/hmmscan
[15:28:43] Determined hmmscan version is 3.1
[15:28:43] Looking for 'java' - found /usr/bin/java
[15:28:43] Looking for 'less' - found /usr/bin/less
[15:28:43] Looking for 'makeblastdb' - found /usr/bin/makeblastdb
[15:28:44] Determined makeblastdb version is 2.2
[15:28:44] Looking for 'minced' - found /home/christian/install/prokka/bin/../binaries/linux/../common/minced
[15:28:44] Determined minced version is 2.0
[15:28:44] Looking for 'parallel' - found /usr/bin/parallel
[15:28:44] Determined parallel version is 20141022
[15:28:44] Looking for 'prodigal' - found /usr/local/bin/prodigal
[15:28:44] Determined prodigal version is 2.6
[15:28:44] Looking for 'prokka-genbank_to_fasta_db' - found /home/christian/install/prokka/bin/prokka-genbank_to_fasta_db
[15:28:44] Looking for 'sed' - found /bin/sed
[15:28:44] Looking for 'tbl2asn' - found /home/christian/install/prokka/bin/../binaries/linux/tbl2asn
[15:28:44] Determined tbl2asn version is 25.6
[15:28:44] Using genetic code table 11.
[15:28:44] Loading and checking input file: plasmid_files_fasta/KT185451.1.fasta
[15:28:44] Wrote 1 contigs totalling 151466 bp.
[15:28:44] Predicting tRNAs and tmRNAs
[15:28:44] Running: aragorn -l -gc11  -w plasmid_files_fasta\/KT185451\.1_results\/PROKKA_10092018\.fna
[15:28:44] 1 tRNA-Thr c[61575,61646] 34 (ggt)
[15:28:44] Found 1 tRNAs
[15:28:44] Predicting Ribosomal RNAs
[15:28:44] You need either Barrnap or RNAmmer installed to predict rRNAs!
[15:28:44] Skipping ncRNA search, enable with --rfam if desired.
[15:28:44] Total of 1 tRNA + rRNA features
[15:28:44] Searching for CRISPR repeats
[15:28:44] Found 0 CRISPRs
[15:28:44] Predicting coding sequences
[15:28:44] Contigs total 151466 bp, so using single mode
[15:28:44] Running: prodigal -i plasmid_files_fasta\/KT185451\.1_results\/PROKKA_10092018\.fna -c -m -g 11 -p single -f sco -q
[15:28:44] Excluding CDS which overlaps existing RNA (tRNA) at KT185451.1:60825..62198 on + strand
[15:28:44] Found 201 CDS
[15:28:44] Connecting features back to sequences
[15:28:44] Not using genus-specific database. Try --usegenus to enable it.
[15:28:44] Annotating CDS, please be patient.
[15:28:44] Will use 20 CPUs for similarity searching.
[15:28:44] There are still 201 unannotated CDS left (started with 201)
[15:28:44] Will use blast to search against /home/christian/install/prokka/db/kingdom/Bacteria/sprot with 20 CPUs
[15:28:44] Running: cat plasmid_files_fasta\/KT185451\.1_results\/sprot\.faa | parallel --gnu --plain -j 20 --block 1056 --recstart '>' --pipe blastp -query - -db /home/christian/install/prokka/db/kingdom/Bacteria/sprot -evalue 1e-06 -num_threads 1 -num_descriptions 1 -num_alignments 1 -seg no > plasmid_files_fasta\/KT185451\.1_results\/sprot\.blast 2> /dev/null
[15:28:45] Modify product: UPF0401 protein YkfF => hypothetical protein
[15:28:45] Modify product: Uncharacterized signaling protein PA1727 => putative signaling protein
[15:28:46] Modify product: UPF0401 protein YkfF => hypothetical protein
[15:28:46] Cleaned 3 /product names
[15:28:46] Deleting unwanted file: plasmid_files_fasta/KT185451.1_results/sprot.faa
[15:28:46] Deleting unwanted file: plasmid_files_fasta/KT185451.1_results/sprot.blast
[15:28:46] There are still 128 unannotated CDS left (started with 201)
[15:28:46] Will use hmmer3 to search against /home/christian/install/prokka/db/hmm/HAMAP.hmm with 20 CPUs
[15:28:46] Running: cat plasmid_files_fasta\/KT185451\.1_results\/HAMAP\.hmm\.faa | parallel --gnu --plain -j 20 --block 641 --recstart '>' --pipe hmmscan --noali --notextw --acc -E 1e-06 --cpu 1 /home/christian/install/prokka/db/hmm/HAMAP.hmm /dev/stdin > plasmid_files_fasta\/KT185451\.1_results\/HAMAP\.hmm\.hmmer3 2> /dev/null
[15:28:46] Deleting unwanted file: plasmid_files_fasta/KT185451.1_results/HAMAP.hmm.faa
[15:28:46] Deleting unwanted file: plasmid_files_fasta/KT185451.1_results/HAMAP.hmm.hmmer3
[15:28:46] Labelling remaining 125 proteins as 'hypothetical protein'
[15:28:46] Possible /pseudo '3-oxo-tetronate kinase' at KT185451.1 position 74011
[15:28:46] Found 56 unique /gene codes.
[15:28:46] Fixed 2 duplicate /gene - otnK_1 otnK_2
[15:28:46] Fixed 3 duplicate /gene - klcA_1 klcA_2 klcA_3
[15:28:46] Fixed 2 duplicate /gene - traI_1 traI_2
[15:28:46] Fixed 2 duplicate /gene - yhdJ_1 yhdJ_2
[15:28:46] Fixed 2 duplicate /gene - traJ_1 traJ_2
[15:28:46] Fixed 2 duplicate /gene - traA_1 traA_2
[15:28:46] Fixed 2 duplicate /gene - tnpR_1 tnpR_2
[15:28:46] Fixed 2 duplicate /gene - traM_1 traM_2
[15:28:46] Fixed 2 duplicate /gene - parM_1 parM_2
[15:28:46] Fixed 2 duplicate /gene - ssb_1 ssb_2
[15:28:46] Fixed 2 duplicate /gene - ltrA_1 ltrA_2
[15:28:46] Fixed 4 duplicate /gene - bla_1 bla_2 bla_3 bla_4
[15:28:46] Fixed 2 duplicate /gene - psiB_1 psiB_2
[15:28:46] Fixed 2 duplicate /gene - flmA_1 flmA_2
[15:28:46] Fixed 14 colliding /gene names.
[15:28:46] Adding /locus_tag identifiers
[15:28:46] Assigned 202 locus_tags to CDS and RNA features.
[15:28:46] Writing outputs to plasmid_files_fasta/KT185451.1_results/
[15:28:46] Generating annotation statistics file
[15:28:46] Generating Genbank and Sequin files
[15:28:46] Running: tbl2asn -V b -a r10k -l paired-ends -M n -N 1 -y 'Annotated using prokka 1.14-dev from https://github.com/tseemann/prokka' -Z plasmid_files_fasta\/KT185451\.1_results\/PROKKA_10092018\.err -i plasmid_files_fasta\/KT185451\.1_results\/PROKKA_10092018\.fsa 2> /dev/null
[15:28:47] Deleting unwanted file: plasmid_files_fasta/KT185451.1_results/errorsummary.val
[15:28:47] Deleting unwanted file: plasmid_files_fasta/KT185451.1_results/PROKKA_10092018.dr
[15:28:47] Deleting unwanted file: plasmid_files_fasta/KT185451.1_results/PROKKA_10092018.fixedproducts
[15:28:47] Deleting unwanted file: plasmid_files_fasta/KT185451.1_results/PROKKA_10092018.ecn
[15:28:47] Deleting unwanted file: plasmid_files_fasta/KT185451.1_results/PROKKA_10092018.val
[15:28:47] Repairing broken .GBK output that tbl2asn produces...
[15:28:47] Running: sed 's/COORDINATES: profile/COORDINATES:profile/' < plasmid_files_fasta\/KT185451\.1_results\/PROKKA_10092018\.gbf > plasmid_files_fasta\/KT185451\.1_results\/PROKKA_10092018\.gbk
[15:28:47] Deleting unwanted file: plasmid_files_fasta/KT185451.1_results/PROKKA_10092018.gbf
[15:28:47] Output files:
[15:28:47] plasmid_files_fasta/KT185451.1_results/PROKKA_10092018.ffn
[15:28:47] plasmid_files_fasta/KT185451.1_results/PROKKA_10092018.tbl
[15:28:47] plasmid_files_fasta/KT185451.1_results/PROKKA_10092018.log
[15:28:47] plasmid_files_fasta/KT185451.1_results/PROKKA_10092018.fna
[15:28:47] plasmid_files_fasta/KT185451.1_results/PROKKA_10092018.fsa
[15:28:47] plasmid_files_fasta/KT185451.1_results/PROKKA_10092018.tsv
[15:28:47] plasmid_files_fasta/KT185451.1_results/PROKKA_10092018.faa
[15:28:47] plasmid_files_fasta/KT185451.1_results/PROKKA_10092018.gbk
[15:28:47] plasmid_files_fasta/KT185451.1_results/PROKKA_10092018.sqn
[15:28:47] plasmid_files_fasta/KT185451.1_results/PROKKA_10092018.err
[15:28:47] plasmid_files_fasta/KT185451.1_results/PROKKA_10092018.txt
[15:28:47] plasmid_files_fasta/KT185451.1_results/PROKKA_10092018.gff
[15:28:47] Annotation finished successfully.
[15:28:47] Walltime used: 0.07 minutes
[15:28:47] If you use this result please cite the Prokka paper:
[15:28:47] Seemann T (2014) Prokka: rapid prokaryotic genome annotation. Bioinformatics. 30(14):2068-9.
[15:28:47] Type 'prokka --citation' for more details.
[15:28:47] Thank you, come again.
