[15:18:27] This is prokka 1.14-dev
[15:18:27] Written by Torsten Seemann <torsten.seemann@gmail.com>
[15:18:27] Homepage is https://github.com/tseemann/prokka
[15:18:27] Local time is Tue Oct  9 15:18:27 2018
[15:18:27] You are christian
[15:18:27] Operating system is linux
[15:18:27] You have BioPerl 1.007002
[15:18:27] System has 20 cores.
[15:18:27] Will use maximum of 20 cores.
[15:18:27] Annotating as >>> Bacteria <<<
[15:18:27] Generating locus_tag from 'plasmid_files_fasta/CP021734.1.fasta' contents.
[15:18:27] Setting --locustag MLEKNIDP from MD5 65e472d938d3287af3ed8d71a9844ecd
[15:18:27] Creating new output folder: plasmid_files_fasta/CP021734.1_results
[15:18:27] Running: mkdir -p plasmid_files_fasta\/CP021734\.1_results
[15:18:27] Using filename prefix: PROKKA_10092018.XXX
[15:18:27] Setting HMMER_NCPU=1
[15:18:27] Writing log to: plasmid_files_fasta/CP021734.1_results/PROKKA_10092018.log
[15:18:27] Command: /home/christian/install/prokka/bin/prokka plasmid_files_fasta/CP021734.1.fasta --outdir plasmid_files_fasta/CP021734.1_results --cpus 20 --force
[15:18:27] Appending to PATH: /home/christian/install/prokka/bin/../binaries/linux
[15:18:27] Appending to PATH: /home/christian/install/prokka/bin/../binaries/linux/../common
[15:18:27] Appending to PATH: /home/christian/install/prokka/bin
[15:18:27] Looking for 'aragorn' - found /home/christian/install/prokka/bin/../binaries/linux/aragorn
[15:18:27] Determined aragorn version is 1.2
[15:18:27] Looking for 'blastp' - found /usr/bin/blastp
[15:18:27] Determined blastp version is 2.2
[15:18:27] Looking for 'cmpress' - found /usr/local/bin/cmpress
[15:18:27] Determined cmpress version is 1.1
[15:18:27] Looking for 'cmscan' - found /usr/local/bin/cmscan
[15:18:27] Determined cmscan version is 1.1
[15:18:27] Looking for 'egrep' - found /bin/egrep
[15:18:27] Looking for 'find' - found /usr/bin/find
[15:18:27] Looking for 'grep' - found /bin/grep
[15:18:27] Looking for 'hmmpress' - found /usr/local/bin/hmmpress
[15:18:27] Determined hmmpress version is 3.1
[15:18:27] Looking for 'hmmscan' - found /usr/local/bin/hmmscan
[15:18:27] Determined hmmscan version is 3.1
[15:18:27] Looking for 'java' - found /usr/bin/java
[15:18:27] Looking for 'less' - found /usr/bin/less
[15:18:27] Looking for 'makeblastdb' - found /usr/bin/makeblastdb
[15:18:27] Determined makeblastdb version is 2.2
[15:18:27] Looking for 'minced' - found /home/christian/install/prokka/bin/../binaries/linux/../common/minced
[15:18:27] Determined minced version is 2.0
[15:18:27] Looking for 'parallel' - found /usr/bin/parallel
[15:18:27] Determined parallel version is 20141022
[15:18:27] Looking for 'prodigal' - found /usr/local/bin/prodigal
[15:18:27] Determined prodigal version is 2.6
[15:18:27] Looking for 'prokka-genbank_to_fasta_db' - found /home/christian/install/prokka/bin/prokka-genbank_to_fasta_db
[15:18:27] Looking for 'sed' - found /bin/sed
[15:18:27] Looking for 'tbl2asn' - found /home/christian/install/prokka/bin/../binaries/linux/tbl2asn
[15:18:27] Determined tbl2asn version is 25.6
[15:18:27] Using genetic code table 11.
[15:18:27] Loading and checking input file: plasmid_files_fasta/CP021734.1.fasta
[15:18:27] Wrote 1 contigs totalling 85195 bp.
[15:18:27] Predicting tRNAs and tmRNAs
[15:18:27] Running: aragorn -l -gc11  -w plasmid_files_fasta\/CP021734\.1_results\/PROKKA_10092018\.fna
[15:18:28] Found 0 tRNAs
[15:18:28] Predicting Ribosomal RNAs
[15:18:28] You need either Barrnap or RNAmmer installed to predict rRNAs!
[15:18:28] Skipping ncRNA search, enable with --rfam if desired.
[15:18:28] Total of 0 tRNA + rRNA features
[15:18:28] Searching for CRISPR repeats
[15:18:28] Found 0 CRISPRs
[15:18:28] Predicting coding sequences
[15:18:28] Contigs total 85195 bp, so using meta mode
[15:18:28] Running: prodigal -i plasmid_files_fasta\/CP021734\.1_results\/PROKKA_10092018\.fna -c -m -g 11 -p meta -f sco -q
[15:18:29] Found 99 CDS
[15:18:29] Connecting features back to sequences
[15:18:29] Not using genus-specific database. Try --usegenus to enable it.
[15:18:29] Annotating CDS, please be patient.
[15:18:29] Will use 20 CPUs for similarity searching.
[15:18:29] There are still 99 unannotated CDS left (started with 99)
[15:18:29] Will use blast to search against /home/christian/install/prokka/db/kingdom/Bacteria/sprot with 20 CPUs
[15:18:29] Running: cat plasmid_files_fasta\/CP021734\.1_results\/sprot\.faa | parallel --gnu --plain -j 20 --block 616 --recstart '>' --pipe blastp -query - -db /home/christian/install/prokka/db/kingdom/Bacteria/sprot -evalue 1e-06 -num_threads 1 -num_descriptions 1 -num_alignments 1 -seg no > plasmid_files_fasta\/CP021734\.1_results\/sprot\.blast 2> /dev/null
[15:18:29] Modify product: Uncharacterized HTH-type transcriptional regulator YddM => putative HTH-type transcriptional regulator YddM
[15:18:30] Cleaned 1 /product names
[15:18:30] Deleting unwanted file: plasmid_files_fasta/CP021734.1_results/sprot.faa
[15:18:30] Deleting unwanted file: plasmid_files_fasta/CP021734.1_results/sprot.blast
[15:18:30] There are still 55 unannotated CDS left (started with 99)
[15:18:30] Will use hmmer3 to search against /home/christian/install/prokka/db/hmm/HAMAP.hmm with 20 CPUs
[15:18:30] Running: cat plasmid_files_fasta\/CP021734\.1_results\/HAMAP\.hmm\.faa | parallel --gnu --plain -j 20 --block 282 --recstart '>' --pipe hmmscan --noali --notextw --acc -E 1e-06 --cpu 1 /home/christian/install/prokka/db/hmm/HAMAP.hmm /dev/stdin > plasmid_files_fasta\/CP021734\.1_results\/HAMAP\.hmm\.hmmer3 2> /dev/null
[15:18:30] Deleting unwanted file: plasmid_files_fasta/CP021734.1_results/HAMAP.hmm.faa
[15:18:30] Deleting unwanted file: plasmid_files_fasta/CP021734.1_results/HAMAP.hmm.hmmer3
[15:18:30] Labelling remaining 55 proteins as 'hypothetical protein'
[15:18:30] Found 33 unique /gene codes.
[15:18:30] Fixed 2 duplicate /gene - pld_1 pld_2
[15:18:30] Fixed 2 duplicate /gene - virB4_1 virB4_2
[15:18:30] Fixed 2 duplicate /gene - xerD_1 xerD_2
[15:18:30] Fixed 2 duplicate /gene - virB6_1 virB6_2
[15:18:30] Fixed 2 duplicate /gene - bla_1 bla_2
[15:18:30] Fixed 2 duplicate /gene - virB9_1 virB9_2
[15:18:30] Fixed 6 colliding /gene names.
[15:18:30] Adding /locus_tag identifiers
[15:18:30] Assigned 99 locus_tags to CDS and RNA features.
[15:18:30] Writing outputs to plasmid_files_fasta/CP021734.1_results/
[15:18:30] Generating annotation statistics file
[15:18:30] Generating Genbank and Sequin files
[15:18:30] Running: tbl2asn -V b -a r10k -l paired-ends -M n -N 1 -y 'Annotated using prokka 1.14-dev from https://github.com/tseemann/prokka' -Z plasmid_files_fasta\/CP021734\.1_results\/PROKKA_10092018\.err -i plasmid_files_fasta\/CP021734\.1_results\/PROKKA_10092018\.fsa 2> /dev/null
[15:18:30] Deleting unwanted file: plasmid_files_fasta/CP021734.1_results/errorsummary.val
[15:18:30] Deleting unwanted file: plasmid_files_fasta/CP021734.1_results/PROKKA_10092018.dr
[15:18:30] Deleting unwanted file: plasmid_files_fasta/CP021734.1_results/PROKKA_10092018.fixedproducts
[15:18:30] Deleting unwanted file: plasmid_files_fasta/CP021734.1_results/PROKKA_10092018.ecn
[15:18:30] Deleting unwanted file: plasmid_files_fasta/CP021734.1_results/PROKKA_10092018.val
[15:18:30] Repairing broken .GBK output that tbl2asn produces...
[15:18:30] Running: sed 's/COORDINATES: profile/COORDINATES:profile/' < plasmid_files_fasta\/CP021734\.1_results\/PROKKA_10092018\.gbf > plasmid_files_fasta\/CP021734\.1_results\/PROKKA_10092018\.gbk
[15:18:30] Deleting unwanted file: plasmid_files_fasta/CP021734.1_results/PROKKA_10092018.gbf
[15:18:30] Output files:
[15:18:30] plasmid_files_fasta/CP021734.1_results/PROKKA_10092018.ffn
[15:18:30] plasmid_files_fasta/CP021734.1_results/PROKKA_10092018.tbl
[15:18:30] plasmid_files_fasta/CP021734.1_results/PROKKA_10092018.log
[15:18:30] plasmid_files_fasta/CP021734.1_results/PROKKA_10092018.fna
[15:18:30] plasmid_files_fasta/CP021734.1_results/PROKKA_10092018.fsa
[15:18:30] plasmid_files_fasta/CP021734.1_results/PROKKA_10092018.tsv
[15:18:30] plasmid_files_fasta/CP021734.1_results/PROKKA_10092018.faa
[15:18:30] plasmid_files_fasta/CP021734.1_results/PROKKA_10092018.gbk
[15:18:30] plasmid_files_fasta/CP021734.1_results/PROKKA_10092018.sqn
[15:18:30] plasmid_files_fasta/CP021734.1_results/PROKKA_10092018.err
[15:18:30] plasmid_files_fasta/CP021734.1_results/PROKKA_10092018.txt
[15:18:30] plasmid_files_fasta/CP021734.1_results/PROKKA_10092018.gff
[15:18:30] Annotation finished successfully.
[15:18:30] Walltime used: 0.05 minutes
[15:18:30] If you use this result please cite the Prokka paper:
[15:18:30] Seemann T (2014) Prokka: rapid prokaryotic genome annotation. Bioinformatics. 30(14):2068-9.
[15:18:30] Type 'prokka --citation' for more details.
[15:18:30] Share and enjoy!
