Discrepancy Report Results

Summary
FATAL: MISSING_PROTEIN_ID:131 proteins have invalid IDs.
DISC_SOURCE_QUALS_ASNDISC:strain (all present, all unique)
DISC_SOURCE_QUALS_ASNDISC:taxname (all present, all unique)
DISC_FEATURE_COUNT:CDS: 131 present
DISC_FEATURE_COUNT:tRNA: 1 present
DISC_COUNT_NUCLEOTIDES:1 nucleotide Bioseqs are present
FEATURE_LOCATION_CONFLICT:132 features have inconsistent gene locations.
SUSPECT_PRODUCT_NAMES:1 product_names contain suspect phrase or characters
	May contain database identifier more appropriate in note; remove from product name
		1 features Three or more numbers together
DISC_QUALITY_SCORES:Quality scores are missing on all sequences.
ONCALLER_COMMENT_PRESENT:1 comment descriptors were found (all same)
SHORT_PROT_SEQUENCES:2 protein sequences are shorter than 50 aa.
MISSING_GENOMEASSEMBLY_COMMENTS:1 bioseqs are missing GenomeAssembly structured comments
MOLTYPE_NOT_MRNA:1 molecule types are not set as mRNA.
TECHNIQUE_NOT_TSA:1 technique are not set as TSA
MISSING_STRUCTURED_COMMENT:1 sequences do not include structured comments.
MISSING_PROJECT:132 sequences do not include project.
DISC_INCONSISTENT_MOLINFO_TECH:Molinfo Technique Report (some missing, all same)


Detailed Report

FATAL: DiscRep_ALL:MISSING_PROTEIN_ID::131 proteins have invalid IDs.
plasmid_files_fasta/CP023725.1_results/PROKKA_10092018:CP023725.1_1 (length 303)
plasmid_files_fasta/CP023725.1_results/PROKKA_10092018:CP023725.1_2 (length 423)
plasmid_files_fasta/CP023725.1_results/PROKKA_10092018:CP023725.1_3 (length 140)
plasmid_files_fasta/CP023725.1_results/PROKKA_10092018:CP023725.1_4 (length 223)
plasmid_files_fasta/CP023725.1_results/PROKKA_10092018:CP023725.1_5 (length 225)
plasmid_files_fasta/CP023725.1_results/PROKKA_10092018:CP023725.1_6 (length 73)
plasmid_files_fasta/CP023725.1_results/PROKKA_10092018:CP023725.1_7 (length 139)
plasmid_files_fasta/CP023725.1_results/PROKKA_10092018:CP023725.1_8 (length 259)
plasmid_files_fasta/CP023725.1_results/PROKKA_10092018:CP023725.1_9 (length 168)
plasmid_files_fasta/CP023725.1_results/PROKKA_10092018:CP023725.1_10 (length 63)
plasmid_files_fasta/CP023725.1_results/PROKKA_10092018:CP023725.1_11 (length 78)
plasmid_files_fasta/CP023725.1_results/PROKKA_10092018:CP023725.1_12 (length 86)
plasmid_files_fasta/CP023725.1_results/PROKKA_10092018:CP023725.1_13 (length 50)
plasmid_files_fasta/CP023725.1_results/PROKKA_10092018:CP023725.1_14 (length 100)
plasmid_files_fasta/CP023725.1_results/PROKKA_10092018:CP023725.1_15 (length 76)
plasmid_files_fasta/CP023725.1_results/PROKKA_10092018:CP023725.1_16 (length 220)
plasmid_files_fasta/CP023725.1_results/PROKKA_10092018:CP023725.1_17 (length 432)
plasmid_files_fasta/CP023725.1_results/PROKKA_10092018:CP023725.1_18 (length 143)
plasmid_files_fasta/CP023725.1_results/PROKKA_10092018:CP023725.1_19 (length 242)
plasmid_files_fasta/CP023725.1_results/PROKKA_10092018:CP023725.1_20 (length 107)
plasmid_files_fasta/CP023725.1_results/PROKKA_10092018:CP023725.1_21 (length 119)
plasmid_files_fasta/CP023725.1_results/PROKKA_10092018:CP023725.1_22 (length 124)
plasmid_files_fasta/CP023725.1_results/PROKKA_10092018:CP023725.1_23 (length 330)
plasmid_files_fasta/CP023725.1_results/PROKKA_10092018:CP023725.1_24 (length 92)
plasmid_files_fasta/CP023725.1_results/PROKKA_10092018:CP023725.1_25 (length 106)
plasmid_files_fasta/CP023725.1_results/PROKKA_10092018:CP023725.1_26 (length 74)
plasmid_files_fasta/CP023725.1_results/PROKKA_10092018:CP023725.1_27 (length 70)
plasmid_files_fasta/CP023725.1_results/PROKKA_10092018:CP023725.1_28 (length 118)
plasmid_files_fasta/CP023725.1_results/PROKKA_10092018:CP023725.1_29 (length 105)
plasmid_files_fasta/CP023725.1_results/PROKKA_10092018:CP023725.1_30 (length 116)
plasmid_files_fasta/CP023725.1_results/PROKKA_10092018:CP023725.1_31 (length 90)
plasmid_files_fasta/CP023725.1_results/PROKKA_10092018:CP023725.1_32 (length 52)
plasmid_files_fasta/CP023725.1_results/PROKKA_10092018:CP023725.1_33 (length 124)
plasmid_files_fasta/CP023725.1_results/PROKKA_10092018:CP023725.1_34 (length 108)
plasmid_files_fasta/CP023725.1_results/PROKKA_10092018:CP023725.1_35 (length 242)
plasmid_files_fasta/CP023725.1_results/PROKKA_10092018:CP023725.1_36 (length 143)
plasmid_files_fasta/CP023725.1_results/PROKKA_10092018:CP023725.1_37 (length 685)
plasmid_files_fasta/CP023725.1_results/PROKKA_10092018:CP023725.1_38 (length 82)
plasmid_files_fasta/CP023725.1_results/PROKKA_10092018:CP023725.1_39 (length 180)
plasmid_files_fasta/CP023725.1_results/PROKKA_10092018:CP023725.1_40 (length 108)
plasmid_files_fasta/CP023725.1_results/PROKKA_10092018:CP023725.1_41 (length 106)
plasmid_files_fasta/CP023725.1_results/PROKKA_10092018:CP023725.1_42 (length 187)
plasmid_files_fasta/CP023725.1_results/PROKKA_10092018:CP023725.1_43 (length 451)
plasmid_files_fasta/CP023725.1_results/PROKKA_10092018:CP023725.1_44 (length 76)
plasmid_files_fasta/CP023725.1_results/PROKKA_10092018:CP023725.1_45 (length 75)
plasmid_files_fasta/CP023725.1_results/PROKKA_10092018:CP023725.1_46 (length 85)
plasmid_files_fasta/CP023725.1_results/PROKKA_10092018:CP023725.1_47 (length 106)
plasmid_files_fasta/CP023725.1_results/PROKKA_10092018:CP023725.1_48 (length 84)
plasmid_files_fasta/CP023725.1_results/PROKKA_10092018:CP023725.1_49 (length 63)
plasmid_files_fasta/CP023725.1_results/PROKKA_10092018:CP023725.1_50 (length 168)
plasmid_files_fasta/CP023725.1_results/PROKKA_10092018:CP023725.1_51 (length 142)
plasmid_files_fasta/CP023725.1_results/PROKKA_10092018:CP023725.1_52 (length 255)
plasmid_files_fasta/CP023725.1_results/PROKKA_10092018:CP023725.1_53 (length 139)
plasmid_files_fasta/CP023725.1_results/PROKKA_10092018:CP023725.1_54 (length 73)
plasmid_files_fasta/CP023725.1_results/PROKKA_10092018:CP023725.1_55 (length 233)
plasmid_files_fasta/CP023725.1_results/PROKKA_10092018:CP023725.1_56 (length 76)
plasmid_files_fasta/CP023725.1_results/PROKKA_10092018:CP023725.1_57 (length 223)
plasmid_files_fasta/CP023725.1_results/PROKKA_10092018:CP023725.1_58 (length 323)
plasmid_files_fasta/CP023725.1_results/PROKKA_10092018:CP023725.1_59 (length 138)
plasmid_files_fasta/CP023725.1_results/PROKKA_10092018:CP023725.1_60 (length 200)
plasmid_files_fasta/CP023725.1_results/PROKKA_10092018:CP023725.1_61 (length 143)
plasmid_files_fasta/CP023725.1_results/PROKKA_10092018:CP023725.1_62 (length 423)
plasmid_files_fasta/CP023725.1_results/PROKKA_10092018:CP023725.1_63 (length 324)
plasmid_files_fasta/CP023725.1_results/PROKKA_10092018:CP023725.1_64 (length 338)
plasmid_files_fasta/CP023725.1_results/PROKKA_10092018:CP023725.1_65 (length 426)
plasmid_files_fasta/CP023725.1_results/PROKKA_10092018:CP023725.1_66 (length 240)
plasmid_files_fasta/CP023725.1_results/PROKKA_10092018:CP023725.1_67 (length 91)
plasmid_files_fasta/CP023725.1_results/PROKKA_10092018:CP023725.1_68 (length 85)
plasmid_files_fasta/CP023725.1_results/PROKKA_10092018:CP023725.1_69 (length 259)
plasmid_files_fasta/CP023725.1_results/PROKKA_10092018:CP023725.1_70 (length 334)
plasmid_files_fasta/CP023725.1_results/PROKKA_10092018:CP023725.1_71 (length 173)
plasmid_files_fasta/CP023725.1_results/PROKKA_10092018:CP023725.1_72 (length 130)
plasmid_files_fasta/CP023725.1_results/PROKKA_10092018:CP023725.1_73 (length 314)
plasmid_files_fasta/CP023725.1_results/PROKKA_10092018:CP023725.1_74 (length 76)
plasmid_files_fasta/CP023725.1_results/PROKKA_10092018:CP023725.1_75 (length 123)
plasmid_files_fasta/CP023725.1_results/PROKKA_10092018:CP023725.1_76 (length 520)
plasmid_files_fasta/CP023725.1_results/PROKKA_10092018:CP023725.1_77 (length 340)
plasmid_files_fasta/CP023725.1_results/PROKKA_10092018:CP023725.1_78 (length 167)
plasmid_files_fasta/CP023725.1_results/PROKKA_10092018:CP023725.1_79 (length 49)
plasmid_files_fasta/CP023725.1_results/PROKKA_10092018:CP023725.1_80 (length 82)
plasmid_files_fasta/CP023725.1_results/PROKKA_10092018:CP023725.1_81 (length 285)
plasmid_files_fasta/CP023725.1_results/PROKKA_10092018:CP023725.1_82 (length 203)
plasmid_files_fasta/CP023725.1_results/PROKKA_10092018:CP023725.1_83 (length 85)
plasmid_files_fasta/CP023725.1_results/PROKKA_10092018:CP023725.1_84 (length 110)
plasmid_files_fasta/CP023725.1_results/PROKKA_10092018:CP023725.1_85 (length 71)
plasmid_files_fasta/CP023725.1_results/PROKKA_10092018:CP023725.1_86 (length 201)
plasmid_files_fasta/CP023725.1_results/PROKKA_10092018:CP023725.1_87 (length 234)
plasmid_files_fasta/CP023725.1_results/PROKKA_10092018:CP023725.1_88 (length 191)
plasmid_files_fasta/CP023725.1_results/PROKKA_10092018:CP023725.1_89 (length 205)
plasmid_files_fasta/CP023725.1_results/PROKKA_10092018:CP023725.1_90 (length 175)
plasmid_files_fasta/CP023725.1_results/PROKKA_10092018:CP023725.1_91 (length 50)
plasmid_files_fasta/CP023725.1_results/PROKKA_10092018:CP023725.1_92 (length 238)
plasmid_files_fasta/CP023725.1_results/PROKKA_10092018:CP023725.1_93 (length 491)
plasmid_files_fasta/CP023725.1_results/PROKKA_10092018:CP023725.1_94 (length 64)
plasmid_files_fasta/CP023725.1_results/PROKKA_10092018:CP023725.1_95 (length 340)
plasmid_files_fasta/CP023725.1_results/PROKKA_10092018:CP023725.1_96 (length 239)
plasmid_files_fasta/CP023725.1_results/PROKKA_10092018:CP023725.1_97 (length 113)
plasmid_files_fasta/CP023725.1_results/PROKKA_10092018:CP023725.1_98 (length 263)
plasmid_files_fasta/CP023725.1_results/PROKKA_10092018:CP023725.1_99 (length 167)
plasmid_files_fasta/CP023725.1_results/PROKKA_10092018:CP023725.1_100 (length 234)
plasmid_files_fasta/CP023725.1_results/PROKKA_10092018:CP023725.1_101 (length 191)
plasmid_files_fasta/CP023725.1_results/PROKKA_10092018:CP023725.1_102 (length 205)
plasmid_files_fasta/CP023725.1_results/PROKKA_10092018:CP023725.1_103 (length 133)
plasmid_files_fasta/CP023725.1_results/PROKKA_10092018:CP023725.1_104 (length 137)
plasmid_files_fasta/CP023725.1_results/PROKKA_10092018:CP023725.1_105 (length 131)
plasmid_files_fasta/CP023725.1_results/PROKKA_10092018:CP023725.1_106 (length 37)
plasmid_files_fasta/CP023725.1_results/PROKKA_10092018:CP023725.1_107 (length 293)
plasmid_files_fasta/CP023725.1_results/PROKKA_10092018:CP023725.1_108 (length 326)
plasmid_files_fasta/CP023725.1_results/PROKKA_10092018:CP023725.1_109 (length 98)
plasmid_files_fasta/CP023725.1_results/PROKKA_10092018:CP023725.1_110 (length 51)
plasmid_files_fasta/CP023725.1_results/PROKKA_10092018:CP023725.1_111 (length 140)
plasmid_files_fasta/CP023725.1_results/PROKKA_10092018:CP023725.1_112 (length 92)
plasmid_files_fasta/CP023725.1_results/PROKKA_10092018:CP023725.1_113 (length 142)
plasmid_files_fasta/CP023725.1_results/PROKKA_10092018:CP023725.1_114 (length 342)
plasmid_files_fasta/CP023725.1_results/PROKKA_10092018:CP023725.1_115 (length 163)
plasmid_files_fasta/CP023725.1_results/PROKKA_10092018:CP023725.1_116 (length 206)
plasmid_files_fasta/CP023725.1_results/PROKKA_10092018:CP023725.1_117 (length 443)
plasmid_files_fasta/CP023725.1_results/PROKKA_10092018:CP023725.1_118 (length 1711)
plasmid_files_fasta/CP023725.1_results/PROKKA_10092018:CP023725.1_119 (length 206)
plasmid_files_fasta/CP023725.1_results/PROKKA_10092018:CP023725.1_120 (length 298)
plasmid_files_fasta/CP023725.1_results/PROKKA_10092018:CP023725.1_121 (length 245)
plasmid_files_fasta/CP023725.1_results/PROKKA_10092018:CP023725.1_122 (length 244)
plasmid_files_fasta/CP023725.1_results/PROKKA_10092018:CP023725.1_123 (length 173)
plasmid_files_fasta/CP023725.1_results/PROKKA_10092018:CP023725.1_124 (length 938)
plasmid_files_fasta/CP023725.1_results/PROKKA_10092018:CP023725.1_125 (length 231)
plasmid_files_fasta/CP023725.1_results/PROKKA_10092018:CP023725.1_126 (length 155)
plasmid_files_fasta/CP023725.1_results/PROKKA_10092018:CP023725.1_127 (length 203)
plasmid_files_fasta/CP023725.1_results/PROKKA_10092018:CP023725.1_128 (length 316)
plasmid_files_fasta/CP023725.1_results/PROKKA_10092018:CP023725.1_129 (length 66)
plasmid_files_fasta/CP023725.1_results/PROKKA_10092018:CP023725.1_130 (length 210)
plasmid_files_fasta/CP023725.1_results/PROKKA_10092018:CP023725.1_131 (length 401)

DiscRep_ALL:DISC_SOURCE_QUALS_ASNDISC::strain (all present, all unique)
DiscRep_SUB:DISC_SOURCE_QUALS_ASNDISC::1 sources have unique values for strain
DiscRep_ALL:DISC_SOURCE_QUALS_ASNDISC::taxname (all present, all unique)
DiscRep_SUB:DISC_SOURCE_QUALS_ASNDISC::1 sources have unique values for taxname
DiscRep_ALL:DISC_FEATURE_COUNT::CDS: 131 present
DiscRep_ALL:DISC_FEATURE_COUNT::tRNA: 1 present
DiscRep_ALL:DISC_COUNT_NUCLEOTIDES::1 nucleotide Bioseqs are present
plasmid_files_fasta/CP023725.1_results/PROKKA_10092018:CP023725.1 (length 103454)

DiscRep_ALL:FEATURE_LOCATION_CONFLICT::132 features have inconsistent gene locations.
DiscRep_SUB:FEATURE_LOCATION_CONFLICT::Coding region xref gene does not exist
plasmid_files_fasta/CP023725.1_results/PROKKA_10092018:CDS	Virulence regulon transcriptional activator VirB	CP023725.1:11-922	CNNAOPIG_00001

DiscRep_SUB:FEATURE_LOCATION_CONFLICT::Coding region xref gene does not exist
plasmid_files_fasta/CP023725.1_results/PROKKA_10092018:CDS	Protein UmuC	CP023725.1:c2329-1058	CNNAOPIG_00002

DiscRep_SUB:FEATURE_LOCATION_CONFLICT::Coding region xref gene does not exist
plasmid_files_fasta/CP023725.1_results/PROKKA_10092018:CDS	Protein UmuD	CP023725.1:c2751-2329	CNNAOPIG_00003

DiscRep_SUB:FEATURE_LOCATION_CONFLICT::Coding region xref gene does not exist
plasmid_files_fasta/CP023725.1_results/PROKKA_10092018:CDS	Putative SOS response-associated peptidase YedK	CP023725.1:c3602-2931	CNNAOPIG_00004

DiscRep_SUB:FEATURE_LOCATION_CONFLICT::Coding region xref gene does not exist
plasmid_files_fasta/CP023725.1_results/PROKKA_10092018:CDS	DNA adenine methyltransferase YhdJ	CP023725.1:3961-4638	CNNAOPIG_00005

DiscRep_SUB:FEATURE_LOCATION_CONFLICT::Coding region xref gene does not exist
plasmid_files_fasta/CP023725.1_results/PROKKA_10092018:CDS	hypothetical protein	CP023725.1:4638-4859	CNNAOPIG_00006

DiscRep_SUB:FEATURE_LOCATION_CONFLICT::Coding region xref gene does not exist
plasmid_files_fasta/CP023725.1_results/PROKKA_10092018:CDS	hypothetical protein	CP023725.1:4870-5289	CNNAOPIG_00007

DiscRep_SUB:FEATURE_LOCATION_CONFLICT::Coding region xref gene does not exist
plasmid_files_fasta/CP023725.1_results/PROKKA_10092018:CDS	hypothetical protein	CP023725.1:5343-6122	CNNAOPIG_00008

DiscRep_SUB:FEATURE_LOCATION_CONFLICT::Coding region xref gene does not exist
plasmid_files_fasta/CP023725.1_results/PROKKA_10092018:CDS	hypothetical protein	CP023725.1:6527-7033	CNNAOPIG_00009

DiscRep_SUB:FEATURE_LOCATION_CONFLICT::Coding region xref gene does not exist
plasmid_files_fasta/CP023725.1_results/PROKKA_10092018:CDS	hypothetical protein	CP023725.1:7076-7267	CNNAOPIG_00010

DiscRep_SUB:FEATURE_LOCATION_CONFLICT::Coding region xref gene does not exist
plasmid_files_fasta/CP023725.1_results/PROKKA_10092018:CDS	hypothetical protein	CP023725.1:7270-7506	CNNAOPIG_00011

DiscRep_SUB:FEATURE_LOCATION_CONFLICT::Coding region xref gene does not exist
plasmid_files_fasta/CP023725.1_results/PROKKA_10092018:CDS	DNA polymerase III subunit theta	CP023725.1:7454-7714	CNNAOPIG_00012

DiscRep_SUB:FEATURE_LOCATION_CONFLICT::Coding region xref gene does not exist
plasmid_files_fasta/CP023725.1_results/PROKKA_10092018:CDS	hypothetical protein	CP023725.1:7749-7901	CNNAOPIG_00013

DiscRep_SUB:FEATURE_LOCATION_CONFLICT::Coding region xref gene does not exist
plasmid_files_fasta/CP023725.1_results/PROKKA_10092018:CDS	hypothetical protein	CP023725.1:c8407-8105	CNNAOPIG_00014

DiscRep_SUB:FEATURE_LOCATION_CONFLICT::Coding region xref gene does not exist
plasmid_files_fasta/CP023725.1_results/PROKKA_10092018:CDS	hypothetical protein	CP023725.1:8692-8922	CNNAOPIG_00015

DiscRep_SUB:FEATURE_LOCATION_CONFLICT::Coding region xref gene does not exist
plasmid_files_fasta/CP023725.1_results/PROKKA_10092018:CDS	Chromosome-partitioning protein Spo0J	CP023725.1:8993-9655	CNNAOPIG_00016

DiscRep_SUB:FEATURE_LOCATION_CONFLICT::Coding region xref gene does not exist
plasmid_files_fasta/CP023725.1_results/PROKKA_10092018:CDS	hypothetical protein	CP023725.1:9704-11002	CNNAOPIG_00017

DiscRep_SUB:FEATURE_LOCATION_CONFLICT::Coding region xref gene does not exist
plasmid_files_fasta/CP023725.1_results/PROKKA_10092018:CDS	Protein PsiB	CP023725.1:11045-11476	CNNAOPIG_00018

DiscRep_SUB:FEATURE_LOCATION_CONFLICT::Coding region xref gene does not exist
plasmid_files_fasta/CP023725.1_results/PROKKA_10092018:CDS	hypothetical protein	CP023725.1:11473-12201	CNNAOPIG_00019

DiscRep_SUB:FEATURE_LOCATION_CONFLICT::Coding region xref gene does not exist
plasmid_files_fasta/CP023725.1_results/PROKKA_10092018:CDS	hypothetical protein	CP023725.1:12198-12521	CNNAOPIG_00020

DiscRep_SUB:FEATURE_LOCATION_CONFLICT::Coding region xref gene does not exist
plasmid_files_fasta/CP023725.1_results/PROKKA_10092018:CDS	hypothetical protein	CP023725.1:12583-12942	CNNAOPIG_00021

DiscRep_SUB:FEATURE_LOCATION_CONFLICT::Coding region xref gene does not exist
plasmid_files_fasta/CP023725.1_results/PROKKA_10092018:CDS	hypothetical protein	CP023725.1:13568-13942	CNNAOPIG_00022

DiscRep_SUB:FEATURE_LOCATION_CONFLICT::Coding region xref gene does not exist
plasmid_files_fasta/CP023725.1_results/PROKKA_10092018:CDS	hypothetical protein	CP023725.1:c14970-13978	CNNAOPIG_00023

DiscRep_SUB:FEATURE_LOCATION_CONFLICT::Coding region xref gene does not exist
plasmid_files_fasta/CP023725.1_results/PROKKA_10092018:CDS	Antitoxin HigA1	CP023725.1:c16335-16057	CNNAOPIG_00024

DiscRep_SUB:FEATURE_LOCATION_CONFLICT::Coding region xref gene does not exist
plasmid_files_fasta/CP023725.1_results/PROKKA_10092018:CDS	hypothetical protein	CP023725.1:c16645-16325	CNNAOPIG_00025

DiscRep_SUB:FEATURE_LOCATION_CONFLICT::Coding region xref gene does not exist
plasmid_files_fasta/CP023725.1_results/PROKKA_10092018:CDS	hypothetical protein	CP023725.1:c16950-16726	CNNAOPIG_00026

DiscRep_SUB:FEATURE_LOCATION_CONFLICT::Coding region xref gene does not exist
plasmid_files_fasta/CP023725.1_results/PROKKA_10092018:CDS	hypothetical protein	CP023725.1:c17173-16961	CNNAOPIG_00027

DiscRep_SUB:FEATURE_LOCATION_CONFLICT::Coding region xref gene does not exist
plasmid_files_fasta/CP023725.1_results/PROKKA_10092018:CDS	hypothetical protein	CP023725.1:c17590-17234	CNNAOPIG_00028

DiscRep_SUB:FEATURE_LOCATION_CONFLICT::Coding region xref gene does not exist
plasmid_files_fasta/CP023725.1_results/PROKKA_10092018:CDS	hypothetical protein	CP023725.1:c18748-18431	CNNAOPIG_00029

DiscRep_SUB:FEATURE_LOCATION_CONFLICT::Coding region xref gene does not exist
plasmid_files_fasta/CP023725.1_results/PROKKA_10092018:CDS	hypothetical protein	CP023725.1:c19113-18763	CNNAOPIG_00030

DiscRep_SUB:FEATURE_LOCATION_CONFLICT::Coding region xref gene does not exist
plasmid_files_fasta/CP023725.1_results/PROKKA_10092018:CDS	hypothetical protein	CP023725.1:c19382-19110	CNNAOPIG_00031

DiscRep_SUB:FEATURE_LOCATION_CONFLICT::Coding region xref gene does not exist
plasmid_files_fasta/CP023725.1_results/PROKKA_10092018:CDS	Stable plasmid inheritance protein	CP023725.1:c20233-20075	CNNAOPIG_00032

DiscRep_SUB:FEATURE_LOCATION_CONFLICT::Coding region xref gene does not exist
plasmid_files_fasta/CP023725.1_results/PROKKA_10092018:CDS	hypothetical protein	CP023725.1:c20835-20461	CNNAOPIG_00033

DiscRep_SUB:FEATURE_LOCATION_CONFLICT::Coding region xref gene does not exist
plasmid_files_fasta/CP023725.1_results/PROKKA_10092018:CDS	hypothetical protein	CP023725.1:c21217-20891	CNNAOPIG_00034

DiscRep_SUB:FEATURE_LOCATION_CONFLICT::Coding region xref gene does not exist
plasmid_files_fasta/CP023725.1_results/PROKKA_10092018:CDS	hypothetical protein	CP023725.1:c21942-21214	CNNAOPIG_00035

DiscRep_SUB:FEATURE_LOCATION_CONFLICT::Coding region xref gene does not exist
plasmid_files_fasta/CP023725.1_results/PROKKA_10092018:CDS	Protein PsiB	CP023725.1:c22370-21939	CNNAOPIG_00036

DiscRep_SUB:FEATURE_LOCATION_CONFLICT::Coding region xref gene does not exist
plasmid_files_fasta/CP023725.1_results/PROKKA_10092018:CDS	Chromosome-partitioning protein Spo0J	CP023725.1:c24472-22415	CNNAOPIG_00037

DiscRep_SUB:FEATURE_LOCATION_CONFLICT::Coding region xref gene does not exist
plasmid_files_fasta/CP023725.1_results/PROKKA_10092018:CDS	hypothetical protein	CP023725.1:c24790-24542	CNNAOPIG_00038

DiscRep_SUB:FEATURE_LOCATION_CONFLICT::Coding region xref gene does not exist
plasmid_files_fasta/CP023725.1_results/PROKKA_10092018:CDS	Plasmid-derived single-stranded DNA-binding protein	CP023725.1:c25381-24839	CNNAOPIG_00039

DiscRep_SUB:FEATURE_LOCATION_CONFLICT::Coding region xref gene does not exist
plasmid_files_fasta/CP023725.1_results/PROKKA_10092018:CDS	hypothetical protein	CP023725.1:25554-25880	CNNAOPIG_00040

DiscRep_SUB:FEATURE_LOCATION_CONFLICT::Coding region xref gene does not exist
plasmid_files_fasta/CP023725.1_results/PROKKA_10092018:CDS	hypothetical protein	CP023725.1:25999-26319	CNNAOPIG_00041

DiscRep_SUB:FEATURE_LOCATION_CONFLICT::Coding region xref gene does not exist
plasmid_files_fasta/CP023725.1_results/PROKKA_10092018:CDS	hypothetical protein	CP023725.1:c26777-26214	CNNAOPIG_00042

DiscRep_SUB:FEATURE_LOCATION_CONFLICT::Coding region xref gene does not exist
plasmid_files_fasta/CP023725.1_results/PROKKA_10092018:CDS	hypothetical protein	CP023725.1:c28180-26825	CNNAOPIG_00043

DiscRep_SUB:FEATURE_LOCATION_CONFLICT::Coding region xref gene does not exist
plasmid_files_fasta/CP023725.1_results/PROKKA_10092018:CDS	hypothetical protein	CP023725.1:c28462-28232	CNNAOPIG_00044

DiscRep_SUB:FEATURE_LOCATION_CONFLICT::Coding region xref gene does not exist
plasmid_files_fasta/CP023725.1_results/PROKKA_10092018:CDS	hypothetical protein	CP023725.1:c28781-28554	CNNAOPIG_00045

DiscRep_SUB:FEATURE_LOCATION_CONFLICT::Coding region xref gene does not exist
plasmid_files_fasta/CP023725.1_results/PROKKA_10092018:CDS	hypothetical protein	CP023725.1:28942-29199	CNNAOPIG_00046

DiscRep_SUB:FEATURE_LOCATION_CONFLICT::Coding region xref gene does not exist
plasmid_files_fasta/CP023725.1_results/PROKKA_10092018:CDS	hypothetical protein	CP023725.1:c29781-29461	CNNAOPIG_00047

DiscRep_SUB:FEATURE_LOCATION_CONFLICT::Coding region xref gene does not exist
plasmid_files_fasta/CP023725.1_results/PROKKA_10092018:CDS	DNA polymerase III subunit theta	CP023725.1:c30070-29816	CNNAOPIG_00048

DiscRep_SUB:FEATURE_LOCATION_CONFLICT::Coding region xref gene does not exist
plasmid_files_fasta/CP023725.1_results/PROKKA_10092018:CDS	hypothetical protein	CP023725.1:c30449-30258	CNNAOPIG_00049

DiscRep_SUB:FEATURE_LOCATION_CONFLICT::Coding region xref gene does not exist
plasmid_files_fasta/CP023725.1_results/PROKKA_10092018:CDS	hypothetical protein	CP023725.1:c30998-30492	CNNAOPIG_00050

DiscRep_SUB:FEATURE_LOCATION_CONFLICT::Coding region xref gene does not exist
plasmid_files_fasta/CP023725.1_results/PROKKA_10092018:CDS	Antirestriction protein KlcA	CP023725.1:c31469-31041	CNNAOPIG_00051

DiscRep_SUB:FEATURE_LOCATION_CONFLICT::Coding region xref gene does not exist
plasmid_files_fasta/CP023725.1_results/PROKKA_10092018:CDS	hypothetical protein	CP023725.1:c32917-32150	CNNAOPIG_00052

DiscRep_SUB:FEATURE_LOCATION_CONFLICT::Coding region xref gene does not exist
plasmid_files_fasta/CP023725.1_results/PROKKA_10092018:CDS	hypothetical protein	CP023725.1:c33390-32971	CNNAOPIG_00053

DiscRep_SUB:FEATURE_LOCATION_CONFLICT::Coding region xref gene does not exist
plasmid_files_fasta/CP023725.1_results/PROKKA_10092018:CDS	hypothetical protein	CP023725.1:c33621-33400	CNNAOPIG_00054

DiscRep_SUB:FEATURE_LOCATION_CONFLICT::Coding region xref gene does not exist
plasmid_files_fasta/CP023725.1_results/PROKKA_10092018:CDS	DNA adenine methyltransferase YhdJ	CP023725.1:c34322-33621	CNNAOPIG_00055

DiscRep_SUB:FEATURE_LOCATION_CONFLICT::Coding region xref gene does not exist
plasmid_files_fasta/CP023725.1_results/PROKKA_10092018:CDS	hypothetical protein	CP023725.1:c34989-34759	CNNAOPIG_00056

DiscRep_SUB:FEATURE_LOCATION_CONFLICT::Coding region xref gene does not exist
plasmid_files_fasta/CP023725.1_results/PROKKA_10092018:CDS	hypothetical protein	CP023725.1:c35723-35052	CNNAOPIG_00057

DiscRep_SUB:FEATURE_LOCATION_CONFLICT::Coding region xref gene does not exist
plasmid_files_fasta/CP023725.1_results/PROKKA_10092018:CDS	Plasmid segregation protein ParM	CP023725.1:c36697-35726	CNNAOPIG_00058

DiscRep_SUB:FEATURE_LOCATION_CONFLICT::Coding region xref gene does not exist
plasmid_files_fasta/CP023725.1_results/PROKKA_10092018:CDS	hypothetical protein	CP023725.1:37225-37641	CNNAOPIG_00059

DiscRep_SUB:FEATURE_LOCATION_CONFLICT::Coding region xref gene does not exist
plasmid_files_fasta/CP023725.1_results/PROKKA_10092018:CDS	hypothetical protein	CP023725.1:c38533-37931	CNNAOPIG_00060

DiscRep_SUB:FEATURE_LOCATION_CONFLICT::Coding region xref gene does not exist
plasmid_files_fasta/CP023725.1_results/PROKKA_10092018:CDS	Protein UmuD	CP023725.1:38840-39271	CNNAOPIG_00061

DiscRep_SUB:FEATURE_LOCATION_CONFLICT::Coding region xref gene does not exist
plasmid_files_fasta/CP023725.1_results/PROKKA_10092018:CDS	Protein UmuC	CP023725.1:39271-40542	CNNAOPIG_00062

DiscRep_SUB:FEATURE_LOCATION_CONFLICT::Coding region xref gene does not exist
plasmid_files_fasta/CP023725.1_results/PROKKA_10092018:CDS	Virulence regulon transcriptional activator VirB	CP023725.1:c41598-40624	CNNAOPIG_00063

DiscRep_SUB:FEATURE_LOCATION_CONFLICT::Coding region xref gene does not exist
plasmid_files_fasta/CP023725.1_results/PROKKA_10092018:CDS	Plasmid partition protein A	CP023725.1:c42614-41598	CNNAOPIG_00064

DiscRep_SUB:FEATURE_LOCATION_CONFLICT::Coding region xref gene does not exist
plasmid_files_fasta/CP023725.1_results/PROKKA_10092018:CDS	hypothetical protein	CP023725.1:42867-44147	CNNAOPIG_00065

DiscRep_SUB:FEATURE_LOCATION_CONFLICT::Coding region xref gene does not exist
plasmid_files_fasta/CP023725.1_results/PROKKA_10092018:CDS	Replication initiation protein	CP023725.1:c44895-44173	CNNAOPIG_00066

DiscRep_SUB:FEATURE_LOCATION_CONFLICT::Coding region xref gene does not exist
plasmid_files_fasta/CP023725.1_results/PROKKA_10092018:CDS	hypothetical protein	CP023725.1:45257-45532	CNNAOPIG_00067

DiscRep_SUB:FEATURE_LOCATION_CONFLICT::Coding region xref gene does not exist
plasmid_files_fasta/CP023725.1_results/PROKKA_10092018:CDS	hypothetical protein	CP023725.1:45817-46074	CNNAOPIG_00068

DiscRep_SUB:FEATURE_LOCATION_CONFLICT::Coding region xref gene does not exist
plasmid_files_fasta/CP023725.1_results/PROKKA_10092018:CDS	Tyrosine recombinase XerD	CP023725.1:c46899-46120	CNNAOPIG_00069

DiscRep_SUB:FEATURE_LOCATION_CONFLICT::Coding region xref gene does not exist
plasmid_files_fasta/CP023725.1_results/PROKKA_10092018:CDS	hypothetical protein	CP023725.1:c48087-47083	CNNAOPIG_00070

DiscRep_SUB:FEATURE_LOCATION_CONFLICT::Coding region xref gene does not exist
plasmid_files_fasta/CP023725.1_results/PROKKA_10092018:CDS	hypothetical protein	CP023725.1:c48887-48366	CNNAOPIG_00071

DiscRep_SUB:FEATURE_LOCATION_CONFLICT::Coding region xref gene does not exist
plasmid_files_fasta/CP023725.1_results/PROKKA_10092018:CDS	hypothetical protein	CP023725.1:c49337-48945	CNNAOPIG_00072

DiscRep_SUB:FEATURE_LOCATION_CONFLICT::Coding region xref gene does not exist
plasmid_files_fasta/CP023725.1_results/PROKKA_10092018:CDS	hypothetical protein	CP023725.1:c50318-49374	CNNAOPIG_00073

DiscRep_SUB:FEATURE_LOCATION_CONFLICT::Coding region xref gene does not exist
plasmid_files_fasta/CP023725.1_results/PROKKA_10092018:CDS	Antitoxin VapB	CP023725.1:50897-51127	CNNAOPIG_00074

DiscRep_SUB:FEATURE_LOCATION_CONFLICT::Coding region xref gene does not exist
plasmid_files_fasta/CP023725.1_results/PROKKA_10092018:CDS	tRNA(fMet)-specific endonuclease VapC	CP023725.1:51169-51540	CNNAOPIG_00075

DiscRep_SUB:FEATURE_LOCATION_CONFLICT::Coding region xref gene does not exist
plasmid_files_fasta/CP023725.1_results/PROKKA_10092018:CDS	DNA replication and repair protein RecF	CP023725.1:51614-53176	CNNAOPIG_00076

DiscRep_SUB:FEATURE_LOCATION_CONFLICT::Coding region xref gene does not exist
plasmid_files_fasta/CP023725.1_results/PROKKA_10092018:CDS	hypothetical protein	CP023725.1:53161-54183	CNNAOPIG_00077

DiscRep_SUB:FEATURE_LOCATION_CONFLICT::Coding region xref gene does not exist
plasmid_files_fasta/CP023725.1_results/PROKKA_10092018:CDS	hypothetical protein	CP023725.1:54633-55136	CNNAOPIG_00078

DiscRep_SUB:FEATURE_LOCATION_CONFLICT::Coding region xref gene does not exist
plasmid_files_fasta/CP023725.1_results/PROKKA_10092018:CDS	Protein PndA	CP023725.1:55441-55590	CNNAOPIG_00079

DiscRep_SUB:FEATURE_LOCATION_CONFLICT::Coding region xref gene does not exist
plasmid_files_fasta/CP023725.1_results/PROKKA_10092018:CDS	hypothetical protein	CP023725.1:55874-56122	CNNAOPIG_00080

DiscRep_SUB:FEATURE_LOCATION_CONFLICT::Coding region xref gene does not exist
plasmid_files_fasta/CP023725.1_results/PROKKA_10092018:CDS	hypothetical protein	CP023725.1:56434-57291	CNNAOPIG_00081

DiscRep_SUB:FEATURE_LOCATION_CONFLICT::Coding region xref gene does not exist
plasmid_files_fasta/CP023725.1_results/PROKKA_10092018:CDS	hypothetical protein	CP023725.1:58272-58883	CNNAOPIG_00082

DiscRep_SUB:FEATURE_LOCATION_CONFLICT::Coding region xref gene does not exist
plasmid_files_fasta/CP023725.1_results/PROKKA_10092018:CDS	Antitoxin PemI	CP023725.1:58976-59233	CNNAOPIG_00083

DiscRep_SUB:FEATURE_LOCATION_CONFLICT::Coding region xref gene does not exist
plasmid_files_fasta/CP023725.1_results/PROKKA_10092018:CDS	Endoribonuclease PemK	CP023725.1:59235-59567	CNNAOPIG_00084

DiscRep_SUB:FEATURE_LOCATION_CONFLICT::Coding region xref gene does not exist
plasmid_files_fasta/CP023725.1_results/PROKKA_10092018:CDS	hypothetical protein	CP023725.1:c60064-59849	CNNAOPIG_00085

DiscRep_SUB:FEATURE_LOCATION_CONFLICT::Coding region xref gene does not exist
plasmid_files_fasta/CP023725.1_results/PROKKA_10092018:CDS	hypothetical protein	CP023725.1:c60872-60267	CNNAOPIG_00086

DiscRep_SUB:FEATURE_LOCATION_CONFLICT::Coding region xref gene does not exist
plasmid_files_fasta/CP023725.1_results/PROKKA_10092018:CDS	hypothetical protein	CP023725.1:c61582-60878	CNNAOPIG_00087

DiscRep_SUB:FEATURE_LOCATION_CONFLICT::Coding region xref gene does not exist
plasmid_files_fasta/CP023725.1_results/PROKKA_10092018:CDS	hypothetical protein	CP023725.1:61662-62237	CNNAOPIG_00088

DiscRep_SUB:FEATURE_LOCATION_CONFLICT::Coding region xref gene does not exist
plasmid_files_fasta/CP023725.1_results/PROKKA_10092018:CDS	hypothetical protein	CP023725.1:c63220-62603	CNNAOPIG_00089

DiscRep_SUB:FEATURE_LOCATION_CONFLICT::Coding region xref gene does not exist
plasmid_files_fasta/CP023725.1_results/PROKKA_10092018:CDS	DNA-invertase hin	CP023725.1:63470-63997	CNNAOPIG_00090

DiscRep_SUB:FEATURE_LOCATION_CONFLICT::Coding region xref gene does not exist
plasmid_files_fasta/CP023725.1_results/PROKKA_10092018:CDS	hypothetical protein	CP023725.1:63994-64146	CNNAOPIG_00091

DiscRep_SUB:FEATURE_LOCATION_CONFLICT::Coding region xref gene does not exist
plasmid_files_fasta/CP023725.1_results/PROKKA_10092018:CDS	hypothetical protein	CP023725.1:c64869-64153	CNNAOPIG_00092

DiscRep_SUB:FEATURE_LOCATION_CONFLICT::Coding region xref gene does not exist
plasmid_files_fasta/CP023725.1_results/PROKKA_10092018:CDS	Protein translocase subunit SecA	CP023725.1:c66676-65201	CNNAOPIG_00093

DiscRep_SUB:FEATURE_LOCATION_CONFLICT::Coding region xref gene does not exist
plasmid_files_fasta/CP023725.1_results/PROKKA_10092018:CDS	hypothetical protein	CP023725.1:c67312-67118	CNNAOPIG_00094

DiscRep_SUB:FEATURE_LOCATION_CONFLICT::Coding region xref gene does not exist
plasmid_files_fasta/CP023725.1_results/PROKKA_10092018:CDS	hypothetical protein	CP023725.1:c68555-67533	CNNAOPIG_00095

DiscRep_SUB:FEATURE_LOCATION_CONFLICT::Coding region xref gene does not exist
plasmid_files_fasta/CP023725.1_results/PROKKA_10092018:CDS	Replication initiation protein	CP023725.1:c69319-68600	CNNAOPIG_00096

DiscRep_SUB:FEATURE_LOCATION_CONFLICT::Coding region xref gene does not exist
plasmid_files_fasta/CP023725.1_results/PROKKA_10092018:CDS	hypothetical protein	CP023725.1:69879-70220	CNNAOPIG_00097

DiscRep_SUB:FEATURE_LOCATION_CONFLICT::Coding region xref gene does not exist
plasmid_files_fasta/CP023725.1_results/PROKKA_10092018:CDS	hypothetical protein	CP023725.1:c71026-70235	CNNAOPIG_00098

DiscRep_SUB:FEATURE_LOCATION_CONFLICT::Coding region xref gene does not exist
plasmid_files_fasta/CP023725.1_results/PROKKA_10092018:CDS	hypothetical protein	CP023725.1:c71692-71189	CNNAOPIG_00099

DiscRep_SUB:FEATURE_LOCATION_CONFLICT::Coding region xref gene does not exist
plasmid_files_fasta/CP023725.1_results/PROKKA_10092018:CDS	hypothetical protein	CP023725.1:c72519-71815	CNNAOPIG_00100

DiscRep_SUB:FEATURE_LOCATION_CONFLICT::Coding region xref gene does not exist
plasmid_files_fasta/CP023725.1_results/PROKKA_10092018:CDS	hypothetical protein	CP023725.1:72599-73174	CNNAOPIG_00101

DiscRep_SUB:FEATURE_LOCATION_CONFLICT::Coding region xref gene does not exist
plasmid_files_fasta/CP023725.1_results/PROKKA_10092018:CDS	hypothetical protein	CP023725.1:c74157-73540	CNNAOPIG_00102

DiscRep_SUB:FEATURE_LOCATION_CONFLICT::Coding region xref gene does not exist
plasmid_files_fasta/CP023725.1_results/PROKKA_10092018:CDS	Transposon Tn3 resolvase	CP023725.1:74446-74847	CNNAOPIG_00103

DiscRep_SUB:FEATURE_LOCATION_CONFLICT::Coding region xref gene does not exist
plasmid_files_fasta/CP023725.1_results/PROKKA_10092018:CDS	hypothetical protein	CP023725.1:c75296-74883	CNNAOPIG_00104

DiscRep_SUB:FEATURE_LOCATION_CONFLICT::Coding region xref gene does not exist
plasmid_files_fasta/CP023725.1_results/PROKKA_10092018:CDS	hypothetical protein	CP023725.1:c75704-75309	CNNAOPIG_00105

DiscRep_SUB:FEATURE_LOCATION_CONFLICT::Coding region xref gene does not exist
plasmid_files_fasta/CP023725.1_results/PROKKA_10092018:CDS	hypothetical protein	CP023725.1:c75890-75777	CNNAOPIG_00106

DiscRep_SUB:FEATURE_LOCATION_CONFLICT::Coding region xref gene does not exist
plasmid_files_fasta/CP023725.1_results/PROKKA_10092018:CDS	Carbapenem-hydrolyzing beta-lactamase KPC	CP023725.1:76226-77107	CNNAOPIG_00107

DiscRep_SUB:FEATURE_LOCATION_CONFLICT::Coding region xref gene does not exist
plasmid_files_fasta/CP023725.1_results/PROKKA_10092018:CDS	hypothetical protein	CP023725.1:c78337-77357	CNNAOPIG_00108

DiscRep_SUB:FEATURE_LOCATION_CONFLICT::Coding region xref gene does not exist
plasmid_files_fasta/CP023725.1_results/PROKKA_10092018:CDS	hypothetical protein	CP023725.1:c78638-78342	CNNAOPIG_00109

DiscRep_SUB:FEATURE_LOCATION_CONFLICT::Coding region xref gene does not exist
plasmid_files_fasta/CP023725.1_results/PROKKA_10092018:CDS	hypothetical protein	CP023725.1:c78839-78684	CNNAOPIG_00110

DiscRep_SUB:FEATURE_LOCATION_CONFLICT::Coding region xref gene does not exist
plasmid_files_fasta/CP023725.1_results/PROKKA_10092018:CDS	Antirestriction protein KlcA	CP023725.1:c79389-78967	CNNAOPIG_00111

DiscRep_SUB:FEATURE_LOCATION_CONFLICT::Coding region xref gene does not exist
plasmid_files_fasta/CP023725.1_results/PROKKA_10092018:CDS	hypothetical protein	CP023725.1:c79781-79503	CNNAOPIG_00112

DiscRep_SUB:FEATURE_LOCATION_CONFLICT::Coding region xref gene does not exist
plasmid_files_fasta/CP023725.1_results/PROKKA_10092018:CDS	hypothetical protein	CP023725.1:c80743-80315	CNNAOPIG_00113

DiscRep_SUB:FEATURE_LOCATION_CONFLICT::Coding region xref gene does not exist
plasmid_files_fasta/CP023725.1_results/PROKKA_10092018:CDS	hypothetical protein	CP023725.1:c82196-81168	CNNAOPIG_00114

DiscRep_SUB:FEATURE_LOCATION_CONFLICT::Coding region xref gene does not exist
plasmid_files_fasta/CP023725.1_results/PROKKA_10092018:CDS	hypothetical protein	CP023725.1:c82823-82332	CNNAOPIG_00115

DiscRep_SUB:FEATURE_LOCATION_CONFLICT::Coding region xref gene does not exist
plasmid_files_fasta/CP023725.1_results/PROKKA_10092018:CDS	hypothetical protein	CP023725.1:c83421-82801	CNNAOPIG_00116

DiscRep_SUB:FEATURE_LOCATION_CONFLICT::Coding region xref gene does not exist
plasmid_files_fasta/CP023725.1_results/PROKKA_10092018:CDS	Coupling protein TraD	CP023725.1:83665-84996	CNNAOPIG_00117

DiscRep_SUB:FEATURE_LOCATION_CONFLICT::Coding region xref gene does not exist
plasmid_files_fasta/CP023725.1_results/PROKKA_10092018:CDS	Multifunctional conjugation protein TraI	CP023725.1:84996-90131	CNNAOPIG_00118

DiscRep_SUB:FEATURE_LOCATION_CONFLICT::Coding region xref gene does not exist
plasmid_files_fasta/CP023725.1_results/PROKKA_10092018:CDS	hypothetical protein	CP023725.1:90342-90962	CNNAOPIG_00119

DiscRep_SUB:FEATURE_LOCATION_CONFLICT::Coding region xref gene does not exist
plasmid_files_fasta/CP023725.1_results/PROKKA_10092018:CDS	Coupling protein TraD	CP023725.1:c91802-90906	CNNAOPIG_00120

DiscRep_SUB:FEATURE_LOCATION_CONFLICT::Coding region xref gene does not exist
plasmid_files_fasta/CP023725.1_results/PROKKA_10092018:CDS	hypothetical protein	CP023725.1:c92590-91853	CNNAOPIG_00121

DiscRep_SUB:FEATURE_LOCATION_CONFLICT::Coding region xref gene does not exist
plasmid_files_fasta/CP023725.1_results/PROKKA_10092018:CDS	Lipoprotein YlpA	CP023725.1:c93527-92793	CNNAOPIG_00122

DiscRep_SUB:FEATURE_LOCATION_CONFLICT::Coding region xref gene does not exist
plasmid_files_fasta/CP023725.1_results/PROKKA_10092018:CDS	Protein TraS	CP023725.1:c94070-93549	CNNAOPIG_00123

DiscRep_SUB:FEATURE_LOCATION_CONFLICT::Coding region xref gene does not exist
plasmid_files_fasta/CP023725.1_results/PROKKA_10092018:CDS	hypothetical protein	CP023725.1:c96919-94103	CNNAOPIG_00124

DiscRep_SUB:FEATURE_LOCATION_CONFLICT::Coding region xref gene does not exist
plasmid_files_fasta/CP023725.1_results/PROKKA_10092018:CDS	hypothetical protein	CP023725.1:98109-98804	CNNAOPIG_00126

DiscRep_SUB:FEATURE_LOCATION_CONFLICT::Coding region xref gene does not exist
plasmid_files_fasta/CP023725.1_results/PROKKA_10092018:CDS	hypothetical protein	CP023725.1:98785-99252	CNNAOPIG_00127

DiscRep_SUB:FEATURE_LOCATION_CONFLICT::Coding region xref gene does not exist
plasmid_files_fasta/CP023725.1_results/PROKKA_10092018:CDS	hypothetical protein	CP023725.1:99249-99860	CNNAOPIG_00128

DiscRep_SUB:FEATURE_LOCATION_CONFLICT::Coding region xref gene does not exist
plasmid_files_fasta/CP023725.1_results/PROKKA_10092018:CDS	Recombination-promoting nuclease RpnA	CP023725.1:c100807-99857	CNNAOPIG_00129

DiscRep_SUB:FEATURE_LOCATION_CONFLICT::Coding region xref gene does not exist
plasmid_files_fasta/CP023725.1_results/PROKKA_10092018:CDS	hypothetical protein	CP023725.1:c101154-100954	CNNAOPIG_00130

DiscRep_SUB:FEATURE_LOCATION_CONFLICT::Coding region xref gene does not exist
plasmid_files_fasta/CP023725.1_results/PROKKA_10092018:CDS	Putative transposon Tn552 DNA-invertase bin3	CP023725.1:c101840-101208	CNNAOPIG_00131

DiscRep_SUB:FEATURE_LOCATION_CONFLICT::Coding region xref gene does not exist
plasmid_files_fasta/CP023725.1_results/PROKKA_10092018:CDS	Plasmid partition protein A	CP023725.1:102203-103408	CNNAOPIG_00132

DiscRep_SUB:FEATURE_LOCATION_CONFLICT::RNA feature xref gene does not exist
plasmid_files_fasta/CP023725.1_results/PROKKA_10092018:tRNA	Thr	CP023725.1:97468-97539	CNNAOPIG_00125

DiscRep_ALL:SUSPECT_PRODUCT_NAMES::1 product_names contain suspect phrase or characters
DiscRep_SUB:SUSPECT_PRODUCT_NAMES::May contain database identifier more appropriate in note; remove from product name
DiscRep_SUB:SUSPECT_PRODUCT_NAMES::1 features Three or more numbers together
plasmid_files_fasta/CP023725.1_results/PROKKA_10092018:CDS	Putative transposon Tn552 DNA-invertase bin3	CP023725.1:c101840-101208	CNNAOPIG_00131

DiscRep_ALL:DISC_QUALITY_SCORES::Quality scores are missing on all sequences.

DiscRep_ALL:ONCALLER_COMMENT_PRESENT::1 comment descriptors were found (all same)
plasmid_files_fasta/CP023725.1_results/PROKKA_10092018:CP023725.1:Annotated using prokka 1.14-dev from https://github.com/tseemann/prokka

DiscRep_ALL:SHORT_PROT_SEQUENCES::2 protein sequences are shorter than 50 aa.
plasmid_files_fasta/CP023725.1_results/PROKKA_10092018:CP023725.1_79 (length 49)
plasmid_files_fasta/CP023725.1_results/PROKKA_10092018:CP023725.1_106 (length 37)

DiscRep_ALL:MISSING_GENOMEASSEMBLY_COMMENTS::1 bioseqs are missing GenomeAssembly structured comments
plasmid_files_fasta/CP023725.1_results/PROKKA_10092018:CP023725.1 (length 103454)

DiscRep_ALL:MOLTYPE_NOT_MRNA::1 molecule types are not set as mRNA.
plasmid_files_fasta/CP023725.1_results/PROKKA_10092018:CP023725.1 (length 103454)

DiscRep_ALL:TECHNIQUE_NOT_TSA::1 technique are not set as TSA
plasmid_files_fasta/CP023725.1_results/PROKKA_10092018:CP023725.1 (length 103454)

DiscRep_ALL:MISSING_STRUCTURED_COMMENT::1 sequences do not include structured comments.
plasmid_files_fasta/CP023725.1_results/PROKKA_10092018:CP023725.1 (length 103454)

DiscRep_ALL:MISSING_PROJECT::132 sequences do not include project.
plasmid_files_fasta/CP023725.1_results/PROKKA_10092018:CP023725.1 (length 103454)
plasmid_files_fasta/CP023725.1_results/PROKKA_10092018:CP023725.1_1 (length 303)
plasmid_files_fasta/CP023725.1_results/PROKKA_10092018:CP023725.1_2 (length 423)
plasmid_files_fasta/CP023725.1_results/PROKKA_10092018:CP023725.1_3 (length 140)
plasmid_files_fasta/CP023725.1_results/PROKKA_10092018:CP023725.1_4 (length 223)
plasmid_files_fasta/CP023725.1_results/PROKKA_10092018:CP023725.1_5 (length 225)
plasmid_files_fasta/CP023725.1_results/PROKKA_10092018:CP023725.1_6 (length 73)
plasmid_files_fasta/CP023725.1_results/PROKKA_10092018:CP023725.1_7 (length 139)
plasmid_files_fasta/CP023725.1_results/PROKKA_10092018:CP023725.1_8 (length 259)
plasmid_files_fasta/CP023725.1_results/PROKKA_10092018:CP023725.1_9 (length 168)
plasmid_files_fasta/CP023725.1_results/PROKKA_10092018:CP023725.1_10 (length 63)
plasmid_files_fasta/CP023725.1_results/PROKKA_10092018:CP023725.1_11 (length 78)
plasmid_files_fasta/CP023725.1_results/PROKKA_10092018:CP023725.1_12 (length 86)
plasmid_files_fasta/CP023725.1_results/PROKKA_10092018:CP023725.1_13 (length 50)
plasmid_files_fasta/CP023725.1_results/PROKKA_10092018:CP023725.1_14 (length 100)
plasmid_files_fasta/CP023725.1_results/PROKKA_10092018:CP023725.1_15 (length 76)
plasmid_files_fasta/CP023725.1_results/PROKKA_10092018:CP023725.1_16 (length 220)
plasmid_files_fasta/CP023725.1_results/PROKKA_10092018:CP023725.1_17 (length 432)
plasmid_files_fasta/CP023725.1_results/PROKKA_10092018:CP023725.1_18 (length 143)
plasmid_files_fasta/CP023725.1_results/PROKKA_10092018:CP023725.1_19 (length 242)
plasmid_files_fasta/CP023725.1_results/PROKKA_10092018:CP023725.1_20 (length 107)
plasmid_files_fasta/CP023725.1_results/PROKKA_10092018:CP023725.1_21 (length 119)
plasmid_files_fasta/CP023725.1_results/PROKKA_10092018:CP023725.1_22 (length 124)
plasmid_files_fasta/CP023725.1_results/PROKKA_10092018:CP023725.1_23 (length 330)
plasmid_files_fasta/CP023725.1_results/PROKKA_10092018:CP023725.1_24 (length 92)
plasmid_files_fasta/CP023725.1_results/PROKKA_10092018:CP023725.1_25 (length 106)
plasmid_files_fasta/CP023725.1_results/PROKKA_10092018:CP023725.1_26 (length 74)
plasmid_files_fasta/CP023725.1_results/PROKKA_10092018:CP023725.1_27 (length 70)
plasmid_files_fasta/CP023725.1_results/PROKKA_10092018:CP023725.1_28 (length 118)
plasmid_files_fasta/CP023725.1_results/PROKKA_10092018:CP023725.1_29 (length 105)
plasmid_files_fasta/CP023725.1_results/PROKKA_10092018:CP023725.1_30 (length 116)
plasmid_files_fasta/CP023725.1_results/PROKKA_10092018:CP023725.1_31 (length 90)
plasmid_files_fasta/CP023725.1_results/PROKKA_10092018:CP023725.1_32 (length 52)
plasmid_files_fasta/CP023725.1_results/PROKKA_10092018:CP023725.1_33 (length 124)
plasmid_files_fasta/CP023725.1_results/PROKKA_10092018:CP023725.1_34 (length 108)
plasmid_files_fasta/CP023725.1_results/PROKKA_10092018:CP023725.1_35 (length 242)
plasmid_files_fasta/CP023725.1_results/PROKKA_10092018:CP023725.1_36 (length 143)
plasmid_files_fasta/CP023725.1_results/PROKKA_10092018:CP023725.1_37 (length 685)
plasmid_files_fasta/CP023725.1_results/PROKKA_10092018:CP023725.1_38 (length 82)
plasmid_files_fasta/CP023725.1_results/PROKKA_10092018:CP023725.1_39 (length 180)
plasmid_files_fasta/CP023725.1_results/PROKKA_10092018:CP023725.1_40 (length 108)
plasmid_files_fasta/CP023725.1_results/PROKKA_10092018:CP023725.1_41 (length 106)
plasmid_files_fasta/CP023725.1_results/PROKKA_10092018:CP023725.1_42 (length 187)
plasmid_files_fasta/CP023725.1_results/PROKKA_10092018:CP023725.1_43 (length 451)
plasmid_files_fasta/CP023725.1_results/PROKKA_10092018:CP023725.1_44 (length 76)
plasmid_files_fasta/CP023725.1_results/PROKKA_10092018:CP023725.1_45 (length 75)
plasmid_files_fasta/CP023725.1_results/PROKKA_10092018:CP023725.1_46 (length 85)
plasmid_files_fasta/CP023725.1_results/PROKKA_10092018:CP023725.1_47 (length 106)
plasmid_files_fasta/CP023725.1_results/PROKKA_10092018:CP023725.1_48 (length 84)
plasmid_files_fasta/CP023725.1_results/PROKKA_10092018:CP023725.1_49 (length 63)
plasmid_files_fasta/CP023725.1_results/PROKKA_10092018:CP023725.1_50 (length 168)
plasmid_files_fasta/CP023725.1_results/PROKKA_10092018:CP023725.1_51 (length 142)
plasmid_files_fasta/CP023725.1_results/PROKKA_10092018:CP023725.1_52 (length 255)
plasmid_files_fasta/CP023725.1_results/PROKKA_10092018:CP023725.1_53 (length 139)
plasmid_files_fasta/CP023725.1_results/PROKKA_10092018:CP023725.1_54 (length 73)
plasmid_files_fasta/CP023725.1_results/PROKKA_10092018:CP023725.1_55 (length 233)
plasmid_files_fasta/CP023725.1_results/PROKKA_10092018:CP023725.1_56 (length 76)
plasmid_files_fasta/CP023725.1_results/PROKKA_10092018:CP023725.1_57 (length 223)
plasmid_files_fasta/CP023725.1_results/PROKKA_10092018:CP023725.1_58 (length 323)
plasmid_files_fasta/CP023725.1_results/PROKKA_10092018:CP023725.1_59 (length 138)
plasmid_files_fasta/CP023725.1_results/PROKKA_10092018:CP023725.1_60 (length 200)
plasmid_files_fasta/CP023725.1_results/PROKKA_10092018:CP023725.1_61 (length 143)
plasmid_files_fasta/CP023725.1_results/PROKKA_10092018:CP023725.1_62 (length 423)
plasmid_files_fasta/CP023725.1_results/PROKKA_10092018:CP023725.1_63 (length 324)
plasmid_files_fasta/CP023725.1_results/PROKKA_10092018:CP023725.1_64 (length 338)
plasmid_files_fasta/CP023725.1_results/PROKKA_10092018:CP023725.1_65 (length 426)
plasmid_files_fasta/CP023725.1_results/PROKKA_10092018:CP023725.1_66 (length 240)
plasmid_files_fasta/CP023725.1_results/PROKKA_10092018:CP023725.1_67 (length 91)
plasmid_files_fasta/CP023725.1_results/PROKKA_10092018:CP023725.1_68 (length 85)
plasmid_files_fasta/CP023725.1_results/PROKKA_10092018:CP023725.1_69 (length 259)
plasmid_files_fasta/CP023725.1_results/PROKKA_10092018:CP023725.1_70 (length 334)
plasmid_files_fasta/CP023725.1_results/PROKKA_10092018:CP023725.1_71 (length 173)
plasmid_files_fasta/CP023725.1_results/PROKKA_10092018:CP023725.1_72 (length 130)
plasmid_files_fasta/CP023725.1_results/PROKKA_10092018:CP023725.1_73 (length 314)
plasmid_files_fasta/CP023725.1_results/PROKKA_10092018:CP023725.1_74 (length 76)
plasmid_files_fasta/CP023725.1_results/PROKKA_10092018:CP023725.1_75 (length 123)
plasmid_files_fasta/CP023725.1_results/PROKKA_10092018:CP023725.1_76 (length 520)
plasmid_files_fasta/CP023725.1_results/PROKKA_10092018:CP023725.1_77 (length 340)
plasmid_files_fasta/CP023725.1_results/PROKKA_10092018:CP023725.1_78 (length 167)
plasmid_files_fasta/CP023725.1_results/PROKKA_10092018:CP023725.1_79 (length 49)
plasmid_files_fasta/CP023725.1_results/PROKKA_10092018:CP023725.1_80 (length 82)
plasmid_files_fasta/CP023725.1_results/PROKKA_10092018:CP023725.1_81 (length 285)
plasmid_files_fasta/CP023725.1_results/PROKKA_10092018:CP023725.1_82 (length 203)
plasmid_files_fasta/CP023725.1_results/PROKKA_10092018:CP023725.1_83 (length 85)
plasmid_files_fasta/CP023725.1_results/PROKKA_10092018:CP023725.1_84 (length 110)
plasmid_files_fasta/CP023725.1_results/PROKKA_10092018:CP023725.1_85 (length 71)
plasmid_files_fasta/CP023725.1_results/PROKKA_10092018:CP023725.1_86 (length 201)
plasmid_files_fasta/CP023725.1_results/PROKKA_10092018:CP023725.1_87 (length 234)
plasmid_files_fasta/CP023725.1_results/PROKKA_10092018:CP023725.1_88 (length 191)
plasmid_files_fasta/CP023725.1_results/PROKKA_10092018:CP023725.1_89 (length 205)
plasmid_files_fasta/CP023725.1_results/PROKKA_10092018:CP023725.1_90 (length 175)
plasmid_files_fasta/CP023725.1_results/PROKKA_10092018:CP023725.1_91 (length 50)
plasmid_files_fasta/CP023725.1_results/PROKKA_10092018:CP023725.1_92 (length 238)
plasmid_files_fasta/CP023725.1_results/PROKKA_10092018:CP023725.1_93 (length 491)
plasmid_files_fasta/CP023725.1_results/PROKKA_10092018:CP023725.1_94 (length 64)
plasmid_files_fasta/CP023725.1_results/PROKKA_10092018:CP023725.1_95 (length 340)
plasmid_files_fasta/CP023725.1_results/PROKKA_10092018:CP023725.1_96 (length 239)
plasmid_files_fasta/CP023725.1_results/PROKKA_10092018:CP023725.1_97 (length 113)
plasmid_files_fasta/CP023725.1_results/PROKKA_10092018:CP023725.1_98 (length 263)
plasmid_files_fasta/CP023725.1_results/PROKKA_10092018:CP023725.1_99 (length 167)
plasmid_files_fasta/CP023725.1_results/PROKKA_10092018:CP023725.1_100 (length 234)
plasmid_files_fasta/CP023725.1_results/PROKKA_10092018:CP023725.1_101 (length 191)
plasmid_files_fasta/CP023725.1_results/PROKKA_10092018:CP023725.1_102 (length 205)
plasmid_files_fasta/CP023725.1_results/PROKKA_10092018:CP023725.1_103 (length 133)
plasmid_files_fasta/CP023725.1_results/PROKKA_10092018:CP023725.1_104 (length 137)
plasmid_files_fasta/CP023725.1_results/PROKKA_10092018:CP023725.1_105 (length 131)
plasmid_files_fasta/CP023725.1_results/PROKKA_10092018:CP023725.1_106 (length 37)
plasmid_files_fasta/CP023725.1_results/PROKKA_10092018:CP023725.1_107 (length 293)
plasmid_files_fasta/CP023725.1_results/PROKKA_10092018:CP023725.1_108 (length 326)
plasmid_files_fasta/CP023725.1_results/PROKKA_10092018:CP023725.1_109 (length 98)
plasmid_files_fasta/CP023725.1_results/PROKKA_10092018:CP023725.1_110 (length 51)
plasmid_files_fasta/CP023725.1_results/PROKKA_10092018:CP023725.1_111 (length 140)
plasmid_files_fasta/CP023725.1_results/PROKKA_10092018:CP023725.1_112 (length 92)
plasmid_files_fasta/CP023725.1_results/PROKKA_10092018:CP023725.1_113 (length 142)
plasmid_files_fasta/CP023725.1_results/PROKKA_10092018:CP023725.1_114 (length 342)
plasmid_files_fasta/CP023725.1_results/PROKKA_10092018:CP023725.1_115 (length 163)
plasmid_files_fasta/CP023725.1_results/PROKKA_10092018:CP023725.1_116 (length 206)
plasmid_files_fasta/CP023725.1_results/PROKKA_10092018:CP023725.1_117 (length 443)
plasmid_files_fasta/CP023725.1_results/PROKKA_10092018:CP023725.1_118 (length 1711)
plasmid_files_fasta/CP023725.1_results/PROKKA_10092018:CP023725.1_119 (length 206)
plasmid_files_fasta/CP023725.1_results/PROKKA_10092018:CP023725.1_120 (length 298)
plasmid_files_fasta/CP023725.1_results/PROKKA_10092018:CP023725.1_121 (length 245)
plasmid_files_fasta/CP023725.1_results/PROKKA_10092018:CP023725.1_122 (length 244)
plasmid_files_fasta/CP023725.1_results/PROKKA_10092018:CP023725.1_123 (length 173)
plasmid_files_fasta/CP023725.1_results/PROKKA_10092018:CP023725.1_124 (length 938)
plasmid_files_fasta/CP023725.1_results/PROKKA_10092018:CP023725.1_125 (length 231)
plasmid_files_fasta/CP023725.1_results/PROKKA_10092018:CP023725.1_126 (length 155)
plasmid_files_fasta/CP023725.1_results/PROKKA_10092018:CP023725.1_127 (length 203)
plasmid_files_fasta/CP023725.1_results/PROKKA_10092018:CP023725.1_128 (length 316)
plasmid_files_fasta/CP023725.1_results/PROKKA_10092018:CP023725.1_129 (length 66)
plasmid_files_fasta/CP023725.1_results/PROKKA_10092018:CP023725.1_130 (length 210)
plasmid_files_fasta/CP023725.1_results/PROKKA_10092018:CP023725.1_131 (length 401)

DiscRep_ALL:DISC_INCONSISTENT_MOLINFO_TECH::Molinfo Technique Report (some missing, all same)
DiscRep_SUB:DISC_INCONSISTENT_MOLINFO_TECH::technique (all missing)
DiscRep_SUB:DISC_INCONSISTENT_MOLINFO_TECH::1 Molinfos are missing field technique
plasmid_files_fasta/CP023725.1_results/PROKKA_10092018:CP023725.1 (length 103454)

