[15:19:48] This is prokka 1.14-dev
[15:19:48] Written by Torsten Seemann <torsten.seemann@gmail.com>
[15:19:48] Homepage is https://github.com/tseemann/prokka
[15:19:48] Local time is Tue Oct  9 15:19:48 2018
[15:19:48] You are christian
[15:19:48] Operating system is linux
[15:19:48] You have BioPerl 1.007002
[15:19:48] System has 20 cores.
[15:19:48] Will use maximum of 20 cores.
[15:19:48] Annotating as >>> Bacteria <<<
[15:19:48] Generating locus_tag from 'plasmid_files_fasta/CP023725.1.fasta' contents.
[15:19:48] Setting --locustag CNNAOPIG from MD5 c77a8920913ca554b0e2feaa8fead3c2
[15:19:48] Creating new output folder: plasmid_files_fasta/CP023725.1_results
[15:19:48] Running: mkdir -p plasmid_files_fasta\/CP023725\.1_results
[15:19:48] Using filename prefix: PROKKA_10092018.XXX
[15:19:48] Setting HMMER_NCPU=1
[15:19:48] Writing log to: plasmid_files_fasta/CP023725.1_results/PROKKA_10092018.log
[15:19:48] Command: /home/christian/install/prokka/bin/prokka plasmid_files_fasta/CP023725.1.fasta --outdir plasmid_files_fasta/CP023725.1_results --cpus 20 --force
[15:19:48] Appending to PATH: /home/christian/install/prokka/bin/../binaries/linux
[15:19:48] Appending to PATH: /home/christian/install/prokka/bin/../binaries/linux/../common
[15:19:48] Appending to PATH: /home/christian/install/prokka/bin
[15:19:48] Looking for 'aragorn' - found /home/christian/install/prokka/bin/../binaries/linux/aragorn
[15:19:48] Determined aragorn version is 1.2
[15:19:48] Looking for 'blastp' - found /usr/bin/blastp
[15:19:48] Determined blastp version is 2.2
[15:19:48] Looking for 'cmpress' - found /usr/local/bin/cmpress
[15:19:48] Determined cmpress version is 1.1
[15:19:48] Looking for 'cmscan' - found /usr/local/bin/cmscan
[15:19:48] Determined cmscan version is 1.1
[15:19:48] Looking for 'egrep' - found /bin/egrep
[15:19:48] Looking for 'find' - found /usr/bin/find
[15:19:48] Looking for 'grep' - found /bin/grep
[15:19:48] Looking for 'hmmpress' - found /usr/local/bin/hmmpress
[15:19:48] Determined hmmpress version is 3.1
[15:19:48] Looking for 'hmmscan' - found /usr/local/bin/hmmscan
[15:19:48] Determined hmmscan version is 3.1
[15:19:48] Looking for 'java' - found /usr/bin/java
[15:19:48] Looking for 'less' - found /usr/bin/less
[15:19:48] Looking for 'makeblastdb' - found /usr/bin/makeblastdb
[15:19:48] Determined makeblastdb version is 2.2
[15:19:48] Looking for 'minced' - found /home/christian/install/prokka/bin/../binaries/linux/../common/minced
[15:19:48] Determined minced version is 2.0
[15:19:48] Looking for 'parallel' - found /usr/bin/parallel
[15:19:48] Determined parallel version is 20141022
[15:19:48] Looking for 'prodigal' - found /usr/local/bin/prodigal
[15:19:48] Determined prodigal version is 2.6
[15:19:48] Looking for 'prokka-genbank_to_fasta_db' - found /home/christian/install/prokka/bin/prokka-genbank_to_fasta_db
[15:19:48] Looking for 'sed' - found /bin/sed
[15:19:48] Looking for 'tbl2asn' - found /home/christian/install/prokka/bin/../binaries/linux/tbl2asn
[15:19:48] Determined tbl2asn version is 25.6
[15:19:48] Using genetic code table 11.
[15:19:48] Loading and checking input file: plasmid_files_fasta/CP023725.1.fasta
[15:19:48] Wrote 1 contigs totalling 103454 bp.
[15:19:48] Predicting tRNAs and tmRNAs
[15:19:48] Running: aragorn -l -gc11  -w plasmid_files_fasta\/CP023725\.1_results\/PROKKA_10092018\.fna
[15:19:49] 1 tRNA-Thr [97468,97539] 34 (ggt)
[15:19:49] Found 1 tRNAs
[15:19:49] Predicting Ribosomal RNAs
[15:19:49] You need either Barrnap or RNAmmer installed to predict rRNAs!
[15:19:49] Skipping ncRNA search, enable with --rfam if desired.
[15:19:49] Total of 1 tRNA + rRNA features
[15:19:49] Searching for CRISPR repeats
[15:19:49] Found 0 CRISPRs
[15:19:49] Predicting coding sequences
[15:19:49] Contigs total 103454 bp, so using single mode
[15:19:49] Running: prodigal -i plasmid_files_fasta\/CP023725\.1_results\/PROKKA_10092018\.fna -c -m -g 11 -p single -f sco -q
[15:19:49] Excluding CDS which overlaps existing RNA (tRNA) at CP023725.1:96916..97926 on - strand
[15:19:49] Found 131 CDS
[15:19:49] Connecting features back to sequences
[15:19:49] Not using genus-specific database. Try --usegenus to enable it.
[15:19:49] Annotating CDS, please be patient.
[15:19:49] Will use 20 CPUs for similarity searching.
[15:19:49] There are still 131 unannotated CDS left (started with 131)
[15:19:49] Will use blast to search against /home/christian/install/prokka/db/kingdom/Bacteria/sprot with 20 CPUs
[15:19:49] Running: cat plasmid_files_fasta\/CP023725\.1_results\/sprot\.faa | parallel --gnu --plain -j 20 --block 690 --recstart '>' --pipe blastp -query - -db /home/christian/install/prokka/db/kingdom/Bacteria/sprot -evalue 1e-06 -num_threads 1 -num_descriptions 1 -num_alignments 1 -seg no > plasmid_files_fasta\/CP023725\.1_results\/sprot\.blast 2> /dev/null
[15:19:50] Modify product: UPF0401 protein YkfF => hypothetical protein
[15:19:50] Modify product: UPF0401 protein YkfF => hypothetical protein
[15:19:50] Cleaned 2 /product names
[15:19:50] Deleting unwanted file: plasmid_files_fasta/CP023725.1_results/sprot.faa
[15:19:50] Deleting unwanted file: plasmid_files_fasta/CP023725.1_results/sprot.blast
[15:19:50] There are still 87 unannotated CDS left (started with 131)
[15:19:50] Will use hmmer3 to search against /home/christian/install/prokka/db/hmm/HAMAP.hmm with 20 CPUs
[15:19:50] Running: cat plasmid_files_fasta\/CP023725\.1_results\/HAMAP\.hmm\.faa | parallel --gnu --plain -j 20 --block 401 --recstart '>' --pipe hmmscan --noali --notextw --acc -E 1e-06 --cpu 1 /home/christian/install/prokka/db/hmm/HAMAP.hmm /dev/stdin > plasmid_files_fasta\/CP023725\.1_results\/HAMAP\.hmm\.hmmer3 2> /dev/null
[15:19:51] Deleting unwanted file: plasmid_files_fasta/CP023725.1_results/HAMAP.hmm.faa
[15:19:51] Deleting unwanted file: plasmid_files_fasta/CP023725.1_results/HAMAP.hmm.hmmer3
[15:19:51] Labelling remaining 86 proteins as 'hypothetical protein'
[15:19:51] Found 32 unique /gene codes.
[15:19:51] Fixed 2 duplicate /gene - traD_1 traD_2
[15:19:51] Fixed 2 duplicate /gene - parA_1 parA_2
[15:19:51] Fixed 2 duplicate /gene - klcA_1 klcA_2
[15:19:51] Fixed 2 duplicate /gene - virB_1 virB_2
[15:19:51] Fixed 2 duplicate /gene - umuC_1 umuC_2
[15:19:51] Fixed 2 duplicate /gene - repE_1 repE_2
[15:19:51] Fixed 2 duplicate /gene - yhdJ_1 yhdJ_2
[15:19:51] Fixed 2 duplicate /gene - umuD_1 umuD_2
[15:19:51] Fixed 2 duplicate /gene - holE_1 holE_2
[15:19:51] Fixed 2 duplicate /gene - spo0C_1 spo0C_2
[15:19:51] Fixed 2 duplicate /gene - psiB_1 psiB_2
[15:19:51] Fixed 11 colliding /gene names.
[15:19:51] Adding /locus_tag identifiers
[15:19:51] Assigned 132 locus_tags to CDS and RNA features.
[15:19:51] Writing outputs to plasmid_files_fasta/CP023725.1_results/
[15:19:51] Generating annotation statistics file
[15:19:51] Generating Genbank and Sequin files
[15:19:51] Running: tbl2asn -V b -a r10k -l paired-ends -M n -N 1 -y 'Annotated using prokka 1.14-dev from https://github.com/tseemann/prokka' -Z plasmid_files_fasta\/CP023725\.1_results\/PROKKA_10092018\.err -i plasmid_files_fasta\/CP023725\.1_results\/PROKKA_10092018\.fsa 2> /dev/null
[15:19:51] Deleting unwanted file: plasmid_files_fasta/CP023725.1_results/errorsummary.val
[15:19:51] Deleting unwanted file: plasmid_files_fasta/CP023725.1_results/PROKKA_10092018.dr
[15:19:51] Deleting unwanted file: plasmid_files_fasta/CP023725.1_results/PROKKA_10092018.fixedproducts
[15:19:51] Deleting unwanted file: plasmid_files_fasta/CP023725.1_results/PROKKA_10092018.ecn
[15:19:51] Deleting unwanted file: plasmid_files_fasta/CP023725.1_results/PROKKA_10092018.val
[15:19:51] Repairing broken .GBK output that tbl2asn produces...
[15:19:51] Running: sed 's/COORDINATES: profile/COORDINATES:profile/' < plasmid_files_fasta\/CP023725\.1_results\/PROKKA_10092018\.gbf > plasmid_files_fasta\/CP023725\.1_results\/PROKKA_10092018\.gbk
[15:19:51] Deleting unwanted file: plasmid_files_fasta/CP023725.1_results/PROKKA_10092018.gbf
[15:19:51] Output files:
[15:19:51] plasmid_files_fasta/CP023725.1_results/PROKKA_10092018.ffn
[15:19:51] plasmid_files_fasta/CP023725.1_results/PROKKA_10092018.tbl
[15:19:51] plasmid_files_fasta/CP023725.1_results/PROKKA_10092018.log
[15:19:51] plasmid_files_fasta/CP023725.1_results/PROKKA_10092018.fna
[15:19:51] plasmid_files_fasta/CP023725.1_results/PROKKA_10092018.fsa
[15:19:51] plasmid_files_fasta/CP023725.1_results/PROKKA_10092018.tsv
[15:19:51] plasmid_files_fasta/CP023725.1_results/PROKKA_10092018.faa
[15:19:51] plasmid_files_fasta/CP023725.1_results/PROKKA_10092018.gbk
[15:19:51] plasmid_files_fasta/CP023725.1_results/PROKKA_10092018.sqn
[15:19:51] plasmid_files_fasta/CP023725.1_results/PROKKA_10092018.err
[15:19:51] plasmid_files_fasta/CP023725.1_results/PROKKA_10092018.txt
[15:19:51] plasmid_files_fasta/CP023725.1_results/PROKKA_10092018.gff
[15:19:51] Annotation finished successfully.
[15:19:51] Walltime used: 0.05 minutes
[15:19:51] If you use this result please cite the Prokka paper:
[15:19:51] Seemann T (2014) Prokka: rapid prokaryotic genome annotation. Bioinformatics. 30(14):2068-9.
[15:19:51] Type 'prokka --citation' for more details.
[15:19:51] Share and enjoy!
