Discrepancy Report Results

Summary
FATAL: MISSING_PROTEIN_ID:37 proteins have invalid IDs.
DISC_SOURCE_QUALS_ASNDISC:strain (all present, all unique)
DISC_SOURCE_QUALS_ASNDISC:taxname (all present, all unique)
DISC_FEATURE_COUNT:CDS: 37 present
DISC_COUNT_NUCLEOTIDES:1 nucleotide Bioseqs are present
FEATURE_LOCATION_CONFLICT:37 features have inconsistent gene locations.
DISC_QUALITY_SCORES:Quality scores are missing on all sequences.
ONCALLER_COMMENT_PRESENT:1 comment descriptors were found (all same)
SHORT_PROT_SEQUENCES:2 protein sequences are shorter than 50 aa.
MISSING_GENOMEASSEMBLY_COMMENTS:1 bioseqs are missing GenomeAssembly structured comments
MOLTYPE_NOT_MRNA:1 molecule types are not set as mRNA.
TECHNIQUE_NOT_TSA:1 technique are not set as TSA
MISSING_STRUCTURED_COMMENT:1 sequences do not include structured comments.
MISSING_PROJECT:38 sequences do not include project.
DISC_INCONSISTENT_MOLINFO_TECH:Molinfo Technique Report (some missing, all same)


Detailed Report

FATAL: DiscRep_ALL:MISSING_PROTEIN_ID::37 proteins have invalid IDs.
plasmid_files_fasta/MH328007.1_results/PROKKA_10092018:MH328007.1_1 (length 42)
plasmid_files_fasta/MH328007.1_results/PROKKA_10092018:MH328007.1_2 (length 94)
plasmid_files_fasta/MH328007.1_results/PROKKA_10092018:MH328007.1_3 (length 214)
plasmid_files_fasta/MH328007.1_results/PROKKA_10092018:MH328007.1_4 (length 156)
plasmid_files_fasta/MH328007.1_results/PROKKA_10092018:MH328007.1_5 (length 69)
plasmid_files_fasta/MH328007.1_results/PROKKA_10092018:MH328007.1_6 (length 657)
plasmid_files_fasta/MH328007.1_results/PROKKA_10092018:MH328007.1_7 (length 88)
plasmid_files_fasta/MH328007.1_results/PROKKA_10092018:MH328007.1_8 (length 91)
plasmid_files_fasta/MH328007.1_results/PROKKA_10092018:MH328007.1_9 (length 74)
plasmid_files_fasta/MH328007.1_results/PROKKA_10092018:MH328007.1_10 (length 45)
plasmid_files_fasta/MH328007.1_results/PROKKA_10092018:MH328007.1_11 (length 86)
plasmid_files_fasta/MH328007.1_results/PROKKA_10092018:MH328007.1_12 (length 70)
plasmid_files_fasta/MH328007.1_results/PROKKA_10092018:MH328007.1_13 (length 148)
plasmid_files_fasta/MH328007.1_results/PROKKA_10092018:MH328007.1_14 (length 93)
plasmid_files_fasta/MH328007.1_results/PROKKA_10092018:MH328007.1_15 (length 73)
plasmid_files_fasta/MH328007.1_results/PROKKA_10092018:MH328007.1_16 (length 81)
plasmid_files_fasta/MH328007.1_results/PROKKA_10092018:MH328007.1_17 (length 180)
plasmid_files_fasta/MH328007.1_results/PROKKA_10092018:MH328007.1_18 (length 174)
plasmid_files_fasta/MH328007.1_results/PROKKA_10092018:MH328007.1_19 (length 119)
plasmid_files_fasta/MH328007.1_results/PROKKA_10092018:MH328007.1_20 (length 326)
plasmid_files_fasta/MH328007.1_results/PROKKA_10092018:MH328007.1_21 (length 143)
plasmid_files_fasta/MH328007.1_results/PROKKA_10092018:MH328007.1_22 (length 119)
plasmid_files_fasta/MH328007.1_results/PROKKA_10092018:MH328007.1_23 (length 172)
plasmid_files_fasta/MH328007.1_results/PROKKA_10092018:MH328007.1_24 (length 57)
plasmid_files_fasta/MH328007.1_results/PROKKA_10092018:MH328007.1_25 (length 1001)
plasmid_files_fasta/MH328007.1_results/PROKKA_10092018:MH328007.1_26 (length 185)
plasmid_files_fasta/MH328007.1_results/PROKKA_10092018:MH328007.1_27 (length 326)
plasmid_files_fasta/MH328007.1_results/PROKKA_10092018:MH328007.1_28 (length 293)
plasmid_files_fasta/MH328007.1_results/PROKKA_10092018:MH328007.1_29 (length 326)
plasmid_files_fasta/MH328007.1_results/PROKKA_10092018:MH328007.1_30 (length 98)
plasmid_files_fasta/MH328007.1_results/PROKKA_10092018:MH328007.1_31 (length 51)
plasmid_files_fasta/MH328007.1_results/PROKKA_10092018:MH328007.1_32 (length 141)
plasmid_files_fasta/MH328007.1_results/PROKKA_10092018:MH328007.1_33 (length 92)
plasmid_files_fasta/MH328007.1_results/PROKKA_10092018:MH328007.1_34 (length 186)
plasmid_files_fasta/MH328007.1_results/PROKKA_10092018:MH328007.1_35 (length 93)
plasmid_files_fasta/MH328007.1_results/PROKKA_10092018:MH328007.1_36 (length 89)
plasmid_files_fasta/MH328007.1_results/PROKKA_10092018:MH328007.1_37 (length 108)

DiscRep_ALL:DISC_SOURCE_QUALS_ASNDISC::strain (all present, all unique)
DiscRep_SUB:DISC_SOURCE_QUALS_ASNDISC::1 sources have unique values for strain
DiscRep_ALL:DISC_SOURCE_QUALS_ASNDISC::taxname (all present, all unique)
DiscRep_SUB:DISC_SOURCE_QUALS_ASNDISC::1 sources have unique values for taxname
DiscRep_ALL:DISC_FEATURE_COUNT::CDS: 37 present
DiscRep_ALL:DISC_COUNT_NUCLEOTIDES::1 nucleotide Bioseqs are present
plasmid_files_fasta/MH328007.1_results/PROKKA_10092018:MH328007.1 (length 24228)

DiscRep_ALL:FEATURE_LOCATION_CONFLICT::37 features have inconsistent gene locations.
DiscRep_SUB:FEATURE_LOCATION_CONFLICT::Coding region xref gene does not exist
plasmid_files_fasta/MH328007.1_results/PROKKA_10092018:CDS	hypothetical protein	MH328007.1:c427-299	IKOJAIBE_00001

DiscRep_SUB:FEATURE_LOCATION_CONFLICT::Coding region xref gene does not exist
plasmid_files_fasta/MH328007.1_results/PROKKA_10092018:CDS	hypothetical protein	MH328007.1:c723-439	IKOJAIBE_00002

DiscRep_SUB:FEATURE_LOCATION_CONFLICT::Coding region xref gene does not exist
plasmid_files_fasta/MH328007.1_results/PROKKA_10092018:CDS	Septum site-determining protein MinD	MH328007.1:c1448-804	IKOJAIBE_00003

DiscRep_SUB:FEATURE_LOCATION_CONFLICT::Coding region xref gene does not exist
plasmid_files_fasta/MH328007.1_results/PROKKA_10092018:CDS	DNA-binding protein H-NS	MH328007.1:c2175-1705	IKOJAIBE_00004

DiscRep_SUB:FEATURE_LOCATION_CONFLICT::Coding region xref gene does not exist
plasmid_files_fasta/MH328007.1_results/PROKKA_10092018:CDS	Modulating protein YmoA	MH328007.1:c2443-2234	IKOJAIBE_00005

DiscRep_SUB:FEATURE_LOCATION_CONFLICT::Coding region xref gene does not exist
plasmid_files_fasta/MH328007.1_results/PROKKA_10092018:CDS	DNA topoisomerase 3	MH328007.1:c4420-2447	IKOJAIBE_00006

DiscRep_SUB:FEATURE_LOCATION_CONFLICT::Coding region xref gene does not exist
plasmid_files_fasta/MH328007.1_results/PROKKA_10092018:CDS	hypothetical protein	MH328007.1:c5034-4768	IKOJAIBE_00007

DiscRep_SUB:FEATURE_LOCATION_CONFLICT::Coding region xref gene does not exist
plasmid_files_fasta/MH328007.1_results/PROKKA_10092018:CDS	hypothetical protein	MH328007.1:c5331-5056	IKOJAIBE_00008

DiscRep_SUB:FEATURE_LOCATION_CONFLICT::Coding region xref gene does not exist
plasmid_files_fasta/MH328007.1_results/PROKKA_10092018:CDS	hypothetical protein	MH328007.1:c5567-5343	IKOJAIBE_00009

DiscRep_SUB:FEATURE_LOCATION_CONFLICT::Coding region xref gene does not exist
plasmid_files_fasta/MH328007.1_results/PROKKA_10092018:CDS	hypothetical protein	MH328007.1:c5794-5657	IKOJAIBE_00010

DiscRep_SUB:FEATURE_LOCATION_CONFLICT::Coding region xref gene does not exist
plasmid_files_fasta/MH328007.1_results/PROKKA_10092018:CDS	hypothetical protein	MH328007.1:c6131-5871	IKOJAIBE_00011

DiscRep_SUB:FEATURE_LOCATION_CONFLICT::Coding region xref gene does not exist
plasmid_files_fasta/MH328007.1_results/PROKKA_10092018:CDS	hypothetical protein	MH328007.1:c6389-6177	IKOJAIBE_00012

DiscRep_SUB:FEATURE_LOCATION_CONFLICT::Coding region xref gene does not exist
plasmid_files_fasta/MH328007.1_results/PROKKA_10092018:CDS	hypothetical protein	MH328007.1:c6795-6349	IKOJAIBE_00013

DiscRep_SUB:FEATURE_LOCATION_CONFLICT::Coding region xref gene does not exist
plasmid_files_fasta/MH328007.1_results/PROKKA_10092018:CDS	hypothetical protein	MH328007.1:c7054-6773	IKOJAIBE_00014

DiscRep_SUB:FEATURE_LOCATION_CONFLICT::Coding region xref gene does not exist
plasmid_files_fasta/MH328007.1_results/PROKKA_10092018:CDS	hypothetical protein	MH328007.1:c7280-7059	IKOJAIBE_00015

DiscRep_SUB:FEATURE_LOCATION_CONFLICT::Coding region xref gene does not exist
plasmid_files_fasta/MH328007.1_results/PROKKA_10092018:CDS	hypothetical protein	MH328007.1:c7522-7277	IKOJAIBE_00016

DiscRep_SUB:FEATURE_LOCATION_CONFLICT::Coding region xref gene does not exist
plasmid_files_fasta/MH328007.1_results/PROKKA_10092018:CDS	hypothetical protein	MH328007.1:c8061-7519	IKOJAIBE_00017

DiscRep_SUB:FEATURE_LOCATION_CONFLICT::Coding region xref gene does not exist
plasmid_files_fasta/MH328007.1_results/PROKKA_10092018:CDS	Chaperone protein DnaJ	MH328007.1:c8676-8152	IKOJAIBE_00018

DiscRep_SUB:FEATURE_LOCATION_CONFLICT::Coding region xref gene does not exist
plasmid_files_fasta/MH328007.1_results/PROKKA_10092018:CDS	hypothetical protein	MH328007.1:8784-9143	IKOJAIBE_00019

DiscRep_SUB:FEATURE_LOCATION_CONFLICT::Coding region xref gene does not exist
plasmid_files_fasta/MH328007.1_results/PROKKA_10092018:CDS	hypothetical protein	MH328007.1:9704-10684	IKOJAIBE_00020

DiscRep_SUB:FEATURE_LOCATION_CONFLICT::Coding region xref gene does not exist
plasmid_files_fasta/MH328007.1_results/PROKKA_10092018:CDS	hypothetical protein	MH328007.1:10684-11115	IKOJAIBE_00021

DiscRep_SUB:FEATURE_LOCATION_CONFLICT::Coding region xref gene does not exist
plasmid_files_fasta/MH328007.1_results/PROKKA_10092018:CDS	hypothetical protein	MH328007.1:11217-11576	IKOJAIBE_00022

DiscRep_SUB:FEATURE_LOCATION_CONFLICT::Coding region xref gene does not exist
plasmid_files_fasta/MH328007.1_results/PROKKA_10092018:CDS	hypothetical protein	MH328007.1:11589-12107	IKOJAIBE_00023

DiscRep_SUB:FEATURE_LOCATION_CONFLICT::Coding region xref gene does not exist
plasmid_files_fasta/MH328007.1_results/PROKKA_10092018:CDS	hypothetical protein	MH328007.1:c12285-12112	IKOJAIBE_00024

DiscRep_SUB:FEATURE_LOCATION_CONFLICT::Coding region xref gene does not exist
plasmid_files_fasta/MH328007.1_results/PROKKA_10092018:CDS	hypothetical protein	MH328007.1:c15427-12422	IKOJAIBE_00025

DiscRep_SUB:FEATURE_LOCATION_CONFLICT::Coding region xref gene does not exist
plasmid_files_fasta/MH328007.1_results/PROKKA_10092018:CDS	Transposon Tn3 resolvase	MH328007.1:15590-16147	IKOJAIBE_00026

DiscRep_SUB:FEATURE_LOCATION_CONFLICT::Coding region xref gene does not exist
plasmid_files_fasta/MH328007.1_results/PROKKA_10092018:CDS	hypothetical protein	MH328007.1:16270-17250	IKOJAIBE_00027

DiscRep_SUB:FEATURE_LOCATION_CONFLICT::Coding region xref gene does not exist
plasmid_files_fasta/MH328007.1_results/PROKKA_10092018:CDS	Carbapenem-hydrolyzing beta-lactamase KPC	MH328007.1:17526-18407	IKOJAIBE_00028

DiscRep_SUB:FEATURE_LOCATION_CONFLICT::Coding region xref gene does not exist
plasmid_files_fasta/MH328007.1_results/PROKKA_10092018:CDS	hypothetical protein	MH328007.1:c19637-18657	IKOJAIBE_00029

DiscRep_SUB:FEATURE_LOCATION_CONFLICT::Coding region xref gene does not exist
plasmid_files_fasta/MH328007.1_results/PROKKA_10092018:CDS	hypothetical protein	MH328007.1:c19938-19642	IKOJAIBE_00030

DiscRep_SUB:FEATURE_LOCATION_CONFLICT::Coding region xref gene does not exist
plasmid_files_fasta/MH328007.1_results/PROKKA_10092018:CDS	hypothetical protein	MH328007.1:c20139-19984	IKOJAIBE_00031

DiscRep_SUB:FEATURE_LOCATION_CONFLICT::Coding region xref gene does not exist
plasmid_files_fasta/MH328007.1_results/PROKKA_10092018:CDS	Antirestriction protein KlcA	MH328007.1:c20692-20267	IKOJAIBE_00032

DiscRep_SUB:FEATURE_LOCATION_CONFLICT::Coding region xref gene does not exist
plasmid_files_fasta/MH328007.1_results/PROKKA_10092018:CDS	hypothetical protein	MH328007.1:c21081-20803	IKOJAIBE_00033

DiscRep_SUB:FEATURE_LOCATION_CONFLICT::Coding region xref gene does not exist
plasmid_files_fasta/MH328007.1_results/PROKKA_10092018:CDS	hypothetical protein	MH328007.1:c22175-21615	IKOJAIBE_00034

DiscRep_SUB:FEATURE_LOCATION_CONFLICT::Coding region xref gene does not exist
plasmid_files_fasta/MH328007.1_results/PROKKA_10092018:CDS	hypothetical protein	MH328007.1:c23578-23297	IKOJAIBE_00035

DiscRep_SUB:FEATURE_LOCATION_CONFLICT::Coding region xref gene does not exist
plasmid_files_fasta/MH328007.1_results/PROKKA_10092018:CDS	hypothetical protein	MH328007.1:c23881-23612	IKOJAIBE_00036

DiscRep_SUB:FEATURE_LOCATION_CONFLICT::Coding region xref gene does not exist
plasmid_files_fasta/MH328007.1_results/PROKKA_10092018:CDS	hypothetical protein	MH328007.1:c24211-23885	IKOJAIBE_00037

DiscRep_ALL:DISC_QUALITY_SCORES::Quality scores are missing on all sequences.

DiscRep_ALL:ONCALLER_COMMENT_PRESENT::1 comment descriptors were found (all same)
plasmid_files_fasta/MH328007.1_results/PROKKA_10092018:MH328007.1:Annotated using prokka 1.14-dev from https://github.com/tseemann/prokka

DiscRep_ALL:SHORT_PROT_SEQUENCES::2 protein sequences are shorter than 50 aa.
plasmid_files_fasta/MH328007.1_results/PROKKA_10092018:MH328007.1_1 (length 42)
plasmid_files_fasta/MH328007.1_results/PROKKA_10092018:MH328007.1_10 (length 45)

DiscRep_ALL:MISSING_GENOMEASSEMBLY_COMMENTS::1 bioseqs are missing GenomeAssembly structured comments
plasmid_files_fasta/MH328007.1_results/PROKKA_10092018:MH328007.1 (length 24228)

DiscRep_ALL:MOLTYPE_NOT_MRNA::1 molecule types are not set as mRNA.
plasmid_files_fasta/MH328007.1_results/PROKKA_10092018:MH328007.1 (length 24228)

DiscRep_ALL:TECHNIQUE_NOT_TSA::1 technique are not set as TSA
plasmid_files_fasta/MH328007.1_results/PROKKA_10092018:MH328007.1 (length 24228)

DiscRep_ALL:MISSING_STRUCTURED_COMMENT::1 sequences do not include structured comments.
plasmid_files_fasta/MH328007.1_results/PROKKA_10092018:MH328007.1 (length 24228)

DiscRep_ALL:MISSING_PROJECT::38 sequences do not include project.
plasmid_files_fasta/MH328007.1_results/PROKKA_10092018:MH328007.1 (length 24228)
plasmid_files_fasta/MH328007.1_results/PROKKA_10092018:MH328007.1_1 (length 42)
plasmid_files_fasta/MH328007.1_results/PROKKA_10092018:MH328007.1_2 (length 94)
plasmid_files_fasta/MH328007.1_results/PROKKA_10092018:MH328007.1_3 (length 214)
plasmid_files_fasta/MH328007.1_results/PROKKA_10092018:MH328007.1_4 (length 156)
plasmid_files_fasta/MH328007.1_results/PROKKA_10092018:MH328007.1_5 (length 69)
plasmid_files_fasta/MH328007.1_results/PROKKA_10092018:MH328007.1_6 (length 657)
plasmid_files_fasta/MH328007.1_results/PROKKA_10092018:MH328007.1_7 (length 88)
plasmid_files_fasta/MH328007.1_results/PROKKA_10092018:MH328007.1_8 (length 91)
plasmid_files_fasta/MH328007.1_results/PROKKA_10092018:MH328007.1_9 (length 74)
plasmid_files_fasta/MH328007.1_results/PROKKA_10092018:MH328007.1_10 (length 45)
plasmid_files_fasta/MH328007.1_results/PROKKA_10092018:MH328007.1_11 (length 86)
plasmid_files_fasta/MH328007.1_results/PROKKA_10092018:MH328007.1_12 (length 70)
plasmid_files_fasta/MH328007.1_results/PROKKA_10092018:MH328007.1_13 (length 148)
plasmid_files_fasta/MH328007.1_results/PROKKA_10092018:MH328007.1_14 (length 93)
plasmid_files_fasta/MH328007.1_results/PROKKA_10092018:MH328007.1_15 (length 73)
plasmid_files_fasta/MH328007.1_results/PROKKA_10092018:MH328007.1_16 (length 81)
plasmid_files_fasta/MH328007.1_results/PROKKA_10092018:MH328007.1_17 (length 180)
plasmid_files_fasta/MH328007.1_results/PROKKA_10092018:MH328007.1_18 (length 174)
plasmid_files_fasta/MH328007.1_results/PROKKA_10092018:MH328007.1_19 (length 119)
plasmid_files_fasta/MH328007.1_results/PROKKA_10092018:MH328007.1_20 (length 326)
plasmid_files_fasta/MH328007.1_results/PROKKA_10092018:MH328007.1_21 (length 143)
plasmid_files_fasta/MH328007.1_results/PROKKA_10092018:MH328007.1_22 (length 119)
plasmid_files_fasta/MH328007.1_results/PROKKA_10092018:MH328007.1_23 (length 172)
plasmid_files_fasta/MH328007.1_results/PROKKA_10092018:MH328007.1_24 (length 57)
plasmid_files_fasta/MH328007.1_results/PROKKA_10092018:MH328007.1_25 (length 1001)
plasmid_files_fasta/MH328007.1_results/PROKKA_10092018:MH328007.1_26 (length 185)
plasmid_files_fasta/MH328007.1_results/PROKKA_10092018:MH328007.1_27 (length 326)
plasmid_files_fasta/MH328007.1_results/PROKKA_10092018:MH328007.1_28 (length 293)
plasmid_files_fasta/MH328007.1_results/PROKKA_10092018:MH328007.1_29 (length 326)
plasmid_files_fasta/MH328007.1_results/PROKKA_10092018:MH328007.1_30 (length 98)
plasmid_files_fasta/MH328007.1_results/PROKKA_10092018:MH328007.1_31 (length 51)
plasmid_files_fasta/MH328007.1_results/PROKKA_10092018:MH328007.1_32 (length 141)
plasmid_files_fasta/MH328007.1_results/PROKKA_10092018:MH328007.1_33 (length 92)
plasmid_files_fasta/MH328007.1_results/PROKKA_10092018:MH328007.1_34 (length 186)
plasmid_files_fasta/MH328007.1_results/PROKKA_10092018:MH328007.1_35 (length 93)
plasmid_files_fasta/MH328007.1_results/PROKKA_10092018:MH328007.1_36 (length 89)
plasmid_files_fasta/MH328007.1_results/PROKKA_10092018:MH328007.1_37 (length 108)

DiscRep_ALL:DISC_INCONSISTENT_MOLINFO_TECH::Molinfo Technique Report (some missing, all same)
DiscRep_SUB:DISC_INCONSISTENT_MOLINFO_TECH::technique (all missing)
DiscRep_SUB:DISC_INCONSISTENT_MOLINFO_TECH::1 Molinfos are missing field technique
plasmid_files_fasta/MH328007.1_results/PROKKA_10092018:MH328007.1 (length 24228)

