[15:22:46] This is prokka 1.14-dev
[15:22:46] Written by Torsten Seemann <torsten.seemann@gmail.com>
[15:22:46] Homepage is https://github.com/tseemann/prokka
[15:22:46] Local time is Tue Oct  9 15:22:46 2018
[15:22:46] You are christian
[15:22:46] Operating system is linux
[15:22:46] You have BioPerl 1.007002
[15:22:46] System has 20 cores.
[15:22:46] Will use maximum of 20 cores.
[15:22:46] Annotating as >>> Bacteria <<<
[15:22:46] Generating locus_tag from 'plasmid_files_fasta/CP026418.1.fasta' contents.
[15:22:46] Setting --locustag GAHFFAKJ from MD5 0a1ffa43a2d1116ca5a92be1dac059f8
[15:22:46] Creating new output folder: plasmid_files_fasta/CP026418.1_results
[15:22:46] Running: mkdir -p plasmid_files_fasta\/CP026418\.1_results
[15:22:46] Using filename prefix: PROKKA_10092018.XXX
[15:22:46] Setting HMMER_NCPU=1
[15:22:46] Writing log to: plasmid_files_fasta/CP026418.1_results/PROKKA_10092018.log
[15:22:46] Command: /home/christian/install/prokka/bin/prokka plasmid_files_fasta/CP026418.1.fasta --outdir plasmid_files_fasta/CP026418.1_results --cpus 20 --force
[15:22:46] Appending to PATH: /home/christian/install/prokka/bin/../binaries/linux
[15:22:46] Appending to PATH: /home/christian/install/prokka/bin/../binaries/linux/../common
[15:22:46] Appending to PATH: /home/christian/install/prokka/bin
[15:22:46] Looking for 'aragorn' - found /home/christian/install/prokka/bin/../binaries/linux/aragorn
[15:22:46] Determined aragorn version is 1.2
[15:22:46] Looking for 'blastp' - found /usr/bin/blastp
[15:22:46] Determined blastp version is 2.2
[15:22:46] Looking for 'cmpress' - found /usr/local/bin/cmpress
[15:22:46] Determined cmpress version is 1.1
[15:22:46] Looking for 'cmscan' - found /usr/local/bin/cmscan
[15:22:46] Determined cmscan version is 1.1
[15:22:46] Looking for 'egrep' - found /bin/egrep
[15:22:46] Looking for 'find' - found /usr/bin/find
[15:22:46] Looking for 'grep' - found /bin/grep
[15:22:46] Looking for 'hmmpress' - found /usr/local/bin/hmmpress
[15:22:46] Determined hmmpress version is 3.1
[15:22:46] Looking for 'hmmscan' - found /usr/local/bin/hmmscan
[15:22:46] Determined hmmscan version is 3.1
[15:22:46] Looking for 'java' - found /usr/bin/java
[15:22:46] Looking for 'less' - found /usr/bin/less
[15:22:46] Looking for 'makeblastdb' - found /usr/bin/makeblastdb
[15:22:46] Determined makeblastdb version is 2.2
[15:22:46] Looking for 'minced' - found /home/christian/install/prokka/bin/../binaries/linux/../common/minced
[15:22:46] Determined minced version is 2.0
[15:22:46] Looking for 'parallel' - found /usr/bin/parallel
[15:22:46] Determined parallel version is 20141022
[15:22:46] Looking for 'prodigal' - found /usr/local/bin/prodigal
[15:22:46] Determined prodigal version is 2.6
[15:22:46] Looking for 'prokka-genbank_to_fasta_db' - found /home/christian/install/prokka/bin/prokka-genbank_to_fasta_db
[15:22:46] Looking for 'sed' - found /bin/sed
[15:22:46] Looking for 'tbl2asn' - found /home/christian/install/prokka/bin/../binaries/linux/tbl2asn
[15:22:46] Determined tbl2asn version is 25.6
[15:22:46] Using genetic code table 11.
[15:22:46] Loading and checking input file: plasmid_files_fasta/CP026418.1.fasta
[15:22:46] Wrote 1 contigs totalling 43928 bp.
[15:22:46] Predicting tRNAs and tmRNAs
[15:22:46] Running: aragorn -l -gc11  -w plasmid_files_fasta\/CP026418\.1_results\/PROKKA_10092018\.fna
[15:22:46] Found 0 tRNAs
[15:22:46] Predicting Ribosomal RNAs
[15:22:46] You need either Barrnap or RNAmmer installed to predict rRNAs!
[15:22:46] Skipping ncRNA search, enable with --rfam if desired.
[15:22:46] Total of 0 tRNA + rRNA features
[15:22:46] Searching for CRISPR repeats
[15:22:46] Found 0 CRISPRs
[15:22:46] Predicting coding sequences
[15:22:46] Contigs total 43928 bp, so using meta mode
[15:22:46] Running: prodigal -i plasmid_files_fasta\/CP026418\.1_results\/PROKKA_10092018\.fna -c -m -g 11 -p meta -f sco -q
[15:22:47] Found 52 CDS
[15:22:47] Connecting features back to sequences
[15:22:47] Not using genus-specific database. Try --usegenus to enable it.
[15:22:47] Annotating CDS, please be patient.
[15:22:47] Will use 20 CPUs for similarity searching.
[15:22:47] There are still 52 unannotated CDS left (started with 52)
[15:22:47] Will use blast to search against /home/christian/install/prokka/db/kingdom/Bacteria/sprot with 20 CPUs
[15:22:47] Running: cat plasmid_files_fasta\/CP026418\.1_results\/sprot\.faa | parallel --gnu --plain -j 20 --block 310 --recstart '>' --pipe blastp -query - -db /home/christian/install/prokka/db/kingdom/Bacteria/sprot -evalue 1e-06 -num_threads 1 -num_descriptions 1 -num_alignments 1 -seg no > plasmid_files_fasta\/CP026418\.1_results\/sprot\.blast 2> /dev/null
[15:22:47] Modify product: Uncharacterized ABC transporter ATP-binding protein YbiT => putative ABC transporter ATP-binding protein YbiT
[15:22:47] Modify product: Uncharacterized signaling protein PA1727 => putative signaling protein
[15:22:47] Modify product: Uncharacterized ABC transporter ATP-binding protein HI_0658 => putative ABC transporter ATP-binding protein
[15:22:47] Modify product: Uncharacterized ABC transporter ATP-binding protein HI_0658 => putative ABC transporter ATP-binding protein
[15:22:47] Cleaned 4 /product names
[15:22:47] Deleting unwanted file: plasmid_files_fasta/CP026418.1_results/sprot.faa
[15:22:47] Deleting unwanted file: plasmid_files_fasta/CP026418.1_results/sprot.blast
[15:22:47] There are still 27 unannotated CDS left (started with 52)
[15:22:47] Will use hmmer3 to search against /home/christian/install/prokka/db/hmm/HAMAP.hmm with 20 CPUs
[15:22:47] Running: cat plasmid_files_fasta\/CP026418\.1_results\/HAMAP\.hmm\.faa | parallel --gnu --plain -j 20 --block 150 --recstart '>' --pipe hmmscan --noali --notextw --acc -E 1e-06 --cpu 1 /home/christian/install/prokka/db/hmm/HAMAP.hmm /dev/stdin > plasmid_files_fasta\/CP026418\.1_results\/HAMAP\.hmm\.hmmer3 2> /dev/null
[15:22:48] Deleting unwanted file: plasmid_files_fasta/CP026418.1_results/HAMAP.hmm.faa
[15:22:48] Deleting unwanted file: plasmid_files_fasta/CP026418.1_results/HAMAP.hmm.hmmer3
[15:22:48] Labelling remaining 27 proteins as 'hypothetical protein'
[15:22:48] Found 21 unique /gene codes.
[15:22:48] Fixed 0 colliding /gene names.
[15:22:48] Adding /locus_tag identifiers
[15:22:48] Assigned 52 locus_tags to CDS and RNA features.
[15:22:48] Writing outputs to plasmid_files_fasta/CP026418.1_results/
[15:22:48] Generating annotation statistics file
[15:22:48] Generating Genbank and Sequin files
[15:22:48] Running: tbl2asn -V b -a r10k -l paired-ends -M n -N 1 -y 'Annotated using prokka 1.14-dev from https://github.com/tseemann/prokka' -Z plasmid_files_fasta\/CP026418\.1_results\/PROKKA_10092018\.err -i plasmid_files_fasta\/CP026418\.1_results\/PROKKA_10092018\.fsa 2> /dev/null
[15:22:48] Deleting unwanted file: plasmid_files_fasta/CP026418.1_results/errorsummary.val
[15:22:48] Deleting unwanted file: plasmid_files_fasta/CP026418.1_results/PROKKA_10092018.dr
[15:22:48] Deleting unwanted file: plasmid_files_fasta/CP026418.1_results/PROKKA_10092018.fixedproducts
[15:22:48] Deleting unwanted file: plasmid_files_fasta/CP026418.1_results/PROKKA_10092018.ecn
[15:22:48] Deleting unwanted file: plasmid_files_fasta/CP026418.1_results/PROKKA_10092018.val
[15:22:48] Repairing broken .GBK output that tbl2asn produces...
[15:22:48] Running: sed 's/COORDINATES: profile/COORDINATES:profile/' < plasmid_files_fasta\/CP026418\.1_results\/PROKKA_10092018\.gbf > plasmid_files_fasta\/CP026418\.1_results\/PROKKA_10092018\.gbk
[15:22:48] Deleting unwanted file: plasmid_files_fasta/CP026418.1_results/PROKKA_10092018.gbf
[15:22:48] Output files:
[15:22:48] plasmid_files_fasta/CP026418.1_results/PROKKA_10092018.ffn
[15:22:48] plasmid_files_fasta/CP026418.1_results/PROKKA_10092018.tbl
[15:22:48] plasmid_files_fasta/CP026418.1_results/PROKKA_10092018.log
[15:22:48] plasmid_files_fasta/CP026418.1_results/PROKKA_10092018.fna
[15:22:48] plasmid_files_fasta/CP026418.1_results/PROKKA_10092018.fsa
[15:22:48] plasmid_files_fasta/CP026418.1_results/PROKKA_10092018.tsv
[15:22:48] plasmid_files_fasta/CP026418.1_results/PROKKA_10092018.faa
[15:22:48] plasmid_files_fasta/CP026418.1_results/PROKKA_10092018.gbk
[15:22:48] plasmid_files_fasta/CP026418.1_results/PROKKA_10092018.sqn
[15:22:48] plasmid_files_fasta/CP026418.1_results/PROKKA_10092018.err
[15:22:48] plasmid_files_fasta/CP026418.1_results/PROKKA_10092018.txt
[15:22:48] plasmid_files_fasta/CP026418.1_results/PROKKA_10092018.gff
[15:22:48] Annotation finished successfully.
[15:22:48] Walltime used: 0.03 minutes
[15:22:48] If you use this result please cite the Prokka paper:
[15:22:48] Seemann T (2014) Prokka: rapid prokaryotic genome annotation. Bioinformatics. 30(14):2068-9.
[15:22:48] Type 'prokka --citation' for more details.
[15:22:48] Thank you, come again.
