Discrepancy Report Results

Summary
FATAL: MISSING_PROTEIN_ID:63 proteins have invalid IDs.
DISC_SOURCE_QUALS_ASNDISC:strain (all present, all unique)
DISC_SOURCE_QUALS_ASNDISC:taxname (all present, all unique)
DISC_FEATURE_COUNT:CDS: 63 present
DISC_COUNT_NUCLEOTIDES:1 nucleotide Bioseqs are present
FEATURE_LOCATION_CONFLICT:63 features have inconsistent gene locations.
DISC_QUALITY_SCORES:Quality scores are missing on all sequences.
ONCALLER_COMMENT_PRESENT:1 comment descriptors were found (all same)
MISSING_GENOMEASSEMBLY_COMMENTS:1 bioseqs are missing GenomeAssembly structured comments
MOLTYPE_NOT_MRNA:1 molecule types are not set as mRNA.
TECHNIQUE_NOT_TSA:1 technique are not set as TSA
MISSING_STRUCTURED_COMMENT:1 sequences do not include structured comments.
MISSING_PROJECT:64 sequences do not include project.
DISC_INCONSISTENT_MOLINFO_TECH:Molinfo Technique Report (some missing, all same)


Detailed Report

FATAL: DiscRep_ALL:MISSING_PROTEIN_ID::63 proteins have invalid IDs.
plasmid_files_fasta/CP027143.1_results/PROKKA_10092018:CP027143.1_1 (length 661)
plasmid_files_fasta/CP027143.1_results/PROKKA_10092018:CP027143.1_2 (length 275)
plasmid_files_fasta/CP027143.1_results/PROKKA_10092018:CP027143.1_3 (length 152)
plasmid_files_fasta/CP027143.1_results/PROKKA_10092018:CP027143.1_4 (length 196)
plasmid_files_fasta/CP027143.1_results/PROKKA_10092018:CP027143.1_5 (length 142)
plasmid_files_fasta/CP027143.1_results/PROKKA_10092018:CP027143.1_6 (length 122)
plasmid_files_fasta/CP027143.1_results/PROKKA_10092018:CP027143.1_7 (length 58)
plasmid_files_fasta/CP027143.1_results/PROKKA_10092018:CP027143.1_8 (length 154)
plasmid_files_fasta/CP027143.1_results/PROKKA_10092018:CP027143.1_9 (length 82)
plasmid_files_fasta/CP027143.1_results/PROKKA_10092018:CP027143.1_10 (length 107)
plasmid_files_fasta/CP027143.1_results/PROKKA_10092018:CP027143.1_11 (length 63)
plasmid_files_fasta/CP027143.1_results/PROKKA_10092018:CP027143.1_12 (length 129)
plasmid_files_fasta/CP027143.1_results/PROKKA_10092018:CP027143.1_13 (length 64)
plasmid_files_fasta/CP027143.1_results/PROKKA_10092018:CP027143.1_14 (length 255)
plasmid_files_fasta/CP027143.1_results/PROKKA_10092018:CP027143.1_15 (length 147)
plasmid_files_fasta/CP027143.1_results/PROKKA_10092018:CP027143.1_16 (length 227)
plasmid_files_fasta/CP027143.1_results/PROKKA_10092018:CP027143.1_17 (length 83)
plasmid_files_fasta/CP027143.1_results/PROKKA_10092018:CP027143.1_18 (length 91)
plasmid_files_fasta/CP027143.1_results/PROKKA_10092018:CP027143.1_19 (length 95)
plasmid_files_fasta/CP027143.1_results/PROKKA_10092018:CP027143.1_20 (length 149)
plasmid_files_fasta/CP027143.1_results/PROKKA_10092018:CP027143.1_21 (length 297)
plasmid_files_fasta/CP027143.1_results/PROKKA_10092018:CP027143.1_22 (length 79)
plasmid_files_fasta/CP027143.1_results/PROKKA_10092018:CP027143.1_23 (length 323)
plasmid_files_fasta/CP027143.1_results/PROKKA_10092018:CP027143.1_24 (length 449)
plasmid_files_fasta/CP027143.1_results/PROKKA_10092018:CP027143.1_25 (length 439)
plasmid_files_fasta/CP027143.1_results/PROKKA_10092018:CP027143.1_26 (length 293)
plasmid_files_fasta/CP027143.1_results/PROKKA_10092018:CP027143.1_27 (length 112)
plasmid_files_fasta/CP027143.1_results/PROKKA_10092018:CP027143.1_28 (length 259)
plasmid_files_fasta/CP027143.1_results/PROKKA_10092018:CP027143.1_29 (length 341)
plasmid_files_fasta/CP027143.1_results/PROKKA_10092018:CP027143.1_30 (length 1009)
plasmid_files_fasta/CP027143.1_results/PROKKA_10092018:CP027143.1_31 (length 571)
plasmid_files_fasta/CP027143.1_results/PROKKA_10092018:CP027143.1_32 (length 594)
plasmid_files_fasta/CP027143.1_results/PROKKA_10092018:CP027143.1_33 (length 183)
plasmid_files_fasta/CP027143.1_results/PROKKA_10092018:CP027143.1_34 (length 62)
plasmid_files_fasta/CP027143.1_results/PROKKA_10092018:CP027143.1_35 (length 610)
plasmid_files_fasta/CP027143.1_results/PROKKA_10092018:CP027143.1_36 (length 149)
plasmid_files_fasta/CP027143.1_results/PROKKA_10092018:CP027143.1_37 (length 190)
plasmid_files_fasta/CP027143.1_results/PROKKA_10092018:CP027143.1_38 (length 181)
plasmid_files_fasta/CP027143.1_results/PROKKA_10092018:CP027143.1_39 (length 85)
plasmid_files_fasta/CP027143.1_results/PROKKA_10092018:CP027143.1_40 (length 204)
plasmid_files_fasta/CP027143.1_results/PROKKA_10092018:CP027143.1_41 (length 218)
plasmid_files_fasta/CP027143.1_results/PROKKA_10092018:CP027143.1_42 (length 63)
plasmid_files_fasta/CP027143.1_results/PROKKA_10092018:CP027143.1_43 (length 153)
plasmid_files_fasta/CP027143.1_results/PROKKA_10092018:CP027143.1_44 (length 234)
plasmid_files_fasta/CP027143.1_results/PROKKA_10092018:CP027143.1_45 (length 142)
plasmid_files_fasta/CP027143.1_results/PROKKA_10092018:CP027143.1_46 (length 121)
plasmid_files_fasta/CP027143.1_results/PROKKA_10092018:CP027143.1_47 (length 128)
plasmid_files_fasta/CP027143.1_results/PROKKA_10092018:CP027143.1_48 (length 116)
plasmid_files_fasta/CP027143.1_results/PROKKA_10092018:CP027143.1_49 (length 228)
plasmid_files_fasta/CP027143.1_results/PROKKA_10092018:CP027143.1_50 (length 63)
plasmid_files_fasta/CP027143.1_results/PROKKA_10092018:CP027143.1_51 (length 178)
plasmid_files_fasta/CP027143.1_results/PROKKA_10092018:CP027143.1_52 (length 457)
plasmid_files_fasta/CP027143.1_results/PROKKA_10092018:CP027143.1_53 (length 277)
plasmid_files_fasta/CP027143.1_results/PROKKA_10092018:CP027143.1_54 (length 241)
plasmid_files_fasta/CP027143.1_results/PROKKA_10092018:CP027143.1_55 (length 324)
plasmid_files_fasta/CP027143.1_results/PROKKA_10092018:CP027143.1_56 (length 152)
plasmid_files_fasta/CP027143.1_results/PROKKA_10092018:CP027143.1_57 (length 270)
plasmid_files_fasta/CP027143.1_results/PROKKA_10092018:CP027143.1_58 (length 859)
plasmid_files_fasta/CP027143.1_results/PROKKA_10092018:CP027143.1_59 (length 119)
plasmid_files_fasta/CP027143.1_results/PROKKA_10092018:CP027143.1_60 (length 78)
plasmid_files_fasta/CP027143.1_results/PROKKA_10092018:CP027143.1_61 (length 115)
plasmid_files_fasta/CP027143.1_results/PROKKA_10092018:CP027143.1_62 (length 340)
plasmid_files_fasta/CP027143.1_results/PROKKA_10092018:CP027143.1_63 (length 237)

DiscRep_ALL:DISC_SOURCE_QUALS_ASNDISC::strain (all present, all unique)
DiscRep_SUB:DISC_SOURCE_QUALS_ASNDISC::1 sources have unique values for strain
DiscRep_ALL:DISC_SOURCE_QUALS_ASNDISC::taxname (all present, all unique)
DiscRep_SUB:DISC_SOURCE_QUALS_ASNDISC::1 sources have unique values for taxname
DiscRep_ALL:DISC_FEATURE_COUNT::CDS: 63 present
DiscRep_ALL:DISC_COUNT_NUCLEOTIDES::1 nucleotide Bioseqs are present
plasmid_files_fasta/CP027143.1_results/PROKKA_10092018:CP027143.1 (length 51949)

DiscRep_ALL:FEATURE_LOCATION_CONFLICT::63 features have inconsistent gene locations.
DiscRep_SUB:FEATURE_LOCATION_CONFLICT::Coding region xref gene does not exist
plasmid_files_fasta/CP027143.1_results/PROKKA_10092018:CDS	hypothetical protein	CP027143.1:375-2360	EKOOMCPJ_00001

DiscRep_SUB:FEATURE_LOCATION_CONFLICT::Coding region xref gene does not exist
plasmid_files_fasta/CP027143.1_results/PROKKA_10092018:CDS	hypothetical protein	CP027143.1:2363-3190	EKOOMCPJ_00002

DiscRep_SUB:FEATURE_LOCATION_CONFLICT::Coding region xref gene does not exist
plasmid_files_fasta/CP027143.1_results/PROKKA_10092018:CDS	hypothetical protein	CP027143.1:3187-3645	EKOOMCPJ_00003

DiscRep_SUB:FEATURE_LOCATION_CONFLICT::Coding region xref gene does not exist
plasmid_files_fasta/CP027143.1_results/PROKKA_10092018:CDS	hypothetical protein	CP027143.1:3629-4219	EKOOMCPJ_00004

DiscRep_SUB:FEATURE_LOCATION_CONFLICT::Coding region xref gene does not exist
plasmid_files_fasta/CP027143.1_results/PROKKA_10092018:CDS	Antirestriction protein KlcA	CP027143.1:c4679-4251	EKOOMCPJ_00005

DiscRep_SUB:FEATURE_LOCATION_CONFLICT::Coding region xref gene does not exist
plasmid_files_fasta/CP027143.1_results/PROKKA_10092018:CDS	hypothetical protein	CP027143.1:c5220-4852	EKOOMCPJ_00006

DiscRep_SUB:FEATURE_LOCATION_CONFLICT::Coding region xref gene does not exist
plasmid_files_fasta/CP027143.1_results/PROKKA_10092018:CDS	hypothetical protein	CP027143.1:5444-5620	EKOOMCPJ_00007

DiscRep_SUB:FEATURE_LOCATION_CONFLICT::Coding region xref gene does not exist
plasmid_files_fasta/CP027143.1_results/PROKKA_10092018:CDS	Thermonuclease	CP027143.1:5620-6084	EKOOMCPJ_00008

DiscRep_SUB:FEATURE_LOCATION_CONFLICT::Coding region xref gene does not exist
plasmid_files_fasta/CP027143.1_results/PROKKA_10092018:CDS	hypothetical protein	CP027143.1:6182-6430	EKOOMCPJ_00009

DiscRep_SUB:FEATURE_LOCATION_CONFLICT::Coding region xref gene does not exist
plasmid_files_fasta/CP027143.1_results/PROKKA_10092018:CDS	hypothetical protein	CP027143.1:6430-6753	EKOOMCPJ_00010

DiscRep_SUB:FEATURE_LOCATION_CONFLICT::Coding region xref gene does not exist
plasmid_files_fasta/CP027143.1_results/PROKKA_10092018:CDS	hypothetical protein	CP027143.1:6914-7105	EKOOMCPJ_00011

DiscRep_SUB:FEATURE_LOCATION_CONFLICT::Coding region xref gene does not exist
plasmid_files_fasta/CP027143.1_results/PROKKA_10092018:CDS	hypothetical protein	CP027143.1:c7745-7356	EKOOMCPJ_00012

DiscRep_SUB:FEATURE_LOCATION_CONFLICT::Coding region xref gene does not exist
plasmid_files_fasta/CP027143.1_results/PROKKA_10092018:CDS	hypothetical protein	CP027143.1:7851-8045	EKOOMCPJ_00013

DiscRep_SUB:FEATURE_LOCATION_CONFLICT::Coding region xref gene does not exist
plasmid_files_fasta/CP027143.1_results/PROKKA_10092018:CDS	Tyrosine recombinase XerD	CP027143.1:8361-9128	EKOOMCPJ_00014

DiscRep_SUB:FEATURE_LOCATION_CONFLICT::Coding region xref gene does not exist
plasmid_files_fasta/CP027143.1_results/PROKKA_10092018:CDS	hypothetical protein	CP027143.1:9365-9808	EKOOMCPJ_00015

DiscRep_SUB:FEATURE_LOCATION_CONFLICT::Coding region xref gene does not exist
plasmid_files_fasta/CP027143.1_results/PROKKA_10092018:CDS	hypothetical protein	CP027143.1:9935-10618	EKOOMCPJ_00016

DiscRep_SUB:FEATURE_LOCATION_CONFLICT::Coding region xref gene does not exist
plasmid_files_fasta/CP027143.1_results/PROKKA_10092018:CDS	hypothetical protein	CP027143.1:10709-10960	EKOOMCPJ_00017

DiscRep_SUB:FEATURE_LOCATION_CONFLICT::Coding region xref gene does not exist
plasmid_files_fasta/CP027143.1_results/PROKKA_10092018:CDS	hypothetical protein	CP027143.1:11036-11311	EKOOMCPJ_00018

DiscRep_SUB:FEATURE_LOCATION_CONFLICT::Coding region xref gene does not exist
plasmid_files_fasta/CP027143.1_results/PROKKA_10092018:CDS	hypothetical protein	CP027143.1:11482-11769	EKOOMCPJ_00019

DiscRep_SUB:FEATURE_LOCATION_CONFLICT::Coding region xref gene does not exist
plasmid_files_fasta/CP027143.1_results/PROKKA_10092018:CDS	hypothetical protein	CP027143.1:11848-12297	EKOOMCPJ_00020

DiscRep_SUB:FEATURE_LOCATION_CONFLICT::Coding region xref gene does not exist
plasmid_files_fasta/CP027143.1_results/PROKKA_10092018:CDS	hypothetical protein	CP027143.1:c13848-12955	EKOOMCPJ_00021

DiscRep_SUB:FEATURE_LOCATION_CONFLICT::Coding region xref gene does not exist
plasmid_files_fasta/CP027143.1_results/PROKKA_10092018:CDS	hypothetical protein	CP027143.1:c14492-14253	EKOOMCPJ_00022

DiscRep_SUB:FEATURE_LOCATION_CONFLICT::Coding region xref gene does not exist
plasmid_files_fasta/CP027143.1_results/PROKKA_10092018:CDS	hypothetical protein	CP027143.1:c15802-14831	EKOOMCPJ_00023

DiscRep_SUB:FEATURE_LOCATION_CONFLICT::Coding region xref gene does not exist
plasmid_files_fasta/CP027143.1_results/PROKKA_10092018:CDS	hypothetical protein	CP027143.1:c17197-15848	EKOOMCPJ_00024

DiscRep_SUB:FEATURE_LOCATION_CONFLICT::Coding region xref gene does not exist
plasmid_files_fasta/CP027143.1_results/PROKKA_10092018:CDS	hypothetical protein	CP027143.1:17476-18795	EKOOMCPJ_00025

DiscRep_SUB:FEATURE_LOCATION_CONFLICT::Coding region xref gene does not exist
plasmid_files_fasta/CP027143.1_results/PROKKA_10092018:CDS	Carbapenem-hydrolyzing beta-lactamase KPC	CP027143.1:c19926-19045	EKOOMCPJ_00026

DiscRep_SUB:FEATURE_LOCATION_CONFLICT::Coding region xref gene does not exist
plasmid_files_fasta/CP027143.1_results/PROKKA_10092018:CDS	hypothetical protein	CP027143.1:c20316-19978	EKOOMCPJ_00027

DiscRep_SUB:FEATURE_LOCATION_CONFLICT::Coding region xref gene does not exist
plasmid_files_fasta/CP027143.1_results/PROKKA_10092018:CDS	Insertion sequence IS5376 putative ATP-binding protein	CP027143.1:c21092-20313	EKOOMCPJ_00028

DiscRep_SUB:FEATURE_LOCATION_CONFLICT::Coding region xref gene does not exist
plasmid_files_fasta/CP027143.1_results/PROKKA_10092018:CDS	hypothetical protein	CP027143.1:c22114-21089	EKOOMCPJ_00029

DiscRep_SUB:FEATURE_LOCATION_CONFLICT::Coding region xref gene does not exist
plasmid_files_fasta/CP027143.1_results/PROKKA_10092018:CDS	hypothetical protein	CP027143.1:c25250-22221	EKOOMCPJ_00030

DiscRep_SUB:FEATURE_LOCATION_CONFLICT::Coding region xref gene does not exist
plasmid_files_fasta/CP027143.1_results/PROKKA_10092018:CDS	Tyrosine recombinase XerD	CP027143.1:25360-27075	EKOOMCPJ_00031

DiscRep_SUB:FEATURE_LOCATION_CONFLICT::Coding region xref gene does not exist
plasmid_files_fasta/CP027143.1_results/PROKKA_10092018:CDS	hypothetical protein	CP027143.1:c28867-27083	EKOOMCPJ_00032

DiscRep_SUB:FEATURE_LOCATION_CONFLICT::Coding region xref gene does not exist
plasmid_files_fasta/CP027143.1_results/PROKKA_10092018:CDS	Transposon gamma-delta resolvase	CP027143.1:29031-29582	EKOOMCPJ_00033

DiscRep_SUB:FEATURE_LOCATION_CONFLICT::Coding region xref gene does not exist
plasmid_files_fasta/CP027143.1_results/PROKKA_10092018:CDS	hypothetical protein	CP027143.1:29598-29786	EKOOMCPJ_00034

DiscRep_SUB:FEATURE_LOCATION_CONFLICT::Coding region xref gene does not exist
plasmid_files_fasta/CP027143.1_results/PROKKA_10092018:CDS	hypothetical protein	CP027143.1:29862-31694	EKOOMCPJ_00035

DiscRep_SUB:FEATURE_LOCATION_CONFLICT::Coding region xref gene does not exist
plasmid_files_fasta/CP027143.1_results/PROKKA_10092018:CDS	hypothetical protein	CP027143.1:c32220-31771	EKOOMCPJ_00036

DiscRep_SUB:FEATURE_LOCATION_CONFLICT::Coding region xref gene does not exist
plasmid_files_fasta/CP027143.1_results/PROKKA_10092018:CDS	DNA-invertase hin	CP027143.1:c32829-32257	EKOOMCPJ_00037

DiscRep_SUB:FEATURE_LOCATION_CONFLICT::Coding region xref gene does not exist
plasmid_files_fasta/CP027143.1_results/PROKKA_10092018:CDS	hypothetical protein	CP027143.1:c33511-32966	EKOOMCPJ_00038

DiscRep_SUB:FEATURE_LOCATION_CONFLICT::Coding region xref gene does not exist
plasmid_files_fasta/CP027143.1_results/PROKKA_10092018:CDS	hypothetical protein	CP027143.1:c33829-33572	EKOOMCPJ_00039

DiscRep_SUB:FEATURE_LOCATION_CONFLICT::Coding region xref gene does not exist
plasmid_files_fasta/CP027143.1_results/PROKKA_10092018:CDS	DNA-invertase hin	CP027143.1:33991-34605	EKOOMCPJ_00040

DiscRep_SUB:FEATURE_LOCATION_CONFLICT::Coding region xref gene does not exist
plasmid_files_fasta/CP027143.1_results/PROKKA_10092018:CDS	Pentapeptide repeat protein	CP027143.1:c35580-34924	EKOOMCPJ_00041

DiscRep_SUB:FEATURE_LOCATION_CONFLICT::Coding region xref gene does not exist
plasmid_files_fasta/CP027143.1_results/PROKKA_10092018:CDS	hypothetical protein	CP027143.1:35948-36139	EKOOMCPJ_00042

DiscRep_SUB:FEATURE_LOCATION_CONFLICT::Coding region xref gene does not exist
plasmid_files_fasta/CP027143.1_results/PROKKA_10092018:CDS	hypothetical protein	CP027143.1:c36597-36136	EKOOMCPJ_00043

DiscRep_SUB:FEATURE_LOCATION_CONFLICT::Coding region xref gene does not exist
plasmid_files_fasta/CP027143.1_results/PROKKA_10092018:CDS	hypothetical protein	CP027143.1:c37364-36660	EKOOMCPJ_00044

DiscRep_SUB:FEATURE_LOCATION_CONFLICT::Coding region xref gene does not exist
plasmid_files_fasta/CP027143.1_results/PROKKA_10092018:CDS	hypothetical protein	CP027143.1:37499-37927	EKOOMCPJ_00045

DiscRep_SUB:FEATURE_LOCATION_CONFLICT::Coding region xref gene does not exist
plasmid_files_fasta/CP027143.1_results/PROKKA_10092018:CDS	hypothetical protein	CP027143.1:c38302-37937	EKOOMCPJ_00046

DiscRep_SUB:FEATURE_LOCATION_CONFLICT::Coding region xref gene does not exist
plasmid_files_fasta/CP027143.1_results/PROKKA_10092018:CDS	Single-stranded DNA-binding protein	CP027143.1:c38695-38309	EKOOMCPJ_00047

DiscRep_SUB:FEATURE_LOCATION_CONFLICT::Coding region xref gene does not exist
plasmid_files_fasta/CP027143.1_results/PROKKA_10092018:CDS	hypothetical protein	CP027143.1:c39087-38737	EKOOMCPJ_00048

DiscRep_SUB:FEATURE_LOCATION_CONFLICT::Coding region xref gene does not exist
plasmid_files_fasta/CP027143.1_results/PROKKA_10092018:CDS	Soluble lytic murein transglycosylase	CP027143.1:c39774-39088	EKOOMCPJ_00049

DiscRep_SUB:FEATURE_LOCATION_CONFLICT::Coding region xref gene does not exist
plasmid_files_fasta/CP027143.1_results/PROKKA_10092018:CDS	hypothetical protein	CP027143.1:c39962-39771	EKOOMCPJ_00050

DiscRep_SUB:FEATURE_LOCATION_CONFLICT::Coding region xref gene does not exist
plasmid_files_fasta/CP027143.1_results/PROKKA_10092018:CDS	hypothetical protein	CP027143.1:c40504-39968	EKOOMCPJ_00051

DiscRep_SUB:FEATURE_LOCATION_CONFLICT::Coding region xref gene does not exist
plasmid_files_fasta/CP027143.1_results/PROKKA_10092018:CDS	hypothetical protein	CP027143.1:c41858-40485	EKOOMCPJ_00052

DiscRep_SUB:FEATURE_LOCATION_CONFLICT::Coding region xref gene does not exist
plasmid_files_fasta/CP027143.1_results/PROKKA_10092018:CDS	hypothetical protein	CP027143.1:c42694-41861	EKOOMCPJ_00053

DiscRep_SUB:FEATURE_LOCATION_CONFLICT::Coding region xref gene does not exist
plasmid_files_fasta/CP027143.1_results/PROKKA_10092018:CDS	hypothetical protein	CP027143.1:c43424-42699	EKOOMCPJ_00054

DiscRep_SUB:FEATURE_LOCATION_CONFLICT::Coding region xref gene does not exist
plasmid_files_fasta/CP027143.1_results/PROKKA_10092018:CDS	hypothetical protein	CP027143.1:c44409-43435	EKOOMCPJ_00055

DiscRep_SUB:FEATURE_LOCATION_CONFLICT::Coding region xref gene does not exist
plasmid_files_fasta/CP027143.1_results/PROKKA_10092018:CDS	hypothetical protein	CP027143.1:c44913-44455	EKOOMCPJ_00056

DiscRep_SUB:FEATURE_LOCATION_CONFLICT::Coding region xref gene does not exist
plasmid_files_fasta/CP027143.1_results/PROKKA_10092018:CDS	hypothetical protein	CP027143.1:c45725-44913	EKOOMCPJ_00057

DiscRep_SUB:FEATURE_LOCATION_CONFLICT::Coding region xref gene does not exist
plasmid_files_fasta/CP027143.1_results/PROKKA_10092018:CDS	Type IV secretion system protein virB4	CP027143.1:c48301-45722	EKOOMCPJ_00058

DiscRep_SUB:FEATURE_LOCATION_CONFLICT::Coding region xref gene does not exist
plasmid_files_fasta/CP027143.1_results/PROKKA_10092018:CDS	hypothetical protein	CP027143.1:c48672-48313	EKOOMCPJ_00059

DiscRep_SUB:FEATURE_LOCATION_CONFLICT::Coding region xref gene does not exist
plasmid_files_fasta/CP027143.1_results/PROKKA_10092018:CDS	hypothetical protein	CP027143.1:48802-49038	EKOOMCPJ_00060

DiscRep_SUB:FEATURE_LOCATION_CONFLICT::Coding region xref gene does not exist
plasmid_files_fasta/CP027143.1_results/PROKKA_10092018:CDS	hypothetical protein	CP027143.1:49103-49450	EKOOMCPJ_00061

DiscRep_SUB:FEATURE_LOCATION_CONFLICT::Coding region xref gene does not exist
plasmid_files_fasta/CP027143.1_results/PROKKA_10092018:CDS	Type IV secretion system protein VirB11	CP027143.1:c50675-49653	EKOOMCPJ_00062

DiscRep_SUB:FEATURE_LOCATION_CONFLICT::Coding region xref gene does not exist
plasmid_files_fasta/CP027143.1_results/PROKKA_10092018:CDS	hypothetical protein	CP027143.1:c51403-50690	EKOOMCPJ_00063

DiscRep_ALL:DISC_QUALITY_SCORES::Quality scores are missing on all sequences.

DiscRep_ALL:ONCALLER_COMMENT_PRESENT::1 comment descriptors were found (all same)
plasmid_files_fasta/CP027143.1_results/PROKKA_10092018:CP027143.1:Annotated using prokka 1.14-dev from https://github.com/tseemann/prokka

DiscRep_ALL:MISSING_GENOMEASSEMBLY_COMMENTS::1 bioseqs are missing GenomeAssembly structured comments
plasmid_files_fasta/CP027143.1_results/PROKKA_10092018:CP027143.1 (length 51949)

DiscRep_ALL:MOLTYPE_NOT_MRNA::1 molecule types are not set as mRNA.
plasmid_files_fasta/CP027143.1_results/PROKKA_10092018:CP027143.1 (length 51949)

DiscRep_ALL:TECHNIQUE_NOT_TSA::1 technique are not set as TSA
plasmid_files_fasta/CP027143.1_results/PROKKA_10092018:CP027143.1 (length 51949)

DiscRep_ALL:MISSING_STRUCTURED_COMMENT::1 sequences do not include structured comments.
plasmid_files_fasta/CP027143.1_results/PROKKA_10092018:CP027143.1 (length 51949)

DiscRep_ALL:MISSING_PROJECT::64 sequences do not include project.
plasmid_files_fasta/CP027143.1_results/PROKKA_10092018:CP027143.1 (length 51949)
plasmid_files_fasta/CP027143.1_results/PROKKA_10092018:CP027143.1_1 (length 661)
plasmid_files_fasta/CP027143.1_results/PROKKA_10092018:CP027143.1_2 (length 275)
plasmid_files_fasta/CP027143.1_results/PROKKA_10092018:CP027143.1_3 (length 152)
plasmid_files_fasta/CP027143.1_results/PROKKA_10092018:CP027143.1_4 (length 196)
plasmid_files_fasta/CP027143.1_results/PROKKA_10092018:CP027143.1_5 (length 142)
plasmid_files_fasta/CP027143.1_results/PROKKA_10092018:CP027143.1_6 (length 122)
plasmid_files_fasta/CP027143.1_results/PROKKA_10092018:CP027143.1_7 (length 58)
plasmid_files_fasta/CP027143.1_results/PROKKA_10092018:CP027143.1_8 (length 154)
plasmid_files_fasta/CP027143.1_results/PROKKA_10092018:CP027143.1_9 (length 82)
plasmid_files_fasta/CP027143.1_results/PROKKA_10092018:CP027143.1_10 (length 107)
plasmid_files_fasta/CP027143.1_results/PROKKA_10092018:CP027143.1_11 (length 63)
plasmid_files_fasta/CP027143.1_results/PROKKA_10092018:CP027143.1_12 (length 129)
plasmid_files_fasta/CP027143.1_results/PROKKA_10092018:CP027143.1_13 (length 64)
plasmid_files_fasta/CP027143.1_results/PROKKA_10092018:CP027143.1_14 (length 255)
plasmid_files_fasta/CP027143.1_results/PROKKA_10092018:CP027143.1_15 (length 147)
plasmid_files_fasta/CP027143.1_results/PROKKA_10092018:CP027143.1_16 (length 227)
plasmid_files_fasta/CP027143.1_results/PROKKA_10092018:CP027143.1_17 (length 83)
plasmid_files_fasta/CP027143.1_results/PROKKA_10092018:CP027143.1_18 (length 91)
plasmid_files_fasta/CP027143.1_results/PROKKA_10092018:CP027143.1_19 (length 95)
plasmid_files_fasta/CP027143.1_results/PROKKA_10092018:CP027143.1_20 (length 149)
plasmid_files_fasta/CP027143.1_results/PROKKA_10092018:CP027143.1_21 (length 297)
plasmid_files_fasta/CP027143.1_results/PROKKA_10092018:CP027143.1_22 (length 79)
plasmid_files_fasta/CP027143.1_results/PROKKA_10092018:CP027143.1_23 (length 323)
plasmid_files_fasta/CP027143.1_results/PROKKA_10092018:CP027143.1_24 (length 449)
plasmid_files_fasta/CP027143.1_results/PROKKA_10092018:CP027143.1_25 (length 439)
plasmid_files_fasta/CP027143.1_results/PROKKA_10092018:CP027143.1_26 (length 293)
plasmid_files_fasta/CP027143.1_results/PROKKA_10092018:CP027143.1_27 (length 112)
plasmid_files_fasta/CP027143.1_results/PROKKA_10092018:CP027143.1_28 (length 259)
plasmid_files_fasta/CP027143.1_results/PROKKA_10092018:CP027143.1_29 (length 341)
plasmid_files_fasta/CP027143.1_results/PROKKA_10092018:CP027143.1_30 (length 1009)
plasmid_files_fasta/CP027143.1_results/PROKKA_10092018:CP027143.1_31 (length 571)
plasmid_files_fasta/CP027143.1_results/PROKKA_10092018:CP027143.1_32 (length 594)
plasmid_files_fasta/CP027143.1_results/PROKKA_10092018:CP027143.1_33 (length 183)
plasmid_files_fasta/CP027143.1_results/PROKKA_10092018:CP027143.1_34 (length 62)
plasmid_files_fasta/CP027143.1_results/PROKKA_10092018:CP027143.1_35 (length 610)
plasmid_files_fasta/CP027143.1_results/PROKKA_10092018:CP027143.1_36 (length 149)
plasmid_files_fasta/CP027143.1_results/PROKKA_10092018:CP027143.1_37 (length 190)
plasmid_files_fasta/CP027143.1_results/PROKKA_10092018:CP027143.1_38 (length 181)
plasmid_files_fasta/CP027143.1_results/PROKKA_10092018:CP027143.1_39 (length 85)
plasmid_files_fasta/CP027143.1_results/PROKKA_10092018:CP027143.1_40 (length 204)
plasmid_files_fasta/CP027143.1_results/PROKKA_10092018:CP027143.1_41 (length 218)
plasmid_files_fasta/CP027143.1_results/PROKKA_10092018:CP027143.1_42 (length 63)
plasmid_files_fasta/CP027143.1_results/PROKKA_10092018:CP027143.1_43 (length 153)
plasmid_files_fasta/CP027143.1_results/PROKKA_10092018:CP027143.1_44 (length 234)
plasmid_files_fasta/CP027143.1_results/PROKKA_10092018:CP027143.1_45 (length 142)
plasmid_files_fasta/CP027143.1_results/PROKKA_10092018:CP027143.1_46 (length 121)
plasmid_files_fasta/CP027143.1_results/PROKKA_10092018:CP027143.1_47 (length 128)
plasmid_files_fasta/CP027143.1_results/PROKKA_10092018:CP027143.1_48 (length 116)
plasmid_files_fasta/CP027143.1_results/PROKKA_10092018:CP027143.1_49 (length 228)
plasmid_files_fasta/CP027143.1_results/PROKKA_10092018:CP027143.1_50 (length 63)
plasmid_files_fasta/CP027143.1_results/PROKKA_10092018:CP027143.1_51 (length 178)
plasmid_files_fasta/CP027143.1_results/PROKKA_10092018:CP027143.1_52 (length 457)
plasmid_files_fasta/CP027143.1_results/PROKKA_10092018:CP027143.1_53 (length 277)
plasmid_files_fasta/CP027143.1_results/PROKKA_10092018:CP027143.1_54 (length 241)
plasmid_files_fasta/CP027143.1_results/PROKKA_10092018:CP027143.1_55 (length 324)
plasmid_files_fasta/CP027143.1_results/PROKKA_10092018:CP027143.1_56 (length 152)
plasmid_files_fasta/CP027143.1_results/PROKKA_10092018:CP027143.1_57 (length 270)
plasmid_files_fasta/CP027143.1_results/PROKKA_10092018:CP027143.1_58 (length 859)
plasmid_files_fasta/CP027143.1_results/PROKKA_10092018:CP027143.1_59 (length 119)
plasmid_files_fasta/CP027143.1_results/PROKKA_10092018:CP027143.1_60 (length 78)
plasmid_files_fasta/CP027143.1_results/PROKKA_10092018:CP027143.1_61 (length 115)
plasmid_files_fasta/CP027143.1_results/PROKKA_10092018:CP027143.1_62 (length 340)
plasmid_files_fasta/CP027143.1_results/PROKKA_10092018:CP027143.1_63 (length 237)

DiscRep_ALL:DISC_INCONSISTENT_MOLINFO_TECH::Molinfo Technique Report (some missing, all same)
DiscRep_SUB:DISC_INCONSISTENT_MOLINFO_TECH::technique (all missing)
DiscRep_SUB:DISC_INCONSISTENT_MOLINFO_TECH::1 Molinfos are missing field technique
plasmid_files_fasta/CP027143.1_results/PROKKA_10092018:CP027143.1 (length 51949)

