[15:30:09] This is prokka 1.14-dev
[15:30:09] Written by Torsten Seemann <torsten.seemann@gmail.com>
[15:30:09] Homepage is https://github.com/tseemann/prokka
[15:30:09] Local time is Tue Oct  9 15:30:09 2018
[15:30:09] You are christian
[15:30:09] Operating system is linux
[15:30:09] You have BioPerl 1.007002
[15:30:09] System has 20 cores.
[15:30:09] Will use maximum of 20 cores.
[15:30:09] Annotating as >>> Bacteria <<<
[15:30:09] Generating locus_tag from 'plasmid_files_fasta/KX868553.1.fasta' contents.
[15:30:09] Setting --locustag KHMGPDIP from MD5 41609d29b9a8430c89142ed2e9972c38
[15:30:09] Creating new output folder: plasmid_files_fasta/KX868553.1_results
[15:30:09] Running: mkdir -p plasmid_files_fasta\/KX868553\.1_results
[15:30:09] Using filename prefix: PROKKA_10092018.XXX
[15:30:09] Setting HMMER_NCPU=1
[15:30:09] Writing log to: plasmid_files_fasta/KX868553.1_results/PROKKA_10092018.log
[15:30:09] Command: /home/christian/install/prokka/bin/prokka plasmid_files_fasta/KX868553.1.fasta --outdir plasmid_files_fasta/KX868553.1_results --cpus 20 --force
[15:30:09] Appending to PATH: /home/christian/install/prokka/bin/../binaries/linux
[15:30:09] Appending to PATH: /home/christian/install/prokka/bin/../binaries/linux/../common
[15:30:09] Appending to PATH: /home/christian/install/prokka/bin
[15:30:09] Looking for 'aragorn' - found /home/christian/install/prokka/bin/../binaries/linux/aragorn
[15:30:09] Determined aragorn version is 1.2
[15:30:09] Looking for 'blastp' - found /usr/bin/blastp
[15:30:09] Determined blastp version is 2.2
[15:30:09] Looking for 'cmpress' - found /usr/local/bin/cmpress
[15:30:09] Determined cmpress version is 1.1
[15:30:09] Looking for 'cmscan' - found /usr/local/bin/cmscan
[15:30:09] Determined cmscan version is 1.1
[15:30:09] Looking for 'egrep' - found /bin/egrep
[15:30:09] Looking for 'find' - found /usr/bin/find
[15:30:09] Looking for 'grep' - found /bin/grep
[15:30:09] Looking for 'hmmpress' - found /usr/local/bin/hmmpress
[15:30:09] Determined hmmpress version is 3.1
[15:30:09] Looking for 'hmmscan' - found /usr/local/bin/hmmscan
[15:30:09] Determined hmmscan version is 3.1
[15:30:09] Looking for 'java' - found /usr/bin/java
[15:30:09] Looking for 'less' - found /usr/bin/less
[15:30:09] Looking for 'makeblastdb' - found /usr/bin/makeblastdb
[15:30:09] Determined makeblastdb version is 2.2
[15:30:09] Looking for 'minced' - found /home/christian/install/prokka/bin/../binaries/linux/../common/minced
[15:30:09] Determined minced version is 2.0
[15:30:09] Looking for 'parallel' - found /usr/bin/parallel
[15:30:09] Determined parallel version is 20141022
[15:30:09] Looking for 'prodigal' - found /usr/local/bin/prodigal
[15:30:09] Determined prodigal version is 2.6
[15:30:09] Looking for 'prokka-genbank_to_fasta_db' - found /home/christian/install/prokka/bin/prokka-genbank_to_fasta_db
[15:30:09] Looking for 'sed' - found /bin/sed
[15:30:09] Looking for 'tbl2asn' - found /home/christian/install/prokka/bin/../binaries/linux/tbl2asn
[15:30:09] Determined tbl2asn version is 25.6
[15:30:09] Using genetic code table 11.
[15:30:09] Loading and checking input file: plasmid_files_fasta/KX868553.1.fasta
[15:30:09] Wrote 1 contigs totalling 12506 bp.
[15:30:09] Predicting tRNAs and tmRNAs
[15:30:09] Running: aragorn -l -gc11  -w plasmid_files_fasta\/KX868553\.1_results\/PROKKA_10092018\.fna
[15:30:09] Found 0 tRNAs
[15:30:09] Predicting Ribosomal RNAs
[15:30:09] You need either Barrnap or RNAmmer installed to predict rRNAs!
[15:30:09] Skipping ncRNA search, enable with --rfam if desired.
[15:30:09] Total of 0 tRNA + rRNA features
[15:30:09] Searching for CRISPR repeats
[15:30:09] Found 0 CRISPRs
[15:30:09] Predicting coding sequences
[15:30:09] Contigs total 12506 bp, so using meta mode
[15:30:09] Running: prodigal -i plasmid_files_fasta\/KX868553\.1_results\/PROKKA_10092018\.fna -c -m -g 11 -p meta -f sco -q
[15:30:10] Found 9 CDS
[15:30:10] Connecting features back to sequences
[15:30:10] Not using genus-specific database. Try --usegenus to enable it.
[15:30:10] Annotating CDS, please be patient.
[15:30:10] Will use 20 CPUs for similarity searching.
[15:30:10] There are still 9 unannotated CDS left (started with 9)
[15:30:10] Will use blast to search against /home/christian/install/prokka/db/kingdom/Bacteria/sprot with 20 CPUs
[15:30:10] Running: cat plasmid_files_fasta\/KX868553\.1_results\/sprot\.faa | parallel --gnu --plain -j 20 --block 78 --recstart '>' --pipe blastp -query - -db /home/christian/install/prokka/db/kingdom/Bacteria/sprot -evalue 1e-06 -num_threads 1 -num_descriptions 1 -num_alignments 1 -seg no > plasmid_files_fasta\/KX868553\.1_results\/sprot\.blast 2> /dev/null
[15:30:10] Modify product: Uncharacterized lipoprotein YgdR => putative lipoprotein YgdR
[15:30:10] Cleaned 1 /product names
[15:30:10] Deleting unwanted file: plasmid_files_fasta/KX868553.1_results/sprot.faa
[15:30:10] Deleting unwanted file: plasmid_files_fasta/KX868553.1_results/sprot.blast
[15:30:10] There are still 4 unannotated CDS left (started with 9)
[15:30:10] Will use hmmer3 to search against /home/christian/install/prokka/db/hmm/HAMAP.hmm with 20 CPUs
[15:30:10] Running: cat plasmid_files_fasta\/KX868553\.1_results\/HAMAP\.hmm\.faa | parallel --gnu --plain -j 20 --block 46 --recstart '>' --pipe hmmscan --noali --notextw --acc -E 1e-06 --cpu 1 /home/christian/install/prokka/db/hmm/HAMAP.hmm /dev/stdin > plasmid_files_fasta\/KX868553\.1_results\/HAMAP\.hmm\.hmmer3 2> /dev/null
[15:30:10] Deleting unwanted file: plasmid_files_fasta/KX868553.1_results/HAMAP.hmm.faa
[15:30:10] Deleting unwanted file: plasmid_files_fasta/KX868553.1_results/HAMAP.hmm.hmmer3
[15:30:10] Labelling remaining 4 proteins as 'hypothetical protein'
[15:30:10] Found 4 unique /gene codes.
[15:30:10] Fixed 0 colliding /gene names.
[15:30:10] Adding /locus_tag identifiers
[15:30:10] Assigned 9 locus_tags to CDS and RNA features.
[15:30:10] Writing outputs to plasmid_files_fasta/KX868553.1_results/
[15:30:10] Generating annotation statistics file
[15:30:10] Generating Genbank and Sequin files
[15:30:10] Running: tbl2asn -V b -a r10k -l paired-ends -M n -N 1 -y 'Annotated using prokka 1.14-dev from https://github.com/tseemann/prokka' -Z plasmid_files_fasta\/KX868553\.1_results\/PROKKA_10092018\.err -i plasmid_files_fasta\/KX868553\.1_results\/PROKKA_10092018\.fsa 2> /dev/null
[15:30:10] Deleting unwanted file: plasmid_files_fasta/KX868553.1_results/errorsummary.val
[15:30:10] Deleting unwanted file: plasmid_files_fasta/KX868553.1_results/PROKKA_10092018.dr
[15:30:10] Deleting unwanted file: plasmid_files_fasta/KX868553.1_results/PROKKA_10092018.fixedproducts
[15:30:10] Deleting unwanted file: plasmid_files_fasta/KX868553.1_results/PROKKA_10092018.ecn
[15:30:10] Deleting unwanted file: plasmid_files_fasta/KX868553.1_results/PROKKA_10092018.val
[15:30:10] Repairing broken .GBK output that tbl2asn produces...
[15:30:10] Running: sed 's/COORDINATES: profile/COORDINATES:profile/' < plasmid_files_fasta\/KX868553\.1_results\/PROKKA_10092018\.gbf > plasmid_files_fasta\/KX868553\.1_results\/PROKKA_10092018\.gbk
[15:30:10] Deleting unwanted file: plasmid_files_fasta/KX868553.1_results/PROKKA_10092018.gbf
[15:30:10] Output files:
[15:30:10] plasmid_files_fasta/KX868553.1_results/PROKKA_10092018.ffn
[15:30:10] plasmid_files_fasta/KX868553.1_results/PROKKA_10092018.tbl
[15:30:10] plasmid_files_fasta/KX868553.1_results/PROKKA_10092018.log
[15:30:10] plasmid_files_fasta/KX868553.1_results/PROKKA_10092018.fna
[15:30:10] plasmid_files_fasta/KX868553.1_results/PROKKA_10092018.fsa
[15:30:10] plasmid_files_fasta/KX868553.1_results/PROKKA_10092018.tsv
[15:30:10] plasmid_files_fasta/KX868553.1_results/PROKKA_10092018.faa
[15:30:10] plasmid_files_fasta/KX868553.1_results/PROKKA_10092018.gbk
[15:30:10] plasmid_files_fasta/KX868553.1_results/PROKKA_10092018.sqn
[15:30:10] plasmid_files_fasta/KX868553.1_results/PROKKA_10092018.err
[15:30:10] plasmid_files_fasta/KX868553.1_results/PROKKA_10092018.txt
[15:30:10] plasmid_files_fasta/KX868553.1_results/PROKKA_10092018.gff
[15:30:10] Annotation finished successfully.
[15:30:10] Walltime used: 0.02 minutes
[15:30:10] If you use this result please cite the Prokka paper:
[15:30:10] Seemann T (2014) Prokka: rapid prokaryotic genome annotation. Bioinformatics. 30(14):2068-9.
[15:30:10] Type 'prokka --citation' for more details.
[15:30:10] Share and enjoy!
