[15:26:12] This is prokka 1.14-dev
[15:26:12] Written by Torsten Seemann <torsten.seemann@gmail.com>
[15:26:12] Homepage is https://github.com/tseemann/prokka
[15:26:12] Local time is Tue Oct  9 15:26:12 2018
[15:26:12] You are christian
[15:26:12] Operating system is linux
[15:26:12] You have BioPerl 1.007002
[15:26:12] System has 20 cores.
[15:26:12] Will use maximum of 20 cores.
[15:26:12] Annotating as >>> Bacteria <<<
[15:26:12] Generating locus_tag from 'plasmid_files_fasta/JX283456.1.fasta' contents.
[15:26:12] Setting --locustag KAEDDFKD from MD5 4aeddf4d0ee5b32dd920cb9cd9d36c3a
[15:26:12] Creating new output folder: plasmid_files_fasta/JX283456.1_results
[15:26:12] Running: mkdir -p plasmid_files_fasta\/JX283456\.1_results
[15:26:12] Using filename prefix: PROKKA_10092018.XXX
[15:26:12] Setting HMMER_NCPU=1
[15:26:12] Writing log to: plasmid_files_fasta/JX283456.1_results/PROKKA_10092018.log
[15:26:12] Command: /home/christian/install/prokka/bin/prokka plasmid_files_fasta/JX283456.1.fasta --outdir plasmid_files_fasta/JX283456.1_results --cpus 20 --force
[15:26:12] Appending to PATH: /home/christian/install/prokka/bin/../binaries/linux
[15:26:12] Appending to PATH: /home/christian/install/prokka/bin/../binaries/linux/../common
[15:26:12] Appending to PATH: /home/christian/install/prokka/bin
[15:26:12] Looking for 'aragorn' - found /home/christian/install/prokka/bin/../binaries/linux/aragorn
[15:26:12] Determined aragorn version is 1.2
[15:26:12] Looking for 'blastp' - found /usr/bin/blastp
[15:26:12] Determined blastp version is 2.2
[15:26:12] Looking for 'cmpress' - found /usr/local/bin/cmpress
[15:26:12] Determined cmpress version is 1.1
[15:26:12] Looking for 'cmscan' - found /usr/local/bin/cmscan
[15:26:12] Determined cmscan version is 1.1
[15:26:12] Looking for 'egrep' - found /bin/egrep
[15:26:12] Looking for 'find' - found /usr/bin/find
[15:26:12] Looking for 'grep' - found /bin/grep
[15:26:12] Looking for 'hmmpress' - found /usr/local/bin/hmmpress
[15:26:12] Determined hmmpress version is 3.1
[15:26:12] Looking for 'hmmscan' - found /usr/local/bin/hmmscan
[15:26:12] Determined hmmscan version is 3.1
[15:26:12] Looking for 'java' - found /usr/bin/java
[15:26:12] Looking for 'less' - found /usr/bin/less
[15:26:12] Looking for 'makeblastdb' - found /usr/bin/makeblastdb
[15:26:12] Determined makeblastdb version is 2.2
[15:26:12] Looking for 'minced' - found /home/christian/install/prokka/bin/../binaries/linux/../common/minced
[15:26:12] Determined minced version is 2.0
[15:26:12] Looking for 'parallel' - found /usr/bin/parallel
[15:26:12] Determined parallel version is 20141022
[15:26:12] Looking for 'prodigal' - found /usr/local/bin/prodigal
[15:26:12] Determined prodigal version is 2.6
[15:26:12] Looking for 'prokka-genbank_to_fasta_db' - found /home/christian/install/prokka/bin/prokka-genbank_to_fasta_db
[15:26:12] Looking for 'sed' - found /bin/sed
[15:26:12] Looking for 'tbl2asn' - found /home/christian/install/prokka/bin/../binaries/linux/tbl2asn
[15:26:12] Determined tbl2asn version is 25.6
[15:26:12] Using genetic code table 11.
[15:26:12] Loading and checking input file: plasmid_files_fasta/JX283456.1.fasta
[15:26:12] Wrote 1 contigs totalling 107748 bp.
[15:26:12] Predicting tRNAs and tmRNAs
[15:26:12] Running: aragorn -l -gc11  -w plasmid_files_fasta\/JX283456\.1_results\/PROKKA_10092018\.fna
[15:26:12] Found 0 tRNAs
[15:26:12] Predicting Ribosomal RNAs
[15:26:12] You need either Barrnap or RNAmmer installed to predict rRNAs!
[15:26:12] Skipping ncRNA search, enable with --rfam if desired.
[15:26:12] Total of 0 tRNA + rRNA features
[15:26:12] Searching for CRISPR repeats
[15:26:12] Found 0 CRISPRs
[15:26:12] Predicting coding sequences
[15:26:12] Contigs total 107748 bp, so using single mode
[15:26:12] Running: prodigal -i plasmid_files_fasta\/JX283456\.1_results\/PROKKA_10092018\.fna -c -m -g 11 -p single -f sco -q
[15:26:12] Found 115 CDS
[15:26:12] Connecting features back to sequences
[15:26:12] Not using genus-specific database. Try --usegenus to enable it.
[15:26:12] Annotating CDS, please be patient.
[15:26:12] Will use 20 CPUs for similarity searching.
[15:26:12] There are still 115 unannotated CDS left (started with 115)
[15:26:12] Will use blast to search against /home/christian/install/prokka/db/kingdom/Bacteria/sprot with 20 CPUs
[15:26:12] Running: cat plasmid_files_fasta\/JX283456\.1_results\/sprot\.faa | parallel --gnu --plain -j 20 --block 772 --recstart '>' --pipe blastp -query - -db /home/christian/install/prokka/db/kingdom/Bacteria/sprot -evalue 1e-06 -num_threads 1 -num_descriptions 1 -num_alignments 1 -seg no > plasmid_files_fasta\/JX283456\.1_results\/sprot\.blast 2> /dev/null
[15:26:13] Modify product: Uncharacterized ABC transporter ATP-binding protein YbiT => putative ABC transporter ATP-binding protein YbiT
[15:26:14] Modify product: Uncharacterized signaling protein PA1727 => putative signaling protein
[15:26:14] Cleaned 2 /product names
[15:26:14] Deleting unwanted file: plasmid_files_fasta/JX283456.1_results/sprot.faa
[15:26:14] Deleting unwanted file: plasmid_files_fasta/JX283456.1_results/sprot.blast
[15:26:14] There are still 67 unannotated CDS left (started with 115)
[15:26:14] Will use hmmer3 to search against /home/christian/install/prokka/db/hmm/HAMAP.hmm with 20 CPUs
[15:26:14] Running: cat plasmid_files_fasta\/JX283456\.1_results\/HAMAP\.hmm\.faa | parallel --gnu --plain -j 20 --block 402 --recstart '>' --pipe hmmscan --noali --notextw --acc -E 1e-06 --cpu 1 /home/christian/install/prokka/db/hmm/HAMAP.hmm /dev/stdin > plasmid_files_fasta\/JX283456\.1_results\/HAMAP\.hmm\.hmmer3 2> /dev/null
[15:26:14] Deleting unwanted file: plasmid_files_fasta/JX283456.1_results/HAMAP.hmm.faa
[15:26:14] Deleting unwanted file: plasmid_files_fasta/JX283456.1_results/HAMAP.hmm.hmmer3
[15:26:14] Labelling remaining 66 proteins as 'hypothetical protein'
[15:26:14] Possible /pseudo 'Multifunctional conjugation protein TraI' at JX283456.1 position 31481
[15:26:14] Possible /pseudo 'Beta-lactamase OXA-18' at JX283456.1 position 76291
[15:26:14] Found 37 unique /gene codes.
[15:26:14] Fixed 2 duplicate /gene - repE_1 repE_2
[15:26:14] Fixed 2 duplicate /gene - traC_1 traC_2
[15:26:14] Fixed 2 duplicate /gene - merC_1 merC_2
[15:26:14] Fixed 2 duplicate /gene - pld_1 pld_2
[15:26:14] Fixed 4 duplicate /gene - bla_1 bla_2 bla_3 bla_4
[15:26:14] Fixed 2 duplicate /gene - merA_1 merA_2
[15:26:14] Fixed 2 duplicate /gene - xerD_1 xerD_2
[15:26:14] Fixed 2 duplicate /gene - traI_1 traI_2
[15:26:14] Fixed 8 colliding /gene names.
[15:26:14] Adding /locus_tag identifiers
[15:26:14] Assigned 115 locus_tags to CDS and RNA features.
[15:26:14] Writing outputs to plasmid_files_fasta/JX283456.1_results/
[15:26:14] Generating annotation statistics file
[15:26:14] Generating Genbank and Sequin files
[15:26:14] Running: tbl2asn -V b -a r10k -l paired-ends -M n -N 1 -y 'Annotated using prokka 1.14-dev from https://github.com/tseemann/prokka' -Z plasmid_files_fasta\/JX283456\.1_results\/PROKKA_10092018\.err -i plasmid_files_fasta\/JX283456\.1_results\/PROKKA_10092018\.fsa 2> /dev/null
[15:26:14] Deleting unwanted file: plasmid_files_fasta/JX283456.1_results/errorsummary.val
[15:26:14] Deleting unwanted file: plasmid_files_fasta/JX283456.1_results/PROKKA_10092018.dr
[15:26:14] Deleting unwanted file: plasmid_files_fasta/JX283456.1_results/PROKKA_10092018.fixedproducts
[15:26:14] Deleting unwanted file: plasmid_files_fasta/JX283456.1_results/PROKKA_10092018.ecn
[15:26:14] Deleting unwanted file: plasmid_files_fasta/JX283456.1_results/PROKKA_10092018.val
[15:26:14] Repairing broken .GBK output that tbl2asn produces...
[15:26:14] Running: sed 's/COORDINATES: profile/COORDINATES:profile/' < plasmid_files_fasta\/JX283456\.1_results\/PROKKA_10092018\.gbf > plasmid_files_fasta\/JX283456\.1_results\/PROKKA_10092018\.gbk
[15:26:14] Deleting unwanted file: plasmid_files_fasta/JX283456.1_results/PROKKA_10092018.gbf
[15:26:14] Output files:
[15:26:14] plasmid_files_fasta/JX283456.1_results/PROKKA_10092018.ffn
[15:26:14] plasmid_files_fasta/JX283456.1_results/PROKKA_10092018.tbl
[15:26:14] plasmid_files_fasta/JX283456.1_results/PROKKA_10092018.log
[15:26:14] plasmid_files_fasta/JX283456.1_results/PROKKA_10092018.fna
[15:26:14] plasmid_files_fasta/JX283456.1_results/PROKKA_10092018.fsa
[15:26:14] plasmid_files_fasta/JX283456.1_results/PROKKA_10092018.tsv
[15:26:14] plasmid_files_fasta/JX283456.1_results/PROKKA_10092018.faa
[15:26:14] plasmid_files_fasta/JX283456.1_results/PROKKA_10092018.gbk
[15:26:14] plasmid_files_fasta/JX283456.1_results/PROKKA_10092018.sqn
[15:26:14] plasmid_files_fasta/JX283456.1_results/PROKKA_10092018.err
[15:26:14] plasmid_files_fasta/JX283456.1_results/PROKKA_10092018.txt
[15:26:14] plasmid_files_fasta/JX283456.1_results/PROKKA_10092018.gff
[15:26:14] Annotation finished successfully.
[15:26:14] Walltime used: 0.03 minutes
[15:26:14] If you use this result please cite the Prokka paper:
[15:26:14] Seemann T (2014) Prokka: rapid prokaryotic genome annotation. Bioinformatics. 30(14):2068-9.
[15:26:14] Type 'prokka --citation' for more details.
[15:26:14] Thank you, come again.
