[15:15:30] This is prokka 1.14-dev
[15:15:30] Written by Torsten Seemann <torsten.seemann@gmail.com>
[15:15:30] Homepage is https://github.com/tseemann/prokka
[15:15:30] Local time is Tue Oct  9 15:15:30 2018
[15:15:30] You are christian
[15:15:30] Operating system is linux
[15:15:30] You have BioPerl 1.007002
[15:15:30] System has 20 cores.
[15:15:30] Will use maximum of 20 cores.
[15:15:30] Annotating as >>> Bacteria <<<
[15:15:30] Generating locus_tag from 'plasmid_files_fasta/CP012168.1.fasta' contents.
[15:15:30] Setting --locustag BFDHPKNK from MD5 bfd194740ba05c30a2cbb3f5974bad21
[15:15:30] Creating new output folder: plasmid_files_fasta/CP012168.1_results
[15:15:30] Running: mkdir -p plasmid_files_fasta\/CP012168\.1_results
[15:15:30] Using filename prefix: PROKKA_10092018.XXX
[15:15:30] Setting HMMER_NCPU=1
[15:15:30] Writing log to: plasmid_files_fasta/CP012168.1_results/PROKKA_10092018.log
[15:15:30] Command: /home/christian/install/prokka/bin/prokka plasmid_files_fasta/CP012168.1.fasta --outdir plasmid_files_fasta/CP012168.1_results --cpus 20 --force
[15:15:30] Appending to PATH: /home/christian/install/prokka/bin/../binaries/linux
[15:15:30] Appending to PATH: /home/christian/install/prokka/bin/../binaries/linux/../common
[15:15:30] Appending to PATH: /home/christian/install/prokka/bin
[15:15:30] Looking for 'aragorn' - found /home/christian/install/prokka/bin/../binaries/linux/aragorn
[15:15:30] Determined aragorn version is 1.2
[15:15:30] Looking for 'blastp' - found /usr/bin/blastp
[15:15:30] Determined blastp version is 2.2
[15:15:30] Looking for 'cmpress' - found /usr/local/bin/cmpress
[15:15:30] Determined cmpress version is 1.1
[15:15:30] Looking for 'cmscan' - found /usr/local/bin/cmscan
[15:15:30] Determined cmscan version is 1.1
[15:15:30] Looking for 'egrep' - found /bin/egrep
[15:15:30] Looking for 'find' - found /usr/bin/find
[15:15:30] Looking for 'grep' - found /bin/grep
[15:15:30] Looking for 'hmmpress' - found /usr/local/bin/hmmpress
[15:15:30] Determined hmmpress version is 3.1
[15:15:30] Looking for 'hmmscan' - found /usr/local/bin/hmmscan
[15:15:30] Determined hmmscan version is 3.1
[15:15:30] Looking for 'java' - found /usr/bin/java
[15:15:30] Looking for 'less' - found /usr/bin/less
[15:15:30] Looking for 'makeblastdb' - found /usr/bin/makeblastdb
[15:15:30] Determined makeblastdb version is 2.2
[15:15:30] Looking for 'minced' - found /home/christian/install/prokka/bin/../binaries/linux/../common/minced
[15:15:30] Determined minced version is 2.0
[15:15:30] Looking for 'parallel' - found /usr/bin/parallel
[15:15:31] Determined parallel version is 20141022
[15:15:31] Looking for 'prodigal' - found /usr/local/bin/prodigal
[15:15:31] Determined prodigal version is 2.6
[15:15:31] Looking for 'prokka-genbank_to_fasta_db' - found /home/christian/install/prokka/bin/prokka-genbank_to_fasta_db
[15:15:31] Looking for 'sed' - found /bin/sed
[15:15:31] Looking for 'tbl2asn' - found /home/christian/install/prokka/bin/../binaries/linux/tbl2asn
[15:15:31] Determined tbl2asn version is 25.6
[15:15:31] Using genetic code table 11.
[15:15:31] Loading and checking input file: plasmid_files_fasta/CP012168.1.fasta
[15:15:31] Wrote 1 contigs totalling 239973 bp.
[15:15:31] Predicting tRNAs and tmRNAs
[15:15:31] Running: aragorn -l -gc11  -w plasmid_files_fasta\/CP012168\.1_results\/PROKKA_10092018\.fna
[15:15:31] Found 0 tRNAs
[15:15:31] Predicting Ribosomal RNAs
[15:15:31] You need either Barrnap or RNAmmer installed to predict rRNAs!
[15:15:31] Skipping ncRNA search, enable with --rfam if desired.
[15:15:31] Total of 0 tRNA + rRNA features
[15:15:31] Searching for CRISPR repeats
[15:15:31] Found 0 CRISPRs
[15:15:31] Predicting coding sequences
[15:15:31] Contigs total 239973 bp, so using single mode
[15:15:31] Running: prodigal -i plasmid_files_fasta\/CP012168\.1_results\/PROKKA_10092018\.fna -c -m -g 11 -p single -f sco -q
[15:15:31] Found 281 CDS
[15:15:31] Connecting features back to sequences
[15:15:31] Not using genus-specific database. Try --usegenus to enable it.
[15:15:31] Annotating CDS, please be patient.
[15:15:31] Will use 20 CPUs for similarity searching.
[15:15:31] There are still 281 unannotated CDS left (started with 281)
[15:15:31] Will use blast to search against /home/christian/install/prokka/db/kingdom/Bacteria/sprot with 20 CPUs
[15:15:31] Running: cat plasmid_files_fasta\/CP012168\.1_results\/sprot\.faa | parallel --gnu --plain -j 20 --block 1802 --recstart '>' --pipe blastp -query - -db /home/christian/install/prokka/db/kingdom/Bacteria/sprot -evalue 1e-06 -num_threads 1 -num_descriptions 1 -num_alignments 1 -seg no > plasmid_files_fasta\/CP012168\.1_results\/sprot\.blast 2> /dev/null
[15:15:33] Modify product: Probable ribonucleotide transport ATP-binding protein mkl => putative ribonucleotide transport ATP-binding protein mkl
[15:15:33] Modify product: Probable phospholipid ABC transporter permease protein MlaE => putative phospholipid ABC transporter permease protein MlaE
[15:15:33] Modify product: UPF0758 protein => hypothetical protein
[15:15:33] Modify product: Probable BsuMI modification methylase subunit YdiO => putative BsuMI modification methylase subunit YdiO
[15:15:33] Modify product: Probable cyclic di-GMP phosphodiesterase PdeB => putative cyclic di-GMP phosphodiesterase PdeB
[15:15:33] Modify product: Uncharacterized protein YcbX => putative protein YcbX
[15:15:33] Modify product: Probable chromate transport protein => putative chromate transport protein
[15:15:33] Modify product: Probable multidrug-efflux transporter Rv1258c => putative multidrug-efflux transporter
[15:15:33] Cleaned 8 /product names
[15:15:33] Deleting unwanted file: plasmid_files_fasta/CP012168.1_results/sprot.faa
[15:15:33] Deleting unwanted file: plasmid_files_fasta/CP012168.1_results/sprot.blast
[15:15:33] There are still 206 unannotated CDS left (started with 281)
[15:15:33] Will use hmmer3 to search against /home/christian/install/prokka/db/hmm/HAMAP.hmm with 20 CPUs
[15:15:33] Running: cat plasmid_files_fasta\/CP012168\.1_results\/HAMAP\.hmm\.faa | parallel --gnu --plain -j 20 --block 1201 --recstart '>' --pipe hmmscan --noali --notextw --acc -E 1e-06 --cpu 1 /home/christian/install/prokka/db/hmm/HAMAP.hmm /dev/stdin > plasmid_files_fasta\/CP012168\.1_results\/HAMAP\.hmm\.hmmer3 2> /dev/null
[15:15:34] Deleting unwanted file: plasmid_files_fasta/CP012168.1_results/HAMAP.hmm.faa
[15:15:34] Deleting unwanted file: plasmid_files_fasta/CP012168.1_results/HAMAP.hmm.hmmer3
[15:15:34] Labelling remaining 203 proteins as 'hypothetical protein'
[15:15:34] Found 63 unique /gene codes.
[15:15:34] Fixed 2 duplicate /gene - sugE_1 sugE_2
[15:15:34] Fixed 3 duplicate /gene - bla_1 bla_2 bla_3
[15:15:34] Fixed 2 duplicate /gene - emrE_1 emrE_2
[15:15:34] Fixed 2 duplicate /gene - folP_1 folP_2
[15:15:34] Fixed 2 duplicate /gene - hin_1 hin_2
[15:15:34] Fixed 4 duplicate /gene - xerD_1 xerD_2 xerD_3 xerD_4
[15:15:34] Fixed 2 duplicate /gene - soj_1 soj_2
[15:15:34] Fixed 7 colliding /gene names.
[15:15:34] Adding /locus_tag identifiers
[15:15:34] Assigned 281 locus_tags to CDS and RNA features.
[15:15:34] Writing outputs to plasmid_files_fasta/CP012168.1_results/
[15:15:34] Generating annotation statistics file
[15:15:34] Generating Genbank and Sequin files
[15:15:34] Running: tbl2asn -V b -a r10k -l paired-ends -M n -N 1 -y 'Annotated using prokka 1.14-dev from https://github.com/tseemann/prokka' -Z plasmid_files_fasta\/CP012168\.1_results\/PROKKA_10092018\.err -i plasmid_files_fasta\/CP012168\.1_results\/PROKKA_10092018\.fsa 2> /dev/null
[15:15:35] Deleting unwanted file: plasmid_files_fasta/CP012168.1_results/errorsummary.val
[15:15:35] Deleting unwanted file: plasmid_files_fasta/CP012168.1_results/PROKKA_10092018.dr
[15:15:35] Deleting unwanted file: plasmid_files_fasta/CP012168.1_results/PROKKA_10092018.fixedproducts
[15:15:35] Deleting unwanted file: plasmid_files_fasta/CP012168.1_results/PROKKA_10092018.ecn
[15:15:35] Deleting unwanted file: plasmid_files_fasta/CP012168.1_results/PROKKA_10092018.val
[15:15:35] Repairing broken .GBK output that tbl2asn produces...
[15:15:35] Running: sed 's/COORDINATES: profile/COORDINATES:profile/' < plasmid_files_fasta\/CP012168\.1_results\/PROKKA_10092018\.gbf > plasmid_files_fasta\/CP012168\.1_results\/PROKKA_10092018\.gbk
[15:15:35] Deleting unwanted file: plasmid_files_fasta/CP012168.1_results/PROKKA_10092018.gbf
[15:15:35] Output files:
[15:15:35] plasmid_files_fasta/CP012168.1_results/PROKKA_10092018.ffn
[15:15:35] plasmid_files_fasta/CP012168.1_results/PROKKA_10092018.tbl
[15:15:35] plasmid_files_fasta/CP012168.1_results/PROKKA_10092018.log
[15:15:35] plasmid_files_fasta/CP012168.1_results/PROKKA_10092018.fna
[15:15:35] plasmid_files_fasta/CP012168.1_results/PROKKA_10092018.fsa
[15:15:35] plasmid_files_fasta/CP012168.1_results/PROKKA_10092018.tsv
[15:15:35] plasmid_files_fasta/CP012168.1_results/PROKKA_10092018.faa
[15:15:35] plasmid_files_fasta/CP012168.1_results/PROKKA_10092018.gbk
[15:15:35] plasmid_files_fasta/CP012168.1_results/PROKKA_10092018.sqn
[15:15:35] plasmid_files_fasta/CP012168.1_results/PROKKA_10092018.err
[15:15:35] plasmid_files_fasta/CP012168.1_results/PROKKA_10092018.txt
[15:15:35] plasmid_files_fasta/CP012168.1_results/PROKKA_10092018.gff
[15:15:35] Annotation finished successfully.
[15:15:35] Walltime used: 0.08 minutes
[15:15:35] If you use this result please cite the Prokka paper:
[15:15:35] Seemann T (2014) Prokka: rapid prokaryotic genome annotation. Bioinformatics. 30(14):2068-9.
[15:15:35] Type 'prokka --citation' for more details.
[15:15:35] Share and enjoy!
