Discrepancy Report Results

Summary
FATAL: MISSING_PROTEIN_ID:182 proteins have invalid IDs.
DISC_SOURCE_QUALS_ASNDISC:strain (all present, all unique)
DISC_SOURCE_QUALS_ASNDISC:taxname (all present, all unique)
DISC_FEATURE_COUNT:CDS: 182 present
DISC_COUNT_NUCLEOTIDES:1 nucleotide Bioseqs are present
FEATURE_LOCATION_CONFLICT:182 features have inconsistent gene locations.
SUSPECT_PRODUCT_NAMES:1 product_names contain suspect phrase or characters
	May contain database identifier more appropriate in note; remove from product name
		1 features Three or more numbers together
DISC_QUALITY_SCORES:Quality scores are missing on all sequences.
ONCALLER_COMMENT_PRESENT:1 comment descriptors were found (all same)
SHORT_PROT_SEQUENCES:5 protein sequences are shorter than 50 aa.
MISSING_GENOMEASSEMBLY_COMMENTS:1 bioseqs are missing GenomeAssembly structured comments
MOLTYPE_NOT_MRNA:1 molecule types are not set as mRNA.
TECHNIQUE_NOT_TSA:1 technique are not set as TSA
MISSING_STRUCTURED_COMMENT:1 sequences do not include structured comments.
MISSING_PROJECT:183 sequences do not include project.
DISC_INCONSISTENT_MOLINFO_TECH:Molinfo Technique Report (some missing, all same)


Detailed Report

FATAL: DiscRep_ALL:MISSING_PROTEIN_ID::182 proteins have invalid IDs.
plasmid_files_fasta/KY270850.1_results/PROKKA_10092018:KY270850.1_1 (length 287)
plasmid_files_fasta/KY270850.1_results/PROKKA_10092018:KY270850.1_2 (length 48)
plasmid_files_fasta/KY270850.1_results/PROKKA_10092018:KY270850.1_3 (length 282)
plasmid_files_fasta/KY270850.1_results/PROKKA_10092018:KY270850.1_4 (length 94)
plasmid_files_fasta/KY270850.1_results/PROKKA_10092018:KY270850.1_5 (length 97)
plasmid_files_fasta/KY270850.1_results/PROKKA_10092018:KY270850.1_6 (length 160)
plasmid_files_fasta/KY270850.1_results/PROKKA_10092018:KY270850.1_7 (length 193)
plasmid_files_fasta/KY270850.1_results/PROKKA_10092018:KY270850.1_8 (length 234)
plasmid_files_fasta/KY270850.1_results/PROKKA_10092018:KY270850.1_9 (length 286)
plasmid_files_fasta/KY270850.1_results/PROKKA_10092018:KY270850.1_10 (length 114)
plasmid_files_fasta/KY270850.1_results/PROKKA_10092018:KY270850.1_11 (length 234)
plasmid_files_fasta/KY270850.1_results/PROKKA_10092018:KY270850.1_12 (length 131)
plasmid_files_fasta/KY270850.1_results/PROKKA_10092018:KY270850.1_13 (length 326)
plasmid_files_fasta/KY270850.1_results/PROKKA_10092018:KY270850.1_14 (length 293)
plasmid_files_fasta/KY270850.1_results/PROKKA_10092018:KY270850.1_15 (length 326)
plasmid_files_fasta/KY270850.1_results/PROKKA_10092018:KY270850.1_16 (length 98)
plasmid_files_fasta/KY270850.1_results/PROKKA_10092018:KY270850.1_17 (length 51)
plasmid_files_fasta/KY270850.1_results/PROKKA_10092018:KY270850.1_18 (length 141)
plasmid_files_fasta/KY270850.1_results/PROKKA_10092018:KY270850.1_19 (length 92)
plasmid_files_fasta/KY270850.1_results/PROKKA_10092018:KY270850.1_20 (length 186)
plasmid_files_fasta/KY270850.1_results/PROKKA_10092018:KY270850.1_21 (length 234)
plasmid_files_fasta/KY270850.1_results/PROKKA_10092018:KY270850.1_22 (length 197)
plasmid_files_fasta/KY270850.1_results/PROKKA_10092018:KY270850.1_23 (length 240)
plasmid_files_fasta/KY270850.1_results/PROKKA_10092018:KY270850.1_24 (length 1753)
plasmid_files_fasta/KY270850.1_results/PROKKA_10092018:KY270850.1_25 (length 770)
plasmid_files_fasta/KY270850.1_results/PROKKA_10092018:KY270850.1_26 (length 229)
plasmid_files_fasta/KY270850.1_results/PROKKA_10092018:KY270850.1_27 (length 243)
plasmid_files_fasta/KY270850.1_results/PROKKA_10092018:KY270850.1_28 (length 179)
plasmid_files_fasta/KY270850.1_results/PROKKA_10092018:KY270850.1_29 (length 949)
plasmid_files_fasta/KY270850.1_results/PROKKA_10092018:KY270850.1_30 (length 455)
plasmid_files_fasta/KY270850.1_results/PROKKA_10092018:KY270850.1_31 (length 147)
plasmid_files_fasta/KY270850.1_results/PROKKA_10092018:KY270850.1_32 (length 322)
plasmid_files_fasta/KY270850.1_results/PROKKA_10092018:KY270850.1_33 (length 185)
plasmid_files_fasta/KY270850.1_results/PROKKA_10092018:KY270850.1_34 (length 79)
plasmid_files_fasta/KY270850.1_results/PROKKA_10092018:KY270850.1_35 (length 250)
plasmid_files_fasta/KY270850.1_results/PROKKA_10092018:KY270850.1_36 (length 108)
plasmid_files_fasta/KY270850.1_results/PROKKA_10092018:KY270850.1_37 (length 88)
plasmid_files_fasta/KY270850.1_results/PROKKA_10092018:KY270850.1_38 (length 84)
plasmid_files_fasta/KY270850.1_results/PROKKA_10092018:KY270850.1_39 (length 651)
plasmid_files_fasta/KY270850.1_results/PROKKA_10092018:KY270850.1_40 (length 212)
plasmid_files_fasta/KY270850.1_results/PROKKA_10092018:KY270850.1_41 (length 329)
plasmid_files_fasta/KY270850.1_results/PROKKA_10092018:KY270850.1_42 (length 133)
plasmid_files_fasta/KY270850.1_results/PROKKA_10092018:KY270850.1_43 (length 211)
plasmid_files_fasta/KY270850.1_results/PROKKA_10092018:KY270850.1_44 (length 129)
plasmid_files_fasta/KY270850.1_results/PROKKA_10092018:KY270850.1_45 (length 879)
plasmid_files_fasta/KY270850.1_results/PROKKA_10092018:KY270850.1_46 (length 130)
plasmid_files_fasta/KY270850.1_results/PROKKA_10092018:KY270850.1_47 (length 68)
plasmid_files_fasta/KY270850.1_results/PROKKA_10092018:KY270850.1_48 (length 134)
plasmid_files_fasta/KY270850.1_results/PROKKA_10092018:KY270850.1_49 (length 103)
plasmid_files_fasta/KY270850.1_results/PROKKA_10092018:KY270850.1_50 (length 72)
plasmid_files_fasta/KY270850.1_results/PROKKA_10092018:KY270850.1_51 (length 322)
plasmid_files_fasta/KY270850.1_results/PROKKA_10092018:KY270850.1_52 (length 71)
plasmid_files_fasta/KY270850.1_results/PROKKA_10092018:KY270850.1_53 (length 474)
plasmid_files_fasta/KY270850.1_results/PROKKA_10092018:KY270850.1_54 (length 246)
plasmid_files_fasta/KY270850.1_results/PROKKA_10092018:KY270850.1_55 (length 188)
plasmid_files_fasta/KY270850.1_results/PROKKA_10092018:KY270850.1_56 (length 101)
plasmid_files_fasta/KY270850.1_results/PROKKA_10092018:KY270850.1_57 (length 122)
plasmid_files_fasta/KY270850.1_results/PROKKA_10092018:KY270850.1_58 (length 245)
plasmid_files_fasta/KY270850.1_results/PROKKA_10092018:KY270850.1_59 (length 127)
plasmid_files_fasta/KY270850.1_results/PROKKA_10092018:KY270850.1_60 (length 161)
plasmid_files_fasta/KY270850.1_results/PROKKA_10092018:KY270850.1_61 (length 104)
plasmid_files_fasta/KY270850.1_results/PROKKA_10092018:KY270850.1_62 (length 273)
plasmid_files_fasta/KY270850.1_results/PROKKA_10092018:KY270850.1_63 (length 109)
plasmid_files_fasta/KY270850.1_results/PROKKA_10092018:KY270850.1_64 (length 187)
plasmid_files_fasta/KY270850.1_results/PROKKA_10092018:KY270850.1_65 (length 451)
plasmid_files_fasta/KY270850.1_results/PROKKA_10092018:KY270850.1_66 (length 76)
plasmid_files_fasta/KY270850.1_results/PROKKA_10092018:KY270850.1_67 (length 75)
plasmid_files_fasta/KY270850.1_results/PROKKA_10092018:KY270850.1_68 (length 35)
plasmid_files_fasta/KY270850.1_results/PROKKA_10092018:KY270850.1_69 (length 92)
plasmid_files_fasta/KY270850.1_results/PROKKA_10092018:KY270850.1_70 (length 106)
plasmid_files_fasta/KY270850.1_results/PROKKA_10092018:KY270850.1_71 (length 74)
plasmid_files_fasta/KY270850.1_results/PROKKA_10092018:KY270850.1_72 (length 70)
plasmid_files_fasta/KY270850.1_results/PROKKA_10092018:KY270850.1_73 (length 118)
plasmid_files_fasta/KY270850.1_results/PROKKA_10092018:KY270850.1_74 (length 105)
plasmid_files_fasta/KY270850.1_results/PROKKA_10092018:KY270850.1_75 (length 116)
plasmid_files_fasta/KY270850.1_results/PROKKA_10092018:KY270850.1_76 (length 90)
plasmid_files_fasta/KY270850.1_results/PROKKA_10092018:KY270850.1_77 (length 61)
plasmid_files_fasta/KY270850.1_results/PROKKA_10092018:KY270850.1_78 (length 124)
plasmid_files_fasta/KY270850.1_results/PROKKA_10092018:KY270850.1_79 (length 108)
plasmid_files_fasta/KY270850.1_results/PROKKA_10092018:KY270850.1_80 (length 242)
plasmid_files_fasta/KY270850.1_results/PROKKA_10092018:KY270850.1_81 (length 143)
plasmid_files_fasta/KY270850.1_results/PROKKA_10092018:KY270850.1_82 (length 685)
plasmid_files_fasta/KY270850.1_results/PROKKA_10092018:KY270850.1_83 (length 82)
plasmid_files_fasta/KY270850.1_results/PROKKA_10092018:KY270850.1_84 (length 180)
plasmid_files_fasta/KY270850.1_results/PROKKA_10092018:KY270850.1_85 (length 106)
plasmid_files_fasta/KY270850.1_results/PROKKA_10092018:KY270850.1_86 (length 84)
plasmid_files_fasta/KY270850.1_results/PROKKA_10092018:KY270850.1_87 (length 63)
plasmid_files_fasta/KY270850.1_results/PROKKA_10092018:KY270850.1_88 (length 168)
plasmid_files_fasta/KY270850.1_results/PROKKA_10092018:KY270850.1_89 (length 142)
plasmid_files_fasta/KY270850.1_results/PROKKA_10092018:KY270850.1_90 (length 255)
plasmid_files_fasta/KY270850.1_results/PROKKA_10092018:KY270850.1_91 (length 139)
plasmid_files_fasta/KY270850.1_results/PROKKA_10092018:KY270850.1_92 (length 73)
plasmid_files_fasta/KY270850.1_results/PROKKA_10092018:KY270850.1_93 (length 233)
plasmid_files_fasta/KY270850.1_results/PROKKA_10092018:KY270850.1_94 (length 76)
plasmid_files_fasta/KY270850.1_results/PROKKA_10092018:KY270850.1_95 (length 223)
plasmid_files_fasta/KY270850.1_results/PROKKA_10092018:KY270850.1_96 (length 323)
plasmid_files_fasta/KY270850.1_results/PROKKA_10092018:KY270850.1_97 (length 495)
plasmid_files_fasta/KY270850.1_results/PROKKA_10092018:KY270850.1_98 (length 143)
plasmid_files_fasta/KY270850.1_results/PROKKA_10092018:KY270850.1_99 (length 423)
plasmid_files_fasta/KY270850.1_results/PROKKA_10092018:KY270850.1_100 (length 291)
plasmid_files_fasta/KY270850.1_results/PROKKA_10092018:KY270850.1_101 (length 208)
plasmid_files_fasta/KY270850.1_results/PROKKA_10092018:KY270850.1_102 (length 100)
plasmid_files_fasta/KY270850.1_results/PROKKA_10092018:KY270850.1_103 (length 264)
plasmid_files_fasta/KY270850.1_results/PROKKA_10092018:KY270850.1_104 (length 47)
plasmid_files_fasta/KY270850.1_results/PROKKA_10092018:KY270850.1_105 (length 338)
plasmid_files_fasta/KY270850.1_results/PROKKA_10092018:KY270850.1_106 (length 104)
plasmid_files_fasta/KY270850.1_results/PROKKA_10092018:KY270850.1_107 (length 131)
plasmid_files_fasta/KY270850.1_results/PROKKA_10092018:KY270850.1_108 (length 101)
plasmid_files_fasta/KY270850.1_results/PROKKA_10092018:KY270850.1_109 (length 72)
plasmid_files_fasta/KY270850.1_results/PROKKA_10092018:KY270850.1_110 (length 76)
plasmid_files_fasta/KY270850.1_results/PROKKA_10092018:KY270850.1_111 (length 133)
plasmid_files_fasta/KY270850.1_results/PROKKA_10092018:KY270850.1_112 (length 520)
plasmid_files_fasta/KY270850.1_results/PROKKA_10092018:KY270850.1_113 (length 340)
plasmid_files_fasta/KY270850.1_results/PROKKA_10092018:KY270850.1_114 (length 91)
plasmid_files_fasta/KY270850.1_results/PROKKA_10092018:KY270850.1_115 (length 125)
plasmid_files_fasta/KY270850.1_results/PROKKA_10092018:KY270850.1_116 (length 117)
plasmid_files_fasta/KY270850.1_results/PROKKA_10092018:KY270850.1_117 (length 334)
plasmid_files_fasta/KY270850.1_results/PROKKA_10092018:KY270850.1_118 (length 144)
plasmid_files_fasta/KY270850.1_results/PROKKA_10092018:KY270850.1_119 (length 116)
plasmid_files_fasta/KY270850.1_results/PROKKA_10092018:KY270850.1_120 (length 91)
plasmid_files_fasta/KY270850.1_results/PROKKA_10092018:KY270850.1_121 (length 153)
plasmid_files_fasta/KY270850.1_results/PROKKA_10092018:KY270850.1_122 (length 564)
plasmid_files_fasta/KY270850.1_results/PROKKA_10092018:KY270850.1_123 (length 120)
plasmid_files_fasta/KY270850.1_results/PROKKA_10092018:KY270850.1_124 (length 78)
plasmid_files_fasta/KY270850.1_results/PROKKA_10092018:KY270850.1_125 (length 235)
plasmid_files_fasta/KY270850.1_results/PROKKA_10092018:KY270850.1_126 (length 422)
plasmid_files_fasta/KY270850.1_results/PROKKA_10092018:KY270850.1_127 (length 234)
plasmid_files_fasta/KY270850.1_results/PROKKA_10092018:KY270850.1_128 (length 337)
plasmid_files_fasta/KY270850.1_results/PROKKA_10092018:KY270850.1_129 (length 157)
plasmid_files_fasta/KY270850.1_results/PROKKA_10092018:KY270850.1_130 (length 115)
plasmid_files_fasta/KY270850.1_results/PROKKA_10092018:KY270850.1_131 (length 279)
plasmid_files_fasta/KY270850.1_results/PROKKA_10092018:KY270850.1_132 (length 161)
plasmid_files_fasta/KY270850.1_results/PROKKA_10092018:KY270850.1_133 (length 45)
plasmid_files_fasta/KY270850.1_results/PROKKA_10092018:KY270850.1_134 (length 254)
plasmid_files_fasta/KY270850.1_results/PROKKA_10092018:KY270850.1_135 (length 194)
plasmid_files_fasta/KY270850.1_results/PROKKA_10092018:KY270850.1_136 (length 412)
plasmid_files_fasta/KY270850.1_results/PROKKA_10092018:KY270850.1_137 (length 301)
plasmid_files_fasta/KY270850.1_results/PROKKA_10092018:KY270850.1_138 (length 234)
plasmid_files_fasta/KY270850.1_results/PROKKA_10092018:KY270850.1_139 (length 187)
plasmid_files_fasta/KY270850.1_results/PROKKA_10092018:KY270850.1_140 (length 42)
plasmid_files_fasta/KY270850.1_results/PROKKA_10092018:KY270850.1_141 (length 326)
plasmid_files_fasta/KY270850.1_results/PROKKA_10092018:KY270850.1_142 (length 135)
plasmid_files_fasta/KY270850.1_results/PROKKA_10092018:KY270850.1_143 (length 131)
plasmid_files_fasta/KY270850.1_results/PROKKA_10092018:KY270850.1_144 (length 203)
plasmid_files_fasta/KY270850.1_results/PROKKA_10092018:KY270850.1_145 (length 316)
plasmid_files_fasta/KY270850.1_results/PROKKA_10092018:KY270850.1_146 (length 210)
plasmid_files_fasta/KY270850.1_results/PROKKA_10092018:KY270850.1_147 (length 401)
plasmid_files_fasta/KY270850.1_results/PROKKA_10092018:KY270850.1_148 (length 323)
plasmid_files_fasta/KY270850.1_results/PROKKA_10092018:KY270850.1_149 (length 423)
plasmid_files_fasta/KY270850.1_results/PROKKA_10092018:KY270850.1_150 (length 140)
plasmid_files_fasta/KY270850.1_results/PROKKA_10092018:KY270850.1_151 (length 223)
plasmid_files_fasta/KY270850.1_results/PROKKA_10092018:KY270850.1_152 (length 225)
plasmid_files_fasta/KY270850.1_results/PROKKA_10092018:KY270850.1_153 (length 73)
plasmid_files_fasta/KY270850.1_results/PROKKA_10092018:KY270850.1_154 (length 139)
plasmid_files_fasta/KY270850.1_results/PROKKA_10092018:KY270850.1_155 (length 259)
plasmid_files_fasta/KY270850.1_results/PROKKA_10092018:KY270850.1_156 (length 168)
plasmid_files_fasta/KY270850.1_results/PROKKA_10092018:KY270850.1_157 (length 63)
plasmid_files_fasta/KY270850.1_results/PROKKA_10092018:KY270850.1_158 (length 86)
plasmid_files_fasta/KY270850.1_results/PROKKA_10092018:KY270850.1_159 (length 50)
plasmid_files_fasta/KY270850.1_results/PROKKA_10092018:KY270850.1_160 (length 76)
plasmid_files_fasta/KY270850.1_results/PROKKA_10092018:KY270850.1_161 (length 220)
plasmid_files_fasta/KY270850.1_results/PROKKA_10092018:KY270850.1_162 (length 211)
plasmid_files_fasta/KY270850.1_results/PROKKA_10092018:KY270850.1_163 (length 140)
plasmid_files_fasta/KY270850.1_results/PROKKA_10092018:KY270850.1_164 (length 91)
plasmid_files_fasta/KY270850.1_results/PROKKA_10092018:KY270850.1_165 (length 143)
plasmid_files_fasta/KY270850.1_results/PROKKA_10092018:KY270850.1_166 (length 242)
plasmid_files_fasta/KY270850.1_results/PROKKA_10092018:KY270850.1_167 (length 107)
plasmid_files_fasta/KY270850.1_results/PROKKA_10092018:KY270850.1_168 (length 119)
plasmid_files_fasta/KY270850.1_results/PROKKA_10092018:KY270850.1_169 (length 124)
plasmid_files_fasta/KY270850.1_results/PROKKA_10092018:KY270850.1_170 (length 234)
plasmid_files_fasta/KY270850.1_results/PROKKA_10092018:KY270850.1_171 (length 278)
plasmid_files_fasta/KY270850.1_results/PROKKA_10092018:KY270850.1_172 (length 139)
plasmid_files_fasta/KY270850.1_results/PROKKA_10092018:KY270850.1_173 (length 271)
plasmid_files_fasta/KY270850.1_results/PROKKA_10092018:KY270850.1_174 (length 283)
plasmid_files_fasta/KY270850.1_results/PROKKA_10092018:KY270850.1_175 (length 235)
plasmid_files_fasta/KY270850.1_results/PROKKA_10092018:KY270850.1_176 (length 234)
plasmid_files_fasta/KY270850.1_results/PROKKA_10092018:KY270850.1_177 (length 189)
plasmid_files_fasta/KY270850.1_results/PROKKA_10092018:KY270850.1_178 (length 180)
plasmid_files_fasta/KY270850.1_results/PROKKA_10092018:KY270850.1_179 (length 102)
plasmid_files_fasta/KY270850.1_results/PROKKA_10092018:KY270850.1_180 (length 78)
plasmid_files_fasta/KY270850.1_results/PROKKA_10092018:KY270850.1_181 (length 184)
plasmid_files_fasta/KY270850.1_results/PROKKA_10092018:KY270850.1_182 (length 85)

DiscRep_ALL:DISC_SOURCE_QUALS_ASNDISC::strain (all present, all unique)
DiscRep_SUB:DISC_SOURCE_QUALS_ASNDISC::1 sources have unique values for strain
DiscRep_ALL:DISC_SOURCE_QUALS_ASNDISC::taxname (all present, all unique)
DiscRep_SUB:DISC_SOURCE_QUALS_ASNDISC::1 sources have unique values for taxname
DiscRep_ALL:DISC_FEATURE_COUNT::CDS: 182 present
DiscRep_ALL:DISC_COUNT_NUCLEOTIDES::1 nucleotide Bioseqs are present
plasmid_files_fasta/KY270850.1_results/PROKKA_10092018:KY270850.1 (length 140093)

DiscRep_ALL:FEATURE_LOCATION_CONFLICT::182 features have inconsistent gene locations.
DiscRep_SUB:FEATURE_LOCATION_CONFLICT::Coding region xref gene does not exist
plasmid_files_fasta/KY270850.1_results/PROKKA_10092018:CDS	hypothetical protein	KY270850.1:1-864	CEBIAJMD_00001

DiscRep_SUB:FEATURE_LOCATION_CONFLICT::Coding region xref gene does not exist
plasmid_files_fasta/KY270850.1_results/PROKKA_10092018:CDS	hypothetical protein	KY270850.1:c1868-1722	CEBIAJMD_00002

DiscRep_SUB:FEATURE_LOCATION_CONFLICT::Coding region xref gene does not exist
plasmid_files_fasta/KY270850.1_results/PROKKA_10092018:CDS	hypothetical protein	KY270850.1:2007-2855	CEBIAJMD_00003

DiscRep_SUB:FEATURE_LOCATION_CONFLICT::Coding region xref gene does not exist
plasmid_files_fasta/KY270850.1_results/PROKKA_10092018:CDS	hypothetical protein	KY270850.1:2915-3199	CEBIAJMD_00004

DiscRep_SUB:FEATURE_LOCATION_CONFLICT::Coding region xref gene does not exist
plasmid_files_fasta/KY270850.1_results/PROKKA_10092018:CDS	hypothetical protein	KY270850.1:3288-3581	CEBIAJMD_00005

DiscRep_SUB:FEATURE_LOCATION_CONFLICT::Coding region xref gene does not exist
plasmid_files_fasta/KY270850.1_results/PROKKA_10092018:CDS	hypothetical protein	KY270850.1:3704-4186	CEBIAJMD_00006

DiscRep_SUB:FEATURE_LOCATION_CONFLICT::Coding region xref gene does not exist
plasmid_files_fasta/KY270850.1_results/PROKKA_10092018:CDS	hypothetical protein	KY270850.1:4213-4794	CEBIAJMD_00007

DiscRep_SUB:FEATURE_LOCATION_CONFLICT::Coding region xref gene does not exist
plasmid_files_fasta/KY270850.1_results/PROKKA_10092018:CDS	hypothetical protein	KY270850.1:c5597-4893	CEBIAJMD_00008

DiscRep_SUB:FEATURE_LOCATION_CONFLICT::Coding region xref gene does not exist
plasmid_files_fasta/KY270850.1_results/PROKKA_10092018:CDS	SPBc2 prophage-derived aminoglycoside N(3')-acetyltransferase-like protein YokD	KY270850.1:5830-6690	CEBIAJMD_00009

DiscRep_SUB:FEATURE_LOCATION_CONFLICT::Coding region xref gene does not exist
plasmid_files_fasta/KY270850.1_results/PROKKA_10092018:CDS	Tunicamycin resistance protein	KY270850.1:6703-7047	CEBIAJMD_00010

DiscRep_SUB:FEATURE_LOCATION_CONFLICT::Coding region xref gene does not exist
plasmid_files_fasta/KY270850.1_results/PROKKA_10092018:CDS	hypothetical protein	KY270850.1:7059-7763	CEBIAJMD_00011

DiscRep_SUB:FEATURE_LOCATION_CONFLICT::Coding region xref gene does not exist
plasmid_files_fasta/KY270850.1_results/PROKKA_10092018:CDS	Transposon Tn3 resolvase	KY270850.1:7881-8276	CEBIAJMD_00012

DiscRep_SUB:FEATURE_LOCATION_CONFLICT::Coding region xref gene does not exist
plasmid_files_fasta/KY270850.1_results/PROKKA_10092018:CDS	hypothetical protein	KY270850.1:8399-9379	CEBIAJMD_00013

DiscRep_SUB:FEATURE_LOCATION_CONFLICT::Coding region xref gene does not exist
plasmid_files_fasta/KY270850.1_results/PROKKA_10092018:CDS	Carbapenem-hydrolyzing beta-lactamase KPC	KY270850.1:9655-10536	CEBIAJMD_00014

DiscRep_SUB:FEATURE_LOCATION_CONFLICT::Coding region xref gene does not exist
plasmid_files_fasta/KY270850.1_results/PROKKA_10092018:CDS	hypothetical protein	KY270850.1:c11766-10786	CEBIAJMD_00015

DiscRep_SUB:FEATURE_LOCATION_CONFLICT::Coding region xref gene does not exist
plasmid_files_fasta/KY270850.1_results/PROKKA_10092018:CDS	hypothetical protein	KY270850.1:c12067-11771	CEBIAJMD_00016

DiscRep_SUB:FEATURE_LOCATION_CONFLICT::Coding region xref gene does not exist
plasmid_files_fasta/KY270850.1_results/PROKKA_10092018:CDS	hypothetical protein	KY270850.1:c12268-12113	CEBIAJMD_00017

DiscRep_SUB:FEATURE_LOCATION_CONFLICT::Coding region xref gene does not exist
plasmid_files_fasta/KY270850.1_results/PROKKA_10092018:CDS	Antirestriction protein KlcA	KY270850.1:c12821-12396	CEBIAJMD_00018

DiscRep_SUB:FEATURE_LOCATION_CONFLICT::Coding region xref gene does not exist
plasmid_files_fasta/KY270850.1_results/PROKKA_10092018:CDS	hypothetical protein	KY270850.1:c13210-12932	CEBIAJMD_00019

DiscRep_SUB:FEATURE_LOCATION_CONFLICT::Coding region xref gene does not exist
plasmid_files_fasta/KY270850.1_results/PROKKA_10092018:CDS	hypothetical protein	KY270850.1:c14304-13744	CEBIAJMD_00020

DiscRep_SUB:FEATURE_LOCATION_CONFLICT::Coding region xref gene does not exist
plasmid_files_fasta/KY270850.1_results/PROKKA_10092018:CDS	hypothetical protein	KY270850.1:14767-15471	CEBIAJMD_00021

DiscRep_SUB:FEATURE_LOCATION_CONFLICT::Coding region xref gene does not exist
plasmid_files_fasta/KY270850.1_results/PROKKA_10092018:CDS	Fertility inhibition protein	KY270850.1:c16207-15614	CEBIAJMD_00022

DiscRep_SUB:FEATURE_LOCATION_CONFLICT::Coding region xref gene does not exist
plasmid_files_fasta/KY270850.1_results/PROKKA_10092018:CDS	hypothetical protein	KY270850.1:c17001-16279	CEBIAJMD_00023

DiscRep_SUB:FEATURE_LOCATION_CONFLICT::Coding region xref gene does not exist
plasmid_files_fasta/KY270850.1_results/PROKKA_10092018:CDS	Multifunctional conjugation protein TraI	KY270850.1:c22341-17080	CEBIAJMD_00024

DiscRep_SUB:FEATURE_LOCATION_CONFLICT::Coding region xref gene does not exist
plasmid_files_fasta/KY270850.1_results/PROKKA_10092018:CDS	Coupling protein TraD	KY270850.1:c24653-22341	CEBIAJMD_00025

DiscRep_SUB:FEATURE_LOCATION_CONFLICT::Coding region xref gene does not exist
plasmid_files_fasta/KY270850.1_results/PROKKA_10092018:CDS	hypothetical protein	KY270850.1:c25469-24780	CEBIAJMD_00026

DiscRep_SUB:FEATURE_LOCATION_CONFLICT::Coding region xref gene does not exist
plasmid_files_fasta/KY270850.1_results/PROKKA_10092018:CDS	Lipoprotein YlpA	KY270850.1:c26393-25662	CEBIAJMD_00027

DiscRep_SUB:FEATURE_LOCATION_CONFLICT::Coding region xref gene does not exist
plasmid_files_fasta/KY270850.1_results/PROKKA_10092018:CDS	Protein TraS	KY270850.1:c27118-26579	CEBIAJMD_00028

DiscRep_SUB:FEATURE_LOCATION_CONFLICT::Coding region xref gene does not exist
plasmid_files_fasta/KY270850.1_results/PROKKA_10092018:CDS	hypothetical protein	KY270850.1:c29964-27115	CEBIAJMD_00029

DiscRep_SUB:FEATURE_LOCATION_CONFLICT::Coding region xref gene does not exist
plasmid_files_fasta/KY270850.1_results/PROKKA_10092018:CDS	hypothetical protein	KY270850.1:c31331-29964	CEBIAJMD_00030

DiscRep_SUB:FEATURE_LOCATION_CONFLICT::Coding region xref gene does not exist
plasmid_files_fasta/KY270850.1_results/PROKKA_10092018:CDS	hypothetical protein	KY270850.1:c31764-31321	CEBIAJMD_00031

DiscRep_SUB:FEATURE_LOCATION_CONFLICT::Coding region xref gene does not exist
plasmid_files_fasta/KY270850.1_results/PROKKA_10092018:CDS	hypothetical protein	KY270850.1:c32800-31832	CEBIAJMD_00032

DiscRep_SUB:FEATURE_LOCATION_CONFLICT::Coding region xref gene does not exist
plasmid_files_fasta/KY270850.1_results/PROKKA_10092018:CDS	hypothetical protein	KY270850.1:c33433-32876	CEBIAJMD_00033

DiscRep_SUB:FEATURE_LOCATION_CONFLICT::Coding region xref gene does not exist
plasmid_files_fasta/KY270850.1_results/PROKKA_10092018:CDS	Protein TraQ	KY270850.1:c33644-33405	CEBIAJMD_00034

DiscRep_SUB:FEATURE_LOCATION_CONFLICT::Coding region xref gene does not exist
plasmid_files_fasta/KY270850.1_results/PROKKA_10092018:CDS	hypothetical protein	KY270850.1:c34407-33655	CEBIAJMD_00035

DiscRep_SUB:FEATURE_LOCATION_CONFLICT::Coding region xref gene does not exist
plasmid_files_fasta/KY270850.1_results/PROKKA_10092018:CDS	hypothetical protein	KY270850.1:c34754-34428	CEBIAJMD_00036

DiscRep_SUB:FEATURE_LOCATION_CONFLICT::Coding region xref gene does not exist
plasmid_files_fasta/KY270850.1_results/PROKKA_10092018:CDS	hypothetical protein	KY270850.1:c35033-34767	CEBIAJMD_00037

DiscRep_SUB:FEATURE_LOCATION_CONFLICT::Coding region xref gene does not exist
plasmid_files_fasta/KY270850.1_results/PROKKA_10092018:CDS	hypothetical protein	KY270850.1:c35247-34993	CEBIAJMD_00038

DiscRep_SUB:FEATURE_LOCATION_CONFLICT::Coding region xref gene does not exist
plasmid_files_fasta/KY270850.1_results/PROKKA_10092018:CDS	hypothetical protein	KY270850.1:c37234-35279	CEBIAJMD_00039

DiscRep_SUB:FEATURE_LOCATION_CONFLICT::Coding region xref gene does not exist
plasmid_files_fasta/KY270850.1_results/PROKKA_10092018:CDS	hypothetical protein	KY270850.1:c37931-37293	CEBIAJMD_00040

DiscRep_SUB:FEATURE_LOCATION_CONFLICT::Coding region xref gene does not exist
plasmid_files_fasta/KY270850.1_results/PROKKA_10092018:CDS	hypothetical protein	KY270850.1:c38933-37944	CEBIAJMD_00041

DiscRep_SUB:FEATURE_LOCATION_CONFLICT::Coding region xref gene does not exist
plasmid_files_fasta/KY270850.1_results/PROKKA_10092018:CDS	hypothetical protein	KY270850.1:c39331-38930	CEBIAJMD_00042

DiscRep_SUB:FEATURE_LOCATION_CONFLICT::Coding region xref gene does not exist
plasmid_files_fasta/KY270850.1_results/PROKKA_10092018:CDS	hypothetical protein	KY270850.1:c40001-39366	CEBIAJMD_00043

DiscRep_SUB:FEATURE_LOCATION_CONFLICT::Coding region xref gene does not exist
plasmid_files_fasta/KY270850.1_results/PROKKA_10092018:CDS	hypothetical protein	KY270850.1:c40390-40001	CEBIAJMD_00044

DiscRep_SUB:FEATURE_LOCATION_CONFLICT::Coding region xref gene does not exist
plasmid_files_fasta/KY270850.1_results/PROKKA_10092018:CDS	Protein TraC	KY270850.1:c43029-40390	CEBIAJMD_00045

DiscRep_SUB:FEATURE_LOCATION_CONFLICT::Coding region xref gene does not exist
plasmid_files_fasta/KY270850.1_results/PROKKA_10092018:CDS	hypothetical protein	KY270850.1:c43493-43101	CEBIAJMD_00046

DiscRep_SUB:FEATURE_LOCATION_CONFLICT::Coding region xref gene does not exist
plasmid_files_fasta/KY270850.1_results/PROKKA_10092018:CDS	hypothetical protein	KY270850.1:43683-43889	CEBIAJMD_00047

DiscRep_SUB:FEATURE_LOCATION_CONFLICT::Coding region xref gene does not exist
plasmid_files_fasta/KY270850.1_results/PROKKA_10092018:CDS	hypothetical protein	KY270850.1:c44280-43876	CEBIAJMD_00048

DiscRep_SUB:FEATURE_LOCATION_CONFLICT::Coding region xref gene does not exist
plasmid_files_fasta/KY270850.1_results/PROKKA_10092018:CDS	hypothetical protein	KY270850.1:c44658-44347	CEBIAJMD_00049

DiscRep_SUB:FEATURE_LOCATION_CONFLICT::Coding region xref gene does not exist
plasmid_files_fasta/KY270850.1_results/PROKKA_10092018:CDS	hypothetical protein	KY270850.1:c44877-44659	CEBIAJMD_00050

DiscRep_SUB:FEATURE_LOCATION_CONFLICT::Coding region xref gene does not exist
plasmid_files_fasta/KY270850.1_results/PROKKA_10092018:CDS	hypothetical protein	KY270850.1:c46617-45649	CEBIAJMD_00051

DiscRep_SUB:FEATURE_LOCATION_CONFLICT::Coding region xref gene does not exist
plasmid_files_fasta/KY270850.1_results/PROKKA_10092018:CDS	Protein TraV	KY270850.1:c46850-46635	CEBIAJMD_00052

DiscRep_SUB:FEATURE_LOCATION_CONFLICT::Coding region xref gene does not exist
plasmid_files_fasta/KY270850.1_results/PROKKA_10092018:CDS	hypothetical protein	KY270850.1:c48346-46922	CEBIAJMD_00053

DiscRep_SUB:FEATURE_LOCATION_CONFLICT::Coding region xref gene does not exist
plasmid_files_fasta/KY270850.1_results/PROKKA_10092018:CDS	hypothetical protein	KY270850.1:c49086-48346	CEBIAJMD_00054

DiscRep_SUB:FEATURE_LOCATION_CONFLICT::Coding region xref gene does not exist
plasmid_files_fasta/KY270850.1_results/PROKKA_10092018:CDS	hypothetical protein	KY270850.1:c49639-49073	CEBIAJMD_00055

DiscRep_SUB:FEATURE_LOCATION_CONFLICT::Coding region xref gene does not exist
plasmid_files_fasta/KY270850.1_results/PROKKA_10092018:CDS	hypothetical protein	KY270850.1:c49964-49659	CEBIAJMD_00056

DiscRep_SUB:FEATURE_LOCATION_CONFLICT::Coding region xref gene does not exist
plasmid_files_fasta/KY270850.1_results/PROKKA_10092018:CDS	Pilin	KY270850.1:c50346-49978	CEBIAJMD_00057

DiscRep_SUB:FEATURE_LOCATION_CONFLICT::Coding region xref gene does not exist
plasmid_files_fasta/KY270850.1_results/PROKKA_10092018:CDS	Protein TraJ	KY270850.1:c51466-50729	CEBIAJMD_00058

DiscRep_SUB:FEATURE_LOCATION_CONFLICT::Coding region xref gene does not exist
plasmid_files_fasta/KY270850.1_results/PROKKA_10092018:CDS	Relaxosome protein TraM	KY270850.1:c52049-51666	CEBIAJMD_00059

DiscRep_SUB:FEATURE_LOCATION_CONFLICT::Coding region xref gene does not exist
plasmid_files_fasta/KY270850.1_results/PROKKA_10092018:CDS	hypothetical protein	KY270850.1:52473-52958	CEBIAJMD_00060

DiscRep_SUB:FEATURE_LOCATION_CONFLICT::Coding region xref gene does not exist
plasmid_files_fasta/KY270850.1_results/PROKKA_10092018:CDS	hypothetical protein	KY270850.1:c53305-52991	CEBIAJMD_00061

DiscRep_SUB:FEATURE_LOCATION_CONFLICT::Coding region xref gene does not exist
plasmid_files_fasta/KY270850.1_results/PROKKA_10092018:CDS	hypothetical protein	KY270850.1:c54174-53353	CEBIAJMD_00062

DiscRep_SUB:FEATURE_LOCATION_CONFLICT::Coding region xref gene does not exist
plasmid_files_fasta/KY270850.1_results/PROKKA_10092018:CDS	hypothetical protein	KY270850.1:54775-55104	CEBIAJMD_00063

DiscRep_SUB:FEATURE_LOCATION_CONFLICT::Coding region xref gene does not exist
plasmid_files_fasta/KY270850.1_results/PROKKA_10092018:CDS	hypothetical protein	KY270850.1:c55562-54999	CEBIAJMD_00064

DiscRep_SUB:FEATURE_LOCATION_CONFLICT::Coding region xref gene does not exist
plasmid_files_fasta/KY270850.1_results/PROKKA_10092018:CDS	hypothetical protein	KY270850.1:c56965-55610	CEBIAJMD_00065

DiscRep_SUB:FEATURE_LOCATION_CONFLICT::Coding region xref gene does not exist
plasmid_files_fasta/KY270850.1_results/PROKKA_10092018:CDS	hypothetical protein	KY270850.1:c57247-57017	CEBIAJMD_00066

DiscRep_SUB:FEATURE_LOCATION_CONFLICT::Coding region xref gene does not exist
plasmid_files_fasta/KY270850.1_results/PROKKA_10092018:CDS	hypothetical protein	KY270850.1:c57566-57339	CEBIAJMD_00067

DiscRep_SUB:FEATURE_LOCATION_CONFLICT::Coding region xref gene does not exist
plasmid_files_fasta/KY270850.1_results/PROKKA_10092018:CDS	Antitoxin HigA	KY270850.1:c58498-58391	CEBIAJMD_00068

DiscRep_SUB:FEATURE_LOCATION_CONFLICT::Coding region xref gene does not exist
plasmid_files_fasta/KY270850.1_results/PROKKA_10092018:CDS	Antitoxin HigA1	KY270850.1:c58777-58499	CEBIAJMD_00069

DiscRep_SUB:FEATURE_LOCATION_CONFLICT::Coding region xref gene does not exist
plasmid_files_fasta/KY270850.1_results/PROKKA_10092018:CDS	hypothetical protein	KY270850.1:c59087-58767	CEBIAJMD_00070

DiscRep_SUB:FEATURE_LOCATION_CONFLICT::Coding region xref gene does not exist
plasmid_files_fasta/KY270850.1_results/PROKKA_10092018:CDS	hypothetical protein	KY270850.1:c59392-59168	CEBIAJMD_00071

DiscRep_SUB:FEATURE_LOCATION_CONFLICT::Coding region xref gene does not exist
plasmid_files_fasta/KY270850.1_results/PROKKA_10092018:CDS	hypothetical protein	KY270850.1:c59615-59403	CEBIAJMD_00072

DiscRep_SUB:FEATURE_LOCATION_CONFLICT::Coding region xref gene does not exist
plasmid_files_fasta/KY270850.1_results/PROKKA_10092018:CDS	hypothetical protein	KY270850.1:c60032-59676	CEBIAJMD_00073

DiscRep_SUB:FEATURE_LOCATION_CONFLICT::Coding region xref gene does not exist
plasmid_files_fasta/KY270850.1_results/PROKKA_10092018:CDS	hypothetical protein	KY270850.1:c61190-60873	CEBIAJMD_00074

DiscRep_SUB:FEATURE_LOCATION_CONFLICT::Coding region xref gene does not exist
plasmid_files_fasta/KY270850.1_results/PROKKA_10092018:CDS	hypothetical protein	KY270850.1:c61555-61205	CEBIAJMD_00075

DiscRep_SUB:FEATURE_LOCATION_CONFLICT::Coding region xref gene does not exist
plasmid_files_fasta/KY270850.1_results/PROKKA_10092018:CDS	hypothetical protein	KY270850.1:c61824-61552	CEBIAJMD_00076

DiscRep_SUB:FEATURE_LOCATION_CONFLICT::Coding region xref gene does not exist
plasmid_files_fasta/KY270850.1_results/PROKKA_10092018:CDS	Stable plasmid inheritance protein	KY270850.1:c62702-62517	CEBIAJMD_00077

DiscRep_SUB:FEATURE_LOCATION_CONFLICT::Coding region xref gene does not exist
plasmid_files_fasta/KY270850.1_results/PROKKA_10092018:CDS	hypothetical protein	KY270850.1:c63277-62903	CEBIAJMD_00078

DiscRep_SUB:FEATURE_LOCATION_CONFLICT::Coding region xref gene does not exist
plasmid_files_fasta/KY270850.1_results/PROKKA_10092018:CDS	hypothetical protein	KY270850.1:c63659-63333	CEBIAJMD_00079

DiscRep_SUB:FEATURE_LOCATION_CONFLICT::Coding region xref gene does not exist
plasmid_files_fasta/KY270850.1_results/PROKKA_10092018:CDS	hypothetical protein	KY270850.1:c64384-63656	CEBIAJMD_00080

DiscRep_SUB:FEATURE_LOCATION_CONFLICT::Coding region xref gene does not exist
plasmid_files_fasta/KY270850.1_results/PROKKA_10092018:CDS	Protein PsiB	KY270850.1:c64812-64381	CEBIAJMD_00081

DiscRep_SUB:FEATURE_LOCATION_CONFLICT::Coding region xref gene does not exist
plasmid_files_fasta/KY270850.1_results/PROKKA_10092018:CDS	Chromosome-partitioning protein Spo0J	KY270850.1:c66914-64857	CEBIAJMD_00082

DiscRep_SUB:FEATURE_LOCATION_CONFLICT::Coding region xref gene does not exist
plasmid_files_fasta/KY270850.1_results/PROKKA_10092018:CDS	hypothetical protein	KY270850.1:c67232-66984	CEBIAJMD_00083

DiscRep_SUB:FEATURE_LOCATION_CONFLICT::Coding region xref gene does not exist
plasmid_files_fasta/KY270850.1_results/PROKKA_10092018:CDS	Plasmid-derived single-stranded DNA-binding protein	KY270850.1:c67823-67281	CEBIAJMD_00084

DiscRep_SUB:FEATURE_LOCATION_CONFLICT::Coding region xref gene does not exist
plasmid_files_fasta/KY270850.1_results/PROKKA_10092018:CDS	hypothetical protein	KY270850.1:c68835-68515	CEBIAJMD_00085

DiscRep_SUB:FEATURE_LOCATION_CONFLICT::Coding region xref gene does not exist
plasmid_files_fasta/KY270850.1_results/PROKKA_10092018:CDS	DNA polymerase III subunit theta	KY270850.1:c69124-68870	CEBIAJMD_00086

DiscRep_SUB:FEATURE_LOCATION_CONFLICT::Coding region xref gene does not exist
plasmid_files_fasta/KY270850.1_results/PROKKA_10092018:CDS	hypothetical protein	KY270850.1:c69503-69312	CEBIAJMD_00087

DiscRep_SUB:FEATURE_LOCATION_CONFLICT::Coding region xref gene does not exist
plasmid_files_fasta/KY270850.1_results/PROKKA_10092018:CDS	hypothetical protein	KY270850.1:c70052-69546	CEBIAJMD_00088

DiscRep_SUB:FEATURE_LOCATION_CONFLICT::Coding region xref gene does not exist
plasmid_files_fasta/KY270850.1_results/PROKKA_10092018:CDS	Antirestriction protein KlcA	KY270850.1:c70523-70095	CEBIAJMD_00089

DiscRep_SUB:FEATURE_LOCATION_CONFLICT::Coding region xref gene does not exist
plasmid_files_fasta/KY270850.1_results/PROKKA_10092018:CDS	hypothetical protein	KY270850.1:c71971-71204	CEBIAJMD_00090

DiscRep_SUB:FEATURE_LOCATION_CONFLICT::Coding region xref gene does not exist
plasmid_files_fasta/KY270850.1_results/PROKKA_10092018:CDS	hypothetical protein	KY270850.1:c72444-72025	CEBIAJMD_00091

DiscRep_SUB:FEATURE_LOCATION_CONFLICT::Coding region xref gene does not exist
plasmid_files_fasta/KY270850.1_results/PROKKA_10092018:CDS	hypothetical protein	KY270850.1:c72675-72454	CEBIAJMD_00092

DiscRep_SUB:FEATURE_LOCATION_CONFLICT::Coding region xref gene does not exist
plasmid_files_fasta/KY270850.1_results/PROKKA_10092018:CDS	DNA adenine methyltransferase YhdJ	KY270850.1:c73376-72675	CEBIAJMD_00093

DiscRep_SUB:FEATURE_LOCATION_CONFLICT::Coding region xref gene does not exist
plasmid_files_fasta/KY270850.1_results/PROKKA_10092018:CDS	hypothetical protein	KY270850.1:c74043-73813	CEBIAJMD_00094

DiscRep_SUB:FEATURE_LOCATION_CONFLICT::Coding region xref gene does not exist
plasmid_files_fasta/KY270850.1_results/PROKKA_10092018:CDS	hypothetical protein	KY270850.1:c74778-74107	CEBIAJMD_00095

DiscRep_SUB:FEATURE_LOCATION_CONFLICT::Coding region xref gene does not exist
plasmid_files_fasta/KY270850.1_results/PROKKA_10092018:CDS	Plasmid segregation protein ParM	KY270850.1:c75752-74781	CEBIAJMD_00096

DiscRep_SUB:FEATURE_LOCATION_CONFLICT::Coding region xref gene does not exist
plasmid_files_fasta/KY270850.1_results/PROKKA_10092018:CDS	Group II intron-encoded protein LtrA	KY270850.1:c77488-76001	CEBIAJMD_00097

DiscRep_SUB:FEATURE_LOCATION_CONFLICT::Coding region xref gene does not exist
plasmid_files_fasta/KY270850.1_results/PROKKA_10092018:CDS	Protein UmuD	KY270850.1:77896-78327	CEBIAJMD_00098

DiscRep_SUB:FEATURE_LOCATION_CONFLICT::Coding region xref gene does not exist
plasmid_files_fasta/KY270850.1_results/PROKKA_10092018:CDS	Protein UmuC	KY270850.1:78327-79598	CEBIAJMD_00099

DiscRep_SUB:FEATURE_LOCATION_CONFLICT::Coding region xref gene does not exist
plasmid_files_fasta/KY270850.1_results/PROKKA_10092018:CDS	Replication protein RepA	KY270850.1:80010-80885	CEBIAJMD_00100

DiscRep_SUB:FEATURE_LOCATION_CONFLICT::Coding region xref gene does not exist
plasmid_files_fasta/KY270850.1_results/PROKKA_10092018:CDS	Chromosome-partitioning ATPase Soj	KY270850.1:81550-82176	CEBIAJMD_00101

DiscRep_SUB:FEATURE_LOCATION_CONFLICT::Coding region xref gene does not exist
plasmid_files_fasta/KY270850.1_results/PROKKA_10092018:CDS	hypothetical protein	KY270850.1:82173-82475	CEBIAJMD_00102

DiscRep_SUB:FEATURE_LOCATION_CONFLICT::Coding region xref gene does not exist
plasmid_files_fasta/KY270850.1_results/PROKKA_10092018:CDS	Tyrosine recombinase XerD	KY270850.1:c83725-82931	CEBIAJMD_00103

DiscRep_SUB:FEATURE_LOCATION_CONFLICT::Coding region xref gene does not exist
plasmid_files_fasta/KY270850.1_results/PROKKA_10092018:CDS	hypothetical protein	KY270850.1:83785-83928	CEBIAJMD_00104

DiscRep_SUB:FEATURE_LOCATION_CONFLICT::Coding region xref gene does not exist
plasmid_files_fasta/KY270850.1_results/PROKKA_10092018:CDS	hypothetical protein	KY270850.1:c84939-83923	CEBIAJMD_00105

DiscRep_SUB:FEATURE_LOCATION_CONFLICT::Coding region xref gene does not exist
plasmid_files_fasta/KY270850.1_results/PROKKA_10092018:CDS	hypothetical protein	KY270850.1:c85264-84950	CEBIAJMD_00106

DiscRep_SUB:FEATURE_LOCATION_CONFLICT::Coding region xref gene does not exist
plasmid_files_fasta/KY270850.1_results/PROKKA_10092018:CDS	hypothetical protein	KY270850.1:c85686-85291	CEBIAJMD_00107

DiscRep_SUB:FEATURE_LOCATION_CONFLICT::Coding region xref gene does not exist
plasmid_files_fasta/KY270850.1_results/PROKKA_10092018:CDS	Toxin CcdB	KY270850.1:c86160-85855	CEBIAJMD_00108

DiscRep_SUB:FEATURE_LOCATION_CONFLICT::Coding region xref gene does not exist
plasmid_files_fasta/KY270850.1_results/PROKKA_10092018:CDS	Antitoxin CcdA	KY270850.1:c86380-86162	CEBIAJMD_00109

DiscRep_SUB:FEATURE_LOCATION_CONFLICT::Coding region xref gene does not exist
plasmid_files_fasta/KY270850.1_results/PROKKA_10092018:CDS	Antitoxin VapB	KY270850.1:86968-87198	CEBIAJMD_00110

DiscRep_SUB:FEATURE_LOCATION_CONFLICT::Coding region xref gene does not exist
plasmid_files_fasta/KY270850.1_results/PROKKA_10092018:CDS	tRNA(fMet)-specific endonuclease VapC	KY270850.1:87210-87611	CEBIAJMD_00111

DiscRep_SUB:FEATURE_LOCATION_CONFLICT::Coding region xref gene does not exist
plasmid_files_fasta/KY270850.1_results/PROKKA_10092018:CDS	DNA replication and repair protein RecF	KY270850.1:87685-89247	CEBIAJMD_00112

DiscRep_SUB:FEATURE_LOCATION_CONFLICT::Coding region xref gene does not exist
plasmid_files_fasta/KY270850.1_results/PROKKA_10092018:CDS	hypothetical protein	KY270850.1:89232-90254	CEBIAJMD_00113

DiscRep_SUB:FEATURE_LOCATION_CONFLICT::Coding region xref gene does not exist
plasmid_files_fasta/KY270850.1_results/PROKKA_10092018:CDS	hypothetical protein	KY270850.1:90510-90785	CEBIAJMD_00114

DiscRep_SUB:FEATURE_LOCATION_CONFLICT::Coding region xref gene does not exist
plasmid_files_fasta/KY270850.1_results/PROKKA_10092018:CDS	hypothetical protein	KY270850.1:90830-91207	CEBIAJMD_00115

DiscRep_SUB:FEATURE_LOCATION_CONFLICT::Coding region xref gene does not exist
plasmid_files_fasta/KY270850.1_results/PROKKA_10092018:CDS	hypothetical protein	KY270850.1:91236-91589	CEBIAJMD_00116

DiscRep_SUB:FEATURE_LOCATION_CONFLICT::Coding region xref gene does not exist
plasmid_files_fasta/KY270850.1_results/PROKKA_10092018:CDS	hypothetical protein	KY270850.1:c92792-91788	CEBIAJMD_00117

DiscRep_SUB:FEATURE_LOCATION_CONFLICT::Coding region xref gene does not exist
plasmid_files_fasta/KY270850.1_results/PROKKA_10092018:CDS	Mercuric resistance operon regulatory protein	KY270850.1:c93305-92871	CEBIAJMD_00118

DiscRep_SUB:FEATURE_LOCATION_CONFLICT::Coding region xref gene does not exist
plasmid_files_fasta/KY270850.1_results/PROKKA_10092018:CDS	Mercuric transport protein MerT	KY270850.1:93377-93727	CEBIAJMD_00119

DiscRep_SUB:FEATURE_LOCATION_CONFLICT::Coding region xref gene does not exist
plasmid_files_fasta/KY270850.1_results/PROKKA_10092018:CDS	Mercuric transport protein periplasmic component	KY270850.1:93741-94016	CEBIAJMD_00120

DiscRep_SUB:FEATURE_LOCATION_CONFLICT::Coding region xref gene does not exist
plasmid_files_fasta/KY270850.1_results/PROKKA_10092018:CDS	Mercuric transport protein MerC	KY270850.1:94013-94474	CEBIAJMD_00121

DiscRep_SUB:FEATURE_LOCATION_CONFLICT::Coding region xref gene does not exist
plasmid_files_fasta/KY270850.1_results/PROKKA_10092018:CDS	Mercuric reductase	KY270850.1:94526-96220	CEBIAJMD_00122

DiscRep_SUB:FEATURE_LOCATION_CONFLICT::Coding region xref gene does not exist
plasmid_files_fasta/KY270850.1_results/PROKKA_10092018:CDS	HTH-type transcriptional activator mta	KY270850.1:96238-96600	CEBIAJMD_00123

DiscRep_SUB:FEATURE_LOCATION_CONFLICT::Coding region xref gene does not exist
plasmid_files_fasta/KY270850.1_results/PROKKA_10092018:CDS	hypothetical protein	KY270850.1:96597-96833	CEBIAJMD_00124

DiscRep_SUB:FEATURE_LOCATION_CONFLICT::Coding region xref gene does not exist
plasmid_files_fasta/KY270850.1_results/PROKKA_10092018:CDS	putative signaling protein	KY270850.1:96830-97537	CEBIAJMD_00125

DiscRep_SUB:FEATURE_LOCATION_CONFLICT::Coding region xref gene does not exist
plasmid_files_fasta/KY270850.1_results/PROKKA_10092018:CDS	Transposon Tn7 transposition protein TnsB	KY270850.1:97612-98880	CEBIAJMD_00126

DiscRep_SUB:FEATURE_LOCATION_CONFLICT::Coding region xref gene does not exist
plasmid_files_fasta/KY270850.1_results/PROKKA_10092018:CDS	hypothetical protein	KY270850.1:98927-99631	CEBIAJMD_00127

DiscRep_SUB:FEATURE_LOCATION_CONFLICT::Coding region xref gene does not exist
plasmid_files_fasta/KY270850.1_results/PROKKA_10092018:CDS	Tyrosine recombinase XerD	KY270850.1:c101119-100106	CEBIAJMD_00128

DiscRep_SUB:FEATURE_LOCATION_CONFLICT::Coding region xref gene does not exist
plasmid_files_fasta/KY270850.1_results/PROKKA_10092018:CDS	Dihydrofolate reductase type 1	KY270850.1:101275-101748	CEBIAJMD_00129

DiscRep_SUB:FEATURE_LOCATION_CONFLICT::Coding region xref gene does not exist
plasmid_files_fasta/KY270850.1_results/PROKKA_10092018:CDS	Multidrug transporter EmrE	KY270850.1:101932-102279	CEBIAJMD_00130

DiscRep_SUB:FEATURE_LOCATION_CONFLICT::Coding region xref gene does not exist
plasmid_files_fasta/KY270850.1_results/PROKKA_10092018:CDS	Dihydropteroate synthase	KY270850.1:102273-103112	CEBIAJMD_00131

DiscRep_SUB:FEATURE_LOCATION_CONFLICT::Coding region xref gene does not exist
plasmid_files_fasta/KY270850.1_results/PROKKA_10092018:CDS	hypothetical protein	KY270850.1:103240-103725	CEBIAJMD_00132

DiscRep_SUB:FEATURE_LOCATION_CONFLICT::Coding region xref gene does not exist
plasmid_files_fasta/KY270850.1_results/PROKKA_10092018:CDS	hypothetical protein	KY270850.1:c103859-103722	CEBIAJMD_00133

DiscRep_SUB:FEATURE_LOCATION_CONFLICT::Coding region xref gene does not exist
plasmid_files_fasta/KY270850.1_results/PROKKA_10092018:CDS	hypothetical protein	KY270850.1:104246-105010	CEBIAJMD_00134

DiscRep_SUB:FEATURE_LOCATION_CONFLICT::Coding region xref gene does not exist
plasmid_files_fasta/KY270850.1_results/PROKKA_10092018:CDS	hypothetical protein	KY270850.1:c106087-105503	CEBIAJMD_00135

DiscRep_SUB:FEATURE_LOCATION_CONFLICT::Coding region xref gene does not exist
plasmid_files_fasta/KY270850.1_results/PROKKA_10092018:CDS	putative multidrug-efflux transporter	KY270850.1:c107325-106087	CEBIAJMD_00136

DiscRep_SUB:FEATURE_LOCATION_CONFLICT::Coding region xref gene does not exist
plasmid_files_fasta/KY270850.1_results/PROKKA_10092018:CDS	hypothetical protein	KY270850.1:c108227-107322	CEBIAJMD_00137

DiscRep_SUB:FEATURE_LOCATION_CONFLICT::Coding region xref gene does not exist
plasmid_files_fasta/KY270850.1_results/PROKKA_10092018:CDS	hypothetical protein	KY270850.1:c109053-108349	CEBIAJMD_00138

DiscRep_SUB:FEATURE_LOCATION_CONFLICT::Coding region xref gene does not exist
plasmid_files_fasta/KY270850.1_results/PROKKA_10092018:CDS	Heat shock protein C	KY270850.1:c110085-109522	CEBIAJMD_00139

DiscRep_SUB:FEATURE_LOCATION_CONFLICT::Coding region xref gene does not exist
plasmid_files_fasta/KY270850.1_results/PROKKA_10092018:CDS	hypothetical protein	KY270850.1:c110210-110082	CEBIAJMD_00140

DiscRep_SUB:FEATURE_LOCATION_CONFLICT::Coding region xref gene does not exist
plasmid_files_fasta/KY270850.1_results/PROKKA_10092018:CDS	hypothetical protein	KY270850.1:c111711-110731	CEBIAJMD_00141

DiscRep_SUB:FEATURE_LOCATION_CONFLICT::Coding region xref gene does not exist
plasmid_files_fasta/KY270850.1_results/PROKKA_10092018:CDS	Ribonuclease T	KY270850.1:111765-112172	CEBIAJMD_00142

DiscRep_SUB:FEATURE_LOCATION_CONFLICT::Coding region xref gene does not exist
plasmid_files_fasta/KY270850.1_results/PROKKA_10092018:CDS	hypothetical protein	KY270850.1:112225-112620	CEBIAJMD_00143

DiscRep_SUB:FEATURE_LOCATION_CONFLICT::Coding region xref gene does not exist
plasmid_files_fasta/KY270850.1_results/PROKKA_10092018:CDS	hypothetical protein	KY270850.1:112617-113228	CEBIAJMD_00144

DiscRep_SUB:FEATURE_LOCATION_CONFLICT::Coding region xref gene does not exist
plasmid_files_fasta/KY270850.1_results/PROKKA_10092018:CDS	Recombination-promoting nuclease RpnA	KY270850.1:c114175-113225	CEBIAJMD_00145

DiscRep_SUB:FEATURE_LOCATION_CONFLICT::Coding region xref gene does not exist
plasmid_files_fasta/KY270850.1_results/PROKKA_10092018:CDS	Putative transposon Tn552 DNA-invertase bin3	KY270850.1:c115208-114576	CEBIAJMD_00146

DiscRep_SUB:FEATURE_LOCATION_CONFLICT::Coding region xref gene does not exist
plasmid_files_fasta/KY270850.1_results/PROKKA_10092018:CDS	Plasmid partition protein A	KY270850.1:115571-116776	CEBIAJMD_00147

DiscRep_SUB:FEATURE_LOCATION_CONFLICT::Coding region xref gene does not exist
plasmid_files_fasta/KY270850.1_results/PROKKA_10092018:CDS	Virulence regulon transcriptional activator VirB	KY270850.1:116773-117744	CEBIAJMD_00148

DiscRep_SUB:FEATURE_LOCATION_CONFLICT::Coding region xref gene does not exist
plasmid_files_fasta/KY270850.1_results/PROKKA_10092018:CDS	Protein UmuC	KY270850.1:c119151-117880	CEBIAJMD_00149

DiscRep_SUB:FEATURE_LOCATION_CONFLICT::Coding region xref gene does not exist
plasmid_files_fasta/KY270850.1_results/PROKKA_10092018:CDS	Protein UmuD	KY270850.1:c119573-119151	CEBIAJMD_00150

DiscRep_SUB:FEATURE_LOCATION_CONFLICT::Coding region xref gene does not exist
plasmid_files_fasta/KY270850.1_results/PROKKA_10092018:CDS	Putative SOS response-associated peptidase YedK	KY270850.1:c120424-119753	CEBIAJMD_00151

DiscRep_SUB:FEATURE_LOCATION_CONFLICT::Coding region xref gene does not exist
plasmid_files_fasta/KY270850.1_results/PROKKA_10092018:CDS	DNA adenine methyltransferase YhdJ	KY270850.1:120783-121460	CEBIAJMD_00152

DiscRep_SUB:FEATURE_LOCATION_CONFLICT::Coding region xref gene does not exist
plasmid_files_fasta/KY270850.1_results/PROKKA_10092018:CDS	hypothetical protein	KY270850.1:121460-121681	CEBIAJMD_00153

DiscRep_SUB:FEATURE_LOCATION_CONFLICT::Coding region xref gene does not exist
plasmid_files_fasta/KY270850.1_results/PROKKA_10092018:CDS	hypothetical protein	KY270850.1:121692-122111	CEBIAJMD_00154

DiscRep_SUB:FEATURE_LOCATION_CONFLICT::Coding region xref gene does not exist
plasmid_files_fasta/KY270850.1_results/PROKKA_10092018:CDS	hypothetical protein	KY270850.1:122165-122944	CEBIAJMD_00155

DiscRep_SUB:FEATURE_LOCATION_CONFLICT::Coding region xref gene does not exist
plasmid_files_fasta/KY270850.1_results/PROKKA_10092018:CDS	hypothetical protein	KY270850.1:123349-123855	CEBIAJMD_00156

DiscRep_SUB:FEATURE_LOCATION_CONFLICT::Coding region xref gene does not exist
plasmid_files_fasta/KY270850.1_results/PROKKA_10092018:CDS	hypothetical protein	KY270850.1:123898-124089	CEBIAJMD_00157

DiscRep_SUB:FEATURE_LOCATION_CONFLICT::Coding region xref gene does not exist
plasmid_files_fasta/KY270850.1_results/PROKKA_10092018:CDS	DNA polymerase III subunit theta	KY270850.1:124276-124536	CEBIAJMD_00158

DiscRep_SUB:FEATURE_LOCATION_CONFLICT::Coding region xref gene does not exist
plasmid_files_fasta/KY270850.1_results/PROKKA_10092018:CDS	hypothetical protein	KY270850.1:124571-124723	CEBIAJMD_00159

DiscRep_SUB:FEATURE_LOCATION_CONFLICT::Coding region xref gene does not exist
plasmid_files_fasta/KY270850.1_results/PROKKA_10092018:CDS	hypothetical protein	KY270850.1:125514-125744	CEBIAJMD_00160

DiscRep_SUB:FEATURE_LOCATION_CONFLICT::Coding region xref gene does not exist
plasmid_files_fasta/KY270850.1_results/PROKKA_10092018:CDS	Chromosome-partitioning protein Spo0J	KY270850.1:125815-126477	CEBIAJMD_00161

DiscRep_SUB:FEATURE_LOCATION_CONFLICT::Coding region xref gene does not exist
plasmid_files_fasta/KY270850.1_results/PROKKA_10092018:CDS	hypothetical protein	KY270850.1:126526-127161	CEBIAJMD_00162

DiscRep_SUB:FEATURE_LOCATION_CONFLICT::Coding region xref gene does not exist
plasmid_files_fasta/KY270850.1_results/PROKKA_10092018:CDS	hypothetical protein	KY270850.1:127161-127583	CEBIAJMD_00163

DiscRep_SUB:FEATURE_LOCATION_CONFLICT::Coding region xref gene does not exist
plasmid_files_fasta/KY270850.1_results/PROKKA_10092018:CDS	hypothetical protein	KY270850.1:127547-127822	CEBIAJMD_00164

DiscRep_SUB:FEATURE_LOCATION_CONFLICT::Coding region xref gene does not exist
plasmid_files_fasta/KY270850.1_results/PROKKA_10092018:CDS	Protein PsiB	KY270850.1:127865-128296	CEBIAJMD_00165

DiscRep_SUB:FEATURE_LOCATION_CONFLICT::Coding region xref gene does not exist
plasmid_files_fasta/KY270850.1_results/PROKKA_10092018:CDS	hypothetical protein	KY270850.1:128293-129021	CEBIAJMD_00166

DiscRep_SUB:FEATURE_LOCATION_CONFLICT::Coding region xref gene does not exist
plasmid_files_fasta/KY270850.1_results/PROKKA_10092018:CDS	hypothetical protein	KY270850.1:129018-129341	CEBIAJMD_00167

DiscRep_SUB:FEATURE_LOCATION_CONFLICT::Coding region xref gene does not exist
plasmid_files_fasta/KY270850.1_results/PROKKA_10092018:CDS	hypothetical protein	KY270850.1:129403-129762	CEBIAJMD_00168

DiscRep_SUB:FEATURE_LOCATION_CONFLICT::Coding region xref gene does not exist
plasmid_files_fasta/KY270850.1_results/PROKKA_10092018:CDS	hypothetical protein	KY270850.1:130388-130762	CEBIAJMD_00169

DiscRep_SUB:FEATURE_LOCATION_CONFLICT::Coding region xref gene does not exist
plasmid_files_fasta/KY270850.1_results/PROKKA_10092018:CDS	hypothetical protein	KY270850.1:130888-131592	CEBIAJMD_00170

DiscRep_SUB:FEATURE_LOCATION_CONFLICT::Coding region xref gene does not exist
plasmid_files_fasta/KY270850.1_results/PROKKA_10092018:CDS	hypothetical protein	KY270850.1:c132489-131653	CEBIAJMD_00171

DiscRep_SUB:FEATURE_LOCATION_CONFLICT::Coding region xref gene does not exist
plasmid_files_fasta/KY270850.1_results/PROKKA_10092018:CDS	Aminoglycoside 3'-phosphotransferase	KY270850.1:c132908-132489	CEBIAJMD_00172

DiscRep_SUB:FEATURE_LOCATION_CONFLICT::Coding region xref gene does not exist
plasmid_files_fasta/KY270850.1_results/PROKKA_10092018:CDS	Dihydropteroate synthase	KY270850.1:c134168-133353	CEBIAJMD_00173

DiscRep_SUB:FEATURE_LOCATION_CONFLICT::Coding region xref gene does not exist
plasmid_files_fasta/KY270850.1_results/PROKKA_10092018:CDS	hypothetical protein	KY270850.1:c135327-134476	CEBIAJMD_00174

DiscRep_SUB:FEATURE_LOCATION_CONFLICT::Coding region xref gene does not exist
plasmid_files_fasta/KY270850.1_results/PROKKA_10092018:CDS	Regulatory protein RepA	KY270850.1:c136021-135314	CEBIAJMD_00175

DiscRep_SUB:FEATURE_LOCATION_CONFLICT::Coding region xref gene does not exist
plasmid_files_fasta/KY270850.1_results/PROKKA_10092018:CDS	hypothetical protein	KY270850.1:c136787-136083	CEBIAJMD_00176

DiscRep_SUB:FEATURE_LOCATION_CONFLICT::Coding region xref gene does not exist
plasmid_files_fasta/KY270850.1_results/PROKKA_10092018:CDS	hypothetical protein	KY270850.1:136846-137415	CEBIAJMD_00177

DiscRep_SUB:FEATURE_LOCATION_CONFLICT::Coding region xref gene does not exist
plasmid_files_fasta/KY270850.1_results/PROKKA_10092018:CDS	hypothetical protein	KY270850.1:137637-138179	CEBIAJMD_00178

DiscRep_SUB:FEATURE_LOCATION_CONFLICT::Coding region xref gene does not exist
plasmid_files_fasta/KY270850.1_results/PROKKA_10092018:CDS	hypothetical protein	KY270850.1:138176-138484	CEBIAJMD_00179

DiscRep_SUB:FEATURE_LOCATION_CONFLICT::Coding region xref gene does not exist
plasmid_files_fasta/KY270850.1_results/PROKKA_10092018:CDS	hypothetical protein	KY270850.1:138582-138818	CEBIAJMD_00180

DiscRep_SUB:FEATURE_LOCATION_CONFLICT::Coding region xref gene does not exist
plasmid_files_fasta/KY270850.1_results/PROKKA_10092018:CDS	Phospholipase D	KY270850.1:138830-139384	CEBIAJMD_00181

DiscRep_SUB:FEATURE_LOCATION_CONFLICT::Coding region xref gene does not exist
plasmid_files_fasta/KY270850.1_results/PROKKA_10092018:CDS	hypothetical protein	KY270850.1:139536-139793	CEBIAJMD_00182

DiscRep_ALL:SUSPECT_PRODUCT_NAMES::1 product_names contain suspect phrase or characters
DiscRep_SUB:SUSPECT_PRODUCT_NAMES::May contain database identifier more appropriate in note; remove from product name
DiscRep_SUB:SUSPECT_PRODUCT_NAMES::1 features Three or more numbers together
plasmid_files_fasta/KY270850.1_results/PROKKA_10092018:CDS	Putative transposon Tn552 DNA-invertase bin3	KY270850.1:c115208-114576	CEBIAJMD_00146

DiscRep_ALL:DISC_QUALITY_SCORES::Quality scores are missing on all sequences.

DiscRep_ALL:ONCALLER_COMMENT_PRESENT::1 comment descriptors were found (all same)
plasmid_files_fasta/KY270850.1_results/PROKKA_10092018:KY270850.1:Annotated using prokka 1.14-dev from https://github.com/tseemann/prokka

DiscRep_ALL:SHORT_PROT_SEQUENCES::5 protein sequences are shorter than 50 aa.
plasmid_files_fasta/KY270850.1_results/PROKKA_10092018:KY270850.1_2 (length 48)
plasmid_files_fasta/KY270850.1_results/PROKKA_10092018:KY270850.1_68 (length 35)
plasmid_files_fasta/KY270850.1_results/PROKKA_10092018:KY270850.1_104 (length 47)
plasmid_files_fasta/KY270850.1_results/PROKKA_10092018:KY270850.1_133 (length 45)
plasmid_files_fasta/KY270850.1_results/PROKKA_10092018:KY270850.1_140 (length 42)

DiscRep_ALL:MISSING_GENOMEASSEMBLY_COMMENTS::1 bioseqs are missing GenomeAssembly structured comments
plasmid_files_fasta/KY270850.1_results/PROKKA_10092018:KY270850.1 (length 140093)

DiscRep_ALL:MOLTYPE_NOT_MRNA::1 molecule types are not set as mRNA.
plasmid_files_fasta/KY270850.1_results/PROKKA_10092018:KY270850.1 (length 140093)

DiscRep_ALL:TECHNIQUE_NOT_TSA::1 technique are not set as TSA
plasmid_files_fasta/KY270850.1_results/PROKKA_10092018:KY270850.1 (length 140093)

DiscRep_ALL:MISSING_STRUCTURED_COMMENT::1 sequences do not include structured comments.
plasmid_files_fasta/KY270850.1_results/PROKKA_10092018:KY270850.1 (length 140093)

DiscRep_ALL:MISSING_PROJECT::183 sequences do not include project.
plasmid_files_fasta/KY270850.1_results/PROKKA_10092018:KY270850.1 (length 140093)
plasmid_files_fasta/KY270850.1_results/PROKKA_10092018:KY270850.1_1 (length 287)
plasmid_files_fasta/KY270850.1_results/PROKKA_10092018:KY270850.1_2 (length 48)
plasmid_files_fasta/KY270850.1_results/PROKKA_10092018:KY270850.1_3 (length 282)
plasmid_files_fasta/KY270850.1_results/PROKKA_10092018:KY270850.1_4 (length 94)
plasmid_files_fasta/KY270850.1_results/PROKKA_10092018:KY270850.1_5 (length 97)
plasmid_files_fasta/KY270850.1_results/PROKKA_10092018:KY270850.1_6 (length 160)
plasmid_files_fasta/KY270850.1_results/PROKKA_10092018:KY270850.1_7 (length 193)
plasmid_files_fasta/KY270850.1_results/PROKKA_10092018:KY270850.1_8 (length 234)
plasmid_files_fasta/KY270850.1_results/PROKKA_10092018:KY270850.1_9 (length 286)
plasmid_files_fasta/KY270850.1_results/PROKKA_10092018:KY270850.1_10 (length 114)
plasmid_files_fasta/KY270850.1_results/PROKKA_10092018:KY270850.1_11 (length 234)
plasmid_files_fasta/KY270850.1_results/PROKKA_10092018:KY270850.1_12 (length 131)
plasmid_files_fasta/KY270850.1_results/PROKKA_10092018:KY270850.1_13 (length 326)
plasmid_files_fasta/KY270850.1_results/PROKKA_10092018:KY270850.1_14 (length 293)
plasmid_files_fasta/KY270850.1_results/PROKKA_10092018:KY270850.1_15 (length 326)
plasmid_files_fasta/KY270850.1_results/PROKKA_10092018:KY270850.1_16 (length 98)
plasmid_files_fasta/KY270850.1_results/PROKKA_10092018:KY270850.1_17 (length 51)
plasmid_files_fasta/KY270850.1_results/PROKKA_10092018:KY270850.1_18 (length 141)
plasmid_files_fasta/KY270850.1_results/PROKKA_10092018:KY270850.1_19 (length 92)
plasmid_files_fasta/KY270850.1_results/PROKKA_10092018:KY270850.1_20 (length 186)
plasmid_files_fasta/KY270850.1_results/PROKKA_10092018:KY270850.1_21 (length 234)
plasmid_files_fasta/KY270850.1_results/PROKKA_10092018:KY270850.1_22 (length 197)
plasmid_files_fasta/KY270850.1_results/PROKKA_10092018:KY270850.1_23 (length 240)
plasmid_files_fasta/KY270850.1_results/PROKKA_10092018:KY270850.1_24 (length 1753)
plasmid_files_fasta/KY270850.1_results/PROKKA_10092018:KY270850.1_25 (length 770)
plasmid_files_fasta/KY270850.1_results/PROKKA_10092018:KY270850.1_26 (length 229)
plasmid_files_fasta/KY270850.1_results/PROKKA_10092018:KY270850.1_27 (length 243)
plasmid_files_fasta/KY270850.1_results/PROKKA_10092018:KY270850.1_28 (length 179)
plasmid_files_fasta/KY270850.1_results/PROKKA_10092018:KY270850.1_29 (length 949)
plasmid_files_fasta/KY270850.1_results/PROKKA_10092018:KY270850.1_30 (length 455)
plasmid_files_fasta/KY270850.1_results/PROKKA_10092018:KY270850.1_31 (length 147)
plasmid_files_fasta/KY270850.1_results/PROKKA_10092018:KY270850.1_32 (length 322)
plasmid_files_fasta/KY270850.1_results/PROKKA_10092018:KY270850.1_33 (length 185)
plasmid_files_fasta/KY270850.1_results/PROKKA_10092018:KY270850.1_34 (length 79)
plasmid_files_fasta/KY270850.1_results/PROKKA_10092018:KY270850.1_35 (length 250)
plasmid_files_fasta/KY270850.1_results/PROKKA_10092018:KY270850.1_36 (length 108)
plasmid_files_fasta/KY270850.1_results/PROKKA_10092018:KY270850.1_37 (length 88)
plasmid_files_fasta/KY270850.1_results/PROKKA_10092018:KY270850.1_38 (length 84)
plasmid_files_fasta/KY270850.1_results/PROKKA_10092018:KY270850.1_39 (length 651)
plasmid_files_fasta/KY270850.1_results/PROKKA_10092018:KY270850.1_40 (length 212)
plasmid_files_fasta/KY270850.1_results/PROKKA_10092018:KY270850.1_41 (length 329)
plasmid_files_fasta/KY270850.1_results/PROKKA_10092018:KY270850.1_42 (length 133)
plasmid_files_fasta/KY270850.1_results/PROKKA_10092018:KY270850.1_43 (length 211)
plasmid_files_fasta/KY270850.1_results/PROKKA_10092018:KY270850.1_44 (length 129)
plasmid_files_fasta/KY270850.1_results/PROKKA_10092018:KY270850.1_45 (length 879)
plasmid_files_fasta/KY270850.1_results/PROKKA_10092018:KY270850.1_46 (length 130)
plasmid_files_fasta/KY270850.1_results/PROKKA_10092018:KY270850.1_47 (length 68)
plasmid_files_fasta/KY270850.1_results/PROKKA_10092018:KY270850.1_48 (length 134)
plasmid_files_fasta/KY270850.1_results/PROKKA_10092018:KY270850.1_49 (length 103)
plasmid_files_fasta/KY270850.1_results/PROKKA_10092018:KY270850.1_50 (length 72)
plasmid_files_fasta/KY270850.1_results/PROKKA_10092018:KY270850.1_51 (length 322)
plasmid_files_fasta/KY270850.1_results/PROKKA_10092018:KY270850.1_52 (length 71)
plasmid_files_fasta/KY270850.1_results/PROKKA_10092018:KY270850.1_53 (length 474)
plasmid_files_fasta/KY270850.1_results/PROKKA_10092018:KY270850.1_54 (length 246)
plasmid_files_fasta/KY270850.1_results/PROKKA_10092018:KY270850.1_55 (length 188)
plasmid_files_fasta/KY270850.1_results/PROKKA_10092018:KY270850.1_56 (length 101)
plasmid_files_fasta/KY270850.1_results/PROKKA_10092018:KY270850.1_57 (length 122)
plasmid_files_fasta/KY270850.1_results/PROKKA_10092018:KY270850.1_58 (length 245)
plasmid_files_fasta/KY270850.1_results/PROKKA_10092018:KY270850.1_59 (length 127)
plasmid_files_fasta/KY270850.1_results/PROKKA_10092018:KY270850.1_60 (length 161)
plasmid_files_fasta/KY270850.1_results/PROKKA_10092018:KY270850.1_61 (length 104)
plasmid_files_fasta/KY270850.1_results/PROKKA_10092018:KY270850.1_62 (length 273)
plasmid_files_fasta/KY270850.1_results/PROKKA_10092018:KY270850.1_63 (length 109)
plasmid_files_fasta/KY270850.1_results/PROKKA_10092018:KY270850.1_64 (length 187)
plasmid_files_fasta/KY270850.1_results/PROKKA_10092018:KY270850.1_65 (length 451)
plasmid_files_fasta/KY270850.1_results/PROKKA_10092018:KY270850.1_66 (length 76)
plasmid_files_fasta/KY270850.1_results/PROKKA_10092018:KY270850.1_67 (length 75)
plasmid_files_fasta/KY270850.1_results/PROKKA_10092018:KY270850.1_68 (length 35)
plasmid_files_fasta/KY270850.1_results/PROKKA_10092018:KY270850.1_69 (length 92)
plasmid_files_fasta/KY270850.1_results/PROKKA_10092018:KY270850.1_70 (length 106)
plasmid_files_fasta/KY270850.1_results/PROKKA_10092018:KY270850.1_71 (length 74)
plasmid_files_fasta/KY270850.1_results/PROKKA_10092018:KY270850.1_72 (length 70)
plasmid_files_fasta/KY270850.1_results/PROKKA_10092018:KY270850.1_73 (length 118)
plasmid_files_fasta/KY270850.1_results/PROKKA_10092018:KY270850.1_74 (length 105)
plasmid_files_fasta/KY270850.1_results/PROKKA_10092018:KY270850.1_75 (length 116)
plasmid_files_fasta/KY270850.1_results/PROKKA_10092018:KY270850.1_76 (length 90)
plasmid_files_fasta/KY270850.1_results/PROKKA_10092018:KY270850.1_77 (length 61)
plasmid_files_fasta/KY270850.1_results/PROKKA_10092018:KY270850.1_78 (length 124)
plasmid_files_fasta/KY270850.1_results/PROKKA_10092018:KY270850.1_79 (length 108)
plasmid_files_fasta/KY270850.1_results/PROKKA_10092018:KY270850.1_80 (length 242)
plasmid_files_fasta/KY270850.1_results/PROKKA_10092018:KY270850.1_81 (length 143)
plasmid_files_fasta/KY270850.1_results/PROKKA_10092018:KY270850.1_82 (length 685)
plasmid_files_fasta/KY270850.1_results/PROKKA_10092018:KY270850.1_83 (length 82)
plasmid_files_fasta/KY270850.1_results/PROKKA_10092018:KY270850.1_84 (length 180)
plasmid_files_fasta/KY270850.1_results/PROKKA_10092018:KY270850.1_85 (length 106)
plasmid_files_fasta/KY270850.1_results/PROKKA_10092018:KY270850.1_86 (length 84)
plasmid_files_fasta/KY270850.1_results/PROKKA_10092018:KY270850.1_87 (length 63)
plasmid_files_fasta/KY270850.1_results/PROKKA_10092018:KY270850.1_88 (length 168)
plasmid_files_fasta/KY270850.1_results/PROKKA_10092018:KY270850.1_89 (length 142)
plasmid_files_fasta/KY270850.1_results/PROKKA_10092018:KY270850.1_90 (length 255)
plasmid_files_fasta/KY270850.1_results/PROKKA_10092018:KY270850.1_91 (length 139)
plasmid_files_fasta/KY270850.1_results/PROKKA_10092018:KY270850.1_92 (length 73)
plasmid_files_fasta/KY270850.1_results/PROKKA_10092018:KY270850.1_93 (length 233)
plasmid_files_fasta/KY270850.1_results/PROKKA_10092018:KY270850.1_94 (length 76)
plasmid_files_fasta/KY270850.1_results/PROKKA_10092018:KY270850.1_95 (length 223)
plasmid_files_fasta/KY270850.1_results/PROKKA_10092018:KY270850.1_96 (length 323)
plasmid_files_fasta/KY270850.1_results/PROKKA_10092018:KY270850.1_97 (length 495)
plasmid_files_fasta/KY270850.1_results/PROKKA_10092018:KY270850.1_98 (length 143)
plasmid_files_fasta/KY270850.1_results/PROKKA_10092018:KY270850.1_99 (length 423)
plasmid_files_fasta/KY270850.1_results/PROKKA_10092018:KY270850.1_100 (length 291)
plasmid_files_fasta/KY270850.1_results/PROKKA_10092018:KY270850.1_101 (length 208)
plasmid_files_fasta/KY270850.1_results/PROKKA_10092018:KY270850.1_102 (length 100)
plasmid_files_fasta/KY270850.1_results/PROKKA_10092018:KY270850.1_103 (length 264)
plasmid_files_fasta/KY270850.1_results/PROKKA_10092018:KY270850.1_104 (length 47)
plasmid_files_fasta/KY270850.1_results/PROKKA_10092018:KY270850.1_105 (length 338)
plasmid_files_fasta/KY270850.1_results/PROKKA_10092018:KY270850.1_106 (length 104)
plasmid_files_fasta/KY270850.1_results/PROKKA_10092018:KY270850.1_107 (length 131)
plasmid_files_fasta/KY270850.1_results/PROKKA_10092018:KY270850.1_108 (length 101)
plasmid_files_fasta/KY270850.1_results/PROKKA_10092018:KY270850.1_109 (length 72)
plasmid_files_fasta/KY270850.1_results/PROKKA_10092018:KY270850.1_110 (length 76)
plasmid_files_fasta/KY270850.1_results/PROKKA_10092018:KY270850.1_111 (length 133)
plasmid_files_fasta/KY270850.1_results/PROKKA_10092018:KY270850.1_112 (length 520)
plasmid_files_fasta/KY270850.1_results/PROKKA_10092018:KY270850.1_113 (length 340)
plasmid_files_fasta/KY270850.1_results/PROKKA_10092018:KY270850.1_114 (length 91)
plasmid_files_fasta/KY270850.1_results/PROKKA_10092018:KY270850.1_115 (length 125)
plasmid_files_fasta/KY270850.1_results/PROKKA_10092018:KY270850.1_116 (length 117)
plasmid_files_fasta/KY270850.1_results/PROKKA_10092018:KY270850.1_117 (length 334)
plasmid_files_fasta/KY270850.1_results/PROKKA_10092018:KY270850.1_118 (length 144)
plasmid_files_fasta/KY270850.1_results/PROKKA_10092018:KY270850.1_119 (length 116)
plasmid_files_fasta/KY270850.1_results/PROKKA_10092018:KY270850.1_120 (length 91)
plasmid_files_fasta/KY270850.1_results/PROKKA_10092018:KY270850.1_121 (length 153)
plasmid_files_fasta/KY270850.1_results/PROKKA_10092018:KY270850.1_122 (length 564)
plasmid_files_fasta/KY270850.1_results/PROKKA_10092018:KY270850.1_123 (length 120)
plasmid_files_fasta/KY270850.1_results/PROKKA_10092018:KY270850.1_124 (length 78)
plasmid_files_fasta/KY270850.1_results/PROKKA_10092018:KY270850.1_125 (length 235)
plasmid_files_fasta/KY270850.1_results/PROKKA_10092018:KY270850.1_126 (length 422)
plasmid_files_fasta/KY270850.1_results/PROKKA_10092018:KY270850.1_127 (length 234)
plasmid_files_fasta/KY270850.1_results/PROKKA_10092018:KY270850.1_128 (length 337)
plasmid_files_fasta/KY270850.1_results/PROKKA_10092018:KY270850.1_129 (length 157)
plasmid_files_fasta/KY270850.1_results/PROKKA_10092018:KY270850.1_130 (length 115)
plasmid_files_fasta/KY270850.1_results/PROKKA_10092018:KY270850.1_131 (length 279)
plasmid_files_fasta/KY270850.1_results/PROKKA_10092018:KY270850.1_132 (length 161)
plasmid_files_fasta/KY270850.1_results/PROKKA_10092018:KY270850.1_133 (length 45)
plasmid_files_fasta/KY270850.1_results/PROKKA_10092018:KY270850.1_134 (length 254)
plasmid_files_fasta/KY270850.1_results/PROKKA_10092018:KY270850.1_135 (length 194)
plasmid_files_fasta/KY270850.1_results/PROKKA_10092018:KY270850.1_136 (length 412)
plasmid_files_fasta/KY270850.1_results/PROKKA_10092018:KY270850.1_137 (length 301)
plasmid_files_fasta/KY270850.1_results/PROKKA_10092018:KY270850.1_138 (length 234)
plasmid_files_fasta/KY270850.1_results/PROKKA_10092018:KY270850.1_139 (length 187)
plasmid_files_fasta/KY270850.1_results/PROKKA_10092018:KY270850.1_140 (length 42)
plasmid_files_fasta/KY270850.1_results/PROKKA_10092018:KY270850.1_141 (length 326)
plasmid_files_fasta/KY270850.1_results/PROKKA_10092018:KY270850.1_142 (length 135)
plasmid_files_fasta/KY270850.1_results/PROKKA_10092018:KY270850.1_143 (length 131)
plasmid_files_fasta/KY270850.1_results/PROKKA_10092018:KY270850.1_144 (length 203)
plasmid_files_fasta/KY270850.1_results/PROKKA_10092018:KY270850.1_145 (length 316)
plasmid_files_fasta/KY270850.1_results/PROKKA_10092018:KY270850.1_146 (length 210)
plasmid_files_fasta/KY270850.1_results/PROKKA_10092018:KY270850.1_147 (length 401)
plasmid_files_fasta/KY270850.1_results/PROKKA_10092018:KY270850.1_148 (length 323)
plasmid_files_fasta/KY270850.1_results/PROKKA_10092018:KY270850.1_149 (length 423)
plasmid_files_fasta/KY270850.1_results/PROKKA_10092018:KY270850.1_150 (length 140)
plasmid_files_fasta/KY270850.1_results/PROKKA_10092018:KY270850.1_151 (length 223)
plasmid_files_fasta/KY270850.1_results/PROKKA_10092018:KY270850.1_152 (length 225)
plasmid_files_fasta/KY270850.1_results/PROKKA_10092018:KY270850.1_153 (length 73)
plasmid_files_fasta/KY270850.1_results/PROKKA_10092018:KY270850.1_154 (length 139)
plasmid_files_fasta/KY270850.1_results/PROKKA_10092018:KY270850.1_155 (length 259)
plasmid_files_fasta/KY270850.1_results/PROKKA_10092018:KY270850.1_156 (length 168)
plasmid_files_fasta/KY270850.1_results/PROKKA_10092018:KY270850.1_157 (length 63)
plasmid_files_fasta/KY270850.1_results/PROKKA_10092018:KY270850.1_158 (length 86)
plasmid_files_fasta/KY270850.1_results/PROKKA_10092018:KY270850.1_159 (length 50)
plasmid_files_fasta/KY270850.1_results/PROKKA_10092018:KY270850.1_160 (length 76)
plasmid_files_fasta/KY270850.1_results/PROKKA_10092018:KY270850.1_161 (length 220)
plasmid_files_fasta/KY270850.1_results/PROKKA_10092018:KY270850.1_162 (length 211)
plasmid_files_fasta/KY270850.1_results/PROKKA_10092018:KY270850.1_163 (length 140)
plasmid_files_fasta/KY270850.1_results/PROKKA_10092018:KY270850.1_164 (length 91)
plasmid_files_fasta/KY270850.1_results/PROKKA_10092018:KY270850.1_165 (length 143)
plasmid_files_fasta/KY270850.1_results/PROKKA_10092018:KY270850.1_166 (length 242)
plasmid_files_fasta/KY270850.1_results/PROKKA_10092018:KY270850.1_167 (length 107)
plasmid_files_fasta/KY270850.1_results/PROKKA_10092018:KY270850.1_168 (length 119)
plasmid_files_fasta/KY270850.1_results/PROKKA_10092018:KY270850.1_169 (length 124)
plasmid_files_fasta/KY270850.1_results/PROKKA_10092018:KY270850.1_170 (length 234)
plasmid_files_fasta/KY270850.1_results/PROKKA_10092018:KY270850.1_171 (length 278)
plasmid_files_fasta/KY270850.1_results/PROKKA_10092018:KY270850.1_172 (length 139)
plasmid_files_fasta/KY270850.1_results/PROKKA_10092018:KY270850.1_173 (length 271)
plasmid_files_fasta/KY270850.1_results/PROKKA_10092018:KY270850.1_174 (length 283)
plasmid_files_fasta/KY270850.1_results/PROKKA_10092018:KY270850.1_175 (length 235)
plasmid_files_fasta/KY270850.1_results/PROKKA_10092018:KY270850.1_176 (length 234)
plasmid_files_fasta/KY270850.1_results/PROKKA_10092018:KY270850.1_177 (length 189)
plasmid_files_fasta/KY270850.1_results/PROKKA_10092018:KY270850.1_178 (length 180)
plasmid_files_fasta/KY270850.1_results/PROKKA_10092018:KY270850.1_179 (length 102)
plasmid_files_fasta/KY270850.1_results/PROKKA_10092018:KY270850.1_180 (length 78)
plasmid_files_fasta/KY270850.1_results/PROKKA_10092018:KY270850.1_181 (length 184)
plasmid_files_fasta/KY270850.1_results/PROKKA_10092018:KY270850.1_182 (length 85)

DiscRep_ALL:DISC_INCONSISTENT_MOLINFO_TECH::Molinfo Technique Report (some missing, all same)
DiscRep_SUB:DISC_INCONSISTENT_MOLINFO_TECH::technique (all missing)
DiscRep_SUB:DISC_INCONSISTENT_MOLINFO_TECH::1 Molinfos are missing field technique
plasmid_files_fasta/KY270850.1_results/PROKKA_10092018:KY270850.1 (length 140093)

