[15:22:21] This is prokka 1.14-dev
[15:22:21] Written by Torsten Seemann <torsten.seemann@gmail.com>
[15:22:21] Homepage is https://github.com/tseemann/prokka
[15:22:21] Local time is Tue Oct  9 15:22:21 2018
[15:22:21] You are christian
[15:22:21] Operating system is linux
[15:22:21] You have BioPerl 1.007002
[15:22:21] System has 20 cores.
[15:22:21] Will use maximum of 20 cores.
[15:22:21] Annotating as >>> Bacteria <<<
[15:22:21] Generating locus_tag from 'plasmid_files_fasta/CP026274.1.fasta' contents.
[15:22:21] Setting --locustag CMNHJNEO from MD5 c67137e89ed0cd79e3d39c54556f824e
[15:22:21] Creating new output folder: plasmid_files_fasta/CP026274.1_results
[15:22:21] Running: mkdir -p plasmid_files_fasta\/CP026274\.1_results
[15:22:21] Using filename prefix: PROKKA_10092018.XXX
[15:22:21] Setting HMMER_NCPU=1
[15:22:21] Writing log to: plasmid_files_fasta/CP026274.1_results/PROKKA_10092018.log
[15:22:21] Command: /home/christian/install/prokka/bin/prokka plasmid_files_fasta/CP026274.1.fasta --outdir plasmid_files_fasta/CP026274.1_results --cpus 20 --force
[15:22:21] Appending to PATH: /home/christian/install/prokka/bin/../binaries/linux
[15:22:21] Appending to PATH: /home/christian/install/prokka/bin/../binaries/linux/../common
[15:22:21] Appending to PATH: /home/christian/install/prokka/bin
[15:22:21] Looking for 'aragorn' - found /home/christian/install/prokka/bin/../binaries/linux/aragorn
[15:22:21] Determined aragorn version is 1.2
[15:22:21] Looking for 'blastp' - found /usr/bin/blastp
[15:22:21] Determined blastp version is 2.2
[15:22:21] Looking for 'cmpress' - found /usr/local/bin/cmpress
[15:22:21] Determined cmpress version is 1.1
[15:22:21] Looking for 'cmscan' - found /usr/local/bin/cmscan
[15:22:21] Determined cmscan version is 1.1
[15:22:21] Looking for 'egrep' - found /bin/egrep
[15:22:21] Looking for 'find' - found /usr/bin/find
[15:22:21] Looking for 'grep' - found /bin/grep
[15:22:21] Looking for 'hmmpress' - found /usr/local/bin/hmmpress
[15:22:21] Determined hmmpress version is 3.1
[15:22:21] Looking for 'hmmscan' - found /usr/local/bin/hmmscan
[15:22:21] Determined hmmscan version is 3.1
[15:22:21] Looking for 'java' - found /usr/bin/java
[15:22:21] Looking for 'less' - found /usr/bin/less
[15:22:21] Looking for 'makeblastdb' - found /usr/bin/makeblastdb
[15:22:21] Determined makeblastdb version is 2.2
[15:22:21] Looking for 'minced' - found /home/christian/install/prokka/bin/../binaries/linux/../common/minced
[15:22:21] Determined minced version is 2.0
[15:22:21] Looking for 'parallel' - found /usr/bin/parallel
[15:22:21] Determined parallel version is 20141022
[15:22:21] Looking for 'prodigal' - found /usr/local/bin/prodigal
[15:22:21] Determined prodigal version is 2.6
[15:22:21] Looking for 'prokka-genbank_to_fasta_db' - found /home/christian/install/prokka/bin/prokka-genbank_to_fasta_db
[15:22:21] Looking for 'sed' - found /bin/sed
[15:22:21] Looking for 'tbl2asn' - found /home/christian/install/prokka/bin/../binaries/linux/tbl2asn
[15:22:21] Determined tbl2asn version is 25.6
[15:22:21] Using genetic code table 11.
[15:22:21] Loading and checking input file: plasmid_files_fasta/CP026274.1.fasta
[15:22:21] Wrote 1 contigs totalling 235655 bp.
[15:22:21] Predicting tRNAs and tmRNAs
[15:22:21] Running: aragorn -l -gc11  -w plasmid_files_fasta\/CP026274\.1_results\/PROKKA_10092018\.fna
[15:22:22] Found 0 tRNAs
[15:22:22] Predicting Ribosomal RNAs
[15:22:22] You need either Barrnap or RNAmmer installed to predict rRNAs!
[15:22:22] Skipping ncRNA search, enable with --rfam if desired.
[15:22:22] Total of 0 tRNA + rRNA features
[15:22:22] Searching for CRISPR repeats
[15:22:22] Found 0 CRISPRs
[15:22:22] Predicting coding sequences
[15:22:22] Contigs total 235655 bp, so using single mode
[15:22:22] Running: prodigal -i plasmid_files_fasta\/CP026274\.1_results\/PROKKA_10092018\.fna -c -m -g 11 -p single -f sco -q
[15:22:22] Found 276 CDS
[15:22:22] Connecting features back to sequences
[15:22:22] Not using genus-specific database. Try --usegenus to enable it.
[15:22:22] Annotating CDS, please be patient.
[15:22:22] Will use 20 CPUs for similarity searching.
[15:22:22] There are still 276 unannotated CDS left (started with 276)
[15:22:22] Will use blast to search against /home/christian/install/prokka/db/kingdom/Bacteria/sprot with 20 CPUs
[15:22:22] Running: cat plasmid_files_fasta\/CP026274\.1_results\/sprot\.faa | parallel --gnu --plain -j 20 --block 1697 --recstart '>' --pipe blastp -query - -db /home/christian/install/prokka/db/kingdom/Bacteria/sprot -evalue 1e-06 -num_threads 1 -num_descriptions 1 -num_alignments 1 -seg no > plasmid_files_fasta\/CP026274\.1_results\/sprot\.blast 2> /dev/null
[15:22:24] Modify product: UPF0401 protein YkfF => hypothetical protein
[15:22:24] Modify product: Probable copper-binding protein PcoE => putative copper-binding protein PcoE
[15:22:24] Cleaned 2 /product names
[15:22:24] Deleting unwanted file: plasmid_files_fasta/CP026274.1_results/sprot.faa
[15:22:24] Deleting unwanted file: plasmid_files_fasta/CP026274.1_results/sprot.blast
[15:22:24] There are still 156 unannotated CDS left (started with 276)
[15:22:24] Will use hmmer3 to search against /home/christian/install/prokka/db/hmm/HAMAP.hmm with 20 CPUs
[15:22:24] Running: cat plasmid_files_fasta\/CP026274\.1_results\/HAMAP\.hmm\.faa | parallel --gnu --plain -j 20 --block 786 --recstart '>' --pipe hmmscan --noali --notextw --acc -E 1e-06 --cpu 1 /home/christian/install/prokka/db/hmm/HAMAP.hmm /dev/stdin > plasmid_files_fasta\/CP026274\.1_results\/HAMAP\.hmm\.hmmer3 2> /dev/null
[15:22:25] Deleting unwanted file: plasmid_files_fasta/CP026274.1_results/HAMAP.hmm.faa
[15:22:25] Deleting unwanted file: plasmid_files_fasta/CP026274.1_results/HAMAP.hmm.hmmer3
[15:22:25] Labelling remaining 154 proteins as 'hypothetical protein'
[15:22:25] Possible /pseudo 'Arsenate reductase' at CP026274.1 position 19945
[15:22:25] Possible /pseudo 'Protein UmuC' at CP026274.1 position 81945
[15:22:25] Found 82 unique /gene codes.
[15:22:25] Fixed 2 duplicate /gene - hvrA_1 hvrA_2
[15:22:25] Fixed 3 duplicate /gene - dhaK_1 dhaK_2 dhaK_3
[15:22:25] Fixed 2 duplicate /gene - virB1_1 virB1_2
[15:22:25] Fixed 2 duplicate /gene - bla_1 bla_2
[15:22:25] Fixed 2 duplicate /gene - cusS_1 cusS_2
[15:22:25] Fixed 2 duplicate /gene - silE_1 silE_2
[15:22:25] Fixed 4 duplicate /gene - klcA_1 klcA_2 klcA_3 klcA_4
[15:22:25] Fixed 2 duplicate /gene - ssb_1 ssb_2
[15:22:25] Fixed 2 duplicate /gene - pld_1 pld_2
[15:22:25] Fixed 2 duplicate /gene - virB6_1 virB6_2
[15:22:25] Fixed 2 duplicate /gene - arsC_1 arsC_2
[15:22:25] Fixed 2 duplicate /gene - virB5_1 virB5_2
[15:22:25] Fixed 3 duplicate /gene - virB4_1 virB4_2 virB4_3
[15:22:25] Fixed 2 duplicate /gene - repE_1 repE_2
[15:22:25] Fixed 2 duplicate /gene - traD_1 traD_2
[15:22:25] Fixed 3 duplicate /gene - pinR_1 pinR_2 pinR_3
[15:22:25] Fixed 3 duplicate /gene - umuC_1 umuC_2 umuC_3
[15:22:25] Fixed 2 duplicate /gene - traI_1 traI_2
[15:22:25] Fixed 2 duplicate /gene - dhaL_1 dhaL_2
[15:22:25] Fixed 2 duplicate /gene - virB8_1 virB8_2
[15:22:25] Fixed 5 duplicate /gene - xerD_1 xerD_2 xerD_3 xerD_4 xerD_5
[15:22:25] Fixed 2 duplicate /gene - virB9_1 virB9_2
[15:22:25] Fixed 22 colliding /gene names.
[15:22:25] Adding /locus_tag identifiers
[15:22:25] Assigned 276 locus_tags to CDS and RNA features.
[15:22:25] Writing outputs to plasmid_files_fasta/CP026274.1_results/
[15:22:25] Generating annotation statistics file
[15:22:25] Generating Genbank and Sequin files
[15:22:25] Running: tbl2asn -V b -a r10k -l paired-ends -M n -N 1 -y 'Annotated using prokka 1.14-dev from https://github.com/tseemann/prokka' -Z plasmid_files_fasta\/CP026274\.1_results\/PROKKA_10092018\.err -i plasmid_files_fasta\/CP026274\.1_results\/PROKKA_10092018\.fsa 2> /dev/null
[15:22:25] Deleting unwanted file: plasmid_files_fasta/CP026274.1_results/errorsummary.val
[15:22:25] Deleting unwanted file: plasmid_files_fasta/CP026274.1_results/PROKKA_10092018.dr
[15:22:25] Deleting unwanted file: plasmid_files_fasta/CP026274.1_results/PROKKA_10092018.fixedproducts
[15:22:25] Deleting unwanted file: plasmid_files_fasta/CP026274.1_results/PROKKA_10092018.ecn
[15:22:25] Deleting unwanted file: plasmid_files_fasta/CP026274.1_results/PROKKA_10092018.val
[15:22:25] Repairing broken .GBK output that tbl2asn produces...
[15:22:25] Running: sed 's/COORDINATES: profile/COORDINATES:profile/' < plasmid_files_fasta\/CP026274\.1_results\/PROKKA_10092018\.gbf > plasmid_files_fasta\/CP026274\.1_results\/PROKKA_10092018\.gbk
[15:22:25] Deleting unwanted file: plasmid_files_fasta/CP026274.1_results/PROKKA_10092018.gbf
[15:22:25] Output files:
[15:22:25] plasmid_files_fasta/CP026274.1_results/PROKKA_10092018.ffn
[15:22:25] plasmid_files_fasta/CP026274.1_results/PROKKA_10092018.tbl
[15:22:25] plasmid_files_fasta/CP026274.1_results/PROKKA_10092018.log
[15:22:25] plasmid_files_fasta/CP026274.1_results/PROKKA_10092018.fna
[15:22:25] plasmid_files_fasta/CP026274.1_results/PROKKA_10092018.fsa
[15:22:25] plasmid_files_fasta/CP026274.1_results/PROKKA_10092018.tsv
[15:22:25] plasmid_files_fasta/CP026274.1_results/PROKKA_10092018.faa
[15:22:25] plasmid_files_fasta/CP026274.1_results/PROKKA_10092018.gbk
[15:22:25] plasmid_files_fasta/CP026274.1_results/PROKKA_10092018.sqn
[15:22:25] plasmid_files_fasta/CP026274.1_results/PROKKA_10092018.err
[15:22:25] plasmid_files_fasta/CP026274.1_results/PROKKA_10092018.txt
[15:22:25] plasmid_files_fasta/CP026274.1_results/PROKKA_10092018.gff
[15:22:25] Annotation finished successfully.
[15:22:25] Walltime used: 0.07 minutes
[15:22:25] If you use this result please cite the Prokka paper:
[15:22:25] Seemann T (2014) Prokka: rapid prokaryotic genome annotation. Bioinformatics. 30(14):2068-9.
[15:22:25] Type 'prokka --citation' for more details.
[15:22:25] Thank you, come again.
