[15:20:17] This is prokka 1.14-dev
[15:20:17] Written by Torsten Seemann <torsten.seemann@gmail.com>
[15:20:17] Homepage is https://github.com/tseemann/prokka
[15:20:17] Local time is Tue Oct  9 15:20:17 2018
[15:20:17] You are christian
[15:20:17] Operating system is linux
[15:20:17] You have BioPerl 1.007002
[15:20:17] System has 20 cores.
[15:20:17] Will use maximum of 20 cores.
[15:20:17] Annotating as >>> Bacteria <<<
[15:20:17] Generating locus_tag from 'plasmid_files_fasta/CP024910.1.fasta' contents.
[15:20:17] Setting --locustag NAEAGNKB from MD5 7aea074b5233dab8059bc5b89b042556
[15:20:17] Creating new output folder: plasmid_files_fasta/CP024910.1_results
[15:20:17] Running: mkdir -p plasmid_files_fasta\/CP024910\.1_results
[15:20:17] Using filename prefix: PROKKA_10092018.XXX
[15:20:17] Setting HMMER_NCPU=1
[15:20:17] Writing log to: plasmid_files_fasta/CP024910.1_results/PROKKA_10092018.log
[15:20:17] Command: /home/christian/install/prokka/bin/prokka plasmid_files_fasta/CP024910.1.fasta --outdir plasmid_files_fasta/CP024910.1_results --cpus 20 --force
[15:20:17] Appending to PATH: /home/christian/install/prokka/bin/../binaries/linux
[15:20:17] Appending to PATH: /home/christian/install/prokka/bin/../binaries/linux/../common
[15:20:17] Appending to PATH: /home/christian/install/prokka/bin
[15:20:17] Looking for 'aragorn' - found /home/christian/install/prokka/bin/../binaries/linux/aragorn
[15:20:17] Determined aragorn version is 1.2
[15:20:17] Looking for 'blastp' - found /usr/bin/blastp
[15:20:17] Determined blastp version is 2.2
[15:20:17] Looking for 'cmpress' - found /usr/local/bin/cmpress
[15:20:17] Determined cmpress version is 1.1
[15:20:17] Looking for 'cmscan' - found /usr/local/bin/cmscan
[15:20:17] Determined cmscan version is 1.1
[15:20:17] Looking for 'egrep' - found /bin/egrep
[15:20:17] Looking for 'find' - found /usr/bin/find
[15:20:17] Looking for 'grep' - found /bin/grep
[15:20:17] Looking for 'hmmpress' - found /usr/local/bin/hmmpress
[15:20:17] Determined hmmpress version is 3.1
[15:20:17] Looking for 'hmmscan' - found /usr/local/bin/hmmscan
[15:20:17] Determined hmmscan version is 3.1
[15:20:17] Looking for 'java' - found /usr/bin/java
[15:20:17] Looking for 'less' - found /usr/bin/less
[15:20:17] Looking for 'makeblastdb' - found /usr/bin/makeblastdb
[15:20:17] Determined makeblastdb version is 2.2
[15:20:17] Looking for 'minced' - found /home/christian/install/prokka/bin/../binaries/linux/../common/minced
[15:20:17] Determined minced version is 2.0
[15:20:17] Looking for 'parallel' - found /usr/bin/parallel
[15:20:17] Determined parallel version is 20141022
[15:20:17] Looking for 'prodigal' - found /usr/local/bin/prodigal
[15:20:17] Determined prodigal version is 2.6
[15:20:17] Looking for 'prokka-genbank_to_fasta_db' - found /home/christian/install/prokka/bin/prokka-genbank_to_fasta_db
[15:20:17] Looking for 'sed' - found /bin/sed
[15:20:17] Looking for 'tbl2asn' - found /home/christian/install/prokka/bin/../binaries/linux/tbl2asn
[15:20:18] Determined tbl2asn version is 25.6
[15:20:18] Using genetic code table 11.
[15:20:18] Loading and checking input file: plasmid_files_fasta/CP024910.1.fasta
[15:20:18] Wrote 1 contigs totalling 351806 bp.
[15:20:18] Predicting tRNAs and tmRNAs
[15:20:18] Running: aragorn -l -gc11  -w plasmid_files_fasta\/CP024910\.1_results\/PROKKA_10092018\.fna
[15:20:18] Found 0 tRNAs
[15:20:18] Predicting Ribosomal RNAs
[15:20:18] You need either Barrnap or RNAmmer installed to predict rRNAs!
[15:20:18] Skipping ncRNA search, enable with --rfam if desired.
[15:20:18] Total of 0 tRNA + rRNA features
[15:20:18] Searching for CRISPR repeats
[15:20:18] Found 0 CRISPRs
[15:20:18] Predicting coding sequences
[15:20:18] Contigs total 351806 bp, so using single mode
[15:20:18] Running: prodigal -i plasmid_files_fasta\/CP024910\.1_results\/PROKKA_10092018\.fna -c -m -g 11 -p single -f sco -q
[15:20:18] Found 394 CDS
[15:20:18] Connecting features back to sequences
[15:20:18] Not using genus-specific database. Try --usegenus to enable it.
[15:20:18] Annotating CDS, please be patient.
[15:20:18] Will use 20 CPUs for similarity searching.
[15:20:18] There are still 394 unannotated CDS left (started with 394)
[15:20:18] Will use blast to search against /home/christian/install/prokka/db/kingdom/Bacteria/sprot with 20 CPUs
[15:20:18] Running: cat plasmid_files_fasta\/CP024910\.1_results\/sprot\.faa | parallel --gnu --plain -j 20 --block 2493 --recstart '>' --pipe blastp -query - -db /home/christian/install/prokka/db/kingdom/Bacteria/sprot -evalue 1e-06 -num_threads 1 -num_descriptions 1 -num_alignments 1 -seg no > plasmid_files_fasta\/CP024910\.1_results\/sprot\.blast 2> /dev/null
[15:20:20] Modify product: Uncharacterized protein Rv1708 => putative protein
[15:20:20] Modify product: Uncharacterized protein YqjZ => putative protein YqjZ
[15:20:20] Modify product: Uncharacterized protein SP_1053 => putative protein
[15:20:20] Modify product: TelA-like protein SA1238 => TelA-like protein
[15:20:20] Modify product: Probable copper-binding protein PcoE => putative copper-binding protein PcoE
[15:20:20] Modify product: Uncharacterized protein SP_1053 => putative protein
[15:20:20] Modify product: Zinc-type alcohol dehydrogenase-like protein SA1988 => Zinc-type alcohol dehydrogenase-like protein
[15:20:20] Cleaned 7 /product names
[15:20:20] Deleting unwanted file: plasmid_files_fasta/CP024910.1_results/sprot.faa
[15:20:20] Deleting unwanted file: plasmid_files_fasta/CP024910.1_results/sprot.blast
[15:20:20] There are still 308 unannotated CDS left (started with 394)
[15:20:20] Will use hmmer3 to search against /home/christian/install/prokka/db/hmm/HAMAP.hmm with 20 CPUs
[15:20:20] Running: cat plasmid_files_fasta\/CP024910\.1_results\/HAMAP\.hmm\.faa | parallel --gnu --plain -j 20 --block 1790 --recstart '>' --pipe hmmscan --noali --notextw --acc -E 1e-06 --cpu 1 /home/christian/install/prokka/db/hmm/HAMAP.hmm /dev/stdin > plasmid_files_fasta\/CP024910\.1_results\/HAMAP\.hmm\.hmmer3 2> /dev/null
[15:20:22] Deleting unwanted file: plasmid_files_fasta/CP024910.1_results/HAMAP.hmm.faa
[15:20:22] Deleting unwanted file: plasmid_files_fasta/CP024910.1_results/HAMAP.hmm.hmmer3
[15:20:22] Labelling remaining 304 proteins as 'hypothetical protein'
[15:20:22] Possible /pseudo 'General stress protein 16U' at CP024910.1 position 82850
[15:20:22] Possible /pseudo 'General stress protein 16U' at CP024910.1 position 86244
[15:20:22] Possible /pseudo 'General stress protein 16U' at CP024910.1 position 87248
[15:20:22] Found 72 unique /gene codes.
[15:20:22] Fixed 2 duplicate /gene - bla_1 bla_2
[15:20:22] Fixed 3 duplicate /gene - xerD_1 xerD_2 xerD_3
[15:20:22] Fixed 6 duplicate /gene - yceD_1 yceD_2 yceD_3 yceD_4 yceD_5 yceD_6
[15:20:22] Fixed 2 duplicate /gene - hin_1 hin_2
[15:20:22] Fixed 2 duplicate /gene - repB_1 repB_2
[15:20:22] Fixed 2 duplicate /gene - frmR_1 frmR_2
[15:20:22] Fixed 6 colliding /gene names.
[15:20:22] Adding /locus_tag identifiers
[15:20:22] Assigned 394 locus_tags to CDS and RNA features.
[15:20:22] Writing outputs to plasmid_files_fasta/CP024910.1_results/
[15:20:22] Generating annotation statistics file
[15:20:22] Generating Genbank and Sequin files
[15:20:22] Running: tbl2asn -V b -a r10k -l paired-ends -M n -N 1 -y 'Annotated using prokka 1.14-dev from https://github.com/tseemann/prokka' -Z plasmid_files_fasta\/CP024910\.1_results\/PROKKA_10092018\.err -i plasmid_files_fasta\/CP024910\.1_results\/PROKKA_10092018\.fsa 2> /dev/null
[15:20:23] Deleting unwanted file: plasmid_files_fasta/CP024910.1_results/errorsummary.val
[15:20:23] Deleting unwanted file: plasmid_files_fasta/CP024910.1_results/PROKKA_10092018.dr
[15:20:23] Deleting unwanted file: plasmid_files_fasta/CP024910.1_results/PROKKA_10092018.fixedproducts
[15:20:23] Deleting unwanted file: plasmid_files_fasta/CP024910.1_results/PROKKA_10092018.ecn
[15:20:23] Deleting unwanted file: plasmid_files_fasta/CP024910.1_results/PROKKA_10092018.val
[15:20:23] Repairing broken .GBK output that tbl2asn produces...
[15:20:23] Running: sed 's/COORDINATES: profile/COORDINATES:profile/' < plasmid_files_fasta\/CP024910\.1_results\/PROKKA_10092018\.gbf > plasmid_files_fasta\/CP024910\.1_results\/PROKKA_10092018\.gbk
[15:20:23] Deleting unwanted file: plasmid_files_fasta/CP024910.1_results/PROKKA_10092018.gbf
[15:20:23] Output files:
[15:20:23] plasmid_files_fasta/CP024910.1_results/PROKKA_10092018.ffn
[15:20:23] plasmid_files_fasta/CP024910.1_results/PROKKA_10092018.tbl
[15:20:23] plasmid_files_fasta/CP024910.1_results/PROKKA_10092018.log
[15:20:23] plasmid_files_fasta/CP024910.1_results/PROKKA_10092018.fna
[15:20:23] plasmid_files_fasta/CP024910.1_results/PROKKA_10092018.fsa
[15:20:23] plasmid_files_fasta/CP024910.1_results/PROKKA_10092018.tsv
[15:20:23] plasmid_files_fasta/CP024910.1_results/PROKKA_10092018.faa
[15:20:23] plasmid_files_fasta/CP024910.1_results/PROKKA_10092018.gbk
[15:20:23] plasmid_files_fasta/CP024910.1_results/PROKKA_10092018.sqn
[15:20:23] plasmid_files_fasta/CP024910.1_results/PROKKA_10092018.err
[15:20:23] plasmid_files_fasta/CP024910.1_results/PROKKA_10092018.txt
[15:20:23] plasmid_files_fasta/CP024910.1_results/PROKKA_10092018.gff
[15:20:23] Annotation finished successfully.
[15:20:23] Walltime used: 0.10 minutes
[15:20:23] If you use this result please cite the Prokka paper:
[15:20:23] Seemann T (2014) Prokka: rapid prokaryotic genome annotation. Bioinformatics. 30(14):2068-9.
[15:20:23] Type 'prokka --citation' for more details.
[15:20:23] Thank you, come again.
