[15:29:45] This is prokka 1.14-dev
[15:29:45] Written by Torsten Seemann <torsten.seemann@gmail.com>
[15:29:45] Homepage is https://github.com/tseemann/prokka
[15:29:45] Local time is Tue Oct  9 15:29:45 2018
[15:29:45] You are christian
[15:29:45] Operating system is linux
[15:29:45] You have BioPerl 1.007002
[15:29:45] System has 20 cores.
[15:29:45] Will use maximum of 20 cores.
[15:29:45] Annotating as >>> Bacteria <<<
[15:29:45] Generating locus_tag from 'plasmid_files_fasta/KX276209.1.fasta' contents.
[15:29:45] Setting --locustag EAIOBDHC from MD5 ea28bd1cc671c68f621ec223f15d2573
[15:29:45] Creating new output folder: plasmid_files_fasta/KX276209.1_results
[15:29:45] Running: mkdir -p plasmid_files_fasta\/KX276209\.1_results
[15:29:45] Using filename prefix: PROKKA_10092018.XXX
[15:29:45] Setting HMMER_NCPU=1
[15:29:45] Writing log to: plasmid_files_fasta/KX276209.1_results/PROKKA_10092018.log
[15:29:45] Command: /home/christian/install/prokka/bin/prokka plasmid_files_fasta/KX276209.1.fasta --outdir plasmid_files_fasta/KX276209.1_results --cpus 20 --force
[15:29:45] Appending to PATH: /home/christian/install/prokka/bin/../binaries/linux
[15:29:45] Appending to PATH: /home/christian/install/prokka/bin/../binaries/linux/../common
[15:29:45] Appending to PATH: /home/christian/install/prokka/bin
[15:29:45] Looking for 'aragorn' - found /home/christian/install/prokka/bin/../binaries/linux/aragorn
[15:29:45] Determined aragorn version is 1.2
[15:29:45] Looking for 'blastp' - found /usr/bin/blastp
[15:29:45] Determined blastp version is 2.2
[15:29:45] Looking for 'cmpress' - found /usr/local/bin/cmpress
[15:29:45] Determined cmpress version is 1.1
[15:29:45] Looking for 'cmscan' - found /usr/local/bin/cmscan
[15:29:45] Determined cmscan version is 1.1
[15:29:45] Looking for 'egrep' - found /bin/egrep
[15:29:45] Looking for 'find' - found /usr/bin/find
[15:29:45] Looking for 'grep' - found /bin/grep
[15:29:45] Looking for 'hmmpress' - found /usr/local/bin/hmmpress
[15:29:45] Determined hmmpress version is 3.1
[15:29:45] Looking for 'hmmscan' - found /usr/local/bin/hmmscan
[15:29:45] Determined hmmscan version is 3.1
[15:29:45] Looking for 'java' - found /usr/bin/java
[15:29:45] Looking for 'less' - found /usr/bin/less
[15:29:45] Looking for 'makeblastdb' - found /usr/bin/makeblastdb
[15:29:45] Determined makeblastdb version is 2.2
[15:29:45] Looking for 'minced' - found /home/christian/install/prokka/bin/../binaries/linux/../common/minced
[15:29:45] Determined minced version is 2.0
[15:29:45] Looking for 'parallel' - found /usr/bin/parallel
[15:29:45] Determined parallel version is 20141022
[15:29:45] Looking for 'prodigal' - found /usr/local/bin/prodigal
[15:29:45] Determined prodigal version is 2.6
[15:29:45] Looking for 'prokka-genbank_to_fasta_db' - found /home/christian/install/prokka/bin/prokka-genbank_to_fasta_db
[15:29:45] Looking for 'sed' - found /bin/sed
[15:29:45] Looking for 'tbl2asn' - found /home/christian/install/prokka/bin/../binaries/linux/tbl2asn
[15:29:45] Determined tbl2asn version is 25.6
[15:29:45] Using genetic code table 11.
[15:29:45] Loading and checking input file: plasmid_files_fasta/KX276209.1.fasta
[15:29:45] Wrote 1 contigs totalling 54609 bp.
[15:29:45] Predicting tRNAs and tmRNAs
[15:29:45] Running: aragorn -l -gc11  -w plasmid_files_fasta\/KX276209\.1_results\/PROKKA_10092018\.fna
[15:29:45] Found 0 tRNAs
[15:29:45] Predicting Ribosomal RNAs
[15:29:45] You need either Barrnap or RNAmmer installed to predict rRNAs!
[15:29:45] Skipping ncRNA search, enable with --rfam if desired.
[15:29:45] Total of 0 tRNA + rRNA features
[15:29:45] Searching for CRISPR repeats
[15:29:45] Found 0 CRISPRs
[15:29:45] Predicting coding sequences
[15:29:45] Contigs total 54609 bp, so using meta mode
[15:29:45] Running: prodigal -i plasmid_files_fasta\/KX276209\.1_results\/PROKKA_10092018\.fna -c -m -g 11 -p meta -f sco -q
[15:29:46] Found 63 CDS
[15:29:46] Connecting features back to sequences
[15:29:46] Not using genus-specific database. Try --usegenus to enable it.
[15:29:46] Annotating CDS, please be patient.
[15:29:46] Will use 20 CPUs for similarity searching.
[15:29:46] There are still 63 unannotated CDS left (started with 63)
[15:29:46] Will use blast to search against /home/christian/install/prokka/db/kingdom/Bacteria/sprot with 20 CPUs
[15:29:46] Running: cat plasmid_files_fasta\/KX276209\.1_results\/sprot\.faa | parallel --gnu --plain -j 20 --block 381 --recstart '>' --pipe blastp -query - -db /home/christian/install/prokka/db/kingdom/Bacteria/sprot -evalue 1e-06 -num_threads 1 -num_descriptions 1 -num_alignments 1 -seg no > plasmid_files_fasta\/KX276209\.1_results\/sprot\.blast 2> /dev/null
[15:29:47] Deleting unwanted file: plasmid_files_fasta/KX276209.1_results/sprot.faa
[15:29:47] Deleting unwanted file: plasmid_files_fasta/KX276209.1_results/sprot.blast
[15:29:47] There are still 40 unannotated CDS left (started with 63)
[15:29:47] Will use hmmer3 to search against /home/christian/install/prokka/db/hmm/HAMAP.hmm with 20 CPUs
[15:29:47] Running: cat plasmid_files_fasta\/KX276209\.1_results\/HAMAP\.hmm\.faa | parallel --gnu --plain -j 20 --block 169 --recstart '>' --pipe hmmscan --noali --notextw --acc -E 1e-06 --cpu 1 /home/christian/install/prokka/db/hmm/HAMAP.hmm /dev/stdin > plasmid_files_fasta\/KX276209\.1_results\/HAMAP\.hmm\.hmmer3 2> /dev/null
[15:29:47] Deleting unwanted file: plasmid_files_fasta/KX276209.1_results/HAMAP.hmm.faa
[15:29:47] Deleting unwanted file: plasmid_files_fasta/KX276209.1_results/HAMAP.hmm.hmmer3
[15:29:47] Labelling remaining 40 proteins as 'hypothetical protein'
[15:29:47] Found 20 unique /gene codes.
[15:29:47] Fixed 0 colliding /gene names.
[15:29:47] Adding /locus_tag identifiers
[15:29:47] Assigned 63 locus_tags to CDS and RNA features.
[15:29:47] Writing outputs to plasmid_files_fasta/KX276209.1_results/
[15:29:47] Generating annotation statistics file
[15:29:47] Generating Genbank and Sequin files
[15:29:47] Running: tbl2asn -V b -a r10k -l paired-ends -M n -N 1 -y 'Annotated using prokka 1.14-dev from https://github.com/tseemann/prokka' -Z plasmid_files_fasta\/KX276209\.1_results\/PROKKA_10092018\.err -i plasmid_files_fasta\/KX276209\.1_results\/PROKKA_10092018\.fsa 2> /dev/null
[15:29:47] Deleting unwanted file: plasmid_files_fasta/KX276209.1_results/errorsummary.val
[15:29:47] Deleting unwanted file: plasmid_files_fasta/KX276209.1_results/PROKKA_10092018.dr
[15:29:47] Deleting unwanted file: plasmid_files_fasta/KX276209.1_results/PROKKA_10092018.fixedproducts
[15:29:47] Deleting unwanted file: plasmid_files_fasta/KX276209.1_results/PROKKA_10092018.ecn
[15:29:47] Deleting unwanted file: plasmid_files_fasta/KX276209.1_results/PROKKA_10092018.val
[15:29:47] Repairing broken .GBK output that tbl2asn produces...
[15:29:47] Running: sed 's/COORDINATES: profile/COORDINATES:profile/' < plasmid_files_fasta\/KX276209\.1_results\/PROKKA_10092018\.gbf > plasmid_files_fasta\/KX276209\.1_results\/PROKKA_10092018\.gbk
[15:29:47] Deleting unwanted file: plasmid_files_fasta/KX276209.1_results/PROKKA_10092018.gbf
[15:29:47] Output files:
[15:29:47] plasmid_files_fasta/KX276209.1_results/PROKKA_10092018.ffn
[15:29:47] plasmid_files_fasta/KX276209.1_results/PROKKA_10092018.tbl
[15:29:47] plasmid_files_fasta/KX276209.1_results/PROKKA_10092018.log
[15:29:47] plasmid_files_fasta/KX276209.1_results/PROKKA_10092018.fna
[15:29:47] plasmid_files_fasta/KX276209.1_results/PROKKA_10092018.fsa
[15:29:47] plasmid_files_fasta/KX276209.1_results/PROKKA_10092018.tsv
[15:29:47] plasmid_files_fasta/KX276209.1_results/PROKKA_10092018.faa
[15:29:47] plasmid_files_fasta/KX276209.1_results/PROKKA_10092018.gbk
[15:29:47] plasmid_files_fasta/KX276209.1_results/PROKKA_10092018.sqn
[15:29:47] plasmid_files_fasta/KX276209.1_results/PROKKA_10092018.err
[15:29:47] plasmid_files_fasta/KX276209.1_results/PROKKA_10092018.txt
[15:29:47] plasmid_files_fasta/KX276209.1_results/PROKKA_10092018.gff
[15:29:47] Annotation finished successfully.
[15:29:47] Walltime used: 0.03 minutes
[15:29:47] If you use this result please cite the Prokka paper:
[15:29:47] Seemann T (2014) Prokka: rapid prokaryotic genome annotation. Bioinformatics. 30(14):2068-9.
[15:29:47] Type 'prokka --citation' for more details.
[15:29:47] Thank you, come again.
