Discrepancy Report Results

Summary
FATAL: MISSING_PROTEIN_ID:156 proteins have invalid IDs.
DISC_SOURCE_QUALS_ASNDISC:strain (all present, all unique)
DISC_SOURCE_QUALS_ASNDISC:taxname (all present, all unique)
DISC_FEATURE_COUNT:CDS: 156 present
DISC_COUNT_NUCLEOTIDES:1 nucleotide Bioseqs are present
FEATURE_LOCATION_CONFLICT:156 features have inconsistent gene locations.
SUSPECT_PRODUCT_NAMES:2 product_names contain suspect phrase or characters
	May contain database identifier more appropriate in note; remove from product name
		2 features Three or more numbers together
DISC_QUALITY_SCORES:Quality scores are missing on all sequences.
ONCALLER_COMMENT_PRESENT:1 comment descriptors were found (all same)
SHORT_PROT_SEQUENCES:1 protein sequences are shorter than 50 aa.
MISSING_GENOMEASSEMBLY_COMMENTS:1 bioseqs are missing GenomeAssembly structured comments
MOLTYPE_NOT_MRNA:1 molecule types are not set as mRNA.
TECHNIQUE_NOT_TSA:1 technique are not set as TSA
MISSING_STRUCTURED_COMMENT:1 sequences do not include structured comments.
MISSING_PROJECT:157 sequences do not include project.
DISC_INCONSISTENT_MOLINFO_TECH:Molinfo Technique Report (some missing, all same)


Detailed Report

FATAL: DiscRep_ALL:MISSING_PROTEIN_ID::156 proteins have invalid IDs.
plasmid_files_fasta/MH255827.1_results/PROKKA_10092018:MH255827.1_1 (length 240)
plasmid_files_fasta/MH255827.1_results/PROKKA_10092018:MH255827.1_2 (length 203)
plasmid_files_fasta/MH255827.1_results/PROKKA_10092018:MH255827.1_3 (length 401)
plasmid_files_fasta/MH255827.1_results/PROKKA_10092018:MH255827.1_4 (length 324)
plasmid_files_fasta/MH255827.1_results/PROKKA_10092018:MH255827.1_5 (length 423)
plasmid_files_fasta/MH255827.1_results/PROKKA_10092018:MH255827.1_6 (length 143)
plasmid_files_fasta/MH255827.1_results/PROKKA_10092018:MH255827.1_7 (length 495)
plasmid_files_fasta/MH255827.1_results/PROKKA_10092018:MH255827.1_8 (length 323)
plasmid_files_fasta/MH255827.1_results/PROKKA_10092018:MH255827.1_9 (length 223)
plasmid_files_fasta/MH255827.1_results/PROKKA_10092018:MH255827.1_10 (length 76)
plasmid_files_fasta/MH255827.1_results/PROKKA_10092018:MH255827.1_11 (length 233)
plasmid_files_fasta/MH255827.1_results/PROKKA_10092018:MH255827.1_12 (length 73)
plasmid_files_fasta/MH255827.1_results/PROKKA_10092018:MH255827.1_13 (length 139)
plasmid_files_fasta/MH255827.1_results/PROKKA_10092018:MH255827.1_14 (length 255)
plasmid_files_fasta/MH255827.1_results/PROKKA_10092018:MH255827.1_15 (length 142)
plasmid_files_fasta/MH255827.1_results/PROKKA_10092018:MH255827.1_16 (length 168)
plasmid_files_fasta/MH255827.1_results/PROKKA_10092018:MH255827.1_17 (length 63)
plasmid_files_fasta/MH255827.1_results/PROKKA_10092018:MH255827.1_18 (length 84)
plasmid_files_fasta/MH255827.1_results/PROKKA_10092018:MH255827.1_19 (length 106)
plasmid_files_fasta/MH255827.1_results/PROKKA_10092018:MH255827.1_20 (length 75)
plasmid_files_fasta/MH255827.1_results/PROKKA_10092018:MH255827.1_21 (length 76)
plasmid_files_fasta/MH255827.1_results/PROKKA_10092018:MH255827.1_22 (length 451)
plasmid_files_fasta/MH255827.1_results/PROKKA_10092018:MH255827.1_23 (length 187)
plasmid_files_fasta/MH255827.1_results/PROKKA_10092018:MH255827.1_24 (length 180)
plasmid_files_fasta/MH255827.1_results/PROKKA_10092018:MH255827.1_25 (length 82)
plasmid_files_fasta/MH255827.1_results/PROKKA_10092018:MH255827.1_26 (length 685)
plasmid_files_fasta/MH255827.1_results/PROKKA_10092018:MH255827.1_27 (length 143)
plasmid_files_fasta/MH255827.1_results/PROKKA_10092018:MH255827.1_28 (length 242)
plasmid_files_fasta/MH255827.1_results/PROKKA_10092018:MH255827.1_29 (length 108)
plasmid_files_fasta/MH255827.1_results/PROKKA_10092018:MH255827.1_30 (length 124)
plasmid_files_fasta/MH255827.1_results/PROKKA_10092018:MH255827.1_31 (length 90)
plasmid_files_fasta/MH255827.1_results/PROKKA_10092018:MH255827.1_32 (length 116)
plasmid_files_fasta/MH255827.1_results/PROKKA_10092018:MH255827.1_33 (length 105)
plasmid_files_fasta/MH255827.1_results/PROKKA_10092018:MH255827.1_34 (length 118)
plasmid_files_fasta/MH255827.1_results/PROKKA_10092018:MH255827.1_35 (length 70)
plasmid_files_fasta/MH255827.1_results/PROKKA_10092018:MH255827.1_36 (length 74)
plasmid_files_fasta/MH255827.1_results/PROKKA_10092018:MH255827.1_37 (length 106)
plasmid_files_fasta/MH255827.1_results/PROKKA_10092018:MH255827.1_38 (length 92)
plasmid_files_fasta/MH255827.1_results/PROKKA_10092018:MH255827.1_39 (length 273)
plasmid_files_fasta/MH255827.1_results/PROKKA_10092018:MH255827.1_40 (length 104)
plasmid_files_fasta/MH255827.1_results/PROKKA_10092018:MH255827.1_41 (length 161)
plasmid_files_fasta/MH255827.1_results/PROKKA_10092018:MH255827.1_42 (length 127)
plasmid_files_fasta/MH255827.1_results/PROKKA_10092018:MH255827.1_43 (length 245)
plasmid_files_fasta/MH255827.1_results/PROKKA_10092018:MH255827.1_44 (length 122)
plasmid_files_fasta/MH255827.1_results/PROKKA_10092018:MH255827.1_45 (length 101)
plasmid_files_fasta/MH255827.1_results/PROKKA_10092018:MH255827.1_46 (length 128)
plasmid_files_fasta/MH255827.1_results/PROKKA_10092018:MH255827.1_47 (length 234)
plasmid_files_fasta/MH255827.1_results/PROKKA_10092018:MH255827.1_48 (length 124)
plasmid_files_fasta/MH255827.1_results/PROKKA_10092018:MH255827.1_49 (length 119)
plasmid_files_fasta/MH255827.1_results/PROKKA_10092018:MH255827.1_50 (length 107)
plasmid_files_fasta/MH255827.1_results/PROKKA_10092018:MH255827.1_51 (length 242)
plasmid_files_fasta/MH255827.1_results/PROKKA_10092018:MH255827.1_52 (length 143)
plasmid_files_fasta/MH255827.1_results/PROKKA_10092018:MH255827.1_53 (length 432)
plasmid_files_fasta/MH255827.1_results/PROKKA_10092018:MH255827.1_54 (length 220)
plasmid_files_fasta/MH255827.1_results/PROKKA_10092018:MH255827.1_55 (length 76)
plasmid_files_fasta/MH255827.1_results/PROKKA_10092018:MH255827.1_56 (length 89)
plasmid_files_fasta/MH255827.1_results/PROKKA_10092018:MH255827.1_57 (length 50)
plasmid_files_fasta/MH255827.1_results/PROKKA_10092018:MH255827.1_58 (length 86)
plasmid_files_fasta/MH255827.1_results/PROKKA_10092018:MH255827.1_59 (length 63)
plasmid_files_fasta/MH255827.1_results/PROKKA_10092018:MH255827.1_60 (length 168)
plasmid_files_fasta/MH255827.1_results/PROKKA_10092018:MH255827.1_61 (length 259)
plasmid_files_fasta/MH255827.1_results/PROKKA_10092018:MH255827.1_62 (length 139)
plasmid_files_fasta/MH255827.1_results/PROKKA_10092018:MH255827.1_63 (length 73)
plasmid_files_fasta/MH255827.1_results/PROKKA_10092018:MH255827.1_64 (length 225)
plasmid_files_fasta/MH255827.1_results/PROKKA_10092018:MH255827.1_65 (length 223)
plasmid_files_fasta/MH255827.1_results/PROKKA_10092018:MH255827.1_66 (length 140)
plasmid_files_fasta/MH255827.1_results/PROKKA_10092018:MH255827.1_67 (length 423)
plasmid_files_fasta/MH255827.1_results/PROKKA_10092018:MH255827.1_68 (length 323)
plasmid_files_fasta/MH255827.1_results/PROKKA_10092018:MH255827.1_69 (length 401)
plasmid_files_fasta/MH255827.1_results/PROKKA_10092018:MH255827.1_70 (length 210)
plasmid_files_fasta/MH255827.1_results/PROKKA_10092018:MH255827.1_71 (length 316)
plasmid_files_fasta/MH255827.1_results/PROKKA_10092018:MH255827.1_72 (length 203)
plasmid_files_fasta/MH255827.1_results/PROKKA_10092018:MH255827.1_73 (length 131)
plasmid_files_fasta/MH255827.1_results/PROKKA_10092018:MH255827.1_74 (length 135)
plasmid_files_fasta/MH255827.1_results/PROKKA_10092018:MH255827.1_75 (length 326)
plasmid_files_fasta/MH255827.1_results/PROKKA_10092018:MH255827.1_76 (length 187)
plasmid_files_fasta/MH255827.1_results/PROKKA_10092018:MH255827.1_77 (length 234)
plasmid_files_fasta/MH255827.1_results/PROKKA_10092018:MH255827.1_78 (length 213)
plasmid_files_fasta/MH255827.1_results/PROKKA_10092018:MH255827.1_79 (length 166)
plasmid_files_fasta/MH255827.1_results/PROKKA_10092018:MH255827.1_80 (length 234)
plasmid_files_fasta/MH255827.1_results/PROKKA_10092018:MH255827.1_81 (length 245)
plasmid_files_fasta/MH255827.1_results/PROKKA_10092018:MH255827.1_82 (length 74)
plasmid_files_fasta/MH255827.1_results/PROKKA_10092018:MH255827.1_83 (length 58)
plasmid_files_fasta/MH255827.1_results/PROKKA_10092018:MH255827.1_84 (length 334)
plasmid_files_fasta/MH255827.1_results/PROKKA_10092018:MH255827.1_85 (length 988)
plasmid_files_fasta/MH255827.1_results/PROKKA_10092018:MH255827.1_86 (length 234)
plasmid_files_fasta/MH255827.1_results/PROKKA_10092018:MH255827.1_87 (length 234)
plasmid_files_fasta/MH255827.1_results/PROKKA_10092018:MH255827.1_88 (length 63)
plasmid_files_fasta/MH255827.1_results/PROKKA_10092018:MH255827.1_89 (length 79)
plasmid_files_fasta/MH255827.1_results/PROKKA_10092018:MH255827.1_90 (length 196)
plasmid_files_fasta/MH255827.1_results/PROKKA_10092018:MH255827.1_91 (length 236)
plasmid_files_fasta/MH255827.1_results/PROKKA_10092018:MH255827.1_92 (length 293)
plasmid_files_fasta/MH255827.1_results/PROKKA_10092018:MH255827.1_93 (length 326)
plasmid_files_fasta/MH255827.1_results/PROKKA_10092018:MH255827.1_94 (length 96)
plasmid_files_fasta/MH255827.1_results/PROKKA_10092018:MH255827.1_95 (length 74)
plasmid_files_fasta/MH255827.1_results/PROKKA_10092018:MH255827.1_96 (length 234)
plasmid_files_fasta/MH255827.1_results/PROKKA_10092018:MH255827.1_97 (length 63)
plasmid_files_fasta/MH255827.1_results/PROKKA_10092018:MH255827.1_98 (length 79)
plasmid_files_fasta/MH255827.1_results/PROKKA_10092018:MH255827.1_99 (length 196)
plasmid_files_fasta/MH255827.1_results/PROKKA_10092018:MH255827.1_100 (length 236)
plasmid_files_fasta/MH255827.1_results/PROKKA_10092018:MH255827.1_101 (length 293)
plasmid_files_fasta/MH255827.1_results/PROKKA_10092018:MH255827.1_102 (length 326)
plasmid_files_fasta/MH255827.1_results/PROKKA_10092018:MH255827.1_103 (length 96)
plasmid_files_fasta/MH255827.1_results/PROKKA_10092018:MH255827.1_104 (length 74)
plasmid_files_fasta/MH255827.1_results/PROKKA_10092018:MH255827.1_105 (length 234)
plasmid_files_fasta/MH255827.1_results/PROKKA_10092018:MH255827.1_106 (length 63)
plasmid_files_fasta/MH255827.1_results/PROKKA_10092018:MH255827.1_107 (length 79)
plasmid_files_fasta/MH255827.1_results/PROKKA_10092018:MH255827.1_108 (length 196)
plasmid_files_fasta/MH255827.1_results/PROKKA_10092018:MH255827.1_109 (length 236)
plasmid_files_fasta/MH255827.1_results/PROKKA_10092018:MH255827.1_110 (length 293)
plasmid_files_fasta/MH255827.1_results/PROKKA_10092018:MH255827.1_111 (length 326)
plasmid_files_fasta/MH255827.1_results/PROKKA_10092018:MH255827.1_112 (length 96)
plasmid_files_fasta/MH255827.1_results/PROKKA_10092018:MH255827.1_113 (length 74)
plasmid_files_fasta/MH255827.1_results/PROKKA_10092018:MH255827.1_114 (length 234)
plasmid_files_fasta/MH255827.1_results/PROKKA_10092018:MH255827.1_115 (length 63)
plasmid_files_fasta/MH255827.1_results/PROKKA_10092018:MH255827.1_116 (length 79)
plasmid_files_fasta/MH255827.1_results/PROKKA_10092018:MH255827.1_117 (length 196)
plasmid_files_fasta/MH255827.1_results/PROKKA_10092018:MH255827.1_118 (length 236)
plasmid_files_fasta/MH255827.1_results/PROKKA_10092018:MH255827.1_119 (length 293)
plasmid_files_fasta/MH255827.1_results/PROKKA_10092018:MH255827.1_120 (length 326)
plasmid_files_fasta/MH255827.1_results/PROKKA_10092018:MH255827.1_121 (length 96)
plasmid_files_fasta/MH255827.1_results/PROKKA_10092018:MH255827.1_122 (length 74)
plasmid_files_fasta/MH255827.1_results/PROKKA_10092018:MH255827.1_123 (length 234)
plasmid_files_fasta/MH255827.1_results/PROKKA_10092018:MH255827.1_124 (length 63)
plasmid_files_fasta/MH255827.1_results/PROKKA_10092018:MH255827.1_125 (length 79)
plasmid_files_fasta/MH255827.1_results/PROKKA_10092018:MH255827.1_126 (length 196)
plasmid_files_fasta/MH255827.1_results/PROKKA_10092018:MH255827.1_127 (length 236)
plasmid_files_fasta/MH255827.1_results/PROKKA_10092018:MH255827.1_128 (length 293)
plasmid_files_fasta/MH255827.1_results/PROKKA_10092018:MH255827.1_129 (length 326)
plasmid_files_fasta/MH255827.1_results/PROKKA_10092018:MH255827.1_130 (length 96)
plasmid_files_fasta/MH255827.1_results/PROKKA_10092018:MH255827.1_131 (length 74)
plasmid_files_fasta/MH255827.1_results/PROKKA_10092018:MH255827.1_132 (length 234)
plasmid_files_fasta/MH255827.1_results/PROKKA_10092018:MH255827.1_133 (length 344)
plasmid_files_fasta/MH255827.1_results/PROKKA_10092018:MH255827.1_134 (length 235)
plasmid_files_fasta/MH255827.1_results/PROKKA_10092018:MH255827.1_135 (length 78)
plasmid_files_fasta/MH255827.1_results/PROKKA_10092018:MH255827.1_136 (length 120)
plasmid_files_fasta/MH255827.1_results/PROKKA_10092018:MH255827.1_137 (length 564)
plasmid_files_fasta/MH255827.1_results/PROKKA_10092018:MH255827.1_138 (length 153)
plasmid_files_fasta/MH255827.1_results/PROKKA_10092018:MH255827.1_139 (length 91)
plasmid_files_fasta/MH255827.1_results/PROKKA_10092018:MH255827.1_140 (length 116)
plasmid_files_fasta/MH255827.1_results/PROKKA_10092018:MH255827.1_141 (length 144)
plasmid_files_fasta/MH255827.1_results/PROKKA_10092018:MH255827.1_142 (length 334)
plasmid_files_fasta/MH255827.1_results/PROKKA_10092018:MH255827.1_143 (length 117)
plasmid_files_fasta/MH255827.1_results/PROKKA_10092018:MH255827.1_144 (length 125)
plasmid_files_fasta/MH255827.1_results/PROKKA_10092018:MH255827.1_145 (length 340)
plasmid_files_fasta/MH255827.1_results/PROKKA_10092018:MH255827.1_146 (length 520)
plasmid_files_fasta/MH255827.1_results/PROKKA_10092018:MH255827.1_147 (length 133)
plasmid_files_fasta/MH255827.1_results/PROKKA_10092018:MH255827.1_148 (length 76)
plasmid_files_fasta/MH255827.1_results/PROKKA_10092018:MH255827.1_149 (length 103)
plasmid_files_fasta/MH255827.1_results/PROKKA_10092018:MH255827.1_150 (length 314)
plasmid_files_fasta/MH255827.1_results/PROKKA_10092018:MH255827.1_151 (length 130)
plasmid_files_fasta/MH255827.1_results/PROKKA_10092018:MH255827.1_152 (length 98)
plasmid_files_fasta/MH255827.1_results/PROKKA_10092018:MH255827.1_153 (length 334)
plasmid_files_fasta/MH255827.1_results/PROKKA_10092018:MH255827.1_154 (length 259)
plasmid_files_fasta/MH255827.1_results/PROKKA_10092018:MH255827.1_155 (length 85)
plasmid_files_fasta/MH255827.1_results/PROKKA_10092018:MH255827.1_156 (length 31)

DiscRep_ALL:DISC_SOURCE_QUALS_ASNDISC::strain (all present, all unique)
DiscRep_SUB:DISC_SOURCE_QUALS_ASNDISC::1 sources have unique values for strain
DiscRep_ALL:DISC_SOURCE_QUALS_ASNDISC::taxname (all present, all unique)
DiscRep_SUB:DISC_SOURCE_QUALS_ASNDISC::1 sources have unique values for taxname
DiscRep_ALL:DISC_FEATURE_COUNT::CDS: 156 present
DiscRep_ALL:DISC_COUNT_NUCLEOTIDES::1 nucleotide Bioseqs are present
plasmid_files_fasta/MH255827.1_results/PROKKA_10092018:MH255827.1 (length 113941)

DiscRep_ALL:FEATURE_LOCATION_CONFLICT::156 features have inconsistent gene locations.
DiscRep_SUB:FEATURE_LOCATION_CONFLICT::Coding region xref gene does not exist
plasmid_files_fasta/MH255827.1_results/PROKKA_10092018:CDS	Replication initiation protein	MH255827.1:97-819	IEOFGAFL_00001

DiscRep_SUB:FEATURE_LOCATION_CONFLICT::Coding region xref gene does not exist
plasmid_files_fasta/MH255827.1_results/PROKKA_10092018:CDS	hypothetical protein	MH255827.1:c1515-904	IEOFGAFL_00002

DiscRep_SUB:FEATURE_LOCATION_CONFLICT::Coding region xref gene does not exist
plasmid_files_fasta/MH255827.1_results/PROKKA_10092018:CDS	Plasmid partition protein A	MH255827.1:1929-3134	IEOFGAFL_00003

DiscRep_SUB:FEATURE_LOCATION_CONFLICT::Coding region xref gene does not exist
plasmid_files_fasta/MH255827.1_results/PROKKA_10092018:CDS	Virulence regulon transcriptional activator VirB	MH255827.1:3134-4108	IEOFGAFL_00004

DiscRep_SUB:FEATURE_LOCATION_CONFLICT::Coding region xref gene does not exist
plasmid_files_fasta/MH255827.1_results/PROKKA_10092018:CDS	Protein UmuC	MH255827.1:c5461-4190	IEOFGAFL_00005

DiscRep_SUB:FEATURE_LOCATION_CONFLICT::Coding region xref gene does not exist
plasmid_files_fasta/MH255827.1_results/PROKKA_10092018:CDS	Protein UmuD	MH255827.1:c5892-5461	IEOFGAFL_00006

DiscRep_SUB:FEATURE_LOCATION_CONFLICT::Coding region xref gene does not exist
plasmid_files_fasta/MH255827.1_results/PROKKA_10092018:CDS	Group II intron-encoded protein LtrA	MH255827.1:6299-7786	IEOFGAFL_00007

DiscRep_SUB:FEATURE_LOCATION_CONFLICT::Coding region xref gene does not exist
plasmid_files_fasta/MH255827.1_results/PROKKA_10092018:CDS	Plasmid segregation protein ParM	MH255827.1:8035-9006	IEOFGAFL_00008

DiscRep_SUB:FEATURE_LOCATION_CONFLICT::Coding region xref gene does not exist
plasmid_files_fasta/MH255827.1_results/PROKKA_10092018:CDS	hypothetical protein	MH255827.1:9009-9680	IEOFGAFL_00009

DiscRep_SUB:FEATURE_LOCATION_CONFLICT::Coding region xref gene does not exist
plasmid_files_fasta/MH255827.1_results/PROKKA_10092018:CDS	hypothetical protein	MH255827.1:9743-9973	IEOFGAFL_00010

DiscRep_SUB:FEATURE_LOCATION_CONFLICT::Coding region xref gene does not exist
plasmid_files_fasta/MH255827.1_results/PROKKA_10092018:CDS	DNA adenine methyltransferase YhdJ	MH255827.1:10410-11111	IEOFGAFL_00011

DiscRep_SUB:FEATURE_LOCATION_CONFLICT::Coding region xref gene does not exist
plasmid_files_fasta/MH255827.1_results/PROKKA_10092018:CDS	hypothetical protein	MH255827.1:11111-11332	IEOFGAFL_00012

DiscRep_SUB:FEATURE_LOCATION_CONFLICT::Coding region xref gene does not exist
plasmid_files_fasta/MH255827.1_results/PROKKA_10092018:CDS	hypothetical protein	MH255827.1:11342-11761	IEOFGAFL_00013

DiscRep_SUB:FEATURE_LOCATION_CONFLICT::Coding region xref gene does not exist
plasmid_files_fasta/MH255827.1_results/PROKKA_10092018:CDS	hypothetical protein	MH255827.1:11815-12582	IEOFGAFL_00014

DiscRep_SUB:FEATURE_LOCATION_CONFLICT::Coding region xref gene does not exist
plasmid_files_fasta/MH255827.1_results/PROKKA_10092018:CDS	Antirestriction protein KlcA	MH255827.1:13263-13691	IEOFGAFL_00015

DiscRep_SUB:FEATURE_LOCATION_CONFLICT::Coding region xref gene does not exist
plasmid_files_fasta/MH255827.1_results/PROKKA_10092018:CDS	hypothetical protein	MH255827.1:13734-14240	IEOFGAFL_00016

DiscRep_SUB:FEATURE_LOCATION_CONFLICT::Coding region xref gene does not exist
plasmid_files_fasta/MH255827.1_results/PROKKA_10092018:CDS	hypothetical protein	MH255827.1:14283-14474	IEOFGAFL_00017

DiscRep_SUB:FEATURE_LOCATION_CONFLICT::Coding region xref gene does not exist
plasmid_files_fasta/MH255827.1_results/PROKKA_10092018:CDS	DNA polymerase III subunit theta	MH255827.1:14662-14916	IEOFGAFL_00018

DiscRep_SUB:FEATURE_LOCATION_CONFLICT::Coding region xref gene does not exist
plasmid_files_fasta/MH255827.1_results/PROKKA_10092018:CDS	hypothetical protein	MH255827.1:14951-15271	IEOFGAFL_00019

DiscRep_SUB:FEATURE_LOCATION_CONFLICT::Coding region xref gene does not exist
plasmid_files_fasta/MH255827.1_results/PROKKA_10092018:CDS	hypothetical protein	MH255827.1:15951-16178	IEOFGAFL_00020

DiscRep_SUB:FEATURE_LOCATION_CONFLICT::Coding region xref gene does not exist
plasmid_files_fasta/MH255827.1_results/PROKKA_10092018:CDS	hypothetical protein	MH255827.1:16270-16500	IEOFGAFL_00021

DiscRep_SUB:FEATURE_LOCATION_CONFLICT::Coding region xref gene does not exist
plasmid_files_fasta/MH255827.1_results/PROKKA_10092018:CDS	hypothetical protein	MH255827.1:16552-17907	IEOFGAFL_00022

DiscRep_SUB:FEATURE_LOCATION_CONFLICT::Coding region xref gene does not exist
plasmid_files_fasta/MH255827.1_results/PROKKA_10092018:CDS	hypothetical protein	MH255827.1:17955-18518	IEOFGAFL_00023

DiscRep_SUB:FEATURE_LOCATION_CONFLICT::Coding region xref gene does not exist
plasmid_files_fasta/MH255827.1_results/PROKKA_10092018:CDS	Plasmid-derived single-stranded DNA-binding protein	MH255827.1:19339-19881	IEOFGAFL_00024

DiscRep_SUB:FEATURE_LOCATION_CONFLICT::Coding region xref gene does not exist
plasmid_files_fasta/MH255827.1_results/PROKKA_10092018:CDS	hypothetical protein	MH255827.1:19930-20178	IEOFGAFL_00025

DiscRep_SUB:FEATURE_LOCATION_CONFLICT::Coding region xref gene does not exist
plasmid_files_fasta/MH255827.1_results/PROKKA_10092018:CDS	Chromosome-partitioning protein Spo0J	MH255827.1:20248-22305	IEOFGAFL_00026

DiscRep_SUB:FEATURE_LOCATION_CONFLICT::Coding region xref gene does not exist
plasmid_files_fasta/MH255827.1_results/PROKKA_10092018:CDS	Protein PsiB	MH255827.1:22350-22781	IEOFGAFL_00027

DiscRep_SUB:FEATURE_LOCATION_CONFLICT::Coding region xref gene does not exist
plasmid_files_fasta/MH255827.1_results/PROKKA_10092018:CDS	hypothetical protein	MH255827.1:22778-23506	IEOFGAFL_00028

DiscRep_SUB:FEATURE_LOCATION_CONFLICT::Coding region xref gene does not exist
plasmid_files_fasta/MH255827.1_results/PROKKA_10092018:CDS	hypothetical protein	MH255827.1:23503-23829	IEOFGAFL_00029

DiscRep_SUB:FEATURE_LOCATION_CONFLICT::Coding region xref gene does not exist
plasmid_files_fasta/MH255827.1_results/PROKKA_10092018:CDS	hypothetical protein	MH255827.1:23885-24259	IEOFGAFL_00030

DiscRep_SUB:FEATURE_LOCATION_CONFLICT::Coding region xref gene does not exist
plasmid_files_fasta/MH255827.1_results/PROKKA_10092018:CDS	hypothetical protein	MH255827.1:25338-25610	IEOFGAFL_00031

DiscRep_SUB:FEATURE_LOCATION_CONFLICT::Coding region xref gene does not exist
plasmid_files_fasta/MH255827.1_results/PROKKA_10092018:CDS	hypothetical protein	MH255827.1:25607-25957	IEOFGAFL_00032

DiscRep_SUB:FEATURE_LOCATION_CONFLICT::Coding region xref gene does not exist
plasmid_files_fasta/MH255827.1_results/PROKKA_10092018:CDS	hypothetical protein	MH255827.1:25972-26289	IEOFGAFL_00033

DiscRep_SUB:FEATURE_LOCATION_CONFLICT::Coding region xref gene does not exist
plasmid_files_fasta/MH255827.1_results/PROKKA_10092018:CDS	hypothetical protein	MH255827.1:27130-27486	IEOFGAFL_00034

DiscRep_SUB:FEATURE_LOCATION_CONFLICT::Coding region xref gene does not exist
plasmid_files_fasta/MH255827.1_results/PROKKA_10092018:CDS	hypothetical protein	MH255827.1:27547-27759	IEOFGAFL_00035

DiscRep_SUB:FEATURE_LOCATION_CONFLICT::Coding region xref gene does not exist
plasmid_files_fasta/MH255827.1_results/PROKKA_10092018:CDS	hypothetical protein	MH255827.1:27770-27994	IEOFGAFL_00036

DiscRep_SUB:FEATURE_LOCATION_CONFLICT::Coding region xref gene does not exist
plasmid_files_fasta/MH255827.1_results/PROKKA_10092018:CDS	hypothetical protein	MH255827.1:28075-28395	IEOFGAFL_00037

DiscRep_SUB:FEATURE_LOCATION_CONFLICT::Coding region xref gene does not exist
plasmid_files_fasta/MH255827.1_results/PROKKA_10092018:CDS	Antitoxin HigA1	MH255827.1:28385-28663	IEOFGAFL_00038

DiscRep_SUB:FEATURE_LOCATION_CONFLICT::Coding region xref gene does not exist
plasmid_files_fasta/MH255827.1_results/PROKKA_10092018:CDS	hypothetical protein	MH255827.1:29601-30422	IEOFGAFL_00039

DiscRep_SUB:FEATURE_LOCATION_CONFLICT::Coding region xref gene does not exist
plasmid_files_fasta/MH255827.1_results/PROKKA_10092018:CDS	hypothetical protein	MH255827.1:30470-30784	IEOFGAFL_00040

DiscRep_SUB:FEATURE_LOCATION_CONFLICT::Coding region xref gene does not exist
plasmid_files_fasta/MH255827.1_results/PROKKA_10092018:CDS	hypothetical protein	MH255827.1:c31302-30817	IEOFGAFL_00041

DiscRep_SUB:FEATURE_LOCATION_CONFLICT::Coding region xref gene does not exist
plasmid_files_fasta/MH255827.1_results/PROKKA_10092018:CDS	Relaxosome protein TraM	MH255827.1:31726-32109	IEOFGAFL_00042

DiscRep_SUB:FEATURE_LOCATION_CONFLICT::Coding region xref gene does not exist
plasmid_files_fasta/MH255827.1_results/PROKKA_10092018:CDS	Protein TraJ	MH255827.1:32309-33046	IEOFGAFL_00043

DiscRep_SUB:FEATURE_LOCATION_CONFLICT::Coding region xref gene does not exist
plasmid_files_fasta/MH255827.1_results/PROKKA_10092018:CDS	Pilin	MH255827.1:33429-33797	IEOFGAFL_00044

DiscRep_SUB:FEATURE_LOCATION_CONFLICT::Coding region xref gene does not exist
plasmid_files_fasta/MH255827.1_results/PROKKA_10092018:CDS	hypothetical protein	MH255827.1:33811-34116	IEOFGAFL_00045

DiscRep_SUB:FEATURE_LOCATION_CONFLICT::Coding region xref gene does not exist
plasmid_files_fasta/MH255827.1_results/PROKKA_10092018:CDS	hypothetical protein	MH255827.1:34136-34522	IEOFGAFL_00046

DiscRep_SUB:FEATURE_LOCATION_CONFLICT::Coding region xref gene does not exist
plasmid_files_fasta/MH255827.1_results/PROKKA_10092018:CDS	hypothetical protein	MH255827.1:c35260-34556	IEOFGAFL_00047

DiscRep_SUB:FEATURE_LOCATION_CONFLICT::Coding region xref gene does not exist
plasmid_files_fasta/MH255827.1_results/PROKKA_10092018:CDS	hypothetical protein	MH255827.1:c35760-35386	IEOFGAFL_00048

DiscRep_SUB:FEATURE_LOCATION_CONFLICT::Coding region xref gene does not exist
plasmid_files_fasta/MH255827.1_results/PROKKA_10092018:CDS	hypothetical protein	MH255827.1:c36745-36386	IEOFGAFL_00049

DiscRep_SUB:FEATURE_LOCATION_CONFLICT::Coding region xref gene does not exist
plasmid_files_fasta/MH255827.1_results/PROKKA_10092018:CDS	hypothetical protein	MH255827.1:c37130-36807	IEOFGAFL_00050

DiscRep_SUB:FEATURE_LOCATION_CONFLICT::Coding region xref gene does not exist
plasmid_files_fasta/MH255827.1_results/PROKKA_10092018:CDS	hypothetical protein	MH255827.1:c37855-37127	IEOFGAFL_00051

DiscRep_SUB:FEATURE_LOCATION_CONFLICT::Coding region xref gene does not exist
plasmid_files_fasta/MH255827.1_results/PROKKA_10092018:CDS	Protein PsiB	MH255827.1:c38283-37852	IEOFGAFL_00052

DiscRep_SUB:FEATURE_LOCATION_CONFLICT::Coding region xref gene does not exist
plasmid_files_fasta/MH255827.1_results/PROKKA_10092018:CDS	hypothetical protein	MH255827.1:c39624-38326	IEOFGAFL_00053

DiscRep_SUB:FEATURE_LOCATION_CONFLICT::Coding region xref gene does not exist
plasmid_files_fasta/MH255827.1_results/PROKKA_10092018:CDS	Chromosome-partitioning protein Spo0J	MH255827.1:c40335-39673	IEOFGAFL_00054

DiscRep_SUB:FEATURE_LOCATION_CONFLICT::Coding region xref gene does not exist
plasmid_files_fasta/MH255827.1_results/PROKKA_10092018:CDS	hypothetical protein	MH255827.1:c40636-40406	IEOFGAFL_00055

DiscRep_SUB:FEATURE_LOCATION_CONFLICT::Coding region xref gene does not exist
plasmid_files_fasta/MH255827.1_results/PROKKA_10092018:CDS	hypothetical protein	MH255827.1:40921-41190	IEOFGAFL_00056

DiscRep_SUB:FEATURE_LOCATION_CONFLICT::Coding region xref gene does not exist
plasmid_files_fasta/MH255827.1_results/PROKKA_10092018:CDS	hypothetical protein	MH255827.1:c41572-41420	IEOFGAFL_00057

DiscRep_SUB:FEATURE_LOCATION_CONFLICT::Coding region xref gene does not exist
plasmid_files_fasta/MH255827.1_results/PROKKA_10092018:CDS	DNA polymerase III subunit theta	MH255827.1:c41867-41607	IEOFGAFL_00058

DiscRep_SUB:FEATURE_LOCATION_CONFLICT::Coding region xref gene does not exist
plasmid_files_fasta/MH255827.1_results/PROKKA_10092018:CDS	hypothetical protein	MH255827.1:c42245-42054	IEOFGAFL_00059

DiscRep_SUB:FEATURE_LOCATION_CONFLICT::Coding region xref gene does not exist
plasmid_files_fasta/MH255827.1_results/PROKKA_10092018:CDS	hypothetical protein	MH255827.1:c42794-42288	IEOFGAFL_00060

DiscRep_SUB:FEATURE_LOCATION_CONFLICT::Coding region xref gene does not exist
plasmid_files_fasta/MH255827.1_results/PROKKA_10092018:CDS	hypothetical protein	MH255827.1:c43978-43199	IEOFGAFL_00061

DiscRep_SUB:FEATURE_LOCATION_CONFLICT::Coding region xref gene does not exist
plasmid_files_fasta/MH255827.1_results/PROKKA_10092018:CDS	hypothetical protein	MH255827.1:c44451-44032	IEOFGAFL_00062

DiscRep_SUB:FEATURE_LOCATION_CONFLICT::Coding region xref gene does not exist
plasmid_files_fasta/MH255827.1_results/PROKKA_10092018:CDS	hypothetical protein	MH255827.1:c44683-44462	IEOFGAFL_00063

DiscRep_SUB:FEATURE_LOCATION_CONFLICT::Coding region xref gene does not exist
plasmid_files_fasta/MH255827.1_results/PROKKA_10092018:CDS	DNA adenine methyltransferase YhdJ	MH255827.1:c45360-44683	IEOFGAFL_00064

DiscRep_SUB:FEATURE_LOCATION_CONFLICT::Coding region xref gene does not exist
plasmid_files_fasta/MH255827.1_results/PROKKA_10092018:CDS	Putative SOS response-associated peptidase YedK	MH255827.1:45719-46390	IEOFGAFL_00065

DiscRep_SUB:FEATURE_LOCATION_CONFLICT::Coding region xref gene does not exist
plasmid_files_fasta/MH255827.1_results/PROKKA_10092018:CDS	Protein UmuD	MH255827.1:46570-46992	IEOFGAFL_00066

DiscRep_SUB:FEATURE_LOCATION_CONFLICT::Coding region xref gene does not exist
plasmid_files_fasta/MH255827.1_results/PROKKA_10092018:CDS	Protein UmuC	MH255827.1:46992-48263	IEOFGAFL_00067

DiscRep_SUB:FEATURE_LOCATION_CONFLICT::Coding region xref gene does not exist
plasmid_files_fasta/MH255827.1_results/PROKKA_10092018:CDS	Virulence regulon transcriptional activator VirB	MH255827.1:c49370-48399	IEOFGAFL_00068

DiscRep_SUB:FEATURE_LOCATION_CONFLICT::Coding region xref gene does not exist
plasmid_files_fasta/MH255827.1_results/PROKKA_10092018:CDS	Plasmid partition protein A	MH255827.1:c50572-49367	IEOFGAFL_00069

DiscRep_SUB:FEATURE_LOCATION_CONFLICT::Coding region xref gene does not exist
plasmid_files_fasta/MH255827.1_results/PROKKA_10092018:CDS	Putative transposon Tn552 DNA-invertase bin3	MH255827.1:50935-51567	IEOFGAFL_00070

DiscRep_SUB:FEATURE_LOCATION_CONFLICT::Coding region xref gene does not exist
plasmid_files_fasta/MH255827.1_results/PROKKA_10092018:CDS	Recombination-promoting nuclease RpnA	MH255827.1:51968-52918	IEOFGAFL_00071

DiscRep_SUB:FEATURE_LOCATION_CONFLICT::Coding region xref gene does not exist
plasmid_files_fasta/MH255827.1_results/PROKKA_10092018:CDS	hypothetical protein	MH255827.1:c53526-52915	IEOFGAFL_00072

DiscRep_SUB:FEATURE_LOCATION_CONFLICT::Coding region xref gene does not exist
plasmid_files_fasta/MH255827.1_results/PROKKA_10092018:CDS	hypothetical protein	MH255827.1:c53918-53523	IEOFGAFL_00073

DiscRep_SUB:FEATURE_LOCATION_CONFLICT::Coding region xref gene does not exist
plasmid_files_fasta/MH255827.1_results/PROKKA_10092018:CDS	Ribonuclease T	MH255827.1:c54378-53971	IEOFGAFL_00074

DiscRep_SUB:FEATURE_LOCATION_CONFLICT::Coding region xref gene does not exist
plasmid_files_fasta/MH255827.1_results/PROKKA_10092018:CDS	hypothetical protein	MH255827.1:54432-55412	IEOFGAFL_00075

DiscRep_SUB:FEATURE_LOCATION_CONFLICT::Coding region xref gene does not exist
plasmid_files_fasta/MH255827.1_results/PROKKA_10092018:CDS	Heat shock protein C	MH255827.1:56058-56621	IEOFGAFL_00076

DiscRep_SUB:FEATURE_LOCATION_CONFLICT::Coding region xref gene does not exist
plasmid_files_fasta/MH255827.1_results/PROKKA_10092018:CDS	hypothetical protein	MH255827.1:57090-57794	IEOFGAFL_00077

DiscRep_SUB:FEATURE_LOCATION_CONFLICT::Coding region xref gene does not exist
plasmid_files_fasta/MH255827.1_results/PROKKA_10092018:CDS	Chloramphenicol acetyltransferase 2	MH255827.1:c58568-57927	IEOFGAFL_00078

DiscRep_SUB:FEATURE_LOCATION_CONFLICT::Coding region xref gene does not exist
plasmid_files_fasta/MH255827.1_results/PROKKA_10092018:CDS	hypothetical protein	MH255827.1:c59218-58718	IEOFGAFL_00079

DiscRep_SUB:FEATURE_LOCATION_CONFLICT::Coding region xref gene does not exist
plasmid_files_fasta/MH255827.1_results/PROKKA_10092018:CDS	hypothetical protein	MH255827.1:59298-60002	IEOFGAFL_00080

DiscRep_SUB:FEATURE_LOCATION_CONFLICT::Coding region xref gene does not exist
plasmid_files_fasta/MH255827.1_results/PROKKA_10092018:CDS	Putative transposon Tn552 DNA-invertase bin3	MH255827.1:60634-61371	IEOFGAFL_00081

DiscRep_SUB:FEATURE_LOCATION_CONFLICT::Coding region xref gene does not exist
plasmid_files_fasta/MH255827.1_results/PROKKA_10092018:CDS	hypothetical protein	MH255827.1:61368-61592	IEOFGAFL_00082

DiscRep_SUB:FEATURE_LOCATION_CONFLICT::Coding region xref gene does not exist
plasmid_files_fasta/MH255827.1_results/PROKKA_10092018:CDS	hypothetical protein	MH255827.1:61714-61890	IEOFGAFL_00083

DiscRep_SUB:FEATURE_LOCATION_CONFLICT::Coding region xref gene does not exist
plasmid_files_fasta/MH255827.1_results/PROKKA_10092018:CDS	hypothetical protein	MH255827.1:c63076-62072	IEOFGAFL_00084

DiscRep_SUB:FEATURE_LOCATION_CONFLICT::Coding region xref gene does not exist
plasmid_files_fasta/MH255827.1_results/PROKKA_10092018:CDS	hypothetical protein	MH255827.1:c66121-63155	IEOFGAFL_00085

DiscRep_SUB:FEATURE_LOCATION_CONFLICT::Coding region xref gene does not exist
plasmid_files_fasta/MH255827.1_results/PROKKA_10092018:CDS	hypothetical protein	MH255827.1:c66946-66242	IEOFGAFL_00086

DiscRep_SUB:FEATURE_LOCATION_CONFLICT::Coding region xref gene does not exist
plasmid_files_fasta/MH255827.1_results/PROKKA_10092018:CDS	hypothetical protein	MH255827.1:c67861-67157	IEOFGAFL_00087

DiscRep_SUB:FEATURE_LOCATION_CONFLICT::Coding region xref gene does not exist
plasmid_files_fasta/MH255827.1_results/PROKKA_10092018:CDS	hypothetical protein	MH255827.1:c68099-67908	IEOFGAFL_00088

DiscRep_SUB:FEATURE_LOCATION_CONFLICT::Coding region xref gene does not exist
plasmid_files_fasta/MH255827.1_results/PROKKA_10092018:CDS	hypothetical protein	MH255827.1:c68378-68139	IEOFGAFL_00089

DiscRep_SUB:FEATURE_LOCATION_CONFLICT::Coding region xref gene does not exist
plasmid_files_fasta/MH255827.1_results/PROKKA_10092018:CDS	hypothetical protein	MH255827.1:c68952-68362	IEOFGAFL_00090

DiscRep_SUB:FEATURE_LOCATION_CONFLICT::Coding region xref gene does not exist
plasmid_files_fasta/MH255827.1_results/PROKKA_10092018:CDS	hypothetical protein	MH255827.1:c69622-68912	IEOFGAFL_00091

DiscRep_SUB:FEATURE_LOCATION_CONFLICT::Coding region xref gene does not exist
plasmid_files_fasta/MH255827.1_results/PROKKA_10092018:CDS	Carbapenem-hydrolyzing beta-lactamase KPC	MH255827.1:c70957-70076	IEOFGAFL_00092

DiscRep_SUB:FEATURE_LOCATION_CONFLICT::Coding region xref gene does not exist
plasmid_files_fasta/MH255827.1_results/PROKKA_10092018:CDS	hypothetical protein	MH255827.1:c72213-71233	IEOFGAFL_00093

DiscRep_SUB:FEATURE_LOCATION_CONFLICT::Coding region xref gene does not exist
plasmid_files_fasta/MH255827.1_results/PROKKA_10092018:CDS	hypothetical protein	MH255827.1:72237-72527	IEOFGAFL_00094

DiscRep_SUB:FEATURE_LOCATION_CONFLICT::Coding region xref gene does not exist
plasmid_files_fasta/MH255827.1_results/PROKKA_10092018:CDS	hypothetical protein	MH255827.1:72546-72770	IEOFGAFL_00095

DiscRep_SUB:FEATURE_LOCATION_CONFLICT::Coding region xref gene does not exist
plasmid_files_fasta/MH255827.1_results/PROKKA_10092018:CDS	hypothetical protein	MH255827.1:c73553-72849	IEOFGAFL_00096

DiscRep_SUB:FEATURE_LOCATION_CONFLICT::Coding region xref gene does not exist
plasmid_files_fasta/MH255827.1_results/PROKKA_10092018:CDS	hypothetical protein	MH255827.1:c73791-73600	IEOFGAFL_00097

DiscRep_SUB:FEATURE_LOCATION_CONFLICT::Coding region xref gene does not exist
plasmid_files_fasta/MH255827.1_results/PROKKA_10092018:CDS	hypothetical protein	MH255827.1:c74070-73831	IEOFGAFL_00098

DiscRep_SUB:FEATURE_LOCATION_CONFLICT::Coding region xref gene does not exist
plasmid_files_fasta/MH255827.1_results/PROKKA_10092018:CDS	hypothetical protein	MH255827.1:c74644-74054	IEOFGAFL_00099

DiscRep_SUB:FEATURE_LOCATION_CONFLICT::Coding region xref gene does not exist
plasmid_files_fasta/MH255827.1_results/PROKKA_10092018:CDS	hypothetical protein	MH255827.1:c75314-74604	IEOFGAFL_00100

DiscRep_SUB:FEATURE_LOCATION_CONFLICT::Coding region xref gene does not exist
plasmid_files_fasta/MH255827.1_results/PROKKA_10092018:CDS	Carbapenem-hydrolyzing beta-lactamase KPC	MH255827.1:c76649-75768	IEOFGAFL_00101

DiscRep_SUB:FEATURE_LOCATION_CONFLICT::Coding region xref gene does not exist
plasmid_files_fasta/MH255827.1_results/PROKKA_10092018:CDS	hypothetical protein	MH255827.1:c77905-76925	IEOFGAFL_00102

DiscRep_SUB:FEATURE_LOCATION_CONFLICT::Coding region xref gene does not exist
plasmid_files_fasta/MH255827.1_results/PROKKA_10092018:CDS	hypothetical protein	MH255827.1:77929-78219	IEOFGAFL_00103

DiscRep_SUB:FEATURE_LOCATION_CONFLICT::Coding region xref gene does not exist
plasmid_files_fasta/MH255827.1_results/PROKKA_10092018:CDS	hypothetical protein	MH255827.1:78238-78462	IEOFGAFL_00104

DiscRep_SUB:FEATURE_LOCATION_CONFLICT::Coding region xref gene does not exist
plasmid_files_fasta/MH255827.1_results/PROKKA_10092018:CDS	hypothetical protein	MH255827.1:c79245-78541	IEOFGAFL_00105

DiscRep_SUB:FEATURE_LOCATION_CONFLICT::Coding region xref gene does not exist
plasmid_files_fasta/MH255827.1_results/PROKKA_10092018:CDS	hypothetical protein	MH255827.1:c79483-79292	IEOFGAFL_00106

DiscRep_SUB:FEATURE_LOCATION_CONFLICT::Coding region xref gene does not exist
plasmid_files_fasta/MH255827.1_results/PROKKA_10092018:CDS	hypothetical protein	MH255827.1:c79762-79523	IEOFGAFL_00107

DiscRep_SUB:FEATURE_LOCATION_CONFLICT::Coding region xref gene does not exist
plasmid_files_fasta/MH255827.1_results/PROKKA_10092018:CDS	hypothetical protein	MH255827.1:c80336-79746	IEOFGAFL_00108

DiscRep_SUB:FEATURE_LOCATION_CONFLICT::Coding region xref gene does not exist
plasmid_files_fasta/MH255827.1_results/PROKKA_10092018:CDS	hypothetical protein	MH255827.1:c81006-80296	IEOFGAFL_00109

DiscRep_SUB:FEATURE_LOCATION_CONFLICT::Coding region xref gene does not exist
plasmid_files_fasta/MH255827.1_results/PROKKA_10092018:CDS	Carbapenem-hydrolyzing beta-lactamase KPC	MH255827.1:c82341-81460	IEOFGAFL_00110

DiscRep_SUB:FEATURE_LOCATION_CONFLICT::Coding region xref gene does not exist
plasmid_files_fasta/MH255827.1_results/PROKKA_10092018:CDS	hypothetical protein	MH255827.1:c83597-82617	IEOFGAFL_00111

DiscRep_SUB:FEATURE_LOCATION_CONFLICT::Coding region xref gene does not exist
plasmid_files_fasta/MH255827.1_results/PROKKA_10092018:CDS	hypothetical protein	MH255827.1:83621-83911	IEOFGAFL_00112

DiscRep_SUB:FEATURE_LOCATION_CONFLICT::Coding region xref gene does not exist
plasmid_files_fasta/MH255827.1_results/PROKKA_10092018:CDS	hypothetical protein	MH255827.1:83930-84154	IEOFGAFL_00113

DiscRep_SUB:FEATURE_LOCATION_CONFLICT::Coding region xref gene does not exist
plasmid_files_fasta/MH255827.1_results/PROKKA_10092018:CDS	hypothetical protein	MH255827.1:c84937-84233	IEOFGAFL_00114

DiscRep_SUB:FEATURE_LOCATION_CONFLICT::Coding region xref gene does not exist
plasmid_files_fasta/MH255827.1_results/PROKKA_10092018:CDS	hypothetical protein	MH255827.1:c85175-84984	IEOFGAFL_00115

DiscRep_SUB:FEATURE_LOCATION_CONFLICT::Coding region xref gene does not exist
plasmid_files_fasta/MH255827.1_results/PROKKA_10092018:CDS	hypothetical protein	MH255827.1:c85454-85215	IEOFGAFL_00116

DiscRep_SUB:FEATURE_LOCATION_CONFLICT::Coding region xref gene does not exist
plasmid_files_fasta/MH255827.1_results/PROKKA_10092018:CDS	hypothetical protein	MH255827.1:c86028-85438	IEOFGAFL_00117

DiscRep_SUB:FEATURE_LOCATION_CONFLICT::Coding region xref gene does not exist
plasmid_files_fasta/MH255827.1_results/PROKKA_10092018:CDS	hypothetical protein	MH255827.1:c86698-85988	IEOFGAFL_00118

DiscRep_SUB:FEATURE_LOCATION_CONFLICT::Coding region xref gene does not exist
plasmid_files_fasta/MH255827.1_results/PROKKA_10092018:CDS	Carbapenem-hydrolyzing beta-lactamase KPC	MH255827.1:c88033-87152	IEOFGAFL_00119

DiscRep_SUB:FEATURE_LOCATION_CONFLICT::Coding region xref gene does not exist
plasmid_files_fasta/MH255827.1_results/PROKKA_10092018:CDS	hypothetical protein	MH255827.1:c89289-88309	IEOFGAFL_00120

DiscRep_SUB:FEATURE_LOCATION_CONFLICT::Coding region xref gene does not exist
plasmid_files_fasta/MH255827.1_results/PROKKA_10092018:CDS	hypothetical protein	MH255827.1:89313-89603	IEOFGAFL_00121

DiscRep_SUB:FEATURE_LOCATION_CONFLICT::Coding region xref gene does not exist
plasmid_files_fasta/MH255827.1_results/PROKKA_10092018:CDS	hypothetical protein	MH255827.1:89622-89846	IEOFGAFL_00122

DiscRep_SUB:FEATURE_LOCATION_CONFLICT::Coding region xref gene does not exist
plasmid_files_fasta/MH255827.1_results/PROKKA_10092018:CDS	hypothetical protein	MH255827.1:c90629-89925	IEOFGAFL_00123

DiscRep_SUB:FEATURE_LOCATION_CONFLICT::Coding region xref gene does not exist
plasmid_files_fasta/MH255827.1_results/PROKKA_10092018:CDS	hypothetical protein	MH255827.1:c90867-90676	IEOFGAFL_00124

DiscRep_SUB:FEATURE_LOCATION_CONFLICT::Coding region xref gene does not exist
plasmid_files_fasta/MH255827.1_results/PROKKA_10092018:CDS	hypothetical protein	MH255827.1:c91146-90907	IEOFGAFL_00125

DiscRep_SUB:FEATURE_LOCATION_CONFLICT::Coding region xref gene does not exist
plasmid_files_fasta/MH255827.1_results/PROKKA_10092018:CDS	hypothetical protein	MH255827.1:c91720-91130	IEOFGAFL_00126

DiscRep_SUB:FEATURE_LOCATION_CONFLICT::Coding region xref gene does not exist
plasmid_files_fasta/MH255827.1_results/PROKKA_10092018:CDS	hypothetical protein	MH255827.1:c92390-91680	IEOFGAFL_00127

DiscRep_SUB:FEATURE_LOCATION_CONFLICT::Coding region xref gene does not exist
plasmid_files_fasta/MH255827.1_results/PROKKA_10092018:CDS	Carbapenem-hydrolyzing beta-lactamase KPC	MH255827.1:c93725-92844	IEOFGAFL_00128

DiscRep_SUB:FEATURE_LOCATION_CONFLICT::Coding region xref gene does not exist
plasmid_files_fasta/MH255827.1_results/PROKKA_10092018:CDS	hypothetical protein	MH255827.1:c94981-94001	IEOFGAFL_00129

DiscRep_SUB:FEATURE_LOCATION_CONFLICT::Coding region xref gene does not exist
plasmid_files_fasta/MH255827.1_results/PROKKA_10092018:CDS	hypothetical protein	MH255827.1:95005-95295	IEOFGAFL_00130

DiscRep_SUB:FEATURE_LOCATION_CONFLICT::Coding region xref gene does not exist
plasmid_files_fasta/MH255827.1_results/PROKKA_10092018:CDS	hypothetical protein	MH255827.1:95314-95538	IEOFGAFL_00131

DiscRep_SUB:FEATURE_LOCATION_CONFLICT::Coding region xref gene does not exist
plasmid_files_fasta/MH255827.1_results/PROKKA_10092018:CDS	hypothetical protein	MH255827.1:c96321-95617	IEOFGAFL_00132

DiscRep_SUB:FEATURE_LOCATION_CONFLICT::Coding region xref gene does not exist
plasmid_files_fasta/MH255827.1_results/PROKKA_10092018:CDS	Transposon Tn7 transposition protein TnsB	MH255827.1:c97392-96358	IEOFGAFL_00133

DiscRep_SUB:FEATURE_LOCATION_CONFLICT::Coding region xref gene does not exist
plasmid_files_fasta/MH255827.1_results/PROKKA_10092018:CDS	putative signaling protein	MH255827.1:c98174-97467	IEOFGAFL_00134

DiscRep_SUB:FEATURE_LOCATION_CONFLICT::Coding region xref gene does not exist
plasmid_files_fasta/MH255827.1_results/PROKKA_10092018:CDS	hypothetical protein	MH255827.1:c98407-98171	IEOFGAFL_00135

DiscRep_SUB:FEATURE_LOCATION_CONFLICT::Coding region xref gene does not exist
plasmid_files_fasta/MH255827.1_results/PROKKA_10092018:CDS	HTH-type transcriptional activator mta	MH255827.1:c98766-98404	IEOFGAFL_00136

DiscRep_SUB:FEATURE_LOCATION_CONFLICT::Coding region xref gene does not exist
plasmid_files_fasta/MH255827.1_results/PROKKA_10092018:CDS	Mercuric reductase	MH255827.1:c100478-98784	IEOFGAFL_00137

DiscRep_SUB:FEATURE_LOCATION_CONFLICT::Coding region xref gene does not exist
plasmid_files_fasta/MH255827.1_results/PROKKA_10092018:CDS	Mercuric transport protein MerC	MH255827.1:c100991-100530	IEOFGAFL_00138

DiscRep_SUB:FEATURE_LOCATION_CONFLICT::Coding region xref gene does not exist
plasmid_files_fasta/MH255827.1_results/PROKKA_10092018:CDS	Mercuric transport protein periplasmic component	MH255827.1:c101263-100988	IEOFGAFL_00139

DiscRep_SUB:FEATURE_LOCATION_CONFLICT::Coding region xref gene does not exist
plasmid_files_fasta/MH255827.1_results/PROKKA_10092018:CDS	Mercuric transport protein MerT	MH255827.1:c101627-101277	IEOFGAFL_00140

DiscRep_SUB:FEATURE_LOCATION_CONFLICT::Coding region xref gene does not exist
plasmid_files_fasta/MH255827.1_results/PROKKA_10092018:CDS	Mercuric resistance operon regulatory protein	MH255827.1:101699-102133	IEOFGAFL_00141

DiscRep_SUB:FEATURE_LOCATION_CONFLICT::Coding region xref gene does not exist
plasmid_files_fasta/MH255827.1_results/PROKKA_10092018:CDS	hypothetical protein	MH255827.1:102212-103216	IEOFGAFL_00142

DiscRep_SUB:FEATURE_LOCATION_CONFLICT::Coding region xref gene does not exist
plasmid_files_fasta/MH255827.1_results/PROKKA_10092018:CDS	hypothetical protein	MH255827.1:c103768-103415	IEOFGAFL_00143

DiscRep_SUB:FEATURE_LOCATION_CONFLICT::Coding region xref gene does not exist
plasmid_files_fasta/MH255827.1_results/PROKKA_10092018:CDS	hypothetical protein	MH255827.1:c104174-103797	IEOFGAFL_00144

DiscRep_SUB:FEATURE_LOCATION_CONFLICT::Coding region xref gene does not exist
plasmid_files_fasta/MH255827.1_results/PROKKA_10092018:CDS	hypothetical protein	MH255827.1:c105772-104750	IEOFGAFL_00145

DiscRep_SUB:FEATURE_LOCATION_CONFLICT::Coding region xref gene does not exist
plasmid_files_fasta/MH255827.1_results/PROKKA_10092018:CDS	DNA replication and repair protein RecF	MH255827.1:c107319-105757	IEOFGAFL_00146

DiscRep_SUB:FEATURE_LOCATION_CONFLICT::Coding region xref gene does not exist
plasmid_files_fasta/MH255827.1_results/PROKKA_10092018:CDS	tRNA(fMet)-specific endonuclease VapC	MH255827.1:c107794-107393	IEOFGAFL_00147

DiscRep_SUB:FEATURE_LOCATION_CONFLICT::Coding region xref gene does not exist
plasmid_files_fasta/MH255827.1_results/PROKKA_10092018:CDS	Antitoxin VapB	MH255827.1:c108036-107806	IEOFGAFL_00148

DiscRep_SUB:FEATURE_LOCATION_CONFLICT::Coding region xref gene does not exist
plasmid_files_fasta/MH255827.1_results/PROKKA_10092018:CDS	hypothetical protein	MH255827.1:c108517-108206	IEOFGAFL_00149

DiscRep_SUB:FEATURE_LOCATION_CONFLICT::Coding region xref gene does not exist
plasmid_files_fasta/MH255827.1_results/PROKKA_10092018:CDS	hypothetical protein	MH255827.1:108615-109559	IEOFGAFL_00150

DiscRep_SUB:FEATURE_LOCATION_CONFLICT::Coding region xref gene does not exist
plasmid_files_fasta/MH255827.1_results/PROKKA_10092018:CDS	hypothetical protein	MH255827.1:109596-109988	IEOFGAFL_00151

DiscRep_SUB:FEATURE_LOCATION_CONFLICT::Coding region xref gene does not exist
plasmid_files_fasta/MH255827.1_results/PROKKA_10092018:CDS	hypothetical protein	MH255827.1:110271-110567	IEOFGAFL_00152

DiscRep_SUB:FEATURE_LOCATION_CONFLICT::Coding region xref gene does not exist
plasmid_files_fasta/MH255827.1_results/PROKKA_10092018:CDS	hypothetical protein	MH255827.1:110846-111850	IEOFGAFL_00153

DiscRep_SUB:FEATURE_LOCATION_CONFLICT::Coding region xref gene does not exist
plasmid_files_fasta/MH255827.1_results/PROKKA_10092018:CDS	Tyrosine recombinase XerD	MH255827.1:112034-112813	IEOFGAFL_00154

DiscRep_SUB:FEATURE_LOCATION_CONFLICT::Coding region xref gene does not exist
plasmid_files_fasta/MH255827.1_results/PROKKA_10092018:CDS	hypothetical protein	MH255827.1:c113116-112859	IEOFGAFL_00155

DiscRep_SUB:FEATURE_LOCATION_CONFLICT::Coding region xref gene does not exist
plasmid_files_fasta/MH255827.1_results/PROKKA_10092018:CDS	hypothetical protein	MH255827.1:c113340-113245	IEOFGAFL_00156

DiscRep_ALL:SUSPECT_PRODUCT_NAMES::2 product_names contain suspect phrase or characters
DiscRep_SUB:SUSPECT_PRODUCT_NAMES::May contain database identifier more appropriate in note; remove from product name
DiscRep_SUB:SUSPECT_PRODUCT_NAMES::2 features Three or more numbers together
plasmid_files_fasta/MH255827.1_results/PROKKA_10092018:CDS	Putative transposon Tn552 DNA-invertase bin3	MH255827.1:50935-51567	IEOFGAFL_00070
plasmid_files_fasta/MH255827.1_results/PROKKA_10092018:CDS	Putative transposon Tn552 DNA-invertase bin3	MH255827.1:60634-61371	IEOFGAFL_00081

DiscRep_ALL:DISC_QUALITY_SCORES::Quality scores are missing on all sequences.

DiscRep_ALL:ONCALLER_COMMENT_PRESENT::1 comment descriptors were found (all same)
plasmid_files_fasta/MH255827.1_results/PROKKA_10092018:MH255827.1:Annotated using prokka 1.14-dev from https://github.com/tseemann/prokka

DiscRep_ALL:SHORT_PROT_SEQUENCES::1 protein sequences are shorter than 50 aa.
plasmid_files_fasta/MH255827.1_results/PROKKA_10092018:MH255827.1_156 (length 31)

DiscRep_ALL:MISSING_GENOMEASSEMBLY_COMMENTS::1 bioseqs are missing GenomeAssembly structured comments
plasmid_files_fasta/MH255827.1_results/PROKKA_10092018:MH255827.1 (length 113941)

DiscRep_ALL:MOLTYPE_NOT_MRNA::1 molecule types are not set as mRNA.
plasmid_files_fasta/MH255827.1_results/PROKKA_10092018:MH255827.1 (length 113941)

DiscRep_ALL:TECHNIQUE_NOT_TSA::1 technique are not set as TSA
plasmid_files_fasta/MH255827.1_results/PROKKA_10092018:MH255827.1 (length 113941)

DiscRep_ALL:MISSING_STRUCTURED_COMMENT::1 sequences do not include structured comments.
plasmid_files_fasta/MH255827.1_results/PROKKA_10092018:MH255827.1 (length 113941)

DiscRep_ALL:MISSING_PROJECT::157 sequences do not include project.
plasmid_files_fasta/MH255827.1_results/PROKKA_10092018:MH255827.1 (length 113941)
plasmid_files_fasta/MH255827.1_results/PROKKA_10092018:MH255827.1_1 (length 240)
plasmid_files_fasta/MH255827.1_results/PROKKA_10092018:MH255827.1_2 (length 203)
plasmid_files_fasta/MH255827.1_results/PROKKA_10092018:MH255827.1_3 (length 401)
plasmid_files_fasta/MH255827.1_results/PROKKA_10092018:MH255827.1_4 (length 324)
plasmid_files_fasta/MH255827.1_results/PROKKA_10092018:MH255827.1_5 (length 423)
plasmid_files_fasta/MH255827.1_results/PROKKA_10092018:MH255827.1_6 (length 143)
plasmid_files_fasta/MH255827.1_results/PROKKA_10092018:MH255827.1_7 (length 495)
plasmid_files_fasta/MH255827.1_results/PROKKA_10092018:MH255827.1_8 (length 323)
plasmid_files_fasta/MH255827.1_results/PROKKA_10092018:MH255827.1_9 (length 223)
plasmid_files_fasta/MH255827.1_results/PROKKA_10092018:MH255827.1_10 (length 76)
plasmid_files_fasta/MH255827.1_results/PROKKA_10092018:MH255827.1_11 (length 233)
plasmid_files_fasta/MH255827.1_results/PROKKA_10092018:MH255827.1_12 (length 73)
plasmid_files_fasta/MH255827.1_results/PROKKA_10092018:MH255827.1_13 (length 139)
plasmid_files_fasta/MH255827.1_results/PROKKA_10092018:MH255827.1_14 (length 255)
plasmid_files_fasta/MH255827.1_results/PROKKA_10092018:MH255827.1_15 (length 142)
plasmid_files_fasta/MH255827.1_results/PROKKA_10092018:MH255827.1_16 (length 168)
plasmid_files_fasta/MH255827.1_results/PROKKA_10092018:MH255827.1_17 (length 63)
plasmid_files_fasta/MH255827.1_results/PROKKA_10092018:MH255827.1_18 (length 84)
plasmid_files_fasta/MH255827.1_results/PROKKA_10092018:MH255827.1_19 (length 106)
plasmid_files_fasta/MH255827.1_results/PROKKA_10092018:MH255827.1_20 (length 75)
plasmid_files_fasta/MH255827.1_results/PROKKA_10092018:MH255827.1_21 (length 76)
plasmid_files_fasta/MH255827.1_results/PROKKA_10092018:MH255827.1_22 (length 451)
plasmid_files_fasta/MH255827.1_results/PROKKA_10092018:MH255827.1_23 (length 187)
plasmid_files_fasta/MH255827.1_results/PROKKA_10092018:MH255827.1_24 (length 180)
plasmid_files_fasta/MH255827.1_results/PROKKA_10092018:MH255827.1_25 (length 82)
plasmid_files_fasta/MH255827.1_results/PROKKA_10092018:MH255827.1_26 (length 685)
plasmid_files_fasta/MH255827.1_results/PROKKA_10092018:MH255827.1_27 (length 143)
plasmid_files_fasta/MH255827.1_results/PROKKA_10092018:MH255827.1_28 (length 242)
plasmid_files_fasta/MH255827.1_results/PROKKA_10092018:MH255827.1_29 (length 108)
plasmid_files_fasta/MH255827.1_results/PROKKA_10092018:MH255827.1_30 (length 124)
plasmid_files_fasta/MH255827.1_results/PROKKA_10092018:MH255827.1_31 (length 90)
plasmid_files_fasta/MH255827.1_results/PROKKA_10092018:MH255827.1_32 (length 116)
plasmid_files_fasta/MH255827.1_results/PROKKA_10092018:MH255827.1_33 (length 105)
plasmid_files_fasta/MH255827.1_results/PROKKA_10092018:MH255827.1_34 (length 118)
plasmid_files_fasta/MH255827.1_results/PROKKA_10092018:MH255827.1_35 (length 70)
plasmid_files_fasta/MH255827.1_results/PROKKA_10092018:MH255827.1_36 (length 74)
plasmid_files_fasta/MH255827.1_results/PROKKA_10092018:MH255827.1_37 (length 106)
plasmid_files_fasta/MH255827.1_results/PROKKA_10092018:MH255827.1_38 (length 92)
plasmid_files_fasta/MH255827.1_results/PROKKA_10092018:MH255827.1_39 (length 273)
plasmid_files_fasta/MH255827.1_results/PROKKA_10092018:MH255827.1_40 (length 104)
plasmid_files_fasta/MH255827.1_results/PROKKA_10092018:MH255827.1_41 (length 161)
plasmid_files_fasta/MH255827.1_results/PROKKA_10092018:MH255827.1_42 (length 127)
plasmid_files_fasta/MH255827.1_results/PROKKA_10092018:MH255827.1_43 (length 245)
plasmid_files_fasta/MH255827.1_results/PROKKA_10092018:MH255827.1_44 (length 122)
plasmid_files_fasta/MH255827.1_results/PROKKA_10092018:MH255827.1_45 (length 101)
plasmid_files_fasta/MH255827.1_results/PROKKA_10092018:MH255827.1_46 (length 128)
plasmid_files_fasta/MH255827.1_results/PROKKA_10092018:MH255827.1_47 (length 234)
plasmid_files_fasta/MH255827.1_results/PROKKA_10092018:MH255827.1_48 (length 124)
plasmid_files_fasta/MH255827.1_results/PROKKA_10092018:MH255827.1_49 (length 119)
plasmid_files_fasta/MH255827.1_results/PROKKA_10092018:MH255827.1_50 (length 107)
plasmid_files_fasta/MH255827.1_results/PROKKA_10092018:MH255827.1_51 (length 242)
plasmid_files_fasta/MH255827.1_results/PROKKA_10092018:MH255827.1_52 (length 143)
plasmid_files_fasta/MH255827.1_results/PROKKA_10092018:MH255827.1_53 (length 432)
plasmid_files_fasta/MH255827.1_results/PROKKA_10092018:MH255827.1_54 (length 220)
plasmid_files_fasta/MH255827.1_results/PROKKA_10092018:MH255827.1_55 (length 76)
plasmid_files_fasta/MH255827.1_results/PROKKA_10092018:MH255827.1_56 (length 89)
plasmid_files_fasta/MH255827.1_results/PROKKA_10092018:MH255827.1_57 (length 50)
plasmid_files_fasta/MH255827.1_results/PROKKA_10092018:MH255827.1_58 (length 86)
plasmid_files_fasta/MH255827.1_results/PROKKA_10092018:MH255827.1_59 (length 63)
plasmid_files_fasta/MH255827.1_results/PROKKA_10092018:MH255827.1_60 (length 168)
plasmid_files_fasta/MH255827.1_results/PROKKA_10092018:MH255827.1_61 (length 259)
plasmid_files_fasta/MH255827.1_results/PROKKA_10092018:MH255827.1_62 (length 139)
plasmid_files_fasta/MH255827.1_results/PROKKA_10092018:MH255827.1_63 (length 73)
plasmid_files_fasta/MH255827.1_results/PROKKA_10092018:MH255827.1_64 (length 225)
plasmid_files_fasta/MH255827.1_results/PROKKA_10092018:MH255827.1_65 (length 223)
plasmid_files_fasta/MH255827.1_results/PROKKA_10092018:MH255827.1_66 (length 140)
plasmid_files_fasta/MH255827.1_results/PROKKA_10092018:MH255827.1_67 (length 423)
plasmid_files_fasta/MH255827.1_results/PROKKA_10092018:MH255827.1_68 (length 323)
plasmid_files_fasta/MH255827.1_results/PROKKA_10092018:MH255827.1_69 (length 401)
plasmid_files_fasta/MH255827.1_results/PROKKA_10092018:MH255827.1_70 (length 210)
plasmid_files_fasta/MH255827.1_results/PROKKA_10092018:MH255827.1_71 (length 316)
plasmid_files_fasta/MH255827.1_results/PROKKA_10092018:MH255827.1_72 (length 203)
plasmid_files_fasta/MH255827.1_results/PROKKA_10092018:MH255827.1_73 (length 131)
plasmid_files_fasta/MH255827.1_results/PROKKA_10092018:MH255827.1_74 (length 135)
plasmid_files_fasta/MH255827.1_results/PROKKA_10092018:MH255827.1_75 (length 326)
plasmid_files_fasta/MH255827.1_results/PROKKA_10092018:MH255827.1_76 (length 187)
plasmid_files_fasta/MH255827.1_results/PROKKA_10092018:MH255827.1_77 (length 234)
plasmid_files_fasta/MH255827.1_results/PROKKA_10092018:MH255827.1_78 (length 213)
plasmid_files_fasta/MH255827.1_results/PROKKA_10092018:MH255827.1_79 (length 166)
plasmid_files_fasta/MH255827.1_results/PROKKA_10092018:MH255827.1_80 (length 234)
plasmid_files_fasta/MH255827.1_results/PROKKA_10092018:MH255827.1_81 (length 245)
plasmid_files_fasta/MH255827.1_results/PROKKA_10092018:MH255827.1_82 (length 74)
plasmid_files_fasta/MH255827.1_results/PROKKA_10092018:MH255827.1_83 (length 58)
plasmid_files_fasta/MH255827.1_results/PROKKA_10092018:MH255827.1_84 (length 334)
plasmid_files_fasta/MH255827.1_results/PROKKA_10092018:MH255827.1_85 (length 988)
plasmid_files_fasta/MH255827.1_results/PROKKA_10092018:MH255827.1_86 (length 234)
plasmid_files_fasta/MH255827.1_results/PROKKA_10092018:MH255827.1_87 (length 234)
plasmid_files_fasta/MH255827.1_results/PROKKA_10092018:MH255827.1_88 (length 63)
plasmid_files_fasta/MH255827.1_results/PROKKA_10092018:MH255827.1_89 (length 79)
plasmid_files_fasta/MH255827.1_results/PROKKA_10092018:MH255827.1_90 (length 196)
plasmid_files_fasta/MH255827.1_results/PROKKA_10092018:MH255827.1_91 (length 236)
plasmid_files_fasta/MH255827.1_results/PROKKA_10092018:MH255827.1_92 (length 293)
plasmid_files_fasta/MH255827.1_results/PROKKA_10092018:MH255827.1_93 (length 326)
plasmid_files_fasta/MH255827.1_results/PROKKA_10092018:MH255827.1_94 (length 96)
plasmid_files_fasta/MH255827.1_results/PROKKA_10092018:MH255827.1_95 (length 74)
plasmid_files_fasta/MH255827.1_results/PROKKA_10092018:MH255827.1_96 (length 234)
plasmid_files_fasta/MH255827.1_results/PROKKA_10092018:MH255827.1_97 (length 63)
plasmid_files_fasta/MH255827.1_results/PROKKA_10092018:MH255827.1_98 (length 79)
plasmid_files_fasta/MH255827.1_results/PROKKA_10092018:MH255827.1_99 (length 196)
plasmid_files_fasta/MH255827.1_results/PROKKA_10092018:MH255827.1_100 (length 236)
plasmid_files_fasta/MH255827.1_results/PROKKA_10092018:MH255827.1_101 (length 293)
plasmid_files_fasta/MH255827.1_results/PROKKA_10092018:MH255827.1_102 (length 326)
plasmid_files_fasta/MH255827.1_results/PROKKA_10092018:MH255827.1_103 (length 96)
plasmid_files_fasta/MH255827.1_results/PROKKA_10092018:MH255827.1_104 (length 74)
plasmid_files_fasta/MH255827.1_results/PROKKA_10092018:MH255827.1_105 (length 234)
plasmid_files_fasta/MH255827.1_results/PROKKA_10092018:MH255827.1_106 (length 63)
plasmid_files_fasta/MH255827.1_results/PROKKA_10092018:MH255827.1_107 (length 79)
plasmid_files_fasta/MH255827.1_results/PROKKA_10092018:MH255827.1_108 (length 196)
plasmid_files_fasta/MH255827.1_results/PROKKA_10092018:MH255827.1_109 (length 236)
plasmid_files_fasta/MH255827.1_results/PROKKA_10092018:MH255827.1_110 (length 293)
plasmid_files_fasta/MH255827.1_results/PROKKA_10092018:MH255827.1_111 (length 326)
plasmid_files_fasta/MH255827.1_results/PROKKA_10092018:MH255827.1_112 (length 96)
plasmid_files_fasta/MH255827.1_results/PROKKA_10092018:MH255827.1_113 (length 74)
plasmid_files_fasta/MH255827.1_results/PROKKA_10092018:MH255827.1_114 (length 234)
plasmid_files_fasta/MH255827.1_results/PROKKA_10092018:MH255827.1_115 (length 63)
plasmid_files_fasta/MH255827.1_results/PROKKA_10092018:MH255827.1_116 (length 79)
plasmid_files_fasta/MH255827.1_results/PROKKA_10092018:MH255827.1_117 (length 196)
plasmid_files_fasta/MH255827.1_results/PROKKA_10092018:MH255827.1_118 (length 236)
plasmid_files_fasta/MH255827.1_results/PROKKA_10092018:MH255827.1_119 (length 293)
plasmid_files_fasta/MH255827.1_results/PROKKA_10092018:MH255827.1_120 (length 326)
plasmid_files_fasta/MH255827.1_results/PROKKA_10092018:MH255827.1_121 (length 96)
plasmid_files_fasta/MH255827.1_results/PROKKA_10092018:MH255827.1_122 (length 74)
plasmid_files_fasta/MH255827.1_results/PROKKA_10092018:MH255827.1_123 (length 234)
plasmid_files_fasta/MH255827.1_results/PROKKA_10092018:MH255827.1_124 (length 63)
plasmid_files_fasta/MH255827.1_results/PROKKA_10092018:MH255827.1_125 (length 79)
plasmid_files_fasta/MH255827.1_results/PROKKA_10092018:MH255827.1_126 (length 196)
plasmid_files_fasta/MH255827.1_results/PROKKA_10092018:MH255827.1_127 (length 236)
plasmid_files_fasta/MH255827.1_results/PROKKA_10092018:MH255827.1_128 (length 293)
plasmid_files_fasta/MH255827.1_results/PROKKA_10092018:MH255827.1_129 (length 326)
plasmid_files_fasta/MH255827.1_results/PROKKA_10092018:MH255827.1_130 (length 96)
plasmid_files_fasta/MH255827.1_results/PROKKA_10092018:MH255827.1_131 (length 74)
plasmid_files_fasta/MH255827.1_results/PROKKA_10092018:MH255827.1_132 (length 234)
plasmid_files_fasta/MH255827.1_results/PROKKA_10092018:MH255827.1_133 (length 344)
plasmid_files_fasta/MH255827.1_results/PROKKA_10092018:MH255827.1_134 (length 235)
plasmid_files_fasta/MH255827.1_results/PROKKA_10092018:MH255827.1_135 (length 78)
plasmid_files_fasta/MH255827.1_results/PROKKA_10092018:MH255827.1_136 (length 120)
plasmid_files_fasta/MH255827.1_results/PROKKA_10092018:MH255827.1_137 (length 564)
plasmid_files_fasta/MH255827.1_results/PROKKA_10092018:MH255827.1_138 (length 153)
plasmid_files_fasta/MH255827.1_results/PROKKA_10092018:MH255827.1_139 (length 91)
plasmid_files_fasta/MH255827.1_results/PROKKA_10092018:MH255827.1_140 (length 116)
plasmid_files_fasta/MH255827.1_results/PROKKA_10092018:MH255827.1_141 (length 144)
plasmid_files_fasta/MH255827.1_results/PROKKA_10092018:MH255827.1_142 (length 334)
plasmid_files_fasta/MH255827.1_results/PROKKA_10092018:MH255827.1_143 (length 117)
plasmid_files_fasta/MH255827.1_results/PROKKA_10092018:MH255827.1_144 (length 125)
plasmid_files_fasta/MH255827.1_results/PROKKA_10092018:MH255827.1_145 (length 340)
plasmid_files_fasta/MH255827.1_results/PROKKA_10092018:MH255827.1_146 (length 520)
plasmid_files_fasta/MH255827.1_results/PROKKA_10092018:MH255827.1_147 (length 133)
plasmid_files_fasta/MH255827.1_results/PROKKA_10092018:MH255827.1_148 (length 76)
plasmid_files_fasta/MH255827.1_results/PROKKA_10092018:MH255827.1_149 (length 103)
plasmid_files_fasta/MH255827.1_results/PROKKA_10092018:MH255827.1_150 (length 314)
plasmid_files_fasta/MH255827.1_results/PROKKA_10092018:MH255827.1_151 (length 130)
plasmid_files_fasta/MH255827.1_results/PROKKA_10092018:MH255827.1_152 (length 98)
plasmid_files_fasta/MH255827.1_results/PROKKA_10092018:MH255827.1_153 (length 334)
plasmid_files_fasta/MH255827.1_results/PROKKA_10092018:MH255827.1_154 (length 259)
plasmid_files_fasta/MH255827.1_results/PROKKA_10092018:MH255827.1_155 (length 85)
plasmid_files_fasta/MH255827.1_results/PROKKA_10092018:MH255827.1_156 (length 31)

DiscRep_ALL:DISC_INCONSISTENT_MOLINFO_TECH::Molinfo Technique Report (some missing, all same)
DiscRep_SUB:DISC_INCONSISTENT_MOLINFO_TECH::technique (all missing)
DiscRep_SUB:DISC_INCONSISTENT_MOLINFO_TECH::1 Molinfos are missing field technique
plasmid_files_fasta/MH255827.1_results/PROKKA_10092018:MH255827.1 (length 113941)

