[15:19:03] This is prokka 1.14-dev
[15:19:03] Written by Torsten Seemann <torsten.seemann@gmail.com>
[15:19:03] Homepage is https://github.com/tseemann/prokka
[15:19:03] Local time is Tue Oct  9 15:19:03 2018
[15:19:03] You are christian
[15:19:03] Operating system is linux
[15:19:03] You have BioPerl 1.007002
[15:19:03] System has 20 cores.
[15:19:03] Will use maximum of 20 cores.
[15:19:03] Annotating as >>> Bacteria <<<
[15:19:03] Generating locus_tag from 'plasmid_files_fasta/CP022275.1.fasta' contents.
[15:19:03] Setting --locustag PMECGDNJ from MD5 96ec0d7333460f74b5e9a425a99772fd
[15:19:03] Creating new output folder: plasmid_files_fasta/CP022275.1_results
[15:19:03] Running: mkdir -p plasmid_files_fasta\/CP022275\.1_results
[15:19:03] Using filename prefix: PROKKA_10092018.XXX
[15:19:03] Setting HMMER_NCPU=1
[15:19:03] Writing log to: plasmid_files_fasta/CP022275.1_results/PROKKA_10092018.log
[15:19:03] Command: /home/christian/install/prokka/bin/prokka plasmid_files_fasta/CP022275.1.fasta --outdir plasmid_files_fasta/CP022275.1_results --cpus 20 --force
[15:19:03] Appending to PATH: /home/christian/install/prokka/bin/../binaries/linux
[15:19:03] Appending to PATH: /home/christian/install/prokka/bin/../binaries/linux/../common
[15:19:03] Appending to PATH: /home/christian/install/prokka/bin
[15:19:03] Looking for 'aragorn' - found /home/christian/install/prokka/bin/../binaries/linux/aragorn
[15:19:03] Determined aragorn version is 1.2
[15:19:03] Looking for 'blastp' - found /usr/bin/blastp
[15:19:03] Determined blastp version is 2.2
[15:19:03] Looking for 'cmpress' - found /usr/local/bin/cmpress
[15:19:03] Determined cmpress version is 1.1
[15:19:03] Looking for 'cmscan' - found /usr/local/bin/cmscan
[15:19:03] Determined cmscan version is 1.1
[15:19:03] Looking for 'egrep' - found /bin/egrep
[15:19:03] Looking for 'find' - found /usr/bin/find
[15:19:03] Looking for 'grep' - found /bin/grep
[15:19:03] Looking for 'hmmpress' - found /usr/local/bin/hmmpress
[15:19:03] Determined hmmpress version is 3.1
[15:19:03] Looking for 'hmmscan' - found /usr/local/bin/hmmscan
[15:19:03] Determined hmmscan version is 3.1
[15:19:03] Looking for 'java' - found /usr/bin/java
[15:19:03] Looking for 'less' - found /usr/bin/less
[15:19:03] Looking for 'makeblastdb' - found /usr/bin/makeblastdb
[15:19:03] Determined makeblastdb version is 2.2
[15:19:03] Looking for 'minced' - found /home/christian/install/prokka/bin/../binaries/linux/../common/minced
[15:19:03] Determined minced version is 2.0
[15:19:03] Looking for 'parallel' - found /usr/bin/parallel
[15:19:03] Determined parallel version is 20141022
[15:19:03] Looking for 'prodigal' - found /usr/local/bin/prodigal
[15:19:03] Determined prodigal version is 2.6
[15:19:03] Looking for 'prokka-genbank_to_fasta_db' - found /home/christian/install/prokka/bin/prokka-genbank_to_fasta_db
[15:19:03] Looking for 'sed' - found /bin/sed
[15:19:03] Looking for 'tbl2asn' - found /home/christian/install/prokka/bin/../binaries/linux/tbl2asn
[15:19:03] Determined tbl2asn version is 25.6
[15:19:03] Using genetic code table 11.
[15:19:03] Loading and checking input file: plasmid_files_fasta/CP022275.1.fasta
[15:19:03] Wrote 1 contigs totalling 144825 bp.
[15:19:03] Predicting tRNAs and tmRNAs
[15:19:03] Running: aragorn -l -gc11  -w plasmid_files_fasta\/CP022275\.1_results\/PROKKA_10092018\.fna
[15:19:04] Found 0 tRNAs
[15:19:04] Predicting Ribosomal RNAs
[15:19:04] You need either Barrnap or RNAmmer installed to predict rRNAs!
[15:19:04] Skipping ncRNA search, enable with --rfam if desired.
[15:19:04] Total of 0 tRNA + rRNA features
[15:19:04] Searching for CRISPR repeats
[15:19:04] Found 0 CRISPRs
[15:19:04] Predicting coding sequences
[15:19:04] Contigs total 144825 bp, so using single mode
[15:19:04] Running: prodigal -i plasmid_files_fasta\/CP022275\.1_results\/PROKKA_10092018\.fna -c -m -g 11 -p single -f sco -q
[15:19:04] Found 158 CDS
[15:19:04] Connecting features back to sequences
[15:19:04] Not using genus-specific database. Try --usegenus to enable it.
[15:19:04] Annotating CDS, please be patient.
[15:19:04] Will use 20 CPUs for similarity searching.
[15:19:04] There are still 158 unannotated CDS left (started with 158)
[15:19:04] Will use blast to search against /home/christian/install/prokka/db/kingdom/Bacteria/sprot with 20 CPUs
[15:19:04] Running: cat plasmid_files_fasta\/CP022275\.1_results\/sprot\.faa | parallel --gnu --plain -j 20 --block 1027 --recstart '>' --pipe blastp -query - -db /home/christian/install/prokka/db/kingdom/Bacteria/sprot -evalue 1e-06 -num_threads 1 -num_descriptions 1 -num_alignments 1 -seg no > plasmid_files_fasta\/CP022275\.1_results\/sprot\.blast 2> /dev/null
[15:19:05] Modify product: UPF0401 protein YkfF => hypothetical protein
[15:19:05] Modify product: Uncharacterized protein SP_1053 => putative protein
[15:19:05] Cleaned 2 /product names
[15:19:05] Deleting unwanted file: plasmid_files_fasta/CP022275.1_results/sprot.faa
[15:19:05] Deleting unwanted file: plasmid_files_fasta/CP022275.1_results/sprot.blast
[15:19:05] There are still 110 unannotated CDS left (started with 158)
[15:19:05] Will use hmmer3 to search against /home/christian/install/prokka/db/hmm/HAMAP.hmm with 20 CPUs
[15:19:05] Running: cat plasmid_files_fasta\/CP022275\.1_results\/HAMAP\.hmm\.faa | parallel --gnu --plain -j 20 --block 636 --recstart '>' --pipe hmmscan --noali --notextw --acc -E 1e-06 --cpu 1 /home/christian/install/prokka/db/hmm/HAMAP.hmm /dev/stdin > plasmid_files_fasta\/CP022275\.1_results\/HAMAP\.hmm\.hmmer3 2> /dev/null
[15:19:06] Deleting unwanted file: plasmid_files_fasta/CP022275.1_results/HAMAP.hmm.faa
[15:19:06] Deleting unwanted file: plasmid_files_fasta/CP022275.1_results/HAMAP.hmm.hmmer3
[15:19:06] Labelling remaining 109 proteins as 'hypothetical protein'
[15:19:06] Possible /pseudo 'Protein TraC' at CP022275.1 position 128689
[15:19:06] Found 39 unique /gene codes.
[15:19:06] Fixed 2 duplicate /gene - pinR_1 pinR_2
[15:19:06] Fixed 2 duplicate /gene - traC_1 traC_2
[15:19:06] Fixed 2 duplicate /gene - umuD_1 umuD_2
[15:19:06] Fixed 3 duplicate /gene - umuC_1 umuC_2 umuC_3
[15:19:06] Fixed 2 duplicate /gene - yhdJ_1 yhdJ_2
[15:19:06] Fixed 3 duplicate /gene - klcA_1 klcA_2 klcA_3
[15:19:06] Fixed 6 colliding /gene names.
[15:19:06] Adding /locus_tag identifiers
[15:19:06] Assigned 158 locus_tags to CDS and RNA features.
[15:19:06] Writing outputs to plasmid_files_fasta/CP022275.1_results/
[15:19:06] Generating annotation statistics file
[15:19:06] Generating Genbank and Sequin files
[15:19:06] Running: tbl2asn -V b -a r10k -l paired-ends -M n -N 1 -y 'Annotated using prokka 1.14-dev from https://github.com/tseemann/prokka' -Z plasmid_files_fasta\/CP022275\.1_results\/PROKKA_10092018\.err -i plasmid_files_fasta\/CP022275\.1_results\/PROKKA_10092018\.fsa 2> /dev/null
[15:19:06] Deleting unwanted file: plasmid_files_fasta/CP022275.1_results/errorsummary.val
[15:19:06] Deleting unwanted file: plasmid_files_fasta/CP022275.1_results/PROKKA_10092018.dr
[15:19:06] Deleting unwanted file: plasmid_files_fasta/CP022275.1_results/PROKKA_10092018.fixedproducts
[15:19:06] Deleting unwanted file: plasmid_files_fasta/CP022275.1_results/PROKKA_10092018.ecn
[15:19:06] Deleting unwanted file: plasmid_files_fasta/CP022275.1_results/PROKKA_10092018.val
[15:19:06] Repairing broken .GBK output that tbl2asn produces...
[15:19:06] Running: sed 's/COORDINATES: profile/COORDINATES:profile/' < plasmid_files_fasta\/CP022275\.1_results\/PROKKA_10092018\.gbf > plasmid_files_fasta\/CP022275\.1_results\/PROKKA_10092018\.gbk
[15:19:07] Deleting unwanted file: plasmid_files_fasta/CP022275.1_results/PROKKA_10092018.gbf
[15:19:07] Output files:
[15:19:07] plasmid_files_fasta/CP022275.1_results/PROKKA_10092018.ffn
[15:19:07] plasmid_files_fasta/CP022275.1_results/PROKKA_10092018.tbl
[15:19:07] plasmid_files_fasta/CP022275.1_results/PROKKA_10092018.log
[15:19:07] plasmid_files_fasta/CP022275.1_results/PROKKA_10092018.fna
[15:19:07] plasmid_files_fasta/CP022275.1_results/PROKKA_10092018.fsa
[15:19:07] plasmid_files_fasta/CP022275.1_results/PROKKA_10092018.tsv
[15:19:07] plasmid_files_fasta/CP022275.1_results/PROKKA_10092018.faa
[15:19:07] plasmid_files_fasta/CP022275.1_results/PROKKA_10092018.gbk
[15:19:07] plasmid_files_fasta/CP022275.1_results/PROKKA_10092018.sqn
[15:19:07] plasmid_files_fasta/CP022275.1_results/PROKKA_10092018.err
[15:19:07] plasmid_files_fasta/CP022275.1_results/PROKKA_10092018.txt
[15:19:07] plasmid_files_fasta/CP022275.1_results/PROKKA_10092018.gff
[15:19:07] Annotation finished successfully.
[15:19:07] Walltime used: 0.07 minutes
[15:19:07] If you use this result please cite the Prokka paper:
[15:19:07] Seemann T (2014) Prokka: rapid prokaryotic genome annotation. Bioinformatics. 30(14):2068-9.
[15:19:07] Type 'prokka --citation' for more details.
[15:19:07] Thank you, come again.
