[15:16:28] This is prokka 1.14-dev
[15:16:28] Written by Torsten Seemann <torsten.seemann@gmail.com>
[15:16:28] Homepage is https://github.com/tseemann/prokka
[15:16:28] Local time is Tue Oct  9 15:16:28 2018
[15:16:28] You are christian
[15:16:28] Operating system is linux
[15:16:28] You have BioPerl 1.007002
[15:16:28] System has 20 cores.
[15:16:28] Will use maximum of 20 cores.
[15:16:28] Annotating as >>> Bacteria <<<
[15:16:28] Generating locus_tag from 'plasmid_files_fasta/CP018455.1.fasta' contents.
[15:16:28] Setting --locustag NBLJOKKK from MD5 7b538444a3774c95867f99dc713711a7
[15:16:28] Creating new output folder: plasmid_files_fasta/CP018455.1_results
[15:16:28] Running: mkdir -p plasmid_files_fasta\/CP018455\.1_results
[15:16:28] Using filename prefix: PROKKA_10092018.XXX
[15:16:28] Setting HMMER_NCPU=1
[15:16:28] Writing log to: plasmid_files_fasta/CP018455.1_results/PROKKA_10092018.log
[15:16:28] Command: /home/christian/install/prokka/bin/prokka plasmid_files_fasta/CP018455.1.fasta --outdir plasmid_files_fasta/CP018455.1_results --cpus 20 --force
[15:16:28] Appending to PATH: /home/christian/install/prokka/bin/../binaries/linux
[15:16:28] Appending to PATH: /home/christian/install/prokka/bin/../binaries/linux/../common
[15:16:28] Appending to PATH: /home/christian/install/prokka/bin
[15:16:28] Looking for 'aragorn' - found /home/christian/install/prokka/bin/../binaries/linux/aragorn
[15:16:28] Determined aragorn version is 1.2
[15:16:28] Looking for 'blastp' - found /usr/bin/blastp
[15:16:28] Determined blastp version is 2.2
[15:16:28] Looking for 'cmpress' - found /usr/local/bin/cmpress
[15:16:28] Determined cmpress version is 1.1
[15:16:28] Looking for 'cmscan' - found /usr/local/bin/cmscan
[15:16:28] Determined cmscan version is 1.1
[15:16:28] Looking for 'egrep' - found /bin/egrep
[15:16:28] Looking for 'find' - found /usr/bin/find
[15:16:28] Looking for 'grep' - found /bin/grep
[15:16:28] Looking for 'hmmpress' - found /usr/local/bin/hmmpress
[15:16:28] Determined hmmpress version is 3.1
[15:16:28] Looking for 'hmmscan' - found /usr/local/bin/hmmscan
[15:16:28] Determined hmmscan version is 3.1
[15:16:28] Looking for 'java' - found /usr/bin/java
[15:16:28] Looking for 'less' - found /usr/bin/less
[15:16:28] Looking for 'makeblastdb' - found /usr/bin/makeblastdb
[15:16:28] Determined makeblastdb version is 2.2
[15:16:28] Looking for 'minced' - found /home/christian/install/prokka/bin/../binaries/linux/../common/minced
[15:16:28] Determined minced version is 2.0
[15:16:28] Looking for 'parallel' - found /usr/bin/parallel
[15:16:28] Determined parallel version is 20141022
[15:16:28] Looking for 'prodigal' - found /usr/local/bin/prodigal
[15:16:28] Determined prodigal version is 2.6
[15:16:28] Looking for 'prokka-genbank_to_fasta_db' - found /home/christian/install/prokka/bin/prokka-genbank_to_fasta_db
[15:16:28] Looking for 'sed' - found /bin/sed
[15:16:28] Looking for 'tbl2asn' - found /home/christian/install/prokka/bin/../binaries/linux/tbl2asn
[15:16:28] Determined tbl2asn version is 25.6
[15:16:28] Using genetic code table 11.
[15:16:28] Loading and checking input file: plasmid_files_fasta/CP018455.1.fasta
[15:16:28] Wrote 1 contigs totalling 162552 bp.
[15:16:28] Predicting tRNAs and tmRNAs
[15:16:28] Running: aragorn -l -gc11  -w plasmid_files_fasta\/CP018455\.1_results\/PROKKA_10092018\.fna
[15:16:28] 1 tRNA-Thr [113640,113711] 34 (ggt)
[15:16:28] Found 1 tRNAs
[15:16:28] Predicting Ribosomal RNAs
[15:16:28] You need either Barrnap or RNAmmer installed to predict rRNAs!
[15:16:28] Skipping ncRNA search, enable with --rfam if desired.
[15:16:28] Total of 1 tRNA + rRNA features
[15:16:28] Searching for CRISPR repeats
[15:16:28] Found 0 CRISPRs
[15:16:28] Predicting coding sequences
[15:16:28] Contigs total 162552 bp, so using single mode
[15:16:28] Running: prodigal -i plasmid_files_fasta\/CP018455\.1_results\/PROKKA_10092018\.fna -c -m -g 11 -p single -f sco -q
[15:16:29] Excluding CDS which overlaps existing RNA (tRNA) at CP018455.1:113088..114461 on - strand
[15:16:29] Found 212 CDS
[15:16:29] Connecting features back to sequences
[15:16:29] Not using genus-specific database. Try --usegenus to enable it.
[15:16:29] Annotating CDS, please be patient.
[15:16:29] Will use 20 CPUs for similarity searching.
[15:16:29] There are still 212 unannotated CDS left (started with 212)
[15:16:29] Will use blast to search against /home/christian/install/prokka/db/kingdom/Bacteria/sprot with 20 CPUs
[15:16:29] Running: cat plasmid_files_fasta\/CP018455\.1_results\/sprot\.faa | parallel --gnu --plain -j 20 --block 1116 --recstart '>' --pipe blastp -query - -db /home/christian/install/prokka/db/kingdom/Bacteria/sprot -evalue 1e-06 -num_threads 1 -num_descriptions 1 -num_alignments 1 -seg no > plasmid_files_fasta\/CP018455\.1_results\/sprot\.blast 2> /dev/null
[15:16:30] Modify product: UPF0401 protein YkfF => hypothetical protein
[15:16:30] Modify product: UPF0401 protein YkfF => hypothetical protein
[15:16:30] Modify product: UPF0401 protein YkfF => hypothetical protein
[15:16:30] Cleaned 3 /product names
[15:16:30] Deleting unwanted file: plasmid_files_fasta/CP018455.1_results/sprot.faa
[15:16:30] Deleting unwanted file: plasmid_files_fasta/CP018455.1_results/sprot.blast
[15:16:30] There are still 137 unannotated CDS left (started with 212)
[15:16:30] Will use hmmer3 to search against /home/christian/install/prokka/db/hmm/HAMAP.hmm with 20 CPUs
[15:16:30] Running: cat plasmid_files_fasta\/CP018455\.1_results\/HAMAP\.hmm\.faa | parallel --gnu --plain -j 20 --block 660 --recstart '>' --pipe hmmscan --noali --notextw --acc -E 1e-06 --cpu 1 /home/christian/install/prokka/db/hmm/HAMAP.hmm /dev/stdin > plasmid_files_fasta\/CP018455\.1_results\/HAMAP\.hmm\.hmmer3 2> /dev/null
[15:16:31] Deleting unwanted file: plasmid_files_fasta/CP018455.1_results/HAMAP.hmm.faa
[15:16:31] Deleting unwanted file: plasmid_files_fasta/CP018455.1_results/HAMAP.hmm.hmmer3
[15:16:31] Labelling remaining 135 proteins as 'hypothetical protein'
[15:16:31] Possible /pseudo '3-oxo-tetronate kinase' at CP018455.1 position 10080
[15:16:31] Found 51 unique /gene codes.
[15:16:31] Fixed 2 duplicate /gene - holE_1 holE_2
[15:16:31] Fixed 2 duplicate /gene - bin3_1 bin3_2
[15:16:31] Fixed 2 duplicate /gene - traI_1 traI_2
[15:16:31] Fixed 2 duplicate /gene - otnK_1 otnK_2
[15:16:31] Fixed 2 duplicate /gene - umuC_1 umuC_2
[15:16:31] Fixed 3 duplicate /gene - spo0C_1 spo0C_2 spo0C_3
[15:16:31] Fixed 3 duplicate /gene - klcA_1 klcA_2 klcA_3
[15:16:31] Fixed 3 duplicate /gene - psiB_1 psiB_2 psiB_3
[15:16:31] Fixed 3 duplicate /gene - yhdJ_1 yhdJ_2 yhdJ_3
[15:16:31] Fixed 2 duplicate /gene - parA_1 parA_2
[15:16:31] Fixed 2 duplicate /gene - ltrA_1 ltrA_2
[15:16:31] Fixed 2 duplicate /gene - traM_1 traM_2
[15:16:31] Fixed 2 duplicate /gene - umuD_1 umuD_2
[15:16:31] Fixed 2 duplicate /gene - ssb_1 ssb_2
[15:16:31] Fixed 2 duplicate /gene - virB_1 virB_2
[15:16:31] Fixed 4 duplicate /gene - bla_1 bla_2 bla_3 bla_4
[15:16:31] Fixed 2 duplicate /gene - parM_1 parM_2
[15:16:31] Fixed 17 colliding /gene names.
[15:16:31] Adding /locus_tag identifiers
[15:16:31] Assigned 213 locus_tags to CDS and RNA features.
[15:16:31] Writing outputs to plasmid_files_fasta/CP018455.1_results/
[15:16:31] Generating annotation statistics file
[15:16:31] Generating Genbank and Sequin files
[15:16:31] Running: tbl2asn -V b -a r10k -l paired-ends -M n -N 1 -y 'Annotated using prokka 1.14-dev from https://github.com/tseemann/prokka' -Z plasmid_files_fasta\/CP018455\.1_results\/PROKKA_10092018\.err -i plasmid_files_fasta\/CP018455\.1_results\/PROKKA_10092018\.fsa 2> /dev/null
[15:16:31] Deleting unwanted file: plasmid_files_fasta/CP018455.1_results/errorsummary.val
[15:16:31] Deleting unwanted file: plasmid_files_fasta/CP018455.1_results/PROKKA_10092018.dr
[15:16:31] Deleting unwanted file: plasmid_files_fasta/CP018455.1_results/PROKKA_10092018.fixedproducts
[15:16:31] Deleting unwanted file: plasmid_files_fasta/CP018455.1_results/PROKKA_10092018.ecn
[15:16:31] Deleting unwanted file: plasmid_files_fasta/CP018455.1_results/PROKKA_10092018.val
[15:16:31] Repairing broken .GBK output that tbl2asn produces...
[15:16:31] Running: sed 's/COORDINATES: profile/COORDINATES:profile/' < plasmid_files_fasta\/CP018455\.1_results\/PROKKA_10092018\.gbf > plasmid_files_fasta\/CP018455\.1_results\/PROKKA_10092018\.gbk
[15:16:31] Deleting unwanted file: plasmid_files_fasta/CP018455.1_results/PROKKA_10092018.gbf
[15:16:31] Output files:
[15:16:31] plasmid_files_fasta/CP018455.1_results/PROKKA_10092018.ffn
[15:16:31] plasmid_files_fasta/CP018455.1_results/PROKKA_10092018.tbl
[15:16:31] plasmid_files_fasta/CP018455.1_results/PROKKA_10092018.log
[15:16:31] plasmid_files_fasta/CP018455.1_results/PROKKA_10092018.fna
[15:16:31] plasmid_files_fasta/CP018455.1_results/PROKKA_10092018.fsa
[15:16:31] plasmid_files_fasta/CP018455.1_results/PROKKA_10092018.tsv
[15:16:31] plasmid_files_fasta/CP018455.1_results/PROKKA_10092018.faa
[15:16:31] plasmid_files_fasta/CP018455.1_results/PROKKA_10092018.gbk
[15:16:31] plasmid_files_fasta/CP018455.1_results/PROKKA_10092018.sqn
[15:16:31] plasmid_files_fasta/CP018455.1_results/PROKKA_10092018.err
[15:16:31] plasmid_files_fasta/CP018455.1_results/PROKKA_10092018.txt
[15:16:31] plasmid_files_fasta/CP018455.1_results/PROKKA_10092018.gff
[15:16:31] Annotation finished successfully.
[15:16:31] Walltime used: 0.05 minutes
[15:16:31] If you use this result please cite the Prokka paper:
[15:16:31] Seemann T (2014) Prokka: rapid prokaryotic genome annotation. Bioinformatics. 30(14):2068-9.
[15:16:31] Type 'prokka --citation' for more details.
[15:16:31] Share and enjoy!
