[15:14:04] This is prokka 1.14-dev
[15:14:04] Written by Torsten Seemann <torsten.seemann@gmail.com>
[15:14:04] Homepage is https://github.com/tseemann/prokka
[15:14:04] Local time is Tue Oct  9 15:14:04 2018
[15:14:04] You are christian
[15:14:04] Operating system is linux
[15:14:04] You have BioPerl 1.007002
[15:14:05] System has 20 cores.
[15:14:05] Will use maximum of 20 cores.
[15:14:05] Annotating as >>> Bacteria <<<
[15:14:05] Generating locus_tag from 'plasmid_files_fasta/CP010379.1.fasta' contents.
[15:14:05] Setting --locustag EJAHMNDN from MD5 e3a167d78360adadce192c0fb6f00e72
[15:14:05] Creating new output folder: plasmid_files_fasta/CP010379.1_results
[15:14:05] Running: mkdir -p plasmid_files_fasta\/CP010379\.1_results
[15:14:05] Using filename prefix: PROKKA_10092018.XXX
[15:14:05] Setting HMMER_NCPU=1
[15:14:05] Writing log to: plasmid_files_fasta/CP010379.1_results/PROKKA_10092018.log
[15:14:05] Command: /home/christian/install/prokka/bin/prokka plasmid_files_fasta/CP010379.1.fasta --outdir plasmid_files_fasta/CP010379.1_results --cpus 20 --force
[15:14:05] Appending to PATH: /home/christian/install/prokka/bin/../binaries/linux
[15:14:05] Appending to PATH: /home/christian/install/prokka/bin/../binaries/linux/../common
[15:14:05] Appending to PATH: /home/christian/install/prokka/bin
[15:14:05] Looking for 'aragorn' - found /home/christian/install/prokka/bin/../binaries/linux/aragorn
[15:14:05] Determined aragorn version is 1.2
[15:14:05] Looking for 'blastp' - found /usr/bin/blastp
[15:14:05] Determined blastp version is 2.2
[15:14:05] Looking for 'cmpress' - found /usr/local/bin/cmpress
[15:14:05] Determined cmpress version is 1.1
[15:14:05] Looking for 'cmscan' - found /usr/local/bin/cmscan
[15:14:05] Determined cmscan version is 1.1
[15:14:05] Looking for 'egrep' - found /bin/egrep
[15:14:05] Looking for 'find' - found /usr/bin/find
[15:14:05] Looking for 'grep' - found /bin/grep
[15:14:05] Looking for 'hmmpress' - found /usr/local/bin/hmmpress
[15:14:05] Determined hmmpress version is 3.1
[15:14:05] Looking for 'hmmscan' - found /usr/local/bin/hmmscan
[15:14:05] Determined hmmscan version is 3.1
[15:14:05] Looking for 'java' - found /usr/bin/java
[15:14:05] Looking for 'less' - found /usr/bin/less
[15:14:05] Looking for 'makeblastdb' - found /usr/bin/makeblastdb
[15:14:05] Determined makeblastdb version is 2.2
[15:14:05] Looking for 'minced' - found /home/christian/install/prokka/bin/../binaries/linux/../common/minced
[15:14:05] Determined minced version is 2.0
[15:14:05] Looking for 'parallel' - found /usr/bin/parallel
[15:14:05] Determined parallel version is 20141022
[15:14:05] Looking for 'prodigal' - found /usr/local/bin/prodigal
[15:14:05] Determined prodigal version is 2.6
[15:14:05] Looking for 'prokka-genbank_to_fasta_db' - found /home/christian/install/prokka/bin/prokka-genbank_to_fasta_db
[15:14:05] Looking for 'sed' - found /bin/sed
[15:14:05] Looking for 'tbl2asn' - found /home/christian/install/prokka/bin/../binaries/linux/tbl2asn
[15:14:05] Determined tbl2asn version is 25.6
[15:14:05] Using genetic code table 11.
[15:14:05] Loading and checking input file: plasmid_files_fasta/CP010379.1.fasta
[15:14:05] Wrote 1 contigs totalling 43621 bp.
[15:14:05] Predicting tRNAs and tmRNAs
[15:14:05] Running: aragorn -l -gc11  -w plasmid_files_fasta\/CP010379\.1_results\/PROKKA_10092018\.fna
[15:14:05] Found 0 tRNAs
[15:14:05] Predicting Ribosomal RNAs
[15:14:05] You need either Barrnap or RNAmmer installed to predict rRNAs!
[15:14:05] Skipping ncRNA search, enable with --rfam if desired.
[15:14:05] Total of 0 tRNA + rRNA features
[15:14:05] Searching for CRISPR repeats
[15:14:05] Found 0 CRISPRs
[15:14:05] Predicting coding sequences
[15:14:05] Contigs total 43621 bp, so using meta mode
[15:14:05] Running: prodigal -i plasmid_files_fasta\/CP010379\.1_results\/PROKKA_10092018\.fna -c -m -g 11 -p meta -f sco -q
[15:14:05] Found 50 CDS
[15:14:05] Connecting features back to sequences
[15:14:05] Not using genus-specific database. Try --usegenus to enable it.
[15:14:05] Annotating CDS, please be patient.
[15:14:05] Will use 20 CPUs for similarity searching.
[15:14:05] There are still 50 unannotated CDS left (started with 50)
[15:14:05] Will use blast to search against /home/christian/install/prokka/db/kingdom/Bacteria/sprot with 20 CPUs
[15:14:05] Running: cat plasmid_files_fasta\/CP010379\.1_results\/sprot\.faa | parallel --gnu --plain -j 20 --block 309 --recstart '>' --pipe blastp -query - -db /home/christian/install/prokka/db/kingdom/Bacteria/sprot -evalue 1e-06 -num_threads 1 -num_descriptions 1 -num_alignments 1 -seg no > plasmid_files_fasta\/CP010379\.1_results\/sprot\.blast 2> /dev/null
[15:14:06] Deleting unwanted file: plasmid_files_fasta/CP010379.1_results/sprot.faa
[15:14:06] Deleting unwanted file: plasmid_files_fasta/CP010379.1_results/sprot.blast
[15:14:06] There are still 37 unannotated CDS left (started with 50)
[15:14:06] Will use hmmer3 to search against /home/christian/install/prokka/db/hmm/HAMAP.hmm with 20 CPUs
[15:14:06] Running: cat plasmid_files_fasta\/CP010379\.1_results\/HAMAP\.hmm\.faa | parallel --gnu --plain -j 20 --block 218 --recstart '>' --pipe hmmscan --noali --notextw --acc -E 1e-06 --cpu 1 /home/christian/install/prokka/db/hmm/HAMAP.hmm /dev/stdin > plasmid_files_fasta\/CP010379\.1_results\/HAMAP\.hmm\.hmmer3 2> /dev/null
[15:14:07] Deleting unwanted file: plasmid_files_fasta/CP010379.1_results/HAMAP.hmm.faa
[15:14:07] Deleting unwanted file: plasmid_files_fasta/CP010379.1_results/HAMAP.hmm.hmmer3
[15:14:07] Labelling remaining 36 proteins as 'hypothetical protein'
[15:14:07] Found 9 unique /gene codes.
[15:14:07] Fixed 2 duplicate /gene - ssb_1 ssb_2
[15:14:07] Fixed 2 duplicate /gene - bla_1 bla_2
[15:14:07] Fixed 2 duplicate /gene - xerD_1 xerD_2
[15:14:07] Fixed 3 colliding /gene names.
[15:14:07] Adding /locus_tag identifiers
[15:14:07] Assigned 50 locus_tags to CDS and RNA features.
[15:14:07] Writing outputs to plasmid_files_fasta/CP010379.1_results/
[15:14:07] Generating annotation statistics file
[15:14:07] Generating Genbank and Sequin files
[15:14:07] Running: tbl2asn -V b -a r10k -l paired-ends -M n -N 1 -y 'Annotated using prokka 1.14-dev from https://github.com/tseemann/prokka' -Z plasmid_files_fasta\/CP010379\.1_results\/PROKKA_10092018\.err -i plasmid_files_fasta\/CP010379\.1_results\/PROKKA_10092018\.fsa 2> /dev/null
[15:14:07] Deleting unwanted file: plasmid_files_fasta/CP010379.1_results/errorsummary.val
[15:14:07] Deleting unwanted file: plasmid_files_fasta/CP010379.1_results/PROKKA_10092018.dr
[15:14:07] Deleting unwanted file: plasmid_files_fasta/CP010379.1_results/PROKKA_10092018.fixedproducts
[15:14:07] Deleting unwanted file: plasmid_files_fasta/CP010379.1_results/PROKKA_10092018.ecn
[15:14:07] Deleting unwanted file: plasmid_files_fasta/CP010379.1_results/PROKKA_10092018.val
[15:14:07] Repairing broken .GBK output that tbl2asn produces...
[15:14:07] Running: sed 's/COORDINATES: profile/COORDINATES:profile/' < plasmid_files_fasta\/CP010379\.1_results\/PROKKA_10092018\.gbf > plasmid_files_fasta\/CP010379\.1_results\/PROKKA_10092018\.gbk
[15:14:07] Deleting unwanted file: plasmid_files_fasta/CP010379.1_results/PROKKA_10092018.gbf
[15:14:07] Output files:
[15:14:07] plasmid_files_fasta/CP010379.1_results/PROKKA_10092018.ffn
[15:14:07] plasmid_files_fasta/CP010379.1_results/PROKKA_10092018.tbl
[15:14:07] plasmid_files_fasta/CP010379.1_results/PROKKA_10092018.log
[15:14:07] plasmid_files_fasta/CP010379.1_results/PROKKA_10092018.fna
[15:14:07] plasmid_files_fasta/CP010379.1_results/PROKKA_10092018.fsa
[15:14:07] plasmid_files_fasta/CP010379.1_results/PROKKA_10092018.tsv
[15:14:07] plasmid_files_fasta/CP010379.1_results/PROKKA_10092018.faa
[15:14:07] plasmid_files_fasta/CP010379.1_results/PROKKA_10092018.gbk
[15:14:07] plasmid_files_fasta/CP010379.1_results/PROKKA_10092018.sqn
[15:14:07] plasmid_files_fasta/CP010379.1_results/PROKKA_10092018.err
[15:14:07] plasmid_files_fasta/CP010379.1_results/PROKKA_10092018.txt
[15:14:07] plasmid_files_fasta/CP010379.1_results/PROKKA_10092018.gff
[15:14:07] Annotation finished successfully.
[15:14:07] Walltime used: 0.05 minutes
[15:14:07] If you use this result please cite the Prokka paper:
[15:14:07] Seemann T (2014) Prokka: rapid prokaryotic genome annotation. Bioinformatics. 30(14):2068-9.
[15:14:07] Type 'prokka --citation' for more details.
[15:14:07] Share and enjoy!
