[15:31:14] This is prokka 1.14-dev
[15:31:14] Written by Torsten Seemann <torsten.seemann@gmail.com>
[15:31:14] Homepage is https://github.com/tseemann/prokka
[15:31:14] Local time is Tue Oct  9 15:31:14 2018
[15:31:14] You are christian
[15:31:14] Operating system is linux
[15:31:14] You have BioPerl 1.007002
[15:31:14] System has 20 cores.
[15:31:14] Will use maximum of 20 cores.
[15:31:14] Annotating as >>> Bacteria <<<
[15:31:14] Generating locus_tag from 'plasmid_files_fasta/KY689238.1.fasta' contents.
[15:31:14] Setting --locustag EJKGODFP from MD5 e3408df95aaa23f1f465a5c3f28a8adf
[15:31:14] Creating new output folder: plasmid_files_fasta/KY689238.1_results
[15:31:14] Running: mkdir -p plasmid_files_fasta\/KY689238\.1_results
[15:31:14] Using filename prefix: PROKKA_10092018.XXX
[15:31:14] Setting HMMER_NCPU=1
[15:31:14] Writing log to: plasmid_files_fasta/KY689238.1_results/PROKKA_10092018.log
[15:31:14] Command: /home/christian/install/prokka/bin/prokka plasmid_files_fasta/KY689238.1.fasta --outdir plasmid_files_fasta/KY689238.1_results --cpus 20 --force
[15:31:14] Appending to PATH: /home/christian/install/prokka/bin/../binaries/linux
[15:31:14] Appending to PATH: /home/christian/install/prokka/bin/../binaries/linux/../common
[15:31:14] Appending to PATH: /home/christian/install/prokka/bin
[15:31:14] Looking for 'aragorn' - found /home/christian/install/prokka/bin/../binaries/linux/aragorn
[15:31:14] Determined aragorn version is 1.2
[15:31:14] Looking for 'blastp' - found /usr/bin/blastp
[15:31:14] Determined blastp version is 2.2
[15:31:14] Looking for 'cmpress' - found /usr/local/bin/cmpress
[15:31:14] Determined cmpress version is 1.1
[15:31:14] Looking for 'cmscan' - found /usr/local/bin/cmscan
[15:31:14] Determined cmscan version is 1.1
[15:31:14] Looking for 'egrep' - found /bin/egrep
[15:31:14] Looking for 'find' - found /usr/bin/find
[15:31:14] Looking for 'grep' - found /bin/grep
[15:31:14] Looking for 'hmmpress' - found /usr/local/bin/hmmpress
[15:31:14] Determined hmmpress version is 3.1
[15:31:14] Looking for 'hmmscan' - found /usr/local/bin/hmmscan
[15:31:14] Determined hmmscan version is 3.1
[15:31:14] Looking for 'java' - found /usr/bin/java
[15:31:14] Looking for 'less' - found /usr/bin/less
[15:31:14] Looking for 'makeblastdb' - found /usr/bin/makeblastdb
[15:31:14] Determined makeblastdb version is 2.2
[15:31:14] Looking for 'minced' - found /home/christian/install/prokka/bin/../binaries/linux/../common/minced
[15:31:14] Determined minced version is 2.0
[15:31:14] Looking for 'parallel' - found /usr/bin/parallel
[15:31:14] Determined parallel version is 20141022
[15:31:14] Looking for 'prodigal' - found /usr/local/bin/prodigal
[15:31:14] Determined prodigal version is 2.6
[15:31:14] Looking for 'prokka-genbank_to_fasta_db' - found /home/christian/install/prokka/bin/prokka-genbank_to_fasta_db
[15:31:14] Looking for 'sed' - found /bin/sed
[15:31:14] Looking for 'tbl2asn' - found /home/christian/install/prokka/bin/../binaries/linux/tbl2asn
[15:31:14] Determined tbl2asn version is 25.6
[15:31:14] Using genetic code table 11.
[15:31:14] Loading and checking input file: plasmid_files_fasta/KY689238.1.fasta
[15:31:14] Wrote 1 contigs totalling 85874 bp.
[15:31:14] Predicting tRNAs and tmRNAs
[15:31:14] Running: aragorn -l -gc11  -w plasmid_files_fasta\/KY689238\.1_results\/PROKKA_10092018\.fna
[15:31:14] Found 0 tRNAs
[15:31:14] Predicting Ribosomal RNAs
[15:31:14] You need either Barrnap or RNAmmer installed to predict rRNAs!
[15:31:14] Skipping ncRNA search, enable with --rfam if desired.
[15:31:14] Total of 0 tRNA + rRNA features
[15:31:14] Searching for CRISPR repeats
[15:31:14] Found 0 CRISPRs
[15:31:14] Predicting coding sequences
[15:31:14] Contigs total 85874 bp, so using meta mode
[15:31:14] Running: prodigal -i plasmid_files_fasta\/KY689238\.1_results\/PROKKA_10092018\.fna -c -m -g 11 -p meta -f sco -q
[15:31:15] Found 112 CDS
[15:31:15] Connecting features back to sequences
[15:31:15] Not using genus-specific database. Try --usegenus to enable it.
[15:31:15] Annotating CDS, please be patient.
[15:31:15] Will use 20 CPUs for similarity searching.
[15:31:15] There are still 112 unannotated CDS left (started with 112)
[15:31:15] Will use blast to search against /home/christian/install/prokka/db/kingdom/Bacteria/sprot with 20 CPUs
[15:31:15] Running: cat plasmid_files_fasta\/KY689238\.1_results\/sprot\.faa | parallel --gnu --plain -j 20 --block 577 --recstart '>' --pipe blastp -query - -db /home/christian/install/prokka/db/kingdom/Bacteria/sprot -evalue 1e-06 -num_threads 1 -num_descriptions 1 -num_alignments 1 -seg no > plasmid_files_fasta\/KY689238\.1_results\/sprot\.blast 2> /dev/null
[15:31:16] Modify product: UPF0401 protein YkfF => hypothetical protein
[15:31:16] Modify product: UPF0401 protein YkfF => hypothetical protein
[15:31:16] Modify product: Uncharacterized signaling protein PA1727 => putative signaling protein
[15:31:16] Cleaned 3 /product names
[15:31:16] Deleting unwanted file: plasmid_files_fasta/KY689238.1_results/sprot.faa
[15:31:16] Deleting unwanted file: plasmid_files_fasta/KY689238.1_results/sprot.blast
[15:31:16] There are still 60 unannotated CDS left (started with 112)
[15:31:16] Will use hmmer3 to search against /home/christian/install/prokka/db/hmm/HAMAP.hmm with 20 CPUs
[15:31:16] Running: cat plasmid_files_fasta\/KY689238\.1_results\/HAMAP\.hmm\.faa | parallel --gnu --plain -j 20 --block 283 --recstart '>' --pipe hmmscan --noali --notextw --acc -E 1e-06 --cpu 1 /home/christian/install/prokka/db/hmm/HAMAP.hmm /dev/stdin > plasmid_files_fasta\/KY689238\.1_results\/HAMAP\.hmm\.hmmer3 2> /dev/null
[15:31:17] Deleting unwanted file: plasmid_files_fasta/KY689238.1_results/HAMAP.hmm.faa
[15:31:17] Deleting unwanted file: plasmid_files_fasta/KY689238.1_results/HAMAP.hmm.hmmer3
[15:31:17] Labelling remaining 58 proteins as 'hypothetical protein'
[15:31:17] Possible /pseudo 'Protein UmuC' at KY689238.1 position 5200
[15:31:17] Possible /pseudo '3-oxo-tetronate kinase' at KY689238.1 position 53055
[15:31:17] Found 39 unique /gene codes.
[15:31:17] Fixed 2 duplicate /gene - bla_1 bla_2
[15:31:17] Fixed 2 duplicate /gene - spo0C_1 spo0C_2
[15:31:17] Fixed 2 duplicate /gene - umuD_1 umuD_2
[15:31:17] Fixed 2 duplicate /gene - psiB_1 psiB_2
[15:31:17] Fixed 2 duplicate /gene - virB_1 virB_2
[15:31:17] Fixed 2 duplicate /gene - yhdJ_1 yhdJ_2
[15:31:17] Fixed 2 duplicate /gene - parA_1 parA_2
[15:31:17] Fixed 2 duplicate /gene - klcA_1 klcA_2
[15:31:17] Fixed 2 duplicate /gene - holE_1 holE_2
[15:31:17] Fixed 3 duplicate /gene - umuC_1 umuC_2 umuC_3
[15:31:17] Fixed 2 duplicate /gene - otnK_1 otnK_2
[15:31:17] Fixed 11 colliding /gene names.
[15:31:17] Adding /locus_tag identifiers
[15:31:17] Assigned 112 locus_tags to CDS and RNA features.
[15:31:17] Writing outputs to plasmid_files_fasta/KY689238.1_results/
[15:31:17] Generating annotation statistics file
[15:31:17] Generating Genbank and Sequin files
[15:31:17] Running: tbl2asn -V b -a r10k -l paired-ends -M n -N 1 -y 'Annotated using prokka 1.14-dev from https://github.com/tseemann/prokka' -Z plasmid_files_fasta\/KY689238\.1_results\/PROKKA_10092018\.err -i plasmid_files_fasta\/KY689238\.1_results\/PROKKA_10092018\.fsa 2> /dev/null
[15:31:17] Deleting unwanted file: plasmid_files_fasta/KY689238.1_results/errorsummary.val
[15:31:17] Deleting unwanted file: plasmid_files_fasta/KY689238.1_results/PROKKA_10092018.dr
[15:31:17] Deleting unwanted file: plasmid_files_fasta/KY689238.1_results/PROKKA_10092018.fixedproducts
[15:31:17] Deleting unwanted file: plasmid_files_fasta/KY689238.1_results/PROKKA_10092018.ecn
[15:31:17] Deleting unwanted file: plasmid_files_fasta/KY689238.1_results/PROKKA_10092018.val
[15:31:17] Repairing broken .GBK output that tbl2asn produces...
[15:31:17] Running: sed 's/COORDINATES: profile/COORDINATES:profile/' < plasmid_files_fasta\/KY689238\.1_results\/PROKKA_10092018\.gbf > plasmid_files_fasta\/KY689238\.1_results\/PROKKA_10092018\.gbk
[15:31:17] Deleting unwanted file: plasmid_files_fasta/KY689238.1_results/PROKKA_10092018.gbf
[15:31:17] Output files:
[15:31:17] plasmid_files_fasta/KY689238.1_results/PROKKA_10092018.ffn
[15:31:17] plasmid_files_fasta/KY689238.1_results/PROKKA_10092018.tbl
[15:31:17] plasmid_files_fasta/KY689238.1_results/PROKKA_10092018.log
[15:31:17] plasmid_files_fasta/KY689238.1_results/PROKKA_10092018.fna
[15:31:17] plasmid_files_fasta/KY689238.1_results/PROKKA_10092018.fsa
[15:31:17] plasmid_files_fasta/KY689238.1_results/PROKKA_10092018.tsv
[15:31:17] plasmid_files_fasta/KY689238.1_results/PROKKA_10092018.faa
[15:31:17] plasmid_files_fasta/KY689238.1_results/PROKKA_10092018.gbk
[15:31:17] plasmid_files_fasta/KY689238.1_results/PROKKA_10092018.sqn
[15:31:17] plasmid_files_fasta/KY689238.1_results/PROKKA_10092018.err
[15:31:17] plasmid_files_fasta/KY689238.1_results/PROKKA_10092018.txt
[15:31:17] plasmid_files_fasta/KY689238.1_results/PROKKA_10092018.gff
[15:31:17] Annotation finished successfully.
[15:31:17] Walltime used: 0.05 minutes
[15:31:17] If you use this result please cite the Prokka paper:
[15:31:17] Seemann T (2014) Prokka: rapid prokaryotic genome annotation. Bioinformatics. 30(14):2068-9.
[15:31:17] Type 'prokka --citation' for more details.
[15:31:17] Share and enjoy!
