[15:20:41] This is prokka 1.14-dev
[15:20:41] Written by Torsten Seemann <torsten.seemann@gmail.com>
[15:20:41] Homepage is https://github.com/tseemann/prokka
[15:20:41] Local time is Tue Oct  9 15:20:41 2018
[15:20:41] You are christian
[15:20:41] Operating system is linux
[15:20:41] You have BioPerl 1.007002
[15:20:41] System has 20 cores.
[15:20:41] Will use maximum of 20 cores.
[15:20:41] Annotating as >>> Bacteria <<<
[15:20:41] Generating locus_tag from 'plasmid_files_fasta/CP025144.1.fasta' contents.
[15:20:41] Setting --locustag OIBDKGIC from MD5 82bd402cdcce678c17f5c2621f62e15d
[15:20:41] Creating new output folder: plasmid_files_fasta/CP025144.1_results
[15:20:41] Running: mkdir -p plasmid_files_fasta\/CP025144\.1_results
[15:20:41] Using filename prefix: PROKKA_10092018.XXX
[15:20:41] Setting HMMER_NCPU=1
[15:20:41] Writing log to: plasmid_files_fasta/CP025144.1_results/PROKKA_10092018.log
[15:20:41] Command: /home/christian/install/prokka/bin/prokka plasmid_files_fasta/CP025144.1.fasta --outdir plasmid_files_fasta/CP025144.1_results --cpus 20 --force
[15:20:41] Appending to PATH: /home/christian/install/prokka/bin/../binaries/linux
[15:20:41] Appending to PATH: /home/christian/install/prokka/bin/../binaries/linux/../common
[15:20:41] Appending to PATH: /home/christian/install/prokka/bin
[15:20:41] Looking for 'aragorn' - found /home/christian/install/prokka/bin/../binaries/linux/aragorn
[15:20:41] Determined aragorn version is 1.2
[15:20:41] Looking for 'blastp' - found /usr/bin/blastp
[15:20:41] Determined blastp version is 2.2
[15:20:41] Looking for 'cmpress' - found /usr/local/bin/cmpress
[15:20:41] Determined cmpress version is 1.1
[15:20:41] Looking for 'cmscan' - found /usr/local/bin/cmscan
[15:20:41] Determined cmscan version is 1.1
[15:20:41] Looking for 'egrep' - found /bin/egrep
[15:20:41] Looking for 'find' - found /usr/bin/find
[15:20:41] Looking for 'grep' - found /bin/grep
[15:20:41] Looking for 'hmmpress' - found /usr/local/bin/hmmpress
[15:20:41] Determined hmmpress version is 3.1
[15:20:41] Looking for 'hmmscan' - found /usr/local/bin/hmmscan
[15:20:41] Determined hmmscan version is 3.1
[15:20:41] Looking for 'java' - found /usr/bin/java
[15:20:41] Looking for 'less' - found /usr/bin/less
[15:20:41] Looking for 'makeblastdb' - found /usr/bin/makeblastdb
[15:20:41] Determined makeblastdb version is 2.2
[15:20:41] Looking for 'minced' - found /home/christian/install/prokka/bin/../binaries/linux/../common/minced
[15:20:41] Determined minced version is 2.0
[15:20:41] Looking for 'parallel' - found /usr/bin/parallel
[15:20:41] Determined parallel version is 20141022
[15:20:41] Looking for 'prodigal' - found /usr/local/bin/prodigal
[15:20:41] Determined prodigal version is 2.6
[15:20:41] Looking for 'prokka-genbank_to_fasta_db' - found /home/christian/install/prokka/bin/prokka-genbank_to_fasta_db
[15:20:41] Looking for 'sed' - found /bin/sed
[15:20:41] Looking for 'tbl2asn' - found /home/christian/install/prokka/bin/../binaries/linux/tbl2asn
[15:20:41] Determined tbl2asn version is 25.6
[15:20:41] Using genetic code table 11.
[15:20:41] Loading and checking input file: plasmid_files_fasta/CP025144.1.fasta
[15:20:41] Wrote 1 contigs totalling 204123 bp.
[15:20:41] Predicting tRNAs and tmRNAs
[15:20:41] Running: aragorn -l -gc11  -w plasmid_files_fasta\/CP025144\.1_results\/PROKKA_10092018\.fna
[15:20:42] Found 0 tRNAs
[15:20:42] Predicting Ribosomal RNAs
[15:20:42] You need either Barrnap or RNAmmer installed to predict rRNAs!
[15:20:42] Skipping ncRNA search, enable with --rfam if desired.
[15:20:42] Total of 0 tRNA + rRNA features
[15:20:42] Searching for CRISPR repeats
[15:20:42] Found 0 CRISPRs
[15:20:42] Predicting coding sequences
[15:20:42] Contigs total 204123 bp, so using single mode
[15:20:42] Running: prodigal -i plasmid_files_fasta\/CP025144\.1_results\/PROKKA_10092018\.fna -c -m -g 11 -p single -f sco -q
[15:20:42] Found 261 CDS
[15:20:42] Connecting features back to sequences
[15:20:42] Not using genus-specific database. Try --usegenus to enable it.
[15:20:42] Annotating CDS, please be patient.
[15:20:42] Will use 20 CPUs for similarity searching.
[15:20:42] There are still 261 unannotated CDS left (started with 261)
[15:20:42] Will use blast to search against /home/christian/install/prokka/db/kingdom/Bacteria/sprot with 20 CPUs
[15:20:42] Running: cat plasmid_files_fasta\/CP025144\.1_results\/sprot\.faa | parallel --gnu --plain -j 20 --block 1576 --recstart '>' --pipe blastp -query - -db /home/christian/install/prokka/db/kingdom/Bacteria/sprot -evalue 1e-06 -num_threads 1 -num_descriptions 1 -num_alignments 1 -seg no > plasmid_files_fasta\/CP025144\.1_results\/sprot\.blast 2> /dev/null
[15:20:44] Modify product: Uncharacterized signaling protein PA1727 => putative signaling protein
[15:20:44] Modify product: Prophage tail fiber assembly protein homolog TfaE => Prophage tail fiber assembly protein TfaE
[15:20:44] Modify product: Prophage tail fiber assembly protein homolog TfaE => Prophage tail fiber assembly protein TfaE
[15:20:44] Modify product: Uncharacterized protein YcbX => putative protein YcbX
[15:20:44] Modify product: Probable BsuMI modification methylase subunit YdiO => putative BsuMI modification methylase subunit YdiO
[15:20:44] Cleaned 5 /product names
[15:20:44] Deleting unwanted file: plasmid_files_fasta/CP025144.1_results/sprot.faa
[15:20:44] Deleting unwanted file: plasmid_files_fasta/CP025144.1_results/sprot.blast
[15:20:44] There are still 204 unannotated CDS left (started with 261)
[15:20:44] Will use hmmer3 to search against /home/christian/install/prokka/db/hmm/HAMAP.hmm with 20 CPUs
[15:20:44] Running: cat plasmid_files_fasta\/CP025144\.1_results\/HAMAP\.hmm\.faa | parallel --gnu --plain -j 20 --block 1146 --recstart '>' --pipe hmmscan --noali --notextw --acc -E 1e-06 --cpu 1 /home/christian/install/prokka/db/hmm/HAMAP.hmm /dev/stdin > plasmid_files_fasta\/CP025144\.1_results\/HAMAP\.hmm\.hmmer3 2> /dev/null
[15:20:45] Deleting unwanted file: plasmid_files_fasta/CP025144.1_results/HAMAP.hmm.faa
[15:20:45] Deleting unwanted file: plasmid_files_fasta/CP025144.1_results/HAMAP.hmm.hmmer3
[15:20:45] Labelling remaining 199 proteins as 'hypothetical protein'
[15:20:45] Possible /pseudo 'Prophage tail fiber assembly protein TfaE' at CP025144.1 position 16703
[15:20:45] Found 46 unique /gene codes.
[15:20:45] Fixed 2 duplicate /gene - merA_1 merA_2
[15:20:45] Fixed 2 duplicate /gene - bla_1 bla_2
[15:20:45] Fixed 2 duplicate /gene - hin_1 hin_2
[15:20:45] Fixed 2 duplicate /gene - tfaE_1 tfaE_2
[15:20:45] Fixed 2 duplicate /gene - merR_1 merR_2
[15:20:45] Fixed 2 duplicate /gene - merC_1 merC_2
[15:20:45] Fixed 2 duplicate /gene - merP_1 merP_2
[15:20:45] Fixed 2 duplicate /gene - smc_1 smc_2
[15:20:45] Fixed 2 duplicate /gene - merT_1 merT_2
[15:20:45] Fixed 3 duplicate /gene - xerD_1 xerD_2 xerD_3
[15:20:45] Fixed 2 duplicate /gene - folP_1 folP_2
[15:20:45] Fixed 11 colliding /gene names.
[15:20:45] Adding /locus_tag identifiers
[15:20:45] Assigned 261 locus_tags to CDS and RNA features.
[15:20:45] Writing outputs to plasmid_files_fasta/CP025144.1_results/
[15:20:45] Generating annotation statistics file
[15:20:45] Generating Genbank and Sequin files
[15:20:45] Running: tbl2asn -V b -a r10k -l paired-ends -M n -N 1 -y 'Annotated using prokka 1.14-dev from https://github.com/tseemann/prokka' -Z plasmid_files_fasta\/CP025144\.1_results\/PROKKA_10092018\.err -i plasmid_files_fasta\/CP025144\.1_results\/PROKKA_10092018\.fsa 2> /dev/null
[15:20:45] Deleting unwanted file: plasmid_files_fasta/CP025144.1_results/errorsummary.val
[15:20:45] Deleting unwanted file: plasmid_files_fasta/CP025144.1_results/PROKKA_10092018.dr
[15:20:45] Deleting unwanted file: plasmid_files_fasta/CP025144.1_results/PROKKA_10092018.fixedproducts
[15:20:45] Deleting unwanted file: plasmid_files_fasta/CP025144.1_results/PROKKA_10092018.ecn
[15:20:45] Deleting unwanted file: plasmid_files_fasta/CP025144.1_results/PROKKA_10092018.val
[15:20:45] Repairing broken .GBK output that tbl2asn produces...
[15:20:45] Running: sed 's/COORDINATES: profile/COORDINATES:profile/' < plasmid_files_fasta\/CP025144\.1_results\/PROKKA_10092018\.gbf > plasmid_files_fasta\/CP025144\.1_results\/PROKKA_10092018\.gbk
[15:20:46] Deleting unwanted file: plasmid_files_fasta/CP025144.1_results/PROKKA_10092018.gbf
[15:20:46] Output files:
[15:20:46] plasmid_files_fasta/CP025144.1_results/PROKKA_10092018.ffn
[15:20:46] plasmid_files_fasta/CP025144.1_results/PROKKA_10092018.tbl
[15:20:46] plasmid_files_fasta/CP025144.1_results/PROKKA_10092018.log
[15:20:46] plasmid_files_fasta/CP025144.1_results/PROKKA_10092018.fna
[15:20:46] plasmid_files_fasta/CP025144.1_results/PROKKA_10092018.fsa
[15:20:46] plasmid_files_fasta/CP025144.1_results/PROKKA_10092018.tsv
[15:20:46] plasmid_files_fasta/CP025144.1_results/PROKKA_10092018.faa
[15:20:46] plasmid_files_fasta/CP025144.1_results/PROKKA_10092018.gbk
[15:20:46] plasmid_files_fasta/CP025144.1_results/PROKKA_10092018.sqn
[15:20:46] plasmid_files_fasta/CP025144.1_results/PROKKA_10092018.err
[15:20:46] plasmid_files_fasta/CP025144.1_results/PROKKA_10092018.txt
[15:20:46] plasmid_files_fasta/CP025144.1_results/PROKKA_10092018.gff
[15:20:46] Annotation finished successfully.
[15:20:46] Walltime used: 0.08 minutes
[15:20:46] If you use this result please cite the Prokka paper:
[15:20:46] Seemann T (2014) Prokka: rapid prokaryotic genome annotation. Bioinformatics. 30(14):2068-9.
[15:20:46] Type 'prokka --citation' for more details.
[15:20:46] Share and enjoy!
