[15:23:23] This is prokka 1.14-dev
[15:23:23] Written by Torsten Seemann <torsten.seemann@gmail.com>
[15:23:23] Homepage is https://github.com/tseemann/prokka
[15:23:23] Local time is Tue Oct  9 15:23:23 2018
[15:23:23] You are christian
[15:23:23] Operating system is linux
[15:23:23] You have BioPerl 1.007002
[15:23:23] System has 20 cores.
[15:23:23] Will use maximum of 20 cores.
[15:23:23] Annotating as >>> Bacteria <<<
[15:23:23] Generating locus_tag from 'plasmid_files_fasta/CP028389.2.fasta' contents.
[15:23:23] Setting --locustag LMPICBBL from MD5 5692cbb50d29efa2f347e5958dd82d5f
[15:23:23] Creating new output folder: plasmid_files_fasta/CP028389.2_results
[15:23:23] Running: mkdir -p plasmid_files_fasta\/CP028389\.2_results
[15:23:23] Using filename prefix: PROKKA_10092018.XXX
[15:23:23] Setting HMMER_NCPU=1
[15:23:23] Writing log to: plasmid_files_fasta/CP028389.2_results/PROKKA_10092018.log
[15:23:23] Command: /home/christian/install/prokka/bin/prokka plasmid_files_fasta/CP028389.2.fasta --outdir plasmid_files_fasta/CP028389.2_results --cpus 20 --force
[15:23:23] Appending to PATH: /home/christian/install/prokka/bin/../binaries/linux
[15:23:23] Appending to PATH: /home/christian/install/prokka/bin/../binaries/linux/../common
[15:23:23] Appending to PATH: /home/christian/install/prokka/bin
[15:23:23] Looking for 'aragorn' - found /home/christian/install/prokka/bin/../binaries/linux/aragorn
[15:23:23] Determined aragorn version is 1.2
[15:23:23] Looking for 'blastp' - found /usr/bin/blastp
[15:23:23] Determined blastp version is 2.2
[15:23:23] Looking for 'cmpress' - found /usr/local/bin/cmpress
[15:23:23] Determined cmpress version is 1.1
[15:23:23] Looking for 'cmscan' - found /usr/local/bin/cmscan
[15:23:23] Determined cmscan version is 1.1
[15:23:23] Looking for 'egrep' - found /bin/egrep
[15:23:23] Looking for 'find' - found /usr/bin/find
[15:23:23] Looking for 'grep' - found /bin/grep
[15:23:23] Looking for 'hmmpress' - found /usr/local/bin/hmmpress
[15:23:23] Determined hmmpress version is 3.1
[15:23:23] Looking for 'hmmscan' - found /usr/local/bin/hmmscan
[15:23:23] Determined hmmscan version is 3.1
[15:23:23] Looking for 'java' - found /usr/bin/java
[15:23:23] Looking for 'less' - found /usr/bin/less
[15:23:23] Looking for 'makeblastdb' - found /usr/bin/makeblastdb
[15:23:23] Determined makeblastdb version is 2.2
[15:23:23] Looking for 'minced' - found /home/christian/install/prokka/bin/../binaries/linux/../common/minced
[15:23:23] Determined minced version is 2.0
[15:23:23] Looking for 'parallel' - found /usr/bin/parallel
[15:23:23] Determined parallel version is 20141022
[15:23:23] Looking for 'prodigal' - found /usr/local/bin/prodigal
[15:23:23] Determined prodigal version is 2.6
[15:23:23] Looking for 'prokka-genbank_to_fasta_db' - found /home/christian/install/prokka/bin/prokka-genbank_to_fasta_db
[15:23:23] Looking for 'sed' - found /bin/sed
[15:23:23] Looking for 'tbl2asn' - found /home/christian/install/prokka/bin/../binaries/linux/tbl2asn
[15:23:23] Determined tbl2asn version is 25.6
[15:23:23] Using genetic code table 11.
[15:23:23] Loading and checking input file: plasmid_files_fasta/CP028389.2.fasta
[15:23:23] Wrote 1 contigs totalling 166034 bp.
[15:23:23] Predicting tRNAs and tmRNAs
[15:23:23] Running: aragorn -l -gc11  -w plasmid_files_fasta\/CP028389\.2_results\/PROKKA_10092018\.fna
[15:23:24] Found 0 tRNAs
[15:23:24] Predicting Ribosomal RNAs
[15:23:24] You need either Barrnap or RNAmmer installed to predict rRNAs!
[15:23:24] Skipping ncRNA search, enable with --rfam if desired.
[15:23:24] Total of 0 tRNA + rRNA features
[15:23:24] Searching for CRISPR repeats
[15:23:24] Found 0 CRISPRs
[15:23:24] Predicting coding sequences
[15:23:24] Contigs total 166034 bp, so using single mode
[15:23:24] Running: prodigal -i plasmid_files_fasta\/CP028389\.2_results\/PROKKA_10092018\.fna -c -m -g 11 -p single -f sco -q
[15:23:24] Found 206 CDS
[15:23:24] Connecting features back to sequences
[15:23:24] Not using genus-specific database. Try --usegenus to enable it.
[15:23:24] Annotating CDS, please be patient.
[15:23:24] Will use 20 CPUs for similarity searching.
[15:23:24] There are still 206 unannotated CDS left (started with 206)
[15:23:24] Will use blast to search against /home/christian/install/prokka/db/kingdom/Bacteria/sprot with 20 CPUs
[15:23:24] Running: cat plasmid_files_fasta\/CP028389\.2_results\/sprot\.faa | parallel --gnu --plain -j 20 --block 1163 --recstart '>' --pipe blastp -query - -db /home/christian/install/prokka/db/kingdom/Bacteria/sprot -evalue 1e-06 -num_threads 1 -num_descriptions 1 -num_alignments 1 -seg no > plasmid_files_fasta\/CP028389\.2_results\/sprot\.blast 2> /dev/null
[15:23:25] Modify product: Pentapeptide repeat protein VPA0095 => Pentapeptide repeat protein
[15:23:25] Modify product: Probable multidrug-efflux transporter Rv1258c => putative multidrug-efflux transporter
[15:23:25] Modify product: Putative conjugal transfer protein Rv3659c => Putative conjugal transfer protein
[15:23:25] Modify product: UPF0401 protein YkfF => hypothetical protein
[15:23:25] Cleaned 4 /product names
[15:23:25] Deleting unwanted file: plasmid_files_fasta/CP028389.2_results/sprot.faa
[15:23:25] Deleting unwanted file: plasmid_files_fasta/CP028389.2_results/sprot.blast
[15:23:25] There are still 141 unannotated CDS left (started with 206)
[15:23:25] Will use hmmer3 to search against /home/christian/install/prokka/db/hmm/HAMAP.hmm with 20 CPUs
[15:23:25] Running: cat plasmid_files_fasta\/CP028389\.2_results\/HAMAP\.hmm\.faa | parallel --gnu --plain -j 20 --block 710 --recstart '>' --pipe hmmscan --noali --notextw --acc -E 1e-06 --cpu 1 /home/christian/install/prokka/db/hmm/HAMAP.hmm /dev/stdin > plasmid_files_fasta\/CP028389\.2_results\/HAMAP\.hmm\.hmmer3 2> /dev/null
[15:23:26] Deleting unwanted file: plasmid_files_fasta/CP028389.2_results/HAMAP.hmm.faa
[15:23:26] Deleting unwanted file: plasmid_files_fasta/CP028389.2_results/HAMAP.hmm.hmmer3
[15:23:26] Labelling remaining 141 proteins as 'hypothetical protein'
[15:23:26] Found 51 unique /gene codes.
[15:23:26] Fixed 2 duplicate /gene - klcA_1 klcA_2
[15:23:26] Fixed 3 duplicate /gene - xerD_1 xerD_2 xerD_3
[15:23:26] Fixed 2 duplicate /gene - neo_1 neo_2
[15:23:26] Fixed 2 duplicate /gene - umuC_1 umuC_2
[15:23:26] Fixed 2 duplicate /gene - repA_1 repA_2
[15:23:26] Fixed 2 duplicate /gene - bla_1 bla_2
[15:23:26] Fixed 3 duplicate /gene - folP_1 folP_2 folP_3
[15:23:26] Fixed 2 duplicate /gene - higA1_1 higA1_2
[15:23:26] Fixed 8 colliding /gene names.
[15:23:26] Adding /locus_tag identifiers
[15:23:26] Assigned 206 locus_tags to CDS and RNA features.
[15:23:26] Writing outputs to plasmid_files_fasta/CP028389.2_results/
[15:23:26] Generating annotation statistics file
[15:23:26] Generating Genbank and Sequin files
[15:23:26] Running: tbl2asn -V b -a r10k -l paired-ends -M n -N 1 -y 'Annotated using prokka 1.14-dev from https://github.com/tseemann/prokka' -Z plasmid_files_fasta\/CP028389\.2_results\/PROKKA_10092018\.err -i plasmid_files_fasta\/CP028389\.2_results\/PROKKA_10092018\.fsa 2> /dev/null
[15:23:27] Deleting unwanted file: plasmid_files_fasta/CP028389.2_results/errorsummary.val
[15:23:27] Deleting unwanted file: plasmid_files_fasta/CP028389.2_results/PROKKA_10092018.dr
[15:23:27] Deleting unwanted file: plasmid_files_fasta/CP028389.2_results/PROKKA_10092018.fixedproducts
[15:23:27] Deleting unwanted file: plasmid_files_fasta/CP028389.2_results/PROKKA_10092018.ecn
[15:23:27] Deleting unwanted file: plasmid_files_fasta/CP028389.2_results/PROKKA_10092018.val
[15:23:27] Repairing broken .GBK output that tbl2asn produces...
[15:23:27] Running: sed 's/COORDINATES: profile/COORDINATES:profile/' < plasmid_files_fasta\/CP028389\.2_results\/PROKKA_10092018\.gbf > plasmid_files_fasta\/CP028389\.2_results\/PROKKA_10092018\.gbk
[15:23:27] Deleting unwanted file: plasmid_files_fasta/CP028389.2_results/PROKKA_10092018.gbf
[15:23:27] Output files:
[15:23:27] plasmid_files_fasta/CP028389.2_results/PROKKA_10092018.ffn
[15:23:27] plasmid_files_fasta/CP028389.2_results/PROKKA_10092018.tbl
[15:23:27] plasmid_files_fasta/CP028389.2_results/PROKKA_10092018.log
[15:23:27] plasmid_files_fasta/CP028389.2_results/PROKKA_10092018.fna
[15:23:27] plasmid_files_fasta/CP028389.2_results/PROKKA_10092018.fsa
[15:23:27] plasmid_files_fasta/CP028389.2_results/PROKKA_10092018.tsv
[15:23:27] plasmid_files_fasta/CP028389.2_results/PROKKA_10092018.faa
[15:23:27] plasmid_files_fasta/CP028389.2_results/PROKKA_10092018.gbk
[15:23:27] plasmid_files_fasta/CP028389.2_results/PROKKA_10092018.sqn
[15:23:27] plasmid_files_fasta/CP028389.2_results/PROKKA_10092018.err
[15:23:27] plasmid_files_fasta/CP028389.2_results/PROKKA_10092018.txt
[15:23:27] plasmid_files_fasta/CP028389.2_results/PROKKA_10092018.gff
[15:23:27] Annotation finished successfully.
[15:23:27] Walltime used: 0.07 minutes
[15:23:27] If you use this result please cite the Prokka paper:
[15:23:27] Seemann T (2014) Prokka: rapid prokaryotic genome annotation. Bioinformatics. 30(14):2068-9.
[15:23:27] Type 'prokka --citation' for more details.
[15:23:27] Thank you, come again.
