[15:18:25] This is prokka 1.14-dev
[15:18:25] Written by Torsten Seemann <torsten.seemann@gmail.com>
[15:18:25] Homepage is https://github.com/tseemann/prokka
[15:18:25] Local time is Tue Oct  9 15:18:25 2018
[15:18:25] You are christian
[15:18:25] Operating system is linux
[15:18:25] You have BioPerl 1.007002
[15:18:25] System has 20 cores.
[15:18:25] Will use maximum of 20 cores.
[15:18:25] Annotating as >>> Bacteria <<<
[15:18:25] Generating locus_tag from 'plasmid_files_fasta/CP021716.1.fasta' contents.
[15:18:25] Setting --locustag ECAEAFFA from MD5 ecaeaffa1c2f5a98295b40023f546caa
[15:18:25] Creating new output folder: plasmid_files_fasta/CP021716.1_results
[15:18:25] Running: mkdir -p plasmid_files_fasta\/CP021716\.1_results
[15:18:25] Using filename prefix: PROKKA_10092018.XXX
[15:18:25] Setting HMMER_NCPU=1
[15:18:25] Writing log to: plasmid_files_fasta/CP021716.1_results/PROKKA_10092018.log
[15:18:25] Command: /home/christian/install/prokka/bin/prokka plasmid_files_fasta/CP021716.1.fasta --outdir plasmid_files_fasta/CP021716.1_results --cpus 20 --force
[15:18:25] Appending to PATH: /home/christian/install/prokka/bin/../binaries/linux
[15:18:25] Appending to PATH: /home/christian/install/prokka/bin/../binaries/linux/../common
[15:18:25] Appending to PATH: /home/christian/install/prokka/bin
[15:18:25] Looking for 'aragorn' - found /home/christian/install/prokka/bin/../binaries/linux/aragorn
[15:18:25] Determined aragorn version is 1.2
[15:18:25] Looking for 'blastp' - found /usr/bin/blastp
[15:18:25] Determined blastp version is 2.2
[15:18:25] Looking for 'cmpress' - found /usr/local/bin/cmpress
[15:18:25] Determined cmpress version is 1.1
[15:18:25] Looking for 'cmscan' - found /usr/local/bin/cmscan
[15:18:25] Determined cmscan version is 1.1
[15:18:25] Looking for 'egrep' - found /bin/egrep
[15:18:25] Looking for 'find' - found /usr/bin/find
[15:18:25] Looking for 'grep' - found /bin/grep
[15:18:25] Looking for 'hmmpress' - found /usr/local/bin/hmmpress
[15:18:25] Determined hmmpress version is 3.1
[15:18:25] Looking for 'hmmscan' - found /usr/local/bin/hmmscan
[15:18:25] Determined hmmscan version is 3.1
[15:18:25] Looking for 'java' - found /usr/bin/java
[15:18:25] Looking for 'less' - found /usr/bin/less
[15:18:25] Looking for 'makeblastdb' - found /usr/bin/makeblastdb
[15:18:25] Determined makeblastdb version is 2.2
[15:18:25] Looking for 'minced' - found /home/christian/install/prokka/bin/../binaries/linux/../common/minced
[15:18:25] Determined minced version is 2.0
[15:18:25] Looking for 'parallel' - found /usr/bin/parallel
[15:18:25] Determined parallel version is 20141022
[15:18:25] Looking for 'prodigal' - found /usr/local/bin/prodigal
[15:18:25] Determined prodigal version is 2.6
[15:18:25] Looking for 'prokka-genbank_to_fasta_db' - found /home/christian/install/prokka/bin/prokka-genbank_to_fasta_db
[15:18:25] Looking for 'sed' - found /bin/sed
[15:18:25] Looking for 'tbl2asn' - found /home/christian/install/prokka/bin/../binaries/linux/tbl2asn
[15:18:25] Determined tbl2asn version is 25.6
[15:18:25] Using genetic code table 11.
[15:18:25] Loading and checking input file: plasmid_files_fasta/CP021716.1.fasta
[15:18:25] Wrote 1 contigs totalling 43500 bp.
[15:18:25] Predicting tRNAs and tmRNAs
[15:18:25] Running: aragorn -l -gc11  -w plasmid_files_fasta\/CP021716\.1_results\/PROKKA_10092018\.fna
[15:18:25] Found 0 tRNAs
[15:18:25] Predicting Ribosomal RNAs
[15:18:25] You need either Barrnap or RNAmmer installed to predict rRNAs!
[15:18:25] Skipping ncRNA search, enable with --rfam if desired.
[15:18:25] Total of 0 tRNA + rRNA features
[15:18:25] Searching for CRISPR repeats
[15:18:25] Found 0 CRISPRs
[15:18:25] Predicting coding sequences
[15:18:25] Contigs total 43500 bp, so using meta mode
[15:18:25] Running: prodigal -i plasmid_files_fasta\/CP021716\.1_results\/PROKKA_10092018\.fna -c -m -g 11 -p meta -f sco -q
[15:18:26] Found 48 CDS
[15:18:26] Connecting features back to sequences
[15:18:26] Not using genus-specific database. Try --usegenus to enable it.
[15:18:26] Annotating CDS, please be patient.
[15:18:26] Will use 20 CPUs for similarity searching.
[15:18:26] There are still 48 unannotated CDS left (started with 48)
[15:18:26] Will use blast to search against /home/christian/install/prokka/db/kingdom/Bacteria/sprot with 20 CPUs
[15:18:26] Running: cat plasmid_files_fasta\/CP021716\.1_results\/sprot\.faa | parallel --gnu --plain -j 20 --block 306 --recstart '>' --pipe blastp -query - -db /home/christian/install/prokka/db/kingdom/Bacteria/sprot -evalue 1e-06 -num_threads 1 -num_descriptions 1 -num_alignments 1 -seg no > plasmid_files_fasta\/CP021716\.1_results\/sprot\.blast 2> /dev/null
[15:18:26] Deleting unwanted file: plasmid_files_fasta/CP021716.1_results/sprot.faa
[15:18:26] Deleting unwanted file: plasmid_files_fasta/CP021716.1_results/sprot.blast
[15:18:26] There are still 37 unannotated CDS left (started with 48)
[15:18:26] Will use hmmer3 to search against /home/christian/install/prokka/db/hmm/HAMAP.hmm with 20 CPUs
[15:18:26] Running: cat plasmid_files_fasta\/CP021716\.1_results\/HAMAP\.hmm\.faa | parallel --gnu --plain -j 20 --block 216 --recstart '>' --pipe hmmscan --noali --notextw --acc -E 1e-06 --cpu 1 /home/christian/install/prokka/db/hmm/HAMAP.hmm /dev/stdin > plasmid_files_fasta\/CP021716\.1_results\/HAMAP\.hmm\.hmmer3 2> /dev/null
[15:18:27] Deleting unwanted file: plasmid_files_fasta/CP021716.1_results/HAMAP.hmm.faa
[15:18:27] Deleting unwanted file: plasmid_files_fasta/CP021716.1_results/HAMAP.hmm.hmmer3
[15:18:27] Labelling remaining 37 proteins as 'hypothetical protein'
[15:18:27] Found 8 unique /gene codes.
[15:18:27] Fixed 2 duplicate /gene - xerD_1 xerD_2
[15:18:27] Fixed 1 colliding /gene names.
[15:18:27] Adding /locus_tag identifiers
[15:18:27] Assigned 48 locus_tags to CDS and RNA features.
[15:18:27] Writing outputs to plasmid_files_fasta/CP021716.1_results/
[15:18:27] Generating annotation statistics file
[15:18:27] Generating Genbank and Sequin files
[15:18:27] Running: tbl2asn -V b -a r10k -l paired-ends -M n -N 1 -y 'Annotated using prokka 1.14-dev from https://github.com/tseemann/prokka' -Z plasmid_files_fasta\/CP021716\.1_results\/PROKKA_10092018\.err -i plasmid_files_fasta\/CP021716\.1_results\/PROKKA_10092018\.fsa 2> /dev/null
[15:18:27] Deleting unwanted file: plasmid_files_fasta/CP021716.1_results/errorsummary.val
[15:18:27] Deleting unwanted file: plasmid_files_fasta/CP021716.1_results/PROKKA_10092018.dr
[15:18:27] Deleting unwanted file: plasmid_files_fasta/CP021716.1_results/PROKKA_10092018.fixedproducts
[15:18:27] Deleting unwanted file: plasmid_files_fasta/CP021716.1_results/PROKKA_10092018.ecn
[15:18:27] Deleting unwanted file: plasmid_files_fasta/CP021716.1_results/PROKKA_10092018.val
[15:18:27] Repairing broken .GBK output that tbl2asn produces...
[15:18:27] Running: sed 's/COORDINATES: profile/COORDINATES:profile/' < plasmid_files_fasta\/CP021716\.1_results\/PROKKA_10092018\.gbf > plasmid_files_fasta\/CP021716\.1_results\/PROKKA_10092018\.gbk
[15:18:27] Deleting unwanted file: plasmid_files_fasta/CP021716.1_results/PROKKA_10092018.gbf
[15:18:27] Output files:
[15:18:27] plasmid_files_fasta/CP021716.1_results/PROKKA_10092018.ffn
[15:18:27] plasmid_files_fasta/CP021716.1_results/PROKKA_10092018.tbl
[15:18:27] plasmid_files_fasta/CP021716.1_results/PROKKA_10092018.log
[15:18:27] plasmid_files_fasta/CP021716.1_results/PROKKA_10092018.fna
[15:18:27] plasmid_files_fasta/CP021716.1_results/PROKKA_10092018.fsa
[15:18:27] plasmid_files_fasta/CP021716.1_results/PROKKA_10092018.tsv
[15:18:27] plasmid_files_fasta/CP021716.1_results/PROKKA_10092018.faa
[15:18:27] plasmid_files_fasta/CP021716.1_results/PROKKA_10092018.gbk
[15:18:27] plasmid_files_fasta/CP021716.1_results/PROKKA_10092018.sqn
[15:18:27] plasmid_files_fasta/CP021716.1_results/PROKKA_10092018.err
[15:18:27] plasmid_files_fasta/CP021716.1_results/PROKKA_10092018.txt
[15:18:27] plasmid_files_fasta/CP021716.1_results/PROKKA_10092018.gff
[15:18:27] Annotation finished successfully.
[15:18:27] Walltime used: 0.03 minutes
[15:18:27] If you use this result please cite the Prokka paper:
[15:18:27] Seemann T (2014) Prokka: rapid prokaryotic genome annotation. Bioinformatics. 30(14):2068-9.
[15:18:27] Type 'prokka --citation' for more details.
[15:18:27] Thank you, come again.
