[15:30:56] This is prokka 1.14-dev
[15:30:56] Written by Torsten Seemann <torsten.seemann@gmail.com>
[15:30:56] Homepage is https://github.com/tseemann/prokka
[15:30:56] Local time is Tue Oct  9 15:30:56 2018
[15:30:56] You are christian
[15:30:56] Operating system is linux
[15:30:56] You have BioPerl 1.007002
[15:30:56] System has 20 cores.
[15:30:56] Will use maximum of 20 cores.
[15:30:56] Annotating as >>> Bacteria <<<
[15:30:56] Generating locus_tag from 'plasmid_files_fasta/KY296095.1.fasta' contents.
[15:30:56] Setting --locustag CDFDHNHC from MD5 cdfd171c57e0435ae149e8e49833723e
[15:30:56] Creating new output folder: plasmid_files_fasta/KY296095.1_results
[15:30:56] Running: mkdir -p plasmid_files_fasta\/KY296095\.1_results
[15:30:56] Using filename prefix: PROKKA_10092018.XXX
[15:30:56] Setting HMMER_NCPU=1
[15:30:56] Writing log to: plasmid_files_fasta/KY296095.1_results/PROKKA_10092018.log
[15:30:56] Command: /home/christian/install/prokka/bin/prokka plasmid_files_fasta/KY296095.1.fasta --outdir plasmid_files_fasta/KY296095.1_results --cpus 20 --force
[15:30:56] Appending to PATH: /home/christian/install/prokka/bin/../binaries/linux
[15:30:56] Appending to PATH: /home/christian/install/prokka/bin/../binaries/linux/../common
[15:30:56] Appending to PATH: /home/christian/install/prokka/bin
[15:30:56] Looking for 'aragorn' - found /home/christian/install/prokka/bin/../binaries/linux/aragorn
[15:30:56] Determined aragorn version is 1.2
[15:30:56] Looking for 'blastp' - found /usr/bin/blastp
[15:30:56] Determined blastp version is 2.2
[15:30:56] Looking for 'cmpress' - found /usr/local/bin/cmpress
[15:30:56] Determined cmpress version is 1.1
[15:30:56] Looking for 'cmscan' - found /usr/local/bin/cmscan
[15:30:56] Determined cmscan version is 1.1
[15:30:56] Looking for 'egrep' - found /bin/egrep
[15:30:56] Looking for 'find' - found /usr/bin/find
[15:30:56] Looking for 'grep' - found /bin/grep
[15:30:56] Looking for 'hmmpress' - found /usr/local/bin/hmmpress
[15:30:56] Determined hmmpress version is 3.1
[15:30:56] Looking for 'hmmscan' - found /usr/local/bin/hmmscan
[15:30:56] Determined hmmscan version is 3.1
[15:30:56] Looking for 'java' - found /usr/bin/java
[15:30:56] Looking for 'less' - found /usr/bin/less
[15:30:56] Looking for 'makeblastdb' - found /usr/bin/makeblastdb
[15:30:56] Determined makeblastdb version is 2.2
[15:30:56] Looking for 'minced' - found /home/christian/install/prokka/bin/../binaries/linux/../common/minced
[15:30:56] Determined minced version is 2.0
[15:30:56] Looking for 'parallel' - found /usr/bin/parallel
[15:30:56] Determined parallel version is 20141022
[15:30:56] Looking for 'prodigal' - found /usr/local/bin/prodigal
[15:30:56] Determined prodigal version is 2.6
[15:30:56] Looking for 'prokka-genbank_to_fasta_db' - found /home/christian/install/prokka/bin/prokka-genbank_to_fasta_db
[15:30:56] Looking for 'sed' - found /bin/sed
[15:30:56] Looking for 'tbl2asn' - found /home/christian/install/prokka/bin/../binaries/linux/tbl2asn
[15:30:56] Determined tbl2asn version is 25.6
[15:30:56] Using genetic code table 11.
[15:30:56] Loading and checking input file: plasmid_files_fasta/KY296095.1.fasta
[15:30:56] Wrote 1 contigs totalling 51663 bp.
[15:30:56] Predicting tRNAs and tmRNAs
[15:30:56] Running: aragorn -l -gc11  -w plasmid_files_fasta\/KY296095\.1_results\/PROKKA_10092018\.fna
[15:30:56] Found 0 tRNAs
[15:30:56] Predicting Ribosomal RNAs
[15:30:56] You need either Barrnap or RNAmmer installed to predict rRNAs!
[15:30:56] Skipping ncRNA search, enable with --rfam if desired.
[15:30:56] Total of 0 tRNA + rRNA features
[15:30:56] Searching for CRISPR repeats
[15:30:57] Found 0 CRISPRs
[15:30:57] Predicting coding sequences
[15:30:57] Contigs total 51663 bp, so using meta mode
[15:30:57] Running: prodigal -i plasmid_files_fasta\/KY296095\.1_results\/PROKKA_10092018\.fna -c -m -g 11 -p meta -f sco -q
[15:30:57] Found 63 CDS
[15:30:57] Connecting features back to sequences
[15:30:57] Not using genus-specific database. Try --usegenus to enable it.
[15:30:57] Annotating CDS, please be patient.
[15:30:57] Will use 20 CPUs for similarity searching.
[15:30:57] There are still 63 unannotated CDS left (started with 63)
[15:30:57] Will use blast to search against /home/christian/install/prokka/db/kingdom/Bacteria/sprot with 20 CPUs
[15:30:57] Running: cat plasmid_files_fasta\/KY296095\.1_results\/sprot\.faa | parallel --gnu --plain -j 20 --block 369 --recstart '>' --pipe blastp -query - -db /home/christian/install/prokka/db/kingdom/Bacteria/sprot -evalue 1e-06 -num_threads 1 -num_descriptions 1 -num_alignments 1 -seg no > plasmid_files_fasta\/KY296095\.1_results\/sprot\.blast 2> /dev/null
[15:30:58] Modify product: Uncharacterized HTH-type transcriptional regulator YbaQ => putative HTH-type transcriptional regulator YbaQ
[15:30:58] Cleaned 1 /product names
[15:30:58] Deleting unwanted file: plasmid_files_fasta/KY296095.1_results/sprot.faa
[15:30:58] Deleting unwanted file: plasmid_files_fasta/KY296095.1_results/sprot.blast
[15:30:58] There are still 43 unannotated CDS left (started with 63)
[15:30:58] Will use hmmer3 to search against /home/christian/install/prokka/db/hmm/HAMAP.hmm with 20 CPUs
[15:30:58] Running: cat plasmid_files_fasta\/KY296095\.1_results\/HAMAP\.hmm\.faa | parallel --gnu --plain -j 20 --block 200 --recstart '>' --pipe hmmscan --noali --notextw --acc -E 1e-06 --cpu 1 /home/christian/install/prokka/db/hmm/HAMAP.hmm /dev/stdin > plasmid_files_fasta\/KY296095\.1_results\/HAMAP\.hmm\.hmmer3 2> /dev/null
[15:30:58] Deleting unwanted file: plasmid_files_fasta/KY296095.1_results/HAMAP.hmm.faa
[15:30:58] Deleting unwanted file: plasmid_files_fasta/KY296095.1_results/HAMAP.hmm.hmmer3
[15:30:58] Labelling remaining 43 proteins as 'hypothetical protein'
[15:30:58] Found 18 unique /gene codes.
[15:30:58] Fixed 0 colliding /gene names.
[15:30:58] Adding /locus_tag identifiers
[15:30:58] Assigned 63 locus_tags to CDS and RNA features.
[15:30:58] Writing outputs to plasmid_files_fasta/KY296095.1_results/
[15:30:58] Generating annotation statistics file
[15:30:58] Generating Genbank and Sequin files
[15:30:58] Running: tbl2asn -V b -a r10k -l paired-ends -M n -N 1 -y 'Annotated using prokka 1.14-dev from https://github.com/tseemann/prokka' -Z plasmid_files_fasta\/KY296095\.1_results\/PROKKA_10092018\.err -i plasmid_files_fasta\/KY296095\.1_results\/PROKKA_10092018\.fsa 2> /dev/null
[15:30:59] Deleting unwanted file: plasmid_files_fasta/KY296095.1_results/errorsummary.val
[15:30:59] Deleting unwanted file: plasmid_files_fasta/KY296095.1_results/PROKKA_10092018.dr
[15:30:59] Deleting unwanted file: plasmid_files_fasta/KY296095.1_results/PROKKA_10092018.fixedproducts
[15:30:59] Deleting unwanted file: plasmid_files_fasta/KY296095.1_results/PROKKA_10092018.ecn
[15:30:59] Deleting unwanted file: plasmid_files_fasta/KY296095.1_results/PROKKA_10092018.val
[15:30:59] Repairing broken .GBK output that tbl2asn produces...
[15:30:59] Running: sed 's/COORDINATES: profile/COORDINATES:profile/' < plasmid_files_fasta\/KY296095\.1_results\/PROKKA_10092018\.gbf > plasmid_files_fasta\/KY296095\.1_results\/PROKKA_10092018\.gbk
[15:30:59] Deleting unwanted file: plasmid_files_fasta/KY296095.1_results/PROKKA_10092018.gbf
[15:30:59] Output files:
[15:30:59] plasmid_files_fasta/KY296095.1_results/PROKKA_10092018.ffn
[15:30:59] plasmid_files_fasta/KY296095.1_results/PROKKA_10092018.tbl
[15:30:59] plasmid_files_fasta/KY296095.1_results/PROKKA_10092018.log
[15:30:59] plasmid_files_fasta/KY296095.1_results/PROKKA_10092018.fna
[15:30:59] plasmid_files_fasta/KY296095.1_results/PROKKA_10092018.fsa
[15:30:59] plasmid_files_fasta/KY296095.1_results/PROKKA_10092018.tsv
[15:30:59] plasmid_files_fasta/KY296095.1_results/PROKKA_10092018.faa
[15:30:59] plasmid_files_fasta/KY296095.1_results/PROKKA_10092018.gbk
[15:30:59] plasmid_files_fasta/KY296095.1_results/PROKKA_10092018.sqn
[15:30:59] plasmid_files_fasta/KY296095.1_results/PROKKA_10092018.err
[15:30:59] plasmid_files_fasta/KY296095.1_results/PROKKA_10092018.txt
[15:30:59] plasmid_files_fasta/KY296095.1_results/PROKKA_10092018.gff
[15:30:59] Annotation finished successfully.
[15:30:59] Walltime used: 0.05 minutes
[15:30:59] If you use this result please cite the Prokka paper:
[15:30:59] Seemann T (2014) Prokka: rapid prokaryotic genome annotation. Bioinformatics. 30(14):2068-9.
[15:30:59] Type 'prokka --citation' for more details.
[15:30:59] Share and enjoy!
