[15:16:37] This is prokka 1.14-dev
[15:16:37] Written by Torsten Seemann <torsten.seemann@gmail.com>
[15:16:37] Homepage is https://github.com/tseemann/prokka
[15:16:37] Local time is Tue Oct  9 15:16:37 2018
[15:16:37] You are christian
[15:16:37] Operating system is linux
[15:16:37] You have BioPerl 1.007002
[15:16:37] System has 20 cores.
[15:16:37] Will use maximum of 20 cores.
[15:16:37] Annotating as >>> Bacteria <<<
[15:16:37] Generating locus_tag from 'plasmid_files_fasta/CP018675.1.fasta' contents.
[15:16:37] Setting --locustag DGDCCAHL from MD5 d0dcca15c59767cf501bb9540cc89d93
[15:16:37] Creating new output folder: plasmid_files_fasta/CP018675.1_results
[15:16:37] Running: mkdir -p plasmid_files_fasta\/CP018675\.1_results
[15:16:37] Using filename prefix: PROKKA_10092018.XXX
[15:16:37] Setting HMMER_NCPU=1
[15:16:37] Writing log to: plasmid_files_fasta/CP018675.1_results/PROKKA_10092018.log
[15:16:37] Command: /home/christian/install/prokka/bin/prokka plasmid_files_fasta/CP018675.1.fasta --outdir plasmid_files_fasta/CP018675.1_results --cpus 20 --force
[15:16:37] Appending to PATH: /home/christian/install/prokka/bin/../binaries/linux
[15:16:37] Appending to PATH: /home/christian/install/prokka/bin/../binaries/linux/../common
[15:16:37] Appending to PATH: /home/christian/install/prokka/bin
[15:16:37] Looking for 'aragorn' - found /home/christian/install/prokka/bin/../binaries/linux/aragorn
[15:16:37] Determined aragorn version is 1.2
[15:16:37] Looking for 'blastp' - found /usr/bin/blastp
[15:16:37] Determined blastp version is 2.2
[15:16:37] Looking for 'cmpress' - found /usr/local/bin/cmpress
[15:16:37] Determined cmpress version is 1.1
[15:16:37] Looking for 'cmscan' - found /usr/local/bin/cmscan
[15:16:37] Determined cmscan version is 1.1
[15:16:37] Looking for 'egrep' - found /bin/egrep
[15:16:37] Looking for 'find' - found /usr/bin/find
[15:16:37] Looking for 'grep' - found /bin/grep
[15:16:37] Looking for 'hmmpress' - found /usr/local/bin/hmmpress
[15:16:37] Determined hmmpress version is 3.1
[15:16:37] Looking for 'hmmscan' - found /usr/local/bin/hmmscan
[15:16:37] Determined hmmscan version is 3.1
[15:16:37] Looking for 'java' - found /usr/bin/java
[15:16:37] Looking for 'less' - found /usr/bin/less
[15:16:37] Looking for 'makeblastdb' - found /usr/bin/makeblastdb
[15:16:37] Determined makeblastdb version is 2.2
[15:16:37] Looking for 'minced' - found /home/christian/install/prokka/bin/../binaries/linux/../common/minced
[15:16:37] Determined minced version is 2.0
[15:16:37] Looking for 'parallel' - found /usr/bin/parallel
[15:16:38] Determined parallel version is 20141022
[15:16:38] Looking for 'prodigal' - found /usr/local/bin/prodigal
[15:16:38] Determined prodigal version is 2.6
[15:16:38] Looking for 'prokka-genbank_to_fasta_db' - found /home/christian/install/prokka/bin/prokka-genbank_to_fasta_db
[15:16:38] Looking for 'sed' - found /bin/sed
[15:16:38] Looking for 'tbl2asn' - found /home/christian/install/prokka/bin/../binaries/linux/tbl2asn
[15:16:38] Determined tbl2asn version is 25.6
[15:16:38] Using genetic code table 11.
[15:16:38] Loading and checking input file: plasmid_files_fasta/CP018675.1.fasta
[15:16:38] Wrote 1 contigs totalling 181436 bp.
[15:16:38] Predicting tRNAs and tmRNAs
[15:16:38] Running: aragorn -l -gc11  -w plasmid_files_fasta\/CP018675\.1_results\/PROKKA_10092018\.fna
[15:16:38] Found 0 tRNAs
[15:16:38] Predicting Ribosomal RNAs
[15:16:38] You need either Barrnap or RNAmmer installed to predict rRNAs!
[15:16:38] Skipping ncRNA search, enable with --rfam if desired.
[15:16:38] Total of 0 tRNA + rRNA features
[15:16:38] Searching for CRISPR repeats
[15:16:38] Found 0 CRISPRs
[15:16:38] Predicting coding sequences
[15:16:38] Contigs total 181436 bp, so using single mode
[15:16:38] Running: prodigal -i plasmid_files_fasta\/CP018675\.1_results\/PROKKA_10092018\.fna -c -m -g 11 -p single -f sco -q
[15:16:38] Found 209 CDS
[15:16:38] Connecting features back to sequences
[15:16:38] Not using genus-specific database. Try --usegenus to enable it.
[15:16:38] Annotating CDS, please be patient.
[15:16:38] Will use 20 CPUs for similarity searching.
[15:16:38] There are still 209 unannotated CDS left (started with 209)
[15:16:38] Will use blast to search against /home/christian/install/prokka/db/kingdom/Bacteria/sprot with 20 CPUs
[15:16:38] Running: cat plasmid_files_fasta\/CP018675\.1_results\/sprot\.faa | parallel --gnu --plain -j 20 --block 1298 --recstart '>' --pipe blastp -query - -db /home/christian/install/prokka/db/kingdom/Bacteria/sprot -evalue 1e-06 -num_threads 1 -num_descriptions 1 -num_alignments 1 -seg no > plasmid_files_fasta\/CP018675\.1_results\/sprot\.blast 2> /dev/null
[15:16:40] Modify product: Probable copper-binding protein PcoE => putative copper-binding protein PcoE
[15:16:40] Modify product: UPF0401 protein YkfF => hypothetical protein
[15:16:40] Modify product: Probable cyclic di-GMP phosphodiesterase PdeB => putative cyclic di-GMP phosphodiesterase PdeB
[15:16:40] Modify product: Uncharacterized protein Rv1290c => putative protein
[15:16:40] Modify product: Protease HtpX homolog => Protease HtpX 
[15:16:40] Modify product: Probable phosphite transport system-binding protein PtxB => putative phosphite transport system-binding protein PtxB
[15:16:40] Cleaned 6 /product names
[15:16:40] Deleting unwanted file: plasmid_files_fasta/CP018675.1_results/sprot.faa
[15:16:40] Deleting unwanted file: plasmid_files_fasta/CP018675.1_results/sprot.blast
[15:16:40] There are still 120 unannotated CDS left (started with 209)
[15:16:40] Will use hmmer3 to search against /home/christian/install/prokka/db/hmm/HAMAP.hmm with 20 CPUs
[15:16:40] Running: cat plasmid_files_fasta\/CP018675\.1_results\/HAMAP\.hmm\.faa | parallel --gnu --plain -j 20 --block 576 --recstart '>' --pipe hmmscan --noali --notextw --acc -E 1e-06 --cpu 1 /home/christian/install/prokka/db/hmm/HAMAP.hmm /dev/stdin > plasmid_files_fasta\/CP018675\.1_results\/HAMAP\.hmm\.hmmer3 2> /dev/null
[15:16:41] Deleting unwanted file: plasmid_files_fasta/CP018675.1_results/HAMAP.hmm.faa
[15:16:41] Deleting unwanted file: plasmid_files_fasta/CP018675.1_results/HAMAP.hmm.hmmer3
[15:16:41] Labelling remaining 120 proteins as 'hypothetical protein'
[15:16:41] Possible /pseudo 'Arsenical pump-driving ATPase' at CP018675.1 position 88029
[15:16:41] Possible /pseudo 'Coupling protein TraD' at CP018675.1 position 167677
[15:16:41] Found 78 unique /gene codes.
[15:16:41] Fixed 2 duplicate /gene - xerD_1 xerD_2
[15:16:41] Fixed 2 duplicate /gene - arsD_1 arsD_2
[15:16:41] Fixed 2 duplicate /gene - traD_1 traD_2
[15:16:41] Fixed 2 duplicate /gene - silE_1 silE_2
[15:16:41] Fixed 3 duplicate /gene - arsA_1 arsA_2 arsA_3
[15:16:41] Fixed 2 duplicate /gene - cusS_1 cusS_2
[15:16:41] Fixed 6 colliding /gene names.
[15:16:41] Adding /locus_tag identifiers
[15:16:41] Assigned 209 locus_tags to CDS and RNA features.
[15:16:41] Writing outputs to plasmid_files_fasta/CP018675.1_results/
[15:16:41] Generating annotation statistics file
[15:16:41] Generating Genbank and Sequin files
[15:16:41] Running: tbl2asn -V b -a r10k -l paired-ends -M n -N 1 -y 'Annotated using prokka 1.14-dev from https://github.com/tseemann/prokka' -Z plasmid_files_fasta\/CP018675\.1_results\/PROKKA_10092018\.err -i plasmid_files_fasta\/CP018675\.1_results\/PROKKA_10092018\.fsa 2> /dev/null
[15:16:41] Deleting unwanted file: plasmid_files_fasta/CP018675.1_results/errorsummary.val
[15:16:41] Deleting unwanted file: plasmid_files_fasta/CP018675.1_results/PROKKA_10092018.dr
[15:16:41] Deleting unwanted file: plasmid_files_fasta/CP018675.1_results/PROKKA_10092018.fixedproducts
[15:16:41] Deleting unwanted file: plasmid_files_fasta/CP018675.1_results/PROKKA_10092018.ecn
[15:16:41] Deleting unwanted file: plasmid_files_fasta/CP018675.1_results/PROKKA_10092018.val
[15:16:41] Repairing broken .GBK output that tbl2asn produces...
[15:16:41] Running: sed 's/COORDINATES: profile/COORDINATES:profile/' < plasmid_files_fasta\/CP018675\.1_results\/PROKKA_10092018\.gbf > plasmid_files_fasta\/CP018675\.1_results\/PROKKA_10092018\.gbk
[15:16:41] Deleting unwanted file: plasmid_files_fasta/CP018675.1_results/PROKKA_10092018.gbf
[15:16:41] Output files:
[15:16:41] plasmid_files_fasta/CP018675.1_results/PROKKA_10092018.ffn
[15:16:41] plasmid_files_fasta/CP018675.1_results/PROKKA_10092018.tbl
[15:16:41] plasmid_files_fasta/CP018675.1_results/PROKKA_10092018.log
[15:16:41] plasmid_files_fasta/CP018675.1_results/PROKKA_10092018.fna
[15:16:41] plasmid_files_fasta/CP018675.1_results/PROKKA_10092018.fsa
[15:16:41] plasmid_files_fasta/CP018675.1_results/PROKKA_10092018.tsv
[15:16:41] plasmid_files_fasta/CP018675.1_results/PROKKA_10092018.faa
[15:16:41] plasmid_files_fasta/CP018675.1_results/PROKKA_10092018.gbk
[15:16:41] plasmid_files_fasta/CP018675.1_results/PROKKA_10092018.sqn
[15:16:41] plasmid_files_fasta/CP018675.1_results/PROKKA_10092018.err
[15:16:41] plasmid_files_fasta/CP018675.1_results/PROKKA_10092018.txt
[15:16:41] plasmid_files_fasta/CP018675.1_results/PROKKA_10092018.gff
[15:16:41] Annotation finished successfully.
[15:16:41] Walltime used: 0.07 minutes
[15:16:41] If you use this result please cite the Prokka paper:
[15:16:41] Seemann T (2014) Prokka: rapid prokaryotic genome annotation. Bioinformatics. 30(14):2068-9.
[15:16:41] Type 'prokka --citation' for more details.
[15:16:41] Thank you, come again.
