[15:13:35] This is prokka 1.14-dev
[15:13:35] Written by Torsten Seemann <torsten.seemann@gmail.com>
[15:13:35] Homepage is https://github.com/tseemann/prokka
[15:13:35] Local time is Tue Oct  9 15:13:35 2018
[15:13:35] You are christian
[15:13:35] Operating system is linux
[15:13:35] You have BioPerl 1.007002
[15:13:35] System has 20 cores.
[15:13:35] Will use maximum of 20 cores.
[15:13:35] Annotating as >>> Bacteria <<<
[15:13:35] Generating locus_tag from 'plasmid_files_fasta/CP009773.1.fasta' contents.
[15:13:35] Setting --locustag GFBAKMNB from MD5 0fba467b68aa96468323eb93a1e97080
[15:13:35] Creating new output folder: plasmid_files_fasta/CP009773.1_results
[15:13:35] Running: mkdir -p plasmid_files_fasta\/CP009773\.1_results
[15:13:35] Using filename prefix: PROKKA_10092018.XXX
[15:13:35] Setting HMMER_NCPU=1
[15:13:35] Writing log to: plasmid_files_fasta/CP009773.1_results/PROKKA_10092018.log
[15:13:35] Command: /home/christian/install/prokka/bin/prokka plasmid_files_fasta/CP009773.1.fasta --outdir plasmid_files_fasta/CP009773.1_results --cpus 20 --force
[15:13:35] Appending to PATH: /home/christian/install/prokka/bin/../binaries/linux
[15:13:35] Appending to PATH: /home/christian/install/prokka/bin/../binaries/linux/../common
[15:13:35] Appending to PATH: /home/christian/install/prokka/bin
[15:13:35] Looking for 'aragorn' - found /home/christian/install/prokka/bin/../binaries/linux/aragorn
[15:13:35] Determined aragorn version is 1.2
[15:13:35] Looking for 'blastp' - found /usr/bin/blastp
[15:13:35] Determined blastp version is 2.2
[15:13:35] Looking for 'cmpress' - found /usr/local/bin/cmpress
[15:13:35] Determined cmpress version is 1.1
[15:13:35] Looking for 'cmscan' - found /usr/local/bin/cmscan
[15:13:35] Determined cmscan version is 1.1
[15:13:35] Looking for 'egrep' - found /bin/egrep
[15:13:35] Looking for 'find' - found /usr/bin/find
[15:13:35] Looking for 'grep' - found /bin/grep
[15:13:35] Looking for 'hmmpress' - found /usr/local/bin/hmmpress
[15:13:35] Determined hmmpress version is 3.1
[15:13:35] Looking for 'hmmscan' - found /usr/local/bin/hmmscan
[15:13:35] Determined hmmscan version is 3.1
[15:13:35] Looking for 'java' - found /usr/bin/java
[15:13:35] Looking for 'less' - found /usr/bin/less
[15:13:35] Looking for 'makeblastdb' - found /usr/bin/makeblastdb
[15:13:35] Determined makeblastdb version is 2.2
[15:13:35] Looking for 'minced' - found /home/christian/install/prokka/bin/../binaries/linux/../common/minced
[15:13:35] Determined minced version is 2.0
[15:13:35] Looking for 'parallel' - found /usr/bin/parallel
[15:13:35] Determined parallel version is 20141022
[15:13:35] Looking for 'prodigal' - found /usr/local/bin/prodigal
[15:13:35] Determined prodigal version is 2.6
[15:13:35] Looking for 'prokka-genbank_to_fasta_db' - found /home/christian/install/prokka/bin/prokka-genbank_to_fasta_db
[15:13:35] Looking for 'sed' - found /bin/sed
[15:13:35] Looking for 'tbl2asn' - found /home/christian/install/prokka/bin/../binaries/linux/tbl2asn
[15:13:35] Determined tbl2asn version is 25.6
[15:13:35] Using genetic code table 11.
[15:13:35] Loading and checking input file: plasmid_files_fasta/CP009773.1.fasta
[15:13:35] Wrote 1 contigs totalling 75618 bp.
[15:13:35] Predicting tRNAs and tmRNAs
[15:13:35] Running: aragorn -l -gc11  -w plasmid_files_fasta\/CP009773\.1_results\/PROKKA_10092018\.fna
[15:13:35] Found 0 tRNAs
[15:13:35] Predicting Ribosomal RNAs
[15:13:35] You need either Barrnap or RNAmmer installed to predict rRNAs!
[15:13:35] Skipping ncRNA search, enable with --rfam if desired.
[15:13:35] Total of 0 tRNA + rRNA features
[15:13:35] Searching for CRISPR repeats
[15:13:35] Found 0 CRISPRs
[15:13:35] Predicting coding sequences
[15:13:35] Contigs total 75618 bp, so using meta mode
[15:13:35] Running: prodigal -i plasmid_files_fasta\/CP009773\.1_results\/PROKKA_10092018\.fna -c -m -g 11 -p meta -f sco -q
[15:13:36] Found 82 CDS
[15:13:36] Connecting features back to sequences
[15:13:36] Not using genus-specific database. Try --usegenus to enable it.
[15:13:36] Annotating CDS, please be patient.
[15:13:36] Will use 20 CPUs for similarity searching.
[15:13:36] There are still 82 unannotated CDS left (started with 82)
[15:13:36] Will use blast to search against /home/christian/install/prokka/db/kingdom/Bacteria/sprot with 20 CPUs
[15:13:36] Running: cat plasmid_files_fasta\/CP009773\.1_results\/sprot\.faa | parallel --gnu --plain -j 20 --block 540 --recstart '>' --pipe blastp -query - -db /home/christian/install/prokka/db/kingdom/Bacteria/sprot -evalue 1e-06 -num_threads 1 -num_descriptions 1 -num_alignments 1 -seg no > plasmid_files_fasta\/CP009773\.1_results\/sprot\.blast 2> /dev/null
[15:13:37] Modify product: UPF0401 protein YkfF => hypothetical protein
[15:13:37] Cleaned 1 /product names
[15:13:37] Deleting unwanted file: plasmid_files_fasta/CP009773.1_results/sprot.faa
[15:13:37] Deleting unwanted file: plasmid_files_fasta/CP009773.1_results/sprot.blast
[15:13:37] There are still 45 unannotated CDS left (started with 82)
[15:13:37] Will use hmmer3 to search against /home/christian/install/prokka/db/hmm/HAMAP.hmm with 20 CPUs
[15:13:37] Running: cat plasmid_files_fasta\/CP009773\.1_results\/HAMAP\.hmm\.faa | parallel --gnu --plain -j 20 --block 299 --recstart '>' --pipe hmmscan --noali --notextw --acc -E 1e-06 --cpu 1 /home/christian/install/prokka/db/hmm/HAMAP.hmm /dev/stdin > plasmid_files_fasta\/CP009773\.1_results\/HAMAP\.hmm\.hmmer3 2> /dev/null
[15:13:38] Deleting unwanted file: plasmid_files_fasta/CP009773.1_results/HAMAP.hmm.faa
[15:13:38] Deleting unwanted file: plasmid_files_fasta/CP009773.1_results/HAMAP.hmm.hmmer3
[15:13:38] Labelling remaining 43 proteins as 'hypothetical protein'
[15:13:38] Found 32 unique /gene codes.
[15:13:38] Fixed 3 duplicate /gene - bla_1 bla_2 bla_3
[15:13:38] Fixed 3 duplicate /gene - xerD_1 xerD_2 xerD_3
[15:13:38] Fixed 2 duplicate /gene - tnpR_1 tnpR_2
[15:13:38] Fixed 3 colliding /gene names.
[15:13:38] Adding /locus_tag identifiers
[15:13:38] Assigned 82 locus_tags to CDS and RNA features.
[15:13:38] Writing outputs to plasmid_files_fasta/CP009773.1_results/
[15:13:38] Generating annotation statistics file
[15:13:38] Generating Genbank and Sequin files
[15:13:38] Running: tbl2asn -V b -a r10k -l paired-ends -M n -N 1 -y 'Annotated using prokka 1.14-dev from https://github.com/tseemann/prokka' -Z plasmid_files_fasta\/CP009773\.1_results\/PROKKA_10092018\.err -i plasmid_files_fasta\/CP009773\.1_results\/PROKKA_10092018\.fsa 2> /dev/null
[15:13:38] Deleting unwanted file: plasmid_files_fasta/CP009773.1_results/errorsummary.val
[15:13:38] Deleting unwanted file: plasmid_files_fasta/CP009773.1_results/PROKKA_10092018.dr
[15:13:38] Deleting unwanted file: plasmid_files_fasta/CP009773.1_results/PROKKA_10092018.fixedproducts
[15:13:38] Deleting unwanted file: plasmid_files_fasta/CP009773.1_results/PROKKA_10092018.ecn
[15:13:38] Deleting unwanted file: plasmid_files_fasta/CP009773.1_results/PROKKA_10092018.val
[15:13:38] Repairing broken .GBK output that tbl2asn produces...
[15:13:38] Running: sed 's/COORDINATES: profile/COORDINATES:profile/' < plasmid_files_fasta\/CP009773\.1_results\/PROKKA_10092018\.gbf > plasmid_files_fasta\/CP009773\.1_results\/PROKKA_10092018\.gbk
[15:13:38] Deleting unwanted file: plasmid_files_fasta/CP009773.1_results/PROKKA_10092018.gbf
[15:13:38] Output files:
[15:13:38] plasmid_files_fasta/CP009773.1_results/PROKKA_10092018.ffn
[15:13:38] plasmid_files_fasta/CP009773.1_results/PROKKA_10092018.tbl
[15:13:38] plasmid_files_fasta/CP009773.1_results/PROKKA_10092018.log
[15:13:38] plasmid_files_fasta/CP009773.1_results/PROKKA_10092018.fna
[15:13:38] plasmid_files_fasta/CP009773.1_results/PROKKA_10092018.fsa
[15:13:38] plasmid_files_fasta/CP009773.1_results/PROKKA_10092018.tsv
[15:13:38] plasmid_files_fasta/CP009773.1_results/PROKKA_10092018.faa
[15:13:38] plasmid_files_fasta/CP009773.1_results/PROKKA_10092018.gbk
[15:13:38] plasmid_files_fasta/CP009773.1_results/PROKKA_10092018.sqn
[15:13:38] plasmid_files_fasta/CP009773.1_results/PROKKA_10092018.err
[15:13:38] plasmid_files_fasta/CP009773.1_results/PROKKA_10092018.txt
[15:13:38] plasmid_files_fasta/CP009773.1_results/PROKKA_10092018.gff
[15:13:38] Annotation finished successfully.
[15:13:38] Walltime used: 0.05 minutes
[15:13:38] If you use this result please cite the Prokka paper:
[15:13:38] Seemann T (2014) Prokka: rapid prokaryotic genome annotation. Bioinformatics. 30(14):2068-9.
[15:13:38] Type 'prokka --citation' for more details.
[15:13:38] Share and enjoy!
