[15:25:57] This is prokka 1.14-dev
[15:25:57] Written by Torsten Seemann <torsten.seemann@gmail.com>
[15:25:57] Homepage is https://github.com/tseemann/prokka
[15:25:57] Local time is Tue Oct  9 15:25:57 2018
[15:25:57] You are christian
[15:25:57] Operating system is linux
[15:25:57] You have BioPerl 1.007002
[15:25:57] System has 20 cores.
[15:25:57] Will use maximum of 20 cores.
[15:25:57] Annotating as >>> Bacteria <<<
[15:25:57] Generating locus_tag from 'plasmid_files_fasta/JN233705.2.fasta' contents.
[15:25:57] Setting --locustag BLCOCBOI from MD5 b5c8cb82b6f1f7416823f30d59ce5e30
[15:25:57] Creating new output folder: plasmid_files_fasta/JN233705.2_results
[15:25:57] Running: mkdir -p plasmid_files_fasta\/JN233705\.2_results
[15:25:57] Using filename prefix: PROKKA_10092018.XXX
[15:25:57] Setting HMMER_NCPU=1
[15:25:57] Writing log to: plasmid_files_fasta/JN233705.2_results/PROKKA_10092018.log
[15:25:57] Command: /home/christian/install/prokka/bin/prokka plasmid_files_fasta/JN233705.2.fasta --outdir plasmid_files_fasta/JN233705.2_results --cpus 20 --force
[15:25:57] Appending to PATH: /home/christian/install/prokka/bin/../binaries/linux
[15:25:57] Appending to PATH: /home/christian/install/prokka/bin/../binaries/linux/../common
[15:25:57] Appending to PATH: /home/christian/install/prokka/bin
[15:25:57] Looking for 'aragorn' - found /home/christian/install/prokka/bin/../binaries/linux/aragorn
[15:25:57] Determined aragorn version is 1.2
[15:25:57] Looking for 'blastp' - found /usr/bin/blastp
[15:25:57] Determined blastp version is 2.2
[15:25:57] Looking for 'cmpress' - found /usr/local/bin/cmpress
[15:25:57] Determined cmpress version is 1.1
[15:25:57] Looking for 'cmscan' - found /usr/local/bin/cmscan
[15:25:57] Determined cmscan version is 1.1
[15:25:57] Looking for 'egrep' - found /bin/egrep
[15:25:57] Looking for 'find' - found /usr/bin/find
[15:25:57] Looking for 'grep' - found /bin/grep
[15:25:57] Looking for 'hmmpress' - found /usr/local/bin/hmmpress
[15:25:57] Determined hmmpress version is 3.1
[15:25:57] Looking for 'hmmscan' - found /usr/local/bin/hmmscan
[15:25:57] Determined hmmscan version is 3.1
[15:25:57] Looking for 'java' - found /usr/bin/java
[15:25:57] Looking for 'less' - found /usr/bin/less
[15:25:57] Looking for 'makeblastdb' - found /usr/bin/makeblastdb
[15:25:57] Determined makeblastdb version is 2.2
[15:25:57] Looking for 'minced' - found /home/christian/install/prokka/bin/../binaries/linux/../common/minced
[15:25:58] Determined minced version is 2.0
[15:25:58] Looking for 'parallel' - found /usr/bin/parallel
[15:25:58] Determined parallel version is 20141022
[15:25:58] Looking for 'prodigal' - found /usr/local/bin/prodigal
[15:25:58] Determined prodigal version is 2.6
[15:25:58] Looking for 'prokka-genbank_to_fasta_db' - found /home/christian/install/prokka/bin/prokka-genbank_to_fasta_db
[15:25:58] Looking for 'sed' - found /bin/sed
[15:25:58] Looking for 'tbl2asn' - found /home/christian/install/prokka/bin/../binaries/linux/tbl2asn
[15:25:58] Determined tbl2asn version is 25.6
[15:25:58] Using genetic code table 11.
[15:25:58] Loading and checking input file: plasmid_files_fasta/JN233705.2.fasta
[15:25:58] Wrote 1 contigs totalling 115300 bp.
[15:25:58] Predicting tRNAs and tmRNAs
[15:25:58] Running: aragorn -l -gc11  -w plasmid_files_fasta\/JN233705\.2_results\/PROKKA_10092018\.fna
[15:25:58] Found 0 tRNAs
[15:25:58] Predicting Ribosomal RNAs
[15:25:58] You need either Barrnap or RNAmmer installed to predict rRNAs!
[15:25:58] Skipping ncRNA search, enable with --rfam if desired.
[15:25:58] Total of 0 tRNA + rRNA features
[15:25:58] Searching for CRISPR repeats
[15:25:58] Found 0 CRISPRs
[15:25:58] Predicting coding sequences
[15:25:58] Contigs total 115300 bp, so using single mode
[15:25:58] Running: prodigal -i plasmid_files_fasta\/JN233705\.2_results\/PROKKA_10092018\.fna -c -m -g 11 -p single -f sco -q
[15:25:58] Found 132 CDS
[15:25:58] Connecting features back to sequences
[15:25:58] Not using genus-specific database. Try --usegenus to enable it.
[15:25:58] Annotating CDS, please be patient.
[15:25:58] Will use 20 CPUs for similarity searching.
[15:25:58] There are still 132 unannotated CDS left (started with 132)
[15:25:58] Will use blast to search against /home/christian/install/prokka/db/kingdom/Bacteria/sprot with 20 CPUs
[15:25:58] Running: cat plasmid_files_fasta\/JN233705\.2_results\/sprot\.faa | parallel --gnu --plain -j 20 --block 820 --recstart '>' --pipe blastp -query - -db /home/christian/install/prokka/db/kingdom/Bacteria/sprot -evalue 1e-06 -num_threads 1 -num_descriptions 1 -num_alignments 1 -seg no > plasmid_files_fasta\/JN233705\.2_results\/sprot\.blast 2> /dev/null
[15:25:59] Modify product: UPF0401 protein YkfF => hypothetical protein
[15:25:59] Modify product: Uncharacterized signaling protein PA1727 => putative signaling protein
[15:25:59] Cleaned 2 /product names
[15:25:59] Deleting unwanted file: plasmid_files_fasta/JN233705.2_results/sprot.faa
[15:25:59] Deleting unwanted file: plasmid_files_fasta/JN233705.2_results/sprot.blast
[15:25:59] There are still 87 unannotated CDS left (started with 132)
[15:25:59] Will use hmmer3 to search against /home/christian/install/prokka/db/hmm/HAMAP.hmm with 20 CPUs
[15:25:59] Running: cat plasmid_files_fasta\/JN233705\.2_results\/HAMAP\.hmm\.faa | parallel --gnu --plain -j 20 --block 451 --recstart '>' --pipe hmmscan --noali --notextw --acc -E 1e-06 --cpu 1 /home/christian/install/prokka/db/hmm/HAMAP.hmm /dev/stdin > plasmid_files_fasta\/JN233705\.2_results\/HAMAP\.hmm\.hmmer3 2> /dev/null
[15:26:00] Deleting unwanted file: plasmid_files_fasta/JN233705.2_results/HAMAP.hmm.faa
[15:26:00] Deleting unwanted file: plasmid_files_fasta/JN233705.2_results/HAMAP.hmm.hmmer3
[15:26:00] Labelling remaining 86 proteins as 'hypothetical protein'
[15:26:00] Found 40 unique /gene codes.
[15:26:00] Fixed 2 duplicate /gene - xerD_1 xerD_2
[15:26:00] Fixed 3 duplicate /gene - bla_1 bla_2 bla_3
[15:26:00] Fixed 2 colliding /gene names.
[15:26:00] Adding /locus_tag identifiers
[15:26:00] Assigned 132 locus_tags to CDS and RNA features.
[15:26:00] Writing outputs to plasmid_files_fasta/JN233705.2_results/
[15:26:00] Generating annotation statistics file
[15:26:00] Generating Genbank and Sequin files
[15:26:00] Running: tbl2asn -V b -a r10k -l paired-ends -M n -N 1 -y 'Annotated using prokka 1.14-dev from https://github.com/tseemann/prokka' -Z plasmid_files_fasta\/JN233705\.2_results\/PROKKA_10092018\.err -i plasmid_files_fasta\/JN233705\.2_results\/PROKKA_10092018\.fsa 2> /dev/null
[15:26:00] Deleting unwanted file: plasmid_files_fasta/JN233705.2_results/errorsummary.val
[15:26:00] Deleting unwanted file: plasmid_files_fasta/JN233705.2_results/PROKKA_10092018.dr
[15:26:00] Deleting unwanted file: plasmid_files_fasta/JN233705.2_results/PROKKA_10092018.fixedproducts
[15:26:00] Deleting unwanted file: plasmid_files_fasta/JN233705.2_results/PROKKA_10092018.ecn
[15:26:00] Deleting unwanted file: plasmid_files_fasta/JN233705.2_results/PROKKA_10092018.val
[15:26:00] Repairing broken .GBK output that tbl2asn produces...
[15:26:00] Running: sed 's/COORDINATES: profile/COORDINATES:profile/' < plasmid_files_fasta\/JN233705\.2_results\/PROKKA_10092018\.gbf > plasmid_files_fasta\/JN233705\.2_results\/PROKKA_10092018\.gbk
[15:26:00] Deleting unwanted file: plasmid_files_fasta/JN233705.2_results/PROKKA_10092018.gbf
[15:26:00] Output files:
[15:26:00] plasmid_files_fasta/JN233705.2_results/PROKKA_10092018.ffn
[15:26:00] plasmid_files_fasta/JN233705.2_results/PROKKA_10092018.tbl
[15:26:00] plasmid_files_fasta/JN233705.2_results/PROKKA_10092018.log
[15:26:00] plasmid_files_fasta/JN233705.2_results/PROKKA_10092018.fna
[15:26:00] plasmid_files_fasta/JN233705.2_results/PROKKA_10092018.fsa
[15:26:00] plasmid_files_fasta/JN233705.2_results/PROKKA_10092018.tsv
[15:26:00] plasmid_files_fasta/JN233705.2_results/PROKKA_10092018.faa
[15:26:00] plasmid_files_fasta/JN233705.2_results/PROKKA_10092018.gbk
[15:26:00] plasmid_files_fasta/JN233705.2_results/PROKKA_10092018.sqn
[15:26:00] plasmid_files_fasta/JN233705.2_results/PROKKA_10092018.err
[15:26:00] plasmid_files_fasta/JN233705.2_results/PROKKA_10092018.txt
[15:26:00] plasmid_files_fasta/JN233705.2_results/PROKKA_10092018.gff
[15:26:00] Annotation finished successfully.
[15:26:00] Walltime used: 0.05 minutes
[15:26:00] If you use this result please cite the Prokka paper:
[15:26:00] Seemann T (2014) Prokka: rapid prokaryotic genome annotation. Bioinformatics. 30(14):2068-9.
[15:26:00] Type 'prokka --citation' for more details.
[15:26:00] Share and enjoy!
