Discrepancy Report Results

Summary
FATAL: MISSING_PROTEIN_ID:187 proteins have invalid IDs.
DISC_SOURCE_QUALS_ASNDISC:strain (all present, all unique)
DISC_SOURCE_QUALS_ASNDISC:taxname (all present, all unique)
DISC_FEATURE_COUNT:CDS: 187 present
DISC_COUNT_NUCLEOTIDES:1 nucleotide Bioseqs are present
FEATURE_LOCATION_CONFLICT:187 features have inconsistent gene locations.
SUSPECT_PRODUCT_NAMES:1 product_names contain suspect phrase or characters
	May contain database identifier more appropriate in note; remove from product name
		1 features Three or more numbers together
DISC_QUALITY_SCORES:Quality scores are missing on all sequences.
ONCALLER_COMMENT_PRESENT:1 comment descriptors were found (all same)
SHORT_PROT_SEQUENCES:4 protein sequences are shorter than 50 aa.
MISSING_GENOMEASSEMBLY_COMMENTS:1 bioseqs are missing GenomeAssembly structured comments
MOLTYPE_NOT_MRNA:1 molecule types are not set as mRNA.
TECHNIQUE_NOT_TSA:1 technique are not set as TSA
MISSING_STRUCTURED_COMMENT:1 sequences do not include structured comments.
MISSING_PROJECT:188 sequences do not include project.
DISC_INCONSISTENT_MOLINFO_TECH:Molinfo Technique Report (some missing, all same)


Detailed Report

FATAL: DiscRep_ALL:MISSING_PROTEIN_ID::187 proteins have invalid IDs.
plasmid_files_fasta/KY270849.1_results/PROKKA_10092018:KY270849.1_1 (length 287)
plasmid_files_fasta/KY270849.1_results/PROKKA_10092018:KY270849.1_2 (length 48)
plasmid_files_fasta/KY270849.1_results/PROKKA_10092018:KY270849.1_3 (length 282)
plasmid_files_fasta/KY270849.1_results/PROKKA_10092018:KY270849.1_4 (length 94)
plasmid_files_fasta/KY270849.1_results/PROKKA_10092018:KY270849.1_5 (length 97)
plasmid_files_fasta/KY270849.1_results/PROKKA_10092018:KY270849.1_6 (length 201)
plasmid_files_fasta/KY270849.1_results/PROKKA_10092018:KY270849.1_7 (length 190)
plasmid_files_fasta/KY270849.1_results/PROKKA_10092018:KY270849.1_8 (length 234)
plasmid_files_fasta/KY270849.1_results/PROKKA_10092018:KY270849.1_9 (length 271)
plasmid_files_fasta/KY270849.1_results/PROKKA_10092018:KY270849.1_10 (length 234)
plasmid_files_fasta/KY270849.1_results/PROKKA_10092018:KY270849.1_11 (length 114)
plasmid_files_fasta/KY270849.1_results/PROKKA_10092018:KY270849.1_12 (length 286)
plasmid_files_fasta/KY270849.1_results/PROKKA_10092018:KY270849.1_13 (length 234)
plasmid_files_fasta/KY270849.1_results/PROKKA_10092018:KY270849.1_14 (length 301)
plasmid_files_fasta/KY270849.1_results/PROKKA_10092018:KY270849.1_15 (length 412)
plasmid_files_fasta/KY270849.1_results/PROKKA_10092018:KY270849.1_16 (length 194)
plasmid_files_fasta/KY270849.1_results/PROKKA_10092018:KY270849.1_17 (length 254)
plasmid_files_fasta/KY270849.1_results/PROKKA_10092018:KY270849.1_18 (length 166)
plasmid_files_fasta/KY270849.1_results/PROKKA_10092018:KY270849.1_19 (length 279)
plasmid_files_fasta/KY270849.1_results/PROKKA_10092018:KY270849.1_20 (length 115)
plasmid_files_fasta/KY270849.1_results/PROKKA_10092018:KY270849.1_21 (length 152)
plasmid_files_fasta/KY270849.1_results/PROKKA_10092018:KY270849.1_22 (length 337)
plasmid_files_fasta/KY270849.1_results/PROKKA_10092018:KY270849.1_23 (length 234)
plasmid_files_fasta/KY270849.1_results/PROKKA_10092018:KY270849.1_24 (length 422)
plasmid_files_fasta/KY270849.1_results/PROKKA_10092018:KY270849.1_25 (length 312)
plasmid_files_fasta/KY270849.1_results/PROKKA_10092018:KY270849.1_26 (length 120)
plasmid_files_fasta/KY270849.1_results/PROKKA_10092018:KY270849.1_27 (length 564)
plasmid_files_fasta/KY270849.1_results/PROKKA_10092018:KY270849.1_28 (length 153)
plasmid_files_fasta/KY270849.1_results/PROKKA_10092018:KY270849.1_29 (length 91)
plasmid_files_fasta/KY270849.1_results/PROKKA_10092018:KY270849.1_30 (length 116)
plasmid_files_fasta/KY270849.1_results/PROKKA_10092018:KY270849.1_31 (length 144)
plasmid_files_fasta/KY270849.1_results/PROKKA_10092018:KY270849.1_32 (length 334)
plasmid_files_fasta/KY270849.1_results/PROKKA_10092018:KY270849.1_33 (length 125)
plasmid_files_fasta/KY270849.1_results/PROKKA_10092018:KY270849.1_34 (length 91)
plasmid_files_fasta/KY270849.1_results/PROKKA_10092018:KY270849.1_35 (length 340)
plasmid_files_fasta/KY270849.1_results/PROKKA_10092018:KY270849.1_36 (length 520)
plasmid_files_fasta/KY270849.1_results/PROKKA_10092018:KY270849.1_37 (length 138)
plasmid_files_fasta/KY270849.1_results/PROKKA_10092018:KY270849.1_38 (length 76)
plasmid_files_fasta/KY270849.1_results/PROKKA_10092018:KY270849.1_39 (length 72)
plasmid_files_fasta/KY270849.1_results/PROKKA_10092018:KY270849.1_40 (length 101)
plasmid_files_fasta/KY270849.1_results/PROKKA_10092018:KY270849.1_41 (length 131)
plasmid_files_fasta/KY270849.1_results/PROKKA_10092018:KY270849.1_42 (length 104)
plasmid_files_fasta/KY270849.1_results/PROKKA_10092018:KY270849.1_43 (length 338)
plasmid_files_fasta/KY270849.1_results/PROKKA_10092018:KY270849.1_44 (length 47)
plasmid_files_fasta/KY270849.1_results/PROKKA_10092018:KY270849.1_45 (length 264)
plasmid_files_fasta/KY270849.1_results/PROKKA_10092018:KY270849.1_46 (length 100)
plasmid_files_fasta/KY270849.1_results/PROKKA_10092018:KY270849.1_47 (length 208)
plasmid_files_fasta/KY270849.1_results/PROKKA_10092018:KY270849.1_48 (length 291)
plasmid_files_fasta/KY270849.1_results/PROKKA_10092018:KY270849.1_49 (length 423)
plasmid_files_fasta/KY270849.1_results/PROKKA_10092018:KY270849.1_50 (length 143)
plasmid_files_fasta/KY270849.1_results/PROKKA_10092018:KY270849.1_51 (length 323)
plasmid_files_fasta/KY270849.1_results/PROKKA_10092018:KY270849.1_52 (length 223)
plasmid_files_fasta/KY270849.1_results/PROKKA_10092018:KY270849.1_53 (length 76)
plasmid_files_fasta/KY270849.1_results/PROKKA_10092018:KY270849.1_54 (length 233)
plasmid_files_fasta/KY270849.1_results/PROKKA_10092018:KY270849.1_55 (length 73)
plasmid_files_fasta/KY270849.1_results/PROKKA_10092018:KY270849.1_56 (length 139)
plasmid_files_fasta/KY270849.1_results/PROKKA_10092018:KY270849.1_57 (length 255)
plasmid_files_fasta/KY270849.1_results/PROKKA_10092018:KY270849.1_58 (length 142)
plasmid_files_fasta/KY270849.1_results/PROKKA_10092018:KY270849.1_59 (length 168)
plasmid_files_fasta/KY270849.1_results/PROKKA_10092018:KY270849.1_60 (length 63)
plasmid_files_fasta/KY270849.1_results/PROKKA_10092018:KY270849.1_61 (length 84)
plasmid_files_fasta/KY270849.1_results/PROKKA_10092018:KY270849.1_62 (length 106)
plasmid_files_fasta/KY270849.1_results/PROKKA_10092018:KY270849.1_63 (length 75)
plasmid_files_fasta/KY270849.1_results/PROKKA_10092018:KY270849.1_64 (length 76)
plasmid_files_fasta/KY270849.1_results/PROKKA_10092018:KY270849.1_65 (length 451)
plasmid_files_fasta/KY270849.1_results/PROKKA_10092018:KY270849.1_66 (length 187)
plasmid_files_fasta/KY270849.1_results/PROKKA_10092018:KY270849.1_67 (length 109)
plasmid_files_fasta/KY270849.1_results/PROKKA_10092018:KY270849.1_68 (length 180)
plasmid_files_fasta/KY270849.1_results/PROKKA_10092018:KY270849.1_69 (length 82)
plasmid_files_fasta/KY270849.1_results/PROKKA_10092018:KY270849.1_70 (length 685)
plasmid_files_fasta/KY270849.1_results/PROKKA_10092018:KY270849.1_71 (length 143)
plasmid_files_fasta/KY270849.1_results/PROKKA_10092018:KY270849.1_72 (length 242)
plasmid_files_fasta/KY270849.1_results/PROKKA_10092018:KY270849.1_73 (length 108)
plasmid_files_fasta/KY270849.1_results/PROKKA_10092018:KY270849.1_74 (length 124)
plasmid_files_fasta/KY270849.1_results/PROKKA_10092018:KY270849.1_75 (length 61)
plasmid_files_fasta/KY270849.1_results/PROKKA_10092018:KY270849.1_76 (length 90)
plasmid_files_fasta/KY270849.1_results/PROKKA_10092018:KY270849.1_77 (length 116)
plasmid_files_fasta/KY270849.1_results/PROKKA_10092018:KY270849.1_78 (length 105)
plasmid_files_fasta/KY270849.1_results/PROKKA_10092018:KY270849.1_79 (length 118)
plasmid_files_fasta/KY270849.1_results/PROKKA_10092018:KY270849.1_80 (length 70)
plasmid_files_fasta/KY270849.1_results/PROKKA_10092018:KY270849.1_81 (length 74)
plasmid_files_fasta/KY270849.1_results/PROKKA_10092018:KY270849.1_82 (length 106)
plasmid_files_fasta/KY270849.1_results/PROKKA_10092018:KY270849.1_83 (length 92)
plasmid_files_fasta/KY270849.1_results/PROKKA_10092018:KY270849.1_84 (length 35)
plasmid_files_fasta/KY270849.1_results/PROKKA_10092018:KY270849.1_85 (length 273)
plasmid_files_fasta/KY270849.1_results/PROKKA_10092018:KY270849.1_86 (length 104)
plasmid_files_fasta/KY270849.1_results/PROKKA_10092018:KY270849.1_87 (length 161)
plasmid_files_fasta/KY270849.1_results/PROKKA_10092018:KY270849.1_88 (length 127)
plasmid_files_fasta/KY270849.1_results/PROKKA_10092018:KY270849.1_89 (length 245)
plasmid_files_fasta/KY270849.1_results/PROKKA_10092018:KY270849.1_90 (length 122)
plasmid_files_fasta/KY270849.1_results/PROKKA_10092018:KY270849.1_91 (length 101)
plasmid_files_fasta/KY270849.1_results/PROKKA_10092018:KY270849.1_92 (length 188)
plasmid_files_fasta/KY270849.1_results/PROKKA_10092018:KY270849.1_93 (length 246)
plasmid_files_fasta/KY270849.1_results/PROKKA_10092018:KY270849.1_94 (length 474)
plasmid_files_fasta/KY270849.1_results/PROKKA_10092018:KY270849.1_95 (length 194)
plasmid_files_fasta/KY270849.1_results/PROKKA_10092018:KY270849.1_96 (length 72)
plasmid_files_fasta/KY270849.1_results/PROKKA_10092018:KY270849.1_97 (length 103)
plasmid_files_fasta/KY270849.1_results/PROKKA_10092018:KY270849.1_98 (length 134)
plasmid_files_fasta/KY270849.1_results/PROKKA_10092018:KY270849.1_99 (length 130)
plasmid_files_fasta/KY270849.1_results/PROKKA_10092018:KY270849.1_100 (length 879)
plasmid_files_fasta/KY270849.1_results/PROKKA_10092018:KY270849.1_101 (length 129)
plasmid_files_fasta/KY270849.1_results/PROKKA_10092018:KY270849.1_102 (length 211)
plasmid_files_fasta/KY270849.1_results/PROKKA_10092018:KY270849.1_103 (length 133)
plasmid_files_fasta/KY270849.1_results/PROKKA_10092018:KY270849.1_104 (length 329)
plasmid_files_fasta/KY270849.1_results/PROKKA_10092018:KY270849.1_105 (length 212)
plasmid_files_fasta/KY270849.1_results/PROKKA_10092018:KY270849.1_106 (length 651)
plasmid_files_fasta/KY270849.1_results/PROKKA_10092018:KY270849.1_107 (length 84)
plasmid_files_fasta/KY270849.1_results/PROKKA_10092018:KY270849.1_108 (length 88)
plasmid_files_fasta/KY270849.1_results/PROKKA_10092018:KY270849.1_109 (length 108)
plasmid_files_fasta/KY270849.1_results/PROKKA_10092018:KY270849.1_110 (length 250)
plasmid_files_fasta/KY270849.1_results/PROKKA_10092018:KY270849.1_111 (length 79)
plasmid_files_fasta/KY270849.1_results/PROKKA_10092018:KY270849.1_112 (length 185)
plasmid_files_fasta/KY270849.1_results/PROKKA_10092018:KY270849.1_113 (length 147)
plasmid_files_fasta/KY270849.1_results/PROKKA_10092018:KY270849.1_114 (length 455)
plasmid_files_fasta/KY270849.1_results/PROKKA_10092018:KY270849.1_115 (length 949)
plasmid_files_fasta/KY270849.1_results/PROKKA_10092018:KY270849.1_116 (length 179)
plasmid_files_fasta/KY270849.1_results/PROKKA_10092018:KY270849.1_117 (length 243)
plasmid_files_fasta/KY270849.1_results/PROKKA_10092018:KY270849.1_118 (length 229)
plasmid_files_fasta/KY270849.1_results/PROKKA_10092018:KY270849.1_119 (length 770)
plasmid_files_fasta/KY270849.1_results/PROKKA_10092018:KY270849.1_120 (length 1753)
plasmid_files_fasta/KY270849.1_results/PROKKA_10092018:KY270849.1_121 (length 144)
plasmid_files_fasta/KY270849.1_results/PROKKA_10092018:KY270849.1_122 (length 197)
plasmid_files_fasta/KY270849.1_results/PROKKA_10092018:KY270849.1_123 (length 198)
plasmid_files_fasta/KY270849.1_results/PROKKA_10092018:KY270849.1_124 (length 214)
plasmid_files_fasta/KY270849.1_results/PROKKA_10092018:KY270849.1_125 (length 216)
plasmid_files_fasta/KY270849.1_results/PROKKA_10092018:KY270849.1_126 (length 102)
plasmid_files_fasta/KY270849.1_results/PROKKA_10092018:KY270849.1_127 (length 286)
plasmid_files_fasta/KY270849.1_results/PROKKA_10092018:KY270849.1_128 (length 185)
plasmid_files_fasta/KY270849.1_results/PROKKA_10092018:KY270849.1_129 (length 50)
plasmid_files_fasta/KY270849.1_results/PROKKA_10092018:KY270849.1_130 (length 142)
plasmid_files_fasta/KY270849.1_results/PROKKA_10092018:KY270849.1_131 (length 234)
plasmid_files_fasta/KY270849.1_results/PROKKA_10092018:KY270849.1_132 (length 145)
plasmid_files_fasta/KY270849.1_results/PROKKA_10092018:KY270849.1_133 (length 133)
plasmid_files_fasta/KY270849.1_results/PROKKA_10092018:KY270849.1_134 (length 234)
plasmid_files_fasta/KY270849.1_results/PROKKA_10092018:KY270849.1_135 (length 186)
plasmid_files_fasta/KY270849.1_results/PROKKA_10092018:KY270849.1_136 (length 92)
plasmid_files_fasta/KY270849.1_results/PROKKA_10092018:KY270849.1_137 (length 140)
plasmid_files_fasta/KY270849.1_results/PROKKA_10092018:KY270849.1_138 (length 51)
plasmid_files_fasta/KY270849.1_results/PROKKA_10092018:KY270849.1_139 (length 98)
plasmid_files_fasta/KY270849.1_results/PROKKA_10092018:KY270849.1_140 (length 326)
plasmid_files_fasta/KY270849.1_results/PROKKA_10092018:KY270849.1_141 (length 293)
plasmid_files_fasta/KY270849.1_results/PROKKA_10092018:KY270849.1_142 (length 138)
plasmid_files_fasta/KY270849.1_results/PROKKA_10092018:KY270849.1_143 (length 234)
plasmid_files_fasta/KY270849.1_results/PROKKA_10092018:KY270849.1_144 (length 187)
plasmid_files_fasta/KY270849.1_results/PROKKA_10092018:KY270849.1_145 (length 42)
plasmid_files_fasta/KY270849.1_results/PROKKA_10092018:KY270849.1_146 (length 326)
plasmid_files_fasta/KY270849.1_results/PROKKA_10092018:KY270849.1_147 (length 135)
plasmid_files_fasta/KY270849.1_results/PROKKA_10092018:KY270849.1_148 (length 131)
plasmid_files_fasta/KY270849.1_results/PROKKA_10092018:KY270849.1_149 (length 203)
plasmid_files_fasta/KY270849.1_results/PROKKA_10092018:KY270849.1_150 (length 316)
plasmid_files_fasta/KY270849.1_results/PROKKA_10092018:KY270849.1_151 (length 66)
plasmid_files_fasta/KY270849.1_results/PROKKA_10092018:KY270849.1_152 (length 210)
plasmid_files_fasta/KY270849.1_results/PROKKA_10092018:KY270849.1_153 (length 401)
plasmid_files_fasta/KY270849.1_results/PROKKA_10092018:KY270849.1_154 (length 323)
plasmid_files_fasta/KY270849.1_results/PROKKA_10092018:KY270849.1_155 (length 423)
plasmid_files_fasta/KY270849.1_results/PROKKA_10092018:KY270849.1_156 (length 140)
plasmid_files_fasta/KY270849.1_results/PROKKA_10092018:KY270849.1_157 (length 223)
plasmid_files_fasta/KY270849.1_results/PROKKA_10092018:KY270849.1_158 (length 225)
plasmid_files_fasta/KY270849.1_results/PROKKA_10092018:KY270849.1_159 (length 73)
plasmid_files_fasta/KY270849.1_results/PROKKA_10092018:KY270849.1_160 (length 139)
plasmid_files_fasta/KY270849.1_results/PROKKA_10092018:KY270849.1_161 (length 259)
plasmid_files_fasta/KY270849.1_results/PROKKA_10092018:KY270849.1_162 (length 168)
plasmid_files_fasta/KY270849.1_results/PROKKA_10092018:KY270849.1_163 (length 63)
plasmid_files_fasta/KY270849.1_results/PROKKA_10092018:KY270849.1_164 (length 86)
plasmid_files_fasta/KY270849.1_results/PROKKA_10092018:KY270849.1_165 (length 50)
plasmid_files_fasta/KY270849.1_results/PROKKA_10092018:KY270849.1_166 (length 100)
plasmid_files_fasta/KY270849.1_results/PROKKA_10092018:KY270849.1_167 (length 76)
plasmid_files_fasta/KY270849.1_results/PROKKA_10092018:KY270849.1_168 (length 220)
plasmid_files_fasta/KY270849.1_results/PROKKA_10092018:KY270849.1_169 (length 432)
plasmid_files_fasta/KY270849.1_results/PROKKA_10092018:KY270849.1_170 (length 143)
plasmid_files_fasta/KY270849.1_results/PROKKA_10092018:KY270849.1_171 (length 242)
plasmid_files_fasta/KY270849.1_results/PROKKA_10092018:KY270849.1_172 (length 107)
plasmid_files_fasta/KY270849.1_results/PROKKA_10092018:KY270849.1_173 (length 119)
plasmid_files_fasta/KY270849.1_results/PROKKA_10092018:KY270849.1_174 (length 124)
plasmid_files_fasta/KY270849.1_results/PROKKA_10092018:KY270849.1_175 (length 234)
plasmid_files_fasta/KY270849.1_results/PROKKA_10092018:KY270849.1_176 (length 278)
plasmid_files_fasta/KY270849.1_results/PROKKA_10092018:KY270849.1_177 (length 267)
plasmid_files_fasta/KY270849.1_results/PROKKA_10092018:KY270849.1_178 (length 271)
plasmid_files_fasta/KY270849.1_results/PROKKA_10092018:KY270849.1_179 (length 282)
plasmid_files_fasta/KY270849.1_results/PROKKA_10092018:KY270849.1_180 (length 235)
plasmid_files_fasta/KY270849.1_results/PROKKA_10092018:KY270849.1_181 (length 234)
plasmid_files_fasta/KY270849.1_results/PROKKA_10092018:KY270849.1_182 (length 189)
plasmid_files_fasta/KY270849.1_results/PROKKA_10092018:KY270849.1_183 (length 180)
plasmid_files_fasta/KY270849.1_results/PROKKA_10092018:KY270849.1_184 (length 102)
plasmid_files_fasta/KY270849.1_results/PROKKA_10092018:KY270849.1_185 (length 78)
plasmid_files_fasta/KY270849.1_results/PROKKA_10092018:KY270849.1_186 (length 184)
plasmid_files_fasta/KY270849.1_results/PROKKA_10092018:KY270849.1_187 (length 85)

DiscRep_ALL:DISC_SOURCE_QUALS_ASNDISC::strain (all present, all unique)
DiscRep_SUB:DISC_SOURCE_QUALS_ASNDISC::1 sources have unique values for strain
DiscRep_ALL:DISC_SOURCE_QUALS_ASNDISC::taxname (all present, all unique)
DiscRep_SUB:DISC_SOURCE_QUALS_ASNDISC::1 sources have unique values for taxname
DiscRep_ALL:DISC_FEATURE_COUNT::CDS: 187 present
DiscRep_ALL:DISC_COUNT_NUCLEOTIDES::1 nucleotide Bioseqs are present
plasmid_files_fasta/KY270849.1_results/PROKKA_10092018:KY270849.1 (length 143538)

DiscRep_ALL:FEATURE_LOCATION_CONFLICT::187 features have inconsistent gene locations.
DiscRep_SUB:FEATURE_LOCATION_CONFLICT::Coding region xref gene does not exist
plasmid_files_fasta/KY270849.1_results/PROKKA_10092018:CDS	hypothetical protein	KY270849.1:1-864	MCENDCBF_00001

DiscRep_SUB:FEATURE_LOCATION_CONFLICT::Coding region xref gene does not exist
plasmid_files_fasta/KY270849.1_results/PROKKA_10092018:CDS	hypothetical protein	KY270849.1:c1868-1722	MCENDCBF_00002

DiscRep_SUB:FEATURE_LOCATION_CONFLICT::Coding region xref gene does not exist
plasmid_files_fasta/KY270849.1_results/PROKKA_10092018:CDS	hypothetical protein	KY270849.1:2007-2855	MCENDCBF_00003

DiscRep_SUB:FEATURE_LOCATION_CONFLICT::Coding region xref gene does not exist
plasmid_files_fasta/KY270849.1_results/PROKKA_10092018:CDS	hypothetical protein	KY270849.1:2915-3199	MCENDCBF_00004

DiscRep_SUB:FEATURE_LOCATION_CONFLICT::Coding region xref gene does not exist
plasmid_files_fasta/KY270849.1_results/PROKKA_10092018:CDS	hypothetical protein	KY270849.1:3288-3581	MCENDCBF_00005

DiscRep_SUB:FEATURE_LOCATION_CONFLICT::Coding region xref gene does not exist
plasmid_files_fasta/KY270849.1_results/PROKKA_10092018:CDS	hypothetical protein	KY270849.1:3581-4186	MCENDCBF_00006

DiscRep_SUB:FEATURE_LOCATION_CONFLICT::Coding region xref gene does not exist
plasmid_files_fasta/KY270849.1_results/PROKKA_10092018:CDS	hypothetical protein	KY270849.1:4222-4794	MCENDCBF_00007

DiscRep_SUB:FEATURE_LOCATION_CONFLICT::Coding region xref gene does not exist
plasmid_files_fasta/KY270849.1_results/PROKKA_10092018:CDS	hypothetical protein	KY270849.1:c5597-4893	MCENDCBF_00008

DiscRep_SUB:FEATURE_LOCATION_CONFLICT::Coding region xref gene does not exist
plasmid_files_fasta/KY270849.1_results/PROKKA_10092018:CDS	Aminoglycoside 3'-phosphotransferase	KY270849.1:5748-6563	MCENDCBF_00009

DiscRep_SUB:FEATURE_LOCATION_CONFLICT::Coding region xref gene does not exist
plasmid_files_fasta/KY270849.1_results/PROKKA_10092018:CDS	hypothetical protein	KY270849.1:c7457-6753	MCENDCBF_00010

DiscRep_SUB:FEATURE_LOCATION_CONFLICT::Coding region xref gene does not exist
plasmid_files_fasta/KY270849.1_results/PROKKA_10092018:CDS	Tunicamycin resistance protein	KY270849.1:c7813-7469	MCENDCBF_00011

DiscRep_SUB:FEATURE_LOCATION_CONFLICT::Coding region xref gene does not exist
plasmid_files_fasta/KY270849.1_results/PROKKA_10092018:CDS	SPBc2 prophage-derived aminoglycoside N(3')-acetyltransferase-like protein YokD	KY270849.1:c8686-7826	MCENDCBF_00012

DiscRep_SUB:FEATURE_LOCATION_CONFLICT::Coding region xref gene does not exist
plasmid_files_fasta/KY270849.1_results/PROKKA_10092018:CDS	hypothetical protein	KY270849.1:8919-9623	MCENDCBF_00013

DiscRep_SUB:FEATURE_LOCATION_CONFLICT::Coding region xref gene does not exist
plasmid_files_fasta/KY270849.1_results/PROKKA_10092018:CDS	hypothetical protein	KY270849.1:9745-10650	MCENDCBF_00014

DiscRep_SUB:FEATURE_LOCATION_CONFLICT::Coding region xref gene does not exist
plasmid_files_fasta/KY270849.1_results/PROKKA_10092018:CDS	putative multidrug-efflux transporter	KY270849.1:10647-11885	MCENDCBF_00015

DiscRep_SUB:FEATURE_LOCATION_CONFLICT::Coding region xref gene does not exist
plasmid_files_fasta/KY270849.1_results/PROKKA_10092018:CDS	hypothetical protein	KY270849.1:11885-12469	MCENDCBF_00016

DiscRep_SUB:FEATURE_LOCATION_CONFLICT::Coding region xref gene does not exist
plasmid_files_fasta/KY270849.1_results/PROKKA_10092018:CDS	hypothetical protein	KY270849.1:c13726-12962	MCENDCBF_00017

DiscRep_SUB:FEATURE_LOCATION_CONFLICT::Coding region xref gene does not exist
plasmid_files_fasta/KY270849.1_results/PROKKA_10092018:CDS	hypothetical protein	KY270849.1:c14733-14233	MCENDCBF_00018

DiscRep_SUB:FEATURE_LOCATION_CONFLICT::Coding region xref gene does not exist
plasmid_files_fasta/KY270849.1_results/PROKKA_10092018:CDS	Dihydropteroate synthase	KY270849.1:c15700-14861	MCENDCBF_00019

DiscRep_SUB:FEATURE_LOCATION_CONFLICT::Coding region xref gene does not exist
plasmid_files_fasta/KY270849.1_results/PROKKA_10092018:CDS	Multidrug transporter EmrE	KY270849.1:c16041-15694	MCENDCBF_00020

DiscRep_SUB:FEATURE_LOCATION_CONFLICT::Coding region xref gene does not exist
plasmid_files_fasta/KY270849.1_results/PROKKA_10092018:CDS	Dihydrofolate reductase type 1	KY270849.1:c16683-16225	MCENDCBF_00021

DiscRep_SUB:FEATURE_LOCATION_CONFLICT::Coding region xref gene does not exist
plasmid_files_fasta/KY270849.1_results/PROKKA_10092018:CDS	Tyrosine recombinase XerD	KY270849.1:16854-17867	MCENDCBF_00022

DiscRep_SUB:FEATURE_LOCATION_CONFLICT::Coding region xref gene does not exist
plasmid_files_fasta/KY270849.1_results/PROKKA_10092018:CDS	hypothetical protein	KY270849.1:c19046-18342	MCENDCBF_00023

DiscRep_SUB:FEATURE_LOCATION_CONFLICT::Coding region xref gene does not exist
plasmid_files_fasta/KY270849.1_results/PROKKA_10092018:CDS	Transposon Tn7 transposition protein TnsB	KY270849.1:c20361-19093	MCENDCBF_00024

DiscRep_SUB:FEATURE_LOCATION_CONFLICT::Coding region xref gene does not exist
plasmid_files_fasta/KY270849.1_results/PROKKA_10092018:CDS	putative signaling protein	KY270849.1:c21374-20436	MCENDCBF_00025

DiscRep_SUB:FEATURE_LOCATION_CONFLICT::Coding region xref gene does not exist
plasmid_files_fasta/KY270849.1_results/PROKKA_10092018:CDS	HTH-type transcriptional activator mta	KY270849.1:c21733-21371	MCENDCBF_00026

DiscRep_SUB:FEATURE_LOCATION_CONFLICT::Coding region xref gene does not exist
plasmid_files_fasta/KY270849.1_results/PROKKA_10092018:CDS	Mercuric reductase	KY270849.1:c23445-21751	MCENDCBF_00027

DiscRep_SUB:FEATURE_LOCATION_CONFLICT::Coding region xref gene does not exist
plasmid_files_fasta/KY270849.1_results/PROKKA_10092018:CDS	Mercuric transport protein MerC	KY270849.1:c23958-23497	MCENDCBF_00028

DiscRep_SUB:FEATURE_LOCATION_CONFLICT::Coding region xref gene does not exist
plasmid_files_fasta/KY270849.1_results/PROKKA_10092018:CDS	Mercuric transport protein periplasmic component	KY270849.1:c24230-23955	MCENDCBF_00029

DiscRep_SUB:FEATURE_LOCATION_CONFLICT::Coding region xref gene does not exist
plasmid_files_fasta/KY270849.1_results/PROKKA_10092018:CDS	Mercuric transport protein MerT	KY270849.1:c24594-24244	MCENDCBF_00030

DiscRep_SUB:FEATURE_LOCATION_CONFLICT::Coding region xref gene does not exist
plasmid_files_fasta/KY270849.1_results/PROKKA_10092018:CDS	Mercuric resistance operon regulatory protein	KY270849.1:24666-25100	MCENDCBF_00031

DiscRep_SUB:FEATURE_LOCATION_CONFLICT::Coding region xref gene does not exist
plasmid_files_fasta/KY270849.1_results/PROKKA_10092018:CDS	hypothetical protein	KY270849.1:25179-26183	MCENDCBF_00032

DiscRep_SUB:FEATURE_LOCATION_CONFLICT::Coding region xref gene does not exist
plasmid_files_fasta/KY270849.1_results/PROKKA_10092018:CDS	hypothetical protein	KY270849.1:c27141-26764	MCENDCBF_00033

DiscRep_SUB:FEATURE_LOCATION_CONFLICT::Coding region xref gene does not exist
plasmid_files_fasta/KY270849.1_results/PROKKA_10092018:CDS	hypothetical protein	KY270849.1:c27461-27186	MCENDCBF_00034

DiscRep_SUB:FEATURE_LOCATION_CONFLICT::Coding region xref gene does not exist
plasmid_files_fasta/KY270849.1_results/PROKKA_10092018:CDS	hypothetical protein	KY270849.1:c28739-27717	MCENDCBF_00035

DiscRep_SUB:FEATURE_LOCATION_CONFLICT::Coding region xref gene does not exist
plasmid_files_fasta/KY270849.1_results/PROKKA_10092018:CDS	DNA replication and repair protein RecF	KY270849.1:c30286-28724	MCENDCBF_00036

DiscRep_SUB:FEATURE_LOCATION_CONFLICT::Coding region xref gene does not exist
plasmid_files_fasta/KY270849.1_results/PROKKA_10092018:CDS	tRNA(fMet)-specific endonuclease VapC	KY270849.1:c30776-30360	MCENDCBF_00037

DiscRep_SUB:FEATURE_LOCATION_CONFLICT::Coding region xref gene does not exist
plasmid_files_fasta/KY270849.1_results/PROKKA_10092018:CDS	Antitoxin VapB	KY270849.1:c31003-30773	MCENDCBF_00038

DiscRep_SUB:FEATURE_LOCATION_CONFLICT::Coding region xref gene does not exist
plasmid_files_fasta/KY270849.1_results/PROKKA_10092018:CDS	Antitoxin CcdA	KY270849.1:31591-31809	MCENDCBF_00039

DiscRep_SUB:FEATURE_LOCATION_CONFLICT::Coding region xref gene does not exist
plasmid_files_fasta/KY270849.1_results/PROKKA_10092018:CDS	Toxin CcdB	KY270849.1:31811-32116	MCENDCBF_00040

DiscRep_SUB:FEATURE_LOCATION_CONFLICT::Coding region xref gene does not exist
plasmid_files_fasta/KY270849.1_results/PROKKA_10092018:CDS	hypothetical protein	KY270849.1:32285-32680	MCENDCBF_00041

DiscRep_SUB:FEATURE_LOCATION_CONFLICT::Coding region xref gene does not exist
plasmid_files_fasta/KY270849.1_results/PROKKA_10092018:CDS	hypothetical protein	KY270849.1:32707-33021	MCENDCBF_00042

DiscRep_SUB:FEATURE_LOCATION_CONFLICT::Coding region xref gene does not exist
plasmid_files_fasta/KY270849.1_results/PROKKA_10092018:CDS	hypothetical protein	KY270849.1:33032-34048	MCENDCBF_00043

DiscRep_SUB:FEATURE_LOCATION_CONFLICT::Coding region xref gene does not exist
plasmid_files_fasta/KY270849.1_results/PROKKA_10092018:CDS	hypothetical protein	KY270849.1:c34186-34043	MCENDCBF_00044

DiscRep_SUB:FEATURE_LOCATION_CONFLICT::Coding region xref gene does not exist
plasmid_files_fasta/KY270849.1_results/PROKKA_10092018:CDS	Tyrosine recombinase XerD	KY270849.1:34246-35040	MCENDCBF_00045

DiscRep_SUB:FEATURE_LOCATION_CONFLICT::Coding region xref gene does not exist
plasmid_files_fasta/KY270849.1_results/PROKKA_10092018:CDS	hypothetical protein	KY270849.1:c35806-35504	MCENDCBF_00046

DiscRep_SUB:FEATURE_LOCATION_CONFLICT::Coding region xref gene does not exist
plasmid_files_fasta/KY270849.1_results/PROKKA_10092018:CDS	Chromosome-partitioning ATPase Soj	KY270849.1:c36429-35803	MCENDCBF_00047

DiscRep_SUB:FEATURE_LOCATION_CONFLICT::Coding region xref gene does not exist
plasmid_files_fasta/KY270849.1_results/PROKKA_10092018:CDS	Replication protein RepA	KY270849.1:c37969-37094	MCENDCBF_00048

DiscRep_SUB:FEATURE_LOCATION_CONFLICT::Coding region xref gene does not exist
plasmid_files_fasta/KY270849.1_results/PROKKA_10092018:CDS	Protein UmuC	KY270849.1:c39652-38381	MCENDCBF_00049

DiscRep_SUB:FEATURE_LOCATION_CONFLICT::Coding region xref gene does not exist
plasmid_files_fasta/KY270849.1_results/PROKKA_10092018:CDS	Protein UmuD	KY270849.1:c40083-39652	MCENDCBF_00050

DiscRep_SUB:FEATURE_LOCATION_CONFLICT::Coding region xref gene does not exist
plasmid_files_fasta/KY270849.1_results/PROKKA_10092018:CDS	Plasmid segregation protein ParM	KY270849.1:40317-41288	MCENDCBF_00051

DiscRep_SUB:FEATURE_LOCATION_CONFLICT::Coding region xref gene does not exist
plasmid_files_fasta/KY270849.1_results/PROKKA_10092018:CDS	hypothetical protein	KY270849.1:41291-41962	MCENDCBF_00052

DiscRep_SUB:FEATURE_LOCATION_CONFLICT::Coding region xref gene does not exist
plasmid_files_fasta/KY270849.1_results/PROKKA_10092018:CDS	hypothetical protein	KY270849.1:42026-42256	MCENDCBF_00053

DiscRep_SUB:FEATURE_LOCATION_CONFLICT::Coding region xref gene does not exist
plasmid_files_fasta/KY270849.1_results/PROKKA_10092018:CDS	DNA adenine methyltransferase YhdJ	KY270849.1:42693-43394	MCENDCBF_00054

DiscRep_SUB:FEATURE_LOCATION_CONFLICT::Coding region xref gene does not exist
plasmid_files_fasta/KY270849.1_results/PROKKA_10092018:CDS	hypothetical protein	KY270849.1:43394-43615	MCENDCBF_00055

DiscRep_SUB:FEATURE_LOCATION_CONFLICT::Coding region xref gene does not exist
plasmid_files_fasta/KY270849.1_results/PROKKA_10092018:CDS	hypothetical protein	KY270849.1:43625-44044	MCENDCBF_00056

DiscRep_SUB:FEATURE_LOCATION_CONFLICT::Coding region xref gene does not exist
plasmid_files_fasta/KY270849.1_results/PROKKA_10092018:CDS	hypothetical protein	KY270849.1:44098-44865	MCENDCBF_00057

DiscRep_SUB:FEATURE_LOCATION_CONFLICT::Coding region xref gene does not exist
plasmid_files_fasta/KY270849.1_results/PROKKA_10092018:CDS	Antirestriction protein KlcA	KY270849.1:45546-45974	MCENDCBF_00058

DiscRep_SUB:FEATURE_LOCATION_CONFLICT::Coding region xref gene does not exist
plasmid_files_fasta/KY270849.1_results/PROKKA_10092018:CDS	hypothetical protein	KY270849.1:46017-46523	MCENDCBF_00059

DiscRep_SUB:FEATURE_LOCATION_CONFLICT::Coding region xref gene does not exist
plasmid_files_fasta/KY270849.1_results/PROKKA_10092018:CDS	hypothetical protein	KY270849.1:46566-46757	MCENDCBF_00060

DiscRep_SUB:FEATURE_LOCATION_CONFLICT::Coding region xref gene does not exist
plasmid_files_fasta/KY270849.1_results/PROKKA_10092018:CDS	DNA polymerase III subunit theta	KY270849.1:46945-47199	MCENDCBF_00061

DiscRep_SUB:FEATURE_LOCATION_CONFLICT::Coding region xref gene does not exist
plasmid_files_fasta/KY270849.1_results/PROKKA_10092018:CDS	hypothetical protein	KY270849.1:47234-47554	MCENDCBF_00062

DiscRep_SUB:FEATURE_LOCATION_CONFLICT::Coding region xref gene does not exist
plasmid_files_fasta/KY270849.1_results/PROKKA_10092018:CDS	hypothetical protein	KY270849.1:48234-48461	MCENDCBF_00063

DiscRep_SUB:FEATURE_LOCATION_CONFLICT::Coding region xref gene does not exist
plasmid_files_fasta/KY270849.1_results/PROKKA_10092018:CDS	hypothetical protein	KY270849.1:48553-48783	MCENDCBF_00064

DiscRep_SUB:FEATURE_LOCATION_CONFLICT::Coding region xref gene does not exist
plasmid_files_fasta/KY270849.1_results/PROKKA_10092018:CDS	hypothetical protein	KY270849.1:48835-50190	MCENDCBF_00065

DiscRep_SUB:FEATURE_LOCATION_CONFLICT::Coding region xref gene does not exist
plasmid_files_fasta/KY270849.1_results/PROKKA_10092018:CDS	hypothetical protein	KY270849.1:50238-50801	MCENDCBF_00066

DiscRep_SUB:FEATURE_LOCATION_CONFLICT::Coding region xref gene does not exist
plasmid_files_fasta/KY270849.1_results/PROKKA_10092018:CDS	hypothetical protein	KY270849.1:c51025-50696	MCENDCBF_00067

DiscRep_SUB:FEATURE_LOCATION_CONFLICT::Coding region xref gene does not exist
plasmid_files_fasta/KY270849.1_results/PROKKA_10092018:CDS	Plasmid-derived single-stranded DNA-binding protein	KY270849.1:51634-52176	MCENDCBF_00068

DiscRep_SUB:FEATURE_LOCATION_CONFLICT::Coding region xref gene does not exist
plasmid_files_fasta/KY270849.1_results/PROKKA_10092018:CDS	hypothetical protein	KY270849.1:52225-52473	MCENDCBF_00069

DiscRep_SUB:FEATURE_LOCATION_CONFLICT::Coding region xref gene does not exist
plasmid_files_fasta/KY270849.1_results/PROKKA_10092018:CDS	Chromosome-partitioning protein Spo0J	KY270849.1:52543-54600	MCENDCBF_00070

DiscRep_SUB:FEATURE_LOCATION_CONFLICT::Coding region xref gene does not exist
plasmid_files_fasta/KY270849.1_results/PROKKA_10092018:CDS	Protein PsiB	KY270849.1:54645-55076	MCENDCBF_00071

DiscRep_SUB:FEATURE_LOCATION_CONFLICT::Coding region xref gene does not exist
plasmid_files_fasta/KY270849.1_results/PROKKA_10092018:CDS	hypothetical protein	KY270849.1:55073-55801	MCENDCBF_00072

DiscRep_SUB:FEATURE_LOCATION_CONFLICT::Coding region xref gene does not exist
plasmid_files_fasta/KY270849.1_results/PROKKA_10092018:CDS	hypothetical protein	KY270849.1:55798-56124	MCENDCBF_00073

DiscRep_SUB:FEATURE_LOCATION_CONFLICT::Coding region xref gene does not exist
plasmid_files_fasta/KY270849.1_results/PROKKA_10092018:CDS	hypothetical protein	KY270849.1:56180-56554	MCENDCBF_00074

DiscRep_SUB:FEATURE_LOCATION_CONFLICT::Coding region xref gene does not exist
plasmid_files_fasta/KY270849.1_results/PROKKA_10092018:CDS	Stable plasmid inheritance protein	KY270849.1:56755-56940	MCENDCBF_00075

DiscRep_SUB:FEATURE_LOCATION_CONFLICT::Coding region xref gene does not exist
plasmid_files_fasta/KY270849.1_results/PROKKA_10092018:CDS	hypothetical protein	KY270849.1:57633-57905	MCENDCBF_00076

DiscRep_SUB:FEATURE_LOCATION_CONFLICT::Coding region xref gene does not exist
plasmid_files_fasta/KY270849.1_results/PROKKA_10092018:CDS	hypothetical protein	KY270849.1:57902-58252	MCENDCBF_00077

DiscRep_SUB:FEATURE_LOCATION_CONFLICT::Coding region xref gene does not exist
plasmid_files_fasta/KY270849.1_results/PROKKA_10092018:CDS	hypothetical protein	KY270849.1:58267-58584	MCENDCBF_00078

DiscRep_SUB:FEATURE_LOCATION_CONFLICT::Coding region xref gene does not exist
plasmid_files_fasta/KY270849.1_results/PROKKA_10092018:CDS	hypothetical protein	KY270849.1:59425-59781	MCENDCBF_00079

DiscRep_SUB:FEATURE_LOCATION_CONFLICT::Coding region xref gene does not exist
plasmid_files_fasta/KY270849.1_results/PROKKA_10092018:CDS	hypothetical protein	KY270849.1:59842-60054	MCENDCBF_00080

DiscRep_SUB:FEATURE_LOCATION_CONFLICT::Coding region xref gene does not exist
plasmid_files_fasta/KY270849.1_results/PROKKA_10092018:CDS	hypothetical protein	KY270849.1:60065-60289	MCENDCBF_00081

DiscRep_SUB:FEATURE_LOCATION_CONFLICT::Coding region xref gene does not exist
plasmid_files_fasta/KY270849.1_results/PROKKA_10092018:CDS	hypothetical protein	KY270849.1:60370-60690	MCENDCBF_00082

DiscRep_SUB:FEATURE_LOCATION_CONFLICT::Coding region xref gene does not exist
plasmid_files_fasta/KY270849.1_results/PROKKA_10092018:CDS	Antitoxin HigA1	KY270849.1:60680-60958	MCENDCBF_00083

DiscRep_SUB:FEATURE_LOCATION_CONFLICT::Coding region xref gene does not exist
plasmid_files_fasta/KY270849.1_results/PROKKA_10092018:CDS	Antitoxin HigA	KY270849.1:60959-61066	MCENDCBF_00084

DiscRep_SUB:FEATURE_LOCATION_CONFLICT::Coding region xref gene does not exist
plasmid_files_fasta/KY270849.1_results/PROKKA_10092018:CDS	hypothetical protein	KY270849.1:61895-62716	MCENDCBF_00085

DiscRep_SUB:FEATURE_LOCATION_CONFLICT::Coding region xref gene does not exist
plasmid_files_fasta/KY270849.1_results/PROKKA_10092018:CDS	hypothetical protein	KY270849.1:62764-63078	MCENDCBF_00086

DiscRep_SUB:FEATURE_LOCATION_CONFLICT::Coding region xref gene does not exist
plasmid_files_fasta/KY270849.1_results/PROKKA_10092018:CDS	hypothetical protein	KY270849.1:c63596-63111	MCENDCBF_00087

DiscRep_SUB:FEATURE_LOCATION_CONFLICT::Coding region xref gene does not exist
plasmid_files_fasta/KY270849.1_results/PROKKA_10092018:CDS	Relaxosome protein TraM	KY270849.1:64020-64403	MCENDCBF_00088

DiscRep_SUB:FEATURE_LOCATION_CONFLICT::Coding region xref gene does not exist
plasmid_files_fasta/KY270849.1_results/PROKKA_10092018:CDS	Protein TraJ	KY270849.1:64603-65340	MCENDCBF_00089

DiscRep_SUB:FEATURE_LOCATION_CONFLICT::Coding region xref gene does not exist
plasmid_files_fasta/KY270849.1_results/PROKKA_10092018:CDS	Pilin	KY270849.1:65723-66091	MCENDCBF_00090

DiscRep_SUB:FEATURE_LOCATION_CONFLICT::Coding region xref gene does not exist
plasmid_files_fasta/KY270849.1_results/PROKKA_10092018:CDS	hypothetical protein	KY270849.1:66105-66410	MCENDCBF_00091

DiscRep_SUB:FEATURE_LOCATION_CONFLICT::Coding region xref gene does not exist
plasmid_files_fasta/KY270849.1_results/PROKKA_10092018:CDS	hypothetical protein	KY270849.1:66430-66996	MCENDCBF_00092

DiscRep_SUB:FEATURE_LOCATION_CONFLICT::Coding region xref gene does not exist
plasmid_files_fasta/KY270849.1_results/PROKKA_10092018:CDS	hypothetical protein	KY270849.1:66983-67723	MCENDCBF_00093

DiscRep_SUB:FEATURE_LOCATION_CONFLICT::Coding region xref gene does not exist
plasmid_files_fasta/KY270849.1_results/PROKKA_10092018:CDS	hypothetical protein	KY270849.1:67723-69147	MCENDCBF_00094

DiscRep_SUB:FEATURE_LOCATION_CONFLICT::Coding region xref gene does not exist
plasmid_files_fasta/KY270849.1_results/PROKKA_10092018:CDS	Protein TraV	KY270849.1:69219-69803	MCENDCBF_00095

DiscRep_SUB:FEATURE_LOCATION_CONFLICT::Coding region xref gene does not exist
plasmid_files_fasta/KY270849.1_results/PROKKA_10092018:CDS	hypothetical protein	KY270849.1:70126-70344	MCENDCBF_00096

DiscRep_SUB:FEATURE_LOCATION_CONFLICT::Coding region xref gene does not exist
plasmid_files_fasta/KY270849.1_results/PROKKA_10092018:CDS	hypothetical protein	KY270849.1:70345-70656	MCENDCBF_00097

DiscRep_SUB:FEATURE_LOCATION_CONFLICT::Coding region xref gene does not exist
plasmid_files_fasta/KY270849.1_results/PROKKA_10092018:CDS	hypothetical protein	KY270849.1:70723-71127	MCENDCBF_00098

DiscRep_SUB:FEATURE_LOCATION_CONFLICT::Coding region xref gene does not exist
plasmid_files_fasta/KY270849.1_results/PROKKA_10092018:CDS	hypothetical protein	KY270849.1:71510-71902	MCENDCBF_00099

DiscRep_SUB:FEATURE_LOCATION_CONFLICT::Coding region xref gene does not exist
plasmid_files_fasta/KY270849.1_results/PROKKA_10092018:CDS	Protein TraC	KY270849.1:71974-74613	MCENDCBF_00100

DiscRep_SUB:FEATURE_LOCATION_CONFLICT::Coding region xref gene does not exist
plasmid_files_fasta/KY270849.1_results/PROKKA_10092018:CDS	hypothetical protein	KY270849.1:74613-75002	MCENDCBF_00101

DiscRep_SUB:FEATURE_LOCATION_CONFLICT::Coding region xref gene does not exist
plasmid_files_fasta/KY270849.1_results/PROKKA_10092018:CDS	hypothetical protein	KY270849.1:75002-75637	MCENDCBF_00102

DiscRep_SUB:FEATURE_LOCATION_CONFLICT::Coding region xref gene does not exist
plasmid_files_fasta/KY270849.1_results/PROKKA_10092018:CDS	hypothetical protein	KY270849.1:75672-76073	MCENDCBF_00103

DiscRep_SUB:FEATURE_LOCATION_CONFLICT::Coding region xref gene does not exist
plasmid_files_fasta/KY270849.1_results/PROKKA_10092018:CDS	hypothetical protein	KY270849.1:76070-77059	MCENDCBF_00104

DiscRep_SUB:FEATURE_LOCATION_CONFLICT::Coding region xref gene does not exist
plasmid_files_fasta/KY270849.1_results/PROKKA_10092018:CDS	hypothetical protein	KY270849.1:77072-77710	MCENDCBF_00105

DiscRep_SUB:FEATURE_LOCATION_CONFLICT::Coding region xref gene does not exist
plasmid_files_fasta/KY270849.1_results/PROKKA_10092018:CDS	hypothetical protein	KY270849.1:77769-79724	MCENDCBF_00106

DiscRep_SUB:FEATURE_LOCATION_CONFLICT::Coding region xref gene does not exist
plasmid_files_fasta/KY270849.1_results/PROKKA_10092018:CDS	hypothetical protein	KY270849.1:79756-80010	MCENDCBF_00107

DiscRep_SUB:FEATURE_LOCATION_CONFLICT::Coding region xref gene does not exist
plasmid_files_fasta/KY270849.1_results/PROKKA_10092018:CDS	hypothetical protein	KY270849.1:79970-80236	MCENDCBF_00108

DiscRep_SUB:FEATURE_LOCATION_CONFLICT::Coding region xref gene does not exist
plasmid_files_fasta/KY270849.1_results/PROKKA_10092018:CDS	hypothetical protein	KY270849.1:80249-80575	MCENDCBF_00109

DiscRep_SUB:FEATURE_LOCATION_CONFLICT::Coding region xref gene does not exist
plasmid_files_fasta/KY270849.1_results/PROKKA_10092018:CDS	hypothetical protein	KY270849.1:80596-81348	MCENDCBF_00110

DiscRep_SUB:FEATURE_LOCATION_CONFLICT::Coding region xref gene does not exist
plasmid_files_fasta/KY270849.1_results/PROKKA_10092018:CDS	Protein TraQ	KY270849.1:81359-81598	MCENDCBF_00111

DiscRep_SUB:FEATURE_LOCATION_CONFLICT::Coding region xref gene does not exist
plasmid_files_fasta/KY270849.1_results/PROKKA_10092018:CDS	hypothetical protein	KY270849.1:81570-82127	MCENDCBF_00112

DiscRep_SUB:FEATURE_LOCATION_CONFLICT::Coding region xref gene does not exist
plasmid_files_fasta/KY270849.1_results/PROKKA_10092018:CDS	hypothetical protein	KY270849.1:82173-82616	MCENDCBF_00113

DiscRep_SUB:FEATURE_LOCATION_CONFLICT::Coding region xref gene does not exist
plasmid_files_fasta/KY270849.1_results/PROKKA_10092018:CDS	hypothetical protein	KY270849.1:82606-83973	MCENDCBF_00114

DiscRep_SUB:FEATURE_LOCATION_CONFLICT::Coding region xref gene does not exist
plasmid_files_fasta/KY270849.1_results/PROKKA_10092018:CDS	hypothetical protein	KY270849.1:83973-86822	MCENDCBF_00115

DiscRep_SUB:FEATURE_LOCATION_CONFLICT::Coding region xref gene does not exist
plasmid_files_fasta/KY270849.1_results/PROKKA_10092018:CDS	Protein TraS	KY270849.1:86819-87358	MCENDCBF_00116

DiscRep_SUB:FEATURE_LOCATION_CONFLICT::Coding region xref gene does not exist
plasmid_files_fasta/KY270849.1_results/PROKKA_10092018:CDS	Lipoprotein YlpA	KY270849.1:87544-88275	MCENDCBF_00117

DiscRep_SUB:FEATURE_LOCATION_CONFLICT::Coding region xref gene does not exist
plasmid_files_fasta/KY270849.1_results/PROKKA_10092018:CDS	hypothetical protein	KY270849.1:88468-89157	MCENDCBF_00118

DiscRep_SUB:FEATURE_LOCATION_CONFLICT::Coding region xref gene does not exist
plasmid_files_fasta/KY270849.1_results/PROKKA_10092018:CDS	Coupling protein TraD	KY270849.1:89284-91596	MCENDCBF_00119

DiscRep_SUB:FEATURE_LOCATION_CONFLICT::Coding region xref gene does not exist
plasmid_files_fasta/KY270849.1_results/PROKKA_10092018:CDS	Multifunctional conjugation protein TraI	KY270849.1:91596-96857	MCENDCBF_00120

DiscRep_SUB:FEATURE_LOCATION_CONFLICT::Coding region xref gene does not exist
plasmid_files_fasta/KY270849.1_results/PROKKA_10092018:CDS	hypothetical protein	KY270849.1:97227-97661	MCENDCBF_00121

DiscRep_SUB:FEATURE_LOCATION_CONFLICT::Coding region xref gene does not exist
plasmid_files_fasta/KY270849.1_results/PROKKA_10092018:CDS	Fertility inhibition protein	KY270849.1:97733-98326	MCENDCBF_00122

DiscRep_SUB:FEATURE_LOCATION_CONFLICT::Coding region xref gene does not exist
plasmid_files_fasta/KY270849.1_results/PROKKA_10092018:CDS	hypothetical protein	KY270849.1:98493-99089	MCENDCBF_00123

DiscRep_SUB:FEATURE_LOCATION_CONFLICT::Coding region xref gene does not exist
plasmid_files_fasta/KY270849.1_results/PROKKA_10092018:CDS	hypothetical protein	KY270849.1:99139-99783	MCENDCBF_00124

DiscRep_SUB:FEATURE_LOCATION_CONFLICT::Coding region xref gene does not exist
plasmid_files_fasta/KY270849.1_results/PROKKA_10092018:CDS	hypothetical protein	KY270849.1:99839-100489	MCENDCBF_00125

DiscRep_SUB:FEATURE_LOCATION_CONFLICT::Coding region xref gene does not exist
plasmid_files_fasta/KY270849.1_results/PROKKA_10092018:CDS	hypothetical protein	KY270849.1:100486-100794	MCENDCBF_00126

DiscRep_SUB:FEATURE_LOCATION_CONFLICT::Coding region xref gene does not exist
plasmid_files_fasta/KY270849.1_results/PROKKA_10092018:CDS	Beta-lactamase TEM	KY270849.1:c101887-101027	MCENDCBF_00127

DiscRep_SUB:FEATURE_LOCATION_CONFLICT::Coding region xref gene does not exist
plasmid_files_fasta/KY270849.1_results/PROKKA_10092018:CDS	Transposon Tn3 resolvase	KY270849.1:c102627-102070	MCENDCBF_00128

DiscRep_SUB:FEATURE_LOCATION_CONFLICT::Coding region xref gene does not exist
plasmid_files_fasta/KY270849.1_results/PROKKA_10092018:CDS	hypothetical protein	KY270849.1:102791-102943	MCENDCBF_00129

DiscRep_SUB:FEATURE_LOCATION_CONFLICT::Coding region xref gene does not exist
plasmid_files_fasta/KY270849.1_results/PROKKA_10092018:CDS	hypothetical protein	KY270849.1:102955-103383	MCENDCBF_00130

DiscRep_SUB:FEATURE_LOCATION_CONFLICT::Coding region xref gene does not exist
plasmid_files_fasta/KY270849.1_results/PROKKA_10092018:CDS	hypothetical protein	KY270849.1:c103978-103274	MCENDCBF_00131

DiscRep_SUB:FEATURE_LOCATION_CONFLICT::Coding region xref gene does not exist
plasmid_files_fasta/KY270849.1_results/PROKKA_10092018:CDS	hypothetical protein	KY270849.1:c104452-104015	MCENDCBF_00132

DiscRep_SUB:FEATURE_LOCATION_CONFLICT::Coding region xref gene does not exist
plasmid_files_fasta/KY270849.1_results/PROKKA_10092018:CDS	Transposon Tn3 resolvase	KY270849.1:c105145-104744	MCENDCBF_00133

DiscRep_SUB:FEATURE_LOCATION_CONFLICT::Coding region xref gene does not exist
plasmid_files_fasta/KY270849.1_results/PROKKA_10092018:CDS	hypothetical protein	KY270849.1:c105961-105257	MCENDCBF_00134

DiscRep_SUB:FEATURE_LOCATION_CONFLICT::Coding region xref gene does not exist
plasmid_files_fasta/KY270849.1_results/PROKKA_10092018:CDS	hypothetical protein	KY270849.1:106424-106984	MCENDCBF_00135

DiscRep_SUB:FEATURE_LOCATION_CONFLICT::Coding region xref gene does not exist
plasmid_files_fasta/KY270849.1_results/PROKKA_10092018:CDS	hypothetical protein	KY270849.1:107518-107796	MCENDCBF_00136

DiscRep_SUB:FEATURE_LOCATION_CONFLICT::Coding region xref gene does not exist
plasmid_files_fasta/KY270849.1_results/PROKKA_10092018:CDS	Antirestriction protein KlcA	KY270849.1:107910-108332	MCENDCBF_00137

DiscRep_SUB:FEATURE_LOCATION_CONFLICT::Coding region xref gene does not exist
plasmid_files_fasta/KY270849.1_results/PROKKA_10092018:CDS	hypothetical protein	KY270849.1:108460-108615	MCENDCBF_00138

DiscRep_SUB:FEATURE_LOCATION_CONFLICT::Coding region xref gene does not exist
plasmid_files_fasta/KY270849.1_results/PROKKA_10092018:CDS	hypothetical protein	KY270849.1:108661-108957	MCENDCBF_00139

DiscRep_SUB:FEATURE_LOCATION_CONFLICT::Coding region xref gene does not exist
plasmid_files_fasta/KY270849.1_results/PROKKA_10092018:CDS	hypothetical protein	KY270849.1:108962-109942	MCENDCBF_00140

DiscRep_SUB:FEATURE_LOCATION_CONFLICT::Coding region xref gene does not exist
plasmid_files_fasta/KY270849.1_results/PROKKA_10092018:CDS	Carbapenem-hydrolyzing beta-lactamase KPC	KY270849.1:c111073-110192	MCENDCBF_00141

DiscRep_SUB:FEATURE_LOCATION_CONFLICT::Coding region xref gene does not exist
plasmid_files_fasta/KY270849.1_results/PROKKA_10092018:CDS	hypothetical protein	KY270849.1:c111765-111349	MCENDCBF_00142

DiscRep_SUB:FEATURE_LOCATION_CONFLICT::Coding region xref gene does not exist
plasmid_files_fasta/KY270849.1_results/PROKKA_10092018:CDS	hypothetical protein	KY270849.1:c112509-111805	MCENDCBF_00143

DiscRep_SUB:FEATURE_LOCATION_CONFLICT::Coding region xref gene does not exist
plasmid_files_fasta/KY270849.1_results/PROKKA_10092018:CDS	Heat shock protein C	KY270849.1:c113528-112965	MCENDCBF_00144

DiscRep_SUB:FEATURE_LOCATION_CONFLICT::Coding region xref gene does not exist
plasmid_files_fasta/KY270849.1_results/PROKKA_10092018:CDS	hypothetical protein	KY270849.1:c113653-113525	MCENDCBF_00145

DiscRep_SUB:FEATURE_LOCATION_CONFLICT::Coding region xref gene does not exist
plasmid_files_fasta/KY270849.1_results/PROKKA_10092018:CDS	hypothetical protein	KY270849.1:c115154-114174	MCENDCBF_00146

DiscRep_SUB:FEATURE_LOCATION_CONFLICT::Coding region xref gene does not exist
plasmid_files_fasta/KY270849.1_results/PROKKA_10092018:CDS	Ribonuclease T	KY270849.1:115208-115615	MCENDCBF_00147

DiscRep_SUB:FEATURE_LOCATION_CONFLICT::Coding region xref gene does not exist
plasmid_files_fasta/KY270849.1_results/PROKKA_10092018:CDS	hypothetical protein	KY270849.1:115668-116063	MCENDCBF_00148

DiscRep_SUB:FEATURE_LOCATION_CONFLICT::Coding region xref gene does not exist
plasmid_files_fasta/KY270849.1_results/PROKKA_10092018:CDS	hypothetical protein	KY270849.1:116060-116671	MCENDCBF_00149

DiscRep_SUB:FEATURE_LOCATION_CONFLICT::Coding region xref gene does not exist
plasmid_files_fasta/KY270849.1_results/PROKKA_10092018:CDS	Recombination-promoting nuclease RpnA	KY270849.1:c117618-116668	MCENDCBF_00150

DiscRep_SUB:FEATURE_LOCATION_CONFLICT::Coding region xref gene does not exist
plasmid_files_fasta/KY270849.1_results/PROKKA_10092018:CDS	hypothetical protein	KY270849.1:c117965-117765	MCENDCBF_00151

DiscRep_SUB:FEATURE_LOCATION_CONFLICT::Coding region xref gene does not exist
plasmid_files_fasta/KY270849.1_results/PROKKA_10092018:CDS	Putative transposon Tn552 DNA-invertase bin3	KY270849.1:c118651-118019	MCENDCBF_00152

DiscRep_SUB:FEATURE_LOCATION_CONFLICT::Coding region xref gene does not exist
plasmid_files_fasta/KY270849.1_results/PROKKA_10092018:CDS	Plasmid partition protein A	KY270849.1:119014-120219	MCENDCBF_00153

DiscRep_SUB:FEATURE_LOCATION_CONFLICT::Coding region xref gene does not exist
plasmid_files_fasta/KY270849.1_results/PROKKA_10092018:CDS	Virulence regulon transcriptional activator VirB	KY270849.1:120216-121187	MCENDCBF_00154

DiscRep_SUB:FEATURE_LOCATION_CONFLICT::Coding region xref gene does not exist
plasmid_files_fasta/KY270849.1_results/PROKKA_10092018:CDS	Protein UmuC	KY270849.1:c122594-121323	MCENDCBF_00155

DiscRep_SUB:FEATURE_LOCATION_CONFLICT::Coding region xref gene does not exist
plasmid_files_fasta/KY270849.1_results/PROKKA_10092018:CDS	Protein UmuD	KY270849.1:c123016-122594	MCENDCBF_00156

DiscRep_SUB:FEATURE_LOCATION_CONFLICT::Coding region xref gene does not exist
plasmid_files_fasta/KY270849.1_results/PROKKA_10092018:CDS	Putative SOS response-associated peptidase YedK	KY270849.1:c123867-123196	MCENDCBF_00157

DiscRep_SUB:FEATURE_LOCATION_CONFLICT::Coding region xref gene does not exist
plasmid_files_fasta/KY270849.1_results/PROKKA_10092018:CDS	DNA adenine methyltransferase YhdJ	KY270849.1:124226-124903	MCENDCBF_00158

DiscRep_SUB:FEATURE_LOCATION_CONFLICT::Coding region xref gene does not exist
plasmid_files_fasta/KY270849.1_results/PROKKA_10092018:CDS	hypothetical protein	KY270849.1:124903-125124	MCENDCBF_00159

DiscRep_SUB:FEATURE_LOCATION_CONFLICT::Coding region xref gene does not exist
plasmid_files_fasta/KY270849.1_results/PROKKA_10092018:CDS	hypothetical protein	KY270849.1:125135-125554	MCENDCBF_00160

DiscRep_SUB:FEATURE_LOCATION_CONFLICT::Coding region xref gene does not exist
plasmid_files_fasta/KY270849.1_results/PROKKA_10092018:CDS	hypothetical protein	KY270849.1:125608-126387	MCENDCBF_00161

DiscRep_SUB:FEATURE_LOCATION_CONFLICT::Coding region xref gene does not exist
plasmid_files_fasta/KY270849.1_results/PROKKA_10092018:CDS	hypothetical protein	KY270849.1:126792-127298	MCENDCBF_00162

DiscRep_SUB:FEATURE_LOCATION_CONFLICT::Coding region xref gene does not exist
plasmid_files_fasta/KY270849.1_results/PROKKA_10092018:CDS	hypothetical protein	KY270849.1:127341-127532	MCENDCBF_00163

DiscRep_SUB:FEATURE_LOCATION_CONFLICT::Coding region xref gene does not exist
plasmid_files_fasta/KY270849.1_results/PROKKA_10092018:CDS	DNA polymerase III subunit theta	KY270849.1:127719-127979	MCENDCBF_00164

DiscRep_SUB:FEATURE_LOCATION_CONFLICT::Coding region xref gene does not exist
plasmid_files_fasta/KY270849.1_results/PROKKA_10092018:CDS	hypothetical protein	KY270849.1:128014-128166	MCENDCBF_00165

DiscRep_SUB:FEATURE_LOCATION_CONFLICT::Coding region xref gene does not exist
plasmid_files_fasta/KY270849.1_results/PROKKA_10092018:CDS	hypothetical protein	KY270849.1:c128672-128370	MCENDCBF_00166

DiscRep_SUB:FEATURE_LOCATION_CONFLICT::Coding region xref gene does not exist
plasmid_files_fasta/KY270849.1_results/PROKKA_10092018:CDS	hypothetical protein	KY270849.1:128957-129187	MCENDCBF_00167

DiscRep_SUB:FEATURE_LOCATION_CONFLICT::Coding region xref gene does not exist
plasmid_files_fasta/KY270849.1_results/PROKKA_10092018:CDS	Chromosome-partitioning protein Spo0J	KY270849.1:129258-129920	MCENDCBF_00168

DiscRep_SUB:FEATURE_LOCATION_CONFLICT::Coding region xref gene does not exist
plasmid_files_fasta/KY270849.1_results/PROKKA_10092018:CDS	hypothetical protein	KY270849.1:129969-131267	MCENDCBF_00169

DiscRep_SUB:FEATURE_LOCATION_CONFLICT::Coding region xref gene does not exist
plasmid_files_fasta/KY270849.1_results/PROKKA_10092018:CDS	Protein PsiB	KY270849.1:131310-131741	MCENDCBF_00170

DiscRep_SUB:FEATURE_LOCATION_CONFLICT::Coding region xref gene does not exist
plasmid_files_fasta/KY270849.1_results/PROKKA_10092018:CDS	hypothetical protein	KY270849.1:131738-132466	MCENDCBF_00171

DiscRep_SUB:FEATURE_LOCATION_CONFLICT::Coding region xref gene does not exist
plasmid_files_fasta/KY270849.1_results/PROKKA_10092018:CDS	hypothetical protein	KY270849.1:132463-132786	MCENDCBF_00172

DiscRep_SUB:FEATURE_LOCATION_CONFLICT::Coding region xref gene does not exist
plasmid_files_fasta/KY270849.1_results/PROKKA_10092018:CDS	hypothetical protein	KY270849.1:132848-133207	MCENDCBF_00173

DiscRep_SUB:FEATURE_LOCATION_CONFLICT::Coding region xref gene does not exist
plasmid_files_fasta/KY270849.1_results/PROKKA_10092018:CDS	hypothetical protein	KY270849.1:133833-134207	MCENDCBF_00174

DiscRep_SUB:FEATURE_LOCATION_CONFLICT::Coding region xref gene does not exist
plasmid_files_fasta/KY270849.1_results/PROKKA_10092018:CDS	hypothetical protein	KY270849.1:134333-135037	MCENDCBF_00175

DiscRep_SUB:FEATURE_LOCATION_CONFLICT::Coding region xref gene does not exist
plasmid_files_fasta/KY270849.1_results/PROKKA_10092018:CDS	hypothetical protein	KY270849.1:c135934-135098	MCENDCBF_00176

DiscRep_SUB:FEATURE_LOCATION_CONFLICT::Coding region xref gene does not exist
plasmid_files_fasta/KY270849.1_results/PROKKA_10092018:CDS	Aminoglycoside 3'-phosphotransferase	KY270849.1:c136737-135934	MCENDCBF_00177

DiscRep_SUB:FEATURE_LOCATION_CONFLICT::Coding region xref gene does not exist
plasmid_files_fasta/KY270849.1_results/PROKKA_10092018:CDS	Dihydropteroate synthase	KY270849.1:c137613-136798	MCENDCBF_00178

DiscRep_SUB:FEATURE_LOCATION_CONFLICT::Coding region xref gene does not exist
plasmid_files_fasta/KY270849.1_results/PROKKA_10092018:CDS	hypothetical protein	KY270849.1:c138769-137921	MCENDCBF_00179

DiscRep_SUB:FEATURE_LOCATION_CONFLICT::Coding region xref gene does not exist
plasmid_files_fasta/KY270849.1_results/PROKKA_10092018:CDS	Regulatory protein RepA	KY270849.1:c139466-138759	MCENDCBF_00180

DiscRep_SUB:FEATURE_LOCATION_CONFLICT::Coding region xref gene does not exist
plasmid_files_fasta/KY270849.1_results/PROKKA_10092018:CDS	hypothetical protein	KY270849.1:c140232-139528	MCENDCBF_00181

DiscRep_SUB:FEATURE_LOCATION_CONFLICT::Coding region xref gene does not exist
plasmid_files_fasta/KY270849.1_results/PROKKA_10092018:CDS	hypothetical protein	KY270849.1:140291-140860	MCENDCBF_00182

DiscRep_SUB:FEATURE_LOCATION_CONFLICT::Coding region xref gene does not exist
plasmid_files_fasta/KY270849.1_results/PROKKA_10092018:CDS	hypothetical protein	KY270849.1:141082-141624	MCENDCBF_00183

DiscRep_SUB:FEATURE_LOCATION_CONFLICT::Coding region xref gene does not exist
plasmid_files_fasta/KY270849.1_results/PROKKA_10092018:CDS	hypothetical protein	KY270849.1:141621-141929	MCENDCBF_00184

DiscRep_SUB:FEATURE_LOCATION_CONFLICT::Coding region xref gene does not exist
plasmid_files_fasta/KY270849.1_results/PROKKA_10092018:CDS	hypothetical protein	KY270849.1:142027-142263	MCENDCBF_00185

DiscRep_SUB:FEATURE_LOCATION_CONFLICT::Coding region xref gene does not exist
plasmid_files_fasta/KY270849.1_results/PROKKA_10092018:CDS	Phospholipase D	KY270849.1:142275-142829	MCENDCBF_00186

DiscRep_SUB:FEATURE_LOCATION_CONFLICT::Coding region xref gene does not exist
plasmid_files_fasta/KY270849.1_results/PROKKA_10092018:CDS	hypothetical protein	KY270849.1:142981-143238	MCENDCBF_00187

DiscRep_ALL:SUSPECT_PRODUCT_NAMES::1 product_names contain suspect phrase or characters
DiscRep_SUB:SUSPECT_PRODUCT_NAMES::May contain database identifier more appropriate in note; remove from product name
DiscRep_SUB:SUSPECT_PRODUCT_NAMES::1 features Three or more numbers together
plasmid_files_fasta/KY270849.1_results/PROKKA_10092018:CDS	Putative transposon Tn552 DNA-invertase bin3	KY270849.1:c118651-118019	MCENDCBF_00152

DiscRep_ALL:DISC_QUALITY_SCORES::Quality scores are missing on all sequences.

DiscRep_ALL:ONCALLER_COMMENT_PRESENT::1 comment descriptors were found (all same)
plasmid_files_fasta/KY270849.1_results/PROKKA_10092018:KY270849.1:Annotated using prokka 1.14-dev from https://github.com/tseemann/prokka

DiscRep_ALL:SHORT_PROT_SEQUENCES::4 protein sequences are shorter than 50 aa.
plasmid_files_fasta/KY270849.1_results/PROKKA_10092018:KY270849.1_2 (length 48)
plasmid_files_fasta/KY270849.1_results/PROKKA_10092018:KY270849.1_44 (length 47)
plasmid_files_fasta/KY270849.1_results/PROKKA_10092018:KY270849.1_84 (length 35)
plasmid_files_fasta/KY270849.1_results/PROKKA_10092018:KY270849.1_145 (length 42)

DiscRep_ALL:MISSING_GENOMEASSEMBLY_COMMENTS::1 bioseqs are missing GenomeAssembly structured comments
plasmid_files_fasta/KY270849.1_results/PROKKA_10092018:KY270849.1 (length 143538)

DiscRep_ALL:MOLTYPE_NOT_MRNA::1 molecule types are not set as mRNA.
plasmid_files_fasta/KY270849.1_results/PROKKA_10092018:KY270849.1 (length 143538)

DiscRep_ALL:TECHNIQUE_NOT_TSA::1 technique are not set as TSA
plasmid_files_fasta/KY270849.1_results/PROKKA_10092018:KY270849.1 (length 143538)

DiscRep_ALL:MISSING_STRUCTURED_COMMENT::1 sequences do not include structured comments.
plasmid_files_fasta/KY270849.1_results/PROKKA_10092018:KY270849.1 (length 143538)

DiscRep_ALL:MISSING_PROJECT::188 sequences do not include project.
plasmid_files_fasta/KY270849.1_results/PROKKA_10092018:KY270849.1 (length 143538)
plasmid_files_fasta/KY270849.1_results/PROKKA_10092018:KY270849.1_1 (length 287)
plasmid_files_fasta/KY270849.1_results/PROKKA_10092018:KY270849.1_2 (length 48)
plasmid_files_fasta/KY270849.1_results/PROKKA_10092018:KY270849.1_3 (length 282)
plasmid_files_fasta/KY270849.1_results/PROKKA_10092018:KY270849.1_4 (length 94)
plasmid_files_fasta/KY270849.1_results/PROKKA_10092018:KY270849.1_5 (length 97)
plasmid_files_fasta/KY270849.1_results/PROKKA_10092018:KY270849.1_6 (length 201)
plasmid_files_fasta/KY270849.1_results/PROKKA_10092018:KY270849.1_7 (length 190)
plasmid_files_fasta/KY270849.1_results/PROKKA_10092018:KY270849.1_8 (length 234)
plasmid_files_fasta/KY270849.1_results/PROKKA_10092018:KY270849.1_9 (length 271)
plasmid_files_fasta/KY270849.1_results/PROKKA_10092018:KY270849.1_10 (length 234)
plasmid_files_fasta/KY270849.1_results/PROKKA_10092018:KY270849.1_11 (length 114)
plasmid_files_fasta/KY270849.1_results/PROKKA_10092018:KY270849.1_12 (length 286)
plasmid_files_fasta/KY270849.1_results/PROKKA_10092018:KY270849.1_13 (length 234)
plasmid_files_fasta/KY270849.1_results/PROKKA_10092018:KY270849.1_14 (length 301)
plasmid_files_fasta/KY270849.1_results/PROKKA_10092018:KY270849.1_15 (length 412)
plasmid_files_fasta/KY270849.1_results/PROKKA_10092018:KY270849.1_16 (length 194)
plasmid_files_fasta/KY270849.1_results/PROKKA_10092018:KY270849.1_17 (length 254)
plasmid_files_fasta/KY270849.1_results/PROKKA_10092018:KY270849.1_18 (length 166)
plasmid_files_fasta/KY270849.1_results/PROKKA_10092018:KY270849.1_19 (length 279)
plasmid_files_fasta/KY270849.1_results/PROKKA_10092018:KY270849.1_20 (length 115)
plasmid_files_fasta/KY270849.1_results/PROKKA_10092018:KY270849.1_21 (length 152)
plasmid_files_fasta/KY270849.1_results/PROKKA_10092018:KY270849.1_22 (length 337)
plasmid_files_fasta/KY270849.1_results/PROKKA_10092018:KY270849.1_23 (length 234)
plasmid_files_fasta/KY270849.1_results/PROKKA_10092018:KY270849.1_24 (length 422)
plasmid_files_fasta/KY270849.1_results/PROKKA_10092018:KY270849.1_25 (length 312)
plasmid_files_fasta/KY270849.1_results/PROKKA_10092018:KY270849.1_26 (length 120)
plasmid_files_fasta/KY270849.1_results/PROKKA_10092018:KY270849.1_27 (length 564)
plasmid_files_fasta/KY270849.1_results/PROKKA_10092018:KY270849.1_28 (length 153)
plasmid_files_fasta/KY270849.1_results/PROKKA_10092018:KY270849.1_29 (length 91)
plasmid_files_fasta/KY270849.1_results/PROKKA_10092018:KY270849.1_30 (length 116)
plasmid_files_fasta/KY270849.1_results/PROKKA_10092018:KY270849.1_31 (length 144)
plasmid_files_fasta/KY270849.1_results/PROKKA_10092018:KY270849.1_32 (length 334)
plasmid_files_fasta/KY270849.1_results/PROKKA_10092018:KY270849.1_33 (length 125)
plasmid_files_fasta/KY270849.1_results/PROKKA_10092018:KY270849.1_34 (length 91)
plasmid_files_fasta/KY270849.1_results/PROKKA_10092018:KY270849.1_35 (length 340)
plasmid_files_fasta/KY270849.1_results/PROKKA_10092018:KY270849.1_36 (length 520)
plasmid_files_fasta/KY270849.1_results/PROKKA_10092018:KY270849.1_37 (length 138)
plasmid_files_fasta/KY270849.1_results/PROKKA_10092018:KY270849.1_38 (length 76)
plasmid_files_fasta/KY270849.1_results/PROKKA_10092018:KY270849.1_39 (length 72)
plasmid_files_fasta/KY270849.1_results/PROKKA_10092018:KY270849.1_40 (length 101)
plasmid_files_fasta/KY270849.1_results/PROKKA_10092018:KY270849.1_41 (length 131)
plasmid_files_fasta/KY270849.1_results/PROKKA_10092018:KY270849.1_42 (length 104)
plasmid_files_fasta/KY270849.1_results/PROKKA_10092018:KY270849.1_43 (length 338)
plasmid_files_fasta/KY270849.1_results/PROKKA_10092018:KY270849.1_44 (length 47)
plasmid_files_fasta/KY270849.1_results/PROKKA_10092018:KY270849.1_45 (length 264)
plasmid_files_fasta/KY270849.1_results/PROKKA_10092018:KY270849.1_46 (length 100)
plasmid_files_fasta/KY270849.1_results/PROKKA_10092018:KY270849.1_47 (length 208)
plasmid_files_fasta/KY270849.1_results/PROKKA_10092018:KY270849.1_48 (length 291)
plasmid_files_fasta/KY270849.1_results/PROKKA_10092018:KY270849.1_49 (length 423)
plasmid_files_fasta/KY270849.1_results/PROKKA_10092018:KY270849.1_50 (length 143)
plasmid_files_fasta/KY270849.1_results/PROKKA_10092018:KY270849.1_51 (length 323)
plasmid_files_fasta/KY270849.1_results/PROKKA_10092018:KY270849.1_52 (length 223)
plasmid_files_fasta/KY270849.1_results/PROKKA_10092018:KY270849.1_53 (length 76)
plasmid_files_fasta/KY270849.1_results/PROKKA_10092018:KY270849.1_54 (length 233)
plasmid_files_fasta/KY270849.1_results/PROKKA_10092018:KY270849.1_55 (length 73)
plasmid_files_fasta/KY270849.1_results/PROKKA_10092018:KY270849.1_56 (length 139)
plasmid_files_fasta/KY270849.1_results/PROKKA_10092018:KY270849.1_57 (length 255)
plasmid_files_fasta/KY270849.1_results/PROKKA_10092018:KY270849.1_58 (length 142)
plasmid_files_fasta/KY270849.1_results/PROKKA_10092018:KY270849.1_59 (length 168)
plasmid_files_fasta/KY270849.1_results/PROKKA_10092018:KY270849.1_60 (length 63)
plasmid_files_fasta/KY270849.1_results/PROKKA_10092018:KY270849.1_61 (length 84)
plasmid_files_fasta/KY270849.1_results/PROKKA_10092018:KY270849.1_62 (length 106)
plasmid_files_fasta/KY270849.1_results/PROKKA_10092018:KY270849.1_63 (length 75)
plasmid_files_fasta/KY270849.1_results/PROKKA_10092018:KY270849.1_64 (length 76)
plasmid_files_fasta/KY270849.1_results/PROKKA_10092018:KY270849.1_65 (length 451)
plasmid_files_fasta/KY270849.1_results/PROKKA_10092018:KY270849.1_66 (length 187)
plasmid_files_fasta/KY270849.1_results/PROKKA_10092018:KY270849.1_67 (length 109)
plasmid_files_fasta/KY270849.1_results/PROKKA_10092018:KY270849.1_68 (length 180)
plasmid_files_fasta/KY270849.1_results/PROKKA_10092018:KY270849.1_69 (length 82)
plasmid_files_fasta/KY270849.1_results/PROKKA_10092018:KY270849.1_70 (length 685)
plasmid_files_fasta/KY270849.1_results/PROKKA_10092018:KY270849.1_71 (length 143)
plasmid_files_fasta/KY270849.1_results/PROKKA_10092018:KY270849.1_72 (length 242)
plasmid_files_fasta/KY270849.1_results/PROKKA_10092018:KY270849.1_73 (length 108)
plasmid_files_fasta/KY270849.1_results/PROKKA_10092018:KY270849.1_74 (length 124)
plasmid_files_fasta/KY270849.1_results/PROKKA_10092018:KY270849.1_75 (length 61)
plasmid_files_fasta/KY270849.1_results/PROKKA_10092018:KY270849.1_76 (length 90)
plasmid_files_fasta/KY270849.1_results/PROKKA_10092018:KY270849.1_77 (length 116)
plasmid_files_fasta/KY270849.1_results/PROKKA_10092018:KY270849.1_78 (length 105)
plasmid_files_fasta/KY270849.1_results/PROKKA_10092018:KY270849.1_79 (length 118)
plasmid_files_fasta/KY270849.1_results/PROKKA_10092018:KY270849.1_80 (length 70)
plasmid_files_fasta/KY270849.1_results/PROKKA_10092018:KY270849.1_81 (length 74)
plasmid_files_fasta/KY270849.1_results/PROKKA_10092018:KY270849.1_82 (length 106)
plasmid_files_fasta/KY270849.1_results/PROKKA_10092018:KY270849.1_83 (length 92)
plasmid_files_fasta/KY270849.1_results/PROKKA_10092018:KY270849.1_84 (length 35)
plasmid_files_fasta/KY270849.1_results/PROKKA_10092018:KY270849.1_85 (length 273)
plasmid_files_fasta/KY270849.1_results/PROKKA_10092018:KY270849.1_86 (length 104)
plasmid_files_fasta/KY270849.1_results/PROKKA_10092018:KY270849.1_87 (length 161)
plasmid_files_fasta/KY270849.1_results/PROKKA_10092018:KY270849.1_88 (length 127)
plasmid_files_fasta/KY270849.1_results/PROKKA_10092018:KY270849.1_89 (length 245)
plasmid_files_fasta/KY270849.1_results/PROKKA_10092018:KY270849.1_90 (length 122)
plasmid_files_fasta/KY270849.1_results/PROKKA_10092018:KY270849.1_91 (length 101)
plasmid_files_fasta/KY270849.1_results/PROKKA_10092018:KY270849.1_92 (length 188)
plasmid_files_fasta/KY270849.1_results/PROKKA_10092018:KY270849.1_93 (length 246)
plasmid_files_fasta/KY270849.1_results/PROKKA_10092018:KY270849.1_94 (length 474)
plasmid_files_fasta/KY270849.1_results/PROKKA_10092018:KY270849.1_95 (length 194)
plasmid_files_fasta/KY270849.1_results/PROKKA_10092018:KY270849.1_96 (length 72)
plasmid_files_fasta/KY270849.1_results/PROKKA_10092018:KY270849.1_97 (length 103)
plasmid_files_fasta/KY270849.1_results/PROKKA_10092018:KY270849.1_98 (length 134)
plasmid_files_fasta/KY270849.1_results/PROKKA_10092018:KY270849.1_99 (length 130)
plasmid_files_fasta/KY270849.1_results/PROKKA_10092018:KY270849.1_100 (length 879)
plasmid_files_fasta/KY270849.1_results/PROKKA_10092018:KY270849.1_101 (length 129)
plasmid_files_fasta/KY270849.1_results/PROKKA_10092018:KY270849.1_102 (length 211)
plasmid_files_fasta/KY270849.1_results/PROKKA_10092018:KY270849.1_103 (length 133)
plasmid_files_fasta/KY270849.1_results/PROKKA_10092018:KY270849.1_104 (length 329)
plasmid_files_fasta/KY270849.1_results/PROKKA_10092018:KY270849.1_105 (length 212)
plasmid_files_fasta/KY270849.1_results/PROKKA_10092018:KY270849.1_106 (length 651)
plasmid_files_fasta/KY270849.1_results/PROKKA_10092018:KY270849.1_107 (length 84)
plasmid_files_fasta/KY270849.1_results/PROKKA_10092018:KY270849.1_108 (length 88)
plasmid_files_fasta/KY270849.1_results/PROKKA_10092018:KY270849.1_109 (length 108)
plasmid_files_fasta/KY270849.1_results/PROKKA_10092018:KY270849.1_110 (length 250)
plasmid_files_fasta/KY270849.1_results/PROKKA_10092018:KY270849.1_111 (length 79)
plasmid_files_fasta/KY270849.1_results/PROKKA_10092018:KY270849.1_112 (length 185)
plasmid_files_fasta/KY270849.1_results/PROKKA_10092018:KY270849.1_113 (length 147)
plasmid_files_fasta/KY270849.1_results/PROKKA_10092018:KY270849.1_114 (length 455)
plasmid_files_fasta/KY270849.1_results/PROKKA_10092018:KY270849.1_115 (length 949)
plasmid_files_fasta/KY270849.1_results/PROKKA_10092018:KY270849.1_116 (length 179)
plasmid_files_fasta/KY270849.1_results/PROKKA_10092018:KY270849.1_117 (length 243)
plasmid_files_fasta/KY270849.1_results/PROKKA_10092018:KY270849.1_118 (length 229)
plasmid_files_fasta/KY270849.1_results/PROKKA_10092018:KY270849.1_119 (length 770)
plasmid_files_fasta/KY270849.1_results/PROKKA_10092018:KY270849.1_120 (length 1753)
plasmid_files_fasta/KY270849.1_results/PROKKA_10092018:KY270849.1_121 (length 144)
plasmid_files_fasta/KY270849.1_results/PROKKA_10092018:KY270849.1_122 (length 197)
plasmid_files_fasta/KY270849.1_results/PROKKA_10092018:KY270849.1_123 (length 198)
plasmid_files_fasta/KY270849.1_results/PROKKA_10092018:KY270849.1_124 (length 214)
plasmid_files_fasta/KY270849.1_results/PROKKA_10092018:KY270849.1_125 (length 216)
plasmid_files_fasta/KY270849.1_results/PROKKA_10092018:KY270849.1_126 (length 102)
plasmid_files_fasta/KY270849.1_results/PROKKA_10092018:KY270849.1_127 (length 286)
plasmid_files_fasta/KY270849.1_results/PROKKA_10092018:KY270849.1_128 (length 185)
plasmid_files_fasta/KY270849.1_results/PROKKA_10092018:KY270849.1_129 (length 50)
plasmid_files_fasta/KY270849.1_results/PROKKA_10092018:KY270849.1_130 (length 142)
plasmid_files_fasta/KY270849.1_results/PROKKA_10092018:KY270849.1_131 (length 234)
plasmid_files_fasta/KY270849.1_results/PROKKA_10092018:KY270849.1_132 (length 145)
plasmid_files_fasta/KY270849.1_results/PROKKA_10092018:KY270849.1_133 (length 133)
plasmid_files_fasta/KY270849.1_results/PROKKA_10092018:KY270849.1_134 (length 234)
plasmid_files_fasta/KY270849.1_results/PROKKA_10092018:KY270849.1_135 (length 186)
plasmid_files_fasta/KY270849.1_results/PROKKA_10092018:KY270849.1_136 (length 92)
plasmid_files_fasta/KY270849.1_results/PROKKA_10092018:KY270849.1_137 (length 140)
plasmid_files_fasta/KY270849.1_results/PROKKA_10092018:KY270849.1_138 (length 51)
plasmid_files_fasta/KY270849.1_results/PROKKA_10092018:KY270849.1_139 (length 98)
plasmid_files_fasta/KY270849.1_results/PROKKA_10092018:KY270849.1_140 (length 326)
plasmid_files_fasta/KY270849.1_results/PROKKA_10092018:KY270849.1_141 (length 293)
plasmid_files_fasta/KY270849.1_results/PROKKA_10092018:KY270849.1_142 (length 138)
plasmid_files_fasta/KY270849.1_results/PROKKA_10092018:KY270849.1_143 (length 234)
plasmid_files_fasta/KY270849.1_results/PROKKA_10092018:KY270849.1_144 (length 187)
plasmid_files_fasta/KY270849.1_results/PROKKA_10092018:KY270849.1_145 (length 42)
plasmid_files_fasta/KY270849.1_results/PROKKA_10092018:KY270849.1_146 (length 326)
plasmid_files_fasta/KY270849.1_results/PROKKA_10092018:KY270849.1_147 (length 135)
plasmid_files_fasta/KY270849.1_results/PROKKA_10092018:KY270849.1_148 (length 131)
plasmid_files_fasta/KY270849.1_results/PROKKA_10092018:KY270849.1_149 (length 203)
plasmid_files_fasta/KY270849.1_results/PROKKA_10092018:KY270849.1_150 (length 316)
plasmid_files_fasta/KY270849.1_results/PROKKA_10092018:KY270849.1_151 (length 66)
plasmid_files_fasta/KY270849.1_results/PROKKA_10092018:KY270849.1_152 (length 210)
plasmid_files_fasta/KY270849.1_results/PROKKA_10092018:KY270849.1_153 (length 401)
plasmid_files_fasta/KY270849.1_results/PROKKA_10092018:KY270849.1_154 (length 323)
plasmid_files_fasta/KY270849.1_results/PROKKA_10092018:KY270849.1_155 (length 423)
plasmid_files_fasta/KY270849.1_results/PROKKA_10092018:KY270849.1_156 (length 140)
plasmid_files_fasta/KY270849.1_results/PROKKA_10092018:KY270849.1_157 (length 223)
plasmid_files_fasta/KY270849.1_results/PROKKA_10092018:KY270849.1_158 (length 225)
plasmid_files_fasta/KY270849.1_results/PROKKA_10092018:KY270849.1_159 (length 73)
plasmid_files_fasta/KY270849.1_results/PROKKA_10092018:KY270849.1_160 (length 139)
plasmid_files_fasta/KY270849.1_results/PROKKA_10092018:KY270849.1_161 (length 259)
plasmid_files_fasta/KY270849.1_results/PROKKA_10092018:KY270849.1_162 (length 168)
plasmid_files_fasta/KY270849.1_results/PROKKA_10092018:KY270849.1_163 (length 63)
plasmid_files_fasta/KY270849.1_results/PROKKA_10092018:KY270849.1_164 (length 86)
plasmid_files_fasta/KY270849.1_results/PROKKA_10092018:KY270849.1_165 (length 50)
plasmid_files_fasta/KY270849.1_results/PROKKA_10092018:KY270849.1_166 (length 100)
plasmid_files_fasta/KY270849.1_results/PROKKA_10092018:KY270849.1_167 (length 76)
plasmid_files_fasta/KY270849.1_results/PROKKA_10092018:KY270849.1_168 (length 220)
plasmid_files_fasta/KY270849.1_results/PROKKA_10092018:KY270849.1_169 (length 432)
plasmid_files_fasta/KY270849.1_results/PROKKA_10092018:KY270849.1_170 (length 143)
plasmid_files_fasta/KY270849.1_results/PROKKA_10092018:KY270849.1_171 (length 242)
plasmid_files_fasta/KY270849.1_results/PROKKA_10092018:KY270849.1_172 (length 107)
plasmid_files_fasta/KY270849.1_results/PROKKA_10092018:KY270849.1_173 (length 119)
plasmid_files_fasta/KY270849.1_results/PROKKA_10092018:KY270849.1_174 (length 124)
plasmid_files_fasta/KY270849.1_results/PROKKA_10092018:KY270849.1_175 (length 234)
plasmid_files_fasta/KY270849.1_results/PROKKA_10092018:KY270849.1_176 (length 278)
plasmid_files_fasta/KY270849.1_results/PROKKA_10092018:KY270849.1_177 (length 267)
plasmid_files_fasta/KY270849.1_results/PROKKA_10092018:KY270849.1_178 (length 271)
plasmid_files_fasta/KY270849.1_results/PROKKA_10092018:KY270849.1_179 (length 282)
plasmid_files_fasta/KY270849.1_results/PROKKA_10092018:KY270849.1_180 (length 235)
plasmid_files_fasta/KY270849.1_results/PROKKA_10092018:KY270849.1_181 (length 234)
plasmid_files_fasta/KY270849.1_results/PROKKA_10092018:KY270849.1_182 (length 189)
plasmid_files_fasta/KY270849.1_results/PROKKA_10092018:KY270849.1_183 (length 180)
plasmid_files_fasta/KY270849.1_results/PROKKA_10092018:KY270849.1_184 (length 102)
plasmid_files_fasta/KY270849.1_results/PROKKA_10092018:KY270849.1_185 (length 78)
plasmid_files_fasta/KY270849.1_results/PROKKA_10092018:KY270849.1_186 (length 184)
plasmid_files_fasta/KY270849.1_results/PROKKA_10092018:KY270849.1_187 (length 85)

DiscRep_ALL:DISC_INCONSISTENT_MOLINFO_TECH::Molinfo Technique Report (some missing, all same)
DiscRep_SUB:DISC_INCONSISTENT_MOLINFO_TECH::technique (all missing)
DiscRep_SUB:DISC_INCONSISTENT_MOLINFO_TECH::1 Molinfos are missing field technique
plasmid_files_fasta/KY270849.1_results/PROKKA_10092018:KY270849.1 (length 143538)

