Discrepancy Report Results

Summary
FATAL: MISSING_PROTEIN_ID:201 proteins have invalid IDs.
DISC_SOURCE_QUALS_ASNDISC:strain (all present, all unique)
DISC_SOURCE_QUALS_ASNDISC:taxname (all present, all unique)
DISC_FEATURE_COUNT:CDS: 201 present
DISC_FEATURE_COUNT:tRNA: 1 present
DISC_COUNT_NUCLEOTIDES:1 nucleotide Bioseqs are present
FEATURE_LOCATION_CONFLICT:202 features have inconsistent gene locations.
SUSPECT_PRODUCT_NAMES:2 product_names contain suspect phrase or characters
	May contain database identifier more appropriate in note; remove from product name
		2 features Three or more numbers together
DISC_QUALITY_SCORES:Quality scores are missing on all sequences.
ONCALLER_COMMENT_PRESENT:1 comment descriptors were found (all same)
SHORT_PROT_SEQUENCES:5 protein sequences are shorter than 50 aa.
MISSING_GENOMEASSEMBLY_COMMENTS:1 bioseqs are missing GenomeAssembly structured comments
MOLTYPE_NOT_MRNA:1 molecule types are not set as mRNA.
TECHNIQUE_NOT_TSA:1 technique are not set as TSA
MISSING_STRUCTURED_COMMENT:1 sequences do not include structured comments.
MISSING_PROJECT:202 sequences do not include project.
DISC_INCONSISTENT_MOLINFO_TECH:Molinfo Technique Report (some missing, all same)


Detailed Report

FATAL: DiscRep_ALL:MISSING_PROTEIN_ID::201 proteins have invalid IDs.
plasmid_files_fasta/CP031720.1_results/PROKKA_10092018:CP031720.1_1 (length 124)
plasmid_files_fasta/CP031720.1_results/PROKKA_10092018:CP031720.1_2 (length 119)
plasmid_files_fasta/CP031720.1_results/PROKKA_10092018:CP031720.1_3 (length 107)
plasmid_files_fasta/CP031720.1_results/PROKKA_10092018:CP031720.1_4 (length 242)
plasmid_files_fasta/CP031720.1_results/PROKKA_10092018:CP031720.1_5 (length 143)
plasmid_files_fasta/CP031720.1_results/PROKKA_10092018:CP031720.1_6 (length 432)
plasmid_files_fasta/CP031720.1_results/PROKKA_10092018:CP031720.1_7 (length 220)
plasmid_files_fasta/CP031720.1_results/PROKKA_10092018:CP031720.1_8 (length 76)
plasmid_files_fasta/CP031720.1_results/PROKKA_10092018:CP031720.1_9 (length 100)
plasmid_files_fasta/CP031720.1_results/PROKKA_10092018:CP031720.1_10 (length 37)
plasmid_files_fasta/CP031720.1_results/PROKKA_10092018:CP031720.1_11 (length 50)
plasmid_files_fasta/CP031720.1_results/PROKKA_10092018:CP031720.1_12 (length 86)
plasmid_files_fasta/CP031720.1_results/PROKKA_10092018:CP031720.1_13 (length 78)
plasmid_files_fasta/CP031720.1_results/PROKKA_10092018:CP031720.1_14 (length 63)
plasmid_files_fasta/CP031720.1_results/PROKKA_10092018:CP031720.1_15 (length 168)
plasmid_files_fasta/CP031720.1_results/PROKKA_10092018:CP031720.1_16 (length 259)
plasmid_files_fasta/CP031720.1_results/PROKKA_10092018:CP031720.1_17 (length 139)
plasmid_files_fasta/CP031720.1_results/PROKKA_10092018:CP031720.1_18 (length 73)
plasmid_files_fasta/CP031720.1_results/PROKKA_10092018:CP031720.1_19 (length 225)
plasmid_files_fasta/CP031720.1_results/PROKKA_10092018:CP031720.1_20 (length 223)
plasmid_files_fasta/CP031720.1_results/PROKKA_10092018:CP031720.1_21 (length 140)
plasmid_files_fasta/CP031720.1_results/PROKKA_10092018:CP031720.1_22 (length 423)
plasmid_files_fasta/CP031720.1_results/PROKKA_10092018:CP031720.1_23 (length 323)
plasmid_files_fasta/CP031720.1_results/PROKKA_10092018:CP031720.1_24 (length 401)
plasmid_files_fasta/CP031720.1_results/PROKKA_10092018:CP031720.1_25 (length 210)
plasmid_files_fasta/CP031720.1_results/PROKKA_10092018:CP031720.1_26 (length 66)
plasmid_files_fasta/CP031720.1_results/PROKKA_10092018:CP031720.1_27 (length 316)
plasmid_files_fasta/CP031720.1_results/PROKKA_10092018:CP031720.1_28 (length 203)
plasmid_files_fasta/CP031720.1_results/PROKKA_10092018:CP031720.1_29 (length 131)
plasmid_files_fasta/CP031720.1_results/PROKKA_10092018:CP031720.1_30 (length 326)
plasmid_files_fasta/CP031720.1_results/PROKKA_10092018:CP031720.1_31 (length 136)
plasmid_files_fasta/CP031720.1_results/PROKKA_10092018:CP031720.1_32 (length 42)
plasmid_files_fasta/CP031720.1_results/PROKKA_10092018:CP031720.1_33 (length 187)
plasmid_files_fasta/CP031720.1_results/PROKKA_10092018:CP031720.1_34 (length 234)
plasmid_files_fasta/CP031720.1_results/PROKKA_10092018:CP031720.1_35 (length 1711)
plasmid_files_fasta/CP031720.1_results/PROKKA_10092018:CP031720.1_36 (length 741)
plasmid_files_fasta/CP031720.1_results/PROKKA_10092018:CP031720.1_37 (length 245)
plasmid_files_fasta/CP031720.1_results/PROKKA_10092018:CP031720.1_38 (length 244)
plasmid_files_fasta/CP031720.1_results/PROKKA_10092018:CP031720.1_39 (length 173)
plasmid_files_fasta/CP031720.1_results/PROKKA_10092018:CP031720.1_40 (length 938)
plasmid_files_fasta/CP031720.1_results/PROKKA_10092018:CP031720.1_41 (length 130)
plasmid_files_fasta/CP031720.1_results/PROKKA_10092018:CP031720.1_42 (length 104)
plasmid_files_fasta/CP031720.1_results/PROKKA_10092018:CP031720.1_43 (length 181)
plasmid_files_fasta/CP031720.1_results/PROKKA_10092018:CP031720.1_44 (length 93)
plasmid_files_fasta/CP031720.1_results/PROKKA_10092018:CP031720.1_45 (length 247)
plasmid_files_fasta/CP031720.1_results/PROKKA_10092018:CP031720.1_46 (length 86)
plasmid_files_fasta/CP031720.1_results/PROKKA_10092018:CP031720.1_47 (length 616)
plasmid_files_fasta/CP031720.1_results/PROKKA_10092018:CP031720.1_48 (length 140)
plasmid_files_fasta/CP031720.1_results/PROKKA_10092018:CP031720.1_49 (length 123)
plasmid_files_fasta/CP031720.1_results/PROKKA_10092018:CP031720.1_50 (length 212)
plasmid_files_fasta/CP031720.1_results/PROKKA_10092018:CP031720.1_51 (length 87)
plasmid_files_fasta/CP031720.1_results/PROKKA_10092018:CP031720.1_52 (length 322)
plasmid_files_fasta/CP031720.1_results/PROKKA_10092018:CP031720.1_53 (length 90)
plasmid_files_fasta/CP031720.1_results/PROKKA_10092018:CP031720.1_54 (length 102)
plasmid_files_fasta/CP031720.1_results/PROKKA_10092018:CP031720.1_55 (length 330)
plasmid_files_fasta/CP031720.1_results/PROKKA_10092018:CP031720.1_56 (length 210)
plasmid_files_fasta/CP031720.1_results/PROKKA_10092018:CP031720.1_57 (length 128)
plasmid_files_fasta/CP031720.1_results/PROKKA_10092018:CP031720.1_58 (length 875)
plasmid_files_fasta/CP031720.1_results/PROKKA_10092018:CP031720.1_59 (length 73)
plasmid_files_fasta/CP031720.1_results/PROKKA_10092018:CP031720.1_60 (length 171)
plasmid_files_fasta/CP031720.1_results/PROKKA_10092018:CP031720.1_61 (length 83)
plasmid_files_fasta/CP031720.1_results/PROKKA_10092018:CP031720.1_62 (length 65)
plasmid_files_fasta/CP031720.1_results/PROKKA_10092018:CP031720.1_63 (length 196)
plasmid_files_fasta/CP031720.1_results/PROKKA_10092018:CP031720.1_64 (length 475)
plasmid_files_fasta/CP031720.1_results/PROKKA_10092018:CP031720.1_65 (length 242)
plasmid_files_fasta/CP031720.1_results/PROKKA_10092018:CP031720.1_66 (length 188)
plasmid_files_fasta/CP031720.1_results/PROKKA_10092018:CP031720.1_67 (length 103)
plasmid_files_fasta/CP031720.1_results/PROKKA_10092018:CP031720.1_68 (length 121)
plasmid_files_fasta/CP031720.1_results/PROKKA_10092018:CP031720.1_69 (length 75)
plasmid_files_fasta/CP031720.1_results/PROKKA_10092018:CP031720.1_70 (length 228)
plasmid_files_fasta/CP031720.1_results/PROKKA_10092018:CP031720.1_71 (length 127)
plasmid_files_fasta/CP031720.1_results/PROKKA_10092018:CP031720.1_72 (length 215)
plasmid_files_fasta/CP031720.1_results/PROKKA_10092018:CP031720.1_73 (length 273)
plasmid_files_fasta/CP031720.1_results/PROKKA_10092018:CP031720.1_74 (length 98)
plasmid_files_fasta/CP031720.1_results/PROKKA_10092018:CP031720.1_75 (length 78)
plasmid_files_fasta/CP031720.1_results/PROKKA_10092018:CP031720.1_76 (length 71)
plasmid_files_fasta/CP031720.1_results/PROKKA_10092018:CP031720.1_77 (length 239)
plasmid_files_fasta/CP031720.1_results/PROKKA_10092018:CP031720.1_78 (length 144)
plasmid_files_fasta/CP031720.1_results/PROKKA_10092018:CP031720.1_79 (length 191)
plasmid_files_fasta/CP031720.1_results/PROKKA_10092018:CP031720.1_80 (length 473)
plasmid_files_fasta/CP031720.1_results/PROKKA_10092018:CP031720.1_81 (length 77)
plasmid_files_fasta/CP031720.1_results/PROKKA_10092018:CP031720.1_82 (length 175)
plasmid_files_fasta/CP031720.1_results/PROKKA_10092018:CP031720.1_83 (length 78)
plasmid_files_fasta/CP031720.1_results/PROKKA_10092018:CP031720.1_84 (length 84)
plasmid_files_fasta/CP031720.1_results/PROKKA_10092018:CP031720.1_85 (length 187)
plasmid_files_fasta/CP031720.1_results/PROKKA_10092018:CP031720.1_86 (length 453)
plasmid_files_fasta/CP031720.1_results/PROKKA_10092018:CP031720.1_87 (length 76)
plasmid_files_fasta/CP031720.1_results/PROKKA_10092018:CP031720.1_88 (length 85)
plasmid_files_fasta/CP031720.1_results/PROKKA_10092018:CP031720.1_89 (length 555)
plasmid_files_fasta/CP031720.1_results/PROKKA_10092018:CP031720.1_90 (length 63)
plasmid_files_fasta/CP031720.1_results/PROKKA_10092018:CP031720.1_91 (length 140)
plasmid_files_fasta/CP031720.1_results/PROKKA_10092018:CP031720.1_92 (length 141)
plasmid_files_fasta/CP031720.1_results/PROKKA_10092018:CP031720.1_93 (length 275)
plasmid_files_fasta/CP031720.1_results/PROKKA_10092018:CP031720.1_94 (length 144)
plasmid_files_fasta/CP031720.1_results/PROKKA_10092018:CP031720.1_95 (length 73)
plasmid_files_fasta/CP031720.1_results/PROKKA_10092018:CP031720.1_96 (length 227)
plasmid_files_fasta/CP031720.1_results/PROKKA_10092018:CP031720.1_97 (length 320)
plasmid_files_fasta/CP031720.1_results/PROKKA_10092018:CP031720.1_98 (length 117)
plasmid_files_fasta/CP031720.1_results/PROKKA_10092018:CP031720.1_99 (length 93)
plasmid_files_fasta/CP031720.1_results/PROKKA_10092018:CP031720.1_100 (length 234)
plasmid_files_fasta/CP031720.1_results/PROKKA_10092018:CP031720.1_101 (length 93)
plasmid_files_fasta/CP031720.1_results/PROKKA_10092018:CP031720.1_102 (length 251)
plasmid_files_fasta/CP031720.1_results/PROKKA_10092018:CP031720.1_103 (length 286)
plasmid_files_fasta/CP031720.1_results/PROKKA_10092018:CP031720.1_104 (length 171)
plasmid_files_fasta/CP031720.1_results/PROKKA_10092018:CP031720.1_105 (length 62)
plasmid_files_fasta/CP031720.1_results/PROKKA_10092018:CP031720.1_106 (length 240)
plasmid_files_fasta/CP031720.1_results/PROKKA_10092018:CP031720.1_107 (length 234)
plasmid_files_fasta/CP031720.1_results/PROKKA_10092018:CP031720.1_108 (length 191)
plasmid_files_fasta/CP031720.1_results/PROKKA_10092018:CP031720.1_109 (length 234)
plasmid_files_fasta/CP031720.1_results/PROKKA_10092018:CP031720.1_110 (length 149)
plasmid_files_fasta/CP031720.1_results/PROKKA_10092018:CP031720.1_111 (length 341)
plasmid_files_fasta/CP031720.1_results/PROKKA_10092018:CP031720.1_112 (length 322)
plasmid_files_fasta/CP031720.1_results/PROKKA_10092018:CP031720.1_113 (length 291)
plasmid_files_fasta/CP031720.1_results/PROKKA_10092018:CP031720.1_114 (length 40)
plasmid_files_fasta/CP031720.1_results/PROKKA_10092018:CP031720.1_115 (length 234)
plasmid_files_fasta/CP031720.1_results/PROKKA_10092018:CP031720.1_116 (length 133)
plasmid_files_fasta/CP031720.1_results/PROKKA_10092018:CP031720.1_117 (length 326)
plasmid_files_fasta/CP031720.1_results/PROKKA_10092018:CP031720.1_118 (length 293)
plasmid_files_fasta/CP031720.1_results/PROKKA_10092018:CP031720.1_119 (length 309)
plasmid_files_fasta/CP031720.1_results/PROKKA_10092018:CP031720.1_120 (length 234)
plasmid_files_fasta/CP031720.1_results/PROKKA_10092018:CP031720.1_121 (length 177)
plasmid_files_fasta/CP031720.1_results/PROKKA_10092018:CP031720.1_122 (length 71)
plasmid_files_fasta/CP031720.1_results/PROKKA_10092018:CP031720.1_123 (length 110)
plasmid_files_fasta/CP031720.1_results/PROKKA_10092018:CP031720.1_124 (length 85)
plasmid_files_fasta/CP031720.1_results/PROKKA_10092018:CP031720.1_125 (length 217)
plasmid_files_fasta/CP031720.1_results/PROKKA_10092018:CP031720.1_126 (length 285)
plasmid_files_fasta/CP031720.1_results/PROKKA_10092018:CP031720.1_127 (length 82)
plasmid_files_fasta/CP031720.1_results/PROKKA_10092018:CP031720.1_128 (length 49)
plasmid_files_fasta/CP031720.1_results/PROKKA_10092018:CP031720.1_129 (length 110)
plasmid_files_fasta/CP031720.1_results/PROKKA_10092018:CP031720.1_130 (length 199)
plasmid_files_fasta/CP031720.1_results/PROKKA_10092018:CP031720.1_131 (length 66)
plasmid_files_fasta/CP031720.1_results/PROKKA_10092018:CP031720.1_132 (length 186)
plasmid_files_fasta/CP031720.1_results/PROKKA_10092018:CP031720.1_133 (length 248)
plasmid_files_fasta/CP031720.1_results/PROKKA_10092018:CP031720.1_134 (length 74)
plasmid_files_fasta/CP031720.1_results/PROKKA_10092018:CP031720.1_135 (length 234)
plasmid_files_fasta/CP031720.1_results/PROKKA_10092018:CP031720.1_136 (length 988)
plasmid_files_fasta/CP031720.1_results/PROKKA_10092018:CP031720.1_137 (length 334)
plasmid_files_fasta/CP031720.1_results/PROKKA_10092018:CP031720.1_138 (length 126)
plasmid_files_fasta/CP031720.1_results/PROKKA_10092018:CP031720.1_139 (length 125)
plasmid_files_fasta/CP031720.1_results/PROKKA_10092018:CP031720.1_140 (length 340)
plasmid_files_fasta/CP031720.1_results/PROKKA_10092018:CP031720.1_141 (length 520)
plasmid_files_fasta/CP031720.1_results/PROKKA_10092018:CP031720.1_142 (length 138)
plasmid_files_fasta/CP031720.1_results/PROKKA_10092018:CP031720.1_143 (length 76)
plasmid_files_fasta/CP031720.1_results/PROKKA_10092018:CP031720.1_144 (length 314)
plasmid_files_fasta/CP031720.1_results/PROKKA_10092018:CP031720.1_145 (length 130)
plasmid_files_fasta/CP031720.1_results/PROKKA_10092018:CP031720.1_146 (length 173)
plasmid_files_fasta/CP031720.1_results/PROKKA_10092018:CP031720.1_147 (length 67)
plasmid_files_fasta/CP031720.1_results/PROKKA_10092018:CP031720.1_148 (length 334)
plasmid_files_fasta/CP031720.1_results/PROKKA_10092018:CP031720.1_149 (length 259)
plasmid_files_fasta/CP031720.1_results/PROKKA_10092018:CP031720.1_150 (length 85)
plasmid_files_fasta/CP031720.1_results/PROKKA_10092018:CP031720.1_151 (length 288)
plasmid_files_fasta/CP031720.1_results/PROKKA_10092018:CP031720.1_152 (length 194)
plasmid_files_fasta/CP031720.1_results/PROKKA_10092018:CP031720.1_153 (length 401)
plasmid_files_fasta/CP031720.1_results/PROKKA_10092018:CP031720.1_154 (length 324)
plasmid_files_fasta/CP031720.1_results/PROKKA_10092018:CP031720.1_155 (length 423)
plasmid_files_fasta/CP031720.1_results/PROKKA_10092018:CP031720.1_156 (length 143)
plasmid_files_fasta/CP031720.1_results/PROKKA_10092018:CP031720.1_157 (length 494)
plasmid_files_fasta/CP031720.1_results/PROKKA_10092018:CP031720.1_158 (length 323)
plasmid_files_fasta/CP031720.1_results/PROKKA_10092018:CP031720.1_159 (length 223)
plasmid_files_fasta/CP031720.1_results/PROKKA_10092018:CP031720.1_160 (length 76)
plasmid_files_fasta/CP031720.1_results/PROKKA_10092018:CP031720.1_161 (length 233)
plasmid_files_fasta/CP031720.1_results/PROKKA_10092018:CP031720.1_162 (length 73)
plasmid_files_fasta/CP031720.1_results/PROKKA_10092018:CP031720.1_163 (length 139)
plasmid_files_fasta/CP031720.1_results/PROKKA_10092018:CP031720.1_164 (length 255)
plasmid_files_fasta/CP031720.1_results/PROKKA_10092018:CP031720.1_165 (length 142)
plasmid_files_fasta/CP031720.1_results/PROKKA_10092018:CP031720.1_166 (length 168)
plasmid_files_fasta/CP031720.1_results/PROKKA_10092018:CP031720.1_167 (length 63)
plasmid_files_fasta/CP031720.1_results/PROKKA_10092018:CP031720.1_168 (length 84)
plasmid_files_fasta/CP031720.1_results/PROKKA_10092018:CP031720.1_169 (length 106)
plasmid_files_fasta/CP031720.1_results/PROKKA_10092018:CP031720.1_170 (length 75)
plasmid_files_fasta/CP031720.1_results/PROKKA_10092018:CP031720.1_171 (length 76)
plasmid_files_fasta/CP031720.1_results/PROKKA_10092018:CP031720.1_172 (length 451)
plasmid_files_fasta/CP031720.1_results/PROKKA_10092018:CP031720.1_173 (length 187)
plasmid_files_fasta/CP031720.1_results/PROKKA_10092018:CP031720.1_174 (length 109)
plasmid_files_fasta/CP031720.1_results/PROKKA_10092018:CP031720.1_175 (length 180)
plasmid_files_fasta/CP031720.1_results/PROKKA_10092018:CP031720.1_176 (length 82)
plasmid_files_fasta/CP031720.1_results/PROKKA_10092018:CP031720.1_177 (length 685)
plasmid_files_fasta/CP031720.1_results/PROKKA_10092018:CP031720.1_178 (length 143)
plasmid_files_fasta/CP031720.1_results/PROKKA_10092018:CP031720.1_179 (length 242)
plasmid_files_fasta/CP031720.1_results/PROKKA_10092018:CP031720.1_180 (length 108)
plasmid_files_fasta/CP031720.1_results/PROKKA_10092018:CP031720.1_181 (length 124)
plasmid_files_fasta/CP031720.1_results/PROKKA_10092018:CP031720.1_182 (length 50)
plasmid_files_fasta/CP031720.1_results/PROKKA_10092018:CP031720.1_183 (length 90)
plasmid_files_fasta/CP031720.1_results/PROKKA_10092018:CP031720.1_184 (length 116)
plasmid_files_fasta/CP031720.1_results/PROKKA_10092018:CP031720.1_185 (length 105)
plasmid_files_fasta/CP031720.1_results/PROKKA_10092018:CP031720.1_186 (length 118)
plasmid_files_fasta/CP031720.1_results/PROKKA_10092018:CP031720.1_187 (length 70)
plasmid_files_fasta/CP031720.1_results/PROKKA_10092018:CP031720.1_188 (length 74)
plasmid_files_fasta/CP031720.1_results/PROKKA_10092018:CP031720.1_189 (length 106)
plasmid_files_fasta/CP031720.1_results/PROKKA_10092018:CP031720.1_190 (length 92)
plasmid_files_fasta/CP031720.1_results/PROKKA_10092018:CP031720.1_191 (length 35)
plasmid_files_fasta/CP031720.1_results/PROKKA_10092018:CP031720.1_192 (length 273)
plasmid_files_fasta/CP031720.1_results/PROKKA_10092018:CP031720.1_193 (length 104)
plasmid_files_fasta/CP031720.1_results/PROKKA_10092018:CP031720.1_194 (length 161)
plasmid_files_fasta/CP031720.1_results/PROKKA_10092018:CP031720.1_195 (length 127)
plasmid_files_fasta/CP031720.1_results/PROKKA_10092018:CP031720.1_196 (length 245)
plasmid_files_fasta/CP031720.1_results/PROKKA_10092018:CP031720.1_197 (length 72)
plasmid_files_fasta/CP031720.1_results/PROKKA_10092018:CP031720.1_198 (length 122)
plasmid_files_fasta/CP031720.1_results/PROKKA_10092018:CP031720.1_199 (length 101)
plasmid_files_fasta/CP031720.1_results/PROKKA_10092018:CP031720.1_200 (length 128)
plasmid_files_fasta/CP031720.1_results/PROKKA_10092018:CP031720.1_201 (length 234)

DiscRep_ALL:DISC_SOURCE_QUALS_ASNDISC::strain (all present, all unique)
DiscRep_SUB:DISC_SOURCE_QUALS_ASNDISC::1 sources have unique values for strain
DiscRep_ALL:DISC_SOURCE_QUALS_ASNDISC::taxname (all present, all unique)
DiscRep_SUB:DISC_SOURCE_QUALS_ASNDISC::1 sources have unique values for taxname
DiscRep_ALL:DISC_FEATURE_COUNT::CDS: 201 present
DiscRep_ALL:DISC_FEATURE_COUNT::tRNA: 1 present
DiscRep_ALL:DISC_COUNT_NUCLEOTIDES::1 nucleotide Bioseqs are present
plasmid_files_fasta/CP031720.1_results/PROKKA_10092018:CP031720.1 (length 154957)

DiscRep_ALL:FEATURE_LOCATION_CONFLICT::202 features have inconsistent gene locations.
DiscRep_SUB:FEATURE_LOCATION_CONFLICT::Coding region xref gene does not exist
plasmid_files_fasta/CP031720.1_results/PROKKA_10092018:CDS	hypothetical protein	CP031720.1:c437-63	KADLBEPD_00001

DiscRep_SUB:FEATURE_LOCATION_CONFLICT::Coding region xref gene does not exist
plasmid_files_fasta/CP031720.1_results/PROKKA_10092018:CDS	hypothetical protein	CP031720.1:c1422-1063	KADLBEPD_00002

DiscRep_SUB:FEATURE_LOCATION_CONFLICT::Coding region xref gene does not exist
plasmid_files_fasta/CP031720.1_results/PROKKA_10092018:CDS	hypothetical protein	CP031720.1:c1807-1484	KADLBEPD_00003

DiscRep_SUB:FEATURE_LOCATION_CONFLICT::Coding region xref gene does not exist
plasmid_files_fasta/CP031720.1_results/PROKKA_10092018:CDS	hypothetical protein	CP031720.1:c2532-1804	KADLBEPD_00004

DiscRep_SUB:FEATURE_LOCATION_CONFLICT::Coding region xref gene does not exist
plasmid_files_fasta/CP031720.1_results/PROKKA_10092018:CDS	Protein PsiB	CP031720.1:c2960-2529	KADLBEPD_00005

DiscRep_SUB:FEATURE_LOCATION_CONFLICT::Coding region xref gene does not exist
plasmid_files_fasta/CP031720.1_results/PROKKA_10092018:CDS	hypothetical protein	CP031720.1:c4301-3003	KADLBEPD_00006

DiscRep_SUB:FEATURE_LOCATION_CONFLICT::Coding region xref gene does not exist
plasmid_files_fasta/CP031720.1_results/PROKKA_10092018:CDS	Chromosome-partitioning protein Spo0J	CP031720.1:c5012-4350	KADLBEPD_00007

DiscRep_SUB:FEATURE_LOCATION_CONFLICT::Coding region xref gene does not exist
plasmid_files_fasta/CP031720.1_results/PROKKA_10092018:CDS	hypothetical protein	CP031720.1:c5313-5083	KADLBEPD_00008

DiscRep_SUB:FEATURE_LOCATION_CONFLICT::Coding region xref gene does not exist
plasmid_files_fasta/CP031720.1_results/PROKKA_10092018:CDS	hypothetical protein	CP031720.1:5598-5900	KADLBEPD_00009

DiscRep_SUB:FEATURE_LOCATION_CONFLICT::Coding region xref gene does not exist
plasmid_files_fasta/CP031720.1_results/PROKKA_10092018:CDS	hypothetical protein	CP031720.1:c6092-5979	KADLBEPD_00010

DiscRep_SUB:FEATURE_LOCATION_CONFLICT::Coding region xref gene does not exist
plasmid_files_fasta/CP031720.1_results/PROKKA_10092018:CDS	hypothetical protein	CP031720.1:c6256-6104	KADLBEPD_00011

DiscRep_SUB:FEATURE_LOCATION_CONFLICT::Coding region xref gene does not exist
plasmid_files_fasta/CP031720.1_results/PROKKA_10092018:CDS	DNA polymerase III subunit theta	CP031720.1:c6551-6291	KADLBEPD_00012

DiscRep_SUB:FEATURE_LOCATION_CONFLICT::Coding region xref gene does not exist
plasmid_files_fasta/CP031720.1_results/PROKKA_10092018:CDS	hypothetical protein	CP031720.1:c6735-6499	KADLBEPD_00013

DiscRep_SUB:FEATURE_LOCATION_CONFLICT::Coding region xref gene does not exist
plasmid_files_fasta/CP031720.1_results/PROKKA_10092018:CDS	hypothetical protein	CP031720.1:c6929-6738	KADLBEPD_00014

DiscRep_SUB:FEATURE_LOCATION_CONFLICT::Coding region xref gene does not exist
plasmid_files_fasta/CP031720.1_results/PROKKA_10092018:CDS	hypothetical protein	CP031720.1:c7478-6972	KADLBEPD_00015

DiscRep_SUB:FEATURE_LOCATION_CONFLICT::Coding region xref gene does not exist
plasmid_files_fasta/CP031720.1_results/PROKKA_10092018:CDS	hypothetical protein	CP031720.1:c8662-7883	KADLBEPD_00016

DiscRep_SUB:FEATURE_LOCATION_CONFLICT::Coding region xref gene does not exist
plasmid_files_fasta/CP031720.1_results/PROKKA_10092018:CDS	hypothetical protein	CP031720.1:c9135-8716	KADLBEPD_00017

DiscRep_SUB:FEATURE_LOCATION_CONFLICT::Coding region xref gene does not exist
plasmid_files_fasta/CP031720.1_results/PROKKA_10092018:CDS	hypothetical protein	CP031720.1:c9367-9146	KADLBEPD_00018

DiscRep_SUB:FEATURE_LOCATION_CONFLICT::Coding region xref gene does not exist
plasmid_files_fasta/CP031720.1_results/PROKKA_10092018:CDS	DNA adenine methyltransferase YhdJ	CP031720.1:c10044-9367	KADLBEPD_00019

DiscRep_SUB:FEATURE_LOCATION_CONFLICT::Coding region xref gene does not exist
plasmid_files_fasta/CP031720.1_results/PROKKA_10092018:CDS	Putative SOS response-associated peptidase YedK	CP031720.1:10403-11074	KADLBEPD_00020

DiscRep_SUB:FEATURE_LOCATION_CONFLICT::Coding region xref gene does not exist
plasmid_files_fasta/CP031720.1_results/PROKKA_10092018:CDS	Protein UmuD	CP031720.1:11254-11676	KADLBEPD_00021

DiscRep_SUB:FEATURE_LOCATION_CONFLICT::Coding region xref gene does not exist
plasmid_files_fasta/CP031720.1_results/PROKKA_10092018:CDS	Protein UmuC	CP031720.1:11676-12947	KADLBEPD_00022

DiscRep_SUB:FEATURE_LOCATION_CONFLICT::Coding region xref gene does not exist
plasmid_files_fasta/CP031720.1_results/PROKKA_10092018:CDS	Virulence regulon transcriptional activator VirB	CP031720.1:c14054-13083	KADLBEPD_00023

DiscRep_SUB:FEATURE_LOCATION_CONFLICT::Coding region xref gene does not exist
plasmid_files_fasta/CP031720.1_results/PROKKA_10092018:CDS	Plasmid partition protein A	CP031720.1:c15256-14051	KADLBEPD_00024

DiscRep_SUB:FEATURE_LOCATION_CONFLICT::Coding region xref gene does not exist
plasmid_files_fasta/CP031720.1_results/PROKKA_10092018:CDS	Putative transposon Tn552 DNA-invertase bin3	CP031720.1:15619-16251	KADLBEPD_00025

DiscRep_SUB:FEATURE_LOCATION_CONFLICT::Coding region xref gene does not exist
plasmid_files_fasta/CP031720.1_results/PROKKA_10092018:CDS	hypothetical protein	CP031720.1:16305-16505	KADLBEPD_00026

DiscRep_SUB:FEATURE_LOCATION_CONFLICT::Coding region xref gene does not exist
plasmid_files_fasta/CP031720.1_results/PROKKA_10092018:CDS	Recombination-promoting nuclease RpnA	CP031720.1:16652-17602	KADLBEPD_00027

DiscRep_SUB:FEATURE_LOCATION_CONFLICT::Coding region xref gene does not exist
plasmid_files_fasta/CP031720.1_results/PROKKA_10092018:CDS	hypothetical protein	CP031720.1:c18210-17599	KADLBEPD_00028

DiscRep_SUB:FEATURE_LOCATION_CONFLICT::Coding region xref gene does not exist
plasmid_files_fasta/CP031720.1_results/PROKKA_10092018:CDS	hypothetical protein	CP031720.1:c18602-18207	KADLBEPD_00029

DiscRep_SUB:FEATURE_LOCATION_CONFLICT::Coding region xref gene does not exist
plasmid_files_fasta/CP031720.1_results/PROKKA_10092018:CDS	hypothetical protein	CP031720.1:19116-20096	KADLBEPD_00030

DiscRep_SUB:FEATURE_LOCATION_CONFLICT::Coding region xref gene does not exist
plasmid_files_fasta/CP031720.1_results/PROKKA_10092018:CDS	hypothetical protein	CP031720.1:20210-20620	KADLBEPD_00031

DiscRep_SUB:FEATURE_LOCATION_CONFLICT::Coding region xref gene does not exist
plasmid_files_fasta/CP031720.1_results/PROKKA_10092018:CDS	hypothetical protein	CP031720.1:20617-20745	KADLBEPD_00032

DiscRep_SUB:FEATURE_LOCATION_CONFLICT::Coding region xref gene does not exist
plasmid_files_fasta/CP031720.1_results/PROKKA_10092018:CDS	Heat shock protein C	CP031720.1:20742-21305	KADLBEPD_00033

DiscRep_SUB:FEATURE_LOCATION_CONFLICT::Coding region xref gene does not exist
plasmid_files_fasta/CP031720.1_results/PROKKA_10092018:CDS	hypothetical protein	CP031720.1:21774-22478	KADLBEPD_00034

DiscRep_SUB:FEATURE_LOCATION_CONFLICT::Coding region xref gene does not exist
plasmid_files_fasta/CP031720.1_results/PROKKA_10092018:CDS	Multifunctional conjugation protein TraI	CP031720.1:c27647-22512	KADLBEPD_00035

DiscRep_SUB:FEATURE_LOCATION_CONFLICT::Coding region xref gene does not exist
plasmid_files_fasta/CP031720.1_results/PROKKA_10092018:CDS	Coupling protein TraD	CP031720.1:c29872-27647	KADLBEPD_00036

DiscRep_SUB:FEATURE_LOCATION_CONFLICT::Coding region xref gene does not exist
plasmid_files_fasta/CP031720.1_results/PROKKA_10092018:CDS	hypothetical protein	CP031720.1:c30660-29923	KADLBEPD_00037

DiscRep_SUB:FEATURE_LOCATION_CONFLICT::Coding region xref gene does not exist
plasmid_files_fasta/CP031720.1_results/PROKKA_10092018:CDS	Lipoprotein YlpA	CP031720.1:c31597-30863	KADLBEPD_00038

DiscRep_SUB:FEATURE_LOCATION_CONFLICT::Coding region xref gene does not exist
plasmid_files_fasta/CP031720.1_results/PROKKA_10092018:CDS	Protein TraS	CP031720.1:c32140-31619	KADLBEPD_00039

DiscRep_SUB:FEATURE_LOCATION_CONFLICT::Coding region xref gene does not exist
plasmid_files_fasta/CP031720.1_results/PROKKA_10092018:CDS	hypothetical protein	CP031720.1:c34989-32173	KADLBEPD_00040

DiscRep_SUB:FEATURE_LOCATION_CONFLICT::Coding region xref gene does not exist
plasmid_files_fasta/CP031720.1_results/PROKKA_10092018:CDS	hypothetical protein	CP031720.1:c36738-36346	KADLBEPD_00042

DiscRep_SUB:FEATURE_LOCATION_CONFLICT::Coding region xref gene does not exist
plasmid_files_fasta/CP031720.1_results/PROKKA_10092018:CDS	hypothetical protein	CP031720.1:c37006-36692	KADLBEPD_00043

DiscRep_SUB:FEATURE_LOCATION_CONFLICT::Coding region xref gene does not exist
plasmid_files_fasta/CP031720.1_results/PROKKA_10092018:CDS	hypothetical protein	CP031720.1:c37541-36996	KADLBEPD_00044

DiscRep_SUB:FEATURE_LOCATION_CONFLICT::Coding region xref gene does not exist
plasmid_files_fasta/CP031720.1_results/PROKKA_10092018:CDS	Protein TraQ	CP031720.1:c37809-37528	KADLBEPD_00045

DiscRep_SUB:FEATURE_LOCATION_CONFLICT::Coding region xref gene does not exist
plasmid_files_fasta/CP031720.1_results/PROKKA_10092018:CDS	hypothetical protein	CP031720.1:c38668-37925	KADLBEPD_00046

DiscRep_SUB:FEATURE_LOCATION_CONFLICT::Coding region xref gene does not exist
plasmid_files_fasta/CP031720.1_results/PROKKA_10092018:CDS	hypothetical protein	CP031720.1:c38921-38661	KADLBEPD_00047

DiscRep_SUB:FEATURE_LOCATION_CONFLICT::Coding region xref gene does not exist
plasmid_files_fasta/CP031720.1_results/PROKKA_10092018:CDS	hypothetical protein	CP031720.1:c40795-38945	KADLBEPD_00048

DiscRep_SUB:FEATURE_LOCATION_CONFLICT::Coding region xref gene does not exist
plasmid_files_fasta/CP031720.1_results/PROKKA_10092018:CDS	hypothetical protein	CP031720.1:c41214-40792	KADLBEPD_00049

DiscRep_SUB:FEATURE_LOCATION_CONFLICT::Coding region xref gene does not exist
plasmid_files_fasta/CP031720.1_results/PROKKA_10092018:CDS	hypothetical protein	CP031720.1:c41611-41240	KADLBEPD_00050

DiscRep_SUB:FEATURE_LOCATION_CONFLICT::Coding region xref gene does not exist
plasmid_files_fasta/CP031720.1_results/PROKKA_10092018:CDS	hypothetical protein	CP031720.1:c42246-41608	KADLBEPD_00051

DiscRep_SUB:FEATURE_LOCATION_CONFLICT::Coding region xref gene does not exist
plasmid_files_fasta/CP031720.1_results/PROKKA_10092018:CDS	hypothetical protein	CP031720.1:c42536-42273	KADLBEPD_00052

DiscRep_SUB:FEATURE_LOCATION_CONFLICT::Coding region xref gene does not exist
plasmid_files_fasta/CP031720.1_results/PROKKA_10092018:CDS	hypothetical protein	CP031720.1:c43566-42598	KADLBEPD_00053

DiscRep_SUB:FEATURE_LOCATION_CONFLICT::Coding region xref gene does not exist
plasmid_files_fasta/CP031720.1_results/PROKKA_10092018:CDS	hypothetical protein	CP031720.1:c43860-43588	KADLBEPD_00054

DiscRep_SUB:FEATURE_LOCATION_CONFLICT::Coding region xref gene does not exist
plasmid_files_fasta/CP031720.1_results/PROKKA_10092018:CDS	hypothetical protein	CP031720.1:c44231-43923	KADLBEPD_00055

DiscRep_SUB:FEATURE_LOCATION_CONFLICT::Coding region xref gene does not exist
plasmid_files_fasta/CP031720.1_results/PROKKA_10092018:CDS	hypothetical protein	CP031720.1:c45250-44258	KADLBEPD_00056

DiscRep_SUB:FEATURE_LOCATION_CONFLICT::Coding region xref gene does not exist
plasmid_files_fasta/CP031720.1_results/PROKKA_10092018:CDS	hypothetical protein	CP031720.1:c45879-45247	KADLBEPD_00057

DiscRep_SUB:FEATURE_LOCATION_CONFLICT::Coding region xref gene does not exist
plasmid_files_fasta/CP031720.1_results/PROKKA_10092018:CDS	hypothetical protein	CP031720.1:c46262-45876	KADLBEPD_00058

DiscRep_SUB:FEATURE_LOCATION_CONFLICT::Coding region xref gene does not exist
plasmid_files_fasta/CP031720.1_results/PROKKA_10092018:CDS	Protein TraC	CP031720.1:c48886-46259	KADLBEPD_00059

DiscRep_SUB:FEATURE_LOCATION_CONFLICT::Coding region xref gene does not exist
plasmid_files_fasta/CP031720.1_results/PROKKA_10092018:CDS	Protein TraR	CP031720.1:c49267-49046	KADLBEPD_00060

DiscRep_SUB:FEATURE_LOCATION_CONFLICT::Coding region xref gene does not exist
plasmid_files_fasta/CP031720.1_results/PROKKA_10092018:CDS	Protein TraV	CP031720.1:c49917-49402	KADLBEPD_00061

DiscRep_SUB:FEATURE_LOCATION_CONFLICT::Coding region xref gene does not exist
plasmid_files_fasta/CP031720.1_results/PROKKA_10092018:CDS	hypothetical protein	CP031720.1:c50165-49914	KADLBEPD_00062

DiscRep_SUB:FEATURE_LOCATION_CONFLICT::Coding region xref gene does not exist
plasmid_files_fasta/CP031720.1_results/PROKKA_10092018:CDS	hypothetical protein	CP031720.1:c50374-50177	KADLBEPD_00063

DiscRep_SUB:FEATURE_LOCATION_CONFLICT::Coding region xref gene does not exist
plasmid_files_fasta/CP031720.1_results/PROKKA_10092018:CDS	hypothetical protein	CP031720.1:c50951-50361	KADLBEPD_00064

DiscRep_SUB:FEATURE_LOCATION_CONFLICT::Coding region xref gene does not exist
plasmid_files_fasta/CP031720.1_results/PROKKA_10092018:CDS	hypothetical protein	CP031720.1:c52368-50941	KADLBEPD_00065

DiscRep_SUB:FEATURE_LOCATION_CONFLICT::Coding region xref gene does not exist
plasmid_files_fasta/CP031720.1_results/PROKKA_10092018:CDS	hypothetical protein	CP031720.1:c53096-52368	KADLBEPD_00066

DiscRep_SUB:FEATURE_LOCATION_CONFLICT::Coding region xref gene does not exist
plasmid_files_fasta/CP031720.1_results/PROKKA_10092018:CDS	hypothetical protein	CP031720.1:c53649-53083	KADLBEPD_00067

DiscRep_SUB:FEATURE_LOCATION_CONFLICT::Coding region xref gene does not exist
plasmid_files_fasta/CP031720.1_results/PROKKA_10092018:CDS	hypothetical protein	CP031720.1:c53982-53671	KADLBEPD_00068

DiscRep_SUB:FEATURE_LOCATION_CONFLICT::Coding region xref gene does not exist
plasmid_files_fasta/CP031720.1_results/PROKKA_10092018:CDS	Pilin	CP031720.1:c54362-53997	KADLBEPD_00069

DiscRep_SUB:FEATURE_LOCATION_CONFLICT::Coding region xref gene does not exist
plasmid_files_fasta/CP031720.1_results/PROKKA_10092018:CDS	Relaxosome protein TraY	CP031720.1:c54623-54396	KADLBEPD_00070

DiscRep_SUB:FEATURE_LOCATION_CONFLICT::Coding region xref gene does not exist
plasmid_files_fasta/CP031720.1_results/PROKKA_10092018:CDS	Protein TraJ	CP031720.1:c55403-54717	KADLBEPD_00071

DiscRep_SUB:FEATURE_LOCATION_CONFLICT::Coding region xref gene does not exist
plasmid_files_fasta/CP031720.1_results/PROKKA_10092018:CDS	Relaxosome protein TraM	CP031720.1:c55977-55594	KADLBEPD_00072

DiscRep_SUB:FEATURE_LOCATION_CONFLICT::Coding region xref gene does not exist
plasmid_files_fasta/CP031720.1_results/PROKKA_10092018:CDS	hypothetical protein	CP031720.1:56254-56901	KADLBEPD_00073

DiscRep_SUB:FEATURE_LOCATION_CONFLICT::Coding region xref gene does not exist
plasmid_files_fasta/CP031720.1_results/PROKKA_10092018:CDS	hypothetical protein	CP031720.1:c58019-57198	KADLBEPD_00074

DiscRep_SUB:FEATURE_LOCATION_CONFLICT::Coding region xref gene does not exist
plasmid_files_fasta/CP031720.1_results/PROKKA_10092018:CDS	hypothetical protein	CP031720.1:c58426-58130	KADLBEPD_00075

DiscRep_SUB:FEATURE_LOCATION_CONFLICT::Coding region xref gene does not exist
plasmid_files_fasta/CP031720.1_results/PROKKA_10092018:CDS	hypothetical protein	CP031720.1:58489-58725	KADLBEPD_00076

DiscRep_SUB:FEATURE_LOCATION_CONFLICT::Coding region xref gene does not exist
plasmid_files_fasta/CP031720.1_results/PROKKA_10092018:CDS	hypothetical protein	CP031720.1:59543-59758	KADLBEPD_00077

DiscRep_SUB:FEATURE_LOCATION_CONFLICT::Coding region xref gene does not exist
plasmid_files_fasta/CP031720.1_results/PROKKA_10092018:CDS	hypothetical protein	CP031720.1:c60498-59779	KADLBEPD_00078

DiscRep_SUB:FEATURE_LOCATION_CONFLICT::Coding region xref gene does not exist
plasmid_files_fasta/CP031720.1_results/PROKKA_10092018:CDS	Protein PsiB	CP031720.1:c60929-60495	KADLBEPD_00079

DiscRep_SUB:FEATURE_LOCATION_CONFLICT::Coding region xref gene does not exist
plasmid_files_fasta/CP031720.1_results/PROKKA_10092018:CDS	hypothetical protein	CP031720.1:c61573-60998	KADLBEPD_00080

DiscRep_SUB:FEATURE_LOCATION_CONFLICT::Coding region xref gene does not exist
plasmid_files_fasta/CP031720.1_results/PROKKA_10092018:CDS	Chromosome-partitioning protein Spo0J	CP031720.1:c63021-61600	KADLBEPD_00081

DiscRep_SUB:FEATURE_LOCATION_CONFLICT::Coding region xref gene does not exist
plasmid_files_fasta/CP031720.1_results/PROKKA_10092018:CDS	hypothetical protein	CP031720.1:c63315-63082	KADLBEPD_00082

DiscRep_SUB:FEATURE_LOCATION_CONFLICT::Coding region xref gene does not exist
plasmid_files_fasta/CP031720.1_results/PROKKA_10092018:CDS	Plasmid-derived single-stranded DNA-binding protein	CP031720.1:c63900-63373	KADLBEPD_00083

DiscRep_SUB:FEATURE_LOCATION_CONFLICT::Coding region xref gene does not exist
plasmid_files_fasta/CP031720.1_results/PROKKA_10092018:CDS	hypothetical protein	CP031720.1:63965-64201	KADLBEPD_00084

DiscRep_SUB:FEATURE_LOCATION_CONFLICT::Coding region xref gene does not exist
plasmid_files_fasta/CP031720.1_results/PROKKA_10092018:CDS	hypothetical protein	CP031720.1:c64749-64495	KADLBEPD_00085

DiscRep_SUB:FEATURE_LOCATION_CONFLICT::Coding region xref gene does not exist
plasmid_files_fasta/CP031720.1_results/PROKKA_10092018:CDS	Ribosomal RNA small subunit methyltransferase A	CP031720.1:c65312-64749	KADLBEPD_00086

DiscRep_SUB:FEATURE_LOCATION_CONFLICT::Coding region xref gene does not exist
plasmid_files_fasta/CP031720.1_results/PROKKA_10092018:CDS	hypothetical protein	CP031720.1:c66720-65359	KADLBEPD_00087

DiscRep_SUB:FEATURE_LOCATION_CONFLICT::Coding region xref gene does not exist
plasmid_files_fasta/CP031720.1_results/PROKKA_10092018:CDS	hypothetical protein	CP031720.1:c67002-66772	KADLBEPD_00088

DiscRep_SUB:FEATURE_LOCATION_CONFLICT::Coding region xref gene does not exist
plasmid_files_fasta/CP031720.1_results/PROKKA_10092018:CDS	hypothetical protein	CP031720.1:67265-67522	KADLBEPD_00089

DiscRep_SUB:FEATURE_LOCATION_CONFLICT::Coding region xref gene does not exist
plasmid_files_fasta/CP031720.1_results/PROKKA_10092018:CDS	Group II intron-encoded protein LtrA	CP031720.1:68402-70069	KADLBEPD_00090

DiscRep_SUB:FEATURE_LOCATION_CONFLICT::Coding region xref gene does not exist
plasmid_files_fasta/CP031720.1_results/PROKKA_10092018:CDS	hypothetical protein	CP031720.1:c70574-70383	KADLBEPD_00091

DiscRep_SUB:FEATURE_LOCATION_CONFLICT::Coding region xref gene does not exist
plasmid_files_fasta/CP031720.1_results/PROKKA_10092018:CDS	hypothetical protein	CP031720.1:c70993-70571	KADLBEPD_00092

DiscRep_SUB:FEATURE_LOCATION_CONFLICT::Coding region xref gene does not exist
plasmid_files_fasta/CP031720.1_results/PROKKA_10092018:CDS	Antirestriction protein KlcA	CP031720.1:c71465-71040	KADLBEPD_00093

DiscRep_SUB:FEATURE_LOCATION_CONFLICT::Coding region xref gene does not exist
plasmid_files_fasta/CP031720.1_results/PROKKA_10092018:CDS	hypothetical protein	CP031720.1:c72710-71883	KADLBEPD_00094

DiscRep_SUB:FEATURE_LOCATION_CONFLICT::Coding region xref gene does not exist
plasmid_files_fasta/CP031720.1_results/PROKKA_10092018:CDS	hypothetical protein	CP031720.1:c73144-72710	KADLBEPD_00095

DiscRep_SUB:FEATURE_LOCATION_CONFLICT::Coding region xref gene does not exist
plasmid_files_fasta/CP031720.1_results/PROKKA_10092018:CDS	hypothetical protein	CP031720.1:c73379-73158	KADLBEPD_00096

DiscRep_SUB:FEATURE_LOCATION_CONFLICT::Coding region xref gene does not exist
plasmid_files_fasta/CP031720.1_results/PROKKA_10092018:CDS	DNA adenine methyltransferase YhdJ	CP031720.1:c74063-73380	KADLBEPD_00097

DiscRep_SUB:FEATURE_LOCATION_CONFLICT::Coding region xref gene does not exist
plasmid_files_fasta/CP031720.1_results/PROKKA_10092018:CDS	Plasmid segregation protein ParM	CP031720.1:74580-75542	KADLBEPD_00098

DiscRep_SUB:FEATURE_LOCATION_CONFLICT::Coding region xref gene does not exist
plasmid_files_fasta/CP031720.1_results/PROKKA_10092018:CDS	Protein StbB	CP031720.1:75542-75895	KADLBEPD_00099

DiscRep_SUB:FEATURE_LOCATION_CONFLICT::Coding region xref gene does not exist
plasmid_files_fasta/CP031720.1_results/PROKKA_10092018:CDS	hypothetical protein	CP031720.1:c76299-76018	KADLBEPD_00100

DiscRep_SUB:FEATURE_LOCATION_CONFLICT::Coding region xref gene does not exist
plasmid_files_fasta/CP031720.1_results/PROKKA_10092018:CDS	hypothetical protein	CP031720.1:78241-78945	KADLBEPD_00101

DiscRep_SUB:FEATURE_LOCATION_CONFLICT::Coding region xref gene does not exist
plasmid_files_fasta/CP031720.1_results/PROKKA_10092018:CDS	hypothetical protein	CP031720.1:79033-79314	KADLBEPD_00102

DiscRep_SUB:FEATURE_LOCATION_CONFLICT::Coding region xref gene does not exist
plasmid_files_fasta/CP031720.1_results/PROKKA_10092018:CDS	16S rRNA (guanine(1405)-N(7))-methyltransferase	CP031720.1:c80150-79395	KADLBEPD_00103

DiscRep_SUB:FEATURE_LOCATION_CONFLICT::Coding region xref gene does not exist
plasmid_files_fasta/CP031720.1_results/PROKKA_10092018:CDS	Beta-lactamase TEM	CP031720.1:c81180-80320	KADLBEPD_00104

DiscRep_SUB:FEATURE_LOCATION_CONFLICT::Coding region xref gene does not exist
plasmid_files_fasta/CP031720.1_results/PROKKA_10092018:CDS	Transposon Tn3 resolvase	CP031720.1:c81878-81363	KADLBEPD_00105

DiscRep_SUB:FEATURE_LOCATION_CONFLICT::Coding region xref gene does not exist
plasmid_files_fasta/CP031720.1_results/PROKKA_10092018:CDS	hypothetical protein	CP031720.1:81991-82179	KADLBEPD_00106

DiscRep_SUB:FEATURE_LOCATION_CONFLICT::Coding region xref gene does not exist
plasmid_files_fasta/CP031720.1_results/PROKKA_10092018:CDS	hypothetical protein	CP031720.1:82189-82911	KADLBEPD_00107

DiscRep_SUB:FEATURE_LOCATION_CONFLICT::Coding region xref gene does not exist
plasmid_files_fasta/CP031720.1_results/PROKKA_10092018:CDS	hypothetical protein	CP031720.1:c83561-82857	KADLBEPD_00108

DiscRep_SUB:FEATURE_LOCATION_CONFLICT::Coding region xref gene does not exist
plasmid_files_fasta/CP031720.1_results/PROKKA_10092018:CDS	hypothetical protein	CP031720.1:c84592-84017	KADLBEPD_00109

DiscRep_SUB:FEATURE_LOCATION_CONFLICT::Coding region xref gene does not exist
plasmid_files_fasta/CP031720.1_results/PROKKA_10092018:CDS	hypothetical protein	CP031720.1:84672-85376	KADLBEPD_00110

DiscRep_SUB:FEATURE_LOCATION_CONFLICT::Coding region xref gene does not exist
plasmid_files_fasta/CP031720.1_results/PROKKA_10092018:CDS	Aerotaxis receptor	CP031720.1:85549-85998	KADLBEPD_00111

DiscRep_SUB:FEATURE_LOCATION_CONFLICT::Coding region xref gene does not exist
plasmid_files_fasta/CP031720.1_results/PROKKA_10092018:CDS	Catecholate siderophore receptor Fiu	CP031720.1:c86998-85973	KADLBEPD_00112

DiscRep_SUB:FEATURE_LOCATION_CONFLICT::Coding region xref gene does not exist
plasmid_files_fasta/CP031720.1_results/PROKKA_10092018:CDS	hypothetical protein	CP031720.1:c88095-87127	KADLBEPD_00113

DiscRep_SUB:FEATURE_LOCATION_CONFLICT::Coding region xref gene does not exist
plasmid_files_fasta/CP031720.1_results/PROKKA_10092018:CDS	Beta-lactamase Toho-1	CP031720.1:c89005-88130	KADLBEPD_00114

DiscRep_SUB:FEATURE_LOCATION_CONFLICT::Coding region xref gene does not exist
plasmid_files_fasta/CP031720.1_results/PROKKA_10092018:CDS	hypothetical protein	CP031720.1:c89274-89152	KADLBEPD_00115

DiscRep_SUB:FEATURE_LOCATION_CONFLICT::Coding region xref gene does not exist
plasmid_files_fasta/CP031720.1_results/PROKKA_10092018:CDS	hypothetical protein	CP031720.1:89516-90220	KADLBEPD_00116

DiscRep_SUB:FEATURE_LOCATION_CONFLICT::Coding region xref gene does not exist
plasmid_files_fasta/CP031720.1_results/PROKKA_10092018:CDS	Transposon Tn3 resolvase	CP031720.1:90332-90733	KADLBEPD_00117

DiscRep_SUB:FEATURE_LOCATION_CONFLICT::Coding region xref gene does not exist
plasmid_files_fasta/CP031720.1_results/PROKKA_10092018:CDS	hypothetical protein	CP031720.1:90856-91836	KADLBEPD_00118

DiscRep_SUB:FEATURE_LOCATION_CONFLICT::Coding region xref gene does not exist
plasmid_files_fasta/CP031720.1_results/PROKKA_10092018:CDS	Carbapenem-hydrolyzing beta-lactamase KPC	CP031720.1:92112-92993	KADLBEPD_00119

DiscRep_SUB:FEATURE_LOCATION_CONFLICT::Coding region xref gene does not exist
plasmid_files_fasta/CP031720.1_results/PROKKA_10092018:CDS	hypothetical protein	CP031720.1:c94172-93243	KADLBEPD_00120

DiscRep_SUB:FEATURE_LOCATION_CONFLICT::Coding region xref gene does not exist
plasmid_files_fasta/CP031720.1_results/PROKKA_10092018:CDS	hypothetical protein	CP031720.1:94262-94966	KADLBEPD_00121

DiscRep_SUB:FEATURE_LOCATION_CONFLICT::Coding region xref gene does not exist
plasmid_files_fasta/CP031720.1_results/PROKKA_10092018:CDS	hypothetical protein	CP031720.1:95044-95577	KADLBEPD_00122

DiscRep_SUB:FEATURE_LOCATION_CONFLICT::Coding region xref gene does not exist
plasmid_files_fasta/CP031720.1_results/PROKKA_10092018:CDS	hypothetical protein	CP031720.1:95780-95995	KADLBEPD_00123

DiscRep_SUB:FEATURE_LOCATION_CONFLICT::Coding region xref gene does not exist
plasmid_files_fasta/CP031720.1_results/PROKKA_10092018:CDS	Endoribonuclease PemK	CP031720.1:c96609-96277	KADLBEPD_00124

DiscRep_SUB:FEATURE_LOCATION_CONFLICT::Coding region xref gene does not exist
plasmid_files_fasta/CP031720.1_results/PROKKA_10092018:CDS	Antitoxin PemI	CP031720.1:c96868-96611	KADLBEPD_00125

DiscRep_SUB:FEATURE_LOCATION_CONFLICT::Coding region xref gene does not exist
plasmid_files_fasta/CP031720.1_results/PROKKA_10092018:CDS	hypothetical protein	CP031720.1:c97614-96961	KADLBEPD_00126

DiscRep_SUB:FEATURE_LOCATION_CONFLICT::Coding region xref gene does not exist
plasmid_files_fasta/CP031720.1_results/PROKKA_10092018:CDS	hypothetical protein	CP031720.1:c99410-98553	KADLBEPD_00127

DiscRep_SUB:FEATURE_LOCATION_CONFLICT::Coding region xref gene does not exist
plasmid_files_fasta/CP031720.1_results/PROKKA_10092018:CDS	hypothetical protein	CP031720.1:c99970-99722	KADLBEPD_00128

DiscRep_SUB:FEATURE_LOCATION_CONFLICT::Coding region xref gene does not exist
plasmid_files_fasta/CP031720.1_results/PROKKA_10092018:CDS	Protein PndA	CP031720.1:c100403-100254	KADLBEPD_00129

DiscRep_SUB:FEATURE_LOCATION_CONFLICT::Coding region xref gene does not exist
plasmid_files_fasta/CP031720.1_results/PROKKA_10092018:CDS	hypothetical protein	CP031720.1:c101040-100708	KADLBEPD_00130

DiscRep_SUB:FEATURE_LOCATION_CONFLICT::Coding region xref gene does not exist
plasmid_files_fasta/CP031720.1_results/PROKKA_10092018:CDS	hypothetical protein	CP031720.1:c101701-101102	KADLBEPD_00131

DiscRep_SUB:FEATURE_LOCATION_CONFLICT::Coding region xref gene does not exist
plasmid_files_fasta/CP031720.1_results/PROKKA_10092018:CDS	hypothetical protein	CP031720.1:c102287-102087	KADLBEPD_00132

DiscRep_SUB:FEATURE_LOCATION_CONFLICT::Coding region xref gene does not exist
plasmid_files_fasta/CP031720.1_results/PROKKA_10092018:CDS	Fertility inhibition protein	CP031720.1:c102979-102419	KADLBEPD_00133

DiscRep_SUB:FEATURE_LOCATION_CONFLICT::Coding region xref gene does not exist
plasmid_files_fasta/CP031720.1_results/PROKKA_10092018:CDS	hypothetical protein	CP031720.1:c103780-103034	KADLBEPD_00134

DiscRep_SUB:FEATURE_LOCATION_CONFLICT::Coding region xref gene does not exist
plasmid_files_fasta/CP031720.1_results/PROKKA_10092018:CDS	Multifunctional conjugation protein TraI	CP031720.1:c104024-103800	KADLBEPD_00135

DiscRep_SUB:FEATURE_LOCATION_CONFLICT::Coding region xref gene does not exist
plasmid_files_fasta/CP031720.1_results/PROKKA_10092018:CDS	hypothetical protein	CP031720.1:104025-104729	KADLBEPD_00136

DiscRep_SUB:FEATURE_LOCATION_CONFLICT::Coding region xref gene does not exist
plasmid_files_fasta/CP031720.1_results/PROKKA_10092018:CDS	hypothetical protein	CP031720.1:104850-107816	KADLBEPD_00137

DiscRep_SUB:FEATURE_LOCATION_CONFLICT::Coding region xref gene does not exist
plasmid_files_fasta/CP031720.1_results/PROKKA_10092018:CDS	hypothetical protein	CP031720.1:107895-108899	KADLBEPD_00138

DiscRep_SUB:FEATURE_LOCATION_CONFLICT::Coding region xref gene does not exist
plasmid_files_fasta/CP031720.1_results/PROKKA_10092018:CDS	hypothetical protein	CP031720.1:c109478-109098	KADLBEPD_00139

DiscRep_SUB:FEATURE_LOCATION_CONFLICT::Coding region xref gene does not exist
plasmid_files_fasta/CP031720.1_results/PROKKA_10092018:CDS	hypothetical protein	CP031720.1:c109857-109480	KADLBEPD_00140

DiscRep_SUB:FEATURE_LOCATION_CONFLICT::Coding region xref gene does not exist
plasmid_files_fasta/CP031720.1_results/PROKKA_10092018:CDS	hypothetical protein	CP031720.1:c111455-110433	KADLBEPD_00141

DiscRep_SUB:FEATURE_LOCATION_CONFLICT::Coding region xref gene does not exist
plasmid_files_fasta/CP031720.1_results/PROKKA_10092018:CDS	DNA replication and repair protein RecF	CP031720.1:c113002-111440	KADLBEPD_00142

DiscRep_SUB:FEATURE_LOCATION_CONFLICT::Coding region xref gene does not exist
plasmid_files_fasta/CP031720.1_results/PROKKA_10092018:CDS	tRNA(fMet)-specific endonuclease VapC	CP031720.1:c113492-113076	KADLBEPD_00143

DiscRep_SUB:FEATURE_LOCATION_CONFLICT::Coding region xref gene does not exist
plasmid_files_fasta/CP031720.1_results/PROKKA_10092018:CDS	Antitoxin VapB	CP031720.1:c113719-113489	KADLBEPD_00144

DiscRep_SUB:FEATURE_LOCATION_CONFLICT::Coding region xref gene does not exist
plasmid_files_fasta/CP031720.1_results/PROKKA_10092018:CDS	hypothetical protein	CP031720.1:114298-115242	KADLBEPD_00145

DiscRep_SUB:FEATURE_LOCATION_CONFLICT::Coding region xref gene does not exist
plasmid_files_fasta/CP031720.1_results/PROKKA_10092018:CDS	hypothetical protein	CP031720.1:115279-115671	KADLBEPD_00146

DiscRep_SUB:FEATURE_LOCATION_CONFLICT::Coding region xref gene does not exist
plasmid_files_fasta/CP031720.1_results/PROKKA_10092018:CDS	hypothetical protein	CP031720.1:115729-116250	KADLBEPD_00147

DiscRep_SUB:FEATURE_LOCATION_CONFLICT::Coding region xref gene does not exist
plasmid_files_fasta/CP031720.1_results/PROKKA_10092018:CDS	hypothetical protein	CP031720.1:116296-116499	KADLBEPD_00148

DiscRep_SUB:FEATURE_LOCATION_CONFLICT::Coding region xref gene does not exist
plasmid_files_fasta/CP031720.1_results/PROKKA_10092018:CDS	hypothetical protein	CP031720.1:116529-117533	KADLBEPD_00149

DiscRep_SUB:FEATURE_LOCATION_CONFLICT::Coding region xref gene does not exist
plasmid_files_fasta/CP031720.1_results/PROKKA_10092018:CDS	Tyrosine recombinase XerD	CP031720.1:117717-118496	KADLBEPD_00150

DiscRep_SUB:FEATURE_LOCATION_CONFLICT::Coding region xref gene does not exist
plasmid_files_fasta/CP031720.1_results/PROKKA_10092018:CDS	hypothetical protein	CP031720.1:c118799-118542	KADLBEPD_00151

DiscRep_SUB:FEATURE_LOCATION_CONFLICT::Coding region xref gene does not exist
plasmid_files_fasta/CP031720.1_results/PROKKA_10092018:CDS	Replication initiation protein	CP031720.1:119577-120443	KADLBEPD_00152

DiscRep_SUB:FEATURE_LOCATION_CONFLICT::Coding region xref gene does not exist
plasmid_files_fasta/CP031720.1_results/PROKKA_10092018:CDS	hypothetical protein	CP031720.1:c121053-120469	KADLBEPD_00153

DiscRep_SUB:FEATURE_LOCATION_CONFLICT::Coding region xref gene does not exist
plasmid_files_fasta/CP031720.1_results/PROKKA_10092018:CDS	Plasmid partition protein A	CP031720.1:121553-122758	KADLBEPD_00154

DiscRep_SUB:FEATURE_LOCATION_CONFLICT::Coding region xref gene does not exist
plasmid_files_fasta/CP031720.1_results/PROKKA_10092018:CDS	Virulence regulon transcriptional activator VirB	CP031720.1:122758-123732	KADLBEPD_00155

DiscRep_SUB:FEATURE_LOCATION_CONFLICT::Coding region xref gene does not exist
plasmid_files_fasta/CP031720.1_results/PROKKA_10092018:CDS	Protein UmuC	CP031720.1:c125085-123814	KADLBEPD_00156

DiscRep_SUB:FEATURE_LOCATION_CONFLICT::Coding region xref gene does not exist
plasmid_files_fasta/CP031720.1_results/PROKKA_10092018:CDS	Protein UmuD	CP031720.1:c125516-125085	KADLBEPD_00157

DiscRep_SUB:FEATURE_LOCATION_CONFLICT::Coding region xref gene does not exist
plasmid_files_fasta/CP031720.1_results/PROKKA_10092018:CDS	Group II intron-encoded protein LtrA	CP031720.1:125926-127410	KADLBEPD_00158

DiscRep_SUB:FEATURE_LOCATION_CONFLICT::Coding region xref gene does not exist
plasmid_files_fasta/CP031720.1_results/PROKKA_10092018:CDS	Plasmid segregation protein ParM	CP031720.1:127659-128630	KADLBEPD_00159

DiscRep_SUB:FEATURE_LOCATION_CONFLICT::Coding region xref gene does not exist
plasmid_files_fasta/CP031720.1_results/PROKKA_10092018:CDS	hypothetical protein	CP031720.1:128633-129304	KADLBEPD_00160

DiscRep_SUB:FEATURE_LOCATION_CONFLICT::Coding region xref gene does not exist
plasmid_files_fasta/CP031720.1_results/PROKKA_10092018:CDS	hypothetical protein	CP031720.1:129367-129597	KADLBEPD_00161

DiscRep_SUB:FEATURE_LOCATION_CONFLICT::Coding region xref gene does not exist
plasmid_files_fasta/CP031720.1_results/PROKKA_10092018:CDS	DNA adenine methyltransferase YhdJ	CP031720.1:130034-130735	KADLBEPD_00162

DiscRep_SUB:FEATURE_LOCATION_CONFLICT::Coding region xref gene does not exist
plasmid_files_fasta/CP031720.1_results/PROKKA_10092018:CDS	hypothetical protein	CP031720.1:130735-130956	KADLBEPD_00163

DiscRep_SUB:FEATURE_LOCATION_CONFLICT::Coding region xref gene does not exist
plasmid_files_fasta/CP031720.1_results/PROKKA_10092018:CDS	hypothetical protein	CP031720.1:130966-131385	KADLBEPD_00164

DiscRep_SUB:FEATURE_LOCATION_CONFLICT::Coding region xref gene does not exist
plasmid_files_fasta/CP031720.1_results/PROKKA_10092018:CDS	hypothetical protein	CP031720.1:131439-132206	KADLBEPD_00165

DiscRep_SUB:FEATURE_LOCATION_CONFLICT::Coding region xref gene does not exist
plasmid_files_fasta/CP031720.1_results/PROKKA_10092018:CDS	Antirestriction protein KlcA	CP031720.1:132887-133315	KADLBEPD_00166

DiscRep_SUB:FEATURE_LOCATION_CONFLICT::Coding region xref gene does not exist
plasmid_files_fasta/CP031720.1_results/PROKKA_10092018:CDS	hypothetical protein	CP031720.1:133358-133864	KADLBEPD_00167

DiscRep_SUB:FEATURE_LOCATION_CONFLICT::Coding region xref gene does not exist
plasmid_files_fasta/CP031720.1_results/PROKKA_10092018:CDS	hypothetical protein	CP031720.1:133907-134098	KADLBEPD_00168

DiscRep_SUB:FEATURE_LOCATION_CONFLICT::Coding region xref gene does not exist
plasmid_files_fasta/CP031720.1_results/PROKKA_10092018:CDS	DNA polymerase III subunit theta	CP031720.1:134286-134540	KADLBEPD_00169

DiscRep_SUB:FEATURE_LOCATION_CONFLICT::Coding region xref gene does not exist
plasmid_files_fasta/CP031720.1_results/PROKKA_10092018:CDS	hypothetical protein	CP031720.1:134575-134895	KADLBEPD_00170

DiscRep_SUB:FEATURE_LOCATION_CONFLICT::Coding region xref gene does not exist
plasmid_files_fasta/CP031720.1_results/PROKKA_10092018:CDS	hypothetical protein	CP031720.1:135575-135802	KADLBEPD_00171

DiscRep_SUB:FEATURE_LOCATION_CONFLICT::Coding region xref gene does not exist
plasmid_files_fasta/CP031720.1_results/PROKKA_10092018:CDS	hypothetical protein	CP031720.1:135894-136124	KADLBEPD_00172

DiscRep_SUB:FEATURE_LOCATION_CONFLICT::Coding region xref gene does not exist
plasmid_files_fasta/CP031720.1_results/PROKKA_10092018:CDS	hypothetical protein	CP031720.1:136176-137531	KADLBEPD_00173

DiscRep_SUB:FEATURE_LOCATION_CONFLICT::Coding region xref gene does not exist
plasmid_files_fasta/CP031720.1_results/PROKKA_10092018:CDS	hypothetical protein	CP031720.1:137579-138142	KADLBEPD_00174

DiscRep_SUB:FEATURE_LOCATION_CONFLICT::Coding region xref gene does not exist
plasmid_files_fasta/CP031720.1_results/PROKKA_10092018:CDS	hypothetical protein	CP031720.1:c138366-138037	KADLBEPD_00175

DiscRep_SUB:FEATURE_LOCATION_CONFLICT::Coding region xref gene does not exist
plasmid_files_fasta/CP031720.1_results/PROKKA_10092018:CDS	Plasmid-derived single-stranded DNA-binding protein	CP031720.1:138974-139516	KADLBEPD_00176

DiscRep_SUB:FEATURE_LOCATION_CONFLICT::Coding region xref gene does not exist
plasmid_files_fasta/CP031720.1_results/PROKKA_10092018:CDS	hypothetical protein	CP031720.1:139565-139813	KADLBEPD_00177

DiscRep_SUB:FEATURE_LOCATION_CONFLICT::Coding region xref gene does not exist
plasmid_files_fasta/CP031720.1_results/PROKKA_10092018:CDS	Chromosome-partitioning protein Spo0J	CP031720.1:139883-141940	KADLBEPD_00178

DiscRep_SUB:FEATURE_LOCATION_CONFLICT::Coding region xref gene does not exist
plasmid_files_fasta/CP031720.1_results/PROKKA_10092018:CDS	Protein PsiB	CP031720.1:141985-142416	KADLBEPD_00179

DiscRep_SUB:FEATURE_LOCATION_CONFLICT::Coding region xref gene does not exist
plasmid_files_fasta/CP031720.1_results/PROKKA_10092018:CDS	hypothetical protein	CP031720.1:142413-143141	KADLBEPD_00180

DiscRep_SUB:FEATURE_LOCATION_CONFLICT::Coding region xref gene does not exist
plasmid_files_fasta/CP031720.1_results/PROKKA_10092018:CDS	hypothetical protein	CP031720.1:143138-143464	KADLBEPD_00181

DiscRep_SUB:FEATURE_LOCATION_CONFLICT::Coding region xref gene does not exist
plasmid_files_fasta/CP031720.1_results/PROKKA_10092018:CDS	hypothetical protein	CP031720.1:143520-143894	KADLBEPD_00182

DiscRep_SUB:FEATURE_LOCATION_CONFLICT::Coding region xref gene does not exist
plasmid_files_fasta/CP031720.1_results/PROKKA_10092018:CDS	Protein FlmC	CP031720.1:144064-144216	KADLBEPD_00183

DiscRep_SUB:FEATURE_LOCATION_CONFLICT::Coding region xref gene does not exist
plasmid_files_fasta/CP031720.1_results/PROKKA_10092018:CDS	hypothetical protein	CP031720.1:144973-145245	KADLBEPD_00184

DiscRep_SUB:FEATURE_LOCATION_CONFLICT::Coding region xref gene does not exist
plasmid_files_fasta/CP031720.1_results/PROKKA_10092018:CDS	hypothetical protein	CP031720.1:145242-145592	KADLBEPD_00185

DiscRep_SUB:FEATURE_LOCATION_CONFLICT::Coding region xref gene does not exist
plasmid_files_fasta/CP031720.1_results/PROKKA_10092018:CDS	hypothetical protein	CP031720.1:145607-145924	KADLBEPD_00186

DiscRep_SUB:FEATURE_LOCATION_CONFLICT::Coding region xref gene does not exist
plasmid_files_fasta/CP031720.1_results/PROKKA_10092018:CDS	hypothetical protein	CP031720.1:146765-147121	KADLBEPD_00187

DiscRep_SUB:FEATURE_LOCATION_CONFLICT::Coding region xref gene does not exist
plasmid_files_fasta/CP031720.1_results/PROKKA_10092018:CDS	hypothetical protein	CP031720.1:147182-147394	KADLBEPD_00188

DiscRep_SUB:FEATURE_LOCATION_CONFLICT::Coding region xref gene does not exist
plasmid_files_fasta/CP031720.1_results/PROKKA_10092018:CDS	hypothetical protein	CP031720.1:147405-147629	KADLBEPD_00189

DiscRep_SUB:FEATURE_LOCATION_CONFLICT::Coding region xref gene does not exist
plasmid_files_fasta/CP031720.1_results/PROKKA_10092018:CDS	hypothetical protein	CP031720.1:147710-148030	KADLBEPD_00190

DiscRep_SUB:FEATURE_LOCATION_CONFLICT::Coding region xref gene does not exist
plasmid_files_fasta/CP031720.1_results/PROKKA_10092018:CDS	Antitoxin HigA1	CP031720.1:148020-148298	KADLBEPD_00191

DiscRep_SUB:FEATURE_LOCATION_CONFLICT::Coding region xref gene does not exist
plasmid_files_fasta/CP031720.1_results/PROKKA_10092018:CDS	Antitoxin HigA	CP031720.1:148299-148406	KADLBEPD_00192

DiscRep_SUB:FEATURE_LOCATION_CONFLICT::Coding region xref gene does not exist
plasmid_files_fasta/CP031720.1_results/PROKKA_10092018:CDS	hypothetical protein	CP031720.1:149235-150056	KADLBEPD_00193

DiscRep_SUB:FEATURE_LOCATION_CONFLICT::Coding region xref gene does not exist
plasmid_files_fasta/CP031720.1_results/PROKKA_10092018:CDS	hypothetical protein	CP031720.1:150104-150418	KADLBEPD_00194

DiscRep_SUB:FEATURE_LOCATION_CONFLICT::Coding region xref gene does not exist
plasmid_files_fasta/CP031720.1_results/PROKKA_10092018:CDS	hypothetical protein	CP031720.1:c150936-150451	KADLBEPD_00195

DiscRep_SUB:FEATURE_LOCATION_CONFLICT::Coding region xref gene does not exist
plasmid_files_fasta/CP031720.1_results/PROKKA_10092018:CDS	Relaxosome protein TraM	CP031720.1:151360-151743	KADLBEPD_00196

DiscRep_SUB:FEATURE_LOCATION_CONFLICT::Coding region xref gene does not exist
plasmid_files_fasta/CP031720.1_results/PROKKA_10092018:CDS	Protein TraJ	CP031720.1:151943-152680	KADLBEPD_00197

DiscRep_SUB:FEATURE_LOCATION_CONFLICT::Coding region xref gene does not exist
plasmid_files_fasta/CP031720.1_results/PROKKA_10092018:CDS	Relaxosome protein TraY	CP031720.1:152783-153001	KADLBEPD_00198

DiscRep_SUB:FEATURE_LOCATION_CONFLICT::Coding region xref gene does not exist
plasmid_files_fasta/CP031720.1_results/PROKKA_10092018:CDS	Pilin	CP031720.1:153063-153431	KADLBEPD_00199

DiscRep_SUB:FEATURE_LOCATION_CONFLICT::Coding region xref gene does not exist
plasmid_files_fasta/CP031720.1_results/PROKKA_10092018:CDS	hypothetical protein	CP031720.1:153445-153750	KADLBEPD_00200

DiscRep_SUB:FEATURE_LOCATION_CONFLICT::Coding region xref gene does not exist
plasmid_files_fasta/CP031720.1_results/PROKKA_10092018:CDS	hypothetical protein	CP031720.1:153770-154156	KADLBEPD_00201

DiscRep_SUB:FEATURE_LOCATION_CONFLICT::Coding region xref gene does not exist
plasmid_files_fasta/CP031720.1_results/PROKKA_10092018:CDS	hypothetical protein	CP031720.1:c154894-154190	KADLBEPD_00202

DiscRep_SUB:FEATURE_LOCATION_CONFLICT::RNA feature xref gene does not exist
plasmid_files_fasta/CP031720.1_results/PROKKA_10092018:tRNA	Thr	CP031720.1:35538-35609	KADLBEPD_00041

DiscRep_ALL:SUSPECT_PRODUCT_NAMES::2 product_names contain suspect phrase or characters
DiscRep_SUB:SUSPECT_PRODUCT_NAMES::May contain database identifier more appropriate in note; remove from product name
DiscRep_SUB:SUSPECT_PRODUCT_NAMES::2 features Three or more numbers together
plasmid_files_fasta/CP031720.1_results/PROKKA_10092018:CDS	Putative transposon Tn552 DNA-invertase bin3	CP031720.1:15619-16251	KADLBEPD_00025
plasmid_files_fasta/CP031720.1_results/PROKKA_10092018:CDS	16S rRNA (guanine(1405)-N(7))-methyltransferase	CP031720.1:c80150-79395	KADLBEPD_00103

DiscRep_ALL:DISC_QUALITY_SCORES::Quality scores are missing on all sequences.

DiscRep_ALL:ONCALLER_COMMENT_PRESENT::1 comment descriptors were found (all same)
plasmid_files_fasta/CP031720.1_results/PROKKA_10092018:CP031720.1:Annotated using prokka 1.14-dev from https://github.com/tseemann/prokka

DiscRep_ALL:SHORT_PROT_SEQUENCES::5 protein sequences are shorter than 50 aa.
plasmid_files_fasta/CP031720.1_results/PROKKA_10092018:CP031720.1_10 (length 37)
plasmid_files_fasta/CP031720.1_results/PROKKA_10092018:CP031720.1_32 (length 42)
plasmid_files_fasta/CP031720.1_results/PROKKA_10092018:CP031720.1_114 (length 40)
plasmid_files_fasta/CP031720.1_results/PROKKA_10092018:CP031720.1_128 (length 49)
plasmid_files_fasta/CP031720.1_results/PROKKA_10092018:CP031720.1_191 (length 35)

DiscRep_ALL:MISSING_GENOMEASSEMBLY_COMMENTS::1 bioseqs are missing GenomeAssembly structured comments
plasmid_files_fasta/CP031720.1_results/PROKKA_10092018:CP031720.1 (length 154957)

DiscRep_ALL:MOLTYPE_NOT_MRNA::1 molecule types are not set as mRNA.
plasmid_files_fasta/CP031720.1_results/PROKKA_10092018:CP031720.1 (length 154957)

DiscRep_ALL:TECHNIQUE_NOT_TSA::1 technique are not set as TSA
plasmid_files_fasta/CP031720.1_results/PROKKA_10092018:CP031720.1 (length 154957)

DiscRep_ALL:MISSING_STRUCTURED_COMMENT::1 sequences do not include structured comments.
plasmid_files_fasta/CP031720.1_results/PROKKA_10092018:CP031720.1 (length 154957)

DiscRep_ALL:MISSING_PROJECT::202 sequences do not include project.
plasmid_files_fasta/CP031720.1_results/PROKKA_10092018:CP031720.1 (length 154957)
plasmid_files_fasta/CP031720.1_results/PROKKA_10092018:CP031720.1_1 (length 124)
plasmid_files_fasta/CP031720.1_results/PROKKA_10092018:CP031720.1_2 (length 119)
plasmid_files_fasta/CP031720.1_results/PROKKA_10092018:CP031720.1_3 (length 107)
plasmid_files_fasta/CP031720.1_results/PROKKA_10092018:CP031720.1_4 (length 242)
plasmid_files_fasta/CP031720.1_results/PROKKA_10092018:CP031720.1_5 (length 143)
plasmid_files_fasta/CP031720.1_results/PROKKA_10092018:CP031720.1_6 (length 432)
plasmid_files_fasta/CP031720.1_results/PROKKA_10092018:CP031720.1_7 (length 220)
plasmid_files_fasta/CP031720.1_results/PROKKA_10092018:CP031720.1_8 (length 76)
plasmid_files_fasta/CP031720.1_results/PROKKA_10092018:CP031720.1_9 (length 100)
plasmid_files_fasta/CP031720.1_results/PROKKA_10092018:CP031720.1_10 (length 37)
plasmid_files_fasta/CP031720.1_results/PROKKA_10092018:CP031720.1_11 (length 50)
plasmid_files_fasta/CP031720.1_results/PROKKA_10092018:CP031720.1_12 (length 86)
plasmid_files_fasta/CP031720.1_results/PROKKA_10092018:CP031720.1_13 (length 78)
plasmid_files_fasta/CP031720.1_results/PROKKA_10092018:CP031720.1_14 (length 63)
plasmid_files_fasta/CP031720.1_results/PROKKA_10092018:CP031720.1_15 (length 168)
plasmid_files_fasta/CP031720.1_results/PROKKA_10092018:CP031720.1_16 (length 259)
plasmid_files_fasta/CP031720.1_results/PROKKA_10092018:CP031720.1_17 (length 139)
plasmid_files_fasta/CP031720.1_results/PROKKA_10092018:CP031720.1_18 (length 73)
plasmid_files_fasta/CP031720.1_results/PROKKA_10092018:CP031720.1_19 (length 225)
plasmid_files_fasta/CP031720.1_results/PROKKA_10092018:CP031720.1_20 (length 223)
plasmid_files_fasta/CP031720.1_results/PROKKA_10092018:CP031720.1_21 (length 140)
plasmid_files_fasta/CP031720.1_results/PROKKA_10092018:CP031720.1_22 (length 423)
plasmid_files_fasta/CP031720.1_results/PROKKA_10092018:CP031720.1_23 (length 323)
plasmid_files_fasta/CP031720.1_results/PROKKA_10092018:CP031720.1_24 (length 401)
plasmid_files_fasta/CP031720.1_results/PROKKA_10092018:CP031720.1_25 (length 210)
plasmid_files_fasta/CP031720.1_results/PROKKA_10092018:CP031720.1_26 (length 66)
plasmid_files_fasta/CP031720.1_results/PROKKA_10092018:CP031720.1_27 (length 316)
plasmid_files_fasta/CP031720.1_results/PROKKA_10092018:CP031720.1_28 (length 203)
plasmid_files_fasta/CP031720.1_results/PROKKA_10092018:CP031720.1_29 (length 131)
plasmid_files_fasta/CP031720.1_results/PROKKA_10092018:CP031720.1_30 (length 326)
plasmid_files_fasta/CP031720.1_results/PROKKA_10092018:CP031720.1_31 (length 136)
plasmid_files_fasta/CP031720.1_results/PROKKA_10092018:CP031720.1_32 (length 42)
plasmid_files_fasta/CP031720.1_results/PROKKA_10092018:CP031720.1_33 (length 187)
plasmid_files_fasta/CP031720.1_results/PROKKA_10092018:CP031720.1_34 (length 234)
plasmid_files_fasta/CP031720.1_results/PROKKA_10092018:CP031720.1_35 (length 1711)
plasmid_files_fasta/CP031720.1_results/PROKKA_10092018:CP031720.1_36 (length 741)
plasmid_files_fasta/CP031720.1_results/PROKKA_10092018:CP031720.1_37 (length 245)
plasmid_files_fasta/CP031720.1_results/PROKKA_10092018:CP031720.1_38 (length 244)
plasmid_files_fasta/CP031720.1_results/PROKKA_10092018:CP031720.1_39 (length 173)
plasmid_files_fasta/CP031720.1_results/PROKKA_10092018:CP031720.1_40 (length 938)
plasmid_files_fasta/CP031720.1_results/PROKKA_10092018:CP031720.1_41 (length 130)
plasmid_files_fasta/CP031720.1_results/PROKKA_10092018:CP031720.1_42 (length 104)
plasmid_files_fasta/CP031720.1_results/PROKKA_10092018:CP031720.1_43 (length 181)
plasmid_files_fasta/CP031720.1_results/PROKKA_10092018:CP031720.1_44 (length 93)
plasmid_files_fasta/CP031720.1_results/PROKKA_10092018:CP031720.1_45 (length 247)
plasmid_files_fasta/CP031720.1_results/PROKKA_10092018:CP031720.1_46 (length 86)
plasmid_files_fasta/CP031720.1_results/PROKKA_10092018:CP031720.1_47 (length 616)
plasmid_files_fasta/CP031720.1_results/PROKKA_10092018:CP031720.1_48 (length 140)
plasmid_files_fasta/CP031720.1_results/PROKKA_10092018:CP031720.1_49 (length 123)
plasmid_files_fasta/CP031720.1_results/PROKKA_10092018:CP031720.1_50 (length 212)
plasmid_files_fasta/CP031720.1_results/PROKKA_10092018:CP031720.1_51 (length 87)
plasmid_files_fasta/CP031720.1_results/PROKKA_10092018:CP031720.1_52 (length 322)
plasmid_files_fasta/CP031720.1_results/PROKKA_10092018:CP031720.1_53 (length 90)
plasmid_files_fasta/CP031720.1_results/PROKKA_10092018:CP031720.1_54 (length 102)
plasmid_files_fasta/CP031720.1_results/PROKKA_10092018:CP031720.1_55 (length 330)
plasmid_files_fasta/CP031720.1_results/PROKKA_10092018:CP031720.1_56 (length 210)
plasmid_files_fasta/CP031720.1_results/PROKKA_10092018:CP031720.1_57 (length 128)
plasmid_files_fasta/CP031720.1_results/PROKKA_10092018:CP031720.1_58 (length 875)
plasmid_files_fasta/CP031720.1_results/PROKKA_10092018:CP031720.1_59 (length 73)
plasmid_files_fasta/CP031720.1_results/PROKKA_10092018:CP031720.1_60 (length 171)
plasmid_files_fasta/CP031720.1_results/PROKKA_10092018:CP031720.1_61 (length 83)
plasmid_files_fasta/CP031720.1_results/PROKKA_10092018:CP031720.1_62 (length 65)
plasmid_files_fasta/CP031720.1_results/PROKKA_10092018:CP031720.1_63 (length 196)
plasmid_files_fasta/CP031720.1_results/PROKKA_10092018:CP031720.1_64 (length 475)
plasmid_files_fasta/CP031720.1_results/PROKKA_10092018:CP031720.1_65 (length 242)
plasmid_files_fasta/CP031720.1_results/PROKKA_10092018:CP031720.1_66 (length 188)
plasmid_files_fasta/CP031720.1_results/PROKKA_10092018:CP031720.1_67 (length 103)
plasmid_files_fasta/CP031720.1_results/PROKKA_10092018:CP031720.1_68 (length 121)
plasmid_files_fasta/CP031720.1_results/PROKKA_10092018:CP031720.1_69 (length 75)
plasmid_files_fasta/CP031720.1_results/PROKKA_10092018:CP031720.1_70 (length 228)
plasmid_files_fasta/CP031720.1_results/PROKKA_10092018:CP031720.1_71 (length 127)
plasmid_files_fasta/CP031720.1_results/PROKKA_10092018:CP031720.1_72 (length 215)
plasmid_files_fasta/CP031720.1_results/PROKKA_10092018:CP031720.1_73 (length 273)
plasmid_files_fasta/CP031720.1_results/PROKKA_10092018:CP031720.1_74 (length 98)
plasmid_files_fasta/CP031720.1_results/PROKKA_10092018:CP031720.1_75 (length 78)
plasmid_files_fasta/CP031720.1_results/PROKKA_10092018:CP031720.1_76 (length 71)
plasmid_files_fasta/CP031720.1_results/PROKKA_10092018:CP031720.1_77 (length 239)
plasmid_files_fasta/CP031720.1_results/PROKKA_10092018:CP031720.1_78 (length 144)
plasmid_files_fasta/CP031720.1_results/PROKKA_10092018:CP031720.1_79 (length 191)
plasmid_files_fasta/CP031720.1_results/PROKKA_10092018:CP031720.1_80 (length 473)
plasmid_files_fasta/CP031720.1_results/PROKKA_10092018:CP031720.1_81 (length 77)
plasmid_files_fasta/CP031720.1_results/PROKKA_10092018:CP031720.1_82 (length 175)
plasmid_files_fasta/CP031720.1_results/PROKKA_10092018:CP031720.1_83 (length 78)
plasmid_files_fasta/CP031720.1_results/PROKKA_10092018:CP031720.1_84 (length 84)
plasmid_files_fasta/CP031720.1_results/PROKKA_10092018:CP031720.1_85 (length 187)
plasmid_files_fasta/CP031720.1_results/PROKKA_10092018:CP031720.1_86 (length 453)
plasmid_files_fasta/CP031720.1_results/PROKKA_10092018:CP031720.1_87 (length 76)
plasmid_files_fasta/CP031720.1_results/PROKKA_10092018:CP031720.1_88 (length 85)
plasmid_files_fasta/CP031720.1_results/PROKKA_10092018:CP031720.1_89 (length 555)
plasmid_files_fasta/CP031720.1_results/PROKKA_10092018:CP031720.1_90 (length 63)
plasmid_files_fasta/CP031720.1_results/PROKKA_10092018:CP031720.1_91 (length 140)
plasmid_files_fasta/CP031720.1_results/PROKKA_10092018:CP031720.1_92 (length 141)
plasmid_files_fasta/CP031720.1_results/PROKKA_10092018:CP031720.1_93 (length 275)
plasmid_files_fasta/CP031720.1_results/PROKKA_10092018:CP031720.1_94 (length 144)
plasmid_files_fasta/CP031720.1_results/PROKKA_10092018:CP031720.1_95 (length 73)
plasmid_files_fasta/CP031720.1_results/PROKKA_10092018:CP031720.1_96 (length 227)
plasmid_files_fasta/CP031720.1_results/PROKKA_10092018:CP031720.1_97 (length 320)
plasmid_files_fasta/CP031720.1_results/PROKKA_10092018:CP031720.1_98 (length 117)
plasmid_files_fasta/CP031720.1_results/PROKKA_10092018:CP031720.1_99 (length 93)
plasmid_files_fasta/CP031720.1_results/PROKKA_10092018:CP031720.1_100 (length 234)
plasmid_files_fasta/CP031720.1_results/PROKKA_10092018:CP031720.1_101 (length 93)
plasmid_files_fasta/CP031720.1_results/PROKKA_10092018:CP031720.1_102 (length 251)
plasmid_files_fasta/CP031720.1_results/PROKKA_10092018:CP031720.1_103 (length 286)
plasmid_files_fasta/CP031720.1_results/PROKKA_10092018:CP031720.1_104 (length 171)
plasmid_files_fasta/CP031720.1_results/PROKKA_10092018:CP031720.1_105 (length 62)
plasmid_files_fasta/CP031720.1_results/PROKKA_10092018:CP031720.1_106 (length 240)
plasmid_files_fasta/CP031720.1_results/PROKKA_10092018:CP031720.1_107 (length 234)
plasmid_files_fasta/CP031720.1_results/PROKKA_10092018:CP031720.1_108 (length 191)
plasmid_files_fasta/CP031720.1_results/PROKKA_10092018:CP031720.1_109 (length 234)
plasmid_files_fasta/CP031720.1_results/PROKKA_10092018:CP031720.1_110 (length 149)
plasmid_files_fasta/CP031720.1_results/PROKKA_10092018:CP031720.1_111 (length 341)
plasmid_files_fasta/CP031720.1_results/PROKKA_10092018:CP031720.1_112 (length 322)
plasmid_files_fasta/CP031720.1_results/PROKKA_10092018:CP031720.1_113 (length 291)
plasmid_files_fasta/CP031720.1_results/PROKKA_10092018:CP031720.1_114 (length 40)
plasmid_files_fasta/CP031720.1_results/PROKKA_10092018:CP031720.1_115 (length 234)
plasmid_files_fasta/CP031720.1_results/PROKKA_10092018:CP031720.1_116 (length 133)
plasmid_files_fasta/CP031720.1_results/PROKKA_10092018:CP031720.1_117 (length 326)
plasmid_files_fasta/CP031720.1_results/PROKKA_10092018:CP031720.1_118 (length 293)
plasmid_files_fasta/CP031720.1_results/PROKKA_10092018:CP031720.1_119 (length 309)
plasmid_files_fasta/CP031720.1_results/PROKKA_10092018:CP031720.1_120 (length 234)
plasmid_files_fasta/CP031720.1_results/PROKKA_10092018:CP031720.1_121 (length 177)
plasmid_files_fasta/CP031720.1_results/PROKKA_10092018:CP031720.1_122 (length 71)
plasmid_files_fasta/CP031720.1_results/PROKKA_10092018:CP031720.1_123 (length 110)
plasmid_files_fasta/CP031720.1_results/PROKKA_10092018:CP031720.1_124 (length 85)
plasmid_files_fasta/CP031720.1_results/PROKKA_10092018:CP031720.1_125 (length 217)
plasmid_files_fasta/CP031720.1_results/PROKKA_10092018:CP031720.1_126 (length 285)
plasmid_files_fasta/CP031720.1_results/PROKKA_10092018:CP031720.1_127 (length 82)
plasmid_files_fasta/CP031720.1_results/PROKKA_10092018:CP031720.1_128 (length 49)
plasmid_files_fasta/CP031720.1_results/PROKKA_10092018:CP031720.1_129 (length 110)
plasmid_files_fasta/CP031720.1_results/PROKKA_10092018:CP031720.1_130 (length 199)
plasmid_files_fasta/CP031720.1_results/PROKKA_10092018:CP031720.1_131 (length 66)
plasmid_files_fasta/CP031720.1_results/PROKKA_10092018:CP031720.1_132 (length 186)
plasmid_files_fasta/CP031720.1_results/PROKKA_10092018:CP031720.1_133 (length 248)
plasmid_files_fasta/CP031720.1_results/PROKKA_10092018:CP031720.1_134 (length 74)
plasmid_files_fasta/CP031720.1_results/PROKKA_10092018:CP031720.1_135 (length 234)
plasmid_files_fasta/CP031720.1_results/PROKKA_10092018:CP031720.1_136 (length 988)
plasmid_files_fasta/CP031720.1_results/PROKKA_10092018:CP031720.1_137 (length 334)
plasmid_files_fasta/CP031720.1_results/PROKKA_10092018:CP031720.1_138 (length 126)
plasmid_files_fasta/CP031720.1_results/PROKKA_10092018:CP031720.1_139 (length 125)
plasmid_files_fasta/CP031720.1_results/PROKKA_10092018:CP031720.1_140 (length 340)
plasmid_files_fasta/CP031720.1_results/PROKKA_10092018:CP031720.1_141 (length 520)
plasmid_files_fasta/CP031720.1_results/PROKKA_10092018:CP031720.1_142 (length 138)
plasmid_files_fasta/CP031720.1_results/PROKKA_10092018:CP031720.1_143 (length 76)
plasmid_files_fasta/CP031720.1_results/PROKKA_10092018:CP031720.1_144 (length 314)
plasmid_files_fasta/CP031720.1_results/PROKKA_10092018:CP031720.1_145 (length 130)
plasmid_files_fasta/CP031720.1_results/PROKKA_10092018:CP031720.1_146 (length 173)
plasmid_files_fasta/CP031720.1_results/PROKKA_10092018:CP031720.1_147 (length 67)
plasmid_files_fasta/CP031720.1_results/PROKKA_10092018:CP031720.1_148 (length 334)
plasmid_files_fasta/CP031720.1_results/PROKKA_10092018:CP031720.1_149 (length 259)
plasmid_files_fasta/CP031720.1_results/PROKKA_10092018:CP031720.1_150 (length 85)
plasmid_files_fasta/CP031720.1_results/PROKKA_10092018:CP031720.1_151 (length 288)
plasmid_files_fasta/CP031720.1_results/PROKKA_10092018:CP031720.1_152 (length 194)
plasmid_files_fasta/CP031720.1_results/PROKKA_10092018:CP031720.1_153 (length 401)
plasmid_files_fasta/CP031720.1_results/PROKKA_10092018:CP031720.1_154 (length 324)
plasmid_files_fasta/CP031720.1_results/PROKKA_10092018:CP031720.1_155 (length 423)
plasmid_files_fasta/CP031720.1_results/PROKKA_10092018:CP031720.1_156 (length 143)
plasmid_files_fasta/CP031720.1_results/PROKKA_10092018:CP031720.1_157 (length 494)
plasmid_files_fasta/CP031720.1_results/PROKKA_10092018:CP031720.1_158 (length 323)
plasmid_files_fasta/CP031720.1_results/PROKKA_10092018:CP031720.1_159 (length 223)
plasmid_files_fasta/CP031720.1_results/PROKKA_10092018:CP031720.1_160 (length 76)
plasmid_files_fasta/CP031720.1_results/PROKKA_10092018:CP031720.1_161 (length 233)
plasmid_files_fasta/CP031720.1_results/PROKKA_10092018:CP031720.1_162 (length 73)
plasmid_files_fasta/CP031720.1_results/PROKKA_10092018:CP031720.1_163 (length 139)
plasmid_files_fasta/CP031720.1_results/PROKKA_10092018:CP031720.1_164 (length 255)
plasmid_files_fasta/CP031720.1_results/PROKKA_10092018:CP031720.1_165 (length 142)
plasmid_files_fasta/CP031720.1_results/PROKKA_10092018:CP031720.1_166 (length 168)
plasmid_files_fasta/CP031720.1_results/PROKKA_10092018:CP031720.1_167 (length 63)
plasmid_files_fasta/CP031720.1_results/PROKKA_10092018:CP031720.1_168 (length 84)
plasmid_files_fasta/CP031720.1_results/PROKKA_10092018:CP031720.1_169 (length 106)
plasmid_files_fasta/CP031720.1_results/PROKKA_10092018:CP031720.1_170 (length 75)
plasmid_files_fasta/CP031720.1_results/PROKKA_10092018:CP031720.1_171 (length 76)
plasmid_files_fasta/CP031720.1_results/PROKKA_10092018:CP031720.1_172 (length 451)
plasmid_files_fasta/CP031720.1_results/PROKKA_10092018:CP031720.1_173 (length 187)
plasmid_files_fasta/CP031720.1_results/PROKKA_10092018:CP031720.1_174 (length 109)
plasmid_files_fasta/CP031720.1_results/PROKKA_10092018:CP031720.1_175 (length 180)
plasmid_files_fasta/CP031720.1_results/PROKKA_10092018:CP031720.1_176 (length 82)
plasmid_files_fasta/CP031720.1_results/PROKKA_10092018:CP031720.1_177 (length 685)
plasmid_files_fasta/CP031720.1_results/PROKKA_10092018:CP031720.1_178 (length 143)
plasmid_files_fasta/CP031720.1_results/PROKKA_10092018:CP031720.1_179 (length 242)
plasmid_files_fasta/CP031720.1_results/PROKKA_10092018:CP031720.1_180 (length 108)
plasmid_files_fasta/CP031720.1_results/PROKKA_10092018:CP031720.1_181 (length 124)
plasmid_files_fasta/CP031720.1_results/PROKKA_10092018:CP031720.1_182 (length 50)
plasmid_files_fasta/CP031720.1_results/PROKKA_10092018:CP031720.1_183 (length 90)
plasmid_files_fasta/CP031720.1_results/PROKKA_10092018:CP031720.1_184 (length 116)
plasmid_files_fasta/CP031720.1_results/PROKKA_10092018:CP031720.1_185 (length 105)
plasmid_files_fasta/CP031720.1_results/PROKKA_10092018:CP031720.1_186 (length 118)
plasmid_files_fasta/CP031720.1_results/PROKKA_10092018:CP031720.1_187 (length 70)
plasmid_files_fasta/CP031720.1_results/PROKKA_10092018:CP031720.1_188 (length 74)
plasmid_files_fasta/CP031720.1_results/PROKKA_10092018:CP031720.1_189 (length 106)
plasmid_files_fasta/CP031720.1_results/PROKKA_10092018:CP031720.1_190 (length 92)
plasmid_files_fasta/CP031720.1_results/PROKKA_10092018:CP031720.1_191 (length 35)
plasmid_files_fasta/CP031720.1_results/PROKKA_10092018:CP031720.1_192 (length 273)
plasmid_files_fasta/CP031720.1_results/PROKKA_10092018:CP031720.1_193 (length 104)
plasmid_files_fasta/CP031720.1_results/PROKKA_10092018:CP031720.1_194 (length 161)
plasmid_files_fasta/CP031720.1_results/PROKKA_10092018:CP031720.1_195 (length 127)
plasmid_files_fasta/CP031720.1_results/PROKKA_10092018:CP031720.1_196 (length 245)
plasmid_files_fasta/CP031720.1_results/PROKKA_10092018:CP031720.1_197 (length 72)
plasmid_files_fasta/CP031720.1_results/PROKKA_10092018:CP031720.1_198 (length 122)
plasmid_files_fasta/CP031720.1_results/PROKKA_10092018:CP031720.1_199 (length 101)
plasmid_files_fasta/CP031720.1_results/PROKKA_10092018:CP031720.1_200 (length 128)
plasmid_files_fasta/CP031720.1_results/PROKKA_10092018:CP031720.1_201 (length 234)

DiscRep_ALL:DISC_INCONSISTENT_MOLINFO_TECH::Molinfo Technique Report (some missing, all same)
DiscRep_SUB:DISC_INCONSISTENT_MOLINFO_TECH::technique (all missing)
DiscRep_SUB:DISC_INCONSISTENT_MOLINFO_TECH::1 Molinfos are missing field technique
plasmid_files_fasta/CP031720.1_results/PROKKA_10092018:CP031720.1 (length 154957)

