[15:26:39] This is prokka 1.14-dev
[15:26:39] Written by Torsten Seemann <torsten.seemann@gmail.com>
[15:26:39] Homepage is https://github.com/tseemann/prokka
[15:26:39] Local time is Tue Oct  9 15:26:39 2018
[15:26:39] You are christian
[15:26:39] Operating system is linux
[15:26:39] You have BioPerl 1.007002
[15:26:39] System has 20 cores.
[15:26:39] Will use maximum of 20 cores.
[15:26:39] Annotating as >>> Bacteria <<<
[15:26:39] Generating locus_tag from 'plasmid_files_fasta/KC609323.1.fasta' contents.
[15:26:39] Setting --locustag BFEKKPOO from MD5 bfe44988ee348ede24bce31cd3e1a7a2
[15:26:39] Creating new output folder: plasmid_files_fasta/KC609323.1_results
[15:26:39] Running: mkdir -p plasmid_files_fasta\/KC609323\.1_results
[15:26:39] Using filename prefix: PROKKA_10092018.XXX
[15:26:39] Setting HMMER_NCPU=1
[15:26:39] Writing log to: plasmid_files_fasta/KC609323.1_results/PROKKA_10092018.log
[15:26:39] Command: /home/christian/install/prokka/bin/prokka plasmid_files_fasta/KC609323.1.fasta --outdir plasmid_files_fasta/KC609323.1_results --cpus 20 --force
[15:26:39] Appending to PATH: /home/christian/install/prokka/bin/../binaries/linux
[15:26:39] Appending to PATH: /home/christian/install/prokka/bin/../binaries/linux/../common
[15:26:39] Appending to PATH: /home/christian/install/prokka/bin
[15:26:39] Looking for 'aragorn' - found /home/christian/install/prokka/bin/../binaries/linux/aragorn
[15:26:39] Determined aragorn version is 1.2
[15:26:39] Looking for 'blastp' - found /usr/bin/blastp
[15:26:39] Determined blastp version is 2.2
[15:26:39] Looking for 'cmpress' - found /usr/local/bin/cmpress
[15:26:39] Determined cmpress version is 1.1
[15:26:39] Looking for 'cmscan' - found /usr/local/bin/cmscan
[15:26:39] Determined cmscan version is 1.1
[15:26:39] Looking for 'egrep' - found /bin/egrep
[15:26:39] Looking for 'find' - found /usr/bin/find
[15:26:39] Looking for 'grep' - found /bin/grep
[15:26:39] Looking for 'hmmpress' - found /usr/local/bin/hmmpress
[15:26:39] Determined hmmpress version is 3.1
[15:26:39] Looking for 'hmmscan' - found /usr/local/bin/hmmscan
[15:26:39] Determined hmmscan version is 3.1
[15:26:39] Looking for 'java' - found /usr/bin/java
[15:26:39] Looking for 'less' - found /usr/bin/less
[15:26:39] Looking for 'makeblastdb' - found /usr/bin/makeblastdb
[15:26:39] Determined makeblastdb version is 2.2
[15:26:39] Looking for 'minced' - found /home/christian/install/prokka/bin/../binaries/linux/../common/minced
[15:26:39] Determined minced version is 2.0
[15:26:39] Looking for 'parallel' - found /usr/bin/parallel
[15:26:39] Determined parallel version is 20141022
[15:26:39] Looking for 'prodigal' - found /usr/local/bin/prodigal
[15:26:39] Determined prodigal version is 2.6
[15:26:39] Looking for 'prokka-genbank_to_fasta_db' - found /home/christian/install/prokka/bin/prokka-genbank_to_fasta_db
[15:26:39] Looking for 'sed' - found /bin/sed
[15:26:39] Looking for 'tbl2asn' - found /home/christian/install/prokka/bin/../binaries/linux/tbl2asn
[15:26:39] Determined tbl2asn version is 25.6
[15:26:39] Using genetic code table 11.
[15:26:39] Loading and checking input file: plasmid_files_fasta/KC609323.1.fasta
[15:26:39] Wrote 1 contigs totalling 31529 bp.
[15:26:39] Predicting tRNAs and tmRNAs
[15:26:39] Running: aragorn -l -gc11  -w plasmid_files_fasta\/KC609323\.1_results\/PROKKA_10092018\.fna
[15:26:39] Found 0 tRNAs
[15:26:39] Predicting Ribosomal RNAs
[15:26:39] You need either Barrnap or RNAmmer installed to predict rRNAs!
[15:26:39] Skipping ncRNA search, enable with --rfam if desired.
[15:26:39] Total of 0 tRNA + rRNA features
[15:26:39] Searching for CRISPR repeats
[15:26:39] Found 0 CRISPRs
[15:26:39] Predicting coding sequences
[15:26:39] Contigs total 31529 bp, so using meta mode
[15:26:39] Running: prodigal -i plasmid_files_fasta\/KC609323\.1_results\/PROKKA_10092018\.fna -c -m -g 11 -p meta -f sco -q
[15:26:39] Found 36 CDS
[15:26:39] Connecting features back to sequences
[15:26:39] Not using genus-specific database. Try --usegenus to enable it.
[15:26:39] Annotating CDS, please be patient.
[15:26:39] Will use 20 CPUs for similarity searching.
[15:26:39] There are still 36 unannotated CDS left (started with 36)
[15:26:39] Will use blast to search against /home/christian/install/prokka/db/kingdom/Bacteria/sprot with 20 CPUs
[15:26:39] Running: cat plasmid_files_fasta\/KC609323\.1_results\/sprot\.faa | parallel --gnu --plain -j 20 --block 226 --recstart '>' --pipe blastp -query - -db /home/christian/install/prokka/db/kingdom/Bacteria/sprot -evalue 1e-06 -num_threads 1 -num_descriptions 1 -num_alignments 1 -seg no > plasmid_files_fasta\/KC609323\.1_results\/sprot\.blast 2> /dev/null
[15:26:40] Modify product: Putative bifunctional exonuclease/endonuclease protein Rv2191 => Putative bifunctional exonuclease/endonuclease protein
[15:26:40] Cleaned 1 /product names
[15:26:40] Deleting unwanted file: plasmid_files_fasta/KC609323.1_results/sprot.faa
[15:26:40] Deleting unwanted file: plasmid_files_fasta/KC609323.1_results/sprot.blast
[15:26:40] There are still 25 unannotated CDS left (started with 36)
[15:26:40] Will use hmmer3 to search against /home/christian/install/prokka/db/hmm/HAMAP.hmm with 20 CPUs
[15:26:40] Running: cat plasmid_files_fasta\/KC609323\.1_results\/HAMAP\.hmm\.faa | parallel --gnu --plain -j 20 --block 138 --recstart '>' --pipe hmmscan --noali --notextw --acc -E 1e-06 --cpu 1 /home/christian/install/prokka/db/hmm/HAMAP.hmm /dev/stdin > plasmid_files_fasta\/KC609323\.1_results\/HAMAP\.hmm\.hmmer3 2> /dev/null
[15:26:41] Deleting unwanted file: plasmid_files_fasta/KC609323.1_results/HAMAP.hmm.faa
[15:26:41] Deleting unwanted file: plasmid_files_fasta/KC609323.1_results/HAMAP.hmm.hmmer3
[15:26:41] Labelling remaining 24 proteins as 'hypothetical protein'
[15:26:41] Found 10 unique /gene codes.
[15:26:41] Fixed 0 colliding /gene names.
[15:26:41] Adding /locus_tag identifiers
[15:26:41] Assigned 36 locus_tags to CDS and RNA features.
[15:26:41] Writing outputs to plasmid_files_fasta/KC609323.1_results/
[15:26:41] Generating annotation statistics file
[15:26:41] Generating Genbank and Sequin files
[15:26:41] Running: tbl2asn -V b -a r10k -l paired-ends -M n -N 1 -y 'Annotated using prokka 1.14-dev from https://github.com/tseemann/prokka' -Z plasmid_files_fasta\/KC609323\.1_results\/PROKKA_10092018\.err -i plasmid_files_fasta\/KC609323\.1_results\/PROKKA_10092018\.fsa 2> /dev/null
[15:26:41] Deleting unwanted file: plasmid_files_fasta/KC609323.1_results/errorsummary.val
[15:26:41] Deleting unwanted file: plasmid_files_fasta/KC609323.1_results/PROKKA_10092018.dr
[15:26:41] Deleting unwanted file: plasmid_files_fasta/KC609323.1_results/PROKKA_10092018.fixedproducts
[15:26:41] Deleting unwanted file: plasmid_files_fasta/KC609323.1_results/PROKKA_10092018.ecn
[15:26:41] Deleting unwanted file: plasmid_files_fasta/KC609323.1_results/PROKKA_10092018.val
[15:26:41] Repairing broken .GBK output that tbl2asn produces...
[15:26:41] Running: sed 's/COORDINATES: profile/COORDINATES:profile/' < plasmid_files_fasta\/KC609323\.1_results\/PROKKA_10092018\.gbf > plasmid_files_fasta\/KC609323\.1_results\/PROKKA_10092018\.gbk
[15:26:41] Deleting unwanted file: plasmid_files_fasta/KC609323.1_results/PROKKA_10092018.gbf
[15:26:41] Output files:
[15:26:41] plasmid_files_fasta/KC609323.1_results/PROKKA_10092018.ffn
[15:26:41] plasmid_files_fasta/KC609323.1_results/PROKKA_10092018.tbl
[15:26:41] plasmid_files_fasta/KC609323.1_results/PROKKA_10092018.log
[15:26:41] plasmid_files_fasta/KC609323.1_results/PROKKA_10092018.fna
[15:26:41] plasmid_files_fasta/KC609323.1_results/PROKKA_10092018.fsa
[15:26:41] plasmid_files_fasta/KC609323.1_results/PROKKA_10092018.tsv
[15:26:41] plasmid_files_fasta/KC609323.1_results/PROKKA_10092018.faa
[15:26:41] plasmid_files_fasta/KC609323.1_results/PROKKA_10092018.gbk
[15:26:41] plasmid_files_fasta/KC609323.1_results/PROKKA_10092018.sqn
[15:26:41] plasmid_files_fasta/KC609323.1_results/PROKKA_10092018.err
[15:26:41] plasmid_files_fasta/KC609323.1_results/PROKKA_10092018.txt
[15:26:41] plasmid_files_fasta/KC609323.1_results/PROKKA_10092018.gff
[15:26:41] Annotation finished successfully.
[15:26:41] Walltime used: 0.03 minutes
[15:26:41] If you use this result please cite the Prokka paper:
[15:26:41] Seemann T (2014) Prokka: rapid prokaryotic genome annotation. Bioinformatics. 30(14):2068-9.
[15:26:41] Type 'prokka --citation' for more details.
[15:26:41] Thank you, come again.
