[15:14:35] This is prokka 1.14-dev
[15:14:35] Written by Torsten Seemann <torsten.seemann@gmail.com>
[15:14:35] Homepage is https://github.com/tseemann/prokka
[15:14:35] Local time is Tue Oct  9 15:14:35 2018
[15:14:35] You are christian
[15:14:35] Operating system is linux
[15:14:35] You have BioPerl 1.007002
[15:14:35] System has 20 cores.
[15:14:35] Will use maximum of 20 cores.
[15:14:35] Annotating as >>> Bacteria <<<
[15:14:35] Generating locus_tag from 'plasmid_files_fasta/CP011608.1.fasta' contents.
[15:14:35] Setting --locustag GAGELJAO from MD5 0a0e53a81e1c5dd1e17ad3dda4a670eb
[15:14:35] Creating new output folder: plasmid_files_fasta/CP011608.1_results
[15:14:35] Running: mkdir -p plasmid_files_fasta\/CP011608\.1_results
[15:14:35] Using filename prefix: PROKKA_10092018.XXX
[15:14:35] Setting HMMER_NCPU=1
[15:14:35] Writing log to: plasmid_files_fasta/CP011608.1_results/PROKKA_10092018.log
[15:14:35] Command: /home/christian/install/prokka/bin/prokka plasmid_files_fasta/CP011608.1.fasta --outdir plasmid_files_fasta/CP011608.1_results --cpus 20 --force
[15:14:35] Appending to PATH: /home/christian/install/prokka/bin/../binaries/linux
[15:14:35] Appending to PATH: /home/christian/install/prokka/bin/../binaries/linux/../common
[15:14:35] Appending to PATH: /home/christian/install/prokka/bin
[15:14:35] Looking for 'aragorn' - found /home/christian/install/prokka/bin/../binaries/linux/aragorn
[15:14:35] Determined aragorn version is 1.2
[15:14:35] Looking for 'blastp' - found /usr/bin/blastp
[15:14:35] Determined blastp version is 2.2
[15:14:35] Looking for 'cmpress' - found /usr/local/bin/cmpress
[15:14:35] Determined cmpress version is 1.1
[15:14:35] Looking for 'cmscan' - found /usr/local/bin/cmscan
[15:14:36] Determined cmscan version is 1.1
[15:14:36] Looking for 'egrep' - found /bin/egrep
[15:14:36] Looking for 'find' - found /usr/bin/find
[15:14:36] Looking for 'grep' - found /bin/grep
[15:14:36] Looking for 'hmmpress' - found /usr/local/bin/hmmpress
[15:14:36] Determined hmmpress version is 3.1
[15:14:36] Looking for 'hmmscan' - found /usr/local/bin/hmmscan
[15:14:36] Determined hmmscan version is 3.1
[15:14:36] Looking for 'java' - found /usr/bin/java
[15:14:36] Looking for 'less' - found /usr/bin/less
[15:14:36] Looking for 'makeblastdb' - found /usr/bin/makeblastdb
[15:14:36] Determined makeblastdb version is 2.2
[15:14:36] Looking for 'minced' - found /home/christian/install/prokka/bin/../binaries/linux/../common/minced
[15:14:36] Determined minced version is 2.0
[15:14:36] Looking for 'parallel' - found /usr/bin/parallel
[15:14:36] Determined parallel version is 20141022
[15:14:36] Looking for 'prodigal' - found /usr/local/bin/prodigal
[15:14:36] Determined prodigal version is 2.6
[15:14:36] Looking for 'prokka-genbank_to_fasta_db' - found /home/christian/install/prokka/bin/prokka-genbank_to_fasta_db
[15:14:36] Looking for 'sed' - found /bin/sed
[15:14:36] Looking for 'tbl2asn' - found /home/christian/install/prokka/bin/../binaries/linux/tbl2asn
[15:14:36] Determined tbl2asn version is 25.6
[15:14:36] Using genetic code table 11.
[15:14:36] Loading and checking input file: plasmid_files_fasta/CP011608.1.fasta
[15:14:36] Wrote 1 contigs totalling 44846 bp.
[15:14:36] Predicting tRNAs and tmRNAs
[15:14:36] Running: aragorn -l -gc11  -w plasmid_files_fasta\/CP011608\.1_results\/PROKKA_10092018\.fna
[15:14:36] Found 0 tRNAs
[15:14:36] Predicting Ribosomal RNAs
[15:14:36] You need either Barrnap or RNAmmer installed to predict rRNAs!
[15:14:36] Skipping ncRNA search, enable with --rfam if desired.
[15:14:36] Total of 0 tRNA + rRNA features
[15:14:36] Searching for CRISPR repeats
[15:14:36] Found 0 CRISPRs
[15:14:36] Predicting coding sequences
[15:14:36] Contigs total 44846 bp, so using meta mode
[15:14:36] Running: prodigal -i plasmid_files_fasta\/CP011608\.1_results\/PROKKA_10092018\.fna -c -m -g 11 -p meta -f sco -q
[15:14:36] Found 52 CDS
[15:14:36] Connecting features back to sequences
[15:14:36] Not using genus-specific database. Try --usegenus to enable it.
[15:14:36] Annotating CDS, please be patient.
[15:14:36] Will use 20 CPUs for similarity searching.
[15:14:36] There are still 52 unannotated CDS left (started with 52)
[15:14:36] Will use blast to search against /home/christian/install/prokka/db/kingdom/Bacteria/sprot with 20 CPUs
[15:14:36] Running: cat plasmid_files_fasta\/CP011608\.1_results\/sprot\.faa | parallel --gnu --plain -j 20 --block 321 --recstart '>' --pipe blastp -query - -db /home/christian/install/prokka/db/kingdom/Bacteria/sprot -evalue 1e-06 -num_threads 1 -num_descriptions 1 -num_alignments 1 -seg no > plasmid_files_fasta\/CP011608\.1_results\/sprot\.blast 2> /dev/null
[15:14:37] Deleting unwanted file: plasmid_files_fasta/CP011608.1_results/sprot.faa
[15:14:37] Deleting unwanted file: plasmid_files_fasta/CP011608.1_results/sprot.blast
[15:14:37] There are still 39 unannotated CDS left (started with 52)
[15:14:37] Will use hmmer3 to search against /home/christian/install/prokka/db/hmm/HAMAP.hmm with 20 CPUs
[15:14:37] Running: cat plasmid_files_fasta\/CP011608\.1_results\/HAMAP\.hmm\.faa | parallel --gnu --plain -j 20 --block 226 --recstart '>' --pipe hmmscan --noali --notextw --acc -E 1e-06 --cpu 1 /home/christian/install/prokka/db/hmm/HAMAP.hmm /dev/stdin > plasmid_files_fasta\/CP011608\.1_results\/HAMAP\.hmm\.hmmer3 2> /dev/null
[15:14:38] Deleting unwanted file: plasmid_files_fasta/CP011608.1_results/HAMAP.hmm.faa
[15:14:38] Deleting unwanted file: plasmid_files_fasta/CP011608.1_results/HAMAP.hmm.hmmer3
[15:14:38] Labelling remaining 38 proteins as 'hypothetical protein'
[15:14:38] Found 9 unique /gene codes.
[15:14:38] Fixed 2 duplicate /gene - ssb_1 ssb_2
[15:14:38] Fixed 2 duplicate /gene - bla_1 bla_2
[15:14:38] Fixed 2 duplicate /gene - xerD_1 xerD_2
[15:14:38] Fixed 3 colliding /gene names.
[15:14:38] Adding /locus_tag identifiers
[15:14:38] Assigned 52 locus_tags to CDS and RNA features.
[15:14:38] Writing outputs to plasmid_files_fasta/CP011608.1_results/
[15:14:38] Generating annotation statistics file
[15:14:38] Generating Genbank and Sequin files
[15:14:38] Running: tbl2asn -V b -a r10k -l paired-ends -M n -N 1 -y 'Annotated using prokka 1.14-dev from https://github.com/tseemann/prokka' -Z plasmid_files_fasta\/CP011608\.1_results\/PROKKA_10092018\.err -i plasmid_files_fasta\/CP011608\.1_results\/PROKKA_10092018\.fsa 2> /dev/null
[15:14:38] Deleting unwanted file: plasmid_files_fasta/CP011608.1_results/errorsummary.val
[15:14:38] Deleting unwanted file: plasmid_files_fasta/CP011608.1_results/PROKKA_10092018.dr
[15:14:38] Deleting unwanted file: plasmid_files_fasta/CP011608.1_results/PROKKA_10092018.fixedproducts
[15:14:38] Deleting unwanted file: plasmid_files_fasta/CP011608.1_results/PROKKA_10092018.ecn
[15:14:38] Deleting unwanted file: plasmid_files_fasta/CP011608.1_results/PROKKA_10092018.val
[15:14:38] Repairing broken .GBK output that tbl2asn produces...
[15:14:38] Running: sed 's/COORDINATES: profile/COORDINATES:profile/' < plasmid_files_fasta\/CP011608\.1_results\/PROKKA_10092018\.gbf > plasmid_files_fasta\/CP011608\.1_results\/PROKKA_10092018\.gbk
[15:14:38] Deleting unwanted file: plasmid_files_fasta/CP011608.1_results/PROKKA_10092018.gbf
[15:14:38] Output files:
[15:14:38] plasmid_files_fasta/CP011608.1_results/PROKKA_10092018.ffn
[15:14:38] plasmid_files_fasta/CP011608.1_results/PROKKA_10092018.tbl
[15:14:38] plasmid_files_fasta/CP011608.1_results/PROKKA_10092018.log
[15:14:38] plasmid_files_fasta/CP011608.1_results/PROKKA_10092018.fna
[15:14:38] plasmid_files_fasta/CP011608.1_results/PROKKA_10092018.fsa
[15:14:38] plasmid_files_fasta/CP011608.1_results/PROKKA_10092018.tsv
[15:14:38] plasmid_files_fasta/CP011608.1_results/PROKKA_10092018.faa
[15:14:38] plasmid_files_fasta/CP011608.1_results/PROKKA_10092018.gbk
[15:14:38] plasmid_files_fasta/CP011608.1_results/PROKKA_10092018.sqn
[15:14:38] plasmid_files_fasta/CP011608.1_results/PROKKA_10092018.err
[15:14:38] plasmid_files_fasta/CP011608.1_results/PROKKA_10092018.txt
[15:14:38] plasmid_files_fasta/CP011608.1_results/PROKKA_10092018.gff
[15:14:38] Annotation finished successfully.
[15:14:38] Walltime used: 0.05 minutes
[15:14:38] If you use this result please cite the Prokka paper:
[15:14:38] Seemann T (2014) Prokka: rapid prokaryotic genome annotation. Bioinformatics. 30(14):2068-9.
[15:14:38] Type 'prokka --citation' for more details.
[15:14:38] Share and enjoy!
