[15:32:29] This is prokka 1.14-dev
[15:32:29] Written by Torsten Seemann <torsten.seemann@gmail.com>
[15:32:29] Homepage is https://github.com/tseemann/prokka
[15:32:29] Local time is Tue Oct  9 15:32:29 2018
[15:32:29] You are christian
[15:32:29] Operating system is linux
[15:32:29] You have BioPerl 1.007002
[15:32:29] System has 20 cores.
[15:32:29] Will use maximum of 20 cores.
[15:32:29] Annotating as >>> Bacteria <<<
[15:32:29] Generating locus_tag from 'plasmid_files_fasta/MF168403.1.fasta' contents.
[15:32:29] Setting --locustag DMLCEJHA from MD5 d65ce31ab2134c979da557ca75cb1755
[15:32:29] Creating new output folder: plasmid_files_fasta/MF168403.1_results
[15:32:29] Running: mkdir -p plasmid_files_fasta\/MF168403\.1_results
[15:32:29] Using filename prefix: PROKKA_10092018.XXX
[15:32:29] Setting HMMER_NCPU=1
[15:32:29] Writing log to: plasmid_files_fasta/MF168403.1_results/PROKKA_10092018.log
[15:32:29] Command: /home/christian/install/prokka/bin/prokka plasmid_files_fasta/MF168403.1.fasta --outdir plasmid_files_fasta/MF168403.1_results --cpus 20 --force
[15:32:29] Appending to PATH: /home/christian/install/prokka/bin/../binaries/linux
[15:32:29] Appending to PATH: /home/christian/install/prokka/bin/../binaries/linux/../common
[15:32:29] Appending to PATH: /home/christian/install/prokka/bin
[15:32:29] Looking for 'aragorn' - found /home/christian/install/prokka/bin/../binaries/linux/aragorn
[15:32:29] Determined aragorn version is 1.2
[15:32:29] Looking for 'blastp' - found /usr/bin/blastp
[15:32:29] Determined blastp version is 2.2
[15:32:29] Looking for 'cmpress' - found /usr/local/bin/cmpress
[15:32:29] Determined cmpress version is 1.1
[15:32:29] Looking for 'cmscan' - found /usr/local/bin/cmscan
[15:32:29] Determined cmscan version is 1.1
[15:32:29] Looking for 'egrep' - found /bin/egrep
[15:32:29] Looking for 'find' - found /usr/bin/find
[15:32:29] Looking for 'grep' - found /bin/grep
[15:32:29] Looking for 'hmmpress' - found /usr/local/bin/hmmpress
[15:32:29] Determined hmmpress version is 3.1
[15:32:29] Looking for 'hmmscan' - found /usr/local/bin/hmmscan
[15:32:29] Determined hmmscan version is 3.1
[15:32:29] Looking for 'java' - found /usr/bin/java
[15:32:29] Looking for 'less' - found /usr/bin/less
[15:32:29] Looking for 'makeblastdb' - found /usr/bin/makeblastdb
[15:32:29] Determined makeblastdb version is 2.2
[15:32:29] Looking for 'minced' - found /home/christian/install/prokka/bin/../binaries/linux/../common/minced
[15:32:29] Determined minced version is 2.0
[15:32:29] Looking for 'parallel' - found /usr/bin/parallel
[15:32:29] Determined parallel version is 20141022
[15:32:29] Looking for 'prodigal' - found /usr/local/bin/prodigal
[15:32:29] Determined prodigal version is 2.6
[15:32:29] Looking for 'prokka-genbank_to_fasta_db' - found /home/christian/install/prokka/bin/prokka-genbank_to_fasta_db
[15:32:29] Looking for 'sed' - found /bin/sed
[15:32:29] Looking for 'tbl2asn' - found /home/christian/install/prokka/bin/../binaries/linux/tbl2asn
[15:32:29] Determined tbl2asn version is 25.6
[15:32:29] Using genetic code table 11.
[15:32:29] Loading and checking input file: plasmid_files_fasta/MF168403.1.fasta
[15:32:29] Wrote 1 contigs totalling 169424 bp.
[15:32:29] Predicting tRNAs and tmRNAs
[15:32:29] Running: aragorn -l -gc11  -w plasmid_files_fasta\/MF168403\.1_results\/PROKKA_10092018\.fna
[15:32:29] 1 tRNA-Thr c[60643,60714] 34 (ggt)
[15:32:29] Found 1 tRNAs
[15:32:29] Predicting Ribosomal RNAs
[15:32:29] You need either Barrnap or RNAmmer installed to predict rRNAs!
[15:32:29] Skipping ncRNA search, enable with --rfam if desired.
[15:32:29] Total of 1 tRNA + rRNA features
[15:32:29] Searching for CRISPR repeats
[15:32:30] Found 0 CRISPRs
[15:32:30] Predicting coding sequences
[15:32:30] Contigs total 169424 bp, so using single mode
[15:32:30] Running: prodigal -i plasmid_files_fasta\/MF168403\.1_results\/PROKKA_10092018\.fna -c -m -g 11 -p single -f sco -q
[15:32:30] Excluding CDS which overlaps existing RNA (tRNA) at MF168403.1:59893..61266 on + strand
[15:32:30] Found 228 CDS
[15:32:30] Connecting features back to sequences
[15:32:30] Not using genus-specific database. Try --usegenus to enable it.
[15:32:30] Annotating CDS, please be patient.
[15:32:30] Will use 20 CPUs for similarity searching.
[15:32:30] There are still 228 unannotated CDS left (started with 228)
[15:32:30] Will use blast to search against /home/christian/install/prokka/db/kingdom/Bacteria/sprot with 20 CPUs
[15:32:30] Running: cat plasmid_files_fasta\/MF168403\.1_results\/sprot\.faa | parallel --gnu --plain -j 20 --block 1158 --recstart '>' --pipe blastp -query - -db /home/christian/install/prokka/db/kingdom/Bacteria/sprot -evalue 1e-06 -num_threads 1 -num_descriptions 1 -num_alignments 1 -seg no > plasmid_files_fasta\/MF168403\.1_results\/sprot\.blast 2> /dev/null
[15:32:31] Modify product: UPF0401 protein YkfF => hypothetical protein
[15:32:31] Modify product: Uncharacterized signaling protein PA1727 => putative signaling protein
[15:32:31] Modify product: UPF0401 protein YkfF => hypothetical protein
[15:32:31] Modify product: UPF0401 protein YkfF => hypothetical protein
[15:32:31] Cleaned 4 /product names
[15:32:31] Deleting unwanted file: plasmid_files_fasta/MF168403.1_results/sprot.faa
[15:32:31] Deleting unwanted file: plasmid_files_fasta/MF168403.1_results/sprot.blast
[15:32:31] There are still 141 unannotated CDS left (started with 228)
[15:32:31] Will use hmmer3 to search against /home/christian/install/prokka/db/hmm/HAMAP.hmm with 20 CPUs
[15:32:31] Running: cat plasmid_files_fasta\/MF168403\.1_results\/HAMAP\.hmm\.faa | parallel --gnu --plain -j 20 --block 651 --recstart '>' --pipe hmmscan --noali --notextw --acc -E 1e-06 --cpu 1 /home/christian/install/prokka/db/hmm/HAMAP.hmm /dev/stdin > plasmid_files_fasta\/MF168403\.1_results\/HAMAP\.hmm\.hmmer3 2> /dev/null
[15:32:32] Deleting unwanted file: plasmid_files_fasta/MF168403.1_results/HAMAP.hmm.faa
[15:32:32] Deleting unwanted file: plasmid_files_fasta/MF168403.1_results/HAMAP.hmm.hmmer3
[15:32:32] Labelling remaining 139 proteins as 'hypothetical protein'
[15:32:32] Possible /pseudo 'Plasmid segregation protein ParM' at MF168403.1 position 22545
[15:32:32] Possible /pseudo 'Protein TraC' at MF168403.1 position 50113
[15:32:32] Possible /pseudo 'Multifunctional conjugation protein TraI' at MF168403.1 position 71255
[15:32:32] Possible /pseudo 'Multifunctional conjugation protein TraI' at MF168403.1 position 71884
[15:32:32] Possible /pseudo 'Protein UmuC' at MF168403.1 position 144859
[15:32:32] Possible /pseudo 'Protein UmuC' at MF168403.1 position 145268
[15:32:32] Found 55 unique /gene codes.
[15:32:32] Fixed 2 duplicate /gene - bin3_1 bin3_2
[15:32:32] Fixed 2 duplicate /gene - traA_1 traA_2
[15:32:32] Fixed 2 duplicate /gene - ssb_1 ssb_2
[15:32:32] Fixed 4 duplicate /gene - traI_1 traI_2 traI_3 traI_4
[15:32:32] Fixed 2 duplicate /gene - traM_1 traM_2
[15:32:32] Fixed 2 duplicate /gene - ltrA_1 ltrA_2
[15:32:32] Fixed 2 duplicate /gene - holE_1 holE_2
[15:32:32] Fixed 2 duplicate /gene - traC_1 traC_2
[15:32:32] Fixed 4 duplicate /gene - umuC_1 umuC_2 umuC_3 umuC_4
[15:32:32] Fixed 2 duplicate /gene - parA_1 parA_2
[15:32:32] Fixed 2 duplicate /gene - umuD_1 umuD_2
[15:32:32] Fixed 2 duplicate /gene - virB_1 virB_2
[15:32:32] Fixed 3 duplicate /gene - parM_1 parM_2 parM_3
[15:32:32] Fixed 3 duplicate /gene - spo0C_1 spo0C_2 spo0C_3
[15:32:32] Fixed 2 duplicate /gene - traJ_1 traJ_2
[15:32:32] Fixed 3 duplicate /gene - klcA_1 klcA_2 klcA_3
[15:32:32] Fixed 3 duplicate /gene - bla_1 bla_2 bla_3
[15:32:32] Fixed 3 duplicate /gene - yhdJ_1 yhdJ_2 yhdJ_3
[15:32:32] Fixed 3 duplicate /gene - psiB_1 psiB_2 psiB_3
[15:32:32] Fixed 2 duplicate /gene - tnpR_1 tnpR_2
[15:32:32] Fixed 20 colliding /gene names.
[15:32:32] Adding /locus_tag identifiers
[15:32:32] Assigned 229 locus_tags to CDS and RNA features.
[15:32:32] Writing outputs to plasmid_files_fasta/MF168403.1_results/
[15:32:32] Generating annotation statistics file
[15:32:32] Generating Genbank and Sequin files
[15:32:32] Running: tbl2asn -V b -a r10k -l paired-ends -M n -N 1 -y 'Annotated using prokka 1.14-dev from https://github.com/tseemann/prokka' -Z plasmid_files_fasta\/MF168403\.1_results\/PROKKA_10092018\.err -i plasmid_files_fasta\/MF168403\.1_results\/PROKKA_10092018\.fsa 2> /dev/null
[15:32:33] Deleting unwanted file: plasmid_files_fasta/MF168403.1_results/errorsummary.val
[15:32:33] Deleting unwanted file: plasmid_files_fasta/MF168403.1_results/PROKKA_10092018.dr
[15:32:33] Deleting unwanted file: plasmid_files_fasta/MF168403.1_results/PROKKA_10092018.fixedproducts
[15:32:33] Deleting unwanted file: plasmid_files_fasta/MF168403.1_results/PROKKA_10092018.ecn
[15:32:33] Deleting unwanted file: plasmid_files_fasta/MF168403.1_results/PROKKA_10092018.val
[15:32:33] Repairing broken .GBK output that tbl2asn produces...
[15:32:33] Running: sed 's/COORDINATES: profile/COORDINATES:profile/' < plasmid_files_fasta\/MF168403\.1_results\/PROKKA_10092018\.gbf > plasmid_files_fasta\/MF168403\.1_results\/PROKKA_10092018\.gbk
[15:32:33] Deleting unwanted file: plasmid_files_fasta/MF168403.1_results/PROKKA_10092018.gbf
[15:32:33] Output files:
[15:32:33] plasmid_files_fasta/MF168403.1_results/PROKKA_10092018.ffn
[15:32:33] plasmid_files_fasta/MF168403.1_results/PROKKA_10092018.tbl
[15:32:33] plasmid_files_fasta/MF168403.1_results/PROKKA_10092018.log
[15:32:33] plasmid_files_fasta/MF168403.1_results/PROKKA_10092018.fna
[15:32:33] plasmid_files_fasta/MF168403.1_results/PROKKA_10092018.fsa
[15:32:33] plasmid_files_fasta/MF168403.1_results/PROKKA_10092018.tsv
[15:32:33] plasmid_files_fasta/MF168403.1_results/PROKKA_10092018.faa
[15:32:33] plasmid_files_fasta/MF168403.1_results/PROKKA_10092018.gbk
[15:32:33] plasmid_files_fasta/MF168403.1_results/PROKKA_10092018.sqn
[15:32:33] plasmid_files_fasta/MF168403.1_results/PROKKA_10092018.err
[15:32:33] plasmid_files_fasta/MF168403.1_results/PROKKA_10092018.txt
[15:32:33] plasmid_files_fasta/MF168403.1_results/PROKKA_10092018.gff
[15:32:33] Annotation finished successfully.
[15:32:33] Walltime used: 0.07 minutes
[15:32:33] If you use this result please cite the Prokka paper:
[15:32:33] Seemann T (2014) Prokka: rapid prokaryotic genome annotation. Bioinformatics. 30(14):2068-9.
[15:32:33] Type 'prokka --citation' for more details.
[15:32:33] Thank you, come again.
