[15:30:06] This is prokka 1.14-dev
[15:30:06] Written by Torsten Seemann <torsten.seemann@gmail.com>
[15:30:06] Homepage is https://github.com/tseemann/prokka
[15:30:06] Local time is Tue Oct  9 15:30:06 2018
[15:30:06] You are christian
[15:30:06] Operating system is linux
[15:30:06] You have BioPerl 1.007002
[15:30:06] System has 20 cores.
[15:30:06] Will use maximum of 20 cores.
[15:30:06] Annotating as >>> Bacteria <<<
[15:30:06] Generating locus_tag from 'plasmid_files_fasta/KX783441.1.fasta' contents.
[15:30:06] Setting --locustag ACEKMFNE from MD5 ace46f7e1f8c731807d04fb034fb13a9
[15:30:06] Creating new output folder: plasmid_files_fasta/KX783441.1_results
[15:30:06] Running: mkdir -p plasmid_files_fasta\/KX783441\.1_results
[15:30:06] Using filename prefix: PROKKA_10092018.XXX
[15:30:06] Setting HMMER_NCPU=1
[15:30:06] Writing log to: plasmid_files_fasta/KX783441.1_results/PROKKA_10092018.log
[15:30:06] Command: /home/christian/install/prokka/bin/prokka plasmid_files_fasta/KX783441.1.fasta --outdir plasmid_files_fasta/KX783441.1_results --cpus 20 --force
[15:30:06] Appending to PATH: /home/christian/install/prokka/bin/../binaries/linux
[15:30:06] Appending to PATH: /home/christian/install/prokka/bin/../binaries/linux/../common
[15:30:06] Appending to PATH: /home/christian/install/prokka/bin
[15:30:06] Looking for 'aragorn' - found /home/christian/install/prokka/bin/../binaries/linux/aragorn
[15:30:06] Determined aragorn version is 1.2
[15:30:06] Looking for 'blastp' - found /usr/bin/blastp
[15:30:06] Determined blastp version is 2.2
[15:30:06] Looking for 'cmpress' - found /usr/local/bin/cmpress
[15:30:06] Determined cmpress version is 1.1
[15:30:06] Looking for 'cmscan' - found /usr/local/bin/cmscan
[15:30:06] Determined cmscan version is 1.1
[15:30:06] Looking for 'egrep' - found /bin/egrep
[15:30:06] Looking for 'find' - found /usr/bin/find
[15:30:06] Looking for 'grep' - found /bin/grep
[15:30:06] Looking for 'hmmpress' - found /usr/local/bin/hmmpress
[15:30:06] Determined hmmpress version is 3.1
[15:30:06] Looking for 'hmmscan' - found /usr/local/bin/hmmscan
[15:30:06] Determined hmmscan version is 3.1
[15:30:06] Looking for 'java' - found /usr/bin/java
[15:30:06] Looking for 'less' - found /usr/bin/less
[15:30:06] Looking for 'makeblastdb' - found /usr/bin/makeblastdb
[15:30:06] Determined makeblastdb version is 2.2
[15:30:06] Looking for 'minced' - found /home/christian/install/prokka/bin/../binaries/linux/../common/minced
[15:30:06] Determined minced version is 2.0
[15:30:06] Looking for 'parallel' - found /usr/bin/parallel
[15:30:06] Determined parallel version is 20141022
[15:30:06] Looking for 'prodigal' - found /usr/local/bin/prodigal
[15:30:06] Determined prodigal version is 2.6
[15:30:06] Looking for 'prokka-genbank_to_fasta_db' - found /home/christian/install/prokka/bin/prokka-genbank_to_fasta_db
[15:30:06] Looking for 'sed' - found /bin/sed
[15:30:06] Looking for 'tbl2asn' - found /home/christian/install/prokka/bin/../binaries/linux/tbl2asn
[15:30:06] Determined tbl2asn version is 25.6
[15:30:06] Using genetic code table 11.
[15:30:06] Loading and checking input file: plasmid_files_fasta/KX783441.1.fasta
[15:30:06] Wrote 1 contigs totalling 67144 bp.
[15:30:06] Predicting tRNAs and tmRNAs
[15:30:06] Running: aragorn -l -gc11  -w plasmid_files_fasta\/KX783441\.1_results\/PROKKA_10092018\.fna
[15:30:06] Found 0 tRNAs
[15:30:06] Predicting Ribosomal RNAs
[15:30:06] You need either Barrnap or RNAmmer installed to predict rRNAs!
[15:30:06] Skipping ncRNA search, enable with --rfam if desired.
[15:30:06] Total of 0 tRNA + rRNA features
[15:30:06] Searching for CRISPR repeats
[15:30:06] Found 0 CRISPRs
[15:30:06] Predicting coding sequences
[15:30:06] Contigs total 67144 bp, so using meta mode
[15:30:06] Running: prodigal -i plasmid_files_fasta\/KX783441\.1_results\/PROKKA_10092018\.fna -c -m -g 11 -p meta -f sco -q
[15:30:07] Found 83 CDS
[15:30:07] Connecting features back to sequences
[15:30:07] Not using genus-specific database. Try --usegenus to enable it.
[15:30:07] Annotating CDS, please be patient.
[15:30:07] Will use 20 CPUs for similarity searching.
[15:30:07] There are still 83 unannotated CDS left (started with 83)
[15:30:07] Will use blast to search against /home/christian/install/prokka/db/kingdom/Bacteria/sprot with 20 CPUs
[15:30:07] Running: cat plasmid_files_fasta\/KX783441\.1_results\/sprot\.faa | parallel --gnu --plain -j 20 --block 499 --recstart '>' --pipe blastp -query - -db /home/christian/install/prokka/db/kingdom/Bacteria/sprot -evalue 1e-06 -num_threads 1 -num_descriptions 1 -num_alignments 1 -seg no > plasmid_files_fasta\/KX783441\.1_results\/sprot\.blast 2> /dev/null
[15:30:08] Modify product: Uncharacterized protein YggR => putative protein YggR
[15:30:08] Modify product: UPF0758 protein CT0611 => hypothetical protein
[15:30:08] Cleaned 2 /product names
[15:30:08] Deleting unwanted file: plasmid_files_fasta/KX783441.1_results/sprot.faa
[15:30:08] Deleting unwanted file: plasmid_files_fasta/KX783441.1_results/sprot.blast
[15:30:08] There are still 65 unannotated CDS left (started with 83)
[15:30:08] Will use hmmer3 to search against /home/christian/install/prokka/db/hmm/HAMAP.hmm with 20 CPUs
[15:30:08] Running: cat plasmid_files_fasta\/KX783441\.1_results\/HAMAP\.hmm\.faa | parallel --gnu --plain -j 20 --block 352 --recstart '>' --pipe hmmscan --noali --notextw --acc -E 1e-06 --cpu 1 /home/christian/install/prokka/db/hmm/HAMAP.hmm /dev/stdin > plasmid_files_fasta\/KX783441\.1_results\/HAMAP\.hmm\.hmmer3 2> /dev/null
[15:30:09] Deleting unwanted file: plasmid_files_fasta/KX783441.1_results/HAMAP.hmm.faa
[15:30:09] Deleting unwanted file: plasmid_files_fasta/KX783441.1_results/HAMAP.hmm.hmmer3
[15:30:09] Labelling remaining 65 proteins as 'hypothetical protein'
[15:30:09] Found 15 unique /gene codes.
[15:30:09] Fixed 2 duplicate /gene - xerD_1 xerD_2
[15:30:09] Fixed 1 colliding /gene names.
[15:30:09] Adding /locus_tag identifiers
[15:30:09] Assigned 83 locus_tags to CDS and RNA features.
[15:30:09] Writing outputs to plasmid_files_fasta/KX783441.1_results/
[15:30:09] Generating annotation statistics file
[15:30:09] Generating Genbank and Sequin files
[15:30:09] Running: tbl2asn -V b -a r10k -l paired-ends -M n -N 1 -y 'Annotated using prokka 1.14-dev from https://github.com/tseemann/prokka' -Z plasmid_files_fasta\/KX783441\.1_results\/PROKKA_10092018\.err -i plasmid_files_fasta\/KX783441\.1_results\/PROKKA_10092018\.fsa 2> /dev/null
[15:30:09] Deleting unwanted file: plasmid_files_fasta/KX783441.1_results/errorsummary.val
[15:30:09] Deleting unwanted file: plasmid_files_fasta/KX783441.1_results/PROKKA_10092018.dr
[15:30:09] Deleting unwanted file: plasmid_files_fasta/KX783441.1_results/PROKKA_10092018.fixedproducts
[15:30:09] Deleting unwanted file: plasmid_files_fasta/KX783441.1_results/PROKKA_10092018.ecn
[15:30:09] Deleting unwanted file: plasmid_files_fasta/KX783441.1_results/PROKKA_10092018.val
[15:30:09] Repairing broken .GBK output that tbl2asn produces...
[15:30:09] Running: sed 's/COORDINATES: profile/COORDINATES:profile/' < plasmid_files_fasta\/KX783441\.1_results\/PROKKA_10092018\.gbf > plasmid_files_fasta\/KX783441\.1_results\/PROKKA_10092018\.gbk
[15:30:09] Deleting unwanted file: plasmid_files_fasta/KX783441.1_results/PROKKA_10092018.gbf
[15:30:09] Output files:
[15:30:09] plasmid_files_fasta/KX783441.1_results/PROKKA_10092018.ffn
[15:30:09] plasmid_files_fasta/KX783441.1_results/PROKKA_10092018.tbl
[15:30:09] plasmid_files_fasta/KX783441.1_results/PROKKA_10092018.log
[15:30:09] plasmid_files_fasta/KX783441.1_results/PROKKA_10092018.fna
[15:30:09] plasmid_files_fasta/KX783441.1_results/PROKKA_10092018.fsa
[15:30:09] plasmid_files_fasta/KX783441.1_results/PROKKA_10092018.tsv
[15:30:09] plasmid_files_fasta/KX783441.1_results/PROKKA_10092018.faa
[15:30:09] plasmid_files_fasta/KX783441.1_results/PROKKA_10092018.gbk
[15:30:09] plasmid_files_fasta/KX783441.1_results/PROKKA_10092018.sqn
[15:30:09] plasmid_files_fasta/KX783441.1_results/PROKKA_10092018.err
[15:30:09] plasmid_files_fasta/KX783441.1_results/PROKKA_10092018.txt
[15:30:09] plasmid_files_fasta/KX783441.1_results/PROKKA_10092018.gff
[15:30:09] Annotation finished successfully.
[15:30:09] Walltime used: 0.05 minutes
[15:30:09] If you use this result please cite the Prokka paper:
[15:30:09] Seemann T (2014) Prokka: rapid prokaryotic genome annotation. Bioinformatics. 30(14):2068-9.
[15:30:09] Type 'prokka --citation' for more details.
[15:30:09] Share and enjoy!
