[15:13:07] This is prokka 1.14-dev
[15:13:07] Written by Torsten Seemann <torsten.seemann@gmail.com>
[15:13:07] Homepage is https://github.com/tseemann/prokka
[15:13:07] Local time is Tue Oct  9 15:13:07 2018
[15:13:07] You are christian
[15:13:07] Operating system is linux
[15:13:07] You have BioPerl 1.007002
[15:13:07] System has 20 cores.
[15:13:07] Will use maximum of 20 cores.
[15:13:07] Annotating as >>> Bacteria <<<
[15:13:07] Generating locus_tag from 'plasmid_files_fasta/CP008798.1.fasta' contents.
[15:13:07] Setting --locustag DLDDPGJC from MD5 d5dd903c1aeed3a84819f8ce45222500
[15:13:07] Creating new output folder: plasmid_files_fasta/CP008798.1_results
[15:13:07] Running: mkdir -p plasmid_files_fasta\/CP008798\.1_results
[15:13:07] Using filename prefix: PROKKA_10092018.XXX
[15:13:07] Setting HMMER_NCPU=1
[15:13:07] Writing log to: plasmid_files_fasta/CP008798.1_results/PROKKA_10092018.log
[15:13:07] Command: /home/christian/install/prokka/bin/prokka plasmid_files_fasta/CP008798.1.fasta --outdir plasmid_files_fasta/CP008798.1_results --cpus 20 --force
[15:13:07] Appending to PATH: /home/christian/install/prokka/bin/../binaries/linux
[15:13:07] Appending to PATH: /home/christian/install/prokka/bin/../binaries/linux/../common
[15:13:07] Appending to PATH: /home/christian/install/prokka/bin
[15:13:07] Looking for 'aragorn' - found /home/christian/install/prokka/bin/../binaries/linux/aragorn
[15:13:07] Determined aragorn version is 1.2
[15:13:07] Looking for 'blastp' - found /usr/bin/blastp
[15:13:07] Determined blastp version is 2.2
[15:13:07] Looking for 'cmpress' - found /usr/local/bin/cmpress
[15:13:07] Determined cmpress version is 1.1
[15:13:07] Looking for 'cmscan' - found /usr/local/bin/cmscan
[15:13:07] Determined cmscan version is 1.1
[15:13:07] Looking for 'egrep' - found /bin/egrep
[15:13:07] Looking for 'find' - found /usr/bin/find
[15:13:07] Looking for 'grep' - found /bin/grep
[15:13:07] Looking for 'hmmpress' - found /usr/local/bin/hmmpress
[15:13:08] Determined hmmpress version is 3.1
[15:13:08] Looking for 'hmmscan' - found /usr/local/bin/hmmscan
[15:13:08] Determined hmmscan version is 3.1
[15:13:08] Looking for 'java' - found /usr/bin/java
[15:13:08] Looking for 'less' - found /usr/bin/less
[15:13:08] Looking for 'makeblastdb' - found /usr/bin/makeblastdb
[15:13:08] Determined makeblastdb version is 2.2
[15:13:08] Looking for 'minced' - found /home/christian/install/prokka/bin/../binaries/linux/../common/minced
[15:13:08] Determined minced version is 2.0
[15:13:08] Looking for 'parallel' - found /usr/bin/parallel
[15:13:08] Determined parallel version is 20141022
[15:13:08] Looking for 'prodigal' - found /usr/local/bin/prodigal
[15:13:08] Determined prodigal version is 2.6
[15:13:08] Looking for 'prokka-genbank_to_fasta_db' - found /home/christian/install/prokka/bin/prokka-genbank_to_fasta_db
[15:13:08] Looking for 'sed' - found /bin/sed
[15:13:08] Looking for 'tbl2asn' - found /home/christian/install/prokka/bin/../binaries/linux/tbl2asn
[15:13:08] Determined tbl2asn version is 25.6
[15:13:08] Using genetic code table 11.
[15:13:08] Loading and checking input file: plasmid_files_fasta/CP008798.1.fasta
[15:13:08] Wrote 1 contigs totalling 85473 bp.
[15:13:08] Predicting tRNAs and tmRNAs
[15:13:08] Running: aragorn -l -gc11  -w plasmid_files_fasta\/CP008798\.1_results\/PROKKA_10092018\.fna
[15:13:08] Found 0 tRNAs
[15:13:08] Predicting Ribosomal RNAs
[15:13:08] You need either Barrnap or RNAmmer installed to predict rRNAs!
[15:13:08] Skipping ncRNA search, enable with --rfam if desired.
[15:13:08] Total of 0 tRNA + rRNA features
[15:13:08] Searching for CRISPR repeats
[15:13:08] Found 0 CRISPRs
[15:13:08] Predicting coding sequences
[15:13:08] Contigs total 85473 bp, so using meta mode
[15:13:08] Running: prodigal -i plasmid_files_fasta\/CP008798\.1_results\/PROKKA_10092018\.fna -c -m -g 11 -p meta -f sco -q
[15:13:09] Found 88 CDS
[15:13:09] Connecting features back to sequences
[15:13:09] Not using genus-specific database. Try --usegenus to enable it.
[15:13:09] Annotating CDS, please be patient.
[15:13:09] Will use 20 CPUs for similarity searching.
[15:13:09] There are still 88 unannotated CDS left (started with 88)
[15:13:09] Will use blast to search against /home/christian/install/prokka/db/kingdom/Bacteria/sprot with 20 CPUs
[15:13:09] Running: cat plasmid_files_fasta\/CP008798\.1_results\/sprot\.faa | parallel --gnu --plain -j 20 --block 585 --recstart '>' --pipe blastp -query - -db /home/christian/install/prokka/db/kingdom/Bacteria/sprot -evalue 1e-06 -num_threads 1 -num_descriptions 1 -num_alignments 1 -seg no > plasmid_files_fasta\/CP008798\.1_results\/sprot\.blast 2> /dev/null
[15:13:10] Modify product: Probable chromate transport protein => putative chromate transport protein
[15:13:10] Modify product: Probable phosphite transport system-binding protein PtxB => putative phosphite transport system-binding protein PtxB
[15:13:10] Modify product: Uncharacterized oxidoreductase SA2266 => putative oxidoreductase
[15:13:10] Modify product: Probable multidrug-efflux transporter Rv1258c => putative multidrug-efflux transporter
[15:13:10] Modify product: Uncharacterized signaling protein PA1727 => putative signaling protein
[15:13:10] Cleaned 5 /product names
[15:13:10] Deleting unwanted file: plasmid_files_fasta/CP008798.1_results/sprot.faa
[15:13:10] Deleting unwanted file: plasmid_files_fasta/CP008798.1_results/sprot.blast
[15:13:10] There are still 45 unannotated CDS left (started with 88)
[15:13:10] Will use hmmer3 to search against /home/christian/install/prokka/db/hmm/HAMAP.hmm with 20 CPUs
[15:13:10] Running: cat plasmid_files_fasta\/CP008798\.1_results\/HAMAP\.hmm\.faa | parallel --gnu --plain -j 20 --block 297 --recstart '>' --pipe hmmscan --noali --notextw --acc -E 1e-06 --cpu 1 /home/christian/install/prokka/db/hmm/HAMAP.hmm /dev/stdin > plasmid_files_fasta\/CP008798\.1_results\/HAMAP\.hmm\.hmmer3 2> /dev/null
[15:13:11] Deleting unwanted file: plasmid_files_fasta/CP008798.1_results/HAMAP.hmm.faa
[15:13:11] Deleting unwanted file: plasmid_files_fasta/CP008798.1_results/HAMAP.hmm.hmmer3
[15:13:11] Labelling remaining 44 proteins as 'hypothetical protein'
[15:13:11] Possible /pseudo 'Beta-lactamase OXA-18' at CP008798.1 position 45132
[15:13:11] Found 32 unique /gene codes.
[15:13:11] Fixed 3 duplicate /gene - xerD_1 xerD_2 xerD_3
[15:13:11] Fixed 4 duplicate /gene - bla_1 bla_2 bla_3 bla_4
[15:13:11] Fixed 2 duplicate /gene - tnpR_1 tnpR_2
[15:13:11] Fixed 2 duplicate /gene - folP_1 folP_2
[15:13:11] Fixed 2 duplicate /gene - ant1_1 ant1_2
[15:13:11] Fixed 5 colliding /gene names.
[15:13:11] Adding /locus_tag identifiers
[15:13:11] Assigned 88 locus_tags to CDS and RNA features.
[15:13:11] Writing outputs to plasmid_files_fasta/CP008798.1_results/
[15:13:11] Generating annotation statistics file
[15:13:11] Generating Genbank and Sequin files
[15:13:11] Running: tbl2asn -V b -a r10k -l paired-ends -M n -N 1 -y 'Annotated using prokka 1.14-dev from https://github.com/tseemann/prokka' -Z plasmid_files_fasta\/CP008798\.1_results\/PROKKA_10092018\.err -i plasmid_files_fasta\/CP008798\.1_results\/PROKKA_10092018\.fsa 2> /dev/null
[15:13:11] Deleting unwanted file: plasmid_files_fasta/CP008798.1_results/errorsummary.val
[15:13:11] Deleting unwanted file: plasmid_files_fasta/CP008798.1_results/PROKKA_10092018.dr
[15:13:11] Deleting unwanted file: plasmid_files_fasta/CP008798.1_results/PROKKA_10092018.fixedproducts
[15:13:11] Deleting unwanted file: plasmid_files_fasta/CP008798.1_results/PROKKA_10092018.ecn
[15:13:11] Deleting unwanted file: plasmid_files_fasta/CP008798.1_results/PROKKA_10092018.val
[15:13:11] Repairing broken .GBK output that tbl2asn produces...
[15:13:11] Running: sed 's/COORDINATES: profile/COORDINATES:profile/' < plasmid_files_fasta\/CP008798\.1_results\/PROKKA_10092018\.gbf > plasmid_files_fasta\/CP008798\.1_results\/PROKKA_10092018\.gbk
[15:13:11] Deleting unwanted file: plasmid_files_fasta/CP008798.1_results/PROKKA_10092018.gbf
[15:13:11] Output files:
[15:13:11] plasmid_files_fasta/CP008798.1_results/PROKKA_10092018.ffn
[15:13:11] plasmid_files_fasta/CP008798.1_results/PROKKA_10092018.tbl
[15:13:11] plasmid_files_fasta/CP008798.1_results/PROKKA_10092018.log
[15:13:11] plasmid_files_fasta/CP008798.1_results/PROKKA_10092018.fna
[15:13:11] plasmid_files_fasta/CP008798.1_results/PROKKA_10092018.fsa
[15:13:11] plasmid_files_fasta/CP008798.1_results/PROKKA_10092018.tsv
[15:13:11] plasmid_files_fasta/CP008798.1_results/PROKKA_10092018.faa
[15:13:11] plasmid_files_fasta/CP008798.1_results/PROKKA_10092018.gbk
[15:13:11] plasmid_files_fasta/CP008798.1_results/PROKKA_10092018.sqn
[15:13:11] plasmid_files_fasta/CP008798.1_results/PROKKA_10092018.err
[15:13:11] plasmid_files_fasta/CP008798.1_results/PROKKA_10092018.txt
[15:13:11] plasmid_files_fasta/CP008798.1_results/PROKKA_10092018.gff
[15:13:11] Annotation finished successfully.
[15:13:11] Walltime used: 0.07 minutes
[15:13:11] If you use this result please cite the Prokka paper:
[15:13:11] Seemann T (2014) Prokka: rapid prokaryotic genome annotation. Bioinformatics. 30(14):2068-9.
[15:13:11] Type 'prokka --citation' for more details.
[15:13:11] Thank you, come again.
