[15:31:49] This is prokka 1.14-dev
[15:31:49] Written by Torsten Seemann <torsten.seemann@gmail.com>
[15:31:49] Homepage is https://github.com/tseemann/prokka
[15:31:49] Local time is Tue Oct  9 15:31:49 2018
[15:31:49] You are christian
[15:31:49] Operating system is linux
[15:31:49] You have BioPerl 1.007002
[15:31:49] System has 20 cores.
[15:31:49] Will use maximum of 20 cores.
[15:31:49] Annotating as >>> Bacteria <<<
[15:31:49] Generating locus_tag from 'plasmid_files_fasta/LT599826.1.fasta' contents.
[15:31:49] Setting --locustag KNEELEAI from MD5 47ee5ea2ac0a45ee5a4fc51aba5e6e8d
[15:31:49] Creating new output folder: plasmid_files_fasta/LT599826.1_results
[15:31:49] Running: mkdir -p plasmid_files_fasta\/LT599826\.1_results
[15:31:49] Using filename prefix: PROKKA_10092018.XXX
[15:31:49] Setting HMMER_NCPU=1
[15:31:49] Writing log to: plasmid_files_fasta/LT599826.1_results/PROKKA_10092018.log
[15:31:49] Command: /home/christian/install/prokka/bin/prokka plasmid_files_fasta/LT599826.1.fasta --outdir plasmid_files_fasta/LT599826.1_results --cpus 20 --force
[15:31:49] Appending to PATH: /home/christian/install/prokka/bin/../binaries/linux
[15:31:49] Appending to PATH: /home/christian/install/prokka/bin/../binaries/linux/../common
[15:31:49] Appending to PATH: /home/christian/install/prokka/bin
[15:31:49] Looking for 'aragorn' - found /home/christian/install/prokka/bin/../binaries/linux/aragorn
[15:31:49] Determined aragorn version is 1.2
[15:31:49] Looking for 'blastp' - found /usr/bin/blastp
[15:31:49] Determined blastp version is 2.2
[15:31:49] Looking for 'cmpress' - found /usr/local/bin/cmpress
[15:31:49] Determined cmpress version is 1.1
[15:31:49] Looking for 'cmscan' - found /usr/local/bin/cmscan
[15:31:49] Determined cmscan version is 1.1
[15:31:49] Looking for 'egrep' - found /bin/egrep
[15:31:49] Looking for 'find' - found /usr/bin/find
[15:31:49] Looking for 'grep' - found /bin/grep
[15:31:49] Looking for 'hmmpress' - found /usr/local/bin/hmmpress
[15:31:49] Determined hmmpress version is 3.1
[15:31:49] Looking for 'hmmscan' - found /usr/local/bin/hmmscan
[15:31:49] Determined hmmscan version is 3.1
[15:31:49] Looking for 'java' - found /usr/bin/java
[15:31:49] Looking for 'less' - found /usr/bin/less
[15:31:49] Looking for 'makeblastdb' - found /usr/bin/makeblastdb
[15:31:49] Determined makeblastdb version is 2.2
[15:31:49] Looking for 'minced' - found /home/christian/install/prokka/bin/../binaries/linux/../common/minced
[15:31:49] Determined minced version is 2.0
[15:31:49] Looking for 'parallel' - found /usr/bin/parallel
[15:31:49] Determined parallel version is 20141022
[15:31:49] Looking for 'prodigal' - found /usr/local/bin/prodigal
[15:31:49] Determined prodigal version is 2.6
[15:31:49] Looking for 'prokka-genbank_to_fasta_db' - found /home/christian/install/prokka/bin/prokka-genbank_to_fasta_db
[15:31:49] Looking for 'sed' - found /bin/sed
[15:31:49] Looking for 'tbl2asn' - found /home/christian/install/prokka/bin/../binaries/linux/tbl2asn
[15:31:49] Determined tbl2asn version is 25.6
[15:31:49] Using genetic code table 11.
[15:31:49] Loading and checking input file: plasmid_files_fasta/LT599826.1.fasta
[15:31:49] Wrote 1 contigs totalling 137186 bp.
[15:31:49] Predicting tRNAs and tmRNAs
[15:31:49] Running: aragorn -l -gc11  -w plasmid_files_fasta\/LT599826\.1_results\/PROKKA_10092018\.fna
[15:31:49] Found 0 tRNAs
[15:31:49] Predicting Ribosomal RNAs
[15:31:49] You need either Barrnap or RNAmmer installed to predict rRNAs!
[15:31:49] Skipping ncRNA search, enable with --rfam if desired.
[15:31:49] Total of 0 tRNA + rRNA features
[15:31:49] Searching for CRISPR repeats
[15:31:49] Found 0 CRISPRs
[15:31:49] Predicting coding sequences
[15:31:49] Contigs total 137186 bp, so using single mode
[15:31:49] Running: prodigal -i plasmid_files_fasta\/LT599826\.1_results\/PROKKA_10092018\.fna -c -m -g 11 -p single -f sco -q
[15:31:49] Found 169 CDS
[15:31:49] Connecting features back to sequences
[15:31:49] Not using genus-specific database. Try --usegenus to enable it.
[15:31:49] Annotating CDS, please be patient.
[15:31:49] Will use 20 CPUs for similarity searching.
[15:31:50] There are still 169 unannotated CDS left (started with 169)
[15:31:50] Will use blast to search against /home/christian/install/prokka/db/kingdom/Bacteria/sprot with 20 CPUs
[15:31:50] Running: cat plasmid_files_fasta\/LT599826\.1_results\/sprot\.faa | parallel --gnu --plain -j 20 --block 963 --recstart '>' --pipe blastp -query - -db /home/christian/install/prokka/db/kingdom/Bacteria/sprot -evalue 1e-06 -num_threads 1 -num_descriptions 1 -num_alignments 1 -seg no > plasmid_files_fasta\/LT599826\.1_results\/sprot\.blast 2> /dev/null
[15:31:51] Modify product: Uncharacterized protein YcjY => putative protein YcjY
[15:31:51] Modify product: UPF0401 protein YkfF => hypothetical protein
[15:31:51] Modify product: Uncharacterized protein YcjY => putative protein YcjY
[15:31:51] Modify product: Probable multidrug-efflux transporter Rv1258c => putative multidrug-efflux transporter
[15:31:51] Modify product: Probable chromate transport protein => putative chromate transport protein
[15:31:51] Cleaned 5 /product names
[15:31:51] Deleting unwanted file: plasmid_files_fasta/LT599826.1_results/sprot.faa
[15:31:51] Deleting unwanted file: plasmid_files_fasta/LT599826.1_results/sprot.blast
[15:31:51] There are still 104 unannotated CDS left (started with 169)
[15:31:51] Will use hmmer3 to search against /home/christian/install/prokka/db/hmm/HAMAP.hmm with 20 CPUs
[15:31:51] Running: cat plasmid_files_fasta\/LT599826\.1_results\/HAMAP\.hmm\.faa | parallel --gnu --plain -j 20 --block 480 --recstart '>' --pipe hmmscan --noali --notextw --acc -E 1e-06 --cpu 1 /home/christian/install/prokka/db/hmm/HAMAP.hmm /dev/stdin > plasmid_files_fasta\/LT599826\.1_results\/HAMAP\.hmm\.hmmer3 2> /dev/null
[15:31:52] Deleting unwanted file: plasmid_files_fasta/LT599826.1_results/HAMAP.hmm.faa
[15:31:52] Deleting unwanted file: plasmid_files_fasta/LT599826.1_results/HAMAP.hmm.hmmer3
[15:31:52] Labelling remaining 103 proteins as 'hypothetical protein'
[15:31:52] Possible /pseudo 'Group II intron-encoded protein LtrA' at LT599826.1 position 115766
[15:31:52] Found 53 unique /gene codes.
[15:31:52] Fixed 2 duplicate /gene - ycjY_1 ycjY_2
[15:31:52] Fixed 2 duplicate /gene - ltrA_1 ltrA_2
[15:31:52] Fixed 3 duplicate /gene - xerD_1 xerD_2 xerD_3
[15:31:52] Fixed 2 duplicate /gene - papB_1 papB_2
[15:31:52] Fixed 2 duplicate /gene - cat_1 cat_2
[15:31:52] Fixed 3 duplicate /gene - bla_1 bla_2 bla_3
[15:31:52] Fixed 6 colliding /gene names.
[15:31:52] Adding /locus_tag identifiers
[15:31:52] Assigned 169 locus_tags to CDS and RNA features.
[15:31:52] Writing outputs to plasmid_files_fasta/LT599826.1_results/
[15:31:52] Generating annotation statistics file
[15:31:52] Generating Genbank and Sequin files
[15:31:52] Running: tbl2asn -V b -a r10k -l paired-ends -M n -N 1 -y 'Annotated using prokka 1.14-dev from https://github.com/tseemann/prokka' -Z plasmid_files_fasta\/LT599826\.1_results\/PROKKA_10092018\.err -i plasmid_files_fasta\/LT599826\.1_results\/PROKKA_10092018\.fsa 2> /dev/null
[15:31:52] Deleting unwanted file: plasmid_files_fasta/LT599826.1_results/errorsummary.val
[15:31:52] Deleting unwanted file: plasmid_files_fasta/LT599826.1_results/PROKKA_10092018.dr
[15:31:52] Deleting unwanted file: plasmid_files_fasta/LT599826.1_results/PROKKA_10092018.fixedproducts
[15:31:52] Deleting unwanted file: plasmid_files_fasta/LT599826.1_results/PROKKA_10092018.ecn
[15:31:52] Deleting unwanted file: plasmid_files_fasta/LT599826.1_results/PROKKA_10092018.val
[15:31:52] Repairing broken .GBK output that tbl2asn produces...
[15:31:52] Running: sed 's/COORDINATES: profile/COORDINATES:profile/' < plasmid_files_fasta\/LT599826\.1_results\/PROKKA_10092018\.gbf > plasmid_files_fasta\/LT599826\.1_results\/PROKKA_10092018\.gbk
[15:31:52] Deleting unwanted file: plasmid_files_fasta/LT599826.1_results/PROKKA_10092018.gbf
[15:31:52] Output files:
[15:31:52] plasmid_files_fasta/LT599826.1_results/PROKKA_10092018.ffn
[15:31:52] plasmid_files_fasta/LT599826.1_results/PROKKA_10092018.tbl
[15:31:52] plasmid_files_fasta/LT599826.1_results/PROKKA_10092018.log
[15:31:52] plasmid_files_fasta/LT599826.1_results/PROKKA_10092018.fna
[15:31:52] plasmid_files_fasta/LT599826.1_results/PROKKA_10092018.fsa
[15:31:52] plasmid_files_fasta/LT599826.1_results/PROKKA_10092018.tsv
[15:31:52] plasmid_files_fasta/LT599826.1_results/PROKKA_10092018.faa
[15:31:52] plasmid_files_fasta/LT599826.1_results/PROKKA_10092018.gbk
[15:31:52] plasmid_files_fasta/LT599826.1_results/PROKKA_10092018.sqn
[15:31:52] plasmid_files_fasta/LT599826.1_results/PROKKA_10092018.err
[15:31:52] plasmid_files_fasta/LT599826.1_results/PROKKA_10092018.txt
[15:31:52] plasmid_files_fasta/LT599826.1_results/PROKKA_10092018.gff
[15:31:52] Annotation finished successfully.
[15:31:52] Walltime used: 0.05 minutes
[15:31:52] If you use this result please cite the Prokka paper:
[15:31:52] Seemann T (2014) Prokka: rapid prokaryotic genome annotation. Bioinformatics. 30(14):2068-9.
[15:31:52] Type 'prokka --citation' for more details.
[15:31:52] Share and enjoy!
