Discrepancy Report Results

Summary
FATAL: MISSING_PROTEIN_ID:66 proteins have invalid IDs.
DISC_SOURCE_QUALS_ASNDISC:strain (all present, all unique)
DISC_SOURCE_QUALS_ASNDISC:taxname (all present, all unique)
DISC_FEATURE_COUNT:CDS: 66 present
DISC_COUNT_NUCLEOTIDES:1 nucleotide Bioseqs are present
FEATURE_LOCATION_CONFLICT:66 features have inconsistent gene locations.
DISC_QUALITY_SCORES:Quality scores are missing on all sequences.
ONCALLER_COMMENT_PRESENT:1 comment descriptors were found (all same)
MISSING_GENOMEASSEMBLY_COMMENTS:1 bioseqs are missing GenomeAssembly structured comments
MOLTYPE_NOT_MRNA:1 molecule types are not set as mRNA.
TECHNIQUE_NOT_TSA:1 technique are not set as TSA
MISSING_STRUCTURED_COMMENT:1 sequences do not include structured comments.
MISSING_PROJECT:67 sequences do not include project.
DISC_INCONSISTENT_MOLINFO_TECH:Molinfo Technique Report (some missing, all same)


Detailed Report

FATAL: DiscRep_ALL:MISSING_PROTEIN_ID::66 proteins have invalid IDs.
plasmid_files_fasta/MH624130.1_results/PROKKA_10092018:MH624130.1_1 (length 458)
plasmid_files_fasta/MH624130.1_results/PROKKA_10092018:MH624130.1_2 (length 128)
plasmid_files_fasta/MH624130.1_results/PROKKA_10092018:MH624130.1_3 (length 73)
plasmid_files_fasta/MH624130.1_results/PROKKA_10092018:MH624130.1_4 (length 212)
plasmid_files_fasta/MH624130.1_results/PROKKA_10092018:MH624130.1_5 (length 82)
plasmid_files_fasta/MH624130.1_results/PROKKA_10092018:MH624130.1_6 (length 170)
plasmid_files_fasta/MH624130.1_results/PROKKA_10092018:MH624130.1_7 (length 190)
plasmid_files_fasta/MH624130.1_results/PROKKA_10092018:MH624130.1_8 (length 322)
plasmid_files_fasta/MH624130.1_results/PROKKA_10092018:MH624130.1_9 (length 234)
plasmid_files_fasta/MH624130.1_results/PROKKA_10092018:MH624130.1_10 (length 179)
plasmid_files_fasta/MH624130.1_results/PROKKA_10092018:MH624130.1_11 (length 147)
plasmid_files_fasta/MH624130.1_results/PROKKA_10092018:MH624130.1_12 (length 224)
plasmid_files_fasta/MH624130.1_results/PROKKA_10092018:MH624130.1_13 (length 849)
plasmid_files_fasta/MH624130.1_results/PROKKA_10092018:MH624130.1_14 (length 422)
plasmid_files_fasta/MH624130.1_results/PROKKA_10092018:MH624130.1_15 (length 123)
plasmid_files_fasta/MH624130.1_results/PROKKA_10092018:MH624130.1_16 (length 424)
plasmid_files_fasta/MH624130.1_results/PROKKA_10092018:MH624130.1_17 (length 136)
plasmid_files_fasta/MH624130.1_results/PROKKA_10092018:MH624130.1_18 (length 185)
plasmid_files_fasta/MH624130.1_results/PROKKA_10092018:MH624130.1_19 (length 326)
plasmid_files_fasta/MH624130.1_results/PROKKA_10092018:MH624130.1_20 (length 293)
plasmid_files_fasta/MH624130.1_results/PROKKA_10092018:MH624130.1_21 (length 326)
plasmid_files_fasta/MH624130.1_results/PROKKA_10092018:MH624130.1_22 (length 98)
plasmid_files_fasta/MH624130.1_results/PROKKA_10092018:MH624130.1_23 (length 51)
plasmid_files_fasta/MH624130.1_results/PROKKA_10092018:MH624130.1_24 (length 141)
plasmid_files_fasta/MH624130.1_results/PROKKA_10092018:MH624130.1_25 (length 92)
plasmid_files_fasta/MH624130.1_results/PROKKA_10092018:MH624130.1_26 (length 186)
plasmid_files_fasta/MH624130.1_results/PROKKA_10092018:MH624130.1_27 (length 140)
plasmid_files_fasta/MH624130.1_results/PROKKA_10092018:MH624130.1_28 (length 106)
plasmid_files_fasta/MH624130.1_results/PROKKA_10092018:MH624130.1_29 (length 92)
plasmid_files_fasta/MH624130.1_results/PROKKA_10092018:MH624130.1_30 (length 890)
plasmid_files_fasta/MH624130.1_results/PROKKA_10092018:MH624130.1_31 (length 106)
plasmid_files_fasta/MH624130.1_results/PROKKA_10092018:MH624130.1_32 (length 118)
plasmid_files_fasta/MH624130.1_results/PROKKA_10092018:MH624130.1_33 (length 227)
plasmid_files_fasta/MH624130.1_results/PROKKA_10092018:MH624130.1_34 (length 216)
plasmid_files_fasta/MH624130.1_results/PROKKA_10092018:MH624130.1_35 (length 240)
plasmid_files_fasta/MH624130.1_results/PROKKA_10092018:MH624130.1_36 (length 275)
plasmid_files_fasta/MH624130.1_results/PROKKA_10092018:MH624130.1_37 (length 63)
plasmid_files_fasta/MH624130.1_results/PROKKA_10092018:MH624130.1_38 (length 303)
plasmid_files_fasta/MH624130.1_results/PROKKA_10092018:MH624130.1_39 (length 53)
plasmid_files_fasta/MH624130.1_results/PROKKA_10092018:MH624130.1_40 (length 132)
plasmid_files_fasta/MH624130.1_results/PROKKA_10092018:MH624130.1_41 (length 58)
plasmid_files_fasta/MH624130.1_results/PROKKA_10092018:MH624130.1_42 (length 106)
plasmid_files_fasta/MH624130.1_results/PROKKA_10092018:MH624130.1_43 (length 813)
plasmid_files_fasta/MH624130.1_results/PROKKA_10092018:MH624130.1_44 (length 143)
plasmid_files_fasta/MH624130.1_results/PROKKA_10092018:MH624130.1_45 (length 155)
plasmid_files_fasta/MH624130.1_results/PROKKA_10092018:MH624130.1_46 (length 218)
plasmid_files_fasta/MH624130.1_results/PROKKA_10092018:MH624130.1_47 (length 83)
plasmid_files_fasta/MH624130.1_results/PROKKA_10092018:MH624130.1_48 (length 293)
plasmid_files_fasta/MH624130.1_results/PROKKA_10092018:MH624130.1_49 (length 177)
plasmid_files_fasta/MH624130.1_results/PROKKA_10092018:MH624130.1_50 (length 186)
plasmid_files_fasta/MH624130.1_results/PROKKA_10092018:MH624130.1_51 (length 95)
plasmid_files_fasta/MH624130.1_results/PROKKA_10092018:MH624130.1_52 (length 80)
plasmid_files_fasta/MH624130.1_results/PROKKA_10092018:MH624130.1_53 (length 86)
plasmid_files_fasta/MH624130.1_results/PROKKA_10092018:MH624130.1_54 (length 162)
plasmid_files_fasta/MH624130.1_results/PROKKA_10092018:MH624130.1_55 (length 80)
plasmid_files_fasta/MH624130.1_results/PROKKA_10092018:MH624130.1_56 (length 322)
plasmid_files_fasta/MH624130.1_results/PROKKA_10092018:MH624130.1_57 (length 94)
plasmid_files_fasta/MH624130.1_results/PROKKA_10092018:MH624130.1_58 (length 80)
plasmid_files_fasta/MH624130.1_results/PROKKA_10092018:MH624130.1_59 (length 88)
plasmid_files_fasta/MH624130.1_results/PROKKA_10092018:MH624130.1_60 (length 71)
plasmid_files_fasta/MH624130.1_results/PROKKA_10092018:MH624130.1_61 (length 91)
plasmid_files_fasta/MH624130.1_results/PROKKA_10092018:MH624130.1_62 (length 70)
plasmid_files_fasta/MH624130.1_results/PROKKA_10092018:MH624130.1_63 (length 997)
plasmid_files_fasta/MH624130.1_results/PROKKA_10092018:MH624130.1_64 (length 136)
plasmid_files_fasta/MH624130.1_results/PROKKA_10092018:MH624130.1_65 (length 79)
plasmid_files_fasta/MH624130.1_results/PROKKA_10092018:MH624130.1_66 (length 309)

DiscRep_ALL:DISC_SOURCE_QUALS_ASNDISC::strain (all present, all unique)
DiscRep_SUB:DISC_SOURCE_QUALS_ASNDISC::1 sources have unique values for strain
DiscRep_ALL:DISC_SOURCE_QUALS_ASNDISC::taxname (all present, all unique)
DiscRep_SUB:DISC_SOURCE_QUALS_ASNDISC::1 sources have unique values for taxname
DiscRep_ALL:DISC_FEATURE_COUNT::CDS: 66 present
DiscRep_ALL:DISC_COUNT_NUCLEOTIDES::1 nucleotide Bioseqs are present
plasmid_files_fasta/MH624130.1_results/PROKKA_10092018:MH624130.1 (length 53205)

DiscRep_ALL:FEATURE_LOCATION_CONFLICT::66 features have inconsistent gene locations.
DiscRep_SUB:FEATURE_LOCATION_CONFLICT::Coding region xref gene does not exist
plasmid_files_fasta/MH624130.1_results/PROKKA_10092018:CDS	hypothetical protein	MH624130.1:c1520-144	BCMOMHLA_00001

DiscRep_SUB:FEATURE_LOCATION_CONFLICT::Coding region xref gene does not exist
plasmid_files_fasta/MH624130.1_results/PROKKA_10092018:CDS	hypothetical protein	MH624130.1:c2063-1677	BCMOMHLA_00002

DiscRep_SUB:FEATURE_LOCATION_CONFLICT::Coding region xref gene does not exist
plasmid_files_fasta/MH624130.1_results/PROKKA_10092018:CDS	hypothetical protein	MH624130.1:c2318-2097	BCMOMHLA_00003

DiscRep_SUB:FEATURE_LOCATION_CONFLICT::Coding region xref gene does not exist
plasmid_files_fasta/MH624130.1_results/PROKKA_10092018:CDS	Chromosome-partitioning ATPase Soj	MH624130.1:c2978-2340	BCMOMHLA_00004

DiscRep_SUB:FEATURE_LOCATION_CONFLICT::Coding region xref gene does not exist
plasmid_files_fasta/MH624130.1_results/PROKKA_10092018:CDS	hypothetical protein	MH624130.1:c3381-3133	BCMOMHLA_00005

DiscRep_SUB:FEATURE_LOCATION_CONFLICT::Coding region xref gene does not exist
plasmid_files_fasta/MH624130.1_results/PROKKA_10092018:CDS	Type-2 restriction enzyme PaeR7I	MH624130.1:c3932-3420	BCMOMHLA_00006

DiscRep_SUB:FEATURE_LOCATION_CONFLICT::Coding region xref gene does not exist
plasmid_files_fasta/MH624130.1_results/PROKKA_10092018:CDS	hypothetical protein	MH624130.1:c4701-4129	BCMOMHLA_00007

DiscRep_SUB:FEATURE_LOCATION_CONFLICT::Coding region xref gene does not exist
plasmid_files_fasta/MH624130.1_results/PROKKA_10092018:CDS	Cobalt/magnesium transport protein CorA	MH624130.1:c5761-4793	BCMOMHLA_00008

DiscRep_SUB:FEATURE_LOCATION_CONFLICT::Coding region xref gene does not exist
plasmid_files_fasta/MH624130.1_results/PROKKA_10092018:CDS	Disulfide-bond oxidoreductase YfcG	MH624130.1:c6462-5758	BCMOMHLA_00009

DiscRep_SUB:FEATURE_LOCATION_CONFLICT::Coding region xref gene does not exist
plasmid_files_fasta/MH624130.1_results/PROKKA_10092018:CDS	Peptide methionine sulfoxide reductase MsrA	MH624130.1:c7134-6595	BCMOMHLA_00010

DiscRep_SUB:FEATURE_LOCATION_CONFLICT::Coding region xref gene does not exist
plasmid_files_fasta/MH624130.1_results/PROKKA_10092018:CDS	Peptide methionine sulfoxide reductase MsrB	MH624130.1:c7579-7136	BCMOMHLA_00011

DiscRep_SUB:FEATURE_LOCATION_CONFLICT::Coding region xref gene does not exist
plasmid_files_fasta/MH624130.1_results/PROKKA_10092018:CDS	hypothetical protein	MH624130.1:7700-8374	BCMOMHLA_00012

DiscRep_SUB:FEATURE_LOCATION_CONFLICT::Coding region xref gene does not exist
plasmid_files_fasta/MH624130.1_results/PROKKA_10092018:CDS	hypothetical protein	MH624130.1:c10847-8298	BCMOMHLA_00013

DiscRep_SUB:FEATURE_LOCATION_CONFLICT::Coding region xref gene does not exist
plasmid_files_fasta/MH624130.1_results/PROKKA_10092018:CDS	hypothetical protein	MH624130.1:c12217-10949	BCMOMHLA_00014

DiscRep_SUB:FEATURE_LOCATION_CONFLICT::Coding region xref gene does not exist
plasmid_files_fasta/MH624130.1_results/PROKKA_10092018:CDS	hypothetical protein	MH624130.1:c12906-12535	BCMOMHLA_00015

DiscRep_SUB:FEATURE_LOCATION_CONFLICT::Coding region xref gene does not exist
plasmid_files_fasta/MH624130.1_results/PROKKA_10092018:CDS	hypothetical protein	MH624130.1:13063-14337	BCMOMHLA_00016

DiscRep_SUB:FEATURE_LOCATION_CONFLICT::Coding region xref gene does not exist
plasmid_files_fasta/MH624130.1_results/PROKKA_10092018:CDS	hypothetical protein	MH624130.1:c14728-14318	BCMOMHLA_00017

DiscRep_SUB:FEATURE_LOCATION_CONFLICT::Coding region xref gene does not exist
plasmid_files_fasta/MH624130.1_results/PROKKA_10092018:CDS	Transposon Tn3 resolvase	MH624130.1:14892-15449	BCMOMHLA_00018

DiscRep_SUB:FEATURE_LOCATION_CONFLICT::Coding region xref gene does not exist
plasmid_files_fasta/MH624130.1_results/PROKKA_10092018:CDS	hypothetical protein	MH624130.1:15572-16552	BCMOMHLA_00019

DiscRep_SUB:FEATURE_LOCATION_CONFLICT::Coding region xref gene does not exist
plasmid_files_fasta/MH624130.1_results/PROKKA_10092018:CDS	Carbapenem-hydrolyzing beta-lactamase KPC	MH624130.1:17465-18346	BCMOMHLA_00020

DiscRep_SUB:FEATURE_LOCATION_CONFLICT::Coding region xref gene does not exist
plasmid_files_fasta/MH624130.1_results/PROKKA_10092018:CDS	hypothetical protein	MH624130.1:c19576-18596	BCMOMHLA_00021

DiscRep_SUB:FEATURE_LOCATION_CONFLICT::Coding region xref gene does not exist
plasmid_files_fasta/MH624130.1_results/PROKKA_10092018:CDS	hypothetical protein	MH624130.1:c19877-19581	BCMOMHLA_00022

DiscRep_SUB:FEATURE_LOCATION_CONFLICT::Coding region xref gene does not exist
plasmid_files_fasta/MH624130.1_results/PROKKA_10092018:CDS	hypothetical protein	MH624130.1:c20078-19923	BCMOMHLA_00023

DiscRep_SUB:FEATURE_LOCATION_CONFLICT::Coding region xref gene does not exist
plasmid_files_fasta/MH624130.1_results/PROKKA_10092018:CDS	Antirestriction protein KlcA	MH624130.1:c20631-20206	BCMOMHLA_00024

DiscRep_SUB:FEATURE_LOCATION_CONFLICT::Coding region xref gene does not exist
plasmid_files_fasta/MH624130.1_results/PROKKA_10092018:CDS	hypothetical protein	MH624130.1:c21020-20742	BCMOMHLA_00025

DiscRep_SUB:FEATURE_LOCATION_CONFLICT::Coding region xref gene does not exist
plasmid_files_fasta/MH624130.1_results/PROKKA_10092018:CDS	hypothetical protein	MH624130.1:c22114-21554	BCMOMHLA_00026

DiscRep_SUB:FEATURE_LOCATION_CONFLICT::Coding region xref gene does not exist
plasmid_files_fasta/MH624130.1_results/PROKKA_10092018:CDS	hypothetical protein	MH624130.1:c23200-22778	BCMOMHLA_00027

DiscRep_SUB:FEATURE_LOCATION_CONFLICT::Coding region xref gene does not exist
plasmid_files_fasta/MH624130.1_results/PROKKA_10092018:CDS	hypothetical protein	MH624130.1:c23517-23197	BCMOMHLA_00028

DiscRep_SUB:FEATURE_LOCATION_CONFLICT::Coding region xref gene does not exist
plasmid_files_fasta/MH624130.1_results/PROKKA_10092018:CDS	hypothetical protein	MH624130.1:c23755-23477	BCMOMHLA_00029

DiscRep_SUB:FEATURE_LOCATION_CONFLICT::Coding region xref gene does not exist
plasmid_files_fasta/MH624130.1_results/PROKKA_10092018:CDS	Protein TraI	MH624130.1:c26469-23797	BCMOMHLA_00030

DiscRep_SUB:FEATURE_LOCATION_CONFLICT::Coding region xref gene does not exist
plasmid_files_fasta/MH624130.1_results/PROKKA_10092018:CDS	hypothetical protein	MH624130.1:c26770-26450	BCMOMHLA_00031

DiscRep_SUB:FEATURE_LOCATION_CONFLICT::Coding region xref gene does not exist
plasmid_files_fasta/MH624130.1_results/PROKKA_10092018:CDS	hypothetical protein	MH624130.1:27080-27436	BCMOMHLA_00032

DiscRep_SUB:FEATURE_LOCATION_CONFLICT::Coding region xref gene does not exist
plasmid_files_fasta/MH624130.1_results/PROKKA_10092018:CDS	hypothetical protein	MH624130.1:27449-28132	BCMOMHLA_00033

DiscRep_SUB:FEATURE_LOCATION_CONFLICT::Coding region xref gene does not exist
plasmid_files_fasta/MH624130.1_results/PROKKA_10092018:CDS	hypothetical protein	MH624130.1:28125-28775	BCMOMHLA_00034

DiscRep_SUB:FEATURE_LOCATION_CONFLICT::Coding region xref gene does not exist
plasmid_files_fasta/MH624130.1_results/PROKKA_10092018:CDS	hypothetical protein	MH624130.1:28772-29494	BCMOMHLA_00035

DiscRep_SUB:FEATURE_LOCATION_CONFLICT::Coding region xref gene does not exist
plasmid_files_fasta/MH624130.1_results/PROKKA_10092018:CDS	Putative bifunctional exonuclease/endonuclease protein	MH624130.1:c30346-29519	BCMOMHLA_00036

DiscRep_SUB:FEATURE_LOCATION_CONFLICT::Coding region xref gene does not exist
plasmid_files_fasta/MH624130.1_results/PROKKA_10092018:CDS	hypothetical protein	MH624130.1:c30732-30541	BCMOMHLA_00037

DiscRep_SUB:FEATURE_LOCATION_CONFLICT::Coding region xref gene does not exist
plasmid_files_fasta/MH624130.1_results/PROKKA_10092018:CDS	Chromosome partition protein Smc	MH624130.1:c31643-30732	BCMOMHLA_00038

DiscRep_SUB:FEATURE_LOCATION_CONFLICT::Coding region xref gene does not exist
plasmid_files_fasta/MH624130.1_results/PROKKA_10092018:CDS	hypothetical protein	MH624130.1:c32110-31949	BCMOMHLA_00039

DiscRep_SUB:FEATURE_LOCATION_CONFLICT::Coding region xref gene does not exist
plasmid_files_fasta/MH624130.1_results/PROKKA_10092018:CDS	Mercuric resistance operon regulatory protein	MH624130.1:c32615-32217	BCMOMHLA_00040

DiscRep_SUB:FEATURE_LOCATION_CONFLICT::Coding region xref gene does not exist
plasmid_files_fasta/MH624130.1_results/PROKKA_10092018:CDS	Mercuric transport protein MerT	MH624130.1:32690-32866	BCMOMHLA_00041

DiscRep_SUB:FEATURE_LOCATION_CONFLICT::Coding region xref gene does not exist
plasmid_files_fasta/MH624130.1_results/PROKKA_10092018:CDS	Regulatory protein RepA	MH624130.1:c33401-33081	BCMOMHLA_00042

DiscRep_SUB:FEATURE_LOCATION_CONFLICT::Coding region xref gene does not exist
plasmid_files_fasta/MH624130.1_results/PROKKA_10092018:CDS	hypothetical protein	MH624130.1:c35913-33472	BCMOMHLA_00043

DiscRep_SUB:FEATURE_LOCATION_CONFLICT::Coding region xref gene does not exist
plasmid_files_fasta/MH624130.1_results/PROKKA_10092018:CDS	hypothetical protein	MH624130.1:c36328-35897	BCMOMHLA_00044

DiscRep_SUB:FEATURE_LOCATION_CONFLICT::Coding region xref gene does not exist
plasmid_files_fasta/MH624130.1_results/PROKKA_10092018:CDS	hypothetical protein	MH624130.1:36786-37253	BCMOMHLA_00045

DiscRep_SUB:FEATURE_LOCATION_CONFLICT::Coding region xref gene does not exist
plasmid_files_fasta/MH624130.1_results/PROKKA_10092018:CDS	Pentapeptide repeat protein	MH624130.1:38107-38763	BCMOMHLA_00046

DiscRep_SUB:FEATURE_LOCATION_CONFLICT::Coding region xref gene does not exist
plasmid_files_fasta/MH624130.1_results/PROKKA_10092018:CDS	hypothetical protein	MH624130.1:c39317-39066	BCMOMHLA_00047

DiscRep_SUB:FEATURE_LOCATION_CONFLICT::Coding region xref gene does not exist
plasmid_files_fasta/MH624130.1_results/PROKKA_10092018:CDS	hypothetical protein	MH624130.1:c40188-39307	BCMOMHLA_00048

DiscRep_SUB:FEATURE_LOCATION_CONFLICT::Coding region xref gene does not exist
plasmid_files_fasta/MH624130.1_results/PROKKA_10092018:CDS	Regulatory protein RepA	MH624130.1:c40708-40175	BCMOMHLA_00049

DiscRep_SUB:FEATURE_LOCATION_CONFLICT::Coding region xref gene does not exist
plasmid_files_fasta/MH624130.1_results/PROKKA_10092018:CDS	hypothetical protein	MH624130.1:c41571-41011	BCMOMHLA_00050

DiscRep_SUB:FEATURE_LOCATION_CONFLICT::Coding region xref gene does not exist
plasmid_files_fasta/MH624130.1_results/PROKKA_10092018:CDS	mRNA interferase toxin RelE	MH624130.1:c42041-41754	BCMOMHLA_00051

DiscRep_SUB:FEATURE_LOCATION_CONFLICT::Coding region xref gene does not exist
plasmid_files_fasta/MH624130.1_results/PROKKA_10092018:CDS	Antitoxin RelB	MH624130.1:c42273-42031	BCMOMHLA_00052

DiscRep_SUB:FEATURE_LOCATION_CONFLICT::Coding region xref gene does not exist
plasmid_files_fasta/MH624130.1_results/PROKKA_10092018:CDS	hypothetical protein	MH624130.1:c42605-42345	BCMOMHLA_00053

DiscRep_SUB:FEATURE_LOCATION_CONFLICT::Coding region xref gene does not exist
plasmid_files_fasta/MH624130.1_results/PROKKA_10092018:CDS	hypothetical protein	MH624130.1:c43242-42754	BCMOMHLA_00054

DiscRep_SUB:FEATURE_LOCATION_CONFLICT::Coding region xref gene does not exist
plasmid_files_fasta/MH624130.1_results/PROKKA_10092018:CDS	hypothetical protein	MH624130.1:c44338-44096	BCMOMHLA_00055

DiscRep_SUB:FEATURE_LOCATION_CONFLICT::Coding region xref gene does not exist
plasmid_files_fasta/MH624130.1_results/PROKKA_10092018:CDS	hypothetical protein	MH624130.1:44873-45841	BCMOMHLA_00056

DiscRep_SUB:FEATURE_LOCATION_CONFLICT::Coding region xref gene does not exist
plasmid_files_fasta/MH624130.1_results/PROKKA_10092018:CDS	hypothetical protein	MH624130.1:45851-46135	BCMOMHLA_00057

DiscRep_SUB:FEATURE_LOCATION_CONFLICT::Coding region xref gene does not exist
plasmid_files_fasta/MH624130.1_results/PROKKA_10092018:CDS	hypothetical protein	MH624130.1:46194-46436	BCMOMHLA_00058

DiscRep_SUB:FEATURE_LOCATION_CONFLICT::Coding region xref gene does not exist
plasmid_files_fasta/MH624130.1_results/PROKKA_10092018:CDS	hypothetical protein	MH624130.1:c46894-46628	BCMOMHLA_00059

DiscRep_SUB:FEATURE_LOCATION_CONFLICT::Coding region xref gene does not exist
plasmid_files_fasta/MH624130.1_results/PROKKA_10092018:CDS	Mercuric transport protein MerT	MH624130.1:47378-47593	BCMOMHLA_00060

DiscRep_SUB:FEATURE_LOCATION_CONFLICT::Coding region xref gene does not exist
plasmid_files_fasta/MH624130.1_results/PROKKA_10092018:CDS	Mercuric transport protein periplasmic component	MH624130.1:47606-47881	BCMOMHLA_00061

DiscRep_SUB:FEATURE_LOCATION_CONFLICT::Coding region xref gene does not exist
plasmid_files_fasta/MH624130.1_results/PROKKA_10092018:CDS	hypothetical protein	MH624130.1:47889-48101	BCMOMHLA_00062

DiscRep_SUB:FEATURE_LOCATION_CONFLICT::Coding region xref gene does not exist
plasmid_files_fasta/MH624130.1_results/PROKKA_10092018:CDS	hypothetical protein	MH624130.1:c51107-48114	BCMOMHLA_00063

DiscRep_SUB:FEATURE_LOCATION_CONFLICT::Coding region xref gene does not exist
plasmid_files_fasta/MH624130.1_results/PROKKA_10092018:CDS	hypothetical protein	MH624130.1:c51521-51111	BCMOMHLA_00064

DiscRep_SUB:FEATURE_LOCATION_CONFLICT::Coding region xref gene does not exist
plasmid_files_fasta/MH624130.1_results/PROKKA_10092018:CDS	hypothetical protein	MH624130.1:c51760-51521	BCMOMHLA_00065

DiscRep_SUB:FEATURE_LOCATION_CONFLICT::Coding region xref gene does not exist
plasmid_files_fasta/MH624130.1_results/PROKKA_10092018:CDS	DNA-invertase hin	MH624130.1:51962-52891	BCMOMHLA_00066

DiscRep_ALL:DISC_QUALITY_SCORES::Quality scores are missing on all sequences.

DiscRep_ALL:ONCALLER_COMMENT_PRESENT::1 comment descriptors were found (all same)
plasmid_files_fasta/MH624130.1_results/PROKKA_10092018:MH624130.1:Annotated using prokka 1.14-dev from https://github.com/tseemann/prokka

DiscRep_ALL:MISSING_GENOMEASSEMBLY_COMMENTS::1 bioseqs are missing GenomeAssembly structured comments
plasmid_files_fasta/MH624130.1_results/PROKKA_10092018:MH624130.1 (length 53205)

DiscRep_ALL:MOLTYPE_NOT_MRNA::1 molecule types are not set as mRNA.
plasmid_files_fasta/MH624130.1_results/PROKKA_10092018:MH624130.1 (length 53205)

DiscRep_ALL:TECHNIQUE_NOT_TSA::1 technique are not set as TSA
plasmid_files_fasta/MH624130.1_results/PROKKA_10092018:MH624130.1 (length 53205)

DiscRep_ALL:MISSING_STRUCTURED_COMMENT::1 sequences do not include structured comments.
plasmid_files_fasta/MH624130.1_results/PROKKA_10092018:MH624130.1 (length 53205)

DiscRep_ALL:MISSING_PROJECT::67 sequences do not include project.
plasmid_files_fasta/MH624130.1_results/PROKKA_10092018:MH624130.1 (length 53205)
plasmid_files_fasta/MH624130.1_results/PROKKA_10092018:MH624130.1_1 (length 458)
plasmid_files_fasta/MH624130.1_results/PROKKA_10092018:MH624130.1_2 (length 128)
plasmid_files_fasta/MH624130.1_results/PROKKA_10092018:MH624130.1_3 (length 73)
plasmid_files_fasta/MH624130.1_results/PROKKA_10092018:MH624130.1_4 (length 212)
plasmid_files_fasta/MH624130.1_results/PROKKA_10092018:MH624130.1_5 (length 82)
plasmid_files_fasta/MH624130.1_results/PROKKA_10092018:MH624130.1_6 (length 170)
plasmid_files_fasta/MH624130.1_results/PROKKA_10092018:MH624130.1_7 (length 190)
plasmid_files_fasta/MH624130.1_results/PROKKA_10092018:MH624130.1_8 (length 322)
plasmid_files_fasta/MH624130.1_results/PROKKA_10092018:MH624130.1_9 (length 234)
plasmid_files_fasta/MH624130.1_results/PROKKA_10092018:MH624130.1_10 (length 179)
plasmid_files_fasta/MH624130.1_results/PROKKA_10092018:MH624130.1_11 (length 147)
plasmid_files_fasta/MH624130.1_results/PROKKA_10092018:MH624130.1_12 (length 224)
plasmid_files_fasta/MH624130.1_results/PROKKA_10092018:MH624130.1_13 (length 849)
plasmid_files_fasta/MH624130.1_results/PROKKA_10092018:MH624130.1_14 (length 422)
plasmid_files_fasta/MH624130.1_results/PROKKA_10092018:MH624130.1_15 (length 123)
plasmid_files_fasta/MH624130.1_results/PROKKA_10092018:MH624130.1_16 (length 424)
plasmid_files_fasta/MH624130.1_results/PROKKA_10092018:MH624130.1_17 (length 136)
plasmid_files_fasta/MH624130.1_results/PROKKA_10092018:MH624130.1_18 (length 185)
plasmid_files_fasta/MH624130.1_results/PROKKA_10092018:MH624130.1_19 (length 326)
plasmid_files_fasta/MH624130.1_results/PROKKA_10092018:MH624130.1_20 (length 293)
plasmid_files_fasta/MH624130.1_results/PROKKA_10092018:MH624130.1_21 (length 326)
plasmid_files_fasta/MH624130.1_results/PROKKA_10092018:MH624130.1_22 (length 98)
plasmid_files_fasta/MH624130.1_results/PROKKA_10092018:MH624130.1_23 (length 51)
plasmid_files_fasta/MH624130.1_results/PROKKA_10092018:MH624130.1_24 (length 141)
plasmid_files_fasta/MH624130.1_results/PROKKA_10092018:MH624130.1_25 (length 92)
plasmid_files_fasta/MH624130.1_results/PROKKA_10092018:MH624130.1_26 (length 186)
plasmid_files_fasta/MH624130.1_results/PROKKA_10092018:MH624130.1_27 (length 140)
plasmid_files_fasta/MH624130.1_results/PROKKA_10092018:MH624130.1_28 (length 106)
plasmid_files_fasta/MH624130.1_results/PROKKA_10092018:MH624130.1_29 (length 92)
plasmid_files_fasta/MH624130.1_results/PROKKA_10092018:MH624130.1_30 (length 890)
plasmid_files_fasta/MH624130.1_results/PROKKA_10092018:MH624130.1_31 (length 106)
plasmid_files_fasta/MH624130.1_results/PROKKA_10092018:MH624130.1_32 (length 118)
plasmid_files_fasta/MH624130.1_results/PROKKA_10092018:MH624130.1_33 (length 227)
plasmid_files_fasta/MH624130.1_results/PROKKA_10092018:MH624130.1_34 (length 216)
plasmid_files_fasta/MH624130.1_results/PROKKA_10092018:MH624130.1_35 (length 240)
plasmid_files_fasta/MH624130.1_results/PROKKA_10092018:MH624130.1_36 (length 275)
plasmid_files_fasta/MH624130.1_results/PROKKA_10092018:MH624130.1_37 (length 63)
plasmid_files_fasta/MH624130.1_results/PROKKA_10092018:MH624130.1_38 (length 303)
plasmid_files_fasta/MH624130.1_results/PROKKA_10092018:MH624130.1_39 (length 53)
plasmid_files_fasta/MH624130.1_results/PROKKA_10092018:MH624130.1_40 (length 132)
plasmid_files_fasta/MH624130.1_results/PROKKA_10092018:MH624130.1_41 (length 58)
plasmid_files_fasta/MH624130.1_results/PROKKA_10092018:MH624130.1_42 (length 106)
plasmid_files_fasta/MH624130.1_results/PROKKA_10092018:MH624130.1_43 (length 813)
plasmid_files_fasta/MH624130.1_results/PROKKA_10092018:MH624130.1_44 (length 143)
plasmid_files_fasta/MH624130.1_results/PROKKA_10092018:MH624130.1_45 (length 155)
plasmid_files_fasta/MH624130.1_results/PROKKA_10092018:MH624130.1_46 (length 218)
plasmid_files_fasta/MH624130.1_results/PROKKA_10092018:MH624130.1_47 (length 83)
plasmid_files_fasta/MH624130.1_results/PROKKA_10092018:MH624130.1_48 (length 293)
plasmid_files_fasta/MH624130.1_results/PROKKA_10092018:MH624130.1_49 (length 177)
plasmid_files_fasta/MH624130.1_results/PROKKA_10092018:MH624130.1_50 (length 186)
plasmid_files_fasta/MH624130.1_results/PROKKA_10092018:MH624130.1_51 (length 95)
plasmid_files_fasta/MH624130.1_results/PROKKA_10092018:MH624130.1_52 (length 80)
plasmid_files_fasta/MH624130.1_results/PROKKA_10092018:MH624130.1_53 (length 86)
plasmid_files_fasta/MH624130.1_results/PROKKA_10092018:MH624130.1_54 (length 162)
plasmid_files_fasta/MH624130.1_results/PROKKA_10092018:MH624130.1_55 (length 80)
plasmid_files_fasta/MH624130.1_results/PROKKA_10092018:MH624130.1_56 (length 322)
plasmid_files_fasta/MH624130.1_results/PROKKA_10092018:MH624130.1_57 (length 94)
plasmid_files_fasta/MH624130.1_results/PROKKA_10092018:MH624130.1_58 (length 80)
plasmid_files_fasta/MH624130.1_results/PROKKA_10092018:MH624130.1_59 (length 88)
plasmid_files_fasta/MH624130.1_results/PROKKA_10092018:MH624130.1_60 (length 71)
plasmid_files_fasta/MH624130.1_results/PROKKA_10092018:MH624130.1_61 (length 91)
plasmid_files_fasta/MH624130.1_results/PROKKA_10092018:MH624130.1_62 (length 70)
plasmid_files_fasta/MH624130.1_results/PROKKA_10092018:MH624130.1_63 (length 997)
plasmid_files_fasta/MH624130.1_results/PROKKA_10092018:MH624130.1_64 (length 136)
plasmid_files_fasta/MH624130.1_results/PROKKA_10092018:MH624130.1_65 (length 79)
plasmid_files_fasta/MH624130.1_results/PROKKA_10092018:MH624130.1_66 (length 309)

DiscRep_ALL:DISC_INCONSISTENT_MOLINFO_TECH::Molinfo Technique Report (some missing, all same)
DiscRep_SUB:DISC_INCONSISTENT_MOLINFO_TECH::technique (all missing)
DiscRep_SUB:DISC_INCONSISTENT_MOLINFO_TECH::1 Molinfos are missing field technique
plasmid_files_fasta/MH624130.1_results/PROKKA_10092018:MH624130.1 (length 53205)

