[15:33:18] This is prokka 1.14-dev
[15:33:18] Written by Torsten Seemann <torsten.seemann@gmail.com>
[15:33:18] Homepage is https://github.com/tseemann/prokka
[15:33:18] Local time is Tue Oct  9 15:33:18 2018
[15:33:18] You are christian
[15:33:18] Operating system is linux
[15:33:18] You have BioPerl 1.007002
[15:33:18] System has 20 cores.
[15:33:18] Will use maximum of 20 cores.
[15:33:18] Annotating as >>> Bacteria <<<
[15:33:18] Generating locus_tag from 'plasmid_files_fasta/MG557995.1.fasta' contents.
[15:33:18] Setting --locustag MOIOCCBF from MD5 6828ccbff1b5d97f9e275d9fb23546c1
[15:33:18] Creating new output folder: plasmid_files_fasta/MG557995.1_results
[15:33:18] Running: mkdir -p plasmid_files_fasta\/MG557995\.1_results
[15:33:18] Using filename prefix: PROKKA_10092018.XXX
[15:33:18] Setting HMMER_NCPU=1
[15:33:18] Writing log to: plasmid_files_fasta/MG557995.1_results/PROKKA_10092018.log
[15:33:18] Command: /home/christian/install/prokka/bin/prokka plasmid_files_fasta/MG557995.1.fasta --outdir plasmid_files_fasta/MG557995.1_results --cpus 20 --force
[15:33:18] Appending to PATH: /home/christian/install/prokka/bin/../binaries/linux
[15:33:18] Appending to PATH: /home/christian/install/prokka/bin/../binaries/linux/../common
[15:33:18] Appending to PATH: /home/christian/install/prokka/bin
[15:33:18] Looking for 'aragorn' - found /home/christian/install/prokka/bin/../binaries/linux/aragorn
[15:33:18] Determined aragorn version is 1.2
[15:33:18] Looking for 'blastp' - found /usr/bin/blastp
[15:33:18] Determined blastp version is 2.2
[15:33:18] Looking for 'cmpress' - found /usr/local/bin/cmpress
[15:33:18] Determined cmpress version is 1.1
[15:33:18] Looking for 'cmscan' - found /usr/local/bin/cmscan
[15:33:18] Determined cmscan version is 1.1
[15:33:18] Looking for 'egrep' - found /bin/egrep
[15:33:18] Looking for 'find' - found /usr/bin/find
[15:33:18] Looking for 'grep' - found /bin/grep
[15:33:18] Looking for 'hmmpress' - found /usr/local/bin/hmmpress
[15:33:18] Determined hmmpress version is 3.1
[15:33:18] Looking for 'hmmscan' - found /usr/local/bin/hmmscan
[15:33:18] Determined hmmscan version is 3.1
[15:33:18] Looking for 'java' - found /usr/bin/java
[15:33:18] Looking for 'less' - found /usr/bin/less
[15:33:18] Looking for 'makeblastdb' - found /usr/bin/makeblastdb
[15:33:18] Determined makeblastdb version is 2.2
[15:33:18] Looking for 'minced' - found /home/christian/install/prokka/bin/../binaries/linux/../common/minced
[15:33:18] Determined minced version is 2.0
[15:33:18] Looking for 'parallel' - found /usr/bin/parallel
[15:33:19] Determined parallel version is 20141022
[15:33:19] Looking for 'prodigal' - found /usr/local/bin/prodigal
[15:33:19] Determined prodigal version is 2.6
[15:33:19] Looking for 'prokka-genbank_to_fasta_db' - found /home/christian/install/prokka/bin/prokka-genbank_to_fasta_db
[15:33:19] Looking for 'sed' - found /bin/sed
[15:33:19] Looking for 'tbl2asn' - found /home/christian/install/prokka/bin/../binaries/linux/tbl2asn
[15:33:19] Determined tbl2asn version is 25.6
[15:33:19] Using genetic code table 11.
[15:33:19] Loading and checking input file: plasmid_files_fasta/MG557995.1.fasta
[15:33:19] Wrote 1 contigs totalling 46826 bp.
[15:33:19] Predicting tRNAs and tmRNAs
[15:33:19] Running: aragorn -l -gc11  -w plasmid_files_fasta\/MG557995\.1_results\/PROKKA_10092018\.fna
[15:33:19] Found 0 tRNAs
[15:33:19] Predicting Ribosomal RNAs
[15:33:19] You need either Barrnap or RNAmmer installed to predict rRNAs!
[15:33:19] Skipping ncRNA search, enable with --rfam if desired.
[15:33:19] Total of 0 tRNA + rRNA features
[15:33:19] Searching for CRISPR repeats
[15:33:19] Found 0 CRISPRs
[15:33:19] Predicting coding sequences
[15:33:19] Contigs total 46826 bp, so using meta mode
[15:33:19] Running: prodigal -i plasmid_files_fasta\/MG557995\.1_results\/PROKKA_10092018\.fna -c -m -g 11 -p meta -f sco -q
[15:33:19] Found 48 CDS
[15:33:19] Connecting features back to sequences
[15:33:19] Not using genus-specific database. Try --usegenus to enable it.
[15:33:19] Annotating CDS, please be patient.
[15:33:19] Will use 20 CPUs for similarity searching.
[15:33:19] There are still 48 unannotated CDS left (started with 48)
[15:33:19] Will use blast to search against /home/christian/install/prokka/db/kingdom/Bacteria/sprot with 20 CPUs
[15:33:19] Running: cat plasmid_files_fasta\/MG557995\.1_results\/sprot\.faa | parallel --gnu --plain -j 20 --block 319 --recstart '>' --pipe blastp -query - -db /home/christian/install/prokka/db/kingdom/Bacteria/sprot -evalue 1e-06 -num_threads 1 -num_descriptions 1 -num_alignments 1 -seg no > plasmid_files_fasta\/MG557995\.1_results\/sprot\.blast 2> /dev/null
[15:33:20] Modify product: Probable multidrug-efflux transporter Rv1258c => putative multidrug-efflux transporter
[15:33:20] Modify product: Probable chromate transport protein => putative chromate transport protein
[15:33:20] Cleaned 2 /product names
[15:33:20] Deleting unwanted file: plasmid_files_fasta/MG557995.1_results/sprot.faa
[15:33:20] Deleting unwanted file: plasmid_files_fasta/MG557995.1_results/sprot.blast
[15:33:20] There are still 26 unannotated CDS left (started with 48)
[15:33:20] Will use hmmer3 to search against /home/christian/install/prokka/db/hmm/HAMAP.hmm with 20 CPUs
[15:33:20] Running: cat plasmid_files_fasta\/MG557995\.1_results\/HAMAP\.hmm\.faa | parallel --gnu --plain -j 20 --block 161 --recstart '>' --pipe hmmscan --noali --notextw --acc -E 1e-06 --cpu 1 /home/christian/install/prokka/db/hmm/HAMAP.hmm /dev/stdin > plasmid_files_fasta\/MG557995\.1_results\/HAMAP\.hmm\.hmmer3 2> /dev/null
[15:33:21] Deleting unwanted file: plasmid_files_fasta/MG557995.1_results/HAMAP.hmm.faa
[15:33:21] Deleting unwanted file: plasmid_files_fasta/MG557995.1_results/HAMAP.hmm.hmmer3
[15:33:21] Labelling remaining 26 proteins as 'hypothetical protein'
[15:33:21] Found 17 unique /gene codes.
[15:33:21] Fixed 2 duplicate /gene - bla_1 bla_2
[15:33:21] Fixed 3 duplicate /gene - xerD_1 xerD_2 xerD_3
[15:33:21] Fixed 2 colliding /gene names.
[15:33:21] Adding /locus_tag identifiers
[15:33:21] Assigned 48 locus_tags to CDS and RNA features.
[15:33:21] Writing outputs to plasmid_files_fasta/MG557995.1_results/
[15:33:21] Generating annotation statistics file
[15:33:21] Generating Genbank and Sequin files
[15:33:21] Running: tbl2asn -V b -a r10k -l paired-ends -M n -N 1 -y 'Annotated using prokka 1.14-dev from https://github.com/tseemann/prokka' -Z plasmid_files_fasta\/MG557995\.1_results\/PROKKA_10092018\.err -i plasmid_files_fasta\/MG557995\.1_results\/PROKKA_10092018\.fsa 2> /dev/null
[15:33:21] Deleting unwanted file: plasmid_files_fasta/MG557995.1_results/errorsummary.val
[15:33:21] Deleting unwanted file: plasmid_files_fasta/MG557995.1_results/PROKKA_10092018.dr
[15:33:21] Deleting unwanted file: plasmid_files_fasta/MG557995.1_results/PROKKA_10092018.fixedproducts
[15:33:21] Deleting unwanted file: plasmid_files_fasta/MG557995.1_results/PROKKA_10092018.ecn
[15:33:21] Deleting unwanted file: plasmid_files_fasta/MG557995.1_results/PROKKA_10092018.val
[15:33:21] Repairing broken .GBK output that tbl2asn produces...
[15:33:21] Running: sed 's/COORDINATES: profile/COORDINATES:profile/' < plasmid_files_fasta\/MG557995\.1_results\/PROKKA_10092018\.gbf > plasmid_files_fasta\/MG557995\.1_results\/PROKKA_10092018\.gbk
[15:33:21] Deleting unwanted file: plasmid_files_fasta/MG557995.1_results/PROKKA_10092018.gbf
[15:33:21] Output files:
[15:33:21] plasmid_files_fasta/MG557995.1_results/PROKKA_10092018.ffn
[15:33:21] plasmid_files_fasta/MG557995.1_results/PROKKA_10092018.tbl
[15:33:21] plasmid_files_fasta/MG557995.1_results/PROKKA_10092018.log
[15:33:21] plasmid_files_fasta/MG557995.1_results/PROKKA_10092018.fna
[15:33:21] plasmid_files_fasta/MG557995.1_results/PROKKA_10092018.fsa
[15:33:21] plasmid_files_fasta/MG557995.1_results/PROKKA_10092018.tsv
[15:33:21] plasmid_files_fasta/MG557995.1_results/PROKKA_10092018.faa
[15:33:21] plasmid_files_fasta/MG557995.1_results/PROKKA_10092018.gbk
[15:33:21] plasmid_files_fasta/MG557995.1_results/PROKKA_10092018.sqn
[15:33:21] plasmid_files_fasta/MG557995.1_results/PROKKA_10092018.err
[15:33:21] plasmid_files_fasta/MG557995.1_results/PROKKA_10092018.txt
[15:33:21] plasmid_files_fasta/MG557995.1_results/PROKKA_10092018.gff
[15:33:21] Annotation finished successfully.
[15:33:21] Walltime used: 0.05 minutes
[15:33:21] If you use this result please cite the Prokka paper:
[15:33:21] Seemann T (2014) Prokka: rapid prokaryotic genome annotation. Bioinformatics. 30(14):2068-9.
[15:33:21] Type 'prokka --citation' for more details.
[15:33:21] Share and enjoy!
