[15:32:12] This is prokka 1.14-dev
[15:32:12] Written by Torsten Seemann <torsten.seemann@gmail.com>
[15:32:12] Homepage is https://github.com/tseemann/prokka
[15:32:12] Local time is Tue Oct  9 15:32:12 2018
[15:32:12] You are christian
[15:32:12] Operating system is linux
[15:32:12] You have BioPerl 1.007002
[15:32:12] System has 20 cores.
[15:32:12] Will use maximum of 20 cores.
[15:32:12] Annotating as >>> Bacteria <<<
[15:32:12] Generating locus_tag from 'plasmid_files_fasta/MF156708.1.fasta' contents.
[15:32:12] Setting --locustag LPPJDNML from MD5 5993d765780e83a092297450f1920f3e
[15:32:12] Creating new output folder: plasmid_files_fasta/MF156708.1_results
[15:32:12] Running: mkdir -p plasmid_files_fasta\/MF156708\.1_results
[15:32:12] Using filename prefix: PROKKA_10092018.XXX
[15:32:12] Setting HMMER_NCPU=1
[15:32:12] Writing log to: plasmid_files_fasta/MF156708.1_results/PROKKA_10092018.log
[15:32:12] Command: /home/christian/install/prokka/bin/prokka plasmid_files_fasta/MF156708.1.fasta --outdir plasmid_files_fasta/MF156708.1_results --cpus 20 --force
[15:32:12] Appending to PATH: /home/christian/install/prokka/bin/../binaries/linux
[15:32:12] Appending to PATH: /home/christian/install/prokka/bin/../binaries/linux/../common
[15:32:12] Appending to PATH: /home/christian/install/prokka/bin
[15:32:12] Looking for 'aragorn' - found /home/christian/install/prokka/bin/../binaries/linux/aragorn
[15:32:12] Determined aragorn version is 1.2
[15:32:12] Looking for 'blastp' - found /usr/bin/blastp
[15:32:13] Determined blastp version is 2.2
[15:32:13] Looking for 'cmpress' - found /usr/local/bin/cmpress
[15:32:13] Determined cmpress version is 1.1
[15:32:13] Looking for 'cmscan' - found /usr/local/bin/cmscan
[15:32:13] Determined cmscan version is 1.1
[15:32:13] Looking for 'egrep' - found /bin/egrep
[15:32:13] Looking for 'find' - found /usr/bin/find
[15:32:13] Looking for 'grep' - found /bin/grep
[15:32:13] Looking for 'hmmpress' - found /usr/local/bin/hmmpress
[15:32:13] Determined hmmpress version is 3.1
[15:32:13] Looking for 'hmmscan' - found /usr/local/bin/hmmscan
[15:32:13] Determined hmmscan version is 3.1
[15:32:13] Looking for 'java' - found /usr/bin/java
[15:32:13] Looking for 'less' - found /usr/bin/less
[15:32:13] Looking for 'makeblastdb' - found /usr/bin/makeblastdb
[15:32:13] Determined makeblastdb version is 2.2
[15:32:13] Looking for 'minced' - found /home/christian/install/prokka/bin/../binaries/linux/../common/minced
[15:32:13] Determined minced version is 2.0
[15:32:13] Looking for 'parallel' - found /usr/bin/parallel
[15:32:13] Determined parallel version is 20141022
[15:32:13] Looking for 'prodigal' - found /usr/local/bin/prodigal
[15:32:13] Determined prodigal version is 2.6
[15:32:13] Looking for 'prokka-genbank_to_fasta_db' - found /home/christian/install/prokka/bin/prokka-genbank_to_fasta_db
[15:32:13] Looking for 'sed' - found /bin/sed
[15:32:13] Looking for 'tbl2asn' - found /home/christian/install/prokka/bin/../binaries/linux/tbl2asn
[15:32:13] Determined tbl2asn version is 25.6
[15:32:13] Using genetic code table 11.
[15:32:13] Loading and checking input file: plasmid_files_fasta/MF156708.1.fasta
[15:32:13] Wrote 1 contigs totalling 119405 bp.
[15:32:13] Predicting tRNAs and tmRNAs
[15:32:13] Running: aragorn -l -gc11  -w plasmid_files_fasta\/MF156708\.1_results\/PROKKA_10092018\.fna
[15:32:13] Found 0 tRNAs
[15:32:13] Predicting Ribosomal RNAs
[15:32:13] You need either Barrnap or RNAmmer installed to predict rRNAs!
[15:32:13] Skipping ncRNA search, enable with --rfam if desired.
[15:32:13] Total of 0 tRNA + rRNA features
[15:32:13] Searching for CRISPR repeats
[15:32:13] Found 0 CRISPRs
[15:32:13] Predicting coding sequences
[15:32:13] Contigs total 119405 bp, so using single mode
[15:32:13] Running: prodigal -i plasmid_files_fasta\/MF156708\.1_results\/PROKKA_10092018\.fna -c -m -g 11 -p single -f sco -q
[15:32:13] Found 158 CDS
[15:32:13] Connecting features back to sequences
[15:32:13] Not using genus-specific database. Try --usegenus to enable it.
[15:32:13] Annotating CDS, please be patient.
[15:32:13] Will use 20 CPUs for similarity searching.
[15:32:13] There are still 158 unannotated CDS left (started with 158)
[15:32:13] Will use blast to search against /home/christian/install/prokka/db/kingdom/Bacteria/sprot with 20 CPUs
[15:32:13] Running: cat plasmid_files_fasta\/MF156708\.1_results\/sprot\.faa | parallel --gnu --plain -j 20 --block 830 --recstart '>' --pipe blastp -query - -db /home/christian/install/prokka/db/kingdom/Bacteria/sprot -evalue 1e-06 -num_threads 1 -num_descriptions 1 -num_alignments 1 -seg no > plasmid_files_fasta\/MF156708\.1_results\/sprot\.blast 2> /dev/null
[15:32:14] Modify product: Probable transport protein HsrA => putative transport protein HsrA
[15:32:14] Modify product: Uncharacterized MFS-type transporter EfpA => putative MFS-type transporter EfpA
[15:32:14] Modify product: Probable hydrogen peroxide-inducible genes activator => putative hydrogen peroxide-inducible genes activator
[15:32:14] Modify product: Thioredoxin-like protein slr0233 => Thioredoxin-like protein
[15:32:14] Modify product: Uncharacterized MFS-type transporter YcaD => putative MFS-type transporter YcaD
[15:32:14] Modify product: Zinc-type alcohol dehydrogenase-like protein SA1988 => Zinc-type alcohol dehydrogenase-like protein
[15:32:14] Modify product: UPF0401 protein YkfF => hypothetical protein
[15:32:14] Cleaned 7 /product names
[15:32:14] Deleting unwanted file: plasmid_files_fasta/MF156708.1_results/sprot.faa
[15:32:14] Deleting unwanted file: plasmid_files_fasta/MF156708.1_results/sprot.blast
[15:32:14] There are still 106 unannotated CDS left (started with 158)
[15:32:14] Will use hmmer3 to search against /home/christian/install/prokka/db/hmm/HAMAP.hmm with 20 CPUs
[15:32:14] Running: cat plasmid_files_fasta\/MF156708\.1_results\/HAMAP\.hmm\.faa | parallel --gnu --plain -j 20 --block 485 --recstart '>' --pipe hmmscan --noali --notextw --acc -E 1e-06 --cpu 1 /home/christian/install/prokka/db/hmm/HAMAP.hmm /dev/stdin > plasmid_files_fasta\/MF156708\.1_results\/HAMAP\.hmm\.hmmer3 2> /dev/null
[15:32:15] Deleting unwanted file: plasmid_files_fasta/MF156708.1_results/HAMAP.hmm.faa
[15:32:15] Deleting unwanted file: plasmid_files_fasta/MF156708.1_results/HAMAP.hmm.hmmer3
[15:32:15] Labelling remaining 106 proteins as 'hypothetical protein'
[15:32:15] Possible /pseudo 'Cobalt/magnesium transport protein CorA' at MF156708.1 position 35956
[15:32:15] Possible /pseudo 'Protein UmuC' at MF156708.1 position 51601
[15:32:15] Possible /pseudo 'Plasmid segregation protein ParM' at MF156708.1 position 54715
[15:32:15] Possible /pseudo 'Multifunctional conjugation protein TraI' at MF156708.1 position 111206
[15:32:15] Possible /pseudo 'Multifunctional conjugation protein TraI' at MF156708.1 position 112210
[15:32:15] Possible /pseudo 'Multifunctional conjugation protein TraI' at MF156708.1 position 112713
[15:32:15] Found 40 unique /gene codes.
[15:32:15] Fixed 4 duplicate /gene - traI_1 traI_2 traI_3 traI_4
[15:32:15] Fixed 2 duplicate /gene - klcA_1 klcA_2
[15:32:15] Fixed 2 duplicate /gene - oxyR_1 oxyR_2
[15:32:15] Fixed 2 duplicate /gene - umuC_1 umuC_2
[15:32:15] Fixed 2 duplicate /gene - repA_1 repA_2
[15:32:15] Fixed 2 duplicate /gene - parM_1 parM_2
[15:32:15] Fixed 2 duplicate /gene - corA_1 corA_2
[15:32:15] Fixed 7 colliding /gene names.
[15:32:15] Adding /locus_tag identifiers
[15:32:15] Assigned 158 locus_tags to CDS and RNA features.
[15:32:15] Writing outputs to plasmid_files_fasta/MF156708.1_results/
[15:32:15] Generating annotation statistics file
[15:32:15] Generating Genbank and Sequin files
[15:32:15] Running: tbl2asn -V b -a r10k -l paired-ends -M n -N 1 -y 'Annotated using prokka 1.14-dev from https://github.com/tseemann/prokka' -Z plasmid_files_fasta\/MF156708\.1_results\/PROKKA_10092018\.err -i plasmid_files_fasta\/MF156708\.1_results\/PROKKA_10092018\.fsa 2> /dev/null
[15:32:15] Deleting unwanted file: plasmid_files_fasta/MF156708.1_results/errorsummary.val
[15:32:15] Deleting unwanted file: plasmid_files_fasta/MF156708.1_results/PROKKA_10092018.dr
[15:32:15] Deleting unwanted file: plasmid_files_fasta/MF156708.1_results/PROKKA_10092018.fixedproducts
[15:32:15] Deleting unwanted file: plasmid_files_fasta/MF156708.1_results/PROKKA_10092018.ecn
[15:32:15] Deleting unwanted file: plasmid_files_fasta/MF156708.1_results/PROKKA_10092018.val
[15:32:15] Repairing broken .GBK output that tbl2asn produces...
[15:32:15] Running: sed 's/COORDINATES: profile/COORDINATES:profile/' < plasmid_files_fasta\/MF156708\.1_results\/PROKKA_10092018\.gbf > plasmid_files_fasta\/MF156708\.1_results\/PROKKA_10092018\.gbk
[15:32:15] Deleting unwanted file: plasmid_files_fasta/MF156708.1_results/PROKKA_10092018.gbf
[15:32:15] Output files:
[15:32:15] plasmid_files_fasta/MF156708.1_results/PROKKA_10092018.ffn
[15:32:15] plasmid_files_fasta/MF156708.1_results/PROKKA_10092018.tbl
[15:32:15] plasmid_files_fasta/MF156708.1_results/PROKKA_10092018.log
[15:32:15] plasmid_files_fasta/MF156708.1_results/PROKKA_10092018.fna
[15:32:15] plasmid_files_fasta/MF156708.1_results/PROKKA_10092018.fsa
[15:32:15] plasmid_files_fasta/MF156708.1_results/PROKKA_10092018.tsv
[15:32:15] plasmid_files_fasta/MF156708.1_results/PROKKA_10092018.faa
[15:32:15] plasmid_files_fasta/MF156708.1_results/PROKKA_10092018.gbk
[15:32:15] plasmid_files_fasta/MF156708.1_results/PROKKA_10092018.sqn
[15:32:15] plasmid_files_fasta/MF156708.1_results/PROKKA_10092018.err
[15:32:15] plasmid_files_fasta/MF156708.1_results/PROKKA_10092018.txt
[15:32:15] plasmid_files_fasta/MF156708.1_results/PROKKA_10092018.gff
[15:32:15] Annotation finished successfully.
[15:32:15] Walltime used: 0.05 minutes
[15:32:15] If you use this result please cite the Prokka paper:
[15:32:15] Seemann T (2014) Prokka: rapid prokaryotic genome annotation. Bioinformatics. 30(14):2068-9.
[15:32:15] Type 'prokka --citation' for more details.
[15:32:15] Share and enjoy!
