Discrepancy Report Results

Summary
FATAL: MISSING_PROTEIN_ID:133 proteins have invalid IDs.
DISC_SOURCE_QUALS_ASNDISC:strain (all present, all unique)
DISC_SOURCE_QUALS_ASNDISC:taxname (all present, all unique)
DISC_FEATURE_COUNT:CDS: 133 present
DISC_COUNT_NUCLEOTIDES:1 nucleotide Bioseqs are present
FEATURE_LOCATION_CONFLICT:133 features have inconsistent gene locations.
OVERLAPPING_CDS:3 coding regions overlap another coding region with a similar or identical name.
SUSPECT_PRODUCT_NAMES:1 product_names contain suspect phrase or characters
	May contain database identifier more appropriate in note; remove from product name
		1 features Three or more numbers together
DISC_QUALITY_SCORES:Quality scores are missing on all sequences.
ONCALLER_COMMENT_PRESENT:1 comment descriptors were found (all same)
SHORT_PROT_SEQUENCES:3 protein sequences are shorter than 50 aa.
MISSING_GENOMEASSEMBLY_COMMENTS:1 bioseqs are missing GenomeAssembly structured comments
MOLTYPE_NOT_MRNA:1 molecule types are not set as mRNA.
TECHNIQUE_NOT_TSA:1 technique are not set as TSA
MISSING_STRUCTURED_COMMENT:1 sequences do not include structured comments.
MISSING_PROJECT:134 sequences do not include project.
DISC_INCONSISTENT_MOLINFO_TECH:Molinfo Technique Report (some missing, all same)


Detailed Report

FATAL: DiscRep_ALL:MISSING_PROTEIN_ID::133 proteins have invalid IDs.
plasmid_files_fasta/CP023878.1_results/PROKKA_10092018:CP023878.1_1 (length 337)
plasmid_files_fasta/CP023878.1_results/PROKKA_10092018:CP023878.1_2 (length 189)
plasmid_files_fasta/CP023878.1_results/PROKKA_10092018:CP023878.1_3 (length 50)
plasmid_files_fasta/CP023878.1_results/PROKKA_10092018:CP023878.1_4 (length 80)
plasmid_files_fasta/CP023878.1_results/PROKKA_10092018:CP023878.1_5 (length 509)
plasmid_files_fasta/CP023878.1_results/PROKKA_10092018:CP023878.1_6 (length 239)
plasmid_files_fasta/CP023878.1_results/PROKKA_10092018:CP023878.1_7 (length 113)
plasmid_files_fasta/CP023878.1_results/PROKKA_10092018:CP023878.1_8 (length 263)
plasmid_files_fasta/CP023878.1_results/PROKKA_10092018:CP023878.1_9 (length 421)
plasmid_files_fasta/CP023878.1_results/PROKKA_10092018:CP023878.1_10 (length 146)
plasmid_files_fasta/CP023878.1_results/PROKKA_10092018:CP023878.1_11 (length 141)
plasmid_files_fasta/CP023878.1_results/PROKKA_10092018:CP023878.1_12 (length 134)
plasmid_files_fasta/CP023878.1_results/PROKKA_10092018:CP023878.1_13 (length 79)
plasmid_files_fasta/CP023878.1_results/PROKKA_10092018:CP023878.1_14 (length 51)
plasmid_files_fasta/CP023878.1_results/PROKKA_10092018:CP023878.1_15 (length 181)
plasmid_files_fasta/CP023878.1_results/PROKKA_10092018:CP023878.1_16 (length 98)
plasmid_files_fasta/CP023878.1_results/PROKKA_10092018:CP023878.1_17 (length 119)
plasmid_files_fasta/CP023878.1_results/PROKKA_10092018:CP023878.1_18 (length 94)
plasmid_files_fasta/CP023878.1_results/PROKKA_10092018:CP023878.1_19 (length 110)
plasmid_files_fasta/CP023878.1_results/PROKKA_10092018:CP023878.1_20 (length 79)
plasmid_files_fasta/CP023878.1_results/PROKKA_10092018:CP023878.1_21 (length 85)
plasmid_files_fasta/CP023878.1_results/PROKKA_10092018:CP023878.1_22 (length 124)
plasmid_files_fasta/CP023878.1_results/PROKKA_10092018:CP023878.1_23 (length 169)
plasmid_files_fasta/CP023878.1_results/PROKKA_10092018:CP023878.1_24 (length 124)
plasmid_files_fasta/CP023878.1_results/PROKKA_10092018:CP023878.1_25 (length 59)
plasmid_files_fasta/CP023878.1_results/PROKKA_10092018:CP023878.1_26 (length 106)
plasmid_files_fasta/CP023878.1_results/PROKKA_10092018:CP023878.1_27 (length 114)
plasmid_files_fasta/CP023878.1_results/PROKKA_10092018:CP023878.1_28 (length 122)
plasmid_files_fasta/CP023878.1_results/PROKKA_10092018:CP023878.1_29 (length 238)
plasmid_files_fasta/CP023878.1_results/PROKKA_10092018:CP023878.1_30 (length 139)
plasmid_files_fasta/CP023878.1_results/PROKKA_10092018:CP023878.1_31 (length 138)
plasmid_files_fasta/CP023878.1_results/PROKKA_10092018:CP023878.1_32 (length 509)
plasmid_files_fasta/CP023878.1_results/PROKKA_10092018:CP023878.1_33 (length 1078)
plasmid_files_fasta/CP023878.1_results/PROKKA_10092018:CP023878.1_34 (length 121)
plasmid_files_fasta/CP023878.1_results/PROKKA_10092018:CP023878.1_35 (length 105)
plasmid_files_fasta/CP023878.1_results/PROKKA_10092018:CP023878.1_36 (length 234)
plasmid_files_fasta/CP023878.1_results/PROKKA_10092018:CP023878.1_37 (length 592)
plasmid_files_fasta/CP023878.1_results/PROKKA_10092018:CP023878.1_38 (length 334)
plasmid_files_fasta/CP023878.1_results/PROKKA_10092018:CP023878.1_39 (length 58)
plasmid_files_fasta/CP023878.1_results/PROKKA_10092018:CP023878.1_40 (length 271)
plasmid_files_fasta/CP023878.1_results/PROKKA_10092018:CP023878.1_41 (length 267)
plasmid_files_fasta/CP023878.1_results/PROKKA_10092018:CP023878.1_42 (length 278)
plasmid_files_fasta/CP023878.1_results/PROKKA_10092018:CP023878.1_43 (length 179)
plasmid_files_fasta/CP023878.1_results/PROKKA_10092018:CP023878.1_44 (length 463)
plasmid_files_fasta/CP023878.1_results/PROKKA_10092018:CP023878.1_45 (length 190)
plasmid_files_fasta/CP023878.1_results/PROKKA_10092018:CP023878.1_46 (length 181)
plasmid_files_fasta/CP023878.1_results/PROKKA_10092018:CP023878.1_47 (length 85)
plasmid_files_fasta/CP023878.1_results/PROKKA_10092018:CP023878.1_48 (length 204)
plasmid_files_fasta/CP023878.1_results/PROKKA_10092018:CP023878.1_49 (length 218)
plasmid_files_fasta/CP023878.1_results/PROKKA_10092018:CP023878.1_50 (length 234)
plasmid_files_fasta/CP023878.1_results/PROKKA_10092018:CP023878.1_51 (length 65)
plasmid_files_fasta/CP023878.1_results/PROKKA_10092018:CP023878.1_52 (length 119)
plasmid_files_fasta/CP023878.1_results/PROKKA_10092018:CP023878.1_53 (length 554)
plasmid_files_fasta/CP023878.1_results/PROKKA_10092018:CP023878.1_54 (length 201)
plasmid_files_fasta/CP023878.1_results/PROKKA_10092018:CP023878.1_55 (length 965)
plasmid_files_fasta/CP023878.1_results/PROKKA_10092018:CP023878.1_56 (length 127)
plasmid_files_fasta/CP023878.1_results/PROKKA_10092018:CP023878.1_57 (length 439)
plasmid_files_fasta/CP023878.1_results/PROKKA_10092018:CP023878.1_58 (length 293)
plasmid_files_fasta/CP023878.1_results/PROKKA_10092018:CP023878.1_59 (length 112)
plasmid_files_fasta/CP023878.1_results/PROKKA_10092018:CP023878.1_60 (length 259)
plasmid_files_fasta/CP023878.1_results/PROKKA_10092018:CP023878.1_61 (length 341)
plasmid_files_fasta/CP023878.1_results/PROKKA_10092018:CP023878.1_62 (length 1009)
plasmid_files_fasta/CP023878.1_results/PROKKA_10092018:CP023878.1_63 (length 571)
plasmid_files_fasta/CP023878.1_results/PROKKA_10092018:CP023878.1_64 (length 302)
plasmid_files_fasta/CP023878.1_results/PROKKA_10092018:CP023878.1_65 (length 185)
plasmid_files_fasta/CP023878.1_results/PROKKA_10092018:CP023878.1_66 (length 201)
plasmid_files_fasta/CP023878.1_results/PROKKA_10092018:CP023878.1_67 (length 258)
plasmid_files_fasta/CP023878.1_results/PROKKA_10092018:CP023878.1_68 (length 274)
plasmid_files_fasta/CP023878.1_results/PROKKA_10092018:CP023878.1_69 (length 83)
plasmid_files_fasta/CP023878.1_results/PROKKA_10092018:CP023878.1_70 (length 286)
plasmid_files_fasta/CP023878.1_results/PROKKA_10092018:CP023878.1_71 (length 864)
plasmid_files_fasta/CP023878.1_results/PROKKA_10092018:CP023878.1_72 (length 110)
plasmid_files_fasta/CP023878.1_results/PROKKA_10092018:CP023878.1_73 (length 65)
plasmid_files_fasta/CP023878.1_results/PROKKA_10092018:CP023878.1_74 (length 125)
plasmid_files_fasta/CP023878.1_results/PROKKA_10092018:CP023878.1_75 (length 109)
plasmid_files_fasta/CP023878.1_results/PROKKA_10092018:CP023878.1_76 (length 218)
plasmid_files_fasta/CP023878.1_results/PROKKA_10092018:CP023878.1_77 (length 204)
plasmid_files_fasta/CP023878.1_results/PROKKA_10092018:CP023878.1_78 (length 85)
plasmid_files_fasta/CP023878.1_results/PROKKA_10092018:CP023878.1_79 (length 181)
plasmid_files_fasta/CP023878.1_results/PROKKA_10092018:CP023878.1_80 (length 190)
plasmid_files_fasta/CP023878.1_results/PROKKA_10092018:CP023878.1_81 (length 463)
plasmid_files_fasta/CP023878.1_results/PROKKA_10092018:CP023878.1_82 (length 211)
plasmid_files_fasta/CP023878.1_results/PROKKA_10092018:CP023878.1_83 (length 283)
plasmid_files_fasta/CP023878.1_results/PROKKA_10092018:CP023878.1_84 (length 132)
plasmid_files_fasta/CP023878.1_results/PROKKA_10092018:CP023878.1_85 (length 369)
plasmid_files_fasta/CP023878.1_results/PROKKA_10092018:CP023878.1_86 (length 91)
plasmid_files_fasta/CP023878.1_results/PROKKA_10092018:CP023878.1_87 (length 36)
plasmid_files_fasta/CP023878.1_results/PROKKA_10092018:CP023878.1_88 (length 38)
plasmid_files_fasta/CP023878.1_results/PROKKA_10092018:CP023878.1_89 (length 148)
plasmid_files_fasta/CP023878.1_results/PROKKA_10092018:CP023878.1_90 (length 331)
plasmid_files_fasta/CP023878.1_results/PROKKA_10092018:CP023878.1_91 (length 386)
plasmid_files_fasta/CP023878.1_results/PROKKA_10092018:CP023878.1_92 (length 294)
plasmid_files_fasta/CP023878.1_results/PROKKA_10092018:CP023878.1_93 (length 232)
plasmid_files_fasta/CP023878.1_results/PROKKA_10092018:CP023878.1_94 (length 346)
plasmid_files_fasta/CP023878.1_results/PROKKA_10092018:CP023878.1_95 (length 75)
plasmid_files_fasta/CP023878.1_results/PROKKA_10092018:CP023878.1_96 (length 237)
plasmid_files_fasta/CP023878.1_results/PROKKA_10092018:CP023878.1_97 (length 866)
plasmid_files_fasta/CP023878.1_results/PROKKA_10092018:CP023878.1_98 (length 105)
plasmid_files_fasta/CP023878.1_results/PROKKA_10092018:CP023878.1_99 (length 97)
plasmid_files_fasta/CP023878.1_results/PROKKA_10092018:CP023878.1_100 (length 93)
plasmid_files_fasta/CP023878.1_results/PROKKA_10092018:CP023878.1_101 (length 244)
plasmid_files_fasta/CP023878.1_results/PROKKA_10092018:CP023878.1_102 (length 101)
plasmid_files_fasta/CP023878.1_results/PROKKA_10092018:CP023878.1_103 (length 114)
plasmid_files_fasta/CP023878.1_results/PROKKA_10092018:CP023878.1_104 (length 104)
plasmid_files_fasta/CP023878.1_results/PROKKA_10092018:CP023878.1_105 (length 103)
plasmid_files_fasta/CP023878.1_results/PROKKA_10092018:CP023878.1_106 (length 215)
plasmid_files_fasta/CP023878.1_results/PROKKA_10092018:CP023878.1_107 (length 68)
plasmid_files_fasta/CP023878.1_results/PROKKA_10092018:CP023878.1_108 (length 88)
plasmid_files_fasta/CP023878.1_results/PROKKA_10092018:CP023878.1_109 (length 477)
plasmid_files_fasta/CP023878.1_results/PROKKA_10092018:CP023878.1_110 (length 404)
plasmid_files_fasta/CP023878.1_results/PROKKA_10092018:CP023878.1_111 (length 254)
plasmid_files_fasta/CP023878.1_results/PROKKA_10092018:CP023878.1_112 (length 88)
plasmid_files_fasta/CP023878.1_results/PROKKA_10092018:CP023878.1_113 (length 157)
plasmid_files_fasta/CP023878.1_results/PROKKA_10092018:CP023878.1_114 (length 337)
plasmid_files_fasta/CP023878.1_results/PROKKA_10092018:CP023878.1_115 (length 189)
plasmid_files_fasta/CP023878.1_results/PROKKA_10092018:CP023878.1_116 (length 50)
plasmid_files_fasta/CP023878.1_results/PROKKA_10092018:CP023878.1_117 (length 496)
plasmid_files_fasta/CP023878.1_results/PROKKA_10092018:CP023878.1_118 (length 239)
plasmid_files_fasta/CP023878.1_results/PROKKA_10092018:CP023878.1_119 (length 145)
plasmid_files_fasta/CP023878.1_results/PROKKA_10092018:CP023878.1_120 (length 229)
plasmid_files_fasta/CP023878.1_results/PROKKA_10092018:CP023878.1_121 (length 286)
plasmid_files_fasta/CP023878.1_results/PROKKA_10092018:CP023878.1_122 (length 91)
plasmid_files_fasta/CP023878.1_results/PROKKA_10092018:CP023878.1_123 (length 86)
plasmid_files_fasta/CP023878.1_results/PROKKA_10092018:CP023878.1_124 (length 84)
plasmid_files_fasta/CP023878.1_results/PROKKA_10092018:CP023878.1_125 (length 85)
plasmid_files_fasta/CP023878.1_results/PROKKA_10092018:CP023878.1_126 (length 134)
plasmid_files_fasta/CP023878.1_results/PROKKA_10092018:CP023878.1_127 (length 79)
plasmid_files_fasta/CP023878.1_results/PROKKA_10092018:CP023878.1_128 (length 117)
plasmid_files_fasta/CP023878.1_results/PROKKA_10092018:CP023878.1_129 (length 100)
plasmid_files_fasta/CP023878.1_results/PROKKA_10092018:CP023878.1_130 (length 33)
plasmid_files_fasta/CP023878.1_results/PROKKA_10092018:CP023878.1_131 (length 85)
plasmid_files_fasta/CP023878.1_results/PROKKA_10092018:CP023878.1_132 (length 97)
plasmid_files_fasta/CP023878.1_results/PROKKA_10092018:CP023878.1_133 (length 77)

DiscRep_ALL:DISC_SOURCE_QUALS_ASNDISC::strain (all present, all unique)
DiscRep_SUB:DISC_SOURCE_QUALS_ASNDISC::1 sources have unique values for strain
DiscRep_ALL:DISC_SOURCE_QUALS_ASNDISC::taxname (all present, all unique)
DiscRep_SUB:DISC_SOURCE_QUALS_ASNDISC::1 sources have unique values for taxname
DiscRep_ALL:DISC_FEATURE_COUNT::CDS: 133 present
DiscRep_ALL:DISC_COUNT_NUCLEOTIDES::1 nucleotide Bioseqs are present
plasmid_files_fasta/CP023878.1_results/PROKKA_10092018:CP023878.1 (length 108606)

DiscRep_ALL:FEATURE_LOCATION_CONFLICT::133 features have inconsistent gene locations.
DiscRep_SUB:FEATURE_LOCATION_CONFLICT::Coding region xref gene does not exist
plasmid_files_fasta/CP023878.1_results/PROKKA_10092018:CDS	Tyrosine recombinase XerD	CP023878.1:514-1527	HOHKPJMK_00001

DiscRep_SUB:FEATURE_LOCATION_CONFLICT::Coding region xref gene does not exist
plasmid_files_fasta/CP023878.1_results/PROKKA_10092018:CDS	DNA-invertase hin	CP023878.1:1920-2489	HOHKPJMK_00002

DiscRep_SUB:FEATURE_LOCATION_CONFLICT::Coding region xref gene does not exist
plasmid_files_fasta/CP023878.1_results/PROKKA_10092018:CDS	hypothetical protein	CP023878.1:2486-2638	HOHKPJMK_00003

DiscRep_SUB:FEATURE_LOCATION_CONFLICT::Coding region xref gene does not exist
plasmid_files_fasta/CP023878.1_results/PROKKA_10092018:CDS	hypothetical protein	CP023878.1:2592-2834	HOHKPJMK_00004

DiscRep_SUB:FEATURE_LOCATION_CONFLICT::Coding region xref gene does not exist
plasmid_files_fasta/CP023878.1_results/PROKKA_10092018:CDS	hypothetical protein	CP023878.1:2874-4403	HOHKPJMK_00005

DiscRep_SUB:FEATURE_LOCATION_CONFLICT::Coding region xref gene does not exist
plasmid_files_fasta/CP023878.1_results/PROKKA_10092018:CDS	Replication initiation protein	CP023878.1:c5165-4446	HOHKPJMK_00006

DiscRep_SUB:FEATURE_LOCATION_CONFLICT::Coding region xref gene does not exist
plasmid_files_fasta/CP023878.1_results/PROKKA_10092018:CDS	hypothetical protein	CP023878.1:5725-6066	HOHKPJMK_00007

DiscRep_SUB:FEATURE_LOCATION_CONFLICT::Coding region xref gene does not exist
plasmid_files_fasta/CP023878.1_results/PROKKA_10092018:CDS	hypothetical protein	CP023878.1:c6872-6081	HOHKPJMK_00008

DiscRep_SUB:FEATURE_LOCATION_CONFLICT::Coding region xref gene does not exist
plasmid_files_fasta/CP023878.1_results/PROKKA_10092018:CDS	Protein UmuC	CP023878.1:c8288-7023	HOHKPJMK_00009

DiscRep_SUB:FEATURE_LOCATION_CONFLICT::Coding region xref gene does not exist
plasmid_files_fasta/CP023878.1_results/PROKKA_10092018:CDS	Protein UmuD	CP023878.1:c8716-8276	HOHKPJMK_00010

DiscRep_SUB:FEATURE_LOCATION_CONFLICT::Coding region xref gene does not exist
plasmid_files_fasta/CP023878.1_results/PROKKA_10092018:CDS	Antirestriction protein KlcA	CP023878.1:9131-9556	HOHKPJMK_00011

DiscRep_SUB:FEATURE_LOCATION_CONFLICT::Coding region xref gene does not exist
plasmid_files_fasta/CP023878.1_results/PROKKA_10092018:CDS	hypothetical protein	CP023878.1:9614-10018	HOHKPJMK_00012

DiscRep_SUB:FEATURE_LOCATION_CONFLICT::Coding region xref gene does not exist
plasmid_files_fasta/CP023878.1_results/PROKKA_10092018:CDS	hypothetical protein	CP023878.1:10028-10267	HOHKPJMK_00013

DiscRep_SUB:FEATURE_LOCATION_CONFLICT::Coding region xref gene does not exist
plasmid_files_fasta/CP023878.1_results/PROKKA_10092018:CDS	hypothetical protein	CP023878.1:10340-10495	HOHKPJMK_00014

DiscRep_SUB:FEATURE_LOCATION_CONFLICT::Coding region xref gene does not exist
plasmid_files_fasta/CP023878.1_results/PROKKA_10092018:CDS	hypothetical protein	CP023878.1:10495-11040	HOHKPJMK_00015

DiscRep_SUB:FEATURE_LOCATION_CONFLICT::Coding region xref gene does not exist
plasmid_files_fasta/CP023878.1_results/PROKKA_10092018:CDS	hypothetical protein	CP023878.1:11153-11449	HOHKPJMK_00016

DiscRep_SUB:FEATURE_LOCATION_CONFLICT::Coding region xref gene does not exist
plasmid_files_fasta/CP023878.1_results/PROKKA_10092018:CDS	hypothetical protein	CP023878.1:11446-11805	HOHKPJMK_00017

DiscRep_SUB:FEATURE_LOCATION_CONFLICT::Coding region xref gene does not exist
plasmid_files_fasta/CP023878.1_results/PROKKA_10092018:CDS	hypothetical protein	CP023878.1:11874-12158	HOHKPJMK_00018

DiscRep_SUB:FEATURE_LOCATION_CONFLICT::Coding region xref gene does not exist
plasmid_files_fasta/CP023878.1_results/PROKKA_10092018:CDS	hypothetical protein	CP023878.1:12367-12699	HOHKPJMK_00019

DiscRep_SUB:FEATURE_LOCATION_CONFLICT::Coding region xref gene does not exist
plasmid_files_fasta/CP023878.1_results/PROKKA_10092018:CDS	hypothetical protein	CP023878.1:12772-13011	HOHKPJMK_00020

DiscRep_SUB:FEATURE_LOCATION_CONFLICT::Coding region xref gene does not exist
plasmid_files_fasta/CP023878.1_results/PROKKA_10092018:CDS	hypothetical protein	CP023878.1:13027-13284	HOHKPJMK_00021

DiscRep_SUB:FEATURE_LOCATION_CONFLICT::Coding region xref gene does not exist
plasmid_files_fasta/CP023878.1_results/PROKKA_10092018:CDS	hypothetical protein	CP023878.1:c14003-13629	HOHKPJMK_00022

DiscRep_SUB:FEATURE_LOCATION_CONFLICT::Coding region xref gene does not exist
plasmid_files_fasta/CP023878.1_results/PROKKA_10092018:CDS	hypothetical protein	CP023878.1:14052-14561	HOHKPJMK_00023

DiscRep_SUB:FEATURE_LOCATION_CONFLICT::Coding region xref gene does not exist
plasmid_files_fasta/CP023878.1_results/PROKKA_10092018:CDS	hypothetical protein	CP023878.1:c15240-14866	HOHKPJMK_00024

DiscRep_SUB:FEATURE_LOCATION_CONFLICT::Coding region xref gene does not exist
plasmid_files_fasta/CP023878.1_results/PROKKA_10092018:CDS	hypothetical protein	CP023878.1:15288-15467	HOHKPJMK_00025

DiscRep_SUB:FEATURE_LOCATION_CONFLICT::Coding region xref gene does not exist
plasmid_files_fasta/CP023878.1_results/PROKKA_10092018:CDS	hypothetical protein	CP023878.1:15522-15842	HOHKPJMK_00026

DiscRep_SUB:FEATURE_LOCATION_CONFLICT::Coding region xref gene does not exist
plasmid_files_fasta/CP023878.1_results/PROKKA_10092018:CDS	hypothetical protein	CP023878.1:c16297-15953	HOHKPJMK_00027

DiscRep_SUB:FEATURE_LOCATION_CONFLICT::Coding region xref gene does not exist
plasmid_files_fasta/CP023878.1_results/PROKKA_10092018:CDS	hypothetical protein	CP023878.1:c16847-16479	HOHKPJMK_00028

DiscRep_SUB:FEATURE_LOCATION_CONFLICT::Coding region xref gene does not exist
plasmid_files_fasta/CP023878.1_results/PROKKA_10092018:CDS	hypothetical protein	CP023878.1:c17565-16849	HOHKPJMK_00029

DiscRep_SUB:FEATURE_LOCATION_CONFLICT::Coding region xref gene does not exist
plasmid_files_fasta/CP023878.1_results/PROKKA_10092018:CDS	hypothetical protein	CP023878.1:c17993-17574	HOHKPJMK_00030

DiscRep_SUB:FEATURE_LOCATION_CONFLICT::Coding region xref gene does not exist
plasmid_files_fasta/CP023878.1_results/PROKKA_10092018:CDS	hypothetical protein	CP023878.1:18484-18900	HOHKPJMK_00031

DiscRep_SUB:FEATURE_LOCATION_CONFLICT::Coding region xref gene does not exist
plasmid_files_fasta/CP023878.1_results/PROKKA_10092018:CDS	Coupling protein TraD	CP023878.1:18902-20431	HOHKPJMK_00032

DiscRep_SUB:FEATURE_LOCATION_CONFLICT::Coding region xref gene does not exist
plasmid_files_fasta/CP023878.1_results/PROKKA_10092018:CDS	Multifunctional conjugation protein TraI	CP023878.1:20431-23667	HOHKPJMK_00033

DiscRep_SUB:FEATURE_LOCATION_CONFLICT::Coding region xref gene does not exist
plasmid_files_fasta/CP023878.1_results/PROKKA_10092018:CDS	hypothetical protein	CP023878.1:23667-24032	HOHKPJMK_00034

DiscRep_SUB:FEATURE_LOCATION_CONFLICT::Coding region xref gene does not exist
plasmid_files_fasta/CP023878.1_results/PROKKA_10092018:CDS	hypothetical protein	CP023878.1:c24359-24042	HOHKPJMK_00035

DiscRep_SUB:FEATURE_LOCATION_CONFLICT::Coding region xref gene does not exist
plasmid_files_fasta/CP023878.1_results/PROKKA_10092018:CDS	hypothetical protein	CP023878.1:24442-25146	HOHKPJMK_00036

DiscRep_SUB:FEATURE_LOCATION_CONFLICT::Coding region xref gene does not exist
plasmid_files_fasta/CP023878.1_results/PROKKA_10092018:CDS	hypothetical protein	CP023878.1:25186-26964	HOHKPJMK_00037

DiscRep_SUB:FEATURE_LOCATION_CONFLICT::Coding region xref gene does not exist
plasmid_files_fasta/CP023878.1_results/PROKKA_10092018:CDS	hypothetical protein	CP023878.1:27043-28047	HOHKPJMK_00038

DiscRep_SUB:FEATURE_LOCATION_CONFLICT::Coding region xref gene does not exist
plasmid_files_fasta/CP023878.1_results/PROKKA_10092018:CDS	hypothetical protein	CP023878.1:c28405-28229	HOHKPJMK_00039

DiscRep_SUB:FEATURE_LOCATION_CONFLICT::Coding region xref gene does not exist
plasmid_files_fasta/CP023878.1_results/PROKKA_10092018:CDS	Dihydropteroate synthase	CP023878.1:28735-29550	HOHKPJMK_00040

DiscRep_SUB:FEATURE_LOCATION_CONFLICT::Coding region xref gene does not exist
plasmid_files_fasta/CP023878.1_results/PROKKA_10092018:CDS	Aminoglycoside 3'-phosphotransferase	CP023878.1:29611-30414	HOHKPJMK_00041

DiscRep_SUB:FEATURE_LOCATION_CONFLICT::Coding region xref gene does not exist
plasmid_files_fasta/CP023878.1_results/PROKKA_10092018:CDS	hypothetical protein	CP023878.1:30414-31250	HOHKPJMK_00042

DiscRep_SUB:FEATURE_LOCATION_CONFLICT::Coding region xref gene does not exist
plasmid_files_fasta/CP023878.1_results/PROKKA_10092018:CDS	hypothetical protein	CP023878.1:c31761-31222	HOHKPJMK_00043

DiscRep_SUB:FEATURE_LOCATION_CONFLICT::Coding region xref gene does not exist
plasmid_files_fasta/CP023878.1_results/PROKKA_10092018:CDS	hypothetical protein	CP023878.1:c33247-31856	HOHKPJMK_00044

DiscRep_SUB:FEATURE_LOCATION_CONFLICT::Coding region xref gene does not exist
plasmid_files_fasta/CP023878.1_results/PROKKA_10092018:CDS	DNA-invertase hin	CP023878.1:c33856-33284	HOHKPJMK_00045

DiscRep_SUB:FEATURE_LOCATION_CONFLICT::Coding region xref gene does not exist
plasmid_files_fasta/CP023878.1_results/PROKKA_10092018:CDS	hypothetical protein	CP023878.1:c34537-33992	HOHKPJMK_00046

DiscRep_SUB:FEATURE_LOCATION_CONFLICT::Coding region xref gene does not exist
plasmid_files_fasta/CP023878.1_results/PROKKA_10092018:CDS	hypothetical protein	CP023878.1:c34855-34598	HOHKPJMK_00047

DiscRep_SUB:FEATURE_LOCATION_CONFLICT::Coding region xref gene does not exist
plasmid_files_fasta/CP023878.1_results/PROKKA_10092018:CDS	DNA-invertase hin	CP023878.1:35017-35631	HOHKPJMK_00048

DiscRep_SUB:FEATURE_LOCATION_CONFLICT::Coding region xref gene does not exist
plasmid_files_fasta/CP023878.1_results/PROKKA_10092018:CDS	Pentapeptide repeat protein	CP023878.1:c36606-35950	HOHKPJMK_00049

DiscRep_SUB:FEATURE_LOCATION_CONFLICT::Coding region xref gene does not exist
plasmid_files_fasta/CP023878.1_results/PROKKA_10092018:CDS	hypothetical protein	CP023878.1:c37815-37111	HOHKPJMK_00050

DiscRep_SUB:FEATURE_LOCATION_CONFLICT::Coding region xref gene does not exist
plasmid_files_fasta/CP023878.1_results/PROKKA_10092018:CDS	hypothetical protein	CP023878.1:c38059-37862	HOHKPJMK_00051

DiscRep_SUB:FEATURE_LOCATION_CONFLICT::Coding region xref gene does not exist
plasmid_files_fasta/CP023878.1_results/PROKKA_10092018:CDS	hypothetical protein	CP023878.1:38423-38782	HOHKPJMK_00052

DiscRep_SUB:FEATURE_LOCATION_CONFLICT::Coding region xref gene does not exist
plasmid_files_fasta/CP023878.1_results/PROKKA_10092018:CDS	hypothetical protein	CP023878.1:c40471-38807	HOHKPJMK_00053

DiscRep_SUB:FEATURE_LOCATION_CONFLICT::Coding region xref gene does not exist
plasmid_files_fasta/CP023878.1_results/PROKKA_10092018:CDS	Serine recombinase PinR	CP023878.1:c41251-40646	HOHKPJMK_00054

DiscRep_SUB:FEATURE_LOCATION_CONFLICT::Coding region xref gene does not exist
plasmid_files_fasta/CP023878.1_results/PROKKA_10092018:CDS	hypothetical protein	CP023878.1:41346-44243	HOHKPJMK_00055

DiscRep_SUB:FEATURE_LOCATION_CONFLICT::Coding region xref gene does not exist
plasmid_files_fasta/CP023878.1_results/PROKKA_10092018:CDS	hypothetical protein	CP023878.1:c44623-44240	HOHKPJMK_00056

DiscRep_SUB:FEATURE_LOCATION_CONFLICT::Coding region xref gene does not exist
plasmid_files_fasta/CP023878.1_results/PROKKA_10092018:CDS	hypothetical protein	CP023878.1:44942-46261	HOHKPJMK_00057

DiscRep_SUB:FEATURE_LOCATION_CONFLICT::Coding region xref gene does not exist
plasmid_files_fasta/CP023878.1_results/PROKKA_10092018:CDS	Carbapenem-hydrolyzing beta-lactamase KPC	CP023878.1:c47392-46511	HOHKPJMK_00058

DiscRep_SUB:FEATURE_LOCATION_CONFLICT::Coding region xref gene does not exist
plasmid_files_fasta/CP023878.1_results/PROKKA_10092018:CDS	hypothetical protein	CP023878.1:c47782-47444	HOHKPJMK_00059

DiscRep_SUB:FEATURE_LOCATION_CONFLICT::Coding region xref gene does not exist
plasmid_files_fasta/CP023878.1_results/PROKKA_10092018:CDS	Insertion sequence IS5376 putative ATP-binding protein	CP023878.1:c48558-47779	HOHKPJMK_00060

DiscRep_SUB:FEATURE_LOCATION_CONFLICT::Coding region xref gene does not exist
plasmid_files_fasta/CP023878.1_results/PROKKA_10092018:CDS	hypothetical protein	CP023878.1:c49580-48555	HOHKPJMK_00061

DiscRep_SUB:FEATURE_LOCATION_CONFLICT::Coding region xref gene does not exist
plasmid_files_fasta/CP023878.1_results/PROKKA_10092018:CDS	hypothetical protein	CP023878.1:c52716-49687	HOHKPJMK_00062

DiscRep_SUB:FEATURE_LOCATION_CONFLICT::Coding region xref gene does not exist
plasmid_files_fasta/CP023878.1_results/PROKKA_10092018:CDS	Tyrosine recombinase XerD	CP023878.1:52826-54541	HOHKPJMK_00063

DiscRep_SUB:FEATURE_LOCATION_CONFLICT::Coding region xref gene does not exist
plasmid_files_fasta/CP023878.1_results/PROKKA_10092018:CDS	hypothetical protein	CP023878.1:c55492-54584	HOHKPJMK_00064

DiscRep_SUB:FEATURE_LOCATION_CONFLICT::Coding region xref gene does not exist
plasmid_files_fasta/CP023878.1_results/PROKKA_10092018:CDS	Transposon Tn3 resolvase	CP023878.1:55656-56213	HOHKPJMK_00065

DiscRep_SUB:FEATURE_LOCATION_CONFLICT::Coding region xref gene does not exist
plasmid_files_fasta/CP023878.1_results/PROKKA_10092018:CDS	Aminoglycoside N(6')-acetyltransferase type 1	CP023878.1:56396-57001	HOHKPJMK_00066

DiscRep_SUB:FEATURE_LOCATION_CONFLICT::Coding region xref gene does not exist
plasmid_files_fasta/CP023878.1_results/PROKKA_10092018:CDS	Streptomycin 3''-adenylyltransferase	CP023878.1:57083-57859	HOHKPJMK_00067

DiscRep_SUB:FEATURE_LOCATION_CONFLICT::Coding region xref gene does not exist
plasmid_files_fasta/CP023878.1_results/PROKKA_10092018:CDS	Beta-lactamase OXA-18	CP023878.1:57919-58743	HOHKPJMK_00068

DiscRep_SUB:FEATURE_LOCATION_CONFLICT::Coding region xref gene does not exist
plasmid_files_fasta/CP023878.1_results/PROKKA_10092018:CDS	Transposon Tn3 resolvase	CP023878.1:59009-59260	HOHKPJMK_00069

DiscRep_SUB:FEATURE_LOCATION_CONFLICT::Coding region xref gene does not exist
plasmid_files_fasta/CP023878.1_results/PROKKA_10092018:CDS	Beta-lactamase TEM	CP023878.1:59443-60303	HOHKPJMK_00070

DiscRep_SUB:FEATURE_LOCATION_CONFLICT::Coding region xref gene does not exist
plasmid_files_fasta/CP023878.1_results/PROKKA_10092018:CDS	hypothetical protein	CP023878.1:60504-63098	HOHKPJMK_00071

DiscRep_SUB:FEATURE_LOCATION_CONFLICT::Coding region xref gene does not exist
plasmid_files_fasta/CP023878.1_results/PROKKA_10092018:CDS	hypothetical protein	CP023878.1:c63779-63447	HOHKPJMK_00072

DiscRep_SUB:FEATURE_LOCATION_CONFLICT::Coding region xref gene does not exist
plasmid_files_fasta/CP023878.1_results/PROKKA_10092018:CDS	hypothetical protein	CP023878.1:64143-64340	HOHKPJMK_00073

DiscRep_SUB:FEATURE_LOCATION_CONFLICT::Coding region xref gene does not exist
plasmid_files_fasta/CP023878.1_results/PROKKA_10092018:CDS	hypothetical protein	CP023878.1:64387-64764	HOHKPJMK_00074

DiscRep_SUB:FEATURE_LOCATION_CONFLICT::Coding region xref gene does not exist
plasmid_files_fasta/CP023878.1_results/PROKKA_10092018:CDS	hypothetical protein	CP023878.1:64761-65090	HOHKPJMK_00075

DiscRep_SUB:FEATURE_LOCATION_CONFLICT::Coding region xref gene does not exist
plasmid_files_fasta/CP023878.1_results/PROKKA_10092018:CDS	Pentapeptide repeat protein	CP023878.1:65595-66251	HOHKPJMK_00076

DiscRep_SUB:FEATURE_LOCATION_CONFLICT::Coding region xref gene does not exist
plasmid_files_fasta/CP023878.1_results/PROKKA_10092018:CDS	DNA-invertase hin	CP023878.1:c67184-66570	HOHKPJMK_00077

DiscRep_SUB:FEATURE_LOCATION_CONFLICT::Coding region xref gene does not exist
plasmid_files_fasta/CP023878.1_results/PROKKA_10092018:CDS	hypothetical protein	CP023878.1:67346-67603	HOHKPJMK_00078

DiscRep_SUB:FEATURE_LOCATION_CONFLICT::Coding region xref gene does not exist
plasmid_files_fasta/CP023878.1_results/PROKKA_10092018:CDS	hypothetical protein	CP023878.1:67664-68209	HOHKPJMK_00079

DiscRep_SUB:FEATURE_LOCATION_CONFLICT::Coding region xref gene does not exist
plasmid_files_fasta/CP023878.1_results/PROKKA_10092018:CDS	DNA-invertase hin	CP023878.1:68346-68918	HOHKPJMK_00080

DiscRep_SUB:FEATURE_LOCATION_CONFLICT::Coding region xref gene does not exist
plasmid_files_fasta/CP023878.1_results/PROKKA_10092018:CDS	hypothetical protein	CP023878.1:68955-70346	HOHKPJMK_00081

DiscRep_SUB:FEATURE_LOCATION_CONFLICT::Coding region xref gene does not exist
plasmid_files_fasta/CP023878.1_results/PROKKA_10092018:CDS	Putative transposon Tn552 DNA-invertase bin3	CP023878.1:70590-71225	HOHKPJMK_00082

DiscRep_SUB:FEATURE_LOCATION_CONFLICT::Coding region xref gene does not exist
plasmid_files_fasta/CP023878.1_results/PROKKA_10092018:CDS	S-formylglutathione hydrolase FrmB	CP023878.1:c72104-71253	HOHKPJMK_00083

DiscRep_SUB:FEATURE_LOCATION_CONFLICT::Coding region xref gene does not exist
plasmid_files_fasta/CP023878.1_results/PROKKA_10092018:CDS	hypothetical protein	CP023878.1:c72553-72155	HOHKPJMK_00084

DiscRep_SUB:FEATURE_LOCATION_CONFLICT::Coding region xref gene does not exist
plasmid_files_fasta/CP023878.1_results/PROKKA_10092018:CDS	S-(hydroxymethyl)glutathione dehydrogenase	CP023878.1:c73704-72595	HOHKPJMK_00085

DiscRep_SUB:FEATURE_LOCATION_CONFLICT::Coding region xref gene does not exist
plasmid_files_fasta/CP023878.1_results/PROKKA_10092018:CDS	Transcriptional repressor FrmR	CP023878.1:c74010-73735	HOHKPJMK_00086

DiscRep_SUB:FEATURE_LOCATION_CONFLICT::Coding region xref gene does not exist
plasmid_files_fasta/CP023878.1_results/PROKKA_10092018:CDS	hypothetical protein	CP023878.1:c74104-73994	HOHKPJMK_00087

DiscRep_SUB:FEATURE_LOCATION_CONFLICT::Coding region xref gene does not exist
plasmid_files_fasta/CP023878.1_results/PROKKA_10092018:CDS	hypothetical protein	CP023878.1:c74253-74137	HOHKPJMK_00088

DiscRep_SUB:FEATURE_LOCATION_CONFLICT::Coding region xref gene does not exist
plasmid_files_fasta/CP023878.1_results/PROKKA_10092018:CDS	Phospholipase D	CP023878.1:c74699-74253	HOHKPJMK_00089

DiscRep_SUB:FEATURE_LOCATION_CONFLICT::Coding region xref gene does not exist
plasmid_files_fasta/CP023878.1_results/PROKKA_10092018:CDS	Type IV secretion system protein VirB11	CP023878.1:c75694-74699	HOHKPJMK_00090

DiscRep_SUB:FEATURE_LOCATION_CONFLICT::Coding region xref gene does not exist
plasmid_files_fasta/CP023878.1_results/PROKKA_10092018:CDS	Protein virB10	CP023878.1:c76896-75736	HOHKPJMK_00091

DiscRep_SUB:FEATURE_LOCATION_CONFLICT::Coding region xref gene does not exist
plasmid_files_fasta/CP023878.1_results/PROKKA_10092018:CDS	Type IV secretion system protein virB9	CP023878.1:c77780-76896	HOHKPJMK_00092

DiscRep_SUB:FEATURE_LOCATION_CONFLICT::Coding region xref gene does not exist
plasmid_files_fasta/CP023878.1_results/PROKKA_10092018:CDS	Type IV secretion system protein virB8	CP023878.1:c78489-77791	HOHKPJMK_00093

DiscRep_SUB:FEATURE_LOCATION_CONFLICT::Coding region xref gene does not exist
plasmid_files_fasta/CP023878.1_results/PROKKA_10092018:CDS	Type IV secretion system protein VirB6	CP023878.1:c79748-78708	HOHKPJMK_00094

DiscRep_SUB:FEATURE_LOCATION_CONFLICT::Coding region xref gene does not exist
plasmid_files_fasta/CP023878.1_results/PROKKA_10092018:CDS	hypothetical protein	CP023878.1:c79991-79764	HOHKPJMK_00095

DiscRep_SUB:FEATURE_LOCATION_CONFLICT::Coding region xref gene does not exist
plasmid_files_fasta/CP023878.1_results/PROKKA_10092018:CDS	Type IV secretion system protein virB5	CP023878.1:c80712-79999	HOHKPJMK_00096

DiscRep_SUB:FEATURE_LOCATION_CONFLICT::Coding region xref gene does not exist
plasmid_files_fasta/CP023878.1_results/PROKKA_10092018:CDS	Type IV secretion system protein virB4	CP023878.1:c83330-80730	HOHKPJMK_00097

DiscRep_SUB:FEATURE_LOCATION_CONFLICT::Coding region xref gene does not exist
plasmid_files_fasta/CP023878.1_results/PROKKA_10092018:CDS	hypothetical protein	CP023878.1:c83647-83330	HOHKPJMK_00098

DiscRep_SUB:FEATURE_LOCATION_CONFLICT::Coding region xref gene does not exist
plasmid_files_fasta/CP023878.1_results/PROKKA_10092018:CDS	hypothetical protein	CP023878.1:c83990-83697	HOHKPJMK_00099

DiscRep_SUB:FEATURE_LOCATION_CONFLICT::Coding region xref gene does not exist
plasmid_files_fasta/CP023878.1_results/PROKKA_10092018:CDS	hypothetical protein	CP023878.1:c84281-84000	HOHKPJMK_00100

DiscRep_SUB:FEATURE_LOCATION_CONFLICT::Coding region xref gene does not exist
plasmid_files_fasta/CP023878.1_results/PROKKA_10092018:CDS	Type IV secretion system protein virB1	CP023878.1:c85024-84290	HOHKPJMK_00101

DiscRep_SUB:FEATURE_LOCATION_CONFLICT::Coding region xref gene does not exist
plasmid_files_fasta/CP023878.1_results/PROKKA_10092018:CDS	Trans-acting regulatory protein HvrA	CP023878.1:85133-85438	HOHKPJMK_00102

DiscRep_SUB:FEATURE_LOCATION_CONFLICT::Coding region xref gene does not exist
plasmid_files_fasta/CP023878.1_results/PROKKA_10092018:CDS	hypothetical protein	CP023878.1:85454-85798	HOHKPJMK_00103

DiscRep_SUB:FEATURE_LOCATION_CONFLICT::Coding region xref gene does not exist
plasmid_files_fasta/CP023878.1_results/PROKKA_10092018:CDS	hypothetical protein	CP023878.1:85795-86109	HOHKPJMK_00104

DiscRep_SUB:FEATURE_LOCATION_CONFLICT::Coding region xref gene does not exist
plasmid_files_fasta/CP023878.1_results/PROKKA_10092018:CDS	hypothetical protein	CP023878.1:86145-86456	HOHKPJMK_00105

DiscRep_SUB:FEATURE_LOCATION_CONFLICT::Coding region xref gene does not exist
plasmid_files_fasta/CP023878.1_results/PROKKA_10092018:CDS	hypothetical protein	CP023878.1:86506-87153	HOHKPJMK_00106

DiscRep_SUB:FEATURE_LOCATION_CONFLICT::Coding region xref gene does not exist
plasmid_files_fasta/CP023878.1_results/PROKKA_10092018:CDS	hypothetical protein	CP023878.1:87158-87364	HOHKPJMK_00107

DiscRep_SUB:FEATURE_LOCATION_CONFLICT::Coding region xref gene does not exist
plasmid_files_fasta/CP023878.1_results/PROKKA_10092018:CDS	hypothetical protein	CP023878.1:c87641-87375	HOHKPJMK_00108

DiscRep_SUB:FEATURE_LOCATION_CONFLICT::Coding region xref gene does not exist
plasmid_files_fasta/CP023878.1_results/PROKKA_10092018:CDS	DNA-cytosine methyltransferase	CP023878.1:87746-89179	HOHKPJMK_00109

DiscRep_SUB:FEATURE_LOCATION_CONFLICT::Coding region xref gene does not exist
plasmid_files_fasta/CP023878.1_results/PROKKA_10092018:CDS	Type-2 restriction enzyme EcoRII	CP023878.1:c90427-89213	HOHKPJMK_00110

DiscRep_SUB:FEATURE_LOCATION_CONFLICT::Coding region xref gene does not exist
plasmid_files_fasta/CP023878.1_results/PROKKA_10092018:CDS	hypothetical protein	CP023878.1:c91452-90688	HOHKPJMK_00111

DiscRep_SUB:FEATURE_LOCATION_CONFLICT::Coding region xref gene does not exist
plasmid_files_fasta/CP023878.1_results/PROKKA_10092018:CDS	hypothetical protein	CP023878.1:c91861-91595	HOHKPJMK_00112

DiscRep_SUB:FEATURE_LOCATION_CONFLICT::Coding region xref gene does not exist
plasmid_files_fasta/CP023878.1_results/PROKKA_10092018:CDS	Dihydrofolate reductase type 1	CP023878.1:c92555-92082	HOHKPJMK_00113

DiscRep_SUB:FEATURE_LOCATION_CONFLICT::Coding region xref gene does not exist
plasmid_files_fasta/CP023878.1_results/PROKKA_10092018:CDS	Tyrosine recombinase XerD	CP023878.1:92711-93724	HOHKPJMK_00114

DiscRep_SUB:FEATURE_LOCATION_CONFLICT::Coding region xref gene does not exist
plasmid_files_fasta/CP023878.1_results/PROKKA_10092018:CDS	DNA-invertase hin	CP023878.1:94117-94686	HOHKPJMK_00115

DiscRep_SUB:FEATURE_LOCATION_CONFLICT::Coding region xref gene does not exist
plasmid_files_fasta/CP023878.1_results/PROKKA_10092018:CDS	hypothetical protein	CP023878.1:94683-94835	HOHKPJMK_00116

DiscRep_SUB:FEATURE_LOCATION_CONFLICT::Coding region xref gene does not exist
plasmid_files_fasta/CP023878.1_results/PROKKA_10092018:CDS	hypothetical protein	CP023878.1:95070-96560	HOHKPJMK_00117

DiscRep_SUB:FEATURE_LOCATION_CONFLICT::Coding region xref gene does not exist
plasmid_files_fasta/CP023878.1_results/PROKKA_10092018:CDS	Replication initiation protein	CP023878.1:c97322-96603	HOHKPJMK_00118

DiscRep_SUB:FEATURE_LOCATION_CONFLICT::Coding region xref gene does not exist
plasmid_files_fasta/CP023878.1_results/PROKKA_10092018:CDS	hypothetical protein	CP023878.1:97880-98317	HOHKPJMK_00119

DiscRep_SUB:FEATURE_LOCATION_CONFLICT::Coding region xref gene does not exist
plasmid_files_fasta/CP023878.1_results/PROKKA_10092018:CDS	hypothetical protein	CP023878.1:c98924-98235	HOHKPJMK_00120

DiscRep_SUB:FEATURE_LOCATION_CONFLICT::Coding region xref gene does not exist
plasmid_files_fasta/CP023878.1_results/PROKKA_10092018:CDS	Protein UmuC	CP023878.1:c99957-99097	HOHKPJMK_00121

DiscRep_SUB:FEATURE_LOCATION_CONFLICT::Coding region xref gene does not exist
plasmid_files_fasta/CP023878.1_results/PROKKA_10092018:CDS	Protein UmuC	CP023878.1:c100202-99927	HOHKPJMK_00122

DiscRep_SUB:FEATURE_LOCATION_CONFLICT::Coding region xref gene does not exist
plasmid_files_fasta/CP023878.1_results/PROKKA_10092018:CDS	Protein UmuC	CP023878.1:c100438-100178	HOHKPJMK_00123

DiscRep_SUB:FEATURE_LOCATION_CONFLICT::Coding region xref gene does not exist
plasmid_files_fasta/CP023878.1_results/PROKKA_10092018:CDS	Protein UmuD	CP023878.1:c100680-100426	HOHKPJMK_00124

DiscRep_SUB:FEATURE_LOCATION_CONFLICT::Coding region xref gene does not exist
plasmid_files_fasta/CP023878.1_results/PROKKA_10092018:CDS	hypothetical protein	CP023878.1:101280-101537	HOHKPJMK_00125

DiscRep_SUB:FEATURE_LOCATION_CONFLICT::Coding region xref gene does not exist
plasmid_files_fasta/CP023878.1_results/PROKKA_10092018:CDS	hypothetical protein	CP023878.1:101761-102165	HOHKPJMK_00126

DiscRep_SUB:FEATURE_LOCATION_CONFLICT::Coding region xref gene does not exist
plasmid_files_fasta/CP023878.1_results/PROKKA_10092018:CDS	hypothetical protein	CP023878.1:102175-102414	HOHKPJMK_00127

DiscRep_SUB:FEATURE_LOCATION_CONFLICT::Coding region xref gene does not exist
plasmid_files_fasta/CP023878.1_results/PROKKA_10092018:CDS	hypothetical protein	CP023878.1:102485-102838	HOHKPJMK_00128

DiscRep_SUB:FEATURE_LOCATION_CONFLICT::Coding region xref gene does not exist
plasmid_files_fasta/CP023878.1_results/PROKKA_10092018:CDS	hypothetical protein	CP023878.1:c103347-103045	HOHKPJMK_00129

DiscRep_SUB:FEATURE_LOCATION_CONFLICT::Coding region xref gene does not exist
plasmid_files_fasta/CP023878.1_results/PROKKA_10092018:CDS	hypothetical protein	CP023878.1:c103967-103866	HOHKPJMK_00130

DiscRep_SUB:FEATURE_LOCATION_CONFLICT::Coding region xref gene does not exist
plasmid_files_fasta/CP023878.1_results/PROKKA_10092018:CDS	hypothetical protein	CP023878.1:105072-105329	HOHKPJMK_00131

DiscRep_SUB:FEATURE_LOCATION_CONFLICT::Coding region xref gene does not exist
plasmid_files_fasta/CP023878.1_results/PROKKA_10092018:CDS	hypothetical protein	CP023878.1:106288-106581	HOHKPJMK_00132

DiscRep_SUB:FEATURE_LOCATION_CONFLICT::Coding region xref gene does not exist
plasmid_files_fasta/CP023878.1_results/PROKKA_10092018:CDS	hypothetical protein	CP023878.1:c108144-107911	HOHKPJMK_00133

DiscRep_ALL:OVERLAPPING_CDS::3 coding regions overlap another coding region with a similar or identical name.
DiscRep_SUB:OVERLAPPING_CDS::3 coding regions overlap another coding region with a similar or identical name that do not have the appropriate note text
plasmid_files_fasta/CP023878.1_results/PROKKA_10092018:CDS	Protein UmuC	CP023878.1:c99957-99097	HOHKPJMK_00121
plasmid_files_fasta/CP023878.1_results/PROKKA_10092018:CDS	Protein UmuC	CP023878.1:c100202-99927	HOHKPJMK_00122
plasmid_files_fasta/CP023878.1_results/PROKKA_10092018:CDS	Protein UmuC	CP023878.1:c100438-100178	HOHKPJMK_00123

DiscRep_ALL:SUSPECT_PRODUCT_NAMES::1 product_names contain suspect phrase or characters
DiscRep_SUB:SUSPECT_PRODUCT_NAMES::May contain database identifier more appropriate in note; remove from product name
DiscRep_SUB:SUSPECT_PRODUCT_NAMES::1 features Three or more numbers together
plasmid_files_fasta/CP023878.1_results/PROKKA_10092018:CDS	Putative transposon Tn552 DNA-invertase bin3	CP023878.1:70590-71225	HOHKPJMK_00082

DiscRep_ALL:DISC_QUALITY_SCORES::Quality scores are missing on all sequences.

DiscRep_ALL:ONCALLER_COMMENT_PRESENT::1 comment descriptors were found (all same)
plasmid_files_fasta/CP023878.1_results/PROKKA_10092018:CP023878.1:Annotated using prokka 1.14-dev from https://github.com/tseemann/prokka

DiscRep_ALL:SHORT_PROT_SEQUENCES::3 protein sequences are shorter than 50 aa.
plasmid_files_fasta/CP023878.1_results/PROKKA_10092018:CP023878.1_87 (length 36)
plasmid_files_fasta/CP023878.1_results/PROKKA_10092018:CP023878.1_88 (length 38)
plasmid_files_fasta/CP023878.1_results/PROKKA_10092018:CP023878.1_130 (length 33)

DiscRep_ALL:MISSING_GENOMEASSEMBLY_COMMENTS::1 bioseqs are missing GenomeAssembly structured comments
plasmid_files_fasta/CP023878.1_results/PROKKA_10092018:CP023878.1 (length 108606)

DiscRep_ALL:MOLTYPE_NOT_MRNA::1 molecule types are not set as mRNA.
plasmid_files_fasta/CP023878.1_results/PROKKA_10092018:CP023878.1 (length 108606)

DiscRep_ALL:TECHNIQUE_NOT_TSA::1 technique are not set as TSA
plasmid_files_fasta/CP023878.1_results/PROKKA_10092018:CP023878.1 (length 108606)

DiscRep_ALL:MISSING_STRUCTURED_COMMENT::1 sequences do not include structured comments.
plasmid_files_fasta/CP023878.1_results/PROKKA_10092018:CP023878.1 (length 108606)

DiscRep_ALL:MISSING_PROJECT::134 sequences do not include project.
plasmid_files_fasta/CP023878.1_results/PROKKA_10092018:CP023878.1 (length 108606)
plasmid_files_fasta/CP023878.1_results/PROKKA_10092018:CP023878.1_1 (length 337)
plasmid_files_fasta/CP023878.1_results/PROKKA_10092018:CP023878.1_2 (length 189)
plasmid_files_fasta/CP023878.1_results/PROKKA_10092018:CP023878.1_3 (length 50)
plasmid_files_fasta/CP023878.1_results/PROKKA_10092018:CP023878.1_4 (length 80)
plasmid_files_fasta/CP023878.1_results/PROKKA_10092018:CP023878.1_5 (length 509)
plasmid_files_fasta/CP023878.1_results/PROKKA_10092018:CP023878.1_6 (length 239)
plasmid_files_fasta/CP023878.1_results/PROKKA_10092018:CP023878.1_7 (length 113)
plasmid_files_fasta/CP023878.1_results/PROKKA_10092018:CP023878.1_8 (length 263)
plasmid_files_fasta/CP023878.1_results/PROKKA_10092018:CP023878.1_9 (length 421)
plasmid_files_fasta/CP023878.1_results/PROKKA_10092018:CP023878.1_10 (length 146)
plasmid_files_fasta/CP023878.1_results/PROKKA_10092018:CP023878.1_11 (length 141)
plasmid_files_fasta/CP023878.1_results/PROKKA_10092018:CP023878.1_12 (length 134)
plasmid_files_fasta/CP023878.1_results/PROKKA_10092018:CP023878.1_13 (length 79)
plasmid_files_fasta/CP023878.1_results/PROKKA_10092018:CP023878.1_14 (length 51)
plasmid_files_fasta/CP023878.1_results/PROKKA_10092018:CP023878.1_15 (length 181)
plasmid_files_fasta/CP023878.1_results/PROKKA_10092018:CP023878.1_16 (length 98)
plasmid_files_fasta/CP023878.1_results/PROKKA_10092018:CP023878.1_17 (length 119)
plasmid_files_fasta/CP023878.1_results/PROKKA_10092018:CP023878.1_18 (length 94)
plasmid_files_fasta/CP023878.1_results/PROKKA_10092018:CP023878.1_19 (length 110)
plasmid_files_fasta/CP023878.1_results/PROKKA_10092018:CP023878.1_20 (length 79)
plasmid_files_fasta/CP023878.1_results/PROKKA_10092018:CP023878.1_21 (length 85)
plasmid_files_fasta/CP023878.1_results/PROKKA_10092018:CP023878.1_22 (length 124)
plasmid_files_fasta/CP023878.1_results/PROKKA_10092018:CP023878.1_23 (length 169)
plasmid_files_fasta/CP023878.1_results/PROKKA_10092018:CP023878.1_24 (length 124)
plasmid_files_fasta/CP023878.1_results/PROKKA_10092018:CP023878.1_25 (length 59)
plasmid_files_fasta/CP023878.1_results/PROKKA_10092018:CP023878.1_26 (length 106)
plasmid_files_fasta/CP023878.1_results/PROKKA_10092018:CP023878.1_27 (length 114)
plasmid_files_fasta/CP023878.1_results/PROKKA_10092018:CP023878.1_28 (length 122)
plasmid_files_fasta/CP023878.1_results/PROKKA_10092018:CP023878.1_29 (length 238)
plasmid_files_fasta/CP023878.1_results/PROKKA_10092018:CP023878.1_30 (length 139)
plasmid_files_fasta/CP023878.1_results/PROKKA_10092018:CP023878.1_31 (length 138)
plasmid_files_fasta/CP023878.1_results/PROKKA_10092018:CP023878.1_32 (length 509)
plasmid_files_fasta/CP023878.1_results/PROKKA_10092018:CP023878.1_33 (length 1078)
plasmid_files_fasta/CP023878.1_results/PROKKA_10092018:CP023878.1_34 (length 121)
plasmid_files_fasta/CP023878.1_results/PROKKA_10092018:CP023878.1_35 (length 105)
plasmid_files_fasta/CP023878.1_results/PROKKA_10092018:CP023878.1_36 (length 234)
plasmid_files_fasta/CP023878.1_results/PROKKA_10092018:CP023878.1_37 (length 592)
plasmid_files_fasta/CP023878.1_results/PROKKA_10092018:CP023878.1_38 (length 334)
plasmid_files_fasta/CP023878.1_results/PROKKA_10092018:CP023878.1_39 (length 58)
plasmid_files_fasta/CP023878.1_results/PROKKA_10092018:CP023878.1_40 (length 271)
plasmid_files_fasta/CP023878.1_results/PROKKA_10092018:CP023878.1_41 (length 267)
plasmid_files_fasta/CP023878.1_results/PROKKA_10092018:CP023878.1_42 (length 278)
plasmid_files_fasta/CP023878.1_results/PROKKA_10092018:CP023878.1_43 (length 179)
plasmid_files_fasta/CP023878.1_results/PROKKA_10092018:CP023878.1_44 (length 463)
plasmid_files_fasta/CP023878.1_results/PROKKA_10092018:CP023878.1_45 (length 190)
plasmid_files_fasta/CP023878.1_results/PROKKA_10092018:CP023878.1_46 (length 181)
plasmid_files_fasta/CP023878.1_results/PROKKA_10092018:CP023878.1_47 (length 85)
plasmid_files_fasta/CP023878.1_results/PROKKA_10092018:CP023878.1_48 (length 204)
plasmid_files_fasta/CP023878.1_results/PROKKA_10092018:CP023878.1_49 (length 218)
plasmid_files_fasta/CP023878.1_results/PROKKA_10092018:CP023878.1_50 (length 234)
plasmid_files_fasta/CP023878.1_results/PROKKA_10092018:CP023878.1_51 (length 65)
plasmid_files_fasta/CP023878.1_results/PROKKA_10092018:CP023878.1_52 (length 119)
plasmid_files_fasta/CP023878.1_results/PROKKA_10092018:CP023878.1_53 (length 554)
plasmid_files_fasta/CP023878.1_results/PROKKA_10092018:CP023878.1_54 (length 201)
plasmid_files_fasta/CP023878.1_results/PROKKA_10092018:CP023878.1_55 (length 965)
plasmid_files_fasta/CP023878.1_results/PROKKA_10092018:CP023878.1_56 (length 127)
plasmid_files_fasta/CP023878.1_results/PROKKA_10092018:CP023878.1_57 (length 439)
plasmid_files_fasta/CP023878.1_results/PROKKA_10092018:CP023878.1_58 (length 293)
plasmid_files_fasta/CP023878.1_results/PROKKA_10092018:CP023878.1_59 (length 112)
plasmid_files_fasta/CP023878.1_results/PROKKA_10092018:CP023878.1_60 (length 259)
plasmid_files_fasta/CP023878.1_results/PROKKA_10092018:CP023878.1_61 (length 341)
plasmid_files_fasta/CP023878.1_results/PROKKA_10092018:CP023878.1_62 (length 1009)
plasmid_files_fasta/CP023878.1_results/PROKKA_10092018:CP023878.1_63 (length 571)
plasmid_files_fasta/CP023878.1_results/PROKKA_10092018:CP023878.1_64 (length 302)
plasmid_files_fasta/CP023878.1_results/PROKKA_10092018:CP023878.1_65 (length 185)
plasmid_files_fasta/CP023878.1_results/PROKKA_10092018:CP023878.1_66 (length 201)
plasmid_files_fasta/CP023878.1_results/PROKKA_10092018:CP023878.1_67 (length 258)
plasmid_files_fasta/CP023878.1_results/PROKKA_10092018:CP023878.1_68 (length 274)
plasmid_files_fasta/CP023878.1_results/PROKKA_10092018:CP023878.1_69 (length 83)
plasmid_files_fasta/CP023878.1_results/PROKKA_10092018:CP023878.1_70 (length 286)
plasmid_files_fasta/CP023878.1_results/PROKKA_10092018:CP023878.1_71 (length 864)
plasmid_files_fasta/CP023878.1_results/PROKKA_10092018:CP023878.1_72 (length 110)
plasmid_files_fasta/CP023878.1_results/PROKKA_10092018:CP023878.1_73 (length 65)
plasmid_files_fasta/CP023878.1_results/PROKKA_10092018:CP023878.1_74 (length 125)
plasmid_files_fasta/CP023878.1_results/PROKKA_10092018:CP023878.1_75 (length 109)
plasmid_files_fasta/CP023878.1_results/PROKKA_10092018:CP023878.1_76 (length 218)
plasmid_files_fasta/CP023878.1_results/PROKKA_10092018:CP023878.1_77 (length 204)
plasmid_files_fasta/CP023878.1_results/PROKKA_10092018:CP023878.1_78 (length 85)
plasmid_files_fasta/CP023878.1_results/PROKKA_10092018:CP023878.1_79 (length 181)
plasmid_files_fasta/CP023878.1_results/PROKKA_10092018:CP023878.1_80 (length 190)
plasmid_files_fasta/CP023878.1_results/PROKKA_10092018:CP023878.1_81 (length 463)
plasmid_files_fasta/CP023878.1_results/PROKKA_10092018:CP023878.1_82 (length 211)
plasmid_files_fasta/CP023878.1_results/PROKKA_10092018:CP023878.1_83 (length 283)
plasmid_files_fasta/CP023878.1_results/PROKKA_10092018:CP023878.1_84 (length 132)
plasmid_files_fasta/CP023878.1_results/PROKKA_10092018:CP023878.1_85 (length 369)
plasmid_files_fasta/CP023878.1_results/PROKKA_10092018:CP023878.1_86 (length 91)
plasmid_files_fasta/CP023878.1_results/PROKKA_10092018:CP023878.1_87 (length 36)
plasmid_files_fasta/CP023878.1_results/PROKKA_10092018:CP023878.1_88 (length 38)
plasmid_files_fasta/CP023878.1_results/PROKKA_10092018:CP023878.1_89 (length 148)
plasmid_files_fasta/CP023878.1_results/PROKKA_10092018:CP023878.1_90 (length 331)
plasmid_files_fasta/CP023878.1_results/PROKKA_10092018:CP023878.1_91 (length 386)
plasmid_files_fasta/CP023878.1_results/PROKKA_10092018:CP023878.1_92 (length 294)
plasmid_files_fasta/CP023878.1_results/PROKKA_10092018:CP023878.1_93 (length 232)
plasmid_files_fasta/CP023878.1_results/PROKKA_10092018:CP023878.1_94 (length 346)
plasmid_files_fasta/CP023878.1_results/PROKKA_10092018:CP023878.1_95 (length 75)
plasmid_files_fasta/CP023878.1_results/PROKKA_10092018:CP023878.1_96 (length 237)
plasmid_files_fasta/CP023878.1_results/PROKKA_10092018:CP023878.1_97 (length 866)
plasmid_files_fasta/CP023878.1_results/PROKKA_10092018:CP023878.1_98 (length 105)
plasmid_files_fasta/CP023878.1_results/PROKKA_10092018:CP023878.1_99 (length 97)
plasmid_files_fasta/CP023878.1_results/PROKKA_10092018:CP023878.1_100 (length 93)
plasmid_files_fasta/CP023878.1_results/PROKKA_10092018:CP023878.1_101 (length 244)
plasmid_files_fasta/CP023878.1_results/PROKKA_10092018:CP023878.1_102 (length 101)
plasmid_files_fasta/CP023878.1_results/PROKKA_10092018:CP023878.1_103 (length 114)
plasmid_files_fasta/CP023878.1_results/PROKKA_10092018:CP023878.1_104 (length 104)
plasmid_files_fasta/CP023878.1_results/PROKKA_10092018:CP023878.1_105 (length 103)
plasmid_files_fasta/CP023878.1_results/PROKKA_10092018:CP023878.1_106 (length 215)
plasmid_files_fasta/CP023878.1_results/PROKKA_10092018:CP023878.1_107 (length 68)
plasmid_files_fasta/CP023878.1_results/PROKKA_10092018:CP023878.1_108 (length 88)
plasmid_files_fasta/CP023878.1_results/PROKKA_10092018:CP023878.1_109 (length 477)
plasmid_files_fasta/CP023878.1_results/PROKKA_10092018:CP023878.1_110 (length 404)
plasmid_files_fasta/CP023878.1_results/PROKKA_10092018:CP023878.1_111 (length 254)
plasmid_files_fasta/CP023878.1_results/PROKKA_10092018:CP023878.1_112 (length 88)
plasmid_files_fasta/CP023878.1_results/PROKKA_10092018:CP023878.1_113 (length 157)
plasmid_files_fasta/CP023878.1_results/PROKKA_10092018:CP023878.1_114 (length 337)
plasmid_files_fasta/CP023878.1_results/PROKKA_10092018:CP023878.1_115 (length 189)
plasmid_files_fasta/CP023878.1_results/PROKKA_10092018:CP023878.1_116 (length 50)
plasmid_files_fasta/CP023878.1_results/PROKKA_10092018:CP023878.1_117 (length 496)
plasmid_files_fasta/CP023878.1_results/PROKKA_10092018:CP023878.1_118 (length 239)
plasmid_files_fasta/CP023878.1_results/PROKKA_10092018:CP023878.1_119 (length 145)
plasmid_files_fasta/CP023878.1_results/PROKKA_10092018:CP023878.1_120 (length 229)
plasmid_files_fasta/CP023878.1_results/PROKKA_10092018:CP023878.1_121 (length 286)
plasmid_files_fasta/CP023878.1_results/PROKKA_10092018:CP023878.1_122 (length 91)
plasmid_files_fasta/CP023878.1_results/PROKKA_10092018:CP023878.1_123 (length 86)
plasmid_files_fasta/CP023878.1_results/PROKKA_10092018:CP023878.1_124 (length 84)
plasmid_files_fasta/CP023878.1_results/PROKKA_10092018:CP023878.1_125 (length 85)
plasmid_files_fasta/CP023878.1_results/PROKKA_10092018:CP023878.1_126 (length 134)
plasmid_files_fasta/CP023878.1_results/PROKKA_10092018:CP023878.1_127 (length 79)
plasmid_files_fasta/CP023878.1_results/PROKKA_10092018:CP023878.1_128 (length 117)
plasmid_files_fasta/CP023878.1_results/PROKKA_10092018:CP023878.1_129 (length 100)
plasmid_files_fasta/CP023878.1_results/PROKKA_10092018:CP023878.1_130 (length 33)
plasmid_files_fasta/CP023878.1_results/PROKKA_10092018:CP023878.1_131 (length 85)
plasmid_files_fasta/CP023878.1_results/PROKKA_10092018:CP023878.1_132 (length 97)
plasmid_files_fasta/CP023878.1_results/PROKKA_10092018:CP023878.1_133 (length 77)

DiscRep_ALL:DISC_INCONSISTENT_MOLINFO_TECH::Molinfo Technique Report (some missing, all same)
DiscRep_SUB:DISC_INCONSISTENT_MOLINFO_TECH::technique (all missing)
DiscRep_SUB:DISC_INCONSISTENT_MOLINFO_TECH::1 Molinfos are missing field technique
plasmid_files_fasta/CP023878.1_results/PROKKA_10092018:CP023878.1 (length 108606)

