[15:15:52] This is prokka 1.14-dev
[15:15:52] Written by Torsten Seemann <torsten.seemann@gmail.com>
[15:15:52] Homepage is https://github.com/tseemann/prokka
[15:15:52] Local time is Tue Oct  9 15:15:52 2018
[15:15:52] You are christian
[15:15:52] Operating system is linux
[15:15:52] You have BioPerl 1.007002
[15:15:52] System has 20 cores.
[15:15:52] Will use maximum of 20 cores.
[15:15:52] Annotating as >>> Bacteria <<<
[15:15:52] Generating locus_tag from 'plasmid_files_fasta/CP015991.1.fasta' contents.
[15:15:52] Setting --locustag EGEDPIFJ from MD5 e0ed92f34314d408fc205ec236233837
[15:15:52] Creating new output folder: plasmid_files_fasta/CP015991.1_results
[15:15:52] Running: mkdir -p plasmid_files_fasta\/CP015991\.1_results
[15:15:52] Using filename prefix: PROKKA_10092018.XXX
[15:15:52] Setting HMMER_NCPU=1
[15:15:52] Writing log to: plasmid_files_fasta/CP015991.1_results/PROKKA_10092018.log
[15:15:52] Command: /home/christian/install/prokka/bin/prokka plasmid_files_fasta/CP015991.1.fasta --outdir plasmid_files_fasta/CP015991.1_results --cpus 20 --force
[15:15:52] Appending to PATH: /home/christian/install/prokka/bin/../binaries/linux
[15:15:52] Appending to PATH: /home/christian/install/prokka/bin/../binaries/linux/../common
[15:15:52] Appending to PATH: /home/christian/install/prokka/bin
[15:15:52] Looking for 'aragorn' - found /home/christian/install/prokka/bin/../binaries/linux/aragorn
[15:15:52] Determined aragorn version is 1.2
[15:15:52] Looking for 'blastp' - found /usr/bin/blastp
[15:15:52] Determined blastp version is 2.2
[15:15:52] Looking for 'cmpress' - found /usr/local/bin/cmpress
[15:15:52] Determined cmpress version is 1.1
[15:15:52] Looking for 'cmscan' - found /usr/local/bin/cmscan
[15:15:53] Determined cmscan version is 1.1
[15:15:53] Looking for 'egrep' - found /bin/egrep
[15:15:53] Looking for 'find' - found /usr/bin/find
[15:15:53] Looking for 'grep' - found /bin/grep
[15:15:53] Looking for 'hmmpress' - found /usr/local/bin/hmmpress
[15:15:53] Determined hmmpress version is 3.1
[15:15:53] Looking for 'hmmscan' - found /usr/local/bin/hmmscan
[15:15:53] Determined hmmscan version is 3.1
[15:15:53] Looking for 'java' - found /usr/bin/java
[15:15:53] Looking for 'less' - found /usr/bin/less
[15:15:53] Looking for 'makeblastdb' - found /usr/bin/makeblastdb
[15:15:53] Determined makeblastdb version is 2.2
[15:15:53] Looking for 'minced' - found /home/christian/install/prokka/bin/../binaries/linux/../common/minced
[15:15:53] Determined minced version is 2.0
[15:15:53] Looking for 'parallel' - found /usr/bin/parallel
[15:15:53] Determined parallel version is 20141022
[15:15:53] Looking for 'prodigal' - found /usr/local/bin/prodigal
[15:15:53] Determined prodigal version is 2.6
[15:15:53] Looking for 'prokka-genbank_to_fasta_db' - found /home/christian/install/prokka/bin/prokka-genbank_to_fasta_db
[15:15:53] Looking for 'sed' - found /bin/sed
[15:15:53] Looking for 'tbl2asn' - found /home/christian/install/prokka/bin/../binaries/linux/tbl2asn
[15:15:53] Determined tbl2asn version is 25.6
[15:15:53] Using genetic code table 11.
[15:15:53] Loading and checking input file: plasmid_files_fasta/CP015991.1.fasta
[15:15:53] Wrote 1 contigs totalling 76251 bp.
[15:15:53] Predicting tRNAs and tmRNAs
[15:15:53] Running: aragorn -l -gc11  -w plasmid_files_fasta\/CP015991\.1_results\/PROKKA_10092018\.fna
[15:15:53] Found 0 tRNAs
[15:15:53] Predicting Ribosomal RNAs
[15:15:53] You need either Barrnap or RNAmmer installed to predict rRNAs!
[15:15:53] Skipping ncRNA search, enable with --rfam if desired.
[15:15:53] Total of 0 tRNA + rRNA features
[15:15:53] Searching for CRISPR repeats
[15:15:53] Found 0 CRISPRs
[15:15:53] Predicting coding sequences
[15:15:53] Contigs total 76251 bp, so using meta mode
[15:15:53] Running: prodigal -i plasmid_files_fasta\/CP015991\.1_results\/PROKKA_10092018\.fna -c -m -g 11 -p meta -f sco -q
[15:15:54] Found 85 CDS
[15:15:54] Connecting features back to sequences
[15:15:54] Not using genus-specific database. Try --usegenus to enable it.
[15:15:54] Annotating CDS, please be patient.
[15:15:54] Will use 20 CPUs for similarity searching.
[15:15:54] There are still 85 unannotated CDS left (started with 85)
[15:15:54] Will use blast to search against /home/christian/install/prokka/db/kingdom/Bacteria/sprot with 20 CPUs
[15:15:54] Running: cat plasmid_files_fasta\/CP015991\.1_results\/sprot\.faa | parallel --gnu --plain -j 20 --block 480 --recstart '>' --pipe blastp -query - -db /home/christian/install/prokka/db/kingdom/Bacteria/sprot -evalue 1e-06 -num_threads 1 -num_descriptions 1 -num_alignments 1 -seg no > plasmid_files_fasta\/CP015991\.1_results\/sprot\.blast 2> /dev/null
[15:15:55] Modify product: Pentapeptide repeat protein VPA0095 => Pentapeptide repeat protein
[15:15:55] Modify product: Probable multidrug-efflux transporter Rv1258c => putative multidrug-efflux transporter
[15:15:55] Modify product: Probable multidrug-efflux transporter Rv1258c => putative multidrug-efflux transporter
[15:15:55] Cleaned 3 /product names
[15:15:55] Deleting unwanted file: plasmid_files_fasta/CP015991.1_results/sprot.faa
[15:15:55] Deleting unwanted file: plasmid_files_fasta/CP015991.1_results/sprot.blast
[15:15:55] There are still 50 unannotated CDS left (started with 85)
[15:15:55] Will use hmmer3 to search against /home/christian/install/prokka/db/hmm/HAMAP.hmm with 20 CPUs
[15:15:55] Running: cat plasmid_files_fasta\/CP015991\.1_results\/HAMAP\.hmm\.faa | parallel --gnu --plain -j 20 --block 283 --recstart '>' --pipe hmmscan --noali --notextw --acc -E 1e-06 --cpu 1 /home/christian/install/prokka/db/hmm/HAMAP.hmm /dev/stdin > plasmid_files_fasta\/CP015991\.1_results\/HAMAP\.hmm\.hmmer3 2> /dev/null
[15:15:55] Deleting unwanted file: plasmid_files_fasta/CP015991.1_results/HAMAP.hmm.faa
[15:15:55] Deleting unwanted file: plasmid_files_fasta/CP015991.1_results/HAMAP.hmm.hmmer3
[15:15:55] Labelling remaining 50 proteins as 'hypothetical protein'
[15:15:55] Possible /pseudo 'putative multidrug-efflux transporter' at CP015991.1 position 23572
[15:15:55] Found 24 unique /gene codes.
[15:15:55] Fixed 2 duplicate /gene - parA_1 parA_2
[15:15:55] Fixed 2 duplicate /gene - vapB_1 vapB_2
[15:15:55] Fixed 3 duplicate /gene - xerD_1 xerD_2 xerD_3
[15:15:55] Fixed 2 duplicate /gene - merR_1 merR_2
[15:15:55] Fixed 2 duplicate /gene - repE_1 repE_2
[15:15:55] Fixed 2 duplicate /gene - bla_1 bla_2
[15:15:55] Fixed 2 duplicate /gene - vapC_1 vapC_2
[15:15:55] Fixed 7 colliding /gene names.
[15:15:55] Adding /locus_tag identifiers
[15:15:55] Assigned 85 locus_tags to CDS and RNA features.
[15:15:55] Writing outputs to plasmid_files_fasta/CP015991.1_results/
[15:15:55] Generating annotation statistics file
[15:15:55] Generating Genbank and Sequin files
[15:15:55] Running: tbl2asn -V b -a r10k -l paired-ends -M n -N 1 -y 'Annotated using prokka 1.14-dev from https://github.com/tseemann/prokka' -Z plasmid_files_fasta\/CP015991\.1_results\/PROKKA_10092018\.err -i plasmid_files_fasta\/CP015991\.1_results\/PROKKA_10092018\.fsa 2> /dev/null
[15:15:55] Deleting unwanted file: plasmid_files_fasta/CP015991.1_results/errorsummary.val
[15:15:55] Deleting unwanted file: plasmid_files_fasta/CP015991.1_results/PROKKA_10092018.dr
[15:15:55] Deleting unwanted file: plasmid_files_fasta/CP015991.1_results/PROKKA_10092018.fixedproducts
[15:15:55] Deleting unwanted file: plasmid_files_fasta/CP015991.1_results/PROKKA_10092018.ecn
[15:15:55] Deleting unwanted file: plasmid_files_fasta/CP015991.1_results/PROKKA_10092018.val
[15:15:55] Repairing broken .GBK output that tbl2asn produces...
[15:15:55] Running: sed 's/COORDINATES: profile/COORDINATES:profile/' < plasmid_files_fasta\/CP015991\.1_results\/PROKKA_10092018\.gbf > plasmid_files_fasta\/CP015991\.1_results\/PROKKA_10092018\.gbk
[15:15:55] Deleting unwanted file: plasmid_files_fasta/CP015991.1_results/PROKKA_10092018.gbf
[15:15:55] Output files:
[15:15:55] plasmid_files_fasta/CP015991.1_results/PROKKA_10092018.ffn
[15:15:55] plasmid_files_fasta/CP015991.1_results/PROKKA_10092018.tbl
[15:15:55] plasmid_files_fasta/CP015991.1_results/PROKKA_10092018.log
[15:15:55] plasmid_files_fasta/CP015991.1_results/PROKKA_10092018.fna
[15:15:55] plasmid_files_fasta/CP015991.1_results/PROKKA_10092018.fsa
[15:15:55] plasmid_files_fasta/CP015991.1_results/PROKKA_10092018.tsv
[15:15:55] plasmid_files_fasta/CP015991.1_results/PROKKA_10092018.faa
[15:15:55] plasmid_files_fasta/CP015991.1_results/PROKKA_10092018.gbk
[15:15:55] plasmid_files_fasta/CP015991.1_results/PROKKA_10092018.sqn
[15:15:55] plasmid_files_fasta/CP015991.1_results/PROKKA_10092018.err
[15:15:55] plasmid_files_fasta/CP015991.1_results/PROKKA_10092018.txt
[15:15:55] plasmid_files_fasta/CP015991.1_results/PROKKA_10092018.gff
[15:15:55] Annotation finished successfully.
[15:15:55] Walltime used: 0.05 minutes
[15:15:55] If you use this result please cite the Prokka paper:
[15:15:55] Seemann T (2014) Prokka: rapid prokaryotic genome annotation. Bioinformatics. 30(14):2068-9.
[15:15:55] Type 'prokka --citation' for more details.
[15:15:55] Share and enjoy!
