Discrepancy Report Results

Summary
FATAL: MISSING_PROTEIN_ID:9 proteins have invalid IDs.
DISC_SOURCE_QUALS_ASNDISC:strain (all present, all unique)
DISC_SOURCE_QUALS_ASNDISC:taxname (all present, all unique)
DISC_FEATURE_COUNT:CDS: 9 present
DISC_COUNT_NUCLEOTIDES:1 nucleotide Bioseqs are present
FEATURE_LOCATION_CONFLICT:9 features have inconsistent gene locations.
DISC_QUALITY_SCORES:Quality scores are missing on all sequences.
ONCALLER_COMMENT_PRESENT:1 comment descriptors were found (all same)
MISSING_GENOMEASSEMBLY_COMMENTS:1 bioseqs are missing GenomeAssembly structured comments
MOLTYPE_NOT_MRNA:1 molecule types are not set as mRNA.
TECHNIQUE_NOT_TSA:1 technique are not set as TSA
MISSING_STRUCTURED_COMMENT:1 sequences do not include structured comments.
MISSING_PROJECT:10 sequences do not include project.
DISC_INCONSISTENT_MOLINFO_TECH:Molinfo Technique Report (some missing, all same)


Detailed Report

FATAL: DiscRep_ALL:MISSING_PROTEIN_ID::9 proteins have invalid IDs.
plasmid_files_fasta/MH595534.1_results/PROKKA_10092018:MH595534.1_1 (length 516)
plasmid_files_fasta/MH595534.1_results/PROKKA_10092018:MH595534.1_2 (length 297)
plasmid_files_fasta/MH595534.1_results/PROKKA_10092018:MH595534.1_3 (length 94)
plasmid_files_fasta/MH595534.1_results/PROKKA_10092018:MH595534.1_4 (length 110)
plasmid_files_fasta/MH595534.1_results/PROKKA_10092018:MH595534.1_5 (length 523)
plasmid_files_fasta/MH595534.1_results/PROKKA_10092018:MH595534.1_6 (length 108)
plasmid_files_fasta/MH595534.1_results/PROKKA_10092018:MH595534.1_7 (length 185)
plasmid_files_fasta/MH595534.1_results/PROKKA_10092018:MH595534.1_8 (length 293)
plasmid_files_fasta/MH595534.1_results/PROKKA_10092018:MH595534.1_9 (length 279)

DiscRep_ALL:DISC_SOURCE_QUALS_ASNDISC::strain (all present, all unique)
DiscRep_SUB:DISC_SOURCE_QUALS_ASNDISC::1 sources have unique values for strain
DiscRep_ALL:DISC_SOURCE_QUALS_ASNDISC::taxname (all present, all unique)
DiscRep_SUB:DISC_SOURCE_QUALS_ASNDISC::1 sources have unique values for taxname
DiscRep_ALL:DISC_FEATURE_COUNT::CDS: 9 present
DiscRep_ALL:DISC_COUNT_NUCLEOTIDES::1 nucleotide Bioseqs are present
plasmid_files_fasta/MH595534.1_results/PROKKA_10092018:MH595534.1 (length 9548)

DiscRep_ALL:FEATURE_LOCATION_CONFLICT::9 features have inconsistent gene locations.
DiscRep_SUB:FEATURE_LOCATION_CONFLICT::Coding region xref gene does not exist
plasmid_files_fasta/MH595534.1_results/PROKKA_10092018:CDS	hypothetical protein	MH595534.1:c1551-1	EGKDCKPL_00001

DiscRep_SUB:FEATURE_LOCATION_CONFLICT::Coding region xref gene does not exist
plasmid_files_fasta/MH595534.1_results/PROKKA_10092018:CDS	hypothetical protein	MH595534.1:c2434-1541	EGKDCKPL_00002

DiscRep_SUB:FEATURE_LOCATION_CONFLICT::Coding region xref gene does not exist
plasmid_files_fasta/MH595534.1_results/PROKKA_10092018:CDS	Antitoxin HigA-2	MH595534.1:c2909-2625	EGKDCKPL_00003

DiscRep_SUB:FEATURE_LOCATION_CONFLICT::Coding region xref gene does not exist
plasmid_files_fasta/MH595534.1_results/PROKKA_10092018:CDS	Toxin HigB-2	MH595534.1:c3243-2911	EGKDCKPL_00004

DiscRep_SUB:FEATURE_LOCATION_CONFLICT::Coding region xref gene does not exist
plasmid_files_fasta/MH595534.1_results/PROKKA_10092018:CDS	DNA relaxase MbeA	MH595534.1:c4875-3304	EGKDCKPL_00005

DiscRep_SUB:FEATURE_LOCATION_CONFLICT::Coding region xref gene does not exist
plasmid_files_fasta/MH595534.1_results/PROKKA_10092018:CDS	Mobilization protein MbeC	MH595534.1:c5191-4865	EGKDCKPL_00006

DiscRep_SUB:FEATURE_LOCATION_CONFLICT::Coding region xref gene does not exist
plasmid_files_fasta/MH595534.1_results/PROKKA_10092018:CDS	Transposon Tn3 resolvase	MH595534.1:6421-6978	EGKDCKPL_00007

DiscRep_SUB:FEATURE_LOCATION_CONFLICT::Coding region xref gene does not exist
plasmid_files_fasta/MH595534.1_results/PROKKA_10092018:CDS	Carbapenem-hydrolyzing beta-lactamase KPC	MH595534.1:7287-8168	EGKDCKPL_00008

DiscRep_SUB:FEATURE_LOCATION_CONFLICT::Coding region xref gene does not exist
plasmid_files_fasta/MH595534.1_results/PROKKA_10092018:CDS	hypothetical protein	MH595534.1:c9257-8418	EGKDCKPL_00009

DiscRep_ALL:DISC_QUALITY_SCORES::Quality scores are missing on all sequences.

DiscRep_ALL:ONCALLER_COMMENT_PRESENT::1 comment descriptors were found (all same)
plasmid_files_fasta/MH595534.1_results/PROKKA_10092018:MH595534.1:Annotated using prokka 1.14-dev from https://github.com/tseemann/prokka

DiscRep_ALL:MISSING_GENOMEASSEMBLY_COMMENTS::1 bioseqs are missing GenomeAssembly structured comments
plasmid_files_fasta/MH595534.1_results/PROKKA_10092018:MH595534.1 (length 9548)

DiscRep_ALL:MOLTYPE_NOT_MRNA::1 molecule types are not set as mRNA.
plasmid_files_fasta/MH595534.1_results/PROKKA_10092018:MH595534.1 (length 9548)

DiscRep_ALL:TECHNIQUE_NOT_TSA::1 technique are not set as TSA
plasmid_files_fasta/MH595534.1_results/PROKKA_10092018:MH595534.1 (length 9548)

DiscRep_ALL:MISSING_STRUCTURED_COMMENT::1 sequences do not include structured comments.
plasmid_files_fasta/MH595534.1_results/PROKKA_10092018:MH595534.1 (length 9548)

DiscRep_ALL:MISSING_PROJECT::10 sequences do not include project.
plasmid_files_fasta/MH595534.1_results/PROKKA_10092018:MH595534.1 (length 9548)
plasmid_files_fasta/MH595534.1_results/PROKKA_10092018:MH595534.1_1 (length 516)
plasmid_files_fasta/MH595534.1_results/PROKKA_10092018:MH595534.1_2 (length 297)
plasmid_files_fasta/MH595534.1_results/PROKKA_10092018:MH595534.1_3 (length 94)
plasmid_files_fasta/MH595534.1_results/PROKKA_10092018:MH595534.1_4 (length 110)
plasmid_files_fasta/MH595534.1_results/PROKKA_10092018:MH595534.1_5 (length 523)
plasmid_files_fasta/MH595534.1_results/PROKKA_10092018:MH595534.1_6 (length 108)
plasmid_files_fasta/MH595534.1_results/PROKKA_10092018:MH595534.1_7 (length 185)
plasmid_files_fasta/MH595534.1_results/PROKKA_10092018:MH595534.1_8 (length 293)
plasmid_files_fasta/MH595534.1_results/PROKKA_10092018:MH595534.1_9 (length 279)

DiscRep_ALL:DISC_INCONSISTENT_MOLINFO_TECH::Molinfo Technique Report (some missing, all same)
DiscRep_SUB:DISC_INCONSISTENT_MOLINFO_TECH::technique (all missing)
DiscRep_SUB:DISC_INCONSISTENT_MOLINFO_TECH::1 Molinfos are missing field technique
plasmid_files_fasta/MH595534.1_results/PROKKA_10092018:MH595534.1 (length 9548)

