[15:12:40] This is prokka 1.14-dev
[15:12:40] Written by Torsten Seemann <torsten.seemann@gmail.com>
[15:12:40] Homepage is https://github.com/tseemann/prokka
[15:12:40] Local time is Tue Oct  9 15:12:40 2018
[15:12:40] You are christian
[15:12:40] Operating system is linux
[15:12:40] You have BioPerl 1.007002
[15:12:40] System has 20 cores.
[15:12:40] Will use maximum of 20 cores.
[15:12:40] Annotating as >>> Bacteria <<<
[15:12:40] Generating locus_tag from 'plasmid_files_fasta/CP004367.2.fasta' contents.
[15:12:40] Setting --locustag BKABGJKN from MD5 b4ab03478ac8a63aedf816b918f6570e
[15:12:40] Creating new output folder: plasmid_files_fasta/CP004367.2_results
[15:12:40] Running: mkdir -p plasmid_files_fasta\/CP004367\.2_results
[15:12:40] Using filename prefix: PROKKA_10092018.XXX
[15:12:40] Setting HMMER_NCPU=1
[15:12:40] Writing log to: plasmid_files_fasta/CP004367.2_results/PROKKA_10092018.log
[15:12:40] Command: /home/christian/install/prokka/bin/prokka plasmid_files_fasta/CP004367.2.fasta --outdir plasmid_files_fasta/CP004367.2_results --cpus 20 --force
[15:12:40] Appending to PATH: /home/christian/install/prokka/bin/../binaries/linux
[15:12:40] Appending to PATH: /home/christian/install/prokka/bin/../binaries/linux/../common
[15:12:40] Appending to PATH: /home/christian/install/prokka/bin
[15:12:40] Looking for 'aragorn' - found /home/christian/install/prokka/bin/../binaries/linux/aragorn
[15:12:40] Determined aragorn version is 1.2
[15:12:40] Looking for 'blastp' - found /usr/bin/blastp
[15:12:40] Determined blastp version is 2.2
[15:12:40] Looking for 'cmpress' - found /usr/local/bin/cmpress
[15:12:40] Determined cmpress version is 1.1
[15:12:40] Looking for 'cmscan' - found /usr/local/bin/cmscan
[15:12:40] Determined cmscan version is 1.1
[15:12:40] Looking for 'egrep' - found /bin/egrep
[15:12:40] Looking for 'find' - found /usr/bin/find
[15:12:40] Looking for 'grep' - found /bin/grep
[15:12:40] Looking for 'hmmpress' - found /usr/local/bin/hmmpress
[15:12:40] Determined hmmpress version is 3.1
[15:12:40] Looking for 'hmmscan' - found /usr/local/bin/hmmscan
[15:12:40] Determined hmmscan version is 3.1
[15:12:40] Looking for 'java' - found /usr/bin/java
[15:12:40] Looking for 'less' - found /usr/bin/less
[15:12:40] Looking for 'makeblastdb' - found /usr/bin/makeblastdb
[15:12:40] Determined makeblastdb version is 2.2
[15:12:40] Looking for 'minced' - found /home/christian/install/prokka/bin/../binaries/linux/../common/minced
[15:12:40] Determined minced version is 2.0
[15:12:40] Looking for 'parallel' - found /usr/bin/parallel
[15:12:41] Determined parallel version is 20141022
[15:12:41] Looking for 'prodigal' - found /usr/local/bin/prodigal
[15:12:41] Determined prodigal version is 2.6
[15:12:41] Looking for 'prokka-genbank_to_fasta_db' - found /home/christian/install/prokka/bin/prokka-genbank_to_fasta_db
[15:12:41] Looking for 'sed' - found /bin/sed
[15:12:41] Looking for 'tbl2asn' - found /home/christian/install/prokka/bin/../binaries/linux/tbl2asn
[15:12:41] Determined tbl2asn version is 25.6
[15:12:41] Using genetic code table 11.
[15:12:41] Loading and checking input file: plasmid_files_fasta/CP004367.2.fasta
[15:12:41] Wrote 1 contigs totalling 54605 bp.
[15:12:41] Predicting tRNAs and tmRNAs
[15:12:41] Running: aragorn -l -gc11  -w plasmid_files_fasta\/CP004367\.2_results\/PROKKA_10092018\.fna
[15:12:41] Found 0 tRNAs
[15:12:41] Predicting Ribosomal RNAs
[15:12:41] You need either Barrnap or RNAmmer installed to predict rRNAs!
[15:12:41] Skipping ncRNA search, enable with --rfam if desired.
[15:12:41] Total of 0 tRNA + rRNA features
[15:12:41] Searching for CRISPR repeats
[15:12:41] Found 0 CRISPRs
[15:12:41] Predicting coding sequences
[15:12:41] Contigs total 54605 bp, so using meta mode
[15:12:41] Running: prodigal -i plasmid_files_fasta\/CP004367\.2_results\/PROKKA_10092018\.fna -c -m -g 11 -p meta -f sco -q
[15:12:41] Found 63 CDS
[15:12:41] Connecting features back to sequences
[15:12:41] Not using genus-specific database. Try --usegenus to enable it.
[15:12:41] Annotating CDS, please be patient.
[15:12:41] Will use 20 CPUs for similarity searching.
[15:12:41] There are still 63 unannotated CDS left (started with 63)
[15:12:41] Will use blast to search against /home/christian/install/prokka/db/kingdom/Bacteria/sprot with 20 CPUs
[15:12:41] Running: cat plasmid_files_fasta\/CP004367\.2_results\/sprot\.faa | parallel --gnu --plain -j 20 --block 379 --recstart '>' --pipe blastp -query - -db /home/christian/install/prokka/db/kingdom/Bacteria/sprot -evalue 1e-06 -num_threads 1 -num_descriptions 1 -num_alignments 1 -seg no > plasmid_files_fasta\/CP004367\.2_results\/sprot\.blast 2> /dev/null
[15:12:42] Deleting unwanted file: plasmid_files_fasta/CP004367.2_results/sprot.faa
[15:12:42] Deleting unwanted file: plasmid_files_fasta/CP004367.2_results/sprot.blast
[15:12:42] There are still 41 unannotated CDS left (started with 63)
[15:12:42] Will use hmmer3 to search against /home/christian/install/prokka/db/hmm/HAMAP.hmm with 20 CPUs
[15:12:42] Running: cat plasmid_files_fasta\/CP004367\.2_results\/HAMAP\.hmm\.faa | parallel --gnu --plain -j 20 --block 179 --recstart '>' --pipe hmmscan --noali --notextw --acc -E 1e-06 --cpu 1 /home/christian/install/prokka/db/hmm/HAMAP.hmm /dev/stdin > plasmid_files_fasta\/CP004367\.2_results\/HAMAP\.hmm\.hmmer3 2> /dev/null
[15:12:43] Deleting unwanted file: plasmid_files_fasta/CP004367.2_results/HAMAP.hmm.faa
[15:12:43] Deleting unwanted file: plasmid_files_fasta/CP004367.2_results/HAMAP.hmm.hmmer3
[15:12:43] Labelling remaining 41 proteins as 'hypothetical protein'
[15:12:43] Found 19 unique /gene codes.
[15:12:43] Fixed 0 colliding /gene names.
[15:12:43] Adding /locus_tag identifiers
[15:12:43] Assigned 63 locus_tags to CDS and RNA features.
[15:12:43] Writing outputs to plasmid_files_fasta/CP004367.2_results/
[15:12:43] Generating annotation statistics file
[15:12:43] Generating Genbank and Sequin files
[15:12:43] Running: tbl2asn -V b -a r10k -l paired-ends -M n -N 1 -y 'Annotated using prokka 1.14-dev from https://github.com/tseemann/prokka' -Z plasmid_files_fasta\/CP004367\.2_results\/PROKKA_10092018\.err -i plasmid_files_fasta\/CP004367\.2_results\/PROKKA_10092018\.fsa 2> /dev/null
[15:12:43] Deleting unwanted file: plasmid_files_fasta/CP004367.2_results/errorsummary.val
[15:12:43] Deleting unwanted file: plasmid_files_fasta/CP004367.2_results/PROKKA_10092018.dr
[15:12:43] Deleting unwanted file: plasmid_files_fasta/CP004367.2_results/PROKKA_10092018.fixedproducts
[15:12:43] Deleting unwanted file: plasmid_files_fasta/CP004367.2_results/PROKKA_10092018.ecn
[15:12:43] Deleting unwanted file: plasmid_files_fasta/CP004367.2_results/PROKKA_10092018.val
[15:12:43] Repairing broken .GBK output that tbl2asn produces...
[15:12:43] Running: sed 's/COORDINATES: profile/COORDINATES:profile/' < plasmid_files_fasta\/CP004367\.2_results\/PROKKA_10092018\.gbf > plasmid_files_fasta\/CP004367\.2_results\/PROKKA_10092018\.gbk
[15:12:43] Deleting unwanted file: plasmid_files_fasta/CP004367.2_results/PROKKA_10092018.gbf
[15:12:43] Output files:
[15:12:43] plasmid_files_fasta/CP004367.2_results/PROKKA_10092018.ffn
[15:12:43] plasmid_files_fasta/CP004367.2_results/PROKKA_10092018.tbl
[15:12:43] plasmid_files_fasta/CP004367.2_results/PROKKA_10092018.log
[15:12:43] plasmid_files_fasta/CP004367.2_results/PROKKA_10092018.fna
[15:12:43] plasmid_files_fasta/CP004367.2_results/PROKKA_10092018.fsa
[15:12:43] plasmid_files_fasta/CP004367.2_results/PROKKA_10092018.tsv
[15:12:43] plasmid_files_fasta/CP004367.2_results/PROKKA_10092018.faa
[15:12:43] plasmid_files_fasta/CP004367.2_results/PROKKA_10092018.gbk
[15:12:43] plasmid_files_fasta/CP004367.2_results/PROKKA_10092018.sqn
[15:12:43] plasmid_files_fasta/CP004367.2_results/PROKKA_10092018.err
[15:12:43] plasmid_files_fasta/CP004367.2_results/PROKKA_10092018.txt
[15:12:43] plasmid_files_fasta/CP004367.2_results/PROKKA_10092018.gff
[15:12:43] Annotation finished successfully.
[15:12:43] Walltime used: 0.05 minutes
[15:12:43] If you use this result please cite the Prokka paper:
[15:12:43] Seemann T (2014) Prokka: rapid prokaryotic genome annotation. Bioinformatics. 30(14):2068-9.
[15:12:43] Type 'prokka --citation' for more details.
[15:12:43] Share and enjoy!
