[15:30:19] This is prokka 1.14-dev
[15:30:19] Written by Torsten Seemann <torsten.seemann@gmail.com>
[15:30:19] Homepage is https://github.com/tseemann/prokka
[15:30:19] Local time is Tue Oct  9 15:30:19 2018
[15:30:19] You are christian
[15:30:19] Operating system is linux
[15:30:19] You have BioPerl 1.007002
[15:30:19] System has 20 cores.
[15:30:19] Will use maximum of 20 cores.
[15:30:19] Annotating as >>> Bacteria <<<
[15:30:19] Generating locus_tag from 'plasmid_files_fasta/KX928752.1.fasta' contents.
[15:30:19] Setting --locustag HADHGDDJ from MD5 1ad10dd322f1bb50c266544ac82e5035
[15:30:19] Creating new output folder: plasmid_files_fasta/KX928752.1_results
[15:30:19] Running: mkdir -p plasmid_files_fasta\/KX928752\.1_results
[15:30:19] Using filename prefix: PROKKA_10092018.XXX
[15:30:19] Setting HMMER_NCPU=1
[15:30:19] Writing log to: plasmid_files_fasta/KX928752.1_results/PROKKA_10092018.log
[15:30:19] Command: /home/christian/install/prokka/bin/prokka plasmid_files_fasta/KX928752.1.fasta --outdir plasmid_files_fasta/KX928752.1_results --cpus 20 --force
[15:30:19] Appending to PATH: /home/christian/install/prokka/bin/../binaries/linux
[15:30:19] Appending to PATH: /home/christian/install/prokka/bin/../binaries/linux/../common
[15:30:19] Appending to PATH: /home/christian/install/prokka/bin
[15:30:19] Looking for 'aragorn' - found /home/christian/install/prokka/bin/../binaries/linux/aragorn
[15:30:19] Determined aragorn version is 1.2
[15:30:19] Looking for 'blastp' - found /usr/bin/blastp
[15:30:19] Determined blastp version is 2.2
[15:30:19] Looking for 'cmpress' - found /usr/local/bin/cmpress
[15:30:19] Determined cmpress version is 1.1
[15:30:19] Looking for 'cmscan' - found /usr/local/bin/cmscan
[15:30:19] Determined cmscan version is 1.1
[15:30:19] Looking for 'egrep' - found /bin/egrep
[15:30:19] Looking for 'find' - found /usr/bin/find
[15:30:19] Looking for 'grep' - found /bin/grep
[15:30:19] Looking for 'hmmpress' - found /usr/local/bin/hmmpress
[15:30:19] Determined hmmpress version is 3.1
[15:30:19] Looking for 'hmmscan' - found /usr/local/bin/hmmscan
[15:30:19] Determined hmmscan version is 3.1
[15:30:19] Looking for 'java' - found /usr/bin/java
[15:30:19] Looking for 'less' - found /usr/bin/less
[15:30:19] Looking for 'makeblastdb' - found /usr/bin/makeblastdb
[15:30:19] Determined makeblastdb version is 2.2
[15:30:19] Looking for 'minced' - found /home/christian/install/prokka/bin/../binaries/linux/../common/minced
[15:30:19] Determined minced version is 2.0
[15:30:19] Looking for 'parallel' - found /usr/bin/parallel
[15:30:19] Determined parallel version is 20141022
[15:30:19] Looking for 'prodigal' - found /usr/local/bin/prodigal
[15:30:19] Determined prodigal version is 2.6
[15:30:19] Looking for 'prokka-genbank_to_fasta_db' - found /home/christian/install/prokka/bin/prokka-genbank_to_fasta_db
[15:30:19] Looking for 'sed' - found /bin/sed
[15:30:19] Looking for 'tbl2asn' - found /home/christian/install/prokka/bin/../binaries/linux/tbl2asn
[15:30:19] Determined tbl2asn version is 25.6
[15:30:19] Using genetic code table 11.
[15:30:19] Loading and checking input file: plasmid_files_fasta/KX928752.1.fasta
[15:30:19] Wrote 1 contigs totalling 216976 bp.
[15:30:19] Predicting tRNAs and tmRNAs
[15:30:19] Running: aragorn -l -gc11  -w plasmid_files_fasta\/KX928752\.1_results\/PROKKA_10092018\.fna
[15:30:20] 1 tRNA-Asn [68888,68963] 34 (gtt)
[15:30:20] 2 tRNA-Thr [68966,69041] 34 (tgt)
[15:30:20] 3 tRNA-Met [70844,70919] 34 (cat)
[15:30:20] Found 3 tRNAs
[15:30:20] Predicting Ribosomal RNAs
[15:30:20] You need either Barrnap or RNAmmer installed to predict rRNAs!
[15:30:20] Skipping ncRNA search, enable with --rfam if desired.
[15:30:20] Total of 3 tRNA + rRNA features
[15:30:20] Searching for CRISPR repeats
[15:30:20] Found 0 CRISPRs
[15:30:20] Predicting coding sequences
[15:30:20] Contigs total 216976 bp, so using single mode
[15:30:20] Running: prodigal -i plasmid_files_fasta\/KX928752\.1_results\/PROKKA_10092018\.fna -c -m -g 11 -p single -f sco -q
[15:30:20] Found 255 CDS
[15:30:20] Connecting features back to sequences
[15:30:20] Not using genus-specific database. Try --usegenus to enable it.
[15:30:20] Annotating CDS, please be patient.
[15:30:20] Will use 20 CPUs for similarity searching.
[15:30:20] There are still 255 unannotated CDS left (started with 255)
[15:30:20] Will use blast to search against /home/christian/install/prokka/db/kingdom/Bacteria/sprot with 20 CPUs
[15:30:20] Running: cat plasmid_files_fasta\/KX928752\.1_results\/sprot\.faa | parallel --gnu --plain -j 20 --block 1562 --recstart '>' --pipe blastp -query - -db /home/christian/install/prokka/db/kingdom/Bacteria/sprot -evalue 1e-06 -num_threads 1 -num_descriptions 1 -num_alignments 1 -seg no > plasmid_files_fasta\/KX928752\.1_results\/sprot\.blast 2> /dev/null
[15:30:22] Modify product: Uncharacterized protein HI_1427 => putative protein
[15:30:22] Modify product: UPF0401 protein YkfF => hypothetical protein
[15:30:22] Modify product: Probable type I restriction enzyme BthVORF4518P M protein => putative type I restriction enzymeP M protein
[15:30:22] Cleaned 3 /product names
[15:30:22] Deleting unwanted file: plasmid_files_fasta/KX928752.1_results/sprot.faa
[15:30:22] Deleting unwanted file: plasmid_files_fasta/KX928752.1_results/sprot.blast
[15:30:22] There are still 191 unannotated CDS left (started with 255)
[15:30:22] Will use hmmer3 to search against /home/christian/install/prokka/db/hmm/HAMAP.hmm with 20 CPUs
[15:30:22] Running: cat plasmid_files_fasta\/KX928752\.1_results\/HAMAP\.hmm\.faa | parallel --gnu --plain -j 20 --block 1076 --recstart '>' --pipe hmmscan --noali --notextw --acc -E 1e-06 --cpu 1 /home/christian/install/prokka/db/hmm/HAMAP.hmm /dev/stdin > plasmid_files_fasta\/KX928752\.1_results\/HAMAP\.hmm\.hmmer3 2> /dev/null
[15:30:23] Deleting unwanted file: plasmid_files_fasta/KX928752.1_results/HAMAP.hmm.faa
[15:30:23] Deleting unwanted file: plasmid_files_fasta/KX928752.1_results/HAMAP.hmm.hmmer3
[15:30:23] Labelling remaining 190 proteins as 'hypothetical protein'
[15:30:23] Possible /pseudo 'Multifunctional conjugation protein TraI' at KX928752.1 position 141535
[15:30:23] Possible /pseudo 'Homocysteine S-methyltransferase' at KX928752.1 position 211120
[15:30:23] Found 53 unique /gene codes.
[15:30:23] Fixed 2 duplicate /gene - mmuM_1 mmuM_2
[15:30:23] Fixed 2 duplicate /gene - doc_1 doc_2
[15:30:23] Fixed 2 duplicate /gene - ltrA_1 ltrA_2
[15:30:23] Fixed 2 duplicate /gene - traI_1 traI_2
[15:30:23] Fixed 2 duplicate /gene - bla_1 bla_2
[15:30:23] Fixed 2 duplicate /gene - ssb_1 ssb_2
[15:30:23] Fixed 3 duplicate /gene - xerD_1 xerD_2 xerD_3
[15:30:23] Fixed 7 colliding /gene names.
[15:30:23] Adding /locus_tag identifiers
[15:30:23] Assigned 258 locus_tags to CDS and RNA features.
[15:30:23] Writing outputs to plasmid_files_fasta/KX928752.1_results/
[15:30:23] Generating annotation statistics file
[15:30:23] Generating Genbank and Sequin files
[15:30:23] Running: tbl2asn -V b -a r10k -l paired-ends -M n -N 1 -y 'Annotated using prokka 1.14-dev from https://github.com/tseemann/prokka' -Z plasmid_files_fasta\/KX928752\.1_results\/PROKKA_10092018\.err -i plasmid_files_fasta\/KX928752\.1_results\/PROKKA_10092018\.fsa 2> /dev/null
[15:30:23] Deleting unwanted file: plasmid_files_fasta/KX928752.1_results/errorsummary.val
[15:30:23] Deleting unwanted file: plasmid_files_fasta/KX928752.1_results/PROKKA_10092018.dr
[15:30:23] Deleting unwanted file: plasmid_files_fasta/KX928752.1_results/PROKKA_10092018.fixedproducts
[15:30:23] Deleting unwanted file: plasmid_files_fasta/KX928752.1_results/PROKKA_10092018.ecn
[15:30:23] Deleting unwanted file: plasmid_files_fasta/KX928752.1_results/PROKKA_10092018.val
[15:30:23] Repairing broken .GBK output that tbl2asn produces...
[15:30:23] Running: sed 's/COORDINATES: profile/COORDINATES:profile/' < plasmid_files_fasta\/KX928752\.1_results\/PROKKA_10092018\.gbf > plasmid_files_fasta\/KX928752\.1_results\/PROKKA_10092018\.gbk
[15:30:23] Deleting unwanted file: plasmid_files_fasta/KX928752.1_results/PROKKA_10092018.gbf
[15:30:23] Output files:
[15:30:23] plasmid_files_fasta/KX928752.1_results/PROKKA_10092018.ffn
[15:30:23] plasmid_files_fasta/KX928752.1_results/PROKKA_10092018.tbl
[15:30:23] plasmid_files_fasta/KX928752.1_results/PROKKA_10092018.log
[15:30:23] plasmid_files_fasta/KX928752.1_results/PROKKA_10092018.fna
[15:30:23] plasmid_files_fasta/KX928752.1_results/PROKKA_10092018.fsa
[15:30:23] plasmid_files_fasta/KX928752.1_results/PROKKA_10092018.tsv
[15:30:23] plasmid_files_fasta/KX928752.1_results/PROKKA_10092018.faa
[15:30:23] plasmid_files_fasta/KX928752.1_results/PROKKA_10092018.gbk
[15:30:23] plasmid_files_fasta/KX928752.1_results/PROKKA_10092018.sqn
[15:30:23] plasmid_files_fasta/KX928752.1_results/PROKKA_10092018.err
[15:30:23] plasmid_files_fasta/KX928752.1_results/PROKKA_10092018.txt
[15:30:23] plasmid_files_fasta/KX928752.1_results/PROKKA_10092018.gff
[15:30:23] Annotation finished successfully.
[15:30:23] Walltime used: 0.07 minutes
[15:30:23] If you use this result please cite the Prokka paper:
[15:30:23] Seemann T (2014) Prokka: rapid prokaryotic genome annotation. Bioinformatics. 30(14):2068-9.
[15:30:23] Type 'prokka --citation' for more details.
[15:30:23] Thank you, come again.
