[15:26:41] This is prokka 1.14-dev
[15:26:41] Written by Torsten Seemann <torsten.seemann@gmail.com>
[15:26:41] Homepage is https://github.com/tseemann/prokka
[15:26:41] Local time is Tue Oct  9 15:26:41 2018
[15:26:41] You are christian
[15:26:41] Operating system is linux
[15:26:41] You have BioPerl 1.007002
[15:26:41] System has 20 cores.
[15:26:41] Will use maximum of 20 cores.
[15:26:41] Annotating as >>> Bacteria <<<
[15:26:41] Generating locus_tag from 'plasmid_files_fasta/KC788405.1.fasta' contents.
[15:26:41] Setting --locustag LKKNJIII from MD5 54473222c5f3bcf295ce483997f09ca4
[15:26:41] Creating new output folder: plasmid_files_fasta/KC788405.1_results
[15:26:41] Running: mkdir -p plasmid_files_fasta\/KC788405\.1_results
[15:26:41] Using filename prefix: PROKKA_10092018.XXX
[15:26:41] Setting HMMER_NCPU=1
[15:26:41] Writing log to: plasmid_files_fasta/KC788405.1_results/PROKKA_10092018.log
[15:26:41] Command: /home/christian/install/prokka/bin/prokka plasmid_files_fasta/KC788405.1.fasta --outdir plasmid_files_fasta/KC788405.1_results --cpus 20 --force
[15:26:41] Appending to PATH: /home/christian/install/prokka/bin/../binaries/linux
[15:26:41] Appending to PATH: /home/christian/install/prokka/bin/../binaries/linux/../common
[15:26:41] Appending to PATH: /home/christian/install/prokka/bin
[15:26:41] Looking for 'aragorn' - found /home/christian/install/prokka/bin/../binaries/linux/aragorn
[15:26:41] Determined aragorn version is 1.2
[15:26:41] Looking for 'blastp' - found /usr/bin/blastp
[15:26:41] Determined blastp version is 2.2
[15:26:41] Looking for 'cmpress' - found /usr/local/bin/cmpress
[15:26:41] Determined cmpress version is 1.1
[15:26:41] Looking for 'cmscan' - found /usr/local/bin/cmscan
[15:26:41] Determined cmscan version is 1.1
[15:26:41] Looking for 'egrep' - found /bin/egrep
[15:26:41] Looking for 'find' - found /usr/bin/find
[15:26:41] Looking for 'grep' - found /bin/grep
[15:26:41] Looking for 'hmmpress' - found /usr/local/bin/hmmpress
[15:26:41] Determined hmmpress version is 3.1
[15:26:41] Looking for 'hmmscan' - found /usr/local/bin/hmmscan
[15:26:41] Determined hmmscan version is 3.1
[15:26:41] Looking for 'java' - found /usr/bin/java
[15:26:41] Looking for 'less' - found /usr/bin/less
[15:26:41] Looking for 'makeblastdb' - found /usr/bin/makeblastdb
[15:26:41] Determined makeblastdb version is 2.2
[15:26:41] Looking for 'minced' - found /home/christian/install/prokka/bin/../binaries/linux/../common/minced
[15:26:41] Determined minced version is 2.0
[15:26:41] Looking for 'parallel' - found /usr/bin/parallel
[15:26:41] Determined parallel version is 20141022
[15:26:41] Looking for 'prodigal' - found /usr/local/bin/prodigal
[15:26:41] Determined prodigal version is 2.6
[15:26:41] Looking for 'prokka-genbank_to_fasta_db' - found /home/christian/install/prokka/bin/prokka-genbank_to_fasta_db
[15:26:41] Looking for 'sed' - found /bin/sed
[15:26:41] Looking for 'tbl2asn' - found /home/christian/install/prokka/bin/../binaries/linux/tbl2asn
[15:26:41] Determined tbl2asn version is 25.6
[15:26:41] Using genetic code table 11.
[15:26:41] Loading and checking input file: plasmid_files_fasta/KC788405.1.fasta
[15:26:41] Wrote 1 contigs totalling 145401 bp.
[15:26:41] Predicting tRNAs and tmRNAs
[15:26:41] Running: aragorn -l -gc11  -w plasmid_files_fasta\/KC788405\.1_results\/PROKKA_10092018\.fna
[15:26:41] 1 tRNA-Thr c[75341,75412] 34 (ggt)
[15:26:41] Found 1 tRNAs
[15:26:41] Predicting Ribosomal RNAs
[15:26:41] You need either Barrnap or RNAmmer installed to predict rRNAs!
[15:26:41] Skipping ncRNA search, enable with --rfam if desired.
[15:26:41] Total of 1 tRNA + rRNA features
[15:26:41] Searching for CRISPR repeats
[15:26:42] Found 0 CRISPRs
[15:26:42] Predicting coding sequences
[15:26:42] Contigs total 145401 bp, so using single mode
[15:26:42] Running: prodigal -i plasmid_files_fasta\/KC788405\.1_results\/PROKKA_10092018\.fna -c -m -g 11 -p single -f sco -q
[15:26:42] Excluding CDS which overlaps existing RNA (tRNA) at KC788405.1:74588..75964 on + strand
[15:26:42] Found 170 CDS
[15:26:42] Connecting features back to sequences
[15:26:42] Not using genus-specific database. Try --usegenus to enable it.
[15:26:42] Annotating CDS, please be patient.
[15:26:42] Will use 20 CPUs for similarity searching.
[15:26:42] There are still 170 unannotated CDS left (started with 170)
[15:26:42] Will use blast to search against /home/christian/install/prokka/db/kingdom/Bacteria/sprot with 20 CPUs
[15:26:42] Running: cat plasmid_files_fasta\/KC788405\.1_results\/sprot\.faa | parallel --gnu --plain -j 20 --block 1016 --recstart '>' --pipe blastp -query - -db /home/christian/install/prokka/db/kingdom/Bacteria/sprot -evalue 1e-06 -num_threads 1 -num_descriptions 1 -num_alignments 1 -seg no > plasmid_files_fasta\/KC788405\.1_results\/sprot\.blast 2> /dev/null
[15:26:43] Modify product: UPF0401 protein YkfF => hypothetical protein
[15:26:43] Modify product: Uncharacterized protein YcjY => putative protein YcjY
[15:26:43] Modify product: Uncharacterized protein YggR => putative protein YggR
[15:26:43] Cleaned 3 /product names
[15:26:43] Deleting unwanted file: plasmid_files_fasta/KC788405.1_results/sprot.faa
[15:26:43] Deleting unwanted file: plasmid_files_fasta/KC788405.1_results/sprot.blast
[15:26:43] There are still 123 unannotated CDS left (started with 170)
[15:26:43] Will use hmmer3 to search against /home/christian/install/prokka/db/hmm/HAMAP.hmm with 20 CPUs
[15:26:43] Running: cat plasmid_files_fasta\/KC788405\.1_results\/HAMAP\.hmm\.faa | parallel --gnu --plain -j 20 --block 634 --recstart '>' --pipe hmmscan --noali --notextw --acc -E 1e-06 --cpu 1 /home/christian/install/prokka/db/hmm/HAMAP.hmm /dev/stdin > plasmid_files_fasta\/KC788405\.1_results\/HAMAP\.hmm\.hmmer3 2> /dev/null
[15:26:44] Deleting unwanted file: plasmid_files_fasta/KC788405.1_results/HAMAP.hmm.faa
[15:26:44] Deleting unwanted file: plasmid_files_fasta/KC788405.1_results/HAMAP.hmm.hmmer3
[15:26:44] Labelling remaining 120 proteins as 'hypothetical protein'
[15:26:44] Possible /pseudo 'Multifunctional conjugation protein TraI' at KC788405.1 position 47776
[15:26:44] Found 38 unique /gene codes.
[15:26:44] Fixed 2 duplicate /gene - klcA_1 klcA_2
[15:26:44] Fixed 2 duplicate /gene - tnpR_1 tnpR_2
[15:26:44] Fixed 2 duplicate /gene - pndA_1 pndA_2
[15:26:44] Fixed 2 duplicate /gene - umuC_1 umuC_2
[15:26:44] Fixed 2 duplicate /gene - umuD_1 umuD_2
[15:26:44] Fixed 4 duplicate /gene - traI_1 traI_2 traI_3 traI_4
[15:26:44] Fixed 3 duplicate /gene - bla_1 bla_2 bla_3
[15:26:44] Fixed 2 duplicate /gene - traD_1 traD_2
[15:26:44] Fixed 8 colliding /gene names.
[15:26:44] Adding /locus_tag identifiers
[15:26:44] Assigned 171 locus_tags to CDS and RNA features.
[15:26:44] Writing outputs to plasmid_files_fasta/KC788405.1_results/
[15:26:44] Generating annotation statistics file
[15:26:44] Generating Genbank and Sequin files
[15:26:44] Running: tbl2asn -V b -a r10k -l paired-ends -M n -N 1 -y 'Annotated using prokka 1.14-dev from https://github.com/tseemann/prokka' -Z plasmid_files_fasta\/KC788405\.1_results\/PROKKA_10092018\.err -i plasmid_files_fasta\/KC788405\.1_results\/PROKKA_10092018\.fsa 2> /dev/null
[15:26:44] Deleting unwanted file: plasmid_files_fasta/KC788405.1_results/errorsummary.val
[15:26:44] Deleting unwanted file: plasmid_files_fasta/KC788405.1_results/PROKKA_10092018.dr
[15:26:44] Deleting unwanted file: plasmid_files_fasta/KC788405.1_results/PROKKA_10092018.fixedproducts
[15:26:44] Deleting unwanted file: plasmid_files_fasta/KC788405.1_results/PROKKA_10092018.ecn
[15:26:44] Deleting unwanted file: plasmid_files_fasta/KC788405.1_results/PROKKA_10092018.val
[15:26:44] Repairing broken .GBK output that tbl2asn produces...
[15:26:44] Running: sed 's/COORDINATES: profile/COORDINATES:profile/' < plasmid_files_fasta\/KC788405\.1_results\/PROKKA_10092018\.gbf > plasmid_files_fasta\/KC788405\.1_results\/PROKKA_10092018\.gbk
[15:26:44] Deleting unwanted file: plasmid_files_fasta/KC788405.1_results/PROKKA_10092018.gbf
[15:26:44] Output files:
[15:26:44] plasmid_files_fasta/KC788405.1_results/PROKKA_10092018.ffn
[15:26:44] plasmid_files_fasta/KC788405.1_results/PROKKA_10092018.tbl
[15:26:44] plasmid_files_fasta/KC788405.1_results/PROKKA_10092018.log
[15:26:44] plasmid_files_fasta/KC788405.1_results/PROKKA_10092018.fna
[15:26:44] plasmid_files_fasta/KC788405.1_results/PROKKA_10092018.fsa
[15:26:44] plasmid_files_fasta/KC788405.1_results/PROKKA_10092018.tsv
[15:26:44] plasmid_files_fasta/KC788405.1_results/PROKKA_10092018.faa
[15:26:44] plasmid_files_fasta/KC788405.1_results/PROKKA_10092018.gbk
[15:26:44] plasmid_files_fasta/KC788405.1_results/PROKKA_10092018.sqn
[15:26:44] plasmid_files_fasta/KC788405.1_results/PROKKA_10092018.err
[15:26:44] plasmid_files_fasta/KC788405.1_results/PROKKA_10092018.txt
[15:26:44] plasmid_files_fasta/KC788405.1_results/PROKKA_10092018.gff
[15:26:44] Annotation finished successfully.
[15:26:44] Walltime used: 0.05 minutes
[15:26:44] If you use this result please cite the Prokka paper:
[15:26:44] Seemann T (2014) Prokka: rapid prokaryotic genome annotation. Bioinformatics. 30(14):2068-9.
[15:26:44] Type 'prokka --citation' for more details.
[15:26:44] Share and enjoy!
