[15:23:19] This is prokka 1.14-dev
[15:23:19] Written by Torsten Seemann <torsten.seemann@gmail.com>
[15:23:19] Homepage is https://github.com/tseemann/prokka
[15:23:19] Local time is Tue Oct  9 15:23:19 2018
[15:23:19] You are christian
[15:23:19] Operating system is linux
[15:23:19] You have BioPerl 1.007002
[15:23:19] System has 20 cores.
[15:23:19] Will use maximum of 20 cores.
[15:23:19] Annotating as >>> Bacteria <<<
[15:23:19] Generating locus_tag from 'plasmid_files_fasta/CP028181.1.fasta' contents.
[15:23:19] Setting --locustag AIFPHIAO from MD5 a2f912a8fc515d90a9639dcb581efb6e
[15:23:19] Creating new output folder: plasmid_files_fasta/CP028181.1_results
[15:23:19] Running: mkdir -p plasmid_files_fasta\/CP028181\.1_results
[15:23:19] Using filename prefix: PROKKA_10092018.XXX
[15:23:19] Setting HMMER_NCPU=1
[15:23:19] Writing log to: plasmid_files_fasta/CP028181.1_results/PROKKA_10092018.log
[15:23:19] Command: /home/christian/install/prokka/bin/prokka plasmid_files_fasta/CP028181.1.fasta --outdir plasmid_files_fasta/CP028181.1_results --cpus 20 --force
[15:23:19] Appending to PATH: /home/christian/install/prokka/bin/../binaries/linux
[15:23:19] Appending to PATH: /home/christian/install/prokka/bin/../binaries/linux/../common
[15:23:19] Appending to PATH: /home/christian/install/prokka/bin
[15:23:19] Looking for 'aragorn' - found /home/christian/install/prokka/bin/../binaries/linux/aragorn
[15:23:19] Determined aragorn version is 1.2
[15:23:19] Looking for 'blastp' - found /usr/bin/blastp
[15:23:19] Determined blastp version is 2.2
[15:23:19] Looking for 'cmpress' - found /usr/local/bin/cmpress
[15:23:19] Determined cmpress version is 1.1
[15:23:19] Looking for 'cmscan' - found /usr/local/bin/cmscan
[15:23:19] Determined cmscan version is 1.1
[15:23:19] Looking for 'egrep' - found /bin/egrep
[15:23:19] Looking for 'find' - found /usr/bin/find
[15:23:19] Looking for 'grep' - found /bin/grep
[15:23:19] Looking for 'hmmpress' - found /usr/local/bin/hmmpress
[15:23:19] Determined hmmpress version is 3.1
[15:23:19] Looking for 'hmmscan' - found /usr/local/bin/hmmscan
[15:23:19] Determined hmmscan version is 3.1
[15:23:19] Looking for 'java' - found /usr/bin/java
[15:23:19] Looking for 'less' - found /usr/bin/less
[15:23:19] Looking for 'makeblastdb' - found /usr/bin/makeblastdb
[15:23:19] Determined makeblastdb version is 2.2
[15:23:19] Looking for 'minced' - found /home/christian/install/prokka/bin/../binaries/linux/../common/minced
[15:23:19] Determined minced version is 2.0
[15:23:19] Looking for 'parallel' - found /usr/bin/parallel
[15:23:19] Determined parallel version is 20141022
[15:23:19] Looking for 'prodigal' - found /usr/local/bin/prodigal
[15:23:19] Determined prodigal version is 2.6
[15:23:19] Looking for 'prokka-genbank_to_fasta_db' - found /home/christian/install/prokka/bin/prokka-genbank_to_fasta_db
[15:23:19] Looking for 'sed' - found /bin/sed
[15:23:19] Looking for 'tbl2asn' - found /home/christian/install/prokka/bin/../binaries/linux/tbl2asn
[15:23:19] Determined tbl2asn version is 25.6
[15:23:19] Using genetic code table 11.
[15:23:19] Loading and checking input file: plasmid_files_fasta/CP028181.1.fasta
[15:23:19] Wrote 1 contigs totalling 227967 bp.
[15:23:19] Predicting tRNAs and tmRNAs
[15:23:19] Running: aragorn -l -gc11  -w plasmid_files_fasta\/CP028181\.1_results\/PROKKA_10092018\.fna
[15:23:19] Found 0 tRNAs
[15:23:19] Predicting Ribosomal RNAs
[15:23:19] You need either Barrnap or RNAmmer installed to predict rRNAs!
[15:23:19] Skipping ncRNA search, enable with --rfam if desired.
[15:23:19] Total of 0 tRNA + rRNA features
[15:23:19] Searching for CRISPR repeats
[15:23:19] Found 0 CRISPRs
[15:23:19] Predicting coding sequences
[15:23:19] Contigs total 227967 bp, so using single mode
[15:23:19] Running: prodigal -i plasmid_files_fasta\/CP028181\.1_results\/PROKKA_10092018\.fna -c -m -g 11 -p single -f sco -q
[15:23:20] Found 242 CDS
[15:23:20] Connecting features back to sequences
[15:23:20] Not using genus-specific database. Try --usegenus to enable it.
[15:23:20] Annotating CDS, please be patient.
[15:23:20] Will use 20 CPUs for similarity searching.
[15:23:20] There are still 242 unannotated CDS left (started with 242)
[15:23:20] Will use blast to search against /home/christian/install/prokka/db/kingdom/Bacteria/sprot with 20 CPUs
[15:23:20] Running: cat plasmid_files_fasta\/CP028181\.1_results\/sprot\.faa | parallel --gnu --plain -j 20 --block 1634 --recstart '>' --pipe blastp -query - -db /home/christian/install/prokka/db/kingdom/Bacteria/sprot -evalue 1e-06 -num_threads 1 -num_descriptions 1 -num_alignments 1 -seg no > plasmid_files_fasta\/CP028181\.1_results\/sprot\.blast 2> /dev/null
[15:23:21] Modify product: Protease HtpX homolog => Protease HtpX 
[15:23:21] Modify product: Probable multidrug-efflux transporter Rv1258c => putative multidrug-efflux transporter
[15:23:21] Modify product: Probable cyclic di-GMP phosphodiesterase PdeK => putative cyclic di-GMP phosphodiesterase PdeK
[15:23:21] Modify product: Probable phosphite transport system-binding protein PtxB => putative phosphite transport system-binding protein PtxB
[15:23:21] Modify product: Probable RNA polymerase sigma factor FecI => putative RNA polymerase sigma factor FecI
[15:23:21] Modify product: Probable chromate transport protein => putative chromate transport protein
[15:23:21] Modify product: Zinc-type alcohol dehydrogenase-like protein SA1988 => Zinc-type alcohol dehydrogenase-like protein
[15:23:22] Modify product: UPF0401 protein YkfF => hypothetical protein
[15:23:22] Modify product: Probable copper-binding protein PcoE => putative copper-binding protein PcoE
[15:23:22] Modify product: Probable cyclic di-GMP phosphodiesterase PdeB => putative cyclic di-GMP phosphodiesterase PdeB
[15:23:22] Modify product: Uncharacterized protein Rv1290c => putative protein
[15:23:22] Cleaned 11 /product names
[15:23:22] Deleting unwanted file: plasmid_files_fasta/CP028181.1_results/sprot.faa
[15:23:22] Deleting unwanted file: plasmid_files_fasta/CP028181.1_results/sprot.blast
[15:23:22] There are still 138 unannotated CDS left (started with 242)
[15:23:22] Will use hmmer3 to search against /home/christian/install/prokka/db/hmm/HAMAP.hmm with 20 CPUs
[15:23:22] Running: cat plasmid_files_fasta\/CP028181\.1_results\/HAMAP\.hmm\.faa | parallel --gnu --plain -j 20 --block 746 --recstart '>' --pipe hmmscan --noali --notextw --acc -E 1e-06 --cpu 1 /home/christian/install/prokka/db/hmm/HAMAP.hmm /dev/stdin > plasmid_files_fasta\/CP028181\.1_results\/HAMAP\.hmm\.hmmer3 2> /dev/null
[15:23:22] Deleting unwanted file: plasmid_files_fasta/CP028181.1_results/HAMAP.hmm.faa
[15:23:22] Deleting unwanted file: plasmid_files_fasta/CP028181.1_results/HAMAP.hmm.hmmer3
[15:23:22] Labelling remaining 138 proteins as 'hypothetical protein'
[15:23:22] Possible /pseudo 'Beta-lactamase OXA-18' at CP028181.1 position 84112
[15:23:22] Possible /pseudo 'Arsenical pump-driving ATPase' at CP028181.1 position 220277
[15:23:22] Found 88 unique /gene codes.
[15:23:22] Fixed 3 duplicate /gene - arsA_1 arsA_2 arsA_3
[15:23:22] Fixed 2 duplicate /gene - cusS_1 cusS_2
[15:23:22] Fixed 4 duplicate /gene - bla_1 bla_2 bla_3 bla_4
[15:23:22] Fixed 3 duplicate /gene - xerD_1 xerD_2 xerD_3
[15:23:22] Fixed 2 duplicate /gene - arsD_1 arsD_2
[15:23:22] Fixed 2 duplicate /gene - silE_1 silE_2
[15:23:22] Fixed 6 colliding /gene names.
[15:23:22] Adding /locus_tag identifiers
[15:23:22] Assigned 242 locus_tags to CDS and RNA features.
[15:23:22] Writing outputs to plasmid_files_fasta/CP028181.1_results/
[15:23:23] Generating annotation statistics file
[15:23:23] Generating Genbank and Sequin files
[15:23:23] Running: tbl2asn -V b -a r10k -l paired-ends -M n -N 1 -y 'Annotated using prokka 1.14-dev from https://github.com/tseemann/prokka' -Z plasmid_files_fasta\/CP028181\.1_results\/PROKKA_10092018\.err -i plasmid_files_fasta\/CP028181\.1_results\/PROKKA_10092018\.fsa 2> /dev/null
[15:23:23] Deleting unwanted file: plasmid_files_fasta/CP028181.1_results/errorsummary.val
[15:23:23] Deleting unwanted file: plasmid_files_fasta/CP028181.1_results/PROKKA_10092018.dr
[15:23:23] Deleting unwanted file: plasmid_files_fasta/CP028181.1_results/PROKKA_10092018.fixedproducts
[15:23:23] Deleting unwanted file: plasmid_files_fasta/CP028181.1_results/PROKKA_10092018.ecn
[15:23:23] Deleting unwanted file: plasmid_files_fasta/CP028181.1_results/PROKKA_10092018.val
[15:23:23] Repairing broken .GBK output that tbl2asn produces...
[15:23:23] Running: sed 's/COORDINATES: profile/COORDINATES:profile/' < plasmid_files_fasta\/CP028181\.1_results\/PROKKA_10092018\.gbf > plasmid_files_fasta\/CP028181\.1_results\/PROKKA_10092018\.gbk
[15:23:23] Deleting unwanted file: plasmid_files_fasta/CP028181.1_results/PROKKA_10092018.gbf
[15:23:23] Output files:
[15:23:23] plasmid_files_fasta/CP028181.1_results/PROKKA_10092018.ffn
[15:23:23] plasmid_files_fasta/CP028181.1_results/PROKKA_10092018.tbl
[15:23:23] plasmid_files_fasta/CP028181.1_results/PROKKA_10092018.log
[15:23:23] plasmid_files_fasta/CP028181.1_results/PROKKA_10092018.fna
[15:23:23] plasmid_files_fasta/CP028181.1_results/PROKKA_10092018.fsa
[15:23:23] plasmid_files_fasta/CP028181.1_results/PROKKA_10092018.tsv
[15:23:23] plasmid_files_fasta/CP028181.1_results/PROKKA_10092018.faa
[15:23:23] plasmid_files_fasta/CP028181.1_results/PROKKA_10092018.gbk
[15:23:23] plasmid_files_fasta/CP028181.1_results/PROKKA_10092018.sqn
[15:23:23] plasmid_files_fasta/CP028181.1_results/PROKKA_10092018.err
[15:23:23] plasmid_files_fasta/CP028181.1_results/PROKKA_10092018.txt
[15:23:23] plasmid_files_fasta/CP028181.1_results/PROKKA_10092018.gff
[15:23:23] Annotation finished successfully.
[15:23:23] Walltime used: 0.07 minutes
[15:23:23] If you use this result please cite the Prokka paper:
[15:23:23] Seemann T (2014) Prokka: rapid prokaryotic genome annotation. Bioinformatics. 30(14):2068-9.
[15:23:23] Type 'prokka --citation' for more details.
[15:23:23] Thank you, come again.
