[15:18:18] This is prokka 1.14-dev
[15:18:18] Written by Torsten Seemann <torsten.seemann@gmail.com>
[15:18:18] Homepage is https://github.com/tseemann/prokka
[15:18:18] Local time is Tue Oct  9 15:18:18 2018
[15:18:18] You are christian
[15:18:18] Operating system is linux
[15:18:18] You have BioPerl 1.007002
[15:18:18] System has 20 cores.
[15:18:18] Will use maximum of 20 cores.
[15:18:18] Annotating as >>> Bacteria <<<
[15:18:18] Generating locus_tag from 'plasmid_files_fasta/CP021548.1.fasta' contents.
[15:18:18] Setting --locustag NBCLGKKG from MD5 7bc50440a1ea78dd6ae78506051a4fd5
[15:18:18] Creating new output folder: plasmid_files_fasta/CP021548.1_results
[15:18:18] Running: mkdir -p plasmid_files_fasta\/CP021548\.1_results
[15:18:18] Using filename prefix: PROKKA_10092018.XXX
[15:18:18] Setting HMMER_NCPU=1
[15:18:18] Writing log to: plasmid_files_fasta/CP021548.1_results/PROKKA_10092018.log
[15:18:18] Command: /home/christian/install/prokka/bin/prokka plasmid_files_fasta/CP021548.1.fasta --outdir plasmid_files_fasta/CP021548.1_results --cpus 20 --force
[15:18:18] Appending to PATH: /home/christian/install/prokka/bin/../binaries/linux
[15:18:18] Appending to PATH: /home/christian/install/prokka/bin/../binaries/linux/../common
[15:18:18] Appending to PATH: /home/christian/install/prokka/bin
[15:18:18] Looking for 'aragorn' - found /home/christian/install/prokka/bin/../binaries/linux/aragorn
[15:18:18] Determined aragorn version is 1.2
[15:18:18] Looking for 'blastp' - found /usr/bin/blastp
[15:18:18] Determined blastp version is 2.2
[15:18:18] Looking for 'cmpress' - found /usr/local/bin/cmpress
[15:18:18] Determined cmpress version is 1.1
[15:18:18] Looking for 'cmscan' - found /usr/local/bin/cmscan
[15:18:18] Determined cmscan version is 1.1
[15:18:18] Looking for 'egrep' - found /bin/egrep
[15:18:18] Looking for 'find' - found /usr/bin/find
[15:18:18] Looking for 'grep' - found /bin/grep
[15:18:18] Looking for 'hmmpress' - found /usr/local/bin/hmmpress
[15:18:18] Determined hmmpress version is 3.1
[15:18:18] Looking for 'hmmscan' - found /usr/local/bin/hmmscan
[15:18:18] Determined hmmscan version is 3.1
[15:18:18] Looking for 'java' - found /usr/bin/java
[15:18:18] Looking for 'less' - found /usr/bin/less
[15:18:18] Looking for 'makeblastdb' - found /usr/bin/makeblastdb
[15:18:18] Determined makeblastdb version is 2.2
[15:18:18] Looking for 'minced' - found /home/christian/install/prokka/bin/../binaries/linux/../common/minced
[15:18:18] Determined minced version is 2.0
[15:18:18] Looking for 'parallel' - found /usr/bin/parallel
[15:18:19] Determined parallel version is 20141022
[15:18:19] Looking for 'prodigal' - found /usr/local/bin/prodigal
[15:18:19] Determined prodigal version is 2.6
[15:18:19] Looking for 'prokka-genbank_to_fasta_db' - found /home/christian/install/prokka/bin/prokka-genbank_to_fasta_db
[15:18:19] Looking for 'sed' - found /bin/sed
[15:18:19] Looking for 'tbl2asn' - found /home/christian/install/prokka/bin/../binaries/linux/tbl2asn
[15:18:19] Determined tbl2asn version is 25.6
[15:18:19] Using genetic code table 11.
[15:18:19] Loading and checking input file: plasmid_files_fasta/CP021548.1.fasta
[15:18:19] Wrote 1 contigs totalling 22633 bp.
[15:18:19] Predicting tRNAs and tmRNAs
[15:18:19] Running: aragorn -l -gc11  -w plasmid_files_fasta\/CP021548\.1_results\/PROKKA_10092018\.fna
[15:18:19] Found 0 tRNAs
[15:18:19] Predicting Ribosomal RNAs
[15:18:19] You need either Barrnap or RNAmmer installed to predict rRNAs!
[15:18:19] Skipping ncRNA search, enable with --rfam if desired.
[15:18:19] Total of 0 tRNA + rRNA features
[15:18:19] Searching for CRISPR repeats
[15:18:19] Found 0 CRISPRs
[15:18:19] Predicting coding sequences
[15:18:19] Contigs total 22633 bp, so using meta mode
[15:18:19] Running: prodigal -i plasmid_files_fasta\/CP021548\.1_results\/PROKKA_10092018\.fna -c -m -g 11 -p meta -f sco -q
[15:18:19] Found 21 CDS
[15:18:19] Connecting features back to sequences
[15:18:19] Not using genus-specific database. Try --usegenus to enable it.
[15:18:19] Annotating CDS, please be patient.
[15:18:19] Will use 20 CPUs for similarity searching.
[15:18:19] There are still 21 unannotated CDS left (started with 21)
[15:18:19] Will use blast to search against /home/christian/install/prokka/db/kingdom/Bacteria/sprot with 20 CPUs
[15:18:19] Running: cat plasmid_files_fasta\/CP021548\.1_results\/sprot\.faa | parallel --gnu --plain -j 20 --block 153 --recstart '>' --pipe blastp -query - -db /home/christian/install/prokka/db/kingdom/Bacteria/sprot -evalue 1e-06 -num_threads 1 -num_descriptions 1 -num_alignments 1 -seg no > plasmid_files_fasta\/CP021548\.1_results\/sprot\.blast 2> /dev/null
[15:18:20] Deleting unwanted file: plasmid_files_fasta/CP021548.1_results/sprot.faa
[15:18:20] Deleting unwanted file: plasmid_files_fasta/CP021548.1_results/sprot.blast
[15:18:20] There are still 12 unannotated CDS left (started with 21)
[15:18:20] Will use hmmer3 to search against /home/christian/install/prokka/db/hmm/HAMAP.hmm with 20 CPUs
[15:18:20] Running: cat plasmid_files_fasta\/CP021548\.1_results\/HAMAP\.hmm\.faa | parallel --gnu --plain -j 20 --block 95 --recstart '>' --pipe hmmscan --noali --notextw --acc -E 1e-06 --cpu 1 /home/christian/install/prokka/db/hmm/HAMAP.hmm /dev/stdin > plasmid_files_fasta\/CP021548\.1_results\/HAMAP\.hmm\.hmmer3 2> /dev/null
[15:18:20] Deleting unwanted file: plasmid_files_fasta/CP021548.1_results/HAMAP.hmm.faa
[15:18:20] Deleting unwanted file: plasmid_files_fasta/CP021548.1_results/HAMAP.hmm.hmmer3
[15:18:20] Labelling remaining 12 proteins as 'hypothetical protein'
[15:18:20] Found 8 unique /gene codes.
[15:18:20] Fixed 0 colliding /gene names.
[15:18:20] Adding /locus_tag identifiers
[15:18:20] Assigned 21 locus_tags to CDS and RNA features.
[15:18:20] Writing outputs to plasmid_files_fasta/CP021548.1_results/
[15:18:20] Generating annotation statistics file
[15:18:20] Generating Genbank and Sequin files
[15:18:20] Running: tbl2asn -V b -a r10k -l paired-ends -M n -N 1 -y 'Annotated using prokka 1.14-dev from https://github.com/tseemann/prokka' -Z plasmid_files_fasta\/CP021548\.1_results\/PROKKA_10092018\.err -i plasmid_files_fasta\/CP021548\.1_results\/PROKKA_10092018\.fsa 2> /dev/null
[15:18:20] Deleting unwanted file: plasmid_files_fasta/CP021548.1_results/errorsummary.val
[15:18:20] Deleting unwanted file: plasmid_files_fasta/CP021548.1_results/PROKKA_10092018.dr
[15:18:20] Deleting unwanted file: plasmid_files_fasta/CP021548.1_results/PROKKA_10092018.fixedproducts
[15:18:20] Deleting unwanted file: plasmid_files_fasta/CP021548.1_results/PROKKA_10092018.ecn
[15:18:20] Deleting unwanted file: plasmid_files_fasta/CP021548.1_results/PROKKA_10092018.val
[15:18:20] Repairing broken .GBK output that tbl2asn produces...
[15:18:20] Running: sed 's/COORDINATES: profile/COORDINATES:profile/' < plasmid_files_fasta\/CP021548\.1_results\/PROKKA_10092018\.gbf > plasmid_files_fasta\/CP021548\.1_results\/PROKKA_10092018\.gbk
[15:18:20] Deleting unwanted file: plasmid_files_fasta/CP021548.1_results/PROKKA_10092018.gbf
[15:18:20] Output files:
[15:18:20] plasmid_files_fasta/CP021548.1_results/PROKKA_10092018.ffn
[15:18:20] plasmid_files_fasta/CP021548.1_results/PROKKA_10092018.tbl
[15:18:20] plasmid_files_fasta/CP021548.1_results/PROKKA_10092018.log
[15:18:20] plasmid_files_fasta/CP021548.1_results/PROKKA_10092018.fna
[15:18:20] plasmid_files_fasta/CP021548.1_results/PROKKA_10092018.fsa
[15:18:20] plasmid_files_fasta/CP021548.1_results/PROKKA_10092018.tsv
[15:18:20] plasmid_files_fasta/CP021548.1_results/PROKKA_10092018.faa
[15:18:20] plasmid_files_fasta/CP021548.1_results/PROKKA_10092018.gbk
[15:18:20] plasmid_files_fasta/CP021548.1_results/PROKKA_10092018.sqn
[15:18:20] plasmid_files_fasta/CP021548.1_results/PROKKA_10092018.err
[15:18:20] plasmid_files_fasta/CP021548.1_results/PROKKA_10092018.txt
[15:18:20] plasmid_files_fasta/CP021548.1_results/PROKKA_10092018.gff
[15:18:20] Annotation finished successfully.
[15:18:20] Walltime used: 0.03 minutes
[15:18:20] If you use this result please cite the Prokka paper:
[15:18:20] Seemann T (2014) Prokka: rapid prokaryotic genome annotation. Bioinformatics. 30(14):2068-9.
[15:18:20] Type 'prokka --citation' for more details.
[15:18:20] Thank you, come again.
