[15:26:37] This is prokka 1.14-dev
[15:26:37] Written by Torsten Seemann <torsten.seemann@gmail.com>
[15:26:37] Homepage is https://github.com/tseemann/prokka
[15:26:37] Local time is Tue Oct  9 15:26:37 2018
[15:26:37] You are christian
[15:26:37] Operating system is linux
[15:26:37] You have BioPerl 1.007002
[15:26:37] System has 20 cores.
[15:26:37] Will use maximum of 20 cores.
[15:26:37] Annotating as >>> Bacteria <<<
[15:26:37] Generating locus_tag from 'plasmid_files_fasta/KC609322.1.fasta' contents.
[15:26:37] Setting --locustag GLMJGBOA from MD5 05630b8aefa4d2dfce3382dfedcf6ed1
[15:26:37] Creating new output folder: plasmid_files_fasta/KC609322.1_results
[15:26:37] Running: mkdir -p plasmid_files_fasta\/KC609322\.1_results
[15:26:37] Using filename prefix: PROKKA_10092018.XXX
[15:26:37] Setting HMMER_NCPU=1
[15:26:37] Writing log to: plasmid_files_fasta/KC609322.1_results/PROKKA_10092018.log
[15:26:37] Command: /home/christian/install/prokka/bin/prokka plasmid_files_fasta/KC609322.1.fasta --outdir plasmid_files_fasta/KC609322.1_results --cpus 20 --force
[15:26:37] Appending to PATH: /home/christian/install/prokka/bin/../binaries/linux
[15:26:37] Appending to PATH: /home/christian/install/prokka/bin/../binaries/linux/../common
[15:26:37] Appending to PATH: /home/christian/install/prokka/bin
[15:26:37] Looking for 'aragorn' - found /home/christian/install/prokka/bin/../binaries/linux/aragorn
[15:26:37] Determined aragorn version is 1.2
[15:26:37] Looking for 'blastp' - found /usr/bin/blastp
[15:26:37] Determined blastp version is 2.2
[15:26:37] Looking for 'cmpress' - found /usr/local/bin/cmpress
[15:26:37] Determined cmpress version is 1.1
[15:26:37] Looking for 'cmscan' - found /usr/local/bin/cmscan
[15:26:37] Determined cmscan version is 1.1
[15:26:37] Looking for 'egrep' - found /bin/egrep
[15:26:37] Looking for 'find' - found /usr/bin/find
[15:26:37] Looking for 'grep' - found /bin/grep
[15:26:37] Looking for 'hmmpress' - found /usr/local/bin/hmmpress
[15:26:37] Determined hmmpress version is 3.1
[15:26:37] Looking for 'hmmscan' - found /usr/local/bin/hmmscan
[15:26:37] Determined hmmscan version is 3.1
[15:26:37] Looking for 'java' - found /usr/bin/java
[15:26:37] Looking for 'less' - found /usr/bin/less
[15:26:37] Looking for 'makeblastdb' - found /usr/bin/makeblastdb
[15:26:37] Determined makeblastdb version is 2.2
[15:26:37] Looking for 'minced' - found /home/christian/install/prokka/bin/../binaries/linux/../common/minced
[15:26:37] Determined minced version is 2.0
[15:26:37] Looking for 'parallel' - found /usr/bin/parallel
[15:26:37] Determined parallel version is 20141022
[15:26:37] Looking for 'prodigal' - found /usr/local/bin/prodigal
[15:26:37] Determined prodigal version is 2.6
[15:26:37] Looking for 'prokka-genbank_to_fasta_db' - found /home/christian/install/prokka/bin/prokka-genbank_to_fasta_db
[15:26:37] Looking for 'sed' - found /bin/sed
[15:26:37] Looking for 'tbl2asn' - found /home/christian/install/prokka/bin/../binaries/linux/tbl2asn
[15:26:37] Determined tbl2asn version is 25.6
[15:26:37] Using genetic code table 11.
[15:26:37] Loading and checking input file: plasmid_files_fasta/KC609322.1.fasta
[15:26:37] Wrote 1 contigs totalling 7995 bp.
[15:26:37] Predicting tRNAs and tmRNAs
[15:26:37] Running: aragorn -l -gc11  -w plasmid_files_fasta\/KC609322\.1_results\/PROKKA_10092018\.fna
[15:26:37] Found 0 tRNAs
[15:26:37] Predicting Ribosomal RNAs
[15:26:37] You need either Barrnap or RNAmmer installed to predict rRNAs!
[15:26:37] Skipping ncRNA search, enable with --rfam if desired.
[15:26:37] Total of 0 tRNA + rRNA features
[15:26:37] Searching for CRISPR repeats
[15:26:37] Found 0 CRISPRs
[15:26:37] Predicting coding sequences
[15:26:37] Contigs total 7995 bp, so using meta mode
[15:26:37] Running: prodigal -i plasmid_files_fasta\/KC609322\.1_results\/PROKKA_10092018\.fna -c -m -g 11 -p meta -f sco -q
[15:26:38] Found 11 CDS
[15:26:38] Connecting features back to sequences
[15:26:38] Not using genus-specific database. Try --usegenus to enable it.
[15:26:38] Annotating CDS, please be patient.
[15:26:38] Will use 20 CPUs for similarity searching.
[15:26:38] There are still 11 unannotated CDS left (started with 11)
[15:26:38] Will use blast to search against /home/christian/install/prokka/db/kingdom/Bacteria/sprot with 20 CPUs
[15:26:38] Running: cat plasmid_files_fasta\/KC609322\.1_results\/sprot\.faa | parallel --gnu --plain -j 20 --block 51 --recstart '>' --pipe blastp -query - -db /home/christian/install/prokka/db/kingdom/Bacteria/sprot -evalue 1e-06 -num_threads 1 -num_descriptions 1 -num_alignments 1 -seg no > plasmid_files_fasta\/KC609322\.1_results\/sprot\.blast 2> /dev/null
[15:26:38] Deleting unwanted file: plasmid_files_fasta/KC609322.1_results/sprot.faa
[15:26:38] Deleting unwanted file: plasmid_files_fasta/KC609322.1_results/sprot.blast
[15:26:38] There are still 8 unannotated CDS left (started with 11)
[15:26:38] Will use hmmer3 to search against /home/christian/install/prokka/db/hmm/HAMAP.hmm with 20 CPUs
[15:26:38] Running: cat plasmid_files_fasta\/KC609322\.1_results\/HAMAP\.hmm\.faa | parallel --gnu --plain -j 20 --block 37 --recstart '>' --pipe hmmscan --noali --notextw --acc -E 1e-06 --cpu 1 /home/christian/install/prokka/db/hmm/HAMAP.hmm /dev/stdin > plasmid_files_fasta\/KC609322\.1_results\/HAMAP\.hmm\.hmmer3 2> /dev/null
[15:26:38] Deleting unwanted file: plasmid_files_fasta/KC609322.1_results/HAMAP.hmm.faa
[15:26:38] Deleting unwanted file: plasmid_files_fasta/KC609322.1_results/HAMAP.hmm.hmmer3
[15:26:38] Labelling remaining 8 proteins as 'hypothetical protein'
[15:26:38] Found 3 unique /gene codes.
[15:26:38] Fixed 0 colliding /gene names.
[15:26:38] Adding /locus_tag identifiers
[15:26:38] Assigned 11 locus_tags to CDS and RNA features.
[15:26:38] Writing outputs to plasmid_files_fasta/KC609322.1_results/
[15:26:38] Generating annotation statistics file
[15:26:38] Generating Genbank and Sequin files
[15:26:38] Running: tbl2asn -V b -a r10k -l paired-ends -M n -N 1 -y 'Annotated using prokka 1.14-dev from https://github.com/tseemann/prokka' -Z plasmid_files_fasta\/KC609322\.1_results\/PROKKA_10092018\.err -i plasmid_files_fasta\/KC609322\.1_results\/PROKKA_10092018\.fsa 2> /dev/null
[15:26:38] Deleting unwanted file: plasmid_files_fasta/KC609322.1_results/errorsummary.val
[15:26:38] Deleting unwanted file: plasmid_files_fasta/KC609322.1_results/PROKKA_10092018.dr
[15:26:38] Deleting unwanted file: plasmid_files_fasta/KC609322.1_results/PROKKA_10092018.fixedproducts
[15:26:38] Deleting unwanted file: plasmid_files_fasta/KC609322.1_results/PROKKA_10092018.ecn
[15:26:38] Deleting unwanted file: plasmid_files_fasta/KC609322.1_results/PROKKA_10092018.val
[15:26:38] Repairing broken .GBK output that tbl2asn produces...
[15:26:38] Running: sed 's/COORDINATES: profile/COORDINATES:profile/' < plasmid_files_fasta\/KC609322\.1_results\/PROKKA_10092018\.gbf > plasmid_files_fasta\/KC609322\.1_results\/PROKKA_10092018\.gbk
[15:26:38] Deleting unwanted file: plasmid_files_fasta/KC609322.1_results/PROKKA_10092018.gbf
[15:26:38] Output files:
[15:26:38] plasmid_files_fasta/KC609322.1_results/PROKKA_10092018.ffn
[15:26:38] plasmid_files_fasta/KC609322.1_results/PROKKA_10092018.tbl
[15:26:38] plasmid_files_fasta/KC609322.1_results/PROKKA_10092018.log
[15:26:38] plasmid_files_fasta/KC609322.1_results/PROKKA_10092018.fna
[15:26:38] plasmid_files_fasta/KC609322.1_results/PROKKA_10092018.fsa
[15:26:38] plasmid_files_fasta/KC609322.1_results/PROKKA_10092018.tsv
[15:26:38] plasmid_files_fasta/KC609322.1_results/PROKKA_10092018.faa
[15:26:38] plasmid_files_fasta/KC609322.1_results/PROKKA_10092018.gbk
[15:26:38] plasmid_files_fasta/KC609322.1_results/PROKKA_10092018.sqn
[15:26:38] plasmid_files_fasta/KC609322.1_results/PROKKA_10092018.err
[15:26:38] plasmid_files_fasta/KC609322.1_results/PROKKA_10092018.txt
[15:26:38] plasmid_files_fasta/KC609322.1_results/PROKKA_10092018.gff
[15:26:38] Annotation finished successfully.
[15:26:38] Walltime used: 0.02 minutes
[15:26:38] If you use this result please cite the Prokka paper:
[15:26:38] Seemann T (2014) Prokka: rapid prokaryotic genome annotation. Bioinformatics. 30(14):2068-9.
[15:26:38] Type 'prokka --citation' for more details.
[15:26:38] Share and enjoy!
