Discrepancy Report Results

Summary
FATAL: MISSING_PROTEIN_ID:80 proteins have invalid IDs.
DISC_SOURCE_QUALS_ASNDISC:strain (all present, all unique)
DISC_SOURCE_QUALS_ASNDISC:taxname (all present, all unique)
DISC_FEATURE_COUNT:CDS: 80 present
DISC_COUNT_NUCLEOTIDES:1 nucleotide Bioseqs are present
FEATURE_LOCATION_CONFLICT:80 features have inconsistent gene locations.
DISC_QUALITY_SCORES:Quality scores are missing on all sequences.
ONCALLER_COMMENT_PRESENT:1 comment descriptors were found (all same)
SHORT_PROT_SEQUENCES:1 protein sequences are shorter than 50 aa.
MISSING_GENOMEASSEMBLY_COMMENTS:1 bioseqs are missing GenomeAssembly structured comments
MOLTYPE_NOT_MRNA:1 molecule types are not set as mRNA.
TECHNIQUE_NOT_TSA:1 technique are not set as TSA
MISSING_STRUCTURED_COMMENT:1 sequences do not include structured comments.
MISSING_PROJECT:81 sequences do not include project.
DISC_INCONSISTENT_MOLINFO_TECH:Molinfo Technique Report (some missing, all same)


Detailed Report

FATAL: DiscRep_ALL:MISSING_PROTEIN_ID::80 proteins have invalid IDs.
plasmid_files_fasta/CP032197.1_results/PROKKA_10092018:CP032197.1_1 (length 417)
plasmid_files_fasta/CP032197.1_results/PROKKA_10092018:CP032197.1_2 (length 167)
plasmid_files_fasta/CP032197.1_results/PROKKA_10092018:CP032197.1_3 (length 136)
plasmid_files_fasta/CP032197.1_results/PROKKA_10092018:CP032197.1_4 (length 376)
plasmid_files_fasta/CP032197.1_results/PROKKA_10092018:CP032197.1_5 (length 89)
plasmid_files_fasta/CP032197.1_results/PROKKA_10092018:CP032197.1_6 (length 432)
plasmid_files_fasta/CP032197.1_results/PROKKA_10092018:CP032197.1_7 (length 252)
plasmid_files_fasta/CP032197.1_results/PROKKA_10092018:CP032197.1_8 (length 306)
plasmid_files_fasta/CP032197.1_results/PROKKA_10092018:CP032197.1_9 (length 123)
plasmid_files_fasta/CP032197.1_results/PROKKA_10092018:CP032197.1_10 (length 127)
plasmid_files_fasta/CP032197.1_results/PROKKA_10092018:CP032197.1_11 (length 439)
plasmid_files_fasta/CP032197.1_results/PROKKA_10092018:CP032197.1_12 (length 293)
plasmid_files_fasta/CP032197.1_results/PROKKA_10092018:CP032197.1_13 (length 259)
plasmid_files_fasta/CP032197.1_results/PROKKA_10092018:CP032197.1_14 (length 341)
plasmid_files_fasta/CP032197.1_results/PROKKA_10092018:CP032197.1_15 (length 1009)
plasmid_files_fasta/CP032197.1_results/PROKKA_10092018:CP032197.1_16 (length 571)
plasmid_files_fasta/CP032197.1_results/PROKKA_10092018:CP032197.1_17 (length 302)
plasmid_files_fasta/CP032197.1_results/PROKKA_10092018:CP032197.1_18 (length 185)
plasmid_files_fasta/CP032197.1_results/PROKKA_10092018:CP032197.1_19 (length 201)
plasmid_files_fasta/CP032197.1_results/PROKKA_10092018:CP032197.1_20 (length 258)
plasmid_files_fasta/CP032197.1_results/PROKKA_10092018:CP032197.1_21 (length 274)
plasmid_files_fasta/CP032197.1_results/PROKKA_10092018:CP032197.1_22 (length 83)
plasmid_files_fasta/CP032197.1_results/PROKKA_10092018:CP032197.1_23 (length 286)
plasmid_files_fasta/CP032197.1_results/PROKKA_10092018:CP032197.1_24 (length 179)
plasmid_files_fasta/CP032197.1_results/PROKKA_10092018:CP032197.1_25 (length 278)
plasmid_files_fasta/CP032197.1_results/PROKKA_10092018:CP032197.1_26 (length 267)
plasmid_files_fasta/CP032197.1_results/PROKKA_10092018:CP032197.1_27 (length 271)
plasmid_files_fasta/CP032197.1_results/PROKKA_10092018:CP032197.1_28 (length 58)
plasmid_files_fasta/CP032197.1_results/PROKKA_10092018:CP032197.1_29 (length 334)
plasmid_files_fasta/CP032197.1_results/PROKKA_10092018:CP032197.1_30 (length 568)
plasmid_files_fasta/CP032197.1_results/PROKKA_10092018:CP032197.1_31 (length 234)
plasmid_files_fasta/CP032197.1_results/PROKKA_10092018:CP032197.1_32 (length 103)
plasmid_files_fasta/CP032197.1_results/PROKKA_10092018:CP032197.1_33 (length 215)
plasmid_files_fasta/CP032197.1_results/PROKKA_10092018:CP032197.1_34 (length 167)
plasmid_files_fasta/CP032197.1_results/PROKKA_10092018:CP032197.1_35 (length 88)
plasmid_files_fasta/CP032197.1_results/PROKKA_10092018:CP032197.1_36 (length 477)
plasmid_files_fasta/CP032197.1_results/PROKKA_10092018:CP032197.1_37 (length 402)
plasmid_files_fasta/CP032197.1_results/PROKKA_10092018:CP032197.1_38 (length 254)
plasmid_files_fasta/CP032197.1_results/PROKKA_10092018:CP032197.1_39 (length 94)
plasmid_files_fasta/CP032197.1_results/PROKKA_10092018:CP032197.1_40 (length 157)
plasmid_files_fasta/CP032197.1_results/PROKKA_10092018:CP032197.1_41 (length 309)
plasmid_files_fasta/CP032197.1_results/PROKKA_10092018:CP032197.1_42 (length 234)
plasmid_files_fasta/CP032197.1_results/PROKKA_10092018:CP032197.1_43 (length 78)
plasmid_files_fasta/CP032197.1_results/PROKKA_10092018:CP032197.1_44 (length 138)
plasmid_files_fasta/CP032197.1_results/PROKKA_10092018:CP032197.1_45 (length 76)
plasmid_files_fasta/CP032197.1_results/PROKKA_10092018:CP032197.1_46 (length 106)
plasmid_files_fasta/CP032197.1_results/PROKKA_10092018:CP032197.1_47 (length 212)
plasmid_files_fasta/CP032197.1_results/PROKKA_10092018:CP032197.1_48 (length 261)
plasmid_files_fasta/CP032197.1_results/PROKKA_10092018:CP032197.1_49 (length 31)
plasmid_files_fasta/CP032197.1_results/PROKKA_10092018:CP032197.1_50 (length 251)
plasmid_files_fasta/CP032197.1_results/PROKKA_10092018:CP032197.1_51 (length 512)
plasmid_files_fasta/CP032197.1_results/PROKKA_10092018:CP032197.1_52 (length 115)
plasmid_files_fasta/CP032197.1_results/PROKKA_10092018:CP032197.1_53 (length 134)
plasmid_files_fasta/CP032197.1_results/PROKKA_10092018:CP032197.1_54 (length 401)
plasmid_files_fasta/CP032197.1_results/PROKKA_10092018:CP032197.1_55 (length 324)
plasmid_files_fasta/CP032197.1_results/PROKKA_10092018:CP032197.1_56 (length 423)
plasmid_files_fasta/CP032197.1_results/PROKKA_10092018:CP032197.1_57 (length 143)
plasmid_files_fasta/CP032197.1_results/PROKKA_10092018:CP032197.1_58 (length 323)
plasmid_files_fasta/CP032197.1_results/PROKKA_10092018:CP032197.1_59 (length 223)
plasmid_files_fasta/CP032197.1_results/PROKKA_10092018:CP032197.1_60 (length 76)
plasmid_files_fasta/CP032197.1_results/PROKKA_10092018:CP032197.1_61 (length 233)
plasmid_files_fasta/CP032197.1_results/PROKKA_10092018:CP032197.1_62 (length 73)
plasmid_files_fasta/CP032197.1_results/PROKKA_10092018:CP032197.1_63 (length 139)
plasmid_files_fasta/CP032197.1_results/PROKKA_10092018:CP032197.1_64 (length 255)
plasmid_files_fasta/CP032197.1_results/PROKKA_10092018:CP032197.1_65 (length 142)
plasmid_files_fasta/CP032197.1_results/PROKKA_10092018:CP032197.1_66 (length 168)
plasmid_files_fasta/CP032197.1_results/PROKKA_10092018:CP032197.1_67 (length 63)
plasmid_files_fasta/CP032197.1_results/PROKKA_10092018:CP032197.1_68 (length 86)
plasmid_files_fasta/CP032197.1_results/PROKKA_10092018:CP032197.1_69 (length 106)
plasmid_files_fasta/CP032197.1_results/PROKKA_10092018:CP032197.1_70 (length 180)
plasmid_files_fasta/CP032197.1_results/PROKKA_10092018:CP032197.1_71 (length 82)
plasmid_files_fasta/CP032197.1_results/PROKKA_10092018:CP032197.1_72 (length 666)
plasmid_files_fasta/CP032197.1_results/PROKKA_10092018:CP032197.1_73 (length 143)
plasmid_files_fasta/CP032197.1_results/PROKKA_10092018:CP032197.1_74 (length 242)
plasmid_files_fasta/CP032197.1_results/PROKKA_10092018:CP032197.1_75 (length 108)
plasmid_files_fasta/CP032197.1_results/PROKKA_10092018:CP032197.1_76 (length 169)
plasmid_files_fasta/CP032197.1_results/PROKKA_10092018:CP032197.1_77 (length 269)
plasmid_files_fasta/CP032197.1_results/PROKKA_10092018:CP032197.1_78 (length 346)
plasmid_files_fasta/CP032197.1_results/PROKKA_10092018:CP032197.1_79 (length 779)
plasmid_files_fasta/CP032197.1_results/PROKKA_10092018:CP032197.1_80 (length 345)

DiscRep_ALL:DISC_SOURCE_QUALS_ASNDISC::strain (all present, all unique)
DiscRep_SUB:DISC_SOURCE_QUALS_ASNDISC::1 sources have unique values for strain
DiscRep_ALL:DISC_SOURCE_QUALS_ASNDISC::taxname (all present, all unique)
DiscRep_SUB:DISC_SOURCE_QUALS_ASNDISC::1 sources have unique values for taxname
DiscRep_ALL:DISC_FEATURE_COUNT::CDS: 80 present
DiscRep_ALL:DISC_COUNT_NUCLEOTIDES::1 nucleotide Bioseqs are present
plasmid_files_fasta/CP032197.1_results/PROKKA_10092018:CP032197.1 (length 73502)

DiscRep_ALL:FEATURE_LOCATION_CONFLICT::80 features have inconsistent gene locations.
DiscRep_SUB:FEATURE_LOCATION_CONFLICT::Coding region xref gene does not exist
plasmid_files_fasta/CP032197.1_results/PROKKA_10092018:CDS	hypothetical protein	CP032197.1:326-1579	NEBHKCDI_00001

DiscRep_SUB:FEATURE_LOCATION_CONFLICT::Coding region xref gene does not exist
plasmid_files_fasta/CP032197.1_results/PROKKA_10092018:CDS	hypothetical protein	CP032197.1:1802-2305	NEBHKCDI_00002

DiscRep_SUB:FEATURE_LOCATION_CONFLICT::Coding region xref gene does not exist
plasmid_files_fasta/CP032197.1_results/PROKKA_10092018:CDS	Protein YgiW	CP032197.1:c3108-2698	NEBHKCDI_00003

DiscRep_SUB:FEATURE_LOCATION_CONFLICT::Coding region xref gene does not exist
plasmid_files_fasta/CP032197.1_results/PROKKA_10092018:CDS	Nickel/cobalt efflux system RcnA	CP032197.1:c4412-3282	NEBHKCDI_00004

DiscRep_SUB:FEATURE_LOCATION_CONFLICT::Coding region xref gene does not exist
plasmid_files_fasta/CP032197.1_results/PROKKA_10092018:CDS	Copper-sensing transcriptional repressor CsoR	CP032197.1:c4694-4425	NEBHKCDI_00005

DiscRep_SUB:FEATURE_LOCATION_CONFLICT::Coding region xref gene does not exist
plasmid_files_fasta/CP032197.1_results/PROKKA_10092018:CDS	Multidrug resistance protein MdtG	CP032197.1:c6098-4800	NEBHKCDI_00006

DiscRep_SUB:FEATURE_LOCATION_CONFLICT::Coding region xref gene does not exist
plasmid_files_fasta/CP032197.1_results/PROKKA_10092018:CDS	hypothetical protein	CP032197.1:c7090-6332	NEBHKCDI_00007

DiscRep_SUB:FEATURE_LOCATION_CONFLICT::Coding region xref gene does not exist
plasmid_files_fasta/CP032197.1_results/PROKKA_10092018:CDS	hypothetical protein	CP032197.1:c8064-7144	NEBHKCDI_00008

DiscRep_SUB:FEATURE_LOCATION_CONFLICT::Coding region xref gene does not exist
plasmid_files_fasta/CP032197.1_results/PROKKA_10092018:CDS	hypothetical protein	CP032197.1:c8498-8127	NEBHKCDI_00009

DiscRep_SUB:FEATURE_LOCATION_CONFLICT::Coding region xref gene does not exist
plasmid_files_fasta/CP032197.1_results/PROKKA_10092018:CDS	Protein ChrB	CP032197.1:8845-9228	NEBHKCDI_00010

DiscRep_SUB:FEATURE_LOCATION_CONFLICT::Coding region xref gene does not exist
plasmid_files_fasta/CP032197.1_results/PROKKA_10092018:CDS	hypothetical protein	CP032197.1:9410-10729	NEBHKCDI_00011

DiscRep_SUB:FEATURE_LOCATION_CONFLICT::Coding region xref gene does not exist
plasmid_files_fasta/CP032197.1_results/PROKKA_10092018:CDS	Carbapenem-hydrolyzing beta-lactamase KPC	CP032197.1:c11860-10979	NEBHKCDI_00012

DiscRep_SUB:FEATURE_LOCATION_CONFLICT::Coding region xref gene does not exist
plasmid_files_fasta/CP032197.1_results/PROKKA_10092018:CDS	Insertion sequence IS5376 putative ATP-binding protein	CP032197.1:c12958-12179	NEBHKCDI_00013

DiscRep_SUB:FEATURE_LOCATION_CONFLICT::Coding region xref gene does not exist
plasmid_files_fasta/CP032197.1_results/PROKKA_10092018:CDS	hypothetical protein	CP032197.1:c13980-12955	NEBHKCDI_00014

DiscRep_SUB:FEATURE_LOCATION_CONFLICT::Coding region xref gene does not exist
plasmid_files_fasta/CP032197.1_results/PROKKA_10092018:CDS	hypothetical protein	CP032197.1:c17116-14087	NEBHKCDI_00015

DiscRep_SUB:FEATURE_LOCATION_CONFLICT::Coding region xref gene does not exist
plasmid_files_fasta/CP032197.1_results/PROKKA_10092018:CDS	Tyrosine recombinase XerD	CP032197.1:17226-18941	NEBHKCDI_00016

DiscRep_SUB:FEATURE_LOCATION_CONFLICT::Coding region xref gene does not exist
plasmid_files_fasta/CP032197.1_results/PROKKA_10092018:CDS	hypothetical protein	CP032197.1:c19892-18984	NEBHKCDI_00017

DiscRep_SUB:FEATURE_LOCATION_CONFLICT::Coding region xref gene does not exist
plasmid_files_fasta/CP032197.1_results/PROKKA_10092018:CDS	Transposon Tn3 resolvase	CP032197.1:20056-20613	NEBHKCDI_00018

DiscRep_SUB:FEATURE_LOCATION_CONFLICT::Coding region xref gene does not exist
plasmid_files_fasta/CP032197.1_results/PROKKA_10092018:CDS	Aminoglycoside N(6')-acetyltransferase type 1	CP032197.1:20796-21401	NEBHKCDI_00019

DiscRep_SUB:FEATURE_LOCATION_CONFLICT::Coding region xref gene does not exist
plasmid_files_fasta/CP032197.1_results/PROKKA_10092018:CDS	Streptomycin 3''-adenylyltransferase	CP032197.1:21483-22259	NEBHKCDI_00020

DiscRep_SUB:FEATURE_LOCATION_CONFLICT::Coding region xref gene does not exist
plasmid_files_fasta/CP032197.1_results/PROKKA_10092018:CDS	Beta-lactamase OXA-18	CP032197.1:22319-23143	NEBHKCDI_00021

DiscRep_SUB:FEATURE_LOCATION_CONFLICT::Coding region xref gene does not exist
plasmid_files_fasta/CP032197.1_results/PROKKA_10092018:CDS	Transposon Tn3 resolvase	CP032197.1:23409-23660	NEBHKCDI_00022

DiscRep_SUB:FEATURE_LOCATION_CONFLICT::Coding region xref gene does not exist
plasmid_files_fasta/CP032197.1_results/PROKKA_10092018:CDS	Beta-lactamase TEM	CP032197.1:23843-24703	NEBHKCDI_00023

DiscRep_SUB:FEATURE_LOCATION_CONFLICT::Coding region xref gene does not exist
plasmid_files_fasta/CP032197.1_results/PROKKA_10092018:CDS	hypothetical protein	CP032197.1:24913-25452	NEBHKCDI_00024

DiscRep_SUB:FEATURE_LOCATION_CONFLICT::Coding region xref gene does not exist
plasmid_files_fasta/CP032197.1_results/PROKKA_10092018:CDS	hypothetical protein	CP032197.1:c26260-25424	NEBHKCDI_00025

DiscRep_SUB:FEATURE_LOCATION_CONFLICT::Coding region xref gene does not exist
plasmid_files_fasta/CP032197.1_results/PROKKA_10092018:CDS	Aminoglycoside 3'-phosphotransferase	CP032197.1:c27063-26260	NEBHKCDI_00026

DiscRep_SUB:FEATURE_LOCATION_CONFLICT::Coding region xref gene does not exist
plasmid_files_fasta/CP032197.1_results/PROKKA_10092018:CDS	Dihydropteroate synthase	CP032197.1:c27939-27124	NEBHKCDI_00027

DiscRep_SUB:FEATURE_LOCATION_CONFLICT::Coding region xref gene does not exist
plasmid_files_fasta/CP032197.1_results/PROKKA_10092018:CDS	hypothetical protein	CP032197.1:28269-28445	NEBHKCDI_00028

DiscRep_SUB:FEATURE_LOCATION_CONFLICT::Coding region xref gene does not exist
plasmid_files_fasta/CP032197.1_results/PROKKA_10092018:CDS	hypothetical protein	CP032197.1:c29631-28627	NEBHKCDI_00029

DiscRep_SUB:FEATURE_LOCATION_CONFLICT::Coding region xref gene does not exist
plasmid_files_fasta/CP032197.1_results/PROKKA_10092018:CDS	hypothetical protein	CP032197.1:c31416-29710	NEBHKCDI_00030

DiscRep_SUB:FEATURE_LOCATION_CONFLICT::Coding region xref gene does not exist
plasmid_files_fasta/CP032197.1_results/PROKKA_10092018:CDS	hypothetical protein	CP032197.1:c32232-31528	NEBHKCDI_00031

DiscRep_SUB:FEATURE_LOCATION_CONFLICT::Coding region xref gene does not exist
plasmid_files_fasta/CP032197.1_results/PROKKA_10092018:CDS	hypothetical protein	CP032197.1:32609-32920	NEBHKCDI_00032

DiscRep_SUB:FEATURE_LOCATION_CONFLICT::Coding region xref gene does not exist
plasmid_files_fasta/CP032197.1_results/PROKKA_10092018:CDS	hypothetical protein	CP032197.1:32970-33617	NEBHKCDI_00033

DiscRep_SUB:FEATURE_LOCATION_CONFLICT::Coding region xref gene does not exist
plasmid_files_fasta/CP032197.1_results/PROKKA_10092018:CDS	hypothetical protein	CP032197.1:c34182-33679	NEBHKCDI_00034

DiscRep_SUB:FEATURE_LOCATION_CONFLICT::Coding region xref gene does not exist
plasmid_files_fasta/CP032197.1_results/PROKKA_10092018:CDS	hypothetical protein	CP032197.1:c34882-34616	NEBHKCDI_00035

DiscRep_SUB:FEATURE_LOCATION_CONFLICT::Coding region xref gene does not exist
plasmid_files_fasta/CP032197.1_results/PROKKA_10092018:CDS	DNA-cytosine methyltransferase	CP032197.1:34987-36420	NEBHKCDI_00036

DiscRep_SUB:FEATURE_LOCATION_CONFLICT::Coding region xref gene does not exist
plasmid_files_fasta/CP032197.1_results/PROKKA_10092018:CDS	Type-2 restriction enzyme EcoRII	CP032197.1:c37662-36454	NEBHKCDI_00037

DiscRep_SUB:FEATURE_LOCATION_CONFLICT::Coding region xref gene does not exist
plasmid_files_fasta/CP032197.1_results/PROKKA_10092018:CDS	hypothetical protein	CP032197.1:c38693-37929	NEBHKCDI_00038

DiscRep_SUB:FEATURE_LOCATION_CONFLICT::Coding region xref gene does not exist
plasmid_files_fasta/CP032197.1_results/PROKKA_10092018:CDS	hypothetical protein	CP032197.1:38872-39156	NEBHKCDI_00039

DiscRep_SUB:FEATURE_LOCATION_CONFLICT::Coding region xref gene does not exist
plasmid_files_fasta/CP032197.1_results/PROKKA_10092018:CDS	Dihydrofolate reductase type 1	CP032197.1:c39796-39323	NEBHKCDI_00040

DiscRep_SUB:FEATURE_LOCATION_CONFLICT::Coding region xref gene does not exist
plasmid_files_fasta/CP032197.1_results/PROKKA_10092018:CDS	Tyrosine recombinase XerD	CP032197.1:39952-40881	NEBHKCDI_00041

DiscRep_SUB:FEATURE_LOCATION_CONFLICT::Coding region xref gene does not exist
plasmid_files_fasta/CP032197.1_results/PROKKA_10092018:CDS	hypothetical protein	CP032197.1:c41476-40772	NEBHKCDI_00042

DiscRep_SUB:FEATURE_LOCATION_CONFLICT::Coding region xref gene does not exist
plasmid_files_fasta/CP032197.1_results/PROKKA_10092018:CDS	DNA replication and repair protein RecF	CP032197.1:c41759-41523	NEBHKCDI_00043

DiscRep_SUB:FEATURE_LOCATION_CONFLICT::Coding region xref gene does not exist
plasmid_files_fasta/CP032197.1_results/PROKKA_10092018:CDS	tRNA(fMet)-specific endonuclease VapC	CP032197.1:c42249-41833	NEBHKCDI_00044

DiscRep_SUB:FEATURE_LOCATION_CONFLICT::Coding region xref gene does not exist
plasmid_files_fasta/CP032197.1_results/PROKKA_10092018:CDS	Antitoxin VapB	CP032197.1:c42476-42246	NEBHKCDI_00045

DiscRep_SUB:FEATURE_LOCATION_CONFLICT::Coding region xref gene does not exist
plasmid_files_fasta/CP032197.1_results/PROKKA_10092018:CDS	hypothetical protein	CP032197.1:43021-43341	NEBHKCDI_00046

DiscRep_SUB:FEATURE_LOCATION_CONFLICT::Coding region xref gene does not exist
plasmid_files_fasta/CP032197.1_results/PROKKA_10092018:CDS	hypothetical protein	CP032197.1:43390-44028	NEBHKCDI_00047

DiscRep_SUB:FEATURE_LOCATION_CONFLICT::Coding region xref gene does not exist
plasmid_files_fasta/CP032197.1_results/PROKKA_10092018:CDS	Tyrosine recombinase XerD	CP032197.1:44031-44816	NEBHKCDI_00048

DiscRep_SUB:FEATURE_LOCATION_CONFLICT::Coding region xref gene does not exist
plasmid_files_fasta/CP032197.1_results/PROKKA_10092018:CDS	hypothetical protein	CP032197.1:c45355-45260	NEBHKCDI_00049

DiscRep_SUB:FEATURE_LOCATION_CONFLICT::Coding region xref gene does not exist
plasmid_files_fasta/CP032197.1_results/PROKKA_10092018:CDS	Replication initiation protein	CP032197.1:46004-46759	NEBHKCDI_00050

DiscRep_SUB:FEATURE_LOCATION_CONFLICT::Coding region xref gene does not exist
plasmid_files_fasta/CP032197.1_results/PROKKA_10092018:CDS	hypothetical protein	CP032197.1:c48385-46847	NEBHKCDI_00051

DiscRep_SUB:FEATURE_LOCATION_CONFLICT::Coding region xref gene does not exist
plasmid_files_fasta/CP032197.1_results/PROKKA_10092018:CDS	hypothetical protein	CP032197.1:c48781-48434	NEBHKCDI_00052

DiscRep_SUB:FEATURE_LOCATION_CONFLICT::Coding region xref gene does not exist
plasmid_files_fasta/CP032197.1_results/PROKKA_10092018:CDS	hypothetical protein	CP032197.1:c49182-48778	NEBHKCDI_00053

DiscRep_SUB:FEATURE_LOCATION_CONFLICT::Coding region xref gene does not exist
plasmid_files_fasta/CP032197.1_results/PROKKA_10092018:CDS	Plasmid partition protein A	CP032197.1:49964-51169	NEBHKCDI_00054

DiscRep_SUB:FEATURE_LOCATION_CONFLICT::Coding region xref gene does not exist
plasmid_files_fasta/CP032197.1_results/PROKKA_10092018:CDS	Virulence regulon transcriptional activator VirB	CP032197.1:51169-52143	NEBHKCDI_00055

DiscRep_SUB:FEATURE_LOCATION_CONFLICT::Coding region xref gene does not exist
plasmid_files_fasta/CP032197.1_results/PROKKA_10092018:CDS	Protein UmuC	CP032197.1:c53496-52225	NEBHKCDI_00056

DiscRep_SUB:FEATURE_LOCATION_CONFLICT::Coding region xref gene does not exist
plasmid_files_fasta/CP032197.1_results/PROKKA_10092018:CDS	Protein UmuD	CP032197.1:c53927-53496	NEBHKCDI_00057

DiscRep_SUB:FEATURE_LOCATION_CONFLICT::Coding region xref gene does not exist
plasmid_files_fasta/CP032197.1_results/PROKKA_10092018:CDS	Plasmid segregation protein ParM	CP032197.1:54160-55131	NEBHKCDI_00058

DiscRep_SUB:FEATURE_LOCATION_CONFLICT::Coding region xref gene does not exist
plasmid_files_fasta/CP032197.1_results/PROKKA_10092018:CDS	hypothetical protein	CP032197.1:55134-55805	NEBHKCDI_00059

DiscRep_SUB:FEATURE_LOCATION_CONFLICT::Coding region xref gene does not exist
plasmid_files_fasta/CP032197.1_results/PROKKA_10092018:CDS	hypothetical protein	CP032197.1:55867-56097	NEBHKCDI_00060

DiscRep_SUB:FEATURE_LOCATION_CONFLICT::Coding region xref gene does not exist
plasmid_files_fasta/CP032197.1_results/PROKKA_10092018:CDS	DNA adenine methyltransferase YhdJ	CP032197.1:56534-57235	NEBHKCDI_00061

DiscRep_SUB:FEATURE_LOCATION_CONFLICT::Coding region xref gene does not exist
plasmid_files_fasta/CP032197.1_results/PROKKA_10092018:CDS	hypothetical protein	CP032197.1:57235-57456	NEBHKCDI_00062

DiscRep_SUB:FEATURE_LOCATION_CONFLICT::Coding region xref gene does not exist
plasmid_files_fasta/CP032197.1_results/PROKKA_10092018:CDS	hypothetical protein	CP032197.1:57466-57885	NEBHKCDI_00063

DiscRep_SUB:FEATURE_LOCATION_CONFLICT::Coding region xref gene does not exist
plasmid_files_fasta/CP032197.1_results/PROKKA_10092018:CDS	hypothetical protein	CP032197.1:57939-58706	NEBHKCDI_00064

DiscRep_SUB:FEATURE_LOCATION_CONFLICT::Coding region xref gene does not exist
plasmid_files_fasta/CP032197.1_results/PROKKA_10092018:CDS	Antirestriction protein KlcA	CP032197.1:59387-59815	NEBHKCDI_00065

DiscRep_SUB:FEATURE_LOCATION_CONFLICT::Coding region xref gene does not exist
plasmid_files_fasta/CP032197.1_results/PROKKA_10092018:CDS	hypothetical protein	CP032197.1:59860-60366	NEBHKCDI_00066

DiscRep_SUB:FEATURE_LOCATION_CONFLICT::Coding region xref gene does not exist
plasmid_files_fasta/CP032197.1_results/PROKKA_10092018:CDS	hypothetical protein	CP032197.1:60409-60600	NEBHKCDI_00067

DiscRep_SUB:FEATURE_LOCATION_CONFLICT::Coding region xref gene does not exist
plasmid_files_fasta/CP032197.1_results/PROKKA_10092018:CDS	DNA polymerase III subunit theta	CP032197.1:60788-61048	NEBHKCDI_00068

DiscRep_SUB:FEATURE_LOCATION_CONFLICT::Coding region xref gene does not exist
plasmid_files_fasta/CP032197.1_results/PROKKA_10092018:CDS	hypothetical protein	CP032197.1:61084-61404	NEBHKCDI_00069

DiscRep_SUB:FEATURE_LOCATION_CONFLICT::Coding region xref gene does not exist
plasmid_files_fasta/CP032197.1_results/PROKKA_10092018:CDS	Plasmid-derived single-stranded DNA-binding protein	CP032197.1:62079-62621	NEBHKCDI_00070

DiscRep_SUB:FEATURE_LOCATION_CONFLICT::Coding region xref gene does not exist
plasmid_files_fasta/CP032197.1_results/PROKKA_10092018:CDS	hypothetical protein	CP032197.1:62670-62918	NEBHKCDI_00071

DiscRep_SUB:FEATURE_LOCATION_CONFLICT::Coding region xref gene does not exist
plasmid_files_fasta/CP032197.1_results/PROKKA_10092018:CDS	Chromosome-partitioning protein Spo0J	CP032197.1:62987-64987	NEBHKCDI_00072

DiscRep_SUB:FEATURE_LOCATION_CONFLICT::Coding region xref gene does not exist
plasmid_files_fasta/CP032197.1_results/PROKKA_10092018:CDS	Protein PsiB	CP032197.1:65032-65463	NEBHKCDI_00073

DiscRep_SUB:FEATURE_LOCATION_CONFLICT::Coding region xref gene does not exist
plasmid_files_fasta/CP032197.1_results/PROKKA_10092018:CDS	hypothetical protein	CP032197.1:65460-66188	NEBHKCDI_00074

DiscRep_SUB:FEATURE_LOCATION_CONFLICT::Coding region xref gene does not exist
plasmid_files_fasta/CP032197.1_results/PROKKA_10092018:CDS	hypothetical protein	CP032197.1:66185-66511	NEBHKCDI_00075

DiscRep_SUB:FEATURE_LOCATION_CONFLICT::Coding region xref gene does not exist
plasmid_files_fasta/CP032197.1_results/PROKKA_10092018:CDS	hypothetical protein	CP032197.1:66700-67209	NEBHKCDI_00076

DiscRep_SUB:FEATURE_LOCATION_CONFLICT::Coding region xref gene does not exist
plasmid_files_fasta/CP032197.1_results/PROKKA_10092018:CDS	hypothetical protein	CP032197.1:67266-68075	NEBHKCDI_00077

DiscRep_SUB:FEATURE_LOCATION_CONFLICT::Coding region xref gene does not exist
plasmid_files_fasta/CP032197.1_results/PROKKA_10092018:CDS	ATP-dependent zinc metalloprotease FtsH	CP032197.1:68245-69285	NEBHKCDI_00078

DiscRep_SUB:FEATURE_LOCATION_CONFLICT::Coding region xref gene does not exist
plasmid_files_fasta/CP032197.1_results/PROKKA_10092018:CDS	hypothetical protein	CP032197.1:69434-71773	NEBHKCDI_00079

DiscRep_SUB:FEATURE_LOCATION_CONFLICT::Coding region xref gene does not exist
plasmid_files_fasta/CP032197.1_results/PROKKA_10092018:CDS	hypothetical protein	CP032197.1:c73244-72207	NEBHKCDI_00080

DiscRep_ALL:DISC_QUALITY_SCORES::Quality scores are missing on all sequences.

DiscRep_ALL:ONCALLER_COMMENT_PRESENT::1 comment descriptors were found (all same)
plasmid_files_fasta/CP032197.1_results/PROKKA_10092018:CP032197.1:Annotated using prokka 1.14-dev from https://github.com/tseemann/prokka

DiscRep_ALL:SHORT_PROT_SEQUENCES::1 protein sequences are shorter than 50 aa.
plasmid_files_fasta/CP032197.1_results/PROKKA_10092018:CP032197.1_49 (length 31)

DiscRep_ALL:MISSING_GENOMEASSEMBLY_COMMENTS::1 bioseqs are missing GenomeAssembly structured comments
plasmid_files_fasta/CP032197.1_results/PROKKA_10092018:CP032197.1 (length 73502)

DiscRep_ALL:MOLTYPE_NOT_MRNA::1 molecule types are not set as mRNA.
plasmid_files_fasta/CP032197.1_results/PROKKA_10092018:CP032197.1 (length 73502)

DiscRep_ALL:TECHNIQUE_NOT_TSA::1 technique are not set as TSA
plasmid_files_fasta/CP032197.1_results/PROKKA_10092018:CP032197.1 (length 73502)

DiscRep_ALL:MISSING_STRUCTURED_COMMENT::1 sequences do not include structured comments.
plasmid_files_fasta/CP032197.1_results/PROKKA_10092018:CP032197.1 (length 73502)

DiscRep_ALL:MISSING_PROJECT::81 sequences do not include project.
plasmid_files_fasta/CP032197.1_results/PROKKA_10092018:CP032197.1 (length 73502)
plasmid_files_fasta/CP032197.1_results/PROKKA_10092018:CP032197.1_1 (length 417)
plasmid_files_fasta/CP032197.1_results/PROKKA_10092018:CP032197.1_2 (length 167)
plasmid_files_fasta/CP032197.1_results/PROKKA_10092018:CP032197.1_3 (length 136)
plasmid_files_fasta/CP032197.1_results/PROKKA_10092018:CP032197.1_4 (length 376)
plasmid_files_fasta/CP032197.1_results/PROKKA_10092018:CP032197.1_5 (length 89)
plasmid_files_fasta/CP032197.1_results/PROKKA_10092018:CP032197.1_6 (length 432)
plasmid_files_fasta/CP032197.1_results/PROKKA_10092018:CP032197.1_7 (length 252)
plasmid_files_fasta/CP032197.1_results/PROKKA_10092018:CP032197.1_8 (length 306)
plasmid_files_fasta/CP032197.1_results/PROKKA_10092018:CP032197.1_9 (length 123)
plasmid_files_fasta/CP032197.1_results/PROKKA_10092018:CP032197.1_10 (length 127)
plasmid_files_fasta/CP032197.1_results/PROKKA_10092018:CP032197.1_11 (length 439)
plasmid_files_fasta/CP032197.1_results/PROKKA_10092018:CP032197.1_12 (length 293)
plasmid_files_fasta/CP032197.1_results/PROKKA_10092018:CP032197.1_13 (length 259)
plasmid_files_fasta/CP032197.1_results/PROKKA_10092018:CP032197.1_14 (length 341)
plasmid_files_fasta/CP032197.1_results/PROKKA_10092018:CP032197.1_15 (length 1009)
plasmid_files_fasta/CP032197.1_results/PROKKA_10092018:CP032197.1_16 (length 571)
plasmid_files_fasta/CP032197.1_results/PROKKA_10092018:CP032197.1_17 (length 302)
plasmid_files_fasta/CP032197.1_results/PROKKA_10092018:CP032197.1_18 (length 185)
plasmid_files_fasta/CP032197.1_results/PROKKA_10092018:CP032197.1_19 (length 201)
plasmid_files_fasta/CP032197.1_results/PROKKA_10092018:CP032197.1_20 (length 258)
plasmid_files_fasta/CP032197.1_results/PROKKA_10092018:CP032197.1_21 (length 274)
plasmid_files_fasta/CP032197.1_results/PROKKA_10092018:CP032197.1_22 (length 83)
plasmid_files_fasta/CP032197.1_results/PROKKA_10092018:CP032197.1_23 (length 286)
plasmid_files_fasta/CP032197.1_results/PROKKA_10092018:CP032197.1_24 (length 179)
plasmid_files_fasta/CP032197.1_results/PROKKA_10092018:CP032197.1_25 (length 278)
plasmid_files_fasta/CP032197.1_results/PROKKA_10092018:CP032197.1_26 (length 267)
plasmid_files_fasta/CP032197.1_results/PROKKA_10092018:CP032197.1_27 (length 271)
plasmid_files_fasta/CP032197.1_results/PROKKA_10092018:CP032197.1_28 (length 58)
plasmid_files_fasta/CP032197.1_results/PROKKA_10092018:CP032197.1_29 (length 334)
plasmid_files_fasta/CP032197.1_results/PROKKA_10092018:CP032197.1_30 (length 568)
plasmid_files_fasta/CP032197.1_results/PROKKA_10092018:CP032197.1_31 (length 234)
plasmid_files_fasta/CP032197.1_results/PROKKA_10092018:CP032197.1_32 (length 103)
plasmid_files_fasta/CP032197.1_results/PROKKA_10092018:CP032197.1_33 (length 215)
plasmid_files_fasta/CP032197.1_results/PROKKA_10092018:CP032197.1_34 (length 167)
plasmid_files_fasta/CP032197.1_results/PROKKA_10092018:CP032197.1_35 (length 88)
plasmid_files_fasta/CP032197.1_results/PROKKA_10092018:CP032197.1_36 (length 477)
plasmid_files_fasta/CP032197.1_results/PROKKA_10092018:CP032197.1_37 (length 402)
plasmid_files_fasta/CP032197.1_results/PROKKA_10092018:CP032197.1_38 (length 254)
plasmid_files_fasta/CP032197.1_results/PROKKA_10092018:CP032197.1_39 (length 94)
plasmid_files_fasta/CP032197.1_results/PROKKA_10092018:CP032197.1_40 (length 157)
plasmid_files_fasta/CP032197.1_results/PROKKA_10092018:CP032197.1_41 (length 309)
plasmid_files_fasta/CP032197.1_results/PROKKA_10092018:CP032197.1_42 (length 234)
plasmid_files_fasta/CP032197.1_results/PROKKA_10092018:CP032197.1_43 (length 78)
plasmid_files_fasta/CP032197.1_results/PROKKA_10092018:CP032197.1_44 (length 138)
plasmid_files_fasta/CP032197.1_results/PROKKA_10092018:CP032197.1_45 (length 76)
plasmid_files_fasta/CP032197.1_results/PROKKA_10092018:CP032197.1_46 (length 106)
plasmid_files_fasta/CP032197.1_results/PROKKA_10092018:CP032197.1_47 (length 212)
plasmid_files_fasta/CP032197.1_results/PROKKA_10092018:CP032197.1_48 (length 261)
plasmid_files_fasta/CP032197.1_results/PROKKA_10092018:CP032197.1_49 (length 31)
plasmid_files_fasta/CP032197.1_results/PROKKA_10092018:CP032197.1_50 (length 251)
plasmid_files_fasta/CP032197.1_results/PROKKA_10092018:CP032197.1_51 (length 512)
plasmid_files_fasta/CP032197.1_results/PROKKA_10092018:CP032197.1_52 (length 115)
plasmid_files_fasta/CP032197.1_results/PROKKA_10092018:CP032197.1_53 (length 134)
plasmid_files_fasta/CP032197.1_results/PROKKA_10092018:CP032197.1_54 (length 401)
plasmid_files_fasta/CP032197.1_results/PROKKA_10092018:CP032197.1_55 (length 324)
plasmid_files_fasta/CP032197.1_results/PROKKA_10092018:CP032197.1_56 (length 423)
plasmid_files_fasta/CP032197.1_results/PROKKA_10092018:CP032197.1_57 (length 143)
plasmid_files_fasta/CP032197.1_results/PROKKA_10092018:CP032197.1_58 (length 323)
plasmid_files_fasta/CP032197.1_results/PROKKA_10092018:CP032197.1_59 (length 223)
plasmid_files_fasta/CP032197.1_results/PROKKA_10092018:CP032197.1_60 (length 76)
plasmid_files_fasta/CP032197.1_results/PROKKA_10092018:CP032197.1_61 (length 233)
plasmid_files_fasta/CP032197.1_results/PROKKA_10092018:CP032197.1_62 (length 73)
plasmid_files_fasta/CP032197.1_results/PROKKA_10092018:CP032197.1_63 (length 139)
plasmid_files_fasta/CP032197.1_results/PROKKA_10092018:CP032197.1_64 (length 255)
plasmid_files_fasta/CP032197.1_results/PROKKA_10092018:CP032197.1_65 (length 142)
plasmid_files_fasta/CP032197.1_results/PROKKA_10092018:CP032197.1_66 (length 168)
plasmid_files_fasta/CP032197.1_results/PROKKA_10092018:CP032197.1_67 (length 63)
plasmid_files_fasta/CP032197.1_results/PROKKA_10092018:CP032197.1_68 (length 86)
plasmid_files_fasta/CP032197.1_results/PROKKA_10092018:CP032197.1_69 (length 106)
plasmid_files_fasta/CP032197.1_results/PROKKA_10092018:CP032197.1_70 (length 180)
plasmid_files_fasta/CP032197.1_results/PROKKA_10092018:CP032197.1_71 (length 82)
plasmid_files_fasta/CP032197.1_results/PROKKA_10092018:CP032197.1_72 (length 666)
plasmid_files_fasta/CP032197.1_results/PROKKA_10092018:CP032197.1_73 (length 143)
plasmid_files_fasta/CP032197.1_results/PROKKA_10092018:CP032197.1_74 (length 242)
plasmid_files_fasta/CP032197.1_results/PROKKA_10092018:CP032197.1_75 (length 108)
plasmid_files_fasta/CP032197.1_results/PROKKA_10092018:CP032197.1_76 (length 169)
plasmid_files_fasta/CP032197.1_results/PROKKA_10092018:CP032197.1_77 (length 269)
plasmid_files_fasta/CP032197.1_results/PROKKA_10092018:CP032197.1_78 (length 346)
plasmid_files_fasta/CP032197.1_results/PROKKA_10092018:CP032197.1_79 (length 779)
plasmid_files_fasta/CP032197.1_results/PROKKA_10092018:CP032197.1_80 (length 345)

DiscRep_ALL:DISC_INCONSISTENT_MOLINFO_TECH::Molinfo Technique Report (some missing, all same)
DiscRep_SUB:DISC_INCONSISTENT_MOLINFO_TECH::technique (all missing)
DiscRep_SUB:DISC_INCONSISTENT_MOLINFO_TECH::1 Molinfos are missing field technique
plasmid_files_fasta/CP032197.1_results/PROKKA_10092018:CP032197.1 (length 73502)

