[15:25:17] This is prokka 1.14-dev
[15:25:17] Written by Torsten Seemann <torsten.seemann@gmail.com>
[15:25:17] Homepage is https://github.com/tseemann/prokka
[15:25:17] Local time is Tue Oct  9 15:25:17 2018
[15:25:17] You are christian
[15:25:17] Operating system is linux
[15:25:17] You have BioPerl 1.007002
[15:25:17] System has 20 cores.
[15:25:17] Will use maximum of 20 cores.
[15:25:17] Annotating as >>> Bacteria <<<
[15:25:17] Generating locus_tag from 'plasmid_files_fasta/EU176013.1.fasta' contents.
[15:25:17] Setting --locustag MPGIBHAF from MD5 6902b1aff9d8df8606b3c7d8aedfc7b5
[15:25:17] Creating new output folder: plasmid_files_fasta/EU176013.1_results
[15:25:17] Running: mkdir -p plasmid_files_fasta\/EU176013\.1_results
[15:25:18] Using filename prefix: PROKKA_10092018.XXX
[15:25:18] Setting HMMER_NCPU=1
[15:25:18] Writing log to: plasmid_files_fasta/EU176013.1_results/PROKKA_10092018.log
[15:25:18] Command: /home/christian/install/prokka/bin/prokka plasmid_files_fasta/EU176013.1.fasta --outdir plasmid_files_fasta/EU176013.1_results --cpus 20 --force
[15:25:18] Appending to PATH: /home/christian/install/prokka/bin/../binaries/linux
[15:25:18] Appending to PATH: /home/christian/install/prokka/bin/../binaries/linux/../common
[15:25:18] Appending to PATH: /home/christian/install/prokka/bin
[15:25:18] Looking for 'aragorn' - found /home/christian/install/prokka/bin/../binaries/linux/aragorn
[15:25:18] Determined aragorn version is 1.2
[15:25:18] Looking for 'blastp' - found /usr/bin/blastp
[15:25:18] Determined blastp version is 2.2
[15:25:18] Looking for 'cmpress' - found /usr/local/bin/cmpress
[15:25:18] Determined cmpress version is 1.1
[15:25:18] Looking for 'cmscan' - found /usr/local/bin/cmscan
[15:25:18] Determined cmscan version is 1.1
[15:25:18] Looking for 'egrep' - found /bin/egrep
[15:25:18] Looking for 'find' - found /usr/bin/find
[15:25:18] Looking for 'grep' - found /bin/grep
[15:25:18] Looking for 'hmmpress' - found /usr/local/bin/hmmpress
[15:25:18] Determined hmmpress version is 3.1
[15:25:18] Looking for 'hmmscan' - found /usr/local/bin/hmmscan
[15:25:18] Determined hmmscan version is 3.1
[15:25:18] Looking for 'java' - found /usr/bin/java
[15:25:18] Looking for 'less' - found /usr/bin/less
[15:25:18] Looking for 'makeblastdb' - found /usr/bin/makeblastdb
[15:25:18] Determined makeblastdb version is 2.2
[15:25:18] Looking for 'minced' - found /home/christian/install/prokka/bin/../binaries/linux/../common/minced
[15:25:18] Determined minced version is 2.0
[15:25:18] Looking for 'parallel' - found /usr/bin/parallel
[15:25:18] Determined parallel version is 20141022
[15:25:18] Looking for 'prodigal' - found /usr/local/bin/prodigal
[15:25:18] Determined prodigal version is 2.6
[15:25:18] Looking for 'prokka-genbank_to_fasta_db' - found /home/christian/install/prokka/bin/prokka-genbank_to_fasta_db
[15:25:18] Looking for 'sed' - found /bin/sed
[15:25:18] Looking for 'tbl2asn' - found /home/christian/install/prokka/bin/../binaries/linux/tbl2asn
[15:25:18] Determined tbl2asn version is 25.6
[15:25:18] Using genetic code table 11.
[15:25:18] Loading and checking input file: plasmid_files_fasta/EU176013.1.fasta
[15:25:18] Wrote 1 contigs totalling 10979 bp.
[15:25:18] Predicting tRNAs and tmRNAs
[15:25:18] Running: aragorn -l -gc11  -w plasmid_files_fasta\/EU176013\.1_results\/PROKKA_10092018\.fna
[15:25:18] Found 0 tRNAs
[15:25:18] Predicting Ribosomal RNAs
[15:25:18] You need either Barrnap or RNAmmer installed to predict rRNAs!
[15:25:18] Skipping ncRNA search, enable with --rfam if desired.
[15:25:18] Total of 0 tRNA + rRNA features
[15:25:18] Searching for CRISPR repeats
[15:25:18] Found 0 CRISPRs
[15:25:18] Predicting coding sequences
[15:25:18] Contigs total 10979 bp, so using meta mode
[15:25:18] Running: prodigal -i plasmid_files_fasta\/EU176013\.1_results\/PROKKA_10092018\.fna -c -m -g 11 -p meta -f sco -q
[15:25:18] Found 7 CDS
[15:25:18] Connecting features back to sequences
[15:25:18] Not using genus-specific database. Try --usegenus to enable it.
[15:25:18] Annotating CDS, please be patient.
[15:25:18] Will use 20 CPUs for similarity searching.
[15:25:18] There are still 7 unannotated CDS left (started with 7)
[15:25:18] Will use blast to search against /home/christian/install/prokka/db/kingdom/Bacteria/sprot with 20 CPUs
[15:25:18] Running: cat plasmid_files_fasta\/EU176013\.1_results\/sprot\.faa | parallel --gnu --plain -j 20 --block 76 --recstart '>' --pipe blastp -query - -db /home/christian/install/prokka/db/kingdom/Bacteria/sprot -evalue 1e-06 -num_threads 1 -num_descriptions 1 -num_alignments 1 -seg no > plasmid_files_fasta\/EU176013\.1_results\/sprot\.blast 2> /dev/null
[15:25:19] Deleting unwanted file: plasmid_files_fasta/EU176013.1_results/sprot.faa
[15:25:19] Deleting unwanted file: plasmid_files_fasta/EU176013.1_results/sprot.blast
[15:25:19] There are still 4 unannotated CDS left (started with 7)
[15:25:19] Will use hmmer3 to search against /home/christian/install/prokka/db/hmm/HAMAP.hmm with 20 CPUs
[15:25:19] Running: cat plasmid_files_fasta\/EU176013\.1_results\/HAMAP\.hmm\.faa | parallel --gnu --plain -j 20 --block 47 --recstart '>' --pipe hmmscan --noali --notextw --acc -E 1e-06 --cpu 1 /home/christian/install/prokka/db/hmm/HAMAP.hmm /dev/stdin > plasmid_files_fasta\/EU176013\.1_results\/HAMAP\.hmm\.hmmer3 2> /dev/null
[15:25:19] Deleting unwanted file: plasmid_files_fasta/EU176013.1_results/HAMAP.hmm.faa
[15:25:19] Deleting unwanted file: plasmid_files_fasta/EU176013.1_results/HAMAP.hmm.hmmer3
[15:25:19] Labelling remaining 4 proteins as 'hypothetical protein'
[15:25:19] Found 2 unique /gene codes.
[15:25:19] Fixed 0 colliding /gene names.
[15:25:19] Adding /locus_tag identifiers
[15:25:19] Assigned 7 locus_tags to CDS and RNA features.
[15:25:19] Writing outputs to plasmid_files_fasta/EU176013.1_results/
[15:25:19] Generating annotation statistics file
[15:25:19] Generating Genbank and Sequin files
[15:25:19] Running: tbl2asn -V b -a r10k -l paired-ends -M n -N 1 -y 'Annotated using prokka 1.14-dev from https://github.com/tseemann/prokka' -Z plasmid_files_fasta\/EU176013\.1_results\/PROKKA_10092018\.err -i plasmid_files_fasta\/EU176013\.1_results\/PROKKA_10092018\.fsa 2> /dev/null
[15:25:19] Deleting unwanted file: plasmid_files_fasta/EU176013.1_results/errorsummary.val
[15:25:19] Deleting unwanted file: plasmid_files_fasta/EU176013.1_results/PROKKA_10092018.dr
[15:25:19] Deleting unwanted file: plasmid_files_fasta/EU176013.1_results/PROKKA_10092018.fixedproducts
[15:25:19] Deleting unwanted file: plasmid_files_fasta/EU176013.1_results/PROKKA_10092018.ecn
[15:25:19] Deleting unwanted file: plasmid_files_fasta/EU176013.1_results/PROKKA_10092018.val
[15:25:19] Repairing broken .GBK output that tbl2asn produces...
[15:25:19] Running: sed 's/COORDINATES: profile/COORDINATES:profile/' < plasmid_files_fasta\/EU176013\.1_results\/PROKKA_10092018\.gbf > plasmid_files_fasta\/EU176013\.1_results\/PROKKA_10092018\.gbk
[15:25:19] Deleting unwanted file: plasmid_files_fasta/EU176013.1_results/PROKKA_10092018.gbf
[15:25:19] Output files:
[15:25:19] plasmid_files_fasta/EU176013.1_results/PROKKA_10092018.ffn
[15:25:19] plasmid_files_fasta/EU176013.1_results/PROKKA_10092018.tbl
[15:25:19] plasmid_files_fasta/EU176013.1_results/PROKKA_10092018.log
[15:25:19] plasmid_files_fasta/EU176013.1_results/PROKKA_10092018.fna
[15:25:19] plasmid_files_fasta/EU176013.1_results/PROKKA_10092018.fsa
[15:25:19] plasmid_files_fasta/EU176013.1_results/PROKKA_10092018.tsv
[15:25:19] plasmid_files_fasta/EU176013.1_results/PROKKA_10092018.faa
[15:25:19] plasmid_files_fasta/EU176013.1_results/PROKKA_10092018.gbk
[15:25:19] plasmid_files_fasta/EU176013.1_results/PROKKA_10092018.sqn
[15:25:19] plasmid_files_fasta/EU176013.1_results/PROKKA_10092018.err
[15:25:19] plasmid_files_fasta/EU176013.1_results/PROKKA_10092018.txt
[15:25:19] plasmid_files_fasta/EU176013.1_results/PROKKA_10092018.gff
[15:25:19] Annotation finished successfully.
[15:25:19] Walltime used: 0.03 minutes
[15:25:19] If you use this result please cite the Prokka paper:
[15:25:19] Seemann T (2014) Prokka: rapid prokaryotic genome annotation. Bioinformatics. 30(14):2068-9.
[15:25:19] Type 'prokka --citation' for more details.
[15:25:19] Thank you, come again.
