Discrepancy Report Results

Summary
FATAL: MISSING_PROTEIN_ID:17 proteins have invalid IDs.
DISC_SOURCE_QUALS_ASNDISC:strain (all present, all unique)
DISC_SOURCE_QUALS_ASNDISC:taxname (all present, all unique)
DISC_FEATURE_COUNT:CDS: 17 present
DISC_COUNT_NUCLEOTIDES:1 nucleotide Bioseqs are present
FEATURE_LOCATION_CONFLICT:17 features have inconsistent gene locations.
DISC_QUALITY_SCORES:Quality scores are missing on all sequences.
ONCALLER_COMMENT_PRESENT:1 comment descriptors were found (all same)
SHORT_PROT_SEQUENCES:3 protein sequences are shorter than 50 aa.
MISSING_GENOMEASSEMBLY_COMMENTS:1 bioseqs are missing GenomeAssembly structured comments
MOLTYPE_NOT_MRNA:1 molecule types are not set as mRNA.
TECHNIQUE_NOT_TSA:1 technique are not set as TSA
MISSING_STRUCTURED_COMMENT:1 sequences do not include structured comments.
MISSING_PROJECT:18 sequences do not include project.
DISC_INCONSISTENT_MOLINFO_TECH:Molinfo Technique Report (some missing, all same)


Detailed Report

FATAL: DiscRep_ALL:MISSING_PROTEIN_ID::17 proteins have invalid IDs.
plasmid_files_fasta/MH595533.1_results/PROKKA_10092018:MH595533.1_1 (length 48)
plasmid_files_fasta/MH595533.1_results/PROKKA_10092018:MH595533.1_2 (length 259)
plasmid_files_fasta/MH595533.1_results/PROKKA_10092018:MH595533.1_3 (length 35)
plasmid_files_fasta/MH595533.1_results/PROKKA_10092018:MH595533.1_4 (length 94)
plasmid_files_fasta/MH595533.1_results/PROKKA_10092018:MH595533.1_5 (length 709)
plasmid_files_fasta/MH595533.1_results/PROKKA_10092018:MH595533.1_6 (length 70)
plasmid_files_fasta/MH595533.1_results/PROKKA_10092018:MH595533.1_7 (length 68)
plasmid_files_fasta/MH595533.1_results/PROKKA_10092018:MH595533.1_8 (length 279)
plasmid_files_fasta/MH595533.1_results/PROKKA_10092018:MH595533.1_9 (length 283)
plasmid_files_fasta/MH595533.1_results/PROKKA_10092018:MH595533.1_10 (length 133)
plasmid_files_fasta/MH595533.1_results/PROKKA_10092018:MH595533.1_11 (length 100)
plasmid_files_fasta/MH595533.1_results/PROKKA_10092018:MH595533.1_12 (length 97)
plasmid_files_fasta/MH595533.1_results/PROKKA_10092018:MH595533.1_13 (length 93)
plasmid_files_fasta/MH595533.1_results/PROKKA_10092018:MH595533.1_14 (length 39)
plasmid_files_fasta/MH595533.1_results/PROKKA_10092018:MH595533.1_15 (length 185)
plasmid_files_fasta/MH595533.1_results/PROKKA_10092018:MH595533.1_16 (length 293)
plasmid_files_fasta/MH595533.1_results/PROKKA_10092018:MH595533.1_17 (length 279)

DiscRep_ALL:DISC_SOURCE_QUALS_ASNDISC::strain (all present, all unique)
DiscRep_SUB:DISC_SOURCE_QUALS_ASNDISC::1 sources have unique values for strain
DiscRep_ALL:DISC_SOURCE_QUALS_ASNDISC::taxname (all present, all unique)
DiscRep_SUB:DISC_SOURCE_QUALS_ASNDISC::1 sources have unique values for taxname
DiscRep_ALL:DISC_FEATURE_COUNT::CDS: 17 present
DiscRep_ALL:DISC_COUNT_NUCLEOTIDES::1 nucleotide Bioseqs are present
plasmid_files_fasta/MH595533.1_results/PROKKA_10092018:MH595533.1 (length 14873)

DiscRep_ALL:FEATURE_LOCATION_CONFLICT::17 features have inconsistent gene locations.
DiscRep_SUB:FEATURE_LOCATION_CONFLICT::Coding region xref gene does not exist
plasmid_files_fasta/MH595533.1_results/PROKKA_10092018:CDS	hypothetical protein	MH595533.1:c749-603	OLOMKOJI_00001

DiscRep_SUB:FEATURE_LOCATION_CONFLICT::Coding region xref gene does not exist
plasmid_files_fasta/MH595533.1_results/PROKKA_10092018:CDS	Aminoglycoside 3'-phosphotransferase	MH595533.1:c1894-1115	OLOMKOJI_00002

DiscRep_SUB:FEATURE_LOCATION_CONFLICT::Coding region xref gene does not exist
plasmid_files_fasta/MH595533.1_results/PROKKA_10092018:CDS	hypothetical protein	MH595533.1:1952-2059	OLOMKOJI_00003

DiscRep_SUB:FEATURE_LOCATION_CONFLICT::Coding region xref gene does not exist
plasmid_files_fasta/MH595533.1_results/PROKKA_10092018:CDS	hypothetical protein	MH595533.1:c2771-2487	OLOMKOJI_00004

DiscRep_SUB:FEATURE_LOCATION_CONFLICT::Coding region xref gene does not exist
plasmid_files_fasta/MH595533.1_results/PROKKA_10092018:CDS	Mobilization protein A	MH595533.1:2970-5099	OLOMKOJI_00005

DiscRep_SUB:FEATURE_LOCATION_CONFLICT::Coding region xref gene does not exist
plasmid_files_fasta/MH595533.1_results/PROKKA_10092018:CDS	hypothetical protein	MH595533.1:5160-5372	OLOMKOJI_00006

DiscRep_SUB:FEATURE_LOCATION_CONFLICT::Coding region xref gene does not exist
plasmid_files_fasta/MH595533.1_results/PROKKA_10092018:CDS	hypothetical protein	MH595533.1:5374-5580	OLOMKOJI_00007

DiscRep_SUB:FEATURE_LOCATION_CONFLICT::Coding region xref gene does not exist
plasmid_files_fasta/MH595533.1_results/PROKKA_10092018:CDS	Regulatory protein RepA	MH595533.1:5610-6449	OLOMKOJI_00008

DiscRep_SUB:FEATURE_LOCATION_CONFLICT::Coding region xref gene does not exist
plasmid_files_fasta/MH595533.1_results/PROKKA_10092018:CDS	hypothetical protein	MH595533.1:6436-7287	OLOMKOJI_00009

DiscRep_SUB:FEATURE_LOCATION_CONFLICT::Coding region xref gene does not exist
plasmid_files_fasta/MH595533.1_results/PROKKA_10092018:CDS	hypothetical protein	MH595533.1:7657-8058	OLOMKOJI_00010

DiscRep_SUB:FEATURE_LOCATION_CONFLICT::Coding region xref gene does not exist
plasmid_files_fasta/MH595533.1_results/PROKKA_10092018:CDS	hypothetical protein	MH595533.1:c9144-8842	OLOMKOJI_00011

DiscRep_SUB:FEATURE_LOCATION_CONFLICT::Coding region xref gene does not exist
plasmid_files_fasta/MH595533.1_results/PROKKA_10092018:CDS	putative HTH-type transcriptional regulator YddM	MH595533.1:c9501-9208	OLOMKOJI_00012

DiscRep_SUB:FEATURE_LOCATION_CONFLICT::Coding region xref gene does not exist
plasmid_files_fasta/MH595533.1_results/PROKKA_10092018:CDS	Endoribonuclease HigB	MH595533.1:9839-10120	OLOMKOJI_00013

DiscRep_SUB:FEATURE_LOCATION_CONFLICT::Coding region xref gene does not exist
plasmid_files_fasta/MH595533.1_results/PROKKA_10092018:CDS	Regulatory protein rop	MH595533.1:11140-11259	OLOMKOJI_00014

DiscRep_SUB:FEATURE_LOCATION_CONFLICT::Coding region xref gene does not exist
plasmid_files_fasta/MH595533.1_results/PROKKA_10092018:CDS	Transposon Tn3 resolvase	MH595533.1:11964-12521	OLOMKOJI_00015

DiscRep_SUB:FEATURE_LOCATION_CONFLICT::Coding region xref gene does not exist
plasmid_files_fasta/MH595533.1_results/PROKKA_10092018:CDS	Carbapenem-hydrolyzing beta-lactamase KPC	MH595533.1:12830-13711	OLOMKOJI_00016

DiscRep_SUB:FEATURE_LOCATION_CONFLICT::Coding region xref gene does not exist
plasmid_files_fasta/MH595533.1_results/PROKKA_10092018:CDS	hypothetical protein	MH595533.1:c14800-13961	OLOMKOJI_00017

DiscRep_ALL:DISC_QUALITY_SCORES::Quality scores are missing on all sequences.

DiscRep_ALL:ONCALLER_COMMENT_PRESENT::1 comment descriptors were found (all same)
plasmid_files_fasta/MH595533.1_results/PROKKA_10092018:MH595533.1:Annotated using prokka 1.14-dev from https://github.com/tseemann/prokka

DiscRep_ALL:SHORT_PROT_SEQUENCES::3 protein sequences are shorter than 50 aa.
plasmid_files_fasta/MH595533.1_results/PROKKA_10092018:MH595533.1_1 (length 48)
plasmid_files_fasta/MH595533.1_results/PROKKA_10092018:MH595533.1_3 (length 35)
plasmid_files_fasta/MH595533.1_results/PROKKA_10092018:MH595533.1_14 (length 39)

DiscRep_ALL:MISSING_GENOMEASSEMBLY_COMMENTS::1 bioseqs are missing GenomeAssembly structured comments
plasmid_files_fasta/MH595533.1_results/PROKKA_10092018:MH595533.1 (length 14873)

DiscRep_ALL:MOLTYPE_NOT_MRNA::1 molecule types are not set as mRNA.
plasmid_files_fasta/MH595533.1_results/PROKKA_10092018:MH595533.1 (length 14873)

DiscRep_ALL:TECHNIQUE_NOT_TSA::1 technique are not set as TSA
plasmid_files_fasta/MH595533.1_results/PROKKA_10092018:MH595533.1 (length 14873)

DiscRep_ALL:MISSING_STRUCTURED_COMMENT::1 sequences do not include structured comments.
plasmid_files_fasta/MH595533.1_results/PROKKA_10092018:MH595533.1 (length 14873)

DiscRep_ALL:MISSING_PROJECT::18 sequences do not include project.
plasmid_files_fasta/MH595533.1_results/PROKKA_10092018:MH595533.1 (length 14873)
plasmid_files_fasta/MH595533.1_results/PROKKA_10092018:MH595533.1_1 (length 48)
plasmid_files_fasta/MH595533.1_results/PROKKA_10092018:MH595533.1_2 (length 259)
plasmid_files_fasta/MH595533.1_results/PROKKA_10092018:MH595533.1_3 (length 35)
plasmid_files_fasta/MH595533.1_results/PROKKA_10092018:MH595533.1_4 (length 94)
plasmid_files_fasta/MH595533.1_results/PROKKA_10092018:MH595533.1_5 (length 709)
plasmid_files_fasta/MH595533.1_results/PROKKA_10092018:MH595533.1_6 (length 70)
plasmid_files_fasta/MH595533.1_results/PROKKA_10092018:MH595533.1_7 (length 68)
plasmid_files_fasta/MH595533.1_results/PROKKA_10092018:MH595533.1_8 (length 279)
plasmid_files_fasta/MH595533.1_results/PROKKA_10092018:MH595533.1_9 (length 283)
plasmid_files_fasta/MH595533.1_results/PROKKA_10092018:MH595533.1_10 (length 133)
plasmid_files_fasta/MH595533.1_results/PROKKA_10092018:MH595533.1_11 (length 100)
plasmid_files_fasta/MH595533.1_results/PROKKA_10092018:MH595533.1_12 (length 97)
plasmid_files_fasta/MH595533.1_results/PROKKA_10092018:MH595533.1_13 (length 93)
plasmid_files_fasta/MH595533.1_results/PROKKA_10092018:MH595533.1_14 (length 39)
plasmid_files_fasta/MH595533.1_results/PROKKA_10092018:MH595533.1_15 (length 185)
plasmid_files_fasta/MH595533.1_results/PROKKA_10092018:MH595533.1_16 (length 293)
plasmid_files_fasta/MH595533.1_results/PROKKA_10092018:MH595533.1_17 (length 279)

DiscRep_ALL:DISC_INCONSISTENT_MOLINFO_TECH::Molinfo Technique Report (some missing, all same)
DiscRep_SUB:DISC_INCONSISTENT_MOLINFO_TECH::technique (all missing)
DiscRep_SUB:DISC_INCONSISTENT_MOLINFO_TECH::1 Molinfos are missing field technique
plasmid_files_fasta/MH595533.1_results/PROKKA_10092018:MH595533.1 (length 14873)

