[15:19:51] This is prokka 1.14-dev
[15:19:51] Written by Torsten Seemann <torsten.seemann@gmail.com>
[15:19:51] Homepage is https://github.com/tseemann/prokka
[15:19:51] Local time is Tue Oct  9 15:19:51 2018
[15:19:51] You are christian
[15:19:51] Operating system is linux
[15:19:51] You have BioPerl 1.007002
[15:19:51] System has 20 cores.
[15:19:51] Will use maximum of 20 cores.
[15:19:51] Annotating as >>> Bacteria <<<
[15:19:51] Generating locus_tag from 'plasmid_files_fasta/CP023875.1.fasta' contents.
[15:19:51] Setting --locustag GJEMGMEC from MD5 03e606ec254705219c6a53a847e0fefa
[15:19:51] Creating new output folder: plasmid_files_fasta/CP023875.1_results
[15:19:51] Running: mkdir -p plasmid_files_fasta\/CP023875\.1_results
[15:19:51] Using filename prefix: PROKKA_10092018.XXX
[15:19:51] Setting HMMER_NCPU=1
[15:19:51] Writing log to: plasmid_files_fasta/CP023875.1_results/PROKKA_10092018.log
[15:19:51] Command: /home/christian/install/prokka/bin/prokka plasmid_files_fasta/CP023875.1.fasta --outdir plasmid_files_fasta/CP023875.1_results --cpus 20 --force
[15:19:51] Appending to PATH: /home/christian/install/prokka/bin/../binaries/linux
[15:19:51] Appending to PATH: /home/christian/install/prokka/bin/../binaries/linux/../common
[15:19:51] Appending to PATH: /home/christian/install/prokka/bin
[15:19:51] Looking for 'aragorn' - found /home/christian/install/prokka/bin/../binaries/linux/aragorn
[15:19:51] Determined aragorn version is 1.2
[15:19:51] Looking for 'blastp' - found /usr/bin/blastp
[15:19:51] Determined blastp version is 2.2
[15:19:51] Looking for 'cmpress' - found /usr/local/bin/cmpress
[15:19:51] Determined cmpress version is 1.1
[15:19:51] Looking for 'cmscan' - found /usr/local/bin/cmscan
[15:19:51] Determined cmscan version is 1.1
[15:19:51] Looking for 'egrep' - found /bin/egrep
[15:19:51] Looking for 'find' - found /usr/bin/find
[15:19:51] Looking for 'grep' - found /bin/grep
[15:19:51] Looking for 'hmmpress' - found /usr/local/bin/hmmpress
[15:19:51] Determined hmmpress version is 3.1
[15:19:51] Looking for 'hmmscan' - found /usr/local/bin/hmmscan
[15:19:51] Determined hmmscan version is 3.1
[15:19:51] Looking for 'java' - found /usr/bin/java
[15:19:51] Looking for 'less' - found /usr/bin/less
[15:19:51] Looking for 'makeblastdb' - found /usr/bin/makeblastdb
[15:19:51] Determined makeblastdb version is 2.2
[15:19:51] Looking for 'minced' - found /home/christian/install/prokka/bin/../binaries/linux/../common/minced
[15:19:51] Determined minced version is 2.0
[15:19:51] Looking for 'parallel' - found /usr/bin/parallel
[15:19:52] Determined parallel version is 20141022
[15:19:52] Looking for 'prodigal' - found /usr/local/bin/prodigal
[15:19:52] Determined prodigal version is 2.6
[15:19:52] Looking for 'prokka-genbank_to_fasta_db' - found /home/christian/install/prokka/bin/prokka-genbank_to_fasta_db
[15:19:52] Looking for 'sed' - found /bin/sed
[15:19:52] Looking for 'tbl2asn' - found /home/christian/install/prokka/bin/../binaries/linux/tbl2asn
[15:19:52] Determined tbl2asn version is 25.6
[15:19:52] Using genetic code table 11.
[15:19:52] Loading and checking input file: plasmid_files_fasta/CP023875.1.fasta
[15:19:52] Wrote 1 contigs totalling 262185 bp.
[15:19:52] Predicting tRNAs and tmRNAs
[15:19:52] Running: aragorn -l -gc11  -w plasmid_files_fasta\/CP023875\.1_results\/PROKKA_10092018\.fna
[15:19:52] Found 0 tRNAs
[15:19:52] Predicting Ribosomal RNAs
[15:19:52] You need either Barrnap or RNAmmer installed to predict rRNAs!
[15:19:52] Skipping ncRNA search, enable with --rfam if desired.
[15:19:52] Total of 0 tRNA + rRNA features
[15:19:52] Searching for CRISPR repeats
[15:19:52] Found 0 CRISPRs
[15:19:52] Predicting coding sequences
[15:19:52] Contigs total 262185 bp, so using single mode
[15:19:52] Running: prodigal -i plasmid_files_fasta\/CP023875\.1_results\/PROKKA_10092018\.fna -c -m -g 11 -p single -f sco -q
[15:19:52] Found 317 CDS
[15:19:52] Connecting features back to sequences
[15:19:52] Not using genus-specific database. Try --usegenus to enable it.
[15:19:52] Annotating CDS, please be patient.
[15:19:52] Will use 20 CPUs for similarity searching.
[15:19:52] There are still 317 unannotated CDS left (started with 317)
[15:19:52] Will use blast to search against /home/christian/install/prokka/db/kingdom/Bacteria/sprot with 20 CPUs
[15:19:52] Running: cat plasmid_files_fasta\/CP023875\.1_results\/sprot\.faa | parallel --gnu --plain -j 20 --block 1903 --recstart '>' --pipe blastp -query - -db /home/christian/install/prokka/db/kingdom/Bacteria/sprot -evalue 1e-06 -num_threads 1 -num_descriptions 1 -num_alignments 1 -seg no > plasmid_files_fasta\/CP023875\.1_results\/sprot\.blast 2> /dev/null
[15:19:54] Modify product: Protease HtpX homolog => Protease HtpX 
[15:19:54] Modify product: Probable copper-binding protein PcoE => putative copper-binding protein PcoE
[15:19:54] Modify product: UPF0401 protein YkfF => hypothetical protein
[15:19:54] Cleaned 3 /product names
[15:19:54] Deleting unwanted file: plasmid_files_fasta/CP023875.1_results/sprot.faa
[15:19:54] Deleting unwanted file: plasmid_files_fasta/CP023875.1_results/sprot.blast
[15:19:54] There are still 187 unannotated CDS left (started with 317)
[15:19:54] Will use hmmer3 to search against /home/christian/install/prokka/db/hmm/HAMAP.hmm with 20 CPUs
[15:19:54] Running: cat plasmid_files_fasta\/CP023875\.1_results\/HAMAP\.hmm\.faa | parallel --gnu --plain -j 20 --block 913 --recstart '>' --pipe hmmscan --noali --notextw --acc -E 1e-06 --cpu 1 /home/christian/install/prokka/db/hmm/HAMAP.hmm /dev/stdin > plasmid_files_fasta\/CP023875\.1_results\/HAMAP\.hmm\.hmmer3 2> /dev/null
[15:19:55] Deleting unwanted file: plasmid_files_fasta/CP023875.1_results/HAMAP.hmm.faa
[15:19:55] Deleting unwanted file: plasmid_files_fasta/CP023875.1_results/HAMAP.hmm.hmmer3
[15:19:55] Labelling remaining 186 proteins as 'hypothetical protein'
[15:19:55] Possible /pseudo 'Cation efflux system protein CusA' at CP023875.1 position 1237
[15:19:55] Possible /pseudo 'Cation efflux system protein CusA' at CP023875.1 position 1598
[15:19:55] Possible /pseudo 'Cation efflux system protein CusA' at CP023875.1 position 3091
[15:19:55] Possible /pseudo 'Sensor kinase CusS' at CP023875.1 position 7648
[15:19:55] Possible /pseudo 'Sensor kinase CusS' at CP023875.1 position 8550
[15:19:55] Possible /pseudo 'ATP-dependent zinc metalloprotease FtsH' at CP023875.1 position 126045
[15:19:55] Possible /pseudo 'Sensor kinase CusS' at CP023875.1 position 168036
[15:19:55] Possible /pseudo 'Sensor kinase CusS' at CP023875.1 position 168500
[15:19:55] Possible /pseudo 'L-cystine transport system permease protein YecS' at CP023875.1 position 248031
[15:19:55] Possible /pseudo 'Carbapenem-hydrolyzing beta-lactamase KPC' at CP023875.1 position 259099
[15:19:55] Possible /pseudo 'Insertion sequence IS5376 putative ATP-binding protein' at CP023875.1 position 260005
[15:19:55] Found 86 unique /gene codes.
[15:19:55] Fixed 6 duplicate /gene - cusA_1 cusA_2 cusA_3 cusA_4 cusA_5 cusA_6
[15:19:55] Fixed 3 duplicate /gene - silE_1 silE_2 silE_3
[15:19:55] Fixed 2 duplicate /gene - pinR_1 pinR_2
[15:19:55] Fixed 3 duplicate /gene - klcA_1 klcA_2 klcA_3
[15:19:55] Fixed 2 duplicate /gene - hin_1 hin_2
[15:19:55] Fixed 3 duplicate /gene - bla_1 bla_2 bla_3
[15:19:55] Fixed 2 duplicate /gene - ftsH_1 ftsH_2
[15:19:55] Fixed 5 duplicate /gene - umuC_1 umuC_2 umuC_3 umuC_4 umuC_5
[15:19:55] Fixed 2 duplicate /gene - cusB_1 cusB_2
[15:19:55] Fixed 2 duplicate /gene - cusC_1 cusC_2
[15:19:55] Fixed 2 duplicate /gene - cusF_1 cusF_2
[15:19:55] Fixed 2 duplicate /gene - cusR_1 cusR_2
[15:19:55] Fixed 2 duplicate /gene - hspA_1 hspA_2
[15:19:55] Fixed 7 duplicate /gene - cusS_1 cusS_2 cusS_3 cusS_4 cusS_5 cusS_6 cusS_7
[15:19:55] Fixed 2 duplicate /gene - yhdJ_1 yhdJ_2
[15:19:55] Fixed 4 duplicate /gene - xerD_1 xerD_2 xerD_3 xerD_4
[15:19:55] Fixed 2 duplicate /gene - traD_1 traD_2
[15:19:55] Fixed 2 duplicate /gene - traI_1 traI_2
[15:19:55] Fixed 3 duplicate /gene - umuD_1 umuD_2 umuD_3
[15:19:55] Fixed 2 duplicate /gene - yecS_1 yecS_2
[15:19:55] Fixed 20 colliding /gene names.
[15:19:55] Adding /locus_tag identifiers
[15:19:55] Assigned 317 locus_tags to CDS and RNA features.
[15:19:55] Writing outputs to plasmid_files_fasta/CP023875.1_results/
[15:19:55] Generating annotation statistics file
[15:19:55] Generating Genbank and Sequin files
[15:19:55] Running: tbl2asn -V b -a r10k -l paired-ends -M n -N 1 -y 'Annotated using prokka 1.14-dev from https://github.com/tseemann/prokka' -Z plasmid_files_fasta\/CP023875\.1_results\/PROKKA_10092018\.err -i plasmid_files_fasta\/CP023875\.1_results\/PROKKA_10092018\.fsa 2> /dev/null
[15:19:56] Deleting unwanted file: plasmid_files_fasta/CP023875.1_results/errorsummary.val
[15:19:56] Deleting unwanted file: plasmid_files_fasta/CP023875.1_results/PROKKA_10092018.dr
[15:19:56] Deleting unwanted file: plasmid_files_fasta/CP023875.1_results/PROKKA_10092018.fixedproducts
[15:19:56] Deleting unwanted file: plasmid_files_fasta/CP023875.1_results/PROKKA_10092018.ecn
[15:19:56] Deleting unwanted file: plasmid_files_fasta/CP023875.1_results/PROKKA_10092018.val
[15:19:56] Repairing broken .GBK output that tbl2asn produces...
[15:19:56] Running: sed 's/COORDINATES: profile/COORDINATES:profile/' < plasmid_files_fasta\/CP023875\.1_results\/PROKKA_10092018\.gbf > plasmid_files_fasta\/CP023875\.1_results\/PROKKA_10092018\.gbk
[15:19:56] Deleting unwanted file: plasmid_files_fasta/CP023875.1_results/PROKKA_10092018.gbf
[15:19:56] Output files:
[15:19:56] plasmid_files_fasta/CP023875.1_results/PROKKA_10092018.ffn
[15:19:56] plasmid_files_fasta/CP023875.1_results/PROKKA_10092018.tbl
[15:19:56] plasmid_files_fasta/CP023875.1_results/PROKKA_10092018.log
[15:19:56] plasmid_files_fasta/CP023875.1_results/PROKKA_10092018.fna
[15:19:56] plasmid_files_fasta/CP023875.1_results/PROKKA_10092018.fsa
[15:19:56] plasmid_files_fasta/CP023875.1_results/PROKKA_10092018.tsv
[15:19:56] plasmid_files_fasta/CP023875.1_results/PROKKA_10092018.faa
[15:19:56] plasmid_files_fasta/CP023875.1_results/PROKKA_10092018.gbk
[15:19:56] plasmid_files_fasta/CP023875.1_results/PROKKA_10092018.sqn
[15:19:56] plasmid_files_fasta/CP023875.1_results/PROKKA_10092018.err
[15:19:56] plasmid_files_fasta/CP023875.1_results/PROKKA_10092018.txt
[15:19:56] plasmid_files_fasta/CP023875.1_results/PROKKA_10092018.gff
[15:19:56] Annotation finished successfully.
[15:19:56] Walltime used: 0.08 minutes
[15:19:56] If you use this result please cite the Prokka paper:
[15:19:56] Seemann T (2014) Prokka: rapid prokaryotic genome annotation. Bioinformatics. 30(14):2068-9.
[15:19:56] Type 'prokka --citation' for more details.
[15:19:56] Share and enjoy!
