[15:22:44] This is prokka 1.14-dev
[15:22:44] Written by Torsten Seemann <torsten.seemann@gmail.com>
[15:22:44] Homepage is https://github.com/tseemann/prokka
[15:22:44] Local time is Tue Oct  9 15:22:44 2018
[15:22:44] You are christian
[15:22:44] Operating system is linux
[15:22:44] You have BioPerl 1.007002
[15:22:44] System has 20 cores.
[15:22:44] Will use maximum of 20 cores.
[15:22:44] Annotating as >>> Bacteria <<<
[15:22:44] Generating locus_tag from 'plasmid_files_fasta/CP026401.1.fasta' contents.
[15:22:44] Setting --locustag KMHLLMGB from MD5 4615560be138bd858df444cee4925646
[15:22:44] Creating new output folder: plasmid_files_fasta/CP026401.1_results
[15:22:44] Running: mkdir -p plasmid_files_fasta\/CP026401\.1_results
[15:22:44] Using filename prefix: PROKKA_10092018.XXX
[15:22:44] Setting HMMER_NCPU=1
[15:22:44] Writing log to: plasmid_files_fasta/CP026401.1_results/PROKKA_10092018.log
[15:22:44] Command: /home/christian/install/prokka/bin/prokka plasmid_files_fasta/CP026401.1.fasta --outdir plasmid_files_fasta/CP026401.1_results --cpus 20 --force
[15:22:44] Appending to PATH: /home/christian/install/prokka/bin/../binaries/linux
[15:22:44] Appending to PATH: /home/christian/install/prokka/bin/../binaries/linux/../common
[15:22:44] Appending to PATH: /home/christian/install/prokka/bin
[15:22:44] Looking for 'aragorn' - found /home/christian/install/prokka/bin/../binaries/linux/aragorn
[15:22:44] Determined aragorn version is 1.2
[15:22:44] Looking for 'blastp' - found /usr/bin/blastp
[15:22:44] Determined blastp version is 2.2
[15:22:44] Looking for 'cmpress' - found /usr/local/bin/cmpress
[15:22:44] Determined cmpress version is 1.1
[15:22:44] Looking for 'cmscan' - found /usr/local/bin/cmscan
[15:22:44] Determined cmscan version is 1.1
[15:22:44] Looking for 'egrep' - found /bin/egrep
[15:22:44] Looking for 'find' - found /usr/bin/find
[15:22:44] Looking for 'grep' - found /bin/grep
[15:22:44] Looking for 'hmmpress' - found /usr/local/bin/hmmpress
[15:22:44] Determined hmmpress version is 3.1
[15:22:44] Looking for 'hmmscan' - found /usr/local/bin/hmmscan
[15:22:44] Determined hmmscan version is 3.1
[15:22:44] Looking for 'java' - found /usr/bin/java
[15:22:44] Looking for 'less' - found /usr/bin/less
[15:22:44] Looking for 'makeblastdb' - found /usr/bin/makeblastdb
[15:22:44] Determined makeblastdb version is 2.2
[15:22:44] Looking for 'minced' - found /home/christian/install/prokka/bin/../binaries/linux/../common/minced
[15:22:44] Determined minced version is 2.0
[15:22:44] Looking for 'parallel' - found /usr/bin/parallel
[15:22:44] Determined parallel version is 20141022
[15:22:44] Looking for 'prodigal' - found /usr/local/bin/prodigal
[15:22:44] Determined prodigal version is 2.6
[15:22:44] Looking for 'prokka-genbank_to_fasta_db' - found /home/christian/install/prokka/bin/prokka-genbank_to_fasta_db
[15:22:44] Looking for 'sed' - found /bin/sed
[15:22:44] Looking for 'tbl2asn' - found /home/christian/install/prokka/bin/../binaries/linux/tbl2asn
[15:22:44] Determined tbl2asn version is 25.6
[15:22:44] Using genetic code table 11.
[15:22:44] Loading and checking input file: plasmid_files_fasta/CP026401.1.fasta
[15:22:44] Wrote 1 contigs totalling 20245 bp.
[15:22:44] Predicting tRNAs and tmRNAs
[15:22:44] Running: aragorn -l -gc11  -w plasmid_files_fasta\/CP026401\.1_results\/PROKKA_10092018\.fna
[15:22:44] Found 0 tRNAs
[15:22:44] Predicting Ribosomal RNAs
[15:22:44] You need either Barrnap or RNAmmer installed to predict rRNAs!
[15:22:44] Skipping ncRNA search, enable with --rfam if desired.
[15:22:44] Total of 0 tRNA + rRNA features
[15:22:44] Searching for CRISPR repeats
[15:22:44] Found 0 CRISPRs
[15:22:44] Predicting coding sequences
[15:22:44] Contigs total 20245 bp, so using meta mode
[15:22:44] Running: prodigal -i plasmid_files_fasta\/CP026401\.1_results\/PROKKA_10092018\.fna -c -m -g 11 -p meta -f sco -q
[15:22:44] Found 23 CDS
[15:22:44] Connecting features back to sequences
[15:22:44] Not using genus-specific database. Try --usegenus to enable it.
[15:22:44] Annotating CDS, please be patient.
[15:22:44] Will use 20 CPUs for similarity searching.
[15:22:44] There are still 23 unannotated CDS left (started with 23)
[15:22:44] Will use blast to search against /home/christian/install/prokka/db/kingdom/Bacteria/sprot with 20 CPUs
[15:22:44] Running: cat plasmid_files_fasta\/CP026401\.1_results\/sprot\.faa | parallel --gnu --plain -j 20 --block 138 --recstart '>' --pipe blastp -query - -db /home/christian/install/prokka/db/kingdom/Bacteria/sprot -evalue 1e-06 -num_threads 1 -num_descriptions 1 -num_alignments 1 -seg no > plasmid_files_fasta\/CP026401\.1_results\/sprot\.blast 2> /dev/null
[15:22:45] Modify product: Probable endoribonuclease MazF => putative endoribonuclease MazF
[15:22:45] Cleaned 1 /product names
[15:22:45] Deleting unwanted file: plasmid_files_fasta/CP026401.1_results/sprot.faa
[15:22:45] Deleting unwanted file: plasmid_files_fasta/CP026401.1_results/sprot.blast
[15:22:45] There are still 18 unannotated CDS left (started with 23)
[15:22:45] Will use hmmer3 to search against /home/christian/install/prokka/db/hmm/HAMAP.hmm with 20 CPUs
[15:22:45] Running: cat plasmid_files_fasta\/CP026401\.1_results\/HAMAP\.hmm\.faa | parallel --gnu --plain -j 20 --block 113 --recstart '>' --pipe hmmscan --noali --notextw --acc -E 1e-06 --cpu 1 /home/christian/install/prokka/db/hmm/HAMAP.hmm /dev/stdin > plasmid_files_fasta\/CP026401\.1_results\/HAMAP\.hmm\.hmmer3 2> /dev/null
[15:22:45] Deleting unwanted file: plasmid_files_fasta/CP026401.1_results/HAMAP.hmm.faa
[15:22:45] Deleting unwanted file: plasmid_files_fasta/CP026401.1_results/HAMAP.hmm.hmmer3
[15:22:45] Labelling remaining 18 proteins as 'hypothetical protein'
[15:22:45] Found 5 unique /gene codes.
[15:22:45] Fixed 0 colliding /gene names.
[15:22:45] Adding /locus_tag identifiers
[15:22:45] Assigned 23 locus_tags to CDS and RNA features.
[15:22:45] Writing outputs to plasmid_files_fasta/CP026401.1_results/
[15:22:45] Generating annotation statistics file
[15:22:45] Generating Genbank and Sequin files
[15:22:45] Running: tbl2asn -V b -a r10k -l paired-ends -M n -N 1 -y 'Annotated using prokka 1.14-dev from https://github.com/tseemann/prokka' -Z plasmid_files_fasta\/CP026401\.1_results\/PROKKA_10092018\.err -i plasmid_files_fasta\/CP026401\.1_results\/PROKKA_10092018\.fsa 2> /dev/null
[15:22:46] Deleting unwanted file: plasmid_files_fasta/CP026401.1_results/errorsummary.val
[15:22:46] Deleting unwanted file: plasmid_files_fasta/CP026401.1_results/PROKKA_10092018.dr
[15:22:46] Deleting unwanted file: plasmid_files_fasta/CP026401.1_results/PROKKA_10092018.fixedproducts
[15:22:46] Deleting unwanted file: plasmid_files_fasta/CP026401.1_results/PROKKA_10092018.ecn
[15:22:46] Deleting unwanted file: plasmid_files_fasta/CP026401.1_results/PROKKA_10092018.val
[15:22:46] Repairing broken .GBK output that tbl2asn produces...
[15:22:46] Running: sed 's/COORDINATES: profile/COORDINATES:profile/' < plasmid_files_fasta\/CP026401\.1_results\/PROKKA_10092018\.gbf > plasmid_files_fasta\/CP026401\.1_results\/PROKKA_10092018\.gbk
[15:22:46] Deleting unwanted file: plasmid_files_fasta/CP026401.1_results/PROKKA_10092018.gbf
[15:22:46] Output files:
[15:22:46] plasmid_files_fasta/CP026401.1_results/PROKKA_10092018.ffn
[15:22:46] plasmid_files_fasta/CP026401.1_results/PROKKA_10092018.tbl
[15:22:46] plasmid_files_fasta/CP026401.1_results/PROKKA_10092018.log
[15:22:46] plasmid_files_fasta/CP026401.1_results/PROKKA_10092018.fna
[15:22:46] plasmid_files_fasta/CP026401.1_results/PROKKA_10092018.fsa
[15:22:46] plasmid_files_fasta/CP026401.1_results/PROKKA_10092018.tsv
[15:22:46] plasmid_files_fasta/CP026401.1_results/PROKKA_10092018.faa
[15:22:46] plasmid_files_fasta/CP026401.1_results/PROKKA_10092018.gbk
[15:22:46] plasmid_files_fasta/CP026401.1_results/PROKKA_10092018.sqn
[15:22:46] plasmid_files_fasta/CP026401.1_results/PROKKA_10092018.err
[15:22:46] plasmid_files_fasta/CP026401.1_results/PROKKA_10092018.txt
[15:22:46] plasmid_files_fasta/CP026401.1_results/PROKKA_10092018.gff
[15:22:46] Annotation finished successfully.
[15:22:46] Walltime used: 0.03 minutes
[15:22:46] If you use this result please cite the Prokka paper:
[15:22:46] Seemann T (2014) Prokka: rapid prokaryotic genome annotation. Bioinformatics. 30(14):2068-9.
[15:22:46] Type 'prokka --citation' for more details.
[15:22:46] Thank you, come again.
