Discrepancy Report Results

Summary
FATAL: MISSING_PROTEIN_ID:13 proteins have invalid IDs.
DISC_SOURCE_QUALS_ASNDISC:strain (all present, all unique)
DISC_SOURCE_QUALS_ASNDISC:taxname (all present, all unique)
DISC_FEATURE_COUNT:CDS: 13 present
DISC_COUNT_NUCLEOTIDES:1 nucleotide Bioseqs are present
FEATURE_LOCATION_CONFLICT:13 features have inconsistent gene locations.
DISC_QUALITY_SCORES:Quality scores are missing on all sequences.
ONCALLER_COMMENT_PRESENT:1 comment descriptors were found (all same)
MISSING_GENOMEASSEMBLY_COMMENTS:1 bioseqs are missing GenomeAssembly structured comments
MOLTYPE_NOT_MRNA:1 molecule types are not set as mRNA.
TECHNIQUE_NOT_TSA:1 technique are not set as TSA
MISSING_STRUCTURED_COMMENT:1 sequences do not include structured comments.
MISSING_PROJECT:14 sequences do not include project.
DISC_INCONSISTENT_MOLINFO_TECH:Molinfo Technique Report (some missing, all same)


Detailed Report

FATAL: DiscRep_ALL:MISSING_PROTEIN_ID::13 proteins have invalid IDs.
plasmid_files_fasta/MH133192.1_results/PROKKA_10092018:MH133192.1_1 (length 143)
plasmid_files_fasta/MH133192.1_results/PROKKA_10092018:MH133192.1_2 (length 813)
plasmid_files_fasta/MH133192.1_results/PROKKA_10092018:MH133192.1_3 (length 287)
plasmid_files_fasta/MH133192.1_results/PROKKA_10092018:MH133192.1_4 (length 293)
plasmid_files_fasta/MH133192.1_results/PROKKA_10092018:MH133192.1_5 (length 83)
plasmid_files_fasta/MH133192.1_results/PROKKA_10092018:MH133192.1_6 (length 218)
plasmid_files_fasta/MH133192.1_results/PROKKA_10092018:MH133192.1_7 (length 141)
plasmid_files_fasta/MH133192.1_results/PROKKA_10092018:MH133192.1_8 (length 51)
plasmid_files_fasta/MH133192.1_results/PROKKA_10092018:MH133192.1_9 (length 98)
plasmid_files_fasta/MH133192.1_results/PROKKA_10092018:MH133192.1_10 (length 326)
plasmid_files_fasta/MH133192.1_results/PROKKA_10092018:MH133192.1_11 (length 293)
plasmid_files_fasta/MH133192.1_results/PROKKA_10092018:MH133192.1_12 (length 342)
plasmid_files_fasta/MH133192.1_results/PROKKA_10092018:MH133192.1_13 (length 192)

DiscRep_ALL:DISC_SOURCE_QUALS_ASNDISC::strain (all present, all unique)
DiscRep_SUB:DISC_SOURCE_QUALS_ASNDISC::1 sources have unique values for strain
DiscRep_ALL:DISC_SOURCE_QUALS_ASNDISC::taxname (all present, all unique)
DiscRep_SUB:DISC_SOURCE_QUALS_ASNDISC::1 sources have unique values for taxname
DiscRep_ALL:DISC_FEATURE_COUNT::CDS: 13 present
DiscRep_ALL:DISC_COUNT_NUCLEOTIDES::1 nucleotide Bioseqs are present
plasmid_files_fasta/MH133192.1_results/PROKKA_10092018:MH133192.1 (length 12748)

DiscRep_ALL:FEATURE_LOCATION_CONFLICT::13 features have inconsistent gene locations.
DiscRep_SUB:FEATURE_LOCATION_CONFLICT::Coding region xref gene does not exist
plasmid_files_fasta/MH133192.1_results/PROKKA_10092018:CDS	hypothetical protein	MH133192.1:694-1125	ADHDEBJI_00001

DiscRep_SUB:FEATURE_LOCATION_CONFLICT::Coding region xref gene does not exist
plasmid_files_fasta/MH133192.1_results/PROKKA_10092018:CDS	hypothetical protein	MH133192.1:1109-3550	ADHDEBJI_00002

DiscRep_SUB:FEATURE_LOCATION_CONFLICT::Coding region xref gene does not exist
plasmid_files_fasta/MH133192.1_results/PROKKA_10092018:CDS	Regulatory protein RepA	MH133192.1:3621-4484	ADHDEBJI_00003

DiscRep_SUB:FEATURE_LOCATION_CONFLICT::Coding region xref gene does not exist
plasmid_files_fasta/MH133192.1_results/PROKKA_10092018:CDS	hypothetical protein	MH133192.1:4471-5352	ADHDEBJI_00004

DiscRep_SUB:FEATURE_LOCATION_CONFLICT::Coding region xref gene does not exist
plasmid_files_fasta/MH133192.1_results/PROKKA_10092018:CDS	hypothetical protein	MH133192.1:5342-5593	ADHDEBJI_00005

DiscRep_SUB:FEATURE_LOCATION_CONFLICT::Coding region xref gene does not exist
plasmid_files_fasta/MH133192.1_results/PROKKA_10092018:CDS	Pentapeptide repeat protein	MH133192.1:c6552-5896	ADHDEBJI_00006

DiscRep_SUB:FEATURE_LOCATION_CONFLICT::Coding region xref gene does not exist
plasmid_files_fasta/MH133192.1_results/PROKKA_10092018:CDS	Antirestriction protein KlcA	MH133192.1:7223-7648	ADHDEBJI_00007

DiscRep_SUB:FEATURE_LOCATION_CONFLICT::Coding region xref gene does not exist
plasmid_files_fasta/MH133192.1_results/PROKKA_10092018:CDS	hypothetical protein	MH133192.1:7776-7931	ADHDEBJI_00008

DiscRep_SUB:FEATURE_LOCATION_CONFLICT::Coding region xref gene does not exist
plasmid_files_fasta/MH133192.1_results/PROKKA_10092018:CDS	hypothetical protein	MH133192.1:7977-8273	ADHDEBJI_00009

DiscRep_SUB:FEATURE_LOCATION_CONFLICT::Coding region xref gene does not exist
plasmid_files_fasta/MH133192.1_results/PROKKA_10092018:CDS	hypothetical protein	MH133192.1:8278-9258	ADHDEBJI_00010

DiscRep_SUB:FEATURE_LOCATION_CONFLICT::Coding region xref gene does not exist
plasmid_files_fasta/MH133192.1_results/PROKKA_10092018:CDS	Carbapenem-hydrolyzing beta-lactamase KPC	MH133192.1:c10389-9508	ADHDEBJI_00011

DiscRep_SUB:FEATURE_LOCATION_CONFLICT::Coding region xref gene does not exist
plasmid_files_fasta/MH133192.1_results/PROKKA_10092018:CDS	hypothetical protein	MH133192.1:c11849-10821	ADHDEBJI_00012

DiscRep_SUB:FEATURE_LOCATION_CONFLICT::Coding region xref gene does not exist
plasmid_files_fasta/MH133192.1_results/PROKKA_10092018:CDS	hypothetical protein	MH133192.1:c12685-12107	ADHDEBJI_00013

DiscRep_ALL:DISC_QUALITY_SCORES::Quality scores are missing on all sequences.

DiscRep_ALL:ONCALLER_COMMENT_PRESENT::1 comment descriptors were found (all same)
plasmid_files_fasta/MH133192.1_results/PROKKA_10092018:MH133192.1:Annotated using prokka 1.14-dev from https://github.com/tseemann/prokka

DiscRep_ALL:MISSING_GENOMEASSEMBLY_COMMENTS::1 bioseqs are missing GenomeAssembly structured comments
plasmid_files_fasta/MH133192.1_results/PROKKA_10092018:MH133192.1 (length 12748)

DiscRep_ALL:MOLTYPE_NOT_MRNA::1 molecule types are not set as mRNA.
plasmid_files_fasta/MH133192.1_results/PROKKA_10092018:MH133192.1 (length 12748)

DiscRep_ALL:TECHNIQUE_NOT_TSA::1 technique are not set as TSA
plasmid_files_fasta/MH133192.1_results/PROKKA_10092018:MH133192.1 (length 12748)

DiscRep_ALL:MISSING_STRUCTURED_COMMENT::1 sequences do not include structured comments.
plasmid_files_fasta/MH133192.1_results/PROKKA_10092018:MH133192.1 (length 12748)

DiscRep_ALL:MISSING_PROJECT::14 sequences do not include project.
plasmid_files_fasta/MH133192.1_results/PROKKA_10092018:MH133192.1 (length 12748)
plasmid_files_fasta/MH133192.1_results/PROKKA_10092018:MH133192.1_1 (length 143)
plasmid_files_fasta/MH133192.1_results/PROKKA_10092018:MH133192.1_2 (length 813)
plasmid_files_fasta/MH133192.1_results/PROKKA_10092018:MH133192.1_3 (length 287)
plasmid_files_fasta/MH133192.1_results/PROKKA_10092018:MH133192.1_4 (length 293)
plasmid_files_fasta/MH133192.1_results/PROKKA_10092018:MH133192.1_5 (length 83)
plasmid_files_fasta/MH133192.1_results/PROKKA_10092018:MH133192.1_6 (length 218)
plasmid_files_fasta/MH133192.1_results/PROKKA_10092018:MH133192.1_7 (length 141)
plasmid_files_fasta/MH133192.1_results/PROKKA_10092018:MH133192.1_8 (length 51)
plasmid_files_fasta/MH133192.1_results/PROKKA_10092018:MH133192.1_9 (length 98)
plasmid_files_fasta/MH133192.1_results/PROKKA_10092018:MH133192.1_10 (length 326)
plasmid_files_fasta/MH133192.1_results/PROKKA_10092018:MH133192.1_11 (length 293)
plasmid_files_fasta/MH133192.1_results/PROKKA_10092018:MH133192.1_12 (length 342)
plasmid_files_fasta/MH133192.1_results/PROKKA_10092018:MH133192.1_13 (length 192)

DiscRep_ALL:DISC_INCONSISTENT_MOLINFO_TECH::Molinfo Technique Report (some missing, all same)
DiscRep_SUB:DISC_INCONSISTENT_MOLINFO_TECH::technique (all missing)
DiscRep_SUB:DISC_INCONSISTENT_MOLINFO_TECH::1 Molinfos are missing field technique
plasmid_files_fasta/MH133192.1_results/PROKKA_10092018:MH133192.1 (length 12748)

